[2021-06-21 19:00:29,688] {scheduler_job.py:182} INFO - Started process (PID=126) to work on /home/airflow/.local/lib/python3.6/site-packages/airflow/example_dags/example_xcomargs.py
[2021-06-21 19:00:29,689] {scheduler_job.py:633} INFO - Processing file /home/airflow/.local/lib/python3.6/site-packages/airflow/example_dags/example_xcomargs.py for tasks to queue
[2021-06-21 19:00:29,689] {logging_mixin.py:104} INFO - [2021-06-21 19:00:29,689] {dagbag.py:487} INFO - Filling up the DagBag from /home/airflow/.local/lib/python3.6/site-packages/airflow/example_dags/example_xcomargs.py
[2021-06-21 19:00:29,710] {scheduler_job.py:643} INFO - DAG(s) dict_keys(['example_xcom_args', 'example_xcom_args_with_operators']) retrieved from /home/airflow/.local/lib/python3.6/site-packages/airflow/example_dags/example_xcomargs.py
[2021-06-21 19:00:32,226] {logging_mixin.py:104} INFO - [2021-06-21 19:00:32,224] {dag.py:1832} INFO - Sync 2 DAGs
[2021-06-21 19:00:32,238] {logging_mixin.py:104} INFO - [2021-06-21 19:00:32,236] {dag.py:1851} INFO - Creating ORM DAG for example_xcom_args
[2021-06-21 19:00:32,238] {logging_mixin.py:104} INFO - [2021-06-21 19:00:32,238] {dag.py:1851} INFO - Creating ORM DAG for example_xcom_args_with_operators
[2021-06-21 19:00:32,243] {logging_mixin.py:104} INFO - [2021-06-21 19:00:32,243] {dag.py:2305} INFO - Setting next_dagrun for example_xcom_args to None
[2021-06-21 19:00:32,244] {logging_mixin.py:104} INFO - [2021-06-21 19:00:32,244] {dag.py:2305} INFO - Setting next_dagrun for example_xcom_args_with_operators to None
[2021-06-21 19:00:32,255] {scheduler_job.py:190} INFO - Processing /home/airflow/.local/lib/python3.6/site-packages/airflow/example_dags/example_xcomargs.py took 2.570 seconds
[2021-06-21 19:01:02,792] {scheduler_job.py:182} INFO - Started process (PID=199) to work on /home/airflow/.local/lib/python3.6/site-packages/airflow/example_dags/example_xcomargs.py
[2021-06-21 19:01:02,794] {scheduler_job.py:633} INFO - Processing file /home/airflow/.local/lib/python3.6/site-packages/airflow/example_dags/example_xcomargs.py for tasks to queue
[2021-06-21 19:01:02,796] {logging_mixin.py:104} INFO - [2021-06-21 19:01:02,795] {dagbag.py:487} INFO - Filling up the DagBag from /home/airflow/.local/lib/python3.6/site-packages/airflow/example_dags/example_xcomargs.py
[2021-06-21 19:01:02,823] {scheduler_job.py:643} INFO - DAG(s) dict_keys(['example_xcom_args', 'example_xcom_args_with_operators']) retrieved from /home/airflow/.local/lib/python3.6/site-packages/airflow/example_dags/example_xcomargs.py
[2021-06-21 19:01:03,040] {logging_mixin.py:104} INFO - [2021-06-21 19:01:03,040] {dag.py:1832} INFO - Sync 2 DAGs
[2021-06-21 19:01:03,052] {logging_mixin.py:104} INFO - [2021-06-21 19:01:03,052] {dag.py:2305} INFO - Setting next_dagrun for example_xcom_args to None
[2021-06-21 19:01:03,053] {logging_mixin.py:104} INFO - [2021-06-21 19:01:03,053] {dag.py:2305} INFO - Setting next_dagrun for example_xcom_args_with_operators to None
[2021-06-21 19:01:03,062] {scheduler_job.py:190} INFO - Processing /home/airflow/.local/lib/python3.6/site-packages/airflow/example_dags/example_xcomargs.py took 0.279 seconds
[2021-06-21 19:01:33,851] {scheduler_job.py:182} INFO - Started process (PID=279) to work on /home/airflow/.local/lib/python3.6/site-packages/airflow/example_dags/example_xcomargs.py
[2021-06-21 19:01:33,854] {scheduler_job.py:633} INFO - Processing file /home/airflow/.local/lib/python3.6/site-packages/airflow/example_dags/example_xcomargs.py for tasks to queue
[2021-06-21 19:01:33,856] {logging_mixin.py:104} INFO - [2021-06-21 19:01:33,855] {dagbag.py:487} INFO - Filling up the DagBag from /home/airflow/.local/lib/python3.6/site-packages/airflow/example_dags/example_xcomargs.py
[2021-06-21 19:01:33,937] {scheduler_job.py:643} INFO - DAG(s) dict_keys(['example_xcom_args', 'example_xcom_args_with_operators']) retrieved from /home/airflow/.local/lib/python3.6/site-packages/airflow/example_dags/example_xcomargs.py
[2021-06-21 19:01:34,199] {logging_mixin.py:104} INFO - [2021-06-21 19:01:34,199] {dag.py:1832} INFO - Sync 2 DAGs
[2021-06-21 19:01:34,211] {logging_mixin.py:104} INFO - [2021-06-21 19:01:34,211] {dag.py:2305} INFO - Setting next_dagrun for example_xcom_args to None
[2021-06-21 19:01:34,211] {logging_mixin.py:104} INFO - [2021-06-21 19:01:34,211] {dag.py:2305} INFO - Setting next_dagrun for example_xcom_args_with_operators to None
[2021-06-21 19:01:34,220] {scheduler_job.py:190} INFO - Processing /home/airflow/.local/lib/python3.6/site-packages/airflow/example_dags/example_xcomargs.py took 0.378 seconds
[2021-06-21 19:02:05,103] {scheduler_job.py:182} INFO - Started process (PID=353) to work on /home/airflow/.local/lib/python3.6/site-packages/airflow/example_dags/example_xcomargs.py
[2021-06-21 19:02:05,104] {scheduler_job.py:633} INFO - Processing file /home/airflow/.local/lib/python3.6/site-packages/airflow/example_dags/example_xcomargs.py for tasks to queue
[2021-06-21 19:02:05,105] {logging_mixin.py:104} INFO - [2021-06-21 19:02:05,105] {dagbag.py:487} INFO - Filling up the DagBag from /home/airflow/.local/lib/python3.6/site-packages/airflow/example_dags/example_xcomargs.py
[2021-06-21 19:02:05,130] {scheduler_job.py:643} INFO - DAG(s) dict_keys(['example_xcom_args', 'example_xcom_args_with_operators']) retrieved from /home/airflow/.local/lib/python3.6/site-packages/airflow/example_dags/example_xcomargs.py
[2021-06-21 19:02:05,380] {logging_mixin.py:104} INFO - [2021-06-21 19:02:05,380] {dag.py:1832} INFO - Sync 2 DAGs
[2021-06-21 19:02:05,392] {logging_mixin.py:104} INFO - [2021-06-21 19:02:05,392] {dag.py:2305} INFO - Setting next_dagrun for example_xcom_args to None
[2021-06-21 19:02:05,392] {logging_mixin.py:104} INFO - [2021-06-21 19:02:05,392] {dag.py:2305} INFO - Setting next_dagrun for example_xcom_args_with_operators to None
[2021-06-21 19:02:05,430] {scheduler_job.py:190} INFO - Processing /home/airflow/.local/lib/python3.6/site-packages/airflow/example_dags/example_xcomargs.py took 0.330 seconds
[2021-06-21 19:02:36,281] {scheduler_job.py:182} INFO - Started process (PID=424) to work on /home/airflow/.local/lib/python3.6/site-packages/airflow/example_dags/example_xcomargs.py
[2021-06-21 19:02:36,283] {scheduler_job.py:633} INFO - Processing file /home/airflow/.local/lib/python3.6/site-packages/airflow/example_dags/example_xcomargs.py for tasks to queue
[2021-06-21 19:02:36,285] {logging_mixin.py:104} INFO - [2021-06-21 19:02:36,284] {dagbag.py:487} INFO - Filling up the DagBag from /home/airflow/.local/lib/python3.6/site-packages/airflow/example_dags/example_xcomargs.py
[2021-06-21 19:02:36,315] {scheduler_job.py:643} INFO - DAG(s) dict_keys(['example_xcom_args', 'example_xcom_args_with_operators']) retrieved from /home/airflow/.local/lib/python3.6/site-packages/airflow/example_dags/example_xcomargs.py
[2021-06-21 19:02:36,522] {logging_mixin.py:104} INFO - [2021-06-21 19:02:36,522] {dag.py:1832} INFO - Sync 2 DAGs
[2021-06-21 19:02:36,533] {logging_mixin.py:104} INFO - [2021-06-21 19:02:36,533] {dag.py:2305} INFO - Setting next_dagrun for example_xcom_args to None
[2021-06-21 19:02:36,533] {logging_mixin.py:104} INFO - [2021-06-21 19:02:36,533] {dag.py:2305} INFO - Setting next_dagrun for example_xcom_args_with_operators to None
[2021-06-21 19:02:36,568] {scheduler_job.py:190} INFO - Processing /home/airflow/.local/lib/python3.6/site-packages/airflow/example_dags/example_xcomargs.py took 0.294 seconds
[2021-06-21 19:03:06,914] {scheduler_job.py:182} INFO - Started process (PID=507) to work on /home/airflow/.local/lib/python3.6/site-packages/airflow/example_dags/example_xcomargs.py
[2021-06-21 19:03:06,917] {scheduler_job.py:633} INFO - Processing file /home/airflow/.local/lib/python3.6/site-packages/airflow/example_dags/example_xcomargs.py for tasks to queue
[2021-06-21 19:03:06,920] {logging_mixin.py:104} INFO - [2021-06-21 19:03:06,920] {dagbag.py:487} INFO - Filling up the DagBag from /home/airflow/.local/lib/python3.6/site-packages/airflow/example_dags/example_xcomargs.py
[2021-06-21 19:03:06,979] {scheduler_job.py:643} INFO - DAG(s) dict_keys(['example_xcom_args', 'example_xcom_args_with_operators']) retrieved from /home/airflow/.local/lib/python3.6/site-packages/airflow/example_dags/example_xcomargs.py
[2021-06-21 19:03:07,013] {logging_mixin.py:104} INFO - [2021-06-21 19:03:07,013] {dag.py:1832} INFO - Sync 2 DAGs
[2021-06-21 19:03:07,026] {logging_mixin.py:104} INFO - [2021-06-21 19:03:07,026] {dag.py:2305} INFO - Setting next_dagrun for example_xcom_args to None
[2021-06-21 19:03:07,027] {logging_mixin.py:104} INFO - [2021-06-21 19:03:07,027] {dag.py:2305} INFO - Setting next_dagrun for example_xcom_args_with_operators to None
[2021-06-21 19:03:07,059] {scheduler_job.py:190} INFO - Processing /home/airflow/.local/lib/python3.6/site-packages/airflow/example_dags/example_xcomargs.py took 0.156 seconds
[2021-06-21 19:03:37,144] {scheduler_job.py:182} INFO - Started process (PID=571) to work on /home/airflow/.local/lib/python3.6/site-packages/airflow/example_dags/example_xcomargs.py
[2021-06-21 19:03:37,145] {scheduler_job.py:633} INFO - Processing file /home/airflow/.local/lib/python3.6/site-packages/airflow/example_dags/example_xcomargs.py for tasks to queue
[2021-06-21 19:03:37,145] {logging_mixin.py:104} INFO - [2021-06-21 19:03:37,145] {dagbag.py:487} INFO - Filling up the DagBag from /home/airflow/.local/lib/python3.6/site-packages/airflow/example_dags/example_xcomargs.py
[2021-06-21 19:03:37,162] {scheduler_job.py:643} INFO - DAG(s) dict_keys(['example_xcom_args', 'example_xcom_args_with_operators']) retrieved from /home/airflow/.local/lib/python3.6/site-packages/airflow/example_dags/example_xcomargs.py
[2021-06-21 19:03:37,382] {logging_mixin.py:104} INFO - [2021-06-21 19:03:37,382] {dag.py:1832} INFO - Sync 2 DAGs
[2021-06-21 19:03:37,394] {logging_mixin.py:104} INFO - [2021-06-21 19:03:37,394] {dag.py:2305} INFO - Setting next_dagrun for example_xcom_args to None
[2021-06-21 19:03:37,395] {logging_mixin.py:104} INFO - [2021-06-21 19:03:37,395] {dag.py:2305} INFO - Setting next_dagrun for example_xcom_args_with_operators to None
[2021-06-21 19:03:37,461] {scheduler_job.py:190} INFO - Processing /home/airflow/.local/lib/python3.6/site-packages/airflow/example_dags/example_xcomargs.py took 0.319 seconds
[2021-06-21 19:04:08,304] {scheduler_job.py:182} INFO - Started process (PID=652) to work on /home/airflow/.local/lib/python3.6/site-packages/airflow/example_dags/example_xcomargs.py
[2021-06-21 19:04:08,305] {scheduler_job.py:633} INFO - Processing file /home/airflow/.local/lib/python3.6/site-packages/airflow/example_dags/example_xcomargs.py for tasks to queue
[2021-06-21 19:04:08,306] {logging_mixin.py:104} INFO - [2021-06-21 19:04:08,306] {dagbag.py:487} INFO - Filling up the DagBag from /home/airflow/.local/lib/python3.6/site-packages/airflow/example_dags/example_xcomargs.py
[2021-06-21 19:04:08,330] {scheduler_job.py:643} INFO - DAG(s) dict_keys(['example_xcom_args', 'example_xcom_args_with_operators']) retrieved from /home/airflow/.local/lib/python3.6/site-packages/airflow/example_dags/example_xcomargs.py
[2021-06-21 19:04:08,561] {logging_mixin.py:104} INFO - [2021-06-21 19:04:08,561] {dag.py:1832} INFO - Sync 2 DAGs
[2021-06-21 19:04:08,572] {logging_mixin.py:104} INFO - [2021-06-21 19:04:08,572] {dag.py:2305} INFO - Setting next_dagrun for example_xcom_args to None
[2021-06-21 19:04:08,573] {logging_mixin.py:104} INFO - [2021-06-21 19:04:08,572] {dag.py:2305} INFO - Setting next_dagrun for example_xcom_args_with_operators to None
[2021-06-21 19:04:08,602] {scheduler_job.py:190} INFO - Processing /home/airflow/.local/lib/python3.6/site-packages/airflow/example_dags/example_xcomargs.py took 0.301 seconds
[2021-06-21 19:04:39,439] {scheduler_job.py:182} INFO - Started process (PID=724) to work on /home/airflow/.local/lib/python3.6/site-packages/airflow/example_dags/example_xcomargs.py
[2021-06-21 19:04:39,439] {scheduler_job.py:633} INFO - Processing file /home/airflow/.local/lib/python3.6/site-packages/airflow/example_dags/example_xcomargs.py for tasks to queue
[2021-06-21 19:04:39,440] {logging_mixin.py:104} INFO - [2021-06-21 19:04:39,440] {dagbag.py:487} INFO - Filling up the DagBag from /home/airflow/.local/lib/python3.6/site-packages/airflow/example_dags/example_xcomargs.py
[2021-06-21 19:04:39,457] {scheduler_job.py:643} INFO - DAG(s) dict_keys(['example_xcom_args', 'example_xcom_args_with_operators']) retrieved from /home/airflow/.local/lib/python3.6/site-packages/airflow/example_dags/example_xcomargs.py
[2021-06-21 19:04:39,655] {logging_mixin.py:104} INFO - [2021-06-21 19:04:39,655] {dag.py:1832} INFO - Sync 2 DAGs
[2021-06-21 19:04:39,667] {logging_mixin.py:104} INFO - [2021-06-21 19:04:39,667] {dag.py:2305} INFO - Setting next_dagrun for example_xcom_args to None
[2021-06-21 19:04:39,668] {logging_mixin.py:104} INFO - [2021-06-21 19:04:39,668] {dag.py:2305} INFO - Setting next_dagrun for example_xcom_args_with_operators to None
[2021-06-21 19:04:39,677] {scheduler_job.py:190} INFO - Processing /home/airflow/.local/lib/python3.6/site-packages/airflow/example_dags/example_xcomargs.py took 0.241 seconds
[2021-06-21 19:05:10,606] {scheduler_job.py:182} INFO - Started process (PID=798) to work on /home/airflow/.local/lib/python3.6/site-packages/airflow/example_dags/example_xcomargs.py
[2021-06-21 19:05:10,609] {scheduler_job.py:633} INFO - Processing file /home/airflow/.local/lib/python3.6/site-packages/airflow/example_dags/example_xcomargs.py for tasks to queue
[2021-06-21 19:05:10,611] {logging_mixin.py:104} INFO - [2021-06-21 19:05:10,610] {dagbag.py:487} INFO - Filling up the DagBag from /home/airflow/.local/lib/python3.6/site-packages/airflow/example_dags/example_xcomargs.py
[2021-06-21 19:05:10,646] {scheduler_job.py:643} INFO - DAG(s) dict_keys(['example_xcom_args', 'example_xcom_args_with_operators']) retrieved from /home/airflow/.local/lib/python3.6/site-packages/airflow/example_dags/example_xcomargs.py
[2021-06-21 19:05:10,806] {logging_mixin.py:104} INFO - [2021-06-21 19:05:10,806] {dag.py:1832} INFO - Sync 2 DAGs
[2021-06-21 19:05:10,816] {logging_mixin.py:104} INFO - [2021-06-21 19:05:10,816] {dag.py:2305} INFO - Setting next_dagrun for example_xcom_args to None
[2021-06-21 19:05:10,816] {logging_mixin.py:104} INFO - [2021-06-21 19:05:10,816] {dag.py:2305} INFO - Setting next_dagrun for example_xcom_args_with_operators to None
[2021-06-21 19:05:10,824] {scheduler_job.py:190} INFO - Processing /home/airflow/.local/lib/python3.6/site-packages/airflow/example_dags/example_xcomargs.py took 0.227 seconds
[2021-06-21 19:05:41,217] {scheduler_job.py:182} INFO - Started process (PID=878) to work on /home/airflow/.local/lib/python3.6/site-packages/airflow/example_dags/example_xcomargs.py
[2021-06-21 19:05:41,217] {scheduler_job.py:633} INFO - Processing file /home/airflow/.local/lib/python3.6/site-packages/airflow/example_dags/example_xcomargs.py for tasks to queue
[2021-06-21 19:05:41,218] {logging_mixin.py:104} INFO - [2021-06-21 19:05:41,218] {dagbag.py:487} INFO - Filling up the DagBag from /home/airflow/.local/lib/python3.6/site-packages/airflow/example_dags/example_xcomargs.py
[2021-06-21 19:05:41,233] {scheduler_job.py:643} INFO - DAG(s) dict_keys(['example_xcom_args', 'example_xcom_args_with_operators']) retrieved from /home/airflow/.local/lib/python3.6/site-packages/airflow/example_dags/example_xcomargs.py
[2021-06-21 19:05:41,419] {logging_mixin.py:104} INFO - [2021-06-21 19:05:41,418] {dag.py:1832} INFO - Sync 2 DAGs
[2021-06-21 19:05:41,430] {logging_mixin.py:104} INFO - [2021-06-21 19:05:41,430] {dag.py:2305} INFO - Setting next_dagrun for example_xcom_args to None
[2021-06-21 19:05:41,431] {logging_mixin.py:104} INFO - [2021-06-21 19:05:41,431] {dag.py:2305} INFO - Setting next_dagrun for example_xcom_args_with_operators to None
[2021-06-21 19:05:41,439] {scheduler_job.py:190} INFO - Processing /home/airflow/.local/lib/python3.6/site-packages/airflow/example_dags/example_xcomargs.py took 0.225 seconds
[2021-06-21 19:06:11,457] {scheduler_job.py:182} INFO - Started process (PID=943) to work on /home/airflow/.local/lib/python3.6/site-packages/airflow/example_dags/example_xcomargs.py
[2021-06-21 19:06:11,457] {scheduler_job.py:633} INFO - Processing file /home/airflow/.local/lib/python3.6/site-packages/airflow/example_dags/example_xcomargs.py for tasks to queue
[2021-06-21 19:06:11,458] {logging_mixin.py:104} INFO - [2021-06-21 19:06:11,458] {dagbag.py:487} INFO - Filling up the DagBag from /home/airflow/.local/lib/python3.6/site-packages/airflow/example_dags/example_xcomargs.py
[2021-06-21 19:06:11,476] {scheduler_job.py:643} INFO - DAG(s) dict_keys(['example_xcom_args', 'example_xcom_args_with_operators']) retrieved from /home/airflow/.local/lib/python3.6/site-packages/airflow/example_dags/example_xcomargs.py
[2021-06-21 19:06:11,497] {logging_mixin.py:104} INFO - [2021-06-21 19:06:11,496] {dag.py:1832} INFO - Sync 2 DAGs
[2021-06-21 19:06:11,511] {logging_mixin.py:104} INFO - [2021-06-21 19:06:11,511] {dag.py:2305} INFO - Setting next_dagrun for example_xcom_args to None
[2021-06-21 19:06:11,512] {logging_mixin.py:104} INFO - [2021-06-21 19:06:11,512] {dag.py:2305} INFO - Setting next_dagrun for example_xcom_args_with_operators to None
[2021-06-21 19:06:11,521] {scheduler_job.py:190} INFO - Processing /home/airflow/.local/lib/python3.6/site-packages/airflow/example_dags/example_xcomargs.py took 0.067 seconds
[2021-06-21 19:06:41,870] {scheduler_job.py:182} INFO - Started process (PID=1023) to work on /home/airflow/.local/lib/python3.6/site-packages/airflow/example_dags/example_xcomargs.py
[2021-06-21 19:06:41,874] {scheduler_job.py:633} INFO - Processing file /home/airflow/.local/lib/python3.6/site-packages/airflow/example_dags/example_xcomargs.py for tasks to queue
[2021-06-21 19:06:41,876] {logging_mixin.py:104} INFO - [2021-06-21 19:06:41,875] {dagbag.py:487} INFO - Filling up the DagBag from /home/airflow/.local/lib/python3.6/site-packages/airflow/example_dags/example_xcomargs.py
[2021-06-21 19:06:41,904] {scheduler_job.py:643} INFO - DAG(s) dict_keys(['example_xcom_args', 'example_xcom_args_with_operators']) retrieved from /home/airflow/.local/lib/python3.6/site-packages/airflow/example_dags/example_xcomargs.py
[2021-06-21 19:06:41,925] {logging_mixin.py:104} INFO - [2021-06-21 19:06:41,925] {dag.py:1832} INFO - Sync 2 DAGs
[2021-06-21 19:06:41,937] {logging_mixin.py:104} INFO - [2021-06-21 19:06:41,937] {dag.py:2305} INFO - Setting next_dagrun for example_xcom_args to None
[2021-06-21 19:06:41,938] {logging_mixin.py:104} INFO - [2021-06-21 19:06:41,938] {dag.py:2305} INFO - Setting next_dagrun for example_xcom_args_with_operators to None
[2021-06-21 19:06:41,946] {scheduler_job.py:190} INFO - Processing /home/airflow/.local/lib/python3.6/site-packages/airflow/example_dags/example_xcomargs.py took 0.084 seconds
[2021-06-21 19:07:11,986] {scheduler_job.py:182} INFO - Started process (PID=1087) to work on /home/airflow/.local/lib/python3.6/site-packages/airflow/example_dags/example_xcomargs.py
[2021-06-21 19:07:11,989] {scheduler_job.py:633} INFO - Processing file /home/airflow/.local/lib/python3.6/site-packages/airflow/example_dags/example_xcomargs.py for tasks to queue
[2021-06-21 19:07:11,990] {logging_mixin.py:104} INFO - [2021-06-21 19:07:11,990] {dagbag.py:487} INFO - Filling up the DagBag from /home/airflow/.local/lib/python3.6/site-packages/airflow/example_dags/example_xcomargs.py
[2021-06-21 19:07:12,019] {scheduler_job.py:643} INFO - DAG(s) dict_keys(['example_xcom_args', 'example_xcom_args_with_operators']) retrieved from /home/airflow/.local/lib/python3.6/site-packages/airflow/example_dags/example_xcomargs.py
[2021-06-21 19:07:12,254] {logging_mixin.py:104} INFO - [2021-06-21 19:07:12,254] {dag.py:1832} INFO - Sync 2 DAGs
[2021-06-21 19:07:12,265] {logging_mixin.py:104} INFO - [2021-06-21 19:07:12,265] {dag.py:2305} INFO - Setting next_dagrun for example_xcom_args to None
[2021-06-21 19:07:12,265] {logging_mixin.py:104} INFO - [2021-06-21 19:07:12,265] {dag.py:2305} INFO - Setting next_dagrun for example_xcom_args_with_operators to None
[2021-06-21 19:07:12,275] {scheduler_job.py:190} INFO - Processing /home/airflow/.local/lib/python3.6/site-packages/airflow/example_dags/example_xcomargs.py took 0.299 seconds
[2021-06-21 19:07:42,355] {scheduler_job.py:182} INFO - Started process (PID=1167) to work on /home/airflow/.local/lib/python3.6/site-packages/airflow/example_dags/example_xcomargs.py
[2021-06-21 19:07:42,358] {scheduler_job.py:633} INFO - Processing file /home/airflow/.local/lib/python3.6/site-packages/airflow/example_dags/example_xcomargs.py for tasks to queue
[2021-06-21 19:07:42,360] {logging_mixin.py:104} INFO - [2021-06-21 19:07:42,359] {dagbag.py:487} INFO - Filling up the DagBag from /home/airflow/.local/lib/python3.6/site-packages/airflow/example_dags/example_xcomargs.py
[2021-06-21 19:07:42,390] {scheduler_job.py:643} INFO - DAG(s) dict_keys(['example_xcom_args', 'example_xcom_args_with_operators']) retrieved from /home/airflow/.local/lib/python3.6/site-packages/airflow/example_dags/example_xcomargs.py
[2021-06-21 19:07:42,409] {logging_mixin.py:104} INFO - [2021-06-21 19:07:42,409] {dag.py:1832} INFO - Sync 2 DAGs
[2021-06-21 19:07:42,421] {logging_mixin.py:104} INFO - [2021-06-21 19:07:42,421] {dag.py:2305} INFO - Setting next_dagrun for example_xcom_args to None
[2021-06-21 19:07:42,421] {logging_mixin.py:104} INFO - [2021-06-21 19:07:42,421] {dag.py:2305} INFO - Setting next_dagrun for example_xcom_args_with_operators to None
[2021-06-21 19:07:42,428] {scheduler_job.py:190} INFO - Processing /home/airflow/.local/lib/python3.6/site-packages/airflow/example_dags/example_xcomargs.py took 0.081 seconds
[2021-06-21 19:08:12,762] {scheduler_job.py:182} INFO - Started process (PID=1232) to work on /home/airflow/.local/lib/python3.6/site-packages/airflow/example_dags/example_xcomargs.py
[2021-06-21 19:08:12,765] {scheduler_job.py:633} INFO - Processing file /home/airflow/.local/lib/python3.6/site-packages/airflow/example_dags/example_xcomargs.py for tasks to queue
[2021-06-21 19:08:12,766] {logging_mixin.py:104} INFO - [2021-06-21 19:08:12,766] {dagbag.py:487} INFO - Filling up the DagBag from /home/airflow/.local/lib/python3.6/site-packages/airflow/example_dags/example_xcomargs.py
[2021-06-21 19:08:12,795] {scheduler_job.py:643} INFO - DAG(s) dict_keys(['example_xcom_args', 'example_xcom_args_with_operators']) retrieved from /home/airflow/.local/lib/python3.6/site-packages/airflow/example_dags/example_xcomargs.py
[2021-06-21 19:08:12,814] {logging_mixin.py:104} INFO - [2021-06-21 19:08:12,814] {dag.py:1832} INFO - Sync 2 DAGs
[2021-06-21 19:08:12,825] {logging_mixin.py:104} INFO - [2021-06-21 19:08:12,825] {dag.py:2305} INFO - Setting next_dagrun for example_xcom_args to None
[2021-06-21 19:08:12,826] {logging_mixin.py:104} INFO - [2021-06-21 19:08:12,826] {dag.py:2305} INFO - Setting next_dagrun for example_xcom_args_with_operators to None
[2021-06-21 19:08:12,833] {scheduler_job.py:190} INFO - Processing /home/airflow/.local/lib/python3.6/site-packages/airflow/example_dags/example_xcomargs.py took 0.080 seconds
[2021-06-21 19:08:43,265] {scheduler_job.py:182} INFO - Started process (PID=1313) to work on /home/airflow/.local/lib/python3.6/site-packages/airflow/example_dags/example_xcomargs.py
[2021-06-21 19:08:43,267] {scheduler_job.py:633} INFO - Processing file /home/airflow/.local/lib/python3.6/site-packages/airflow/example_dags/example_xcomargs.py for tasks to queue
[2021-06-21 19:08:43,268] {logging_mixin.py:104} INFO - [2021-06-21 19:08:43,268] {dagbag.py:487} INFO - Filling up the DagBag from /home/airflow/.local/lib/python3.6/site-packages/airflow/example_dags/example_xcomargs.py
[2021-06-21 19:08:43,294] {scheduler_job.py:643} INFO - DAG(s) dict_keys(['example_xcom_args', 'example_xcom_args_with_operators']) retrieved from /home/airflow/.local/lib/python3.6/site-packages/airflow/example_dags/example_xcomargs.py
[2021-06-21 19:08:43,532] {logging_mixin.py:104} INFO - [2021-06-21 19:08:43,532] {dag.py:1832} INFO - Sync 2 DAGs
[2021-06-21 19:08:43,543] {logging_mixin.py:104} INFO - [2021-06-21 19:08:43,543] {dag.py:2305} INFO - Setting next_dagrun for example_xcom_args to None
[2021-06-21 19:08:43,543] {logging_mixin.py:104} INFO - [2021-06-21 19:08:43,543] {dag.py:2305} INFO - Setting next_dagrun for example_xcom_args_with_operators to None
[2021-06-21 19:08:43,551] {scheduler_job.py:190} INFO - Processing /home/airflow/.local/lib/python3.6/site-packages/airflow/example_dags/example_xcomargs.py took 0.295 seconds
[2021-06-21 19:09:13,774] {scheduler_job.py:182} INFO - Started process (PID=1389) to work on /home/airflow/.local/lib/python3.6/site-packages/airflow/example_dags/example_xcomargs.py
[2021-06-21 19:09:13,774] {scheduler_job.py:633} INFO - Processing file /home/airflow/.local/lib/python3.6/site-packages/airflow/example_dags/example_xcomargs.py for tasks to queue
[2021-06-21 19:09:13,775] {logging_mixin.py:104} INFO - [2021-06-21 19:09:13,775] {dagbag.py:487} INFO - Filling up the DagBag from /home/airflow/.local/lib/python3.6/site-packages/airflow/example_dags/example_xcomargs.py
[2021-06-21 19:09:13,795] {scheduler_job.py:643} INFO - DAG(s) dict_keys(['example_xcom_args', 'example_xcom_args_with_operators']) retrieved from /home/airflow/.local/lib/python3.6/site-packages/airflow/example_dags/example_xcomargs.py
[2021-06-21 19:09:14,049] {logging_mixin.py:104} INFO - [2021-06-21 19:09:14,049] {dag.py:1832} INFO - Sync 2 DAGs
[2021-06-21 19:09:14,065] {logging_mixin.py:104} INFO - [2021-06-21 19:09:14,064] {dag.py:2305} INFO - Setting next_dagrun for example_xcom_args to None
[2021-06-21 19:09:14,066] {logging_mixin.py:104} INFO - [2021-06-21 19:09:14,065] {dag.py:2305} INFO - Setting next_dagrun for example_xcom_args_with_operators to None
[2021-06-21 19:09:14,081] {scheduler_job.py:190} INFO - Processing /home/airflow/.local/lib/python3.6/site-packages/airflow/example_dags/example_xcomargs.py took 0.310 seconds
[2021-06-21 19:09:44,163] {scheduler_job.py:182} INFO - Started process (PID=1462) to work on /home/airflow/.local/lib/python3.6/site-packages/airflow/example_dags/example_xcomargs.py
[2021-06-21 19:09:44,165] {scheduler_job.py:633} INFO - Processing file /home/airflow/.local/lib/python3.6/site-packages/airflow/example_dags/example_xcomargs.py for tasks to queue
[2021-06-21 19:09:44,166] {logging_mixin.py:104} INFO - [2021-06-21 19:09:44,166] {dagbag.py:487} INFO - Filling up the DagBag from /home/airflow/.local/lib/python3.6/site-packages/airflow/example_dags/example_xcomargs.py
[2021-06-21 19:09:44,197] {scheduler_job.py:643} INFO - DAG(s) dict_keys(['example_xcom_args', 'example_xcom_args_with_operators']) retrieved from /home/airflow/.local/lib/python3.6/site-packages/airflow/example_dags/example_xcomargs.py
[2021-06-21 19:09:44,376] {logging_mixin.py:104} INFO - [2021-06-21 19:09:44,376] {dag.py:1832} INFO - Sync 2 DAGs
[2021-06-21 19:09:44,387] {logging_mixin.py:104} INFO - [2021-06-21 19:09:44,387] {dag.py:2305} INFO - Setting next_dagrun for example_xcom_args to None
[2021-06-21 19:09:44,387] {logging_mixin.py:104} INFO - [2021-06-21 19:09:44,387] {dag.py:2305} INFO - Setting next_dagrun for example_xcom_args_with_operators to None
[2021-06-21 19:09:44,422] {scheduler_job.py:190} INFO - Processing /home/airflow/.local/lib/python3.6/site-packages/airflow/example_dags/example_xcomargs.py took 0.264 seconds
[2021-06-21 19:10:14,555] {scheduler_job.py:182} INFO - Started process (PID=1526) to work on /home/airflow/.local/lib/python3.6/site-packages/airflow/example_dags/example_xcomargs.py
[2021-06-21 19:10:14,556] {scheduler_job.py:633} INFO - Processing file /home/airflow/.local/lib/python3.6/site-packages/airflow/example_dags/example_xcomargs.py for tasks to queue
[2021-06-21 19:10:14,557] {logging_mixin.py:104} INFO - [2021-06-21 19:10:14,557] {dagbag.py:487} INFO - Filling up the DagBag from /home/airflow/.local/lib/python3.6/site-packages/airflow/example_dags/example_xcomargs.py
[2021-06-21 19:10:14,579] {scheduler_job.py:643} INFO - DAG(s) dict_keys(['example_xcom_args', 'example_xcom_args_with_operators']) retrieved from /home/airflow/.local/lib/python3.6/site-packages/airflow/example_dags/example_xcomargs.py
[2021-06-21 19:10:14,861] {logging_mixin.py:104} INFO - [2021-06-21 19:10:14,860] {dag.py:1832} INFO - Sync 2 DAGs
[2021-06-21 19:10:14,877] {logging_mixin.py:104} INFO - [2021-06-21 19:10:14,877] {dag.py:2305} INFO - Setting next_dagrun for example_xcom_args to None
[2021-06-21 19:10:14,877] {logging_mixin.py:104} INFO - [2021-06-21 19:10:14,877] {dag.py:2305} INFO - Setting next_dagrun for example_xcom_args_with_operators to None
[2021-06-21 19:10:14,909] {scheduler_job.py:190} INFO - Processing /home/airflow/.local/lib/python3.6/site-packages/airflow/example_dags/example_xcomargs.py took 0.358 seconds
[2021-06-21 19:10:44,968] {scheduler_job.py:182} INFO - Started process (PID=1608) to work on /home/airflow/.local/lib/python3.6/site-packages/airflow/example_dags/example_xcomargs.py
[2021-06-21 19:10:44,969] {scheduler_job.py:633} INFO - Processing file /home/airflow/.local/lib/python3.6/site-packages/airflow/example_dags/example_xcomargs.py for tasks to queue
[2021-06-21 19:10:44,970] {logging_mixin.py:104} INFO - [2021-06-21 19:10:44,969] {dagbag.py:487} INFO - Filling up the DagBag from /home/airflow/.local/lib/python3.6/site-packages/airflow/example_dags/example_xcomargs.py
[2021-06-21 19:10:44,991] {scheduler_job.py:643} INFO - DAG(s) dict_keys(['example_xcom_args', 'example_xcom_args_with_operators']) retrieved from /home/airflow/.local/lib/python3.6/site-packages/airflow/example_dags/example_xcomargs.py
[2021-06-21 19:10:45,265] {logging_mixin.py:104} INFO - [2021-06-21 19:10:45,265] {dag.py:1832} INFO - Sync 2 DAGs
[2021-06-21 19:10:45,289] {logging_mixin.py:104} INFO - [2021-06-21 19:10:45,288] {dag.py:2305} INFO - Setting next_dagrun for example_xcom_args to None
[2021-06-21 19:10:45,290] {logging_mixin.py:104} INFO - [2021-06-21 19:10:45,290] {dag.py:2305} INFO - Setting next_dagrun for example_xcom_args_with_operators to None
[2021-06-21 19:10:45,324] {scheduler_job.py:190} INFO - Processing /home/airflow/.local/lib/python3.6/site-packages/airflow/example_dags/example_xcomargs.py took 0.359 seconds
[2021-06-21 19:11:16,201] {scheduler_job.py:182} INFO - Started process (PID=1672) to work on /home/airflow/.local/lib/python3.6/site-packages/airflow/example_dags/example_xcomargs.py
[2021-06-21 19:11:16,202] {scheduler_job.py:633} INFO - Processing file /home/airflow/.local/lib/python3.6/site-packages/airflow/example_dags/example_xcomargs.py for tasks to queue
[2021-06-21 19:11:16,203] {logging_mixin.py:104} INFO - [2021-06-21 19:11:16,203] {dagbag.py:487} INFO - Filling up the DagBag from /home/airflow/.local/lib/python3.6/site-packages/airflow/example_dags/example_xcomargs.py
[2021-06-21 19:11:16,226] {scheduler_job.py:643} INFO - DAG(s) dict_keys(['example_xcom_args', 'example_xcom_args_with_operators']) retrieved from /home/airflow/.local/lib/python3.6/site-packages/airflow/example_dags/example_xcomargs.py
[2021-06-21 19:11:16,546] {logging_mixin.py:104} INFO - [2021-06-21 19:11:16,546] {dag.py:1832} INFO - Sync 2 DAGs
[2021-06-21 19:11:16,568] {logging_mixin.py:104} INFO - [2021-06-21 19:11:16,568] {dag.py:2305} INFO - Setting next_dagrun for example_xcom_args to None
[2021-06-21 19:11:16,569] {logging_mixin.py:104} INFO - [2021-06-21 19:11:16,569] {dag.py:2305} INFO - Setting next_dagrun for example_xcom_args_with_operators to None
[2021-06-21 19:11:16,603] {scheduler_job.py:190} INFO - Processing /home/airflow/.local/lib/python3.6/site-packages/airflow/example_dags/example_xcomargs.py took 0.405 seconds
[2021-06-21 19:11:47,367] {scheduler_job.py:182} INFO - Started process (PID=1753) to work on /home/airflow/.local/lib/python3.6/site-packages/airflow/example_dags/example_xcomargs.py
[2021-06-21 19:11:47,369] {scheduler_job.py:633} INFO - Processing file /home/airflow/.local/lib/python3.6/site-packages/airflow/example_dags/example_xcomargs.py for tasks to queue
[2021-06-21 19:11:47,370] {logging_mixin.py:104} INFO - [2021-06-21 19:11:47,370] {dagbag.py:487} INFO - Filling up the DagBag from /home/airflow/.local/lib/python3.6/site-packages/airflow/example_dags/example_xcomargs.py
[2021-06-21 19:11:47,393] {scheduler_job.py:643} INFO - DAG(s) dict_keys(['example_xcom_args', 'example_xcom_args_with_operators']) retrieved from /home/airflow/.local/lib/python3.6/site-packages/airflow/example_dags/example_xcomargs.py
[2021-06-21 19:11:47,591] {logging_mixin.py:104} INFO - [2021-06-21 19:11:47,591] {dag.py:1832} INFO - Sync 2 DAGs
[2021-06-21 19:11:47,603] {logging_mixin.py:104} INFO - [2021-06-21 19:11:47,603] {dag.py:2305} INFO - Setting next_dagrun for example_xcom_args to None
[2021-06-21 19:11:47,604] {logging_mixin.py:104} INFO - [2021-06-21 19:11:47,604] {dag.py:2305} INFO - Setting next_dagrun for example_xcom_args_with_operators to None
[2021-06-21 19:11:47,613] {scheduler_job.py:190} INFO - Processing /home/airflow/.local/lib/python3.6/site-packages/airflow/example_dags/example_xcomargs.py took 0.254 seconds
[2021-06-21 19:12:17,649] {scheduler_job.py:182} INFO - Started process (PID=1819) to work on /home/airflow/.local/lib/python3.6/site-packages/airflow/example_dags/example_xcomargs.py
[2021-06-21 19:12:17,650] {scheduler_job.py:633} INFO - Processing file /home/airflow/.local/lib/python3.6/site-packages/airflow/example_dags/example_xcomargs.py for tasks to queue
[2021-06-21 19:12:17,651] {logging_mixin.py:104} INFO - [2021-06-21 19:12:17,651] {dagbag.py:487} INFO - Filling up the DagBag from /home/airflow/.local/lib/python3.6/site-packages/airflow/example_dags/example_xcomargs.py
[2021-06-21 19:12:17,673] {scheduler_job.py:643} INFO - DAG(s) dict_keys(['example_xcom_args', 'example_xcom_args_with_operators']) retrieved from /home/airflow/.local/lib/python3.6/site-packages/airflow/example_dags/example_xcomargs.py
[2021-06-21 19:12:17,935] {logging_mixin.py:104} INFO - [2021-06-21 19:12:17,935] {dag.py:1832} INFO - Sync 2 DAGs
[2021-06-21 19:12:17,951] {logging_mixin.py:104} INFO - [2021-06-21 19:12:17,951] {dag.py:2305} INFO - Setting next_dagrun for example_xcom_args to None
[2021-06-21 19:12:17,952] {logging_mixin.py:104} INFO - [2021-06-21 19:12:17,952] {dag.py:2305} INFO - Setting next_dagrun for example_xcom_args_with_operators to None
[2021-06-21 19:12:17,963] {scheduler_job.py:190} INFO - Processing /home/airflow/.local/lib/python3.6/site-packages/airflow/example_dags/example_xcomargs.py took 0.319 seconds
[2021-06-21 19:12:48,848] {scheduler_job.py:182} INFO - Started process (PID=1900) to work on /home/airflow/.local/lib/python3.6/site-packages/airflow/example_dags/example_xcomargs.py
[2021-06-21 19:12:48,849] {scheduler_job.py:633} INFO - Processing file /home/airflow/.local/lib/python3.6/site-packages/airflow/example_dags/example_xcomargs.py for tasks to queue
[2021-06-21 19:12:48,850] {logging_mixin.py:104} INFO - [2021-06-21 19:12:48,850] {dagbag.py:487} INFO - Filling up the DagBag from /home/airflow/.local/lib/python3.6/site-packages/airflow/example_dags/example_xcomargs.py
[2021-06-21 19:12:48,878] {scheduler_job.py:643} INFO - DAG(s) dict_keys(['example_xcom_args', 'example_xcom_args_with_operators']) retrieved from /home/airflow/.local/lib/python3.6/site-packages/airflow/example_dags/example_xcomargs.py
[2021-06-21 19:12:49,162] {logging_mixin.py:104} INFO - [2021-06-21 19:12:49,162] {dag.py:1832} INFO - Sync 2 DAGs
[2021-06-21 19:12:49,175] {logging_mixin.py:104} INFO - [2021-06-21 19:12:49,174] {dag.py:2305} INFO - Setting next_dagrun for example_xcom_args to None
[2021-06-21 19:12:49,175] {logging_mixin.py:104} INFO - [2021-06-21 19:12:49,175] {dag.py:2305} INFO - Setting next_dagrun for example_xcom_args_with_operators to None
[2021-06-21 19:12:49,185] {scheduler_job.py:190} INFO - Processing /home/airflow/.local/lib/python3.6/site-packages/airflow/example_dags/example_xcomargs.py took 0.341 seconds
[2021-06-21 19:13:20,006] {scheduler_job.py:182} INFO - Started process (PID=1966) to work on /home/airflow/.local/lib/python3.6/site-packages/airflow/example_dags/example_xcomargs.py
[2021-06-21 19:13:20,007] {scheduler_job.py:633} INFO - Processing file /home/airflow/.local/lib/python3.6/site-packages/airflow/example_dags/example_xcomargs.py for tasks to queue
[2021-06-21 19:13:20,007] {logging_mixin.py:104} INFO - [2021-06-21 19:13:20,007] {dagbag.py:487} INFO - Filling up the DagBag from /home/airflow/.local/lib/python3.6/site-packages/airflow/example_dags/example_xcomargs.py
[2021-06-21 19:13:20,024] {scheduler_job.py:643} INFO - DAG(s) dict_keys(['example_xcom_args', 'example_xcom_args_with_operators']) retrieved from /home/airflow/.local/lib/python3.6/site-packages/airflow/example_dags/example_xcomargs.py
[2021-06-21 19:13:20,050] {logging_mixin.py:104} INFO - [2021-06-21 19:13:20,050] {dag.py:1832} INFO - Sync 2 DAGs
[2021-06-21 19:13:20,067] {logging_mixin.py:104} INFO - [2021-06-21 19:13:20,067] {dag.py:2305} INFO - Setting next_dagrun for example_xcom_args to None
[2021-06-21 19:13:20,068] {logging_mixin.py:104} INFO - [2021-06-21 19:13:20,068] {dag.py:2305} INFO - Setting next_dagrun for example_xcom_args_with_operators to None
[2021-06-21 19:13:20,077] {scheduler_job.py:190} INFO - Processing /home/airflow/.local/lib/python3.6/site-packages/airflow/example_dags/example_xcomargs.py took 0.073 seconds
[2021-06-21 19:13:50,546] {scheduler_job.py:182} INFO - Started process (PID=2049) to work on /home/airflow/.local/lib/python3.6/site-packages/airflow/example_dags/example_xcomargs.py
[2021-06-21 19:13:50,547] {scheduler_job.py:633} INFO - Processing file /home/airflow/.local/lib/python3.6/site-packages/airflow/example_dags/example_xcomargs.py for tasks to queue
[2021-06-21 19:13:50,547] {logging_mixin.py:104} INFO - [2021-06-21 19:13:50,547] {dagbag.py:487} INFO - Filling up the DagBag from /home/airflow/.local/lib/python3.6/site-packages/airflow/example_dags/example_xcomargs.py
[2021-06-21 19:13:50,567] {scheduler_job.py:643} INFO - DAG(s) dict_keys(['example_xcom_args', 'example_xcom_args_with_operators']) retrieved from /home/airflow/.local/lib/python3.6/site-packages/airflow/example_dags/example_xcomargs.py
[2021-06-21 19:13:50,741] {logging_mixin.py:104} INFO - [2021-06-21 19:13:50,741] {dag.py:1832} INFO - Sync 2 DAGs
[2021-06-21 19:13:50,751] {logging_mixin.py:104} INFO - [2021-06-21 19:13:50,751] {dag.py:2305} INFO - Setting next_dagrun for example_xcom_args to None
[2021-06-21 19:13:50,752] {logging_mixin.py:104} INFO - [2021-06-21 19:13:50,752] {dag.py:2305} INFO - Setting next_dagrun for example_xcom_args_with_operators to None
[2021-06-21 19:13:50,759] {scheduler_job.py:190} INFO - Processing /home/airflow/.local/lib/python3.6/site-packages/airflow/example_dags/example_xcomargs.py took 0.217 seconds
[2021-06-21 19:14:20,774] {scheduler_job.py:182} INFO - Started process (PID=2115) to work on /home/airflow/.local/lib/python3.6/site-packages/airflow/example_dags/example_xcomargs.py
[2021-06-21 19:14:20,775] {scheduler_job.py:633} INFO - Processing file /home/airflow/.local/lib/python3.6/site-packages/airflow/example_dags/example_xcomargs.py for tasks to queue
[2021-06-21 19:14:20,776] {logging_mixin.py:104} INFO - [2021-06-21 19:14:20,775] {dagbag.py:487} INFO - Filling up the DagBag from /home/airflow/.local/lib/python3.6/site-packages/airflow/example_dags/example_xcomargs.py
[2021-06-21 19:14:20,791] {scheduler_job.py:643} INFO - DAG(s) dict_keys(['example_xcom_args', 'example_xcom_args_with_operators']) retrieved from /home/airflow/.local/lib/python3.6/site-packages/airflow/example_dags/example_xcomargs.py
[2021-06-21 19:14:20,972] {logging_mixin.py:104} INFO - [2021-06-21 19:14:20,972] {dag.py:1832} INFO - Sync 2 DAGs
[2021-06-21 19:14:20,983] {logging_mixin.py:104} INFO - [2021-06-21 19:14:20,983] {dag.py:2305} INFO - Setting next_dagrun for example_xcom_args to None
[2021-06-21 19:14:20,984] {logging_mixin.py:104} INFO - [2021-06-21 19:14:20,984] {dag.py:2305} INFO - Setting next_dagrun for example_xcom_args_with_operators to None
[2021-06-21 19:14:20,993] {scheduler_job.py:190} INFO - Processing /home/airflow/.local/lib/python3.6/site-packages/airflow/example_dags/example_xcomargs.py took 0.222 seconds
[2021-06-21 19:14:51,282] {scheduler_job.py:182} INFO - Started process (PID=2195) to work on /home/airflow/.local/lib/python3.6/site-packages/airflow/example_dags/example_xcomargs.py
[2021-06-21 19:14:51,283] {scheduler_job.py:633} INFO - Processing file /home/airflow/.local/lib/python3.6/site-packages/airflow/example_dags/example_xcomargs.py for tasks to queue
[2021-06-21 19:14:51,284] {logging_mixin.py:104} INFO - [2021-06-21 19:14:51,284] {dagbag.py:487} INFO - Filling up the DagBag from /home/airflow/.local/lib/python3.6/site-packages/airflow/example_dags/example_xcomargs.py
[2021-06-21 19:14:51,304] {scheduler_job.py:643} INFO - DAG(s) dict_keys(['example_xcom_args', 'example_xcom_args_with_operators']) retrieved from /home/airflow/.local/lib/python3.6/site-packages/airflow/example_dags/example_xcomargs.py
[2021-06-21 19:14:51,531] {logging_mixin.py:104} INFO - [2021-06-21 19:14:51,531] {dag.py:1832} INFO - Sync 2 DAGs
[2021-06-21 19:14:51,548] {logging_mixin.py:104} INFO - [2021-06-21 19:14:51,548] {dag.py:2305} INFO - Setting next_dagrun for example_xcom_args to None
[2021-06-21 19:14:51,549] {logging_mixin.py:104} INFO - [2021-06-21 19:14:51,549] {dag.py:2305} INFO - Setting next_dagrun for example_xcom_args_with_operators to None
[2021-06-21 19:14:51,559] {scheduler_job.py:190} INFO - Processing /home/airflow/.local/lib/python3.6/site-packages/airflow/example_dags/example_xcomargs.py took 0.279 seconds
[2021-06-21 19:15:21,905] {scheduler_job.py:182} INFO - Started process (PID=2269) to work on /home/airflow/.local/lib/python3.6/site-packages/airflow/example_dags/example_xcomargs.py
[2021-06-21 19:15:21,908] {scheduler_job.py:633} INFO - Processing file /home/airflow/.local/lib/python3.6/site-packages/airflow/example_dags/example_xcomargs.py for tasks to queue
[2021-06-21 19:15:21,910] {logging_mixin.py:104} INFO - [2021-06-21 19:15:21,909] {dagbag.py:487} INFO - Filling up the DagBag from /home/airflow/.local/lib/python3.6/site-packages/airflow/example_dags/example_xcomargs.py
[2021-06-21 19:15:21,991] {scheduler_job.py:643} INFO - DAG(s) dict_keys(['example_xcom_args', 'example_xcom_args_with_operators']) retrieved from /home/airflow/.local/lib/python3.6/site-packages/airflow/example_dags/example_xcomargs.py
[2021-06-21 19:15:22,255] {logging_mixin.py:104} INFO - [2021-06-21 19:15:22,255] {dag.py:1832} INFO - Sync 2 DAGs
[2021-06-21 19:15:22,267] {logging_mixin.py:104} INFO - [2021-06-21 19:15:22,267] {dag.py:2305} INFO - Setting next_dagrun for example_xcom_args to None
[2021-06-21 19:15:22,267] {logging_mixin.py:104} INFO - [2021-06-21 19:15:22,267] {dag.py:2305} INFO - Setting next_dagrun for example_xcom_args_with_operators to None
[2021-06-21 19:15:22,276] {scheduler_job.py:190} INFO - Processing /home/airflow/.local/lib/python3.6/site-packages/airflow/example_dags/example_xcomargs.py took 0.381 seconds
[2021-06-21 19:15:52,953] {scheduler_job.py:182} INFO - Started process (PID=2350) to work on /home/airflow/.local/lib/python3.6/site-packages/airflow/example_dags/example_xcomargs.py
[2021-06-21 19:15:52,954] {scheduler_job.py:633} INFO - Processing file /home/airflow/.local/lib/python3.6/site-packages/airflow/example_dags/example_xcomargs.py for tasks to queue
[2021-06-21 19:15:52,955] {logging_mixin.py:104} INFO - [2021-06-21 19:15:52,955] {dagbag.py:487} INFO - Filling up the DagBag from /home/airflow/.local/lib/python3.6/site-packages/airflow/example_dags/example_xcomargs.py
[2021-06-21 19:15:52,977] {scheduler_job.py:643} INFO - DAG(s) dict_keys(['example_xcom_args', 'example_xcom_args_with_operators']) retrieved from /home/airflow/.local/lib/python3.6/site-packages/airflow/example_dags/example_xcomargs.py
[2021-06-21 19:15:53,206] {logging_mixin.py:104} INFO - [2021-06-21 19:15:53,205] {dag.py:1832} INFO - Sync 2 DAGs
[2021-06-21 19:15:53,218] {logging_mixin.py:104} INFO - [2021-06-21 19:15:53,218] {dag.py:2305} INFO - Setting next_dagrun for example_xcom_args to None
[2021-06-21 19:15:53,219] {logging_mixin.py:104} INFO - [2021-06-21 19:15:53,219] {dag.py:2305} INFO - Setting next_dagrun for example_xcom_args_with_operators to None
[2021-06-21 19:15:53,228] {scheduler_job.py:190} INFO - Processing /home/airflow/.local/lib/python3.6/site-packages/airflow/example_dags/example_xcomargs.py took 0.278 seconds
[2021-06-21 19:16:23,808] {scheduler_job.py:182} INFO - Started process (PID=2424) to work on /home/airflow/.local/lib/python3.6/site-packages/airflow/example_dags/example_xcomargs.py
[2021-06-21 19:16:23,809] {scheduler_job.py:633} INFO - Processing file /home/airflow/.local/lib/python3.6/site-packages/airflow/example_dags/example_xcomargs.py for tasks to queue
[2021-06-21 19:16:23,810] {logging_mixin.py:104} INFO - [2021-06-21 19:16:23,810] {dagbag.py:487} INFO - Filling up the DagBag from /home/airflow/.local/lib/python3.6/site-packages/airflow/example_dags/example_xcomargs.py
[2021-06-21 19:16:23,826] {scheduler_job.py:643} INFO - DAG(s) dict_keys(['example_xcom_args', 'example_xcom_args_with_operators']) retrieved from /home/airflow/.local/lib/python3.6/site-packages/airflow/example_dags/example_xcomargs.py
[2021-06-21 19:16:24,034] {logging_mixin.py:104} INFO - [2021-06-21 19:16:24,034] {dag.py:1832} INFO - Sync 2 DAGs
[2021-06-21 19:16:24,052] {logging_mixin.py:104} INFO - [2021-06-21 19:16:24,052] {dag.py:2305} INFO - Setting next_dagrun for example_xcom_args to None
[2021-06-21 19:16:24,053] {logging_mixin.py:104} INFO - [2021-06-21 19:16:24,053] {dag.py:2305} INFO - Setting next_dagrun for example_xcom_args_with_operators to None
[2021-06-21 19:16:24,087] {scheduler_job.py:190} INFO - Processing /home/airflow/.local/lib/python3.6/site-packages/airflow/example_dags/example_xcomargs.py took 0.281 seconds
[2021-06-21 19:16:55,174] {scheduler_job.py:182} INFO - Started process (PID=2500) to work on /home/airflow/.local/lib/python3.6/site-packages/airflow/example_dags/example_xcomargs.py
[2021-06-21 19:16:55,175] {scheduler_job.py:633} INFO - Processing file /home/airflow/.local/lib/python3.6/site-packages/airflow/example_dags/example_xcomargs.py for tasks to queue
[2021-06-21 19:16:55,175] {logging_mixin.py:104} INFO - [2021-06-21 19:16:55,175] {dagbag.py:487} INFO - Filling up the DagBag from /home/airflow/.local/lib/python3.6/site-packages/airflow/example_dags/example_xcomargs.py
[2021-06-21 19:16:55,191] {scheduler_job.py:643} INFO - DAG(s) dict_keys(['example_xcom_args', 'example_xcom_args_with_operators']) retrieved from /home/airflow/.local/lib/python3.6/site-packages/airflow/example_dags/example_xcomargs.py
[2021-06-21 19:16:55,357] {logging_mixin.py:104} INFO - [2021-06-21 19:16:55,357] {dag.py:1832} INFO - Sync 2 DAGs
[2021-06-21 19:16:55,366] {logging_mixin.py:104} INFO - [2021-06-21 19:16:55,366] {dag.py:2305} INFO - Setting next_dagrun for example_xcom_args to None
[2021-06-21 19:16:55,367] {logging_mixin.py:104} INFO - [2021-06-21 19:16:55,367] {dag.py:2305} INFO - Setting next_dagrun for example_xcom_args_with_operators to None
[2021-06-21 19:16:55,400] {scheduler_job.py:190} INFO - Processing /home/airflow/.local/lib/python3.6/site-packages/airflow/example_dags/example_xcomargs.py took 0.229 seconds
[2021-06-21 19:17:25,455] {scheduler_job.py:182} INFO - Started process (PID=2581) to work on /home/airflow/.local/lib/python3.6/site-packages/airflow/example_dags/example_xcomargs.py
[2021-06-21 19:17:25,456] {scheduler_job.py:633} INFO - Processing file /home/airflow/.local/lib/python3.6/site-packages/airflow/example_dags/example_xcomargs.py for tasks to queue
[2021-06-21 19:17:25,456] {logging_mixin.py:104} INFO - [2021-06-21 19:17:25,456] {dagbag.py:487} INFO - Filling up the DagBag from /home/airflow/.local/lib/python3.6/site-packages/airflow/example_dags/example_xcomargs.py
[2021-06-21 19:17:25,473] {scheduler_job.py:643} INFO - DAG(s) dict_keys(['example_xcom_args', 'example_xcom_args_with_operators']) retrieved from /home/airflow/.local/lib/python3.6/site-packages/airflow/example_dags/example_xcomargs.py
[2021-06-21 19:17:25,645] {logging_mixin.py:104} INFO - [2021-06-21 19:17:25,645] {dag.py:1832} INFO - Sync 2 DAGs
[2021-06-21 19:17:25,656] {logging_mixin.py:104} INFO - [2021-06-21 19:17:25,656] {dag.py:2305} INFO - Setting next_dagrun for example_xcom_args to None
[2021-06-21 19:17:25,656] {logging_mixin.py:104} INFO - [2021-06-21 19:17:25,656] {dag.py:2305} INFO - Setting next_dagrun for example_xcom_args_with_operators to None
[2021-06-21 19:17:25,682] {scheduler_job.py:190} INFO - Processing /home/airflow/.local/lib/python3.6/site-packages/airflow/example_dags/example_xcomargs.py took 0.230 seconds
[2021-06-21 19:17:55,803] {scheduler_job.py:182} INFO - Started process (PID=2646) to work on /home/airflow/.local/lib/python3.6/site-packages/airflow/example_dags/example_xcomargs.py
[2021-06-21 19:17:55,806] {scheduler_job.py:633} INFO - Processing file /home/airflow/.local/lib/python3.6/site-packages/airflow/example_dags/example_xcomargs.py for tasks to queue
[2021-06-21 19:17:55,808] {logging_mixin.py:104} INFO - [2021-06-21 19:17:55,808] {dagbag.py:487} INFO - Filling up the DagBag from /home/airflow/.local/lib/python3.6/site-packages/airflow/example_dags/example_xcomargs.py
[2021-06-21 19:17:55,871] {scheduler_job.py:643} INFO - DAG(s) dict_keys(['example_xcom_args', 'example_xcom_args_with_operators']) retrieved from /home/airflow/.local/lib/python3.6/site-packages/airflow/example_dags/example_xcomargs.py
[2021-06-21 19:17:55,899] {logging_mixin.py:104} INFO - [2021-06-21 19:17:55,899] {dag.py:1832} INFO - Sync 2 DAGs
[2021-06-21 19:17:55,913] {logging_mixin.py:104} INFO - [2021-06-21 19:17:55,913] {dag.py:2305} INFO - Setting next_dagrun for example_xcom_args to None
[2021-06-21 19:17:55,914] {logging_mixin.py:104} INFO - [2021-06-21 19:17:55,914] {dag.py:2305} INFO - Setting next_dagrun for example_xcom_args_with_operators to None
[2021-06-21 19:17:55,940] {scheduler_job.py:190} INFO - Processing /home/airflow/.local/lib/python3.6/site-packages/airflow/example_dags/example_xcomargs.py took 0.146 seconds
[2021-06-21 19:18:26,174] {scheduler_job.py:182} INFO - Started process (PID=2729) to work on /home/airflow/.local/lib/python3.6/site-packages/airflow/example_dags/example_xcomargs.py
[2021-06-21 19:18:26,175] {scheduler_job.py:633} INFO - Processing file /home/airflow/.local/lib/python3.6/site-packages/airflow/example_dags/example_xcomargs.py for tasks to queue
[2021-06-21 19:18:26,175] {logging_mixin.py:104} INFO - [2021-06-21 19:18:26,175] {dagbag.py:487} INFO - Filling up the DagBag from /home/airflow/.local/lib/python3.6/site-packages/airflow/example_dags/example_xcomargs.py
[2021-06-21 19:18:26,194] {scheduler_job.py:643} INFO - DAG(s) dict_keys(['example_xcom_args', 'example_xcom_args_with_operators']) retrieved from /home/airflow/.local/lib/python3.6/site-packages/airflow/example_dags/example_xcomargs.py
[2021-06-21 19:18:26,530] {logging_mixin.py:104} INFO - [2021-06-21 19:18:26,530] {dag.py:1832} INFO - Sync 2 DAGs
[2021-06-21 19:18:26,554] {logging_mixin.py:104} INFO - [2021-06-21 19:18:26,554] {dag.py:2305} INFO - Setting next_dagrun for example_xcom_args to None
[2021-06-21 19:18:26,555] {logging_mixin.py:104} INFO - [2021-06-21 19:18:26,555] {dag.py:2305} INFO - Setting next_dagrun for example_xcom_args_with_operators to None
[2021-06-21 19:18:26,577] {scheduler_job.py:190} INFO - Processing /home/airflow/.local/lib/python3.6/site-packages/airflow/example_dags/example_xcomargs.py took 0.406 seconds
[2021-06-21 19:18:57,392] {scheduler_job.py:182} INFO - Started process (PID=2793) to work on /home/airflow/.local/lib/python3.6/site-packages/airflow/example_dags/example_xcomargs.py
[2021-06-21 19:18:57,393] {scheduler_job.py:633} INFO - Processing file /home/airflow/.local/lib/python3.6/site-packages/airflow/example_dags/example_xcomargs.py for tasks to queue
[2021-06-21 19:18:57,394] {logging_mixin.py:104} INFO - [2021-06-21 19:18:57,394] {dagbag.py:487} INFO - Filling up the DagBag from /home/airflow/.local/lib/python3.6/site-packages/airflow/example_dags/example_xcomargs.py
[2021-06-21 19:18:57,415] {scheduler_job.py:643} INFO - DAG(s) dict_keys(['example_xcom_args', 'example_xcom_args_with_operators']) retrieved from /home/airflow/.local/lib/python3.6/site-packages/airflow/example_dags/example_xcomargs.py
[2021-06-21 19:18:57,601] {logging_mixin.py:104} INFO - [2021-06-21 19:18:57,601] {dag.py:1832} INFO - Sync 2 DAGs
[2021-06-21 19:18:57,612] {logging_mixin.py:104} INFO - [2021-06-21 19:18:57,612] {dag.py:2305} INFO - Setting next_dagrun for example_xcom_args to None
[2021-06-21 19:18:57,612] {logging_mixin.py:104} INFO - [2021-06-21 19:18:57,612] {dag.py:2305} INFO - Setting next_dagrun for example_xcom_args_with_operators to None
[2021-06-21 19:18:57,625] {scheduler_job.py:190} INFO - Processing /home/airflow/.local/lib/python3.6/site-packages/airflow/example_dags/example_xcomargs.py took 0.237 seconds
[2021-06-21 19:19:28,154] {scheduler_job.py:182} INFO - Started process (PID=2877) to work on /home/airflow/.local/lib/python3.6/site-packages/airflow/example_dags/example_xcomargs.py
[2021-06-21 19:19:28,155] {scheduler_job.py:633} INFO - Processing file /home/airflow/.local/lib/python3.6/site-packages/airflow/example_dags/example_xcomargs.py for tasks to queue
[2021-06-21 19:19:28,156] {logging_mixin.py:104} INFO - [2021-06-21 19:19:28,156] {dagbag.py:487} INFO - Filling up the DagBag from /home/airflow/.local/lib/python3.6/site-packages/airflow/example_dags/example_xcomargs.py
[2021-06-21 19:19:28,178] {scheduler_job.py:643} INFO - DAG(s) dict_keys(['example_xcom_args', 'example_xcom_args_with_operators']) retrieved from /home/airflow/.local/lib/python3.6/site-packages/airflow/example_dags/example_xcomargs.py
[2021-06-21 19:19:28,439] {logging_mixin.py:104} INFO - [2021-06-21 19:19:28,439] {dag.py:1832} INFO - Sync 2 DAGs
[2021-06-21 19:19:28,450] {logging_mixin.py:104} INFO - [2021-06-21 19:19:28,450] {dag.py:2305} INFO - Setting next_dagrun for example_xcom_args to None
[2021-06-21 19:19:28,451] {logging_mixin.py:104} INFO - [2021-06-21 19:19:28,450] {dag.py:2305} INFO - Setting next_dagrun for example_xcom_args_with_operators to None
[2021-06-21 19:19:28,459] {scheduler_job.py:190} INFO - Processing /home/airflow/.local/lib/python3.6/site-packages/airflow/example_dags/example_xcomargs.py took 0.308 seconds
[2021-06-21 19:19:58,868] {scheduler_job.py:182} INFO - Started process (PID=2941) to work on /home/airflow/.local/lib/python3.6/site-packages/airflow/example_dags/example_xcomargs.py
[2021-06-21 19:19:58,870] {scheduler_job.py:633} INFO - Processing file /home/airflow/.local/lib/python3.6/site-packages/airflow/example_dags/example_xcomargs.py for tasks to queue
[2021-06-21 19:19:58,871] {logging_mixin.py:104} INFO - [2021-06-21 19:19:58,871] {dagbag.py:487} INFO - Filling up the DagBag from /home/airflow/.local/lib/python3.6/site-packages/airflow/example_dags/example_xcomargs.py
[2021-06-21 19:19:58,901] {scheduler_job.py:643} INFO - DAG(s) dict_keys(['example_xcom_args', 'example_xcom_args_with_operators']) retrieved from /home/airflow/.local/lib/python3.6/site-packages/airflow/example_dags/example_xcomargs.py
[2021-06-21 19:19:59,074] {logging_mixin.py:104} INFO - [2021-06-21 19:19:59,074] {dag.py:1832} INFO - Sync 2 DAGs
[2021-06-21 19:19:59,085] {logging_mixin.py:104} INFO - [2021-06-21 19:19:59,085] {dag.py:2305} INFO - Setting next_dagrun for example_xcom_args to None
[2021-06-21 19:19:59,085] {logging_mixin.py:104} INFO - [2021-06-21 19:19:59,085] {dag.py:2305} INFO - Setting next_dagrun for example_xcom_args_with_operators to None
[2021-06-21 19:19:59,093] {scheduler_job.py:190} INFO - Processing /home/airflow/.local/lib/python3.6/site-packages/airflow/example_dags/example_xcomargs.py took 0.234 seconds
[2021-06-21 19:20:29,512] {scheduler_job.py:182} INFO - Started process (PID=3023) to work on /home/airflow/.local/lib/python3.6/site-packages/airflow/example_dags/example_xcomargs.py
[2021-06-21 19:20:29,514] {scheduler_job.py:633} INFO - Processing file /home/airflow/.local/lib/python3.6/site-packages/airflow/example_dags/example_xcomargs.py for tasks to queue
[2021-06-21 19:20:29,515] {logging_mixin.py:104} INFO - [2021-06-21 19:20:29,515] {dagbag.py:487} INFO - Filling up the DagBag from /home/airflow/.local/lib/python3.6/site-packages/airflow/example_dags/example_xcomargs.py
[2021-06-21 19:20:29,541] {scheduler_job.py:643} INFO - DAG(s) dict_keys(['example_xcom_args', 'example_xcom_args_with_operators']) retrieved from /home/airflow/.local/lib/python3.6/site-packages/airflow/example_dags/example_xcomargs.py
[2021-06-21 19:20:29,793] {logging_mixin.py:104} INFO - [2021-06-21 19:20:29,793] {dag.py:1832} INFO - Sync 2 DAGs
[2021-06-21 19:20:29,804] {logging_mixin.py:104} INFO - [2021-06-21 19:20:29,804] {dag.py:2305} INFO - Setting next_dagrun for example_xcom_args to None
[2021-06-21 19:20:29,805] {logging_mixin.py:104} INFO - [2021-06-21 19:20:29,804] {dag.py:2305} INFO - Setting next_dagrun for example_xcom_args_with_operators to None
[2021-06-21 19:20:29,812] {scheduler_job.py:190} INFO - Processing /home/airflow/.local/lib/python3.6/site-packages/airflow/example_dags/example_xcomargs.py took 0.305 seconds
[2021-06-21 19:21:00,234] {scheduler_job.py:182} INFO - Started process (PID=3087) to work on /home/airflow/.local/lib/python3.6/site-packages/airflow/example_dags/example_xcomargs.py
[2021-06-21 19:21:00,235] {scheduler_job.py:633} INFO - Processing file /home/airflow/.local/lib/python3.6/site-packages/airflow/example_dags/example_xcomargs.py for tasks to queue
[2021-06-21 19:21:00,236] {logging_mixin.py:104} INFO - [2021-06-21 19:21:00,236] {dagbag.py:487} INFO - Filling up the DagBag from /home/airflow/.local/lib/python3.6/site-packages/airflow/example_dags/example_xcomargs.py
[2021-06-21 19:21:00,260] {scheduler_job.py:643} INFO - DAG(s) dict_keys(['example_xcom_args', 'example_xcom_args_with_operators']) retrieved from /home/airflow/.local/lib/python3.6/site-packages/airflow/example_dags/example_xcomargs.py
[2021-06-21 19:21:00,479] {logging_mixin.py:104} INFO - [2021-06-21 19:21:00,479] {dag.py:1832} INFO - Sync 2 DAGs
[2021-06-21 19:21:00,492] {logging_mixin.py:104} INFO - [2021-06-21 19:21:00,492] {dag.py:2305} INFO - Setting next_dagrun for example_xcom_args to None
[2021-06-21 19:21:00,492] {logging_mixin.py:104} INFO - [2021-06-21 19:21:00,492] {dag.py:2305} INFO - Setting next_dagrun for example_xcom_args_with_operators to None
[2021-06-21 19:21:00,502] {scheduler_job.py:190} INFO - Processing /home/airflow/.local/lib/python3.6/site-packages/airflow/example_dags/example_xcomargs.py took 0.271 seconds
[2021-06-21 19:21:30,806] {scheduler_job.py:182} INFO - Started process (PID=3170) to work on /home/airflow/.local/lib/python3.6/site-packages/airflow/example_dags/example_xcomargs.py
[2021-06-21 19:21:30,809] {scheduler_job.py:633} INFO - Processing file /home/airflow/.local/lib/python3.6/site-packages/airflow/example_dags/example_xcomargs.py for tasks to queue
[2021-06-21 19:21:30,811] {logging_mixin.py:104} INFO - [2021-06-21 19:21:30,810] {dagbag.py:487} INFO - Filling up the DagBag from /home/airflow/.local/lib/python3.6/site-packages/airflow/example_dags/example_xcomargs.py
[2021-06-21 19:21:30,841] {scheduler_job.py:643} INFO - DAG(s) dict_keys(['example_xcom_args', 'example_xcom_args_with_operators']) retrieved from /home/airflow/.local/lib/python3.6/site-packages/airflow/example_dags/example_xcomargs.py
[2021-06-21 19:21:31,029] {logging_mixin.py:104} INFO - [2021-06-21 19:21:31,029] {dag.py:1832} INFO - Sync 2 DAGs
[2021-06-21 19:21:31,040] {logging_mixin.py:104} INFO - [2021-06-21 19:21:31,040] {dag.py:2305} INFO - Setting next_dagrun for example_xcom_args to None
[2021-06-21 19:21:31,040] {logging_mixin.py:104} INFO - [2021-06-21 19:21:31,040] {dag.py:2305} INFO - Setting next_dagrun for example_xcom_args_with_operators to None
[2021-06-21 19:21:31,049] {scheduler_job.py:190} INFO - Processing /home/airflow/.local/lib/python3.6/site-packages/airflow/example_dags/example_xcomargs.py took 0.252 seconds
[2021-06-21 19:22:01,480] {scheduler_job.py:182} INFO - Started process (PID=3234) to work on /home/airflow/.local/lib/python3.6/site-packages/airflow/example_dags/example_xcomargs.py
[2021-06-21 19:22:01,481] {scheduler_job.py:633} INFO - Processing file /home/airflow/.local/lib/python3.6/site-packages/airflow/example_dags/example_xcomargs.py for tasks to queue
[2021-06-21 19:22:01,482] {logging_mixin.py:104} INFO - [2021-06-21 19:22:01,482] {dagbag.py:487} INFO - Filling up the DagBag from /home/airflow/.local/lib/python3.6/site-packages/airflow/example_dags/example_xcomargs.py
[2021-06-21 19:22:01,500] {scheduler_job.py:643} INFO - DAG(s) dict_keys(['example_xcom_args', 'example_xcom_args_with_operators']) retrieved from /home/airflow/.local/lib/python3.6/site-packages/airflow/example_dags/example_xcomargs.py
[2021-06-21 19:22:01,707] {logging_mixin.py:104} INFO - [2021-06-21 19:22:01,707] {dag.py:1832} INFO - Sync 2 DAGs
[2021-06-21 19:22:01,720] {logging_mixin.py:104} INFO - [2021-06-21 19:22:01,720] {dag.py:2305} INFO - Setting next_dagrun for example_xcom_args to None
[2021-06-21 19:22:01,721] {logging_mixin.py:104} INFO - [2021-06-21 19:22:01,721] {dag.py:2305} INFO - Setting next_dagrun for example_xcom_args_with_operators to None
[2021-06-21 19:22:01,730] {scheduler_job.py:190} INFO - Processing /home/airflow/.local/lib/python3.6/site-packages/airflow/example_dags/example_xcomargs.py took 0.253 seconds
[2021-06-21 19:22:32,052] {scheduler_job.py:182} INFO - Started process (PID=3317) to work on /home/airflow/.local/lib/python3.6/site-packages/airflow/example_dags/example_xcomargs.py
[2021-06-21 19:22:32,052] {scheduler_job.py:633} INFO - Processing file /home/airflow/.local/lib/python3.6/site-packages/airflow/example_dags/example_xcomargs.py for tasks to queue
[2021-06-21 19:22:32,053] {logging_mixin.py:104} INFO - [2021-06-21 19:22:32,053] {dagbag.py:487} INFO - Filling up the DagBag from /home/airflow/.local/lib/python3.6/site-packages/airflow/example_dags/example_xcomargs.py
[2021-06-21 19:22:32,068] {scheduler_job.py:643} INFO - DAG(s) dict_keys(['example_xcom_args', 'example_xcom_args_with_operators']) retrieved from /home/airflow/.local/lib/python3.6/site-packages/airflow/example_dags/example_xcomargs.py
[2021-06-21 19:22:32,245] {logging_mixin.py:104} INFO - [2021-06-21 19:22:32,245] {dag.py:1832} INFO - Sync 2 DAGs
[2021-06-21 19:22:32,256] {logging_mixin.py:104} INFO - [2021-06-21 19:22:32,256] {dag.py:2305} INFO - Setting next_dagrun for example_xcom_args to None
[2021-06-21 19:22:32,257] {logging_mixin.py:104} INFO - [2021-06-21 19:22:32,256] {dag.py:2305} INFO - Setting next_dagrun for example_xcom_args_with_operators to None
[2021-06-21 19:22:32,287] {scheduler_job.py:190} INFO - Processing /home/airflow/.local/lib/python3.6/site-packages/airflow/example_dags/example_xcomargs.py took 0.237 seconds
[2021-06-21 19:23:03,305] {scheduler_job.py:182} INFO - Started process (PID=3382) to work on /home/airflow/.local/lib/python3.6/site-packages/airflow/example_dags/example_xcomargs.py
[2021-06-21 19:23:03,308] {scheduler_job.py:633} INFO - Processing file /home/airflow/.local/lib/python3.6/site-packages/airflow/example_dags/example_xcomargs.py for tasks to queue
[2021-06-21 19:23:03,310] {logging_mixin.py:104} INFO - [2021-06-21 19:23:03,310] {dagbag.py:487} INFO - Filling up the DagBag from /home/airflow/.local/lib/python3.6/site-packages/airflow/example_dags/example_xcomargs.py
[2021-06-21 19:23:03,337] {scheduler_job.py:643} INFO - DAG(s) dict_keys(['example_xcom_args', 'example_xcom_args_with_operators']) retrieved from /home/airflow/.local/lib/python3.6/site-packages/airflow/example_dags/example_xcomargs.py
[2021-06-21 19:23:03,356] {logging_mixin.py:104} INFO - [2021-06-21 19:23:03,356] {dag.py:1832} INFO - Sync 2 DAGs
[2021-06-21 19:23:03,370] {logging_mixin.py:104} INFO - [2021-06-21 19:23:03,370] {dag.py:2305} INFO - Setting next_dagrun for example_xcom_args to None
[2021-06-21 19:23:03,371] {logging_mixin.py:104} INFO - [2021-06-21 19:23:03,371] {dag.py:2305} INFO - Setting next_dagrun for example_xcom_args_with_operators to None
[2021-06-21 19:23:03,416] {scheduler_job.py:190} INFO - Processing /home/airflow/.local/lib/python3.6/site-packages/airflow/example_dags/example_xcomargs.py took 0.120 seconds
[2021-06-21 19:23:33,818] {scheduler_job.py:182} INFO - Started process (PID=3463) to work on /home/airflow/.local/lib/python3.6/site-packages/airflow/example_dags/example_xcomargs.py
[2021-06-21 19:23:33,819] {scheduler_job.py:633} INFO - Processing file /home/airflow/.local/lib/python3.6/site-packages/airflow/example_dags/example_xcomargs.py for tasks to queue
[2021-06-21 19:23:33,820] {logging_mixin.py:104} INFO - [2021-06-21 19:23:33,820] {dagbag.py:487} INFO - Filling up the DagBag from /home/airflow/.local/lib/python3.6/site-packages/airflow/example_dags/example_xcomargs.py
[2021-06-21 19:23:33,845] {scheduler_job.py:643} INFO - DAG(s) dict_keys(['example_xcom_args', 'example_xcom_args_with_operators']) retrieved from /home/airflow/.local/lib/python3.6/site-packages/airflow/example_dags/example_xcomargs.py
[2021-06-21 19:23:33,880] {logging_mixin.py:104} INFO - [2021-06-21 19:23:33,880] {dag.py:1832} INFO - Sync 2 DAGs
[2021-06-21 19:23:33,902] {logging_mixin.py:104} INFO - [2021-06-21 19:23:33,902] {dag.py:2305} INFO - Setting next_dagrun for example_xcom_args to None
[2021-06-21 19:23:33,904] {logging_mixin.py:104} INFO - [2021-06-21 19:23:33,904] {dag.py:2305} INFO - Setting next_dagrun for example_xcom_args_with_operators to None
[2021-06-21 19:23:33,940] {scheduler_job.py:190} INFO - Processing /home/airflow/.local/lib/python3.6/site-packages/airflow/example_dags/example_xcomargs.py took 0.125 seconds
