[2021-06-21 19:00:27,793] {scheduler_job.py:182} INFO - Started process (PID=124) to work on /home/airflow/.local/lib/python3.6/site-packages/airflow/example_dags/example_branch_labels.py
[2021-06-21 19:00:27,794] {scheduler_job.py:633} INFO - Processing file /home/airflow/.local/lib/python3.6/site-packages/airflow/example_dags/example_branch_labels.py for tasks to queue
[2021-06-21 19:00:27,794] {logging_mixin.py:104} INFO - [2021-06-21 19:00:27,794] {dagbag.py:487} INFO - Filling up the DagBag from /home/airflow/.local/lib/python3.6/site-packages/airflow/example_dags/example_branch_labels.py
[2021-06-21 19:00:27,806] {scheduler_job.py:643} INFO - DAG(s) dict_keys(['example_branch_labels']) retrieved from /home/airflow/.local/lib/python3.6/site-packages/airflow/example_dags/example_branch_labels.py
[2021-06-21 19:00:30,291] {logging_mixin.py:104} INFO - [2021-06-21 19:00:30,289] {dag.py:1832} INFO - Sync 1 DAGs
[2021-06-21 19:00:30,316] {logging_mixin.py:104} INFO - [2021-06-21 19:00:30,313] {dag.py:1851} INFO - Creating ORM DAG for example_branch_labels
[2021-06-21 19:00:30,346] {logging_mixin.py:104} INFO - [2021-06-21 19:00:30,345] {dag.py:2305} INFO - Setting next_dagrun for example_branch_labels to 2021-06-19 00:00:00+00:00
[2021-06-21 19:00:30,362] {scheduler_job.py:190} INFO - Processing /home/airflow/.local/lib/python3.6/site-packages/airflow/example_dags/example_branch_labels.py took 2.571 seconds
[2021-06-21 19:01:00,710] {scheduler_job.py:182} INFO - Started process (PID=198) to work on /home/airflow/.local/lib/python3.6/site-packages/airflow/example_dags/example_branch_labels.py
[2021-06-21 19:01:00,711] {scheduler_job.py:633} INFO - Processing file /home/airflow/.local/lib/python3.6/site-packages/airflow/example_dags/example_branch_labels.py for tasks to queue
[2021-06-21 19:01:00,711] {logging_mixin.py:104} INFO - [2021-06-21 19:01:00,711] {dagbag.py:487} INFO - Filling up the DagBag from /home/airflow/.local/lib/python3.6/site-packages/airflow/example_dags/example_branch_labels.py
[2021-06-21 19:01:00,721] {scheduler_job.py:643} INFO - DAG(s) dict_keys(['example_branch_labels']) retrieved from /home/airflow/.local/lib/python3.6/site-packages/airflow/example_dags/example_branch_labels.py
[2021-06-21 19:01:00,738] {logging_mixin.py:104} INFO - [2021-06-21 19:01:00,738] {dag.py:1832} INFO - Sync 1 DAGs
[2021-06-21 19:01:00,755] {logging_mixin.py:104} INFO - [2021-06-21 19:01:00,755] {dag.py:2305} INFO - Setting next_dagrun for example_branch_labels to 2021-06-19 00:00:00+00:00
[2021-06-21 19:01:00,763] {scheduler_job.py:190} INFO - Processing /home/airflow/.local/lib/python3.6/site-packages/airflow/example_dags/example_branch_labels.py took 0.055 seconds
[2021-06-21 19:01:30,816] {scheduler_job.py:182} INFO - Started process (PID=278) to work on /home/airflow/.local/lib/python3.6/site-packages/airflow/example_dags/example_branch_labels.py
[2021-06-21 19:01:30,817] {scheduler_job.py:633} INFO - Processing file /home/airflow/.local/lib/python3.6/site-packages/airflow/example_dags/example_branch_labels.py for tasks to queue
[2021-06-21 19:01:30,817] {logging_mixin.py:104} INFO - [2021-06-21 19:01:30,817] {dagbag.py:487} INFO - Filling up the DagBag from /home/airflow/.local/lib/python3.6/site-packages/airflow/example_dags/example_branch_labels.py
[2021-06-21 19:01:30,829] {scheduler_job.py:643} INFO - DAG(s) dict_keys(['example_branch_labels']) retrieved from /home/airflow/.local/lib/python3.6/site-packages/airflow/example_dags/example_branch_labels.py
[2021-06-21 19:01:30,849] {logging_mixin.py:104} INFO - [2021-06-21 19:01:30,849] {dag.py:1832} INFO - Sync 1 DAGs
[2021-06-21 19:01:30,868] {logging_mixin.py:104} INFO - [2021-06-21 19:01:30,868] {dag.py:2305} INFO - Setting next_dagrun for example_branch_labels to 2021-06-19 00:00:00+00:00
[2021-06-21 19:01:30,875] {scheduler_job.py:190} INFO - Processing /home/airflow/.local/lib/python3.6/site-packages/airflow/example_dags/example_branch_labels.py took 0.062 seconds
[2021-06-21 19:02:01,000] {scheduler_job.py:182} INFO - Started process (PID=342) to work on /home/airflow/.local/lib/python3.6/site-packages/airflow/example_dags/example_branch_labels.py
[2021-06-21 19:02:01,004] {scheduler_job.py:633} INFO - Processing file /home/airflow/.local/lib/python3.6/site-packages/airflow/example_dags/example_branch_labels.py for tasks to queue
[2021-06-21 19:02:01,005] {logging_mixin.py:104} INFO - [2021-06-21 19:02:01,005] {dagbag.py:487} INFO - Filling up the DagBag from /home/airflow/.local/lib/python3.6/site-packages/airflow/example_dags/example_branch_labels.py
[2021-06-21 19:02:01,025] {scheduler_job.py:643} INFO - DAG(s) dict_keys(['example_branch_labels']) retrieved from /home/airflow/.local/lib/python3.6/site-packages/airflow/example_dags/example_branch_labels.py
[2021-06-21 19:02:01,044] {logging_mixin.py:104} INFO - [2021-06-21 19:02:01,043] {dag.py:1832} INFO - Sync 1 DAGs
[2021-06-21 19:02:01,058] {logging_mixin.py:104} INFO - [2021-06-21 19:02:01,058] {dag.py:2305} INFO - Setting next_dagrun for example_branch_labels to 2021-06-19 00:00:00+00:00
[2021-06-21 19:02:01,082] {scheduler_job.py:190} INFO - Processing /home/airflow/.local/lib/python3.6/site-packages/airflow/example_dags/example_branch_labels.py took 0.090 seconds
[2021-06-21 19:02:31,145] {scheduler_job.py:182} INFO - Started process (PID=422) to work on /home/airflow/.local/lib/python3.6/site-packages/airflow/example_dags/example_branch_labels.py
[2021-06-21 19:02:31,148] {scheduler_job.py:633} INFO - Processing file /home/airflow/.local/lib/python3.6/site-packages/airflow/example_dags/example_branch_labels.py for tasks to queue
[2021-06-21 19:02:31,149] {logging_mixin.py:104} INFO - [2021-06-21 19:02:31,149] {dagbag.py:487} INFO - Filling up the DagBag from /home/airflow/.local/lib/python3.6/site-packages/airflow/example_dags/example_branch_labels.py
[2021-06-21 19:02:31,171] {scheduler_job.py:643} INFO - DAG(s) dict_keys(['example_branch_labels']) retrieved from /home/airflow/.local/lib/python3.6/site-packages/airflow/example_dags/example_branch_labels.py
[2021-06-21 19:02:31,190] {logging_mixin.py:104} INFO - [2021-06-21 19:02:31,190] {dag.py:1832} INFO - Sync 1 DAGs
[2021-06-21 19:02:31,204] {logging_mixin.py:104} INFO - [2021-06-21 19:02:31,204] {dag.py:2305} INFO - Setting next_dagrun for example_branch_labels to 2021-06-19 00:00:00+00:00
[2021-06-21 19:02:31,234] {scheduler_job.py:190} INFO - Processing /home/airflow/.local/lib/python3.6/site-packages/airflow/example_dags/example_branch_labels.py took 0.098 seconds
[2021-06-21 19:03:01,751] {scheduler_job.py:182} INFO - Started process (PID=489) to work on /home/airflow/.local/lib/python3.6/site-packages/airflow/example_dags/example_branch_labels.py
[2021-06-21 19:03:01,754] {scheduler_job.py:633} INFO - Processing file /home/airflow/.local/lib/python3.6/site-packages/airflow/example_dags/example_branch_labels.py for tasks to queue
[2021-06-21 19:03:01,755] {logging_mixin.py:104} INFO - [2021-06-21 19:03:01,755] {dagbag.py:487} INFO - Filling up the DagBag from /home/airflow/.local/lib/python3.6/site-packages/airflow/example_dags/example_branch_labels.py
[2021-06-21 19:03:01,778] {scheduler_job.py:643} INFO - DAG(s) dict_keys(['example_branch_labels']) retrieved from /home/airflow/.local/lib/python3.6/site-packages/airflow/example_dags/example_branch_labels.py
[2021-06-21 19:03:01,796] {logging_mixin.py:104} INFO - [2021-06-21 19:03:01,796] {dag.py:1832} INFO - Sync 1 DAGs
[2021-06-21 19:03:01,810] {logging_mixin.py:104} INFO - [2021-06-21 19:03:01,810] {dag.py:2305} INFO - Setting next_dagrun for example_branch_labels to 2021-06-19 00:00:00+00:00
[2021-06-21 19:03:01,846] {scheduler_job.py:190} INFO - Processing /home/airflow/.local/lib/python3.6/site-packages/airflow/example_dags/example_branch_labels.py took 0.102 seconds
[2021-06-21 19:03:32,021] {scheduler_job.py:182} INFO - Started process (PID=569) to work on /home/airflow/.local/lib/python3.6/site-packages/airflow/example_dags/example_branch_labels.py
[2021-06-21 19:03:32,024] {scheduler_job.py:633} INFO - Processing file /home/airflow/.local/lib/python3.6/site-packages/airflow/example_dags/example_branch_labels.py for tasks to queue
[2021-06-21 19:03:32,026] {logging_mixin.py:104} INFO - [2021-06-21 19:03:32,025] {dagbag.py:487} INFO - Filling up the DagBag from /home/airflow/.local/lib/python3.6/site-packages/airflow/example_dags/example_branch_labels.py
[2021-06-21 19:03:32,050] {scheduler_job.py:643} INFO - DAG(s) dict_keys(['example_branch_labels']) retrieved from /home/airflow/.local/lib/python3.6/site-packages/airflow/example_dags/example_branch_labels.py
[2021-06-21 19:03:32,075] {logging_mixin.py:104} INFO - [2021-06-21 19:03:32,075] {dag.py:1832} INFO - Sync 1 DAGs
[2021-06-21 19:03:32,098] {logging_mixin.py:104} INFO - [2021-06-21 19:03:32,098] {dag.py:2305} INFO - Setting next_dagrun for example_branch_labels to 2021-06-19 00:00:00+00:00
[2021-06-21 19:03:32,131] {scheduler_job.py:190} INFO - Processing /home/airflow/.local/lib/python3.6/site-packages/airflow/example_dags/example_branch_labels.py took 0.122 seconds
[2021-06-21 19:04:02,189] {scheduler_job.py:182} INFO - Started process (PID=633) to work on /home/airflow/.local/lib/python3.6/site-packages/airflow/example_dags/example_branch_labels.py
[2021-06-21 19:04:02,190] {scheduler_job.py:633} INFO - Processing file /home/airflow/.local/lib/python3.6/site-packages/airflow/example_dags/example_branch_labels.py for tasks to queue
[2021-06-21 19:04:02,190] {logging_mixin.py:104} INFO - [2021-06-21 19:04:02,190] {dagbag.py:487} INFO - Filling up the DagBag from /home/airflow/.local/lib/python3.6/site-packages/airflow/example_dags/example_branch_labels.py
[2021-06-21 19:04:02,201] {scheduler_job.py:643} INFO - DAG(s) dict_keys(['example_branch_labels']) retrieved from /home/airflow/.local/lib/python3.6/site-packages/airflow/example_dags/example_branch_labels.py
[2021-06-21 19:04:02,231] {logging_mixin.py:104} INFO - [2021-06-21 19:04:02,231] {dag.py:1832} INFO - Sync 1 DAGs
[2021-06-21 19:04:02,254] {logging_mixin.py:104} INFO - [2021-06-21 19:04:02,254] {dag.py:2305} INFO - Setting next_dagrun for example_branch_labels to 2021-06-19 00:00:00+00:00
[2021-06-21 19:04:02,283] {scheduler_job.py:190} INFO - Processing /home/airflow/.local/lib/python3.6/site-packages/airflow/example_dags/example_branch_labels.py took 0.096 seconds
[2021-06-21 19:04:33,232] {scheduler_job.py:182} INFO - Started process (PID=713) to work on /home/airflow/.local/lib/python3.6/site-packages/airflow/example_dags/example_branch_labels.py
[2021-06-21 19:04:33,235] {scheduler_job.py:633} INFO - Processing file /home/airflow/.local/lib/python3.6/site-packages/airflow/example_dags/example_branch_labels.py for tasks to queue
[2021-06-21 19:04:33,237] {logging_mixin.py:104} INFO - [2021-06-21 19:04:33,236] {dagbag.py:487} INFO - Filling up the DagBag from /home/airflow/.local/lib/python3.6/site-packages/airflow/example_dags/example_branch_labels.py
[2021-06-21 19:04:33,259] {scheduler_job.py:643} INFO - DAG(s) dict_keys(['example_branch_labels']) retrieved from /home/airflow/.local/lib/python3.6/site-packages/airflow/example_dags/example_branch_labels.py
[2021-06-21 19:04:33,277] {logging_mixin.py:104} INFO - [2021-06-21 19:04:33,277] {dag.py:1832} INFO - Sync 1 DAGs
[2021-06-21 19:04:33,292] {logging_mixin.py:104} INFO - [2021-06-21 19:04:33,292] {dag.py:2305} INFO - Setting next_dagrun for example_branch_labels to 2021-06-19 00:00:00+00:00
[2021-06-21 19:04:33,299] {scheduler_job.py:190} INFO - Processing /home/airflow/.local/lib/python3.6/site-packages/airflow/example_dags/example_branch_labels.py took 0.076 seconds
[2021-06-21 19:05:03,411] {scheduler_job.py:182} INFO - Started process (PID=777) to work on /home/airflow/.local/lib/python3.6/site-packages/airflow/example_dags/example_branch_labels.py
[2021-06-21 19:05:03,414] {scheduler_job.py:633} INFO - Processing file /home/airflow/.local/lib/python3.6/site-packages/airflow/example_dags/example_branch_labels.py for tasks to queue
[2021-06-21 19:05:03,415] {logging_mixin.py:104} INFO - [2021-06-21 19:05:03,415] {dagbag.py:487} INFO - Filling up the DagBag from /home/airflow/.local/lib/python3.6/site-packages/airflow/example_dags/example_branch_labels.py
[2021-06-21 19:05:03,435] {scheduler_job.py:643} INFO - DAG(s) dict_keys(['example_branch_labels']) retrieved from /home/airflow/.local/lib/python3.6/site-packages/airflow/example_dags/example_branch_labels.py
[2021-06-21 19:05:03,461] {logging_mixin.py:104} INFO - [2021-06-21 19:05:03,461] {dag.py:1832} INFO - Sync 1 DAGs
[2021-06-21 19:05:03,475] {logging_mixin.py:104} INFO - [2021-06-21 19:05:03,474] {dag.py:2305} INFO - Setting next_dagrun for example_branch_labels to 2021-06-19 00:00:00+00:00
[2021-06-21 19:05:03,480] {scheduler_job.py:190} INFO - Processing /home/airflow/.local/lib/python3.6/site-packages/airflow/example_dags/example_branch_labels.py took 0.080 seconds
[2021-06-21 19:05:34,016] {scheduler_job.py:182} INFO - Started process (PID=858) to work on /home/airflow/.local/lib/python3.6/site-packages/airflow/example_dags/example_branch_labels.py
[2021-06-21 19:05:34,019] {scheduler_job.py:633} INFO - Processing file /home/airflow/.local/lib/python3.6/site-packages/airflow/example_dags/example_branch_labels.py for tasks to queue
[2021-06-21 19:05:34,021] {logging_mixin.py:104} INFO - [2021-06-21 19:05:34,021] {dagbag.py:487} INFO - Filling up the DagBag from /home/airflow/.local/lib/python3.6/site-packages/airflow/example_dags/example_branch_labels.py
[2021-06-21 19:05:34,057] {scheduler_job.py:643} INFO - DAG(s) dict_keys(['example_branch_labels']) retrieved from /home/airflow/.local/lib/python3.6/site-packages/airflow/example_dags/example_branch_labels.py
[2021-06-21 19:05:34,112] {logging_mixin.py:104} INFO - [2021-06-21 19:05:34,112] {dag.py:1832} INFO - Sync 1 DAGs
[2021-06-21 19:05:34,136] {logging_mixin.py:104} INFO - [2021-06-21 19:05:34,135] {dag.py:2305} INFO - Setting next_dagrun for example_branch_labels to 2021-06-19 00:00:00+00:00
[2021-06-21 19:05:34,142] {scheduler_job.py:190} INFO - Processing /home/airflow/.local/lib/python3.6/site-packages/airflow/example_dags/example_branch_labels.py took 0.135 seconds
[2021-06-21 19:06:04,350] {scheduler_job.py:182} INFO - Started process (PID=939) to work on /home/airflow/.local/lib/python3.6/site-packages/airflow/example_dags/example_branch_labels.py
[2021-06-21 19:06:04,351] {scheduler_job.py:633} INFO - Processing file /home/airflow/.local/lib/python3.6/site-packages/airflow/example_dags/example_branch_labels.py for tasks to queue
[2021-06-21 19:06:04,352] {logging_mixin.py:104} INFO - [2021-06-21 19:06:04,352] {dagbag.py:487} INFO - Filling up the DagBag from /home/airflow/.local/lib/python3.6/site-packages/airflow/example_dags/example_branch_labels.py
[2021-06-21 19:06:04,361] {scheduler_job.py:643} INFO - DAG(s) dict_keys(['example_branch_labels']) retrieved from /home/airflow/.local/lib/python3.6/site-packages/airflow/example_dags/example_branch_labels.py
[2021-06-21 19:06:04,379] {logging_mixin.py:104} INFO - [2021-06-21 19:06:04,379] {dag.py:1832} INFO - Sync 1 DAGs
[2021-06-21 19:06:04,395] {logging_mixin.py:104} INFO - [2021-06-21 19:06:04,395] {dag.py:2305} INFO - Setting next_dagrun for example_branch_labels to 2021-06-19 00:00:00+00:00
[2021-06-21 19:06:04,401] {scheduler_job.py:190} INFO - Processing /home/airflow/.local/lib/python3.6/site-packages/airflow/example_dags/example_branch_labels.py took 0.053 seconds
[2021-06-21 19:06:34,695] {scheduler_job.py:182} INFO - Started process (PID=1003) to work on /home/airflow/.local/lib/python3.6/site-packages/airflow/example_dags/example_branch_labels.py
[2021-06-21 19:06:34,700] {scheduler_job.py:633} INFO - Processing file /home/airflow/.local/lib/python3.6/site-packages/airflow/example_dags/example_branch_labels.py for tasks to queue
[2021-06-21 19:06:34,701] {logging_mixin.py:104} INFO - [2021-06-21 19:06:34,701] {dagbag.py:487} INFO - Filling up the DagBag from /home/airflow/.local/lib/python3.6/site-packages/airflow/example_dags/example_branch_labels.py
[2021-06-21 19:06:34,723] {scheduler_job.py:643} INFO - DAG(s) dict_keys(['example_branch_labels']) retrieved from /home/airflow/.local/lib/python3.6/site-packages/airflow/example_dags/example_branch_labels.py
[2021-06-21 19:06:34,741] {logging_mixin.py:104} INFO - [2021-06-21 19:06:34,741] {dag.py:1832} INFO - Sync 1 DAGs
[2021-06-21 19:06:34,756] {logging_mixin.py:104} INFO - [2021-06-21 19:06:34,756] {dag.py:2305} INFO - Setting next_dagrun for example_branch_labels to 2021-06-19 00:00:00+00:00
[2021-06-21 19:06:34,763] {scheduler_job.py:190} INFO - Processing /home/airflow/.local/lib/python3.6/site-packages/airflow/example_dags/example_branch_labels.py took 0.076 seconds
[2021-06-21 19:07:04,799] {scheduler_job.py:182} INFO - Started process (PID=1083) to work on /home/airflow/.local/lib/python3.6/site-packages/airflow/example_dags/example_branch_labels.py
[2021-06-21 19:07:04,800] {scheduler_job.py:633} INFO - Processing file /home/airflow/.local/lib/python3.6/site-packages/airflow/example_dags/example_branch_labels.py for tasks to queue
[2021-06-21 19:07:04,801] {logging_mixin.py:104} INFO - [2021-06-21 19:07:04,801] {dagbag.py:487} INFO - Filling up the DagBag from /home/airflow/.local/lib/python3.6/site-packages/airflow/example_dags/example_branch_labels.py
[2021-06-21 19:07:04,814] {scheduler_job.py:643} INFO - DAG(s) dict_keys(['example_branch_labels']) retrieved from /home/airflow/.local/lib/python3.6/site-packages/airflow/example_dags/example_branch_labels.py
[2021-06-21 19:07:04,834] {logging_mixin.py:104} INFO - [2021-06-21 19:07:04,834] {dag.py:1832} INFO - Sync 1 DAGs
[2021-06-21 19:07:04,852] {logging_mixin.py:104} INFO - [2021-06-21 19:07:04,852] {dag.py:2305} INFO - Setting next_dagrun for example_branch_labels to 2021-06-19 00:00:00+00:00
[2021-06-21 19:07:04,859] {scheduler_job.py:190} INFO - Processing /home/airflow/.local/lib/python3.6/site-packages/airflow/example_dags/example_branch_labels.py took 0.063 seconds
[2021-06-21 19:07:35,198] {scheduler_job.py:182} INFO - Started process (PID=1147) to work on /home/airflow/.local/lib/python3.6/site-packages/airflow/example_dags/example_branch_labels.py
[2021-06-21 19:07:35,199] {scheduler_job.py:633} INFO - Processing file /home/airflow/.local/lib/python3.6/site-packages/airflow/example_dags/example_branch_labels.py for tasks to queue
[2021-06-21 19:07:35,200] {logging_mixin.py:104} INFO - [2021-06-21 19:07:35,200] {dagbag.py:487} INFO - Filling up the DagBag from /home/airflow/.local/lib/python3.6/site-packages/airflow/example_dags/example_branch_labels.py
[2021-06-21 19:07:35,215] {scheduler_job.py:643} INFO - DAG(s) dict_keys(['example_branch_labels']) retrieved from /home/airflow/.local/lib/python3.6/site-packages/airflow/example_dags/example_branch_labels.py
[2021-06-21 19:07:35,239] {logging_mixin.py:104} INFO - [2021-06-21 19:07:35,239] {dag.py:1832} INFO - Sync 1 DAGs
[2021-06-21 19:07:35,255] {logging_mixin.py:104} INFO - [2021-06-21 19:07:35,255] {dag.py:2305} INFO - Setting next_dagrun for example_branch_labels to 2021-06-19 00:00:00+00:00
[2021-06-21 19:07:35,262] {scheduler_job.py:190} INFO - Processing /home/airflow/.local/lib/python3.6/site-packages/airflow/example_dags/example_branch_labels.py took 0.067 seconds
[2021-06-21 19:08:05,537] {scheduler_job.py:182} INFO - Started process (PID=1228) to work on /home/airflow/.local/lib/python3.6/site-packages/airflow/example_dags/example_branch_labels.py
[2021-06-21 19:08:05,538] {scheduler_job.py:633} INFO - Processing file /home/airflow/.local/lib/python3.6/site-packages/airflow/example_dags/example_branch_labels.py for tasks to queue
[2021-06-21 19:08:05,538] {logging_mixin.py:104} INFO - [2021-06-21 19:08:05,538] {dagbag.py:487} INFO - Filling up the DagBag from /home/airflow/.local/lib/python3.6/site-packages/airflow/example_dags/example_branch_labels.py
[2021-06-21 19:08:05,547] {scheduler_job.py:643} INFO - DAG(s) dict_keys(['example_branch_labels']) retrieved from /home/airflow/.local/lib/python3.6/site-packages/airflow/example_dags/example_branch_labels.py
[2021-06-21 19:08:05,563] {logging_mixin.py:104} INFO - [2021-06-21 19:08:05,563] {dag.py:1832} INFO - Sync 1 DAGs
[2021-06-21 19:08:05,579] {logging_mixin.py:104} INFO - [2021-06-21 19:08:05,579] {dag.py:2305} INFO - Setting next_dagrun for example_branch_labels to 2021-06-19 00:00:00+00:00
[2021-06-21 19:08:05,585] {scheduler_job.py:190} INFO - Processing /home/airflow/.local/lib/python3.6/site-packages/airflow/example_dags/example_branch_labels.py took 0.050 seconds
[2021-06-21 19:08:36,043] {scheduler_job.py:182} INFO - Started process (PID=1293) to work on /home/airflow/.local/lib/python3.6/site-packages/airflow/example_dags/example_branch_labels.py
[2021-06-21 19:08:36,043] {scheduler_job.py:633} INFO - Processing file /home/airflow/.local/lib/python3.6/site-packages/airflow/example_dags/example_branch_labels.py for tasks to queue
[2021-06-21 19:08:36,044] {logging_mixin.py:104} INFO - [2021-06-21 19:08:36,044] {dagbag.py:487} INFO - Filling up the DagBag from /home/airflow/.local/lib/python3.6/site-packages/airflow/example_dags/example_branch_labels.py
[2021-06-21 19:08:36,053] {scheduler_job.py:643} INFO - DAG(s) dict_keys(['example_branch_labels']) retrieved from /home/airflow/.local/lib/python3.6/site-packages/airflow/example_dags/example_branch_labels.py
[2021-06-21 19:08:36,081] {logging_mixin.py:104} INFO - [2021-06-21 19:08:36,081] {dag.py:1832} INFO - Sync 1 DAGs
[2021-06-21 19:08:36,108] {logging_mixin.py:104} INFO - [2021-06-21 19:08:36,107] {dag.py:2305} INFO - Setting next_dagrun for example_branch_labels to 2021-06-19 00:00:00+00:00
[2021-06-21 19:08:36,117] {scheduler_job.py:190} INFO - Processing /home/airflow/.local/lib/python3.6/site-packages/airflow/example_dags/example_branch_labels.py took 0.076 seconds
[2021-06-21 19:09:06,587] {scheduler_job.py:182} INFO - Started process (PID=1377) to work on /home/airflow/.local/lib/python3.6/site-packages/airflow/example_dags/example_branch_labels.py
[2021-06-21 19:09:06,588] {scheduler_job.py:633} INFO - Processing file /home/airflow/.local/lib/python3.6/site-packages/airflow/example_dags/example_branch_labels.py for tasks to queue
[2021-06-21 19:09:06,589] {logging_mixin.py:104} INFO - [2021-06-21 19:09:06,589] {dagbag.py:487} INFO - Filling up the DagBag from /home/airflow/.local/lib/python3.6/site-packages/airflow/example_dags/example_branch_labels.py
[2021-06-21 19:09:06,599] {scheduler_job.py:643} INFO - DAG(s) dict_keys(['example_branch_labels']) retrieved from /home/airflow/.local/lib/python3.6/site-packages/airflow/example_dags/example_branch_labels.py
[2021-06-21 19:09:06,619] {logging_mixin.py:104} INFO - [2021-06-21 19:09:06,619] {dag.py:1832} INFO - Sync 1 DAGs
[2021-06-21 19:09:06,640] {logging_mixin.py:104} INFO - [2021-06-21 19:09:06,640] {dag.py:2305} INFO - Setting next_dagrun for example_branch_labels to 2021-06-19 00:00:00+00:00
[2021-06-21 19:09:06,649] {scheduler_job.py:190} INFO - Processing /home/airflow/.local/lib/python3.6/site-packages/airflow/example_dags/example_branch_labels.py took 0.065 seconds
[2021-06-21 19:09:37,028] {scheduler_job.py:182} INFO - Started process (PID=1441) to work on /home/airflow/.local/lib/python3.6/site-packages/airflow/example_dags/example_branch_labels.py
[2021-06-21 19:09:37,031] {scheduler_job.py:633} INFO - Processing file /home/airflow/.local/lib/python3.6/site-packages/airflow/example_dags/example_branch_labels.py for tasks to queue
[2021-06-21 19:09:37,037] {logging_mixin.py:104} INFO - [2021-06-21 19:09:37,037] {dagbag.py:487} INFO - Filling up the DagBag from /home/airflow/.local/lib/python3.6/site-packages/airflow/example_dags/example_branch_labels.py
[2021-06-21 19:09:37,055] {scheduler_job.py:643} INFO - DAG(s) dict_keys(['example_branch_labels']) retrieved from /home/airflow/.local/lib/python3.6/site-packages/airflow/example_dags/example_branch_labels.py
[2021-06-21 19:09:37,082] {logging_mixin.py:104} INFO - [2021-06-21 19:09:37,082] {dag.py:1832} INFO - Sync 1 DAGs
[2021-06-21 19:09:37,103] {logging_mixin.py:104} INFO - [2021-06-21 19:09:37,102] {dag.py:2305} INFO - Setting next_dagrun for example_branch_labels to 2021-06-19 00:00:00+00:00
[2021-06-21 19:09:37,111] {scheduler_job.py:190} INFO - Processing /home/airflow/.local/lib/python3.6/site-packages/airflow/example_dags/example_branch_labels.py took 0.090 seconds
[2021-06-21 19:10:07,273] {scheduler_job.py:182} INFO - Started process (PID=1522) to work on /home/airflow/.local/lib/python3.6/site-packages/airflow/example_dags/example_branch_labels.py
[2021-06-21 19:10:07,274] {scheduler_job.py:633} INFO - Processing file /home/airflow/.local/lib/python3.6/site-packages/airflow/example_dags/example_branch_labels.py for tasks to queue
[2021-06-21 19:10:07,275] {logging_mixin.py:104} INFO - [2021-06-21 19:10:07,275] {dagbag.py:487} INFO - Filling up the DagBag from /home/airflow/.local/lib/python3.6/site-packages/airflow/example_dags/example_branch_labels.py
[2021-06-21 19:10:07,289] {scheduler_job.py:643} INFO - DAG(s) dict_keys(['example_branch_labels']) retrieved from /home/airflow/.local/lib/python3.6/site-packages/airflow/example_dags/example_branch_labels.py
[2021-06-21 19:10:07,311] {logging_mixin.py:104} INFO - [2021-06-21 19:10:07,311] {dag.py:1832} INFO - Sync 1 DAGs
[2021-06-21 19:10:07,333] {logging_mixin.py:104} INFO - [2021-06-21 19:10:07,333] {dag.py:2305} INFO - Setting next_dagrun for example_branch_labels to 2021-06-19 00:00:00+00:00
[2021-06-21 19:10:07,364] {scheduler_job.py:190} INFO - Processing /home/airflow/.local/lib/python3.6/site-packages/airflow/example_dags/example_branch_labels.py took 0.094 seconds
[2021-06-21 19:10:37,548] {scheduler_job.py:182} INFO - Started process (PID=1588) to work on /home/airflow/.local/lib/python3.6/site-packages/airflow/example_dags/example_branch_labels.py
[2021-06-21 19:10:37,550] {scheduler_job.py:633} INFO - Processing file /home/airflow/.local/lib/python3.6/site-packages/airflow/example_dags/example_branch_labels.py for tasks to queue
[2021-06-21 19:10:37,551] {logging_mixin.py:104} INFO - [2021-06-21 19:10:37,550] {dagbag.py:487} INFO - Filling up the DagBag from /home/airflow/.local/lib/python3.6/site-packages/airflow/example_dags/example_branch_labels.py
[2021-06-21 19:10:37,566] {scheduler_job.py:643} INFO - DAG(s) dict_keys(['example_branch_labels']) retrieved from /home/airflow/.local/lib/python3.6/site-packages/airflow/example_dags/example_branch_labels.py
[2021-06-21 19:10:37,591] {logging_mixin.py:104} INFO - [2021-06-21 19:10:37,590] {dag.py:1832} INFO - Sync 1 DAGs
[2021-06-21 19:10:37,619] {logging_mixin.py:104} INFO - [2021-06-21 19:10:37,619] {dag.py:2305} INFO - Setting next_dagrun for example_branch_labels to 2021-06-19 00:00:00+00:00
[2021-06-21 19:10:37,649] {scheduler_job.py:190} INFO - Processing /home/airflow/.local/lib/python3.6/site-packages/airflow/example_dags/example_branch_labels.py took 0.107 seconds
[2021-06-21 19:11:07,972] {scheduler_job.py:182} INFO - Started process (PID=1668) to work on /home/airflow/.local/lib/python3.6/site-packages/airflow/example_dags/example_branch_labels.py
[2021-06-21 19:11:07,973] {scheduler_job.py:633} INFO - Processing file /home/airflow/.local/lib/python3.6/site-packages/airflow/example_dags/example_branch_labels.py for tasks to queue
[2021-06-21 19:11:07,974] {logging_mixin.py:104} INFO - [2021-06-21 19:11:07,974] {dagbag.py:487} INFO - Filling up the DagBag from /home/airflow/.local/lib/python3.6/site-packages/airflow/example_dags/example_branch_labels.py
[2021-06-21 19:11:07,988] {scheduler_job.py:643} INFO - DAG(s) dict_keys(['example_branch_labels']) retrieved from /home/airflow/.local/lib/python3.6/site-packages/airflow/example_dags/example_branch_labels.py
[2021-06-21 19:11:08,008] {logging_mixin.py:104} INFO - [2021-06-21 19:11:08,008] {dag.py:1832} INFO - Sync 1 DAGs
[2021-06-21 19:11:08,026] {logging_mixin.py:104} INFO - [2021-06-21 19:11:08,026] {dag.py:2305} INFO - Setting next_dagrun for example_branch_labels to 2021-06-19 00:00:00+00:00
[2021-06-21 19:11:08,051] {scheduler_job.py:190} INFO - Processing /home/airflow/.local/lib/python3.6/site-packages/airflow/example_dags/example_branch_labels.py took 0.085 seconds
[2021-06-21 19:11:38,137] {scheduler_job.py:182} INFO - Started process (PID=1733) to work on /home/airflow/.local/lib/python3.6/site-packages/airflow/example_dags/example_branch_labels.py
[2021-06-21 19:11:38,138] {scheduler_job.py:633} INFO - Processing file /home/airflow/.local/lib/python3.6/site-packages/airflow/example_dags/example_branch_labels.py for tasks to queue
[2021-06-21 19:11:38,139] {logging_mixin.py:104} INFO - [2021-06-21 19:11:38,138] {dagbag.py:487} INFO - Filling up the DagBag from /home/airflow/.local/lib/python3.6/site-packages/airflow/example_dags/example_branch_labels.py
[2021-06-21 19:11:38,149] {scheduler_job.py:643} INFO - DAG(s) dict_keys(['example_branch_labels']) retrieved from /home/airflow/.local/lib/python3.6/site-packages/airflow/example_dags/example_branch_labels.py
[2021-06-21 19:11:38,167] {logging_mixin.py:104} INFO - [2021-06-21 19:11:38,167] {dag.py:1832} INFO - Sync 1 DAGs
[2021-06-21 19:11:38,185] {logging_mixin.py:104} INFO - [2021-06-21 19:11:38,185] {dag.py:2305} INFO - Setting next_dagrun for example_branch_labels to 2021-06-19 00:00:00+00:00
[2021-06-21 19:11:38,193] {scheduler_job.py:190} INFO - Processing /home/airflow/.local/lib/python3.6/site-packages/airflow/example_dags/example_branch_labels.py took 0.058 seconds
[2021-06-21 19:12:08,385] {scheduler_job.py:182} INFO - Started process (PID=1807) to work on /home/airflow/.local/lib/python3.6/site-packages/airflow/example_dags/example_branch_labels.py
[2021-06-21 19:12:08,387] {scheduler_job.py:633} INFO - Processing file /home/airflow/.local/lib/python3.6/site-packages/airflow/example_dags/example_branch_labels.py for tasks to queue
[2021-06-21 19:12:08,387] {logging_mixin.py:104} INFO - [2021-06-21 19:12:08,387] {dagbag.py:487} INFO - Filling up the DagBag from /home/airflow/.local/lib/python3.6/site-packages/airflow/example_dags/example_branch_labels.py
[2021-06-21 19:12:08,399] {scheduler_job.py:643} INFO - DAG(s) dict_keys(['example_branch_labels']) retrieved from /home/airflow/.local/lib/python3.6/site-packages/airflow/example_dags/example_branch_labels.py
[2021-06-21 19:12:08,419] {logging_mixin.py:104} INFO - [2021-06-21 19:12:08,418] {dag.py:1832} INFO - Sync 1 DAGs
[2021-06-21 19:12:08,438] {logging_mixin.py:104} INFO - [2021-06-21 19:12:08,438] {dag.py:2305} INFO - Setting next_dagrun for example_branch_labels to 2021-06-19 00:00:00+00:00
[2021-06-21 19:12:08,448] {scheduler_job.py:190} INFO - Processing /home/airflow/.local/lib/python3.6/site-packages/airflow/example_dags/example_branch_labels.py took 0.065 seconds
[2021-06-21 19:12:38,519] {scheduler_job.py:182} INFO - Started process (PID=1878) to work on /home/airflow/.local/lib/python3.6/site-packages/airflow/example_dags/example_branch_labels.py
[2021-06-21 19:12:38,520] {scheduler_job.py:633} INFO - Processing file /home/airflow/.local/lib/python3.6/site-packages/airflow/example_dags/example_branch_labels.py for tasks to queue
[2021-06-21 19:12:38,521] {logging_mixin.py:104} INFO - [2021-06-21 19:12:38,521] {dagbag.py:487} INFO - Filling up the DagBag from /home/airflow/.local/lib/python3.6/site-packages/airflow/example_dags/example_branch_labels.py
[2021-06-21 19:12:38,533] {scheduler_job.py:643} INFO - DAG(s) dict_keys(['example_branch_labels']) retrieved from /home/airflow/.local/lib/python3.6/site-packages/airflow/example_dags/example_branch_labels.py
[2021-06-21 19:12:38,562] {logging_mixin.py:104} INFO - [2021-06-21 19:12:38,562] {dag.py:1832} INFO - Sync 1 DAGs
[2021-06-21 19:12:38,587] {logging_mixin.py:104} INFO - [2021-06-21 19:12:38,587] {dag.py:2305} INFO - Setting next_dagrun for example_branch_labels to 2021-06-19 00:00:00+00:00
[2021-06-21 19:12:38,595] {scheduler_job.py:190} INFO - Processing /home/airflow/.local/lib/python3.6/site-packages/airflow/example_dags/example_branch_labels.py took 0.079 seconds
[2021-06-21 19:13:08,636] {scheduler_job.py:182} INFO - Started process (PID=1951) to work on /home/airflow/.local/lib/python3.6/site-packages/airflow/example_dags/example_branch_labels.py
[2021-06-21 19:13:08,637] {scheduler_job.py:633} INFO - Processing file /home/airflow/.local/lib/python3.6/site-packages/airflow/example_dags/example_branch_labels.py for tasks to queue
[2021-06-21 19:13:08,637] {logging_mixin.py:104} INFO - [2021-06-21 19:13:08,637] {dagbag.py:487} INFO - Filling up the DagBag from /home/airflow/.local/lib/python3.6/site-packages/airflow/example_dags/example_branch_labels.py
[2021-06-21 19:13:08,669] {scheduler_job.py:643} INFO - DAG(s) dict_keys(['example_branch_labels']) retrieved from /home/airflow/.local/lib/python3.6/site-packages/airflow/example_dags/example_branch_labels.py
[2021-06-21 19:13:08,705] {logging_mixin.py:104} INFO - [2021-06-21 19:13:08,705] {dag.py:1832} INFO - Sync 1 DAGs
[2021-06-21 19:13:08,726] {logging_mixin.py:104} INFO - [2021-06-21 19:13:08,726] {dag.py:2305} INFO - Setting next_dagrun for example_branch_labels to 2021-06-19 00:00:00+00:00
[2021-06-21 19:13:08,734] {scheduler_job.py:190} INFO - Processing /home/airflow/.local/lib/python3.6/site-packages/airflow/example_dags/example_branch_labels.py took 0.101 seconds
[2021-06-21 19:13:39,327] {scheduler_job.py:182} INFO - Started process (PID=2027) to work on /home/airflow/.local/lib/python3.6/site-packages/airflow/example_dags/example_branch_labels.py
[2021-06-21 19:13:39,330] {scheduler_job.py:633} INFO - Processing file /home/airflow/.local/lib/python3.6/site-packages/airflow/example_dags/example_branch_labels.py for tasks to queue
[2021-06-21 19:13:39,331] {logging_mixin.py:104} INFO - [2021-06-21 19:13:39,331] {dagbag.py:487} INFO - Filling up the DagBag from /home/airflow/.local/lib/python3.6/site-packages/airflow/example_dags/example_branch_labels.py
[2021-06-21 19:13:39,354] {scheduler_job.py:643} INFO - DAG(s) dict_keys(['example_branch_labels']) retrieved from /home/airflow/.local/lib/python3.6/site-packages/airflow/example_dags/example_branch_labels.py
[2021-06-21 19:13:39,373] {logging_mixin.py:104} INFO - [2021-06-21 19:13:39,373] {dag.py:1832} INFO - Sync 1 DAGs
[2021-06-21 19:13:39,387] {logging_mixin.py:104} INFO - [2021-06-21 19:13:39,387] {dag.py:2305} INFO - Setting next_dagrun for example_branch_labels to 2021-06-19 00:00:00+00:00
[2021-06-21 19:13:39,394] {scheduler_job.py:190} INFO - Processing /home/airflow/.local/lib/python3.6/site-packages/airflow/example_dags/example_branch_labels.py took 0.074 seconds
[2021-06-21 19:14:09,443] {scheduler_job.py:182} INFO - Started process (PID=2094) to work on /home/airflow/.local/lib/python3.6/site-packages/airflow/example_dags/example_branch_labels.py
[2021-06-21 19:14:09,445] {scheduler_job.py:633} INFO - Processing file /home/airflow/.local/lib/python3.6/site-packages/airflow/example_dags/example_branch_labels.py for tasks to queue
[2021-06-21 19:14:09,447] {logging_mixin.py:104} INFO - [2021-06-21 19:14:09,447] {dagbag.py:487} INFO - Filling up the DagBag from /home/airflow/.local/lib/python3.6/site-packages/airflow/example_dags/example_branch_labels.py
[2021-06-21 19:14:09,481] {scheduler_job.py:643} INFO - DAG(s) dict_keys(['example_branch_labels']) retrieved from /home/airflow/.local/lib/python3.6/site-packages/airflow/example_dags/example_branch_labels.py
[2021-06-21 19:14:09,536] {logging_mixin.py:104} INFO - [2021-06-21 19:14:09,536] {dag.py:1832} INFO - Sync 1 DAGs
[2021-06-21 19:14:09,560] {logging_mixin.py:104} INFO - [2021-06-21 19:14:09,560] {dag.py:2305} INFO - Setting next_dagrun for example_branch_labels to 2021-06-19 00:00:00+00:00
[2021-06-21 19:14:09,570] {scheduler_job.py:190} INFO - Processing /home/airflow/.local/lib/python3.6/site-packages/airflow/example_dags/example_branch_labels.py took 0.136 seconds
[2021-06-21 19:14:39,979] {scheduler_job.py:182} INFO - Started process (PID=2174) to work on /home/airflow/.local/lib/python3.6/site-packages/airflow/example_dags/example_branch_labels.py
[2021-06-21 19:14:39,980] {scheduler_job.py:633} INFO - Processing file /home/airflow/.local/lib/python3.6/site-packages/airflow/example_dags/example_branch_labels.py for tasks to queue
[2021-06-21 19:14:39,981] {logging_mixin.py:104} INFO - [2021-06-21 19:14:39,981] {dagbag.py:487} INFO - Filling up the DagBag from /home/airflow/.local/lib/python3.6/site-packages/airflow/example_dags/example_branch_labels.py
[2021-06-21 19:14:39,999] {scheduler_job.py:643} INFO - DAG(s) dict_keys(['example_branch_labels']) retrieved from /home/airflow/.local/lib/python3.6/site-packages/airflow/example_dags/example_branch_labels.py
[2021-06-21 19:14:40,020] {logging_mixin.py:104} INFO - [2021-06-21 19:14:40,020] {dag.py:1832} INFO - Sync 1 DAGs
[2021-06-21 19:14:40,042] {logging_mixin.py:104} INFO - [2021-06-21 19:14:40,042] {dag.py:2305} INFO - Setting next_dagrun for example_branch_labels to 2021-06-19 00:00:00+00:00
[2021-06-21 19:14:40,050] {scheduler_job.py:190} INFO - Processing /home/airflow/.local/lib/python3.6/site-packages/airflow/example_dags/example_branch_labels.py took 0.075 seconds
[2021-06-21 19:15:10,674] {scheduler_job.py:182} INFO - Started process (PID=2246) to work on /home/airflow/.local/lib/python3.6/site-packages/airflow/example_dags/example_branch_labels.py
[2021-06-21 19:15:10,675] {scheduler_job.py:633} INFO - Processing file /home/airflow/.local/lib/python3.6/site-packages/airflow/example_dags/example_branch_labels.py for tasks to queue
[2021-06-21 19:15:10,675] {logging_mixin.py:104} INFO - [2021-06-21 19:15:10,675] {dagbag.py:487} INFO - Filling up the DagBag from /home/airflow/.local/lib/python3.6/site-packages/airflow/example_dags/example_branch_labels.py
[2021-06-21 19:15:10,689] {scheduler_job.py:643} INFO - DAG(s) dict_keys(['example_branch_labels']) retrieved from /home/airflow/.local/lib/python3.6/site-packages/airflow/example_dags/example_branch_labels.py
[2021-06-21 19:15:10,715] {logging_mixin.py:104} INFO - [2021-06-21 19:15:10,715] {dag.py:1832} INFO - Sync 1 DAGs
[2021-06-21 19:15:10,731] {logging_mixin.py:104} INFO - [2021-06-21 19:15:10,731] {dag.py:2305} INFO - Setting next_dagrun for example_branch_labels to 2021-06-19 00:00:00+00:00
[2021-06-21 19:15:10,737] {scheduler_job.py:190} INFO - Processing /home/airflow/.local/lib/python3.6/site-packages/airflow/example_dags/example_branch_labels.py took 0.066 seconds
[2021-06-21 19:15:41,714] {scheduler_job.py:182} INFO - Started process (PID=2328) to work on /home/airflow/.local/lib/python3.6/site-packages/airflow/example_dags/example_branch_labels.py
[2021-06-21 19:15:41,715] {scheduler_job.py:633} INFO - Processing file /home/airflow/.local/lib/python3.6/site-packages/airflow/example_dags/example_branch_labels.py for tasks to queue
[2021-06-21 19:15:41,716] {logging_mixin.py:104} INFO - [2021-06-21 19:15:41,715] {dagbag.py:487} INFO - Filling up the DagBag from /home/airflow/.local/lib/python3.6/site-packages/airflow/example_dags/example_branch_labels.py
[2021-06-21 19:15:41,726] {scheduler_job.py:643} INFO - DAG(s) dict_keys(['example_branch_labels']) retrieved from /home/airflow/.local/lib/python3.6/site-packages/airflow/example_dags/example_branch_labels.py
[2021-06-21 19:15:41,745] {logging_mixin.py:104} INFO - [2021-06-21 19:15:41,745] {dag.py:1832} INFO - Sync 1 DAGs
[2021-06-21 19:15:41,762] {logging_mixin.py:104} INFO - [2021-06-21 19:15:41,762] {dag.py:2305} INFO - Setting next_dagrun for example_branch_labels to 2021-06-19 00:00:00+00:00
[2021-06-21 19:15:41,772] {scheduler_job.py:190} INFO - Processing /home/airflow/.local/lib/python3.6/site-packages/airflow/example_dags/example_branch_labels.py took 0.060 seconds
[2021-06-21 19:16:12,569] {scheduler_job.py:182} INFO - Started process (PID=2402) to work on /home/airflow/.local/lib/python3.6/site-packages/airflow/example_dags/example_branch_labels.py
[2021-06-21 19:16:12,570] {scheduler_job.py:633} INFO - Processing file /home/airflow/.local/lib/python3.6/site-packages/airflow/example_dags/example_branch_labels.py for tasks to queue
[2021-06-21 19:16:12,570] {logging_mixin.py:104} INFO - [2021-06-21 19:16:12,570] {dagbag.py:487} INFO - Filling up the DagBag from /home/airflow/.local/lib/python3.6/site-packages/airflow/example_dags/example_branch_labels.py
[2021-06-21 19:16:12,582] {scheduler_job.py:643} INFO - DAG(s) dict_keys(['example_branch_labels']) retrieved from /home/airflow/.local/lib/python3.6/site-packages/airflow/example_dags/example_branch_labels.py
[2021-06-21 19:16:12,612] {logging_mixin.py:104} INFO - [2021-06-21 19:16:12,612] {dag.py:1832} INFO - Sync 1 DAGs
[2021-06-21 19:16:12,670] {logging_mixin.py:104} INFO - [2021-06-21 19:16:12,670] {dag.py:2305} INFO - Setting next_dagrun for example_branch_labels to 2021-06-19 00:00:00+00:00
[2021-06-21 19:16:12,711] {scheduler_job.py:190} INFO - Processing /home/airflow/.local/lib/python3.6/site-packages/airflow/example_dags/example_branch_labels.py took 0.144 seconds
[2021-06-21 19:16:42,769] {scheduler_job.py:182} INFO - Started process (PID=2474) to work on /home/airflow/.local/lib/python3.6/site-packages/airflow/example_dags/example_branch_labels.py
[2021-06-21 19:16:42,770] {scheduler_job.py:633} INFO - Processing file /home/airflow/.local/lib/python3.6/site-packages/airflow/example_dags/example_branch_labels.py for tasks to queue
[2021-06-21 19:16:42,770] {logging_mixin.py:104} INFO - [2021-06-21 19:16:42,770] {dagbag.py:487} INFO - Filling up the DagBag from /home/airflow/.local/lib/python3.6/site-packages/airflow/example_dags/example_branch_labels.py
[2021-06-21 19:16:42,779] {scheduler_job.py:643} INFO - DAG(s) dict_keys(['example_branch_labels']) retrieved from /home/airflow/.local/lib/python3.6/site-packages/airflow/example_dags/example_branch_labels.py
[2021-06-21 19:16:42,794] {logging_mixin.py:104} INFO - [2021-06-21 19:16:42,794] {dag.py:1832} INFO - Sync 1 DAGs
[2021-06-21 19:16:42,808] {logging_mixin.py:104} INFO - [2021-06-21 19:16:42,808] {dag.py:2305} INFO - Setting next_dagrun for example_branch_labels to 2021-06-19 00:00:00+00:00
[2021-06-21 19:16:42,844] {scheduler_job.py:190} INFO - Processing /home/airflow/.local/lib/python3.6/site-packages/airflow/example_dags/example_branch_labels.py took 0.077 seconds
[2021-06-21 19:17:12,992] {scheduler_job.py:182} INFO - Started process (PID=2555) to work on /home/airflow/.local/lib/python3.6/site-packages/airflow/example_dags/example_branch_labels.py
[2021-06-21 19:17:12,994] {scheduler_job.py:633} INFO - Processing file /home/airflow/.local/lib/python3.6/site-packages/airflow/example_dags/example_branch_labels.py for tasks to queue
[2021-06-21 19:17:12,994] {logging_mixin.py:104} INFO - [2021-06-21 19:17:12,994] {dagbag.py:487} INFO - Filling up the DagBag from /home/airflow/.local/lib/python3.6/site-packages/airflow/example_dags/example_branch_labels.py
[2021-06-21 19:17:13,013] {scheduler_job.py:643} INFO - DAG(s) dict_keys(['example_branch_labels']) retrieved from /home/airflow/.local/lib/python3.6/site-packages/airflow/example_dags/example_branch_labels.py
[2021-06-21 19:17:13,052] {logging_mixin.py:104} INFO - [2021-06-21 19:17:13,052] {dag.py:1832} INFO - Sync 1 DAGs
[2021-06-21 19:17:13,073] {logging_mixin.py:104} INFO - [2021-06-21 19:17:13,073] {dag.py:2305} INFO - Setting next_dagrun for example_branch_labels to 2021-06-19 00:00:00+00:00
[2021-06-21 19:17:13,102] {scheduler_job.py:190} INFO - Processing /home/airflow/.local/lib/python3.6/site-packages/airflow/example_dags/example_branch_labels.py took 0.115 seconds
[2021-06-21 19:17:43,434] {scheduler_job.py:182} INFO - Started process (PID=2619) to work on /home/airflow/.local/lib/python3.6/site-packages/airflow/example_dags/example_branch_labels.py
[2021-06-21 19:17:43,437] {scheduler_job.py:633} INFO - Processing file /home/airflow/.local/lib/python3.6/site-packages/airflow/example_dags/example_branch_labels.py for tasks to queue
[2021-06-21 19:17:43,439] {logging_mixin.py:104} INFO - [2021-06-21 19:17:43,439] {dagbag.py:487} INFO - Filling up the DagBag from /home/airflow/.local/lib/python3.6/site-packages/airflow/example_dags/example_branch_labels.py
[2021-06-21 19:17:43,484] {scheduler_job.py:643} INFO - DAG(s) dict_keys(['example_branch_labels']) retrieved from /home/airflow/.local/lib/python3.6/site-packages/airflow/example_dags/example_branch_labels.py
[2021-06-21 19:17:43,559] {logging_mixin.py:104} INFO - [2021-06-21 19:17:43,559] {dag.py:1832} INFO - Sync 1 DAGs
[2021-06-21 19:17:43,596] {logging_mixin.py:104} INFO - [2021-06-21 19:17:43,596] {dag.py:2305} INFO - Setting next_dagrun for example_branch_labels to 2021-06-19 00:00:00+00:00
[2021-06-21 19:17:43,622] {scheduler_job.py:190} INFO - Processing /home/airflow/.local/lib/python3.6/site-packages/airflow/example_dags/example_branch_labels.py took 0.198 seconds
[2021-06-21 19:18:13,778] {scheduler_job.py:182} INFO - Started process (PID=2704) to work on /home/airflow/.local/lib/python3.6/site-packages/airflow/example_dags/example_branch_labels.py
[2021-06-21 19:18:13,781] {scheduler_job.py:633} INFO - Processing file /home/airflow/.local/lib/python3.6/site-packages/airflow/example_dags/example_branch_labels.py for tasks to queue
[2021-06-21 19:18:13,782] {logging_mixin.py:104} INFO - [2021-06-21 19:18:13,782] {dagbag.py:487} INFO - Filling up the DagBag from /home/airflow/.local/lib/python3.6/site-packages/airflow/example_dags/example_branch_labels.py
[2021-06-21 19:18:13,802] {scheduler_job.py:643} INFO - DAG(s) dict_keys(['example_branch_labels']) retrieved from /home/airflow/.local/lib/python3.6/site-packages/airflow/example_dags/example_branch_labels.py
[2021-06-21 19:18:13,822] {logging_mixin.py:104} INFO - [2021-06-21 19:18:13,822] {dag.py:1832} INFO - Sync 1 DAGs
[2021-06-21 19:18:13,841] {logging_mixin.py:104} INFO - [2021-06-21 19:18:13,840] {dag.py:2305} INFO - Setting next_dagrun for example_branch_labels to 2021-06-19 00:00:00+00:00
[2021-06-21 19:18:13,865] {scheduler_job.py:190} INFO - Processing /home/airflow/.local/lib/python3.6/site-packages/airflow/example_dags/example_branch_labels.py took 0.095 seconds
[2021-06-21 19:18:44,051] {scheduler_job.py:182} INFO - Started process (PID=2768) to work on /home/airflow/.local/lib/python3.6/site-packages/airflow/example_dags/example_branch_labels.py
[2021-06-21 19:18:44,054] {scheduler_job.py:633} INFO - Processing file /home/airflow/.local/lib/python3.6/site-packages/airflow/example_dags/example_branch_labels.py for tasks to queue
[2021-06-21 19:18:44,056] {logging_mixin.py:104} INFO - [2021-06-21 19:18:44,056] {dagbag.py:487} INFO - Filling up the DagBag from /home/airflow/.local/lib/python3.6/site-packages/airflow/example_dags/example_branch_labels.py
[2021-06-21 19:18:44,074] {scheduler_job.py:643} INFO - DAG(s) dict_keys(['example_branch_labels']) retrieved from /home/airflow/.local/lib/python3.6/site-packages/airflow/example_dags/example_branch_labels.py
[2021-06-21 19:18:44,093] {logging_mixin.py:104} INFO - [2021-06-21 19:18:44,093] {dag.py:1832} INFO - Sync 1 DAGs
[2021-06-21 19:18:44,108] {logging_mixin.py:104} INFO - [2021-06-21 19:18:44,108] {dag.py:2305} INFO - Setting next_dagrun for example_branch_labels to 2021-06-19 00:00:00+00:00
[2021-06-21 19:18:44,115] {scheduler_job.py:190} INFO - Processing /home/airflow/.local/lib/python3.6/site-packages/airflow/example_dags/example_branch_labels.py took 0.072 seconds
[2021-06-21 19:19:14,763] {scheduler_job.py:182} INFO - Started process (PID=2852) to work on /home/airflow/.local/lib/python3.6/site-packages/airflow/example_dags/example_branch_labels.py
[2021-06-21 19:19:14,765] {scheduler_job.py:633} INFO - Processing file /home/airflow/.local/lib/python3.6/site-packages/airflow/example_dags/example_branch_labels.py for tasks to queue
[2021-06-21 19:19:14,766] {logging_mixin.py:104} INFO - [2021-06-21 19:19:14,765] {dagbag.py:487} INFO - Filling up the DagBag from /home/airflow/.local/lib/python3.6/site-packages/airflow/example_dags/example_branch_labels.py
[2021-06-21 19:19:14,782] {scheduler_job.py:643} INFO - DAG(s) dict_keys(['example_branch_labels']) retrieved from /home/airflow/.local/lib/python3.6/site-packages/airflow/example_dags/example_branch_labels.py
[2021-06-21 19:19:14,807] {logging_mixin.py:104} INFO - [2021-06-21 19:19:14,807] {dag.py:1832} INFO - Sync 1 DAGs
[2021-06-21 19:19:14,832] {logging_mixin.py:104} INFO - [2021-06-21 19:19:14,832] {dag.py:2305} INFO - Setting next_dagrun for example_branch_labels to 2021-06-19 00:00:00+00:00
[2021-06-21 19:19:14,843] {scheduler_job.py:190} INFO - Processing /home/airflow/.local/lib/python3.6/site-packages/airflow/example_dags/example_branch_labels.py took 0.083 seconds
[2021-06-21 19:19:45,492] {scheduler_job.py:182} INFO - Started process (PID=2916) to work on /home/airflow/.local/lib/python3.6/site-packages/airflow/example_dags/example_branch_labels.py
[2021-06-21 19:19:45,495] {scheduler_job.py:633} INFO - Processing file /home/airflow/.local/lib/python3.6/site-packages/airflow/example_dags/example_branch_labels.py for tasks to queue
[2021-06-21 19:19:45,497] {logging_mixin.py:104} INFO - [2021-06-21 19:19:45,496] {dagbag.py:487} INFO - Filling up the DagBag from /home/airflow/.local/lib/python3.6/site-packages/airflow/example_dags/example_branch_labels.py
[2021-06-21 19:19:45,531] {scheduler_job.py:643} INFO - DAG(s) dict_keys(['example_branch_labels']) retrieved from /home/airflow/.local/lib/python3.6/site-packages/airflow/example_dags/example_branch_labels.py
[2021-06-21 19:19:45,596] {logging_mixin.py:104} INFO - [2021-06-21 19:19:45,596] {dag.py:1832} INFO - Sync 1 DAGs
[2021-06-21 19:19:45,658] {logging_mixin.py:104} INFO - [2021-06-21 19:19:45,658] {dag.py:2305} INFO - Setting next_dagrun for example_branch_labels to 2021-06-19 00:00:00+00:00
[2021-06-21 19:19:45,680] {scheduler_job.py:190} INFO - Processing /home/airflow/.local/lib/python3.6/site-packages/airflow/example_dags/example_branch_labels.py took 0.196 seconds
[2021-06-21 19:20:16,069] {scheduler_job.py:182} INFO - Started process (PID=2996) to work on /home/airflow/.local/lib/python3.6/site-packages/airflow/example_dags/example_branch_labels.py
[2021-06-21 19:20:16,070] {scheduler_job.py:633} INFO - Processing file /home/airflow/.local/lib/python3.6/site-packages/airflow/example_dags/example_branch_labels.py for tasks to queue
[2021-06-21 19:20:16,071] {logging_mixin.py:104} INFO - [2021-06-21 19:20:16,070] {dagbag.py:487} INFO - Filling up the DagBag from /home/airflow/.local/lib/python3.6/site-packages/airflow/example_dags/example_branch_labels.py
[2021-06-21 19:20:16,083] {scheduler_job.py:643} INFO - DAG(s) dict_keys(['example_branch_labels']) retrieved from /home/airflow/.local/lib/python3.6/site-packages/airflow/example_dags/example_branch_labels.py
[2021-06-21 19:20:16,104] {logging_mixin.py:104} INFO - [2021-06-21 19:20:16,103] {dag.py:1832} INFO - Sync 1 DAGs
[2021-06-21 19:20:16,127] {logging_mixin.py:104} INFO - [2021-06-21 19:20:16,127] {dag.py:2305} INFO - Setting next_dagrun for example_branch_labels to 2021-06-19 00:00:00+00:00
[2021-06-21 19:20:16,136] {scheduler_job.py:190} INFO - Processing /home/airflow/.local/lib/python3.6/site-packages/airflow/example_dags/example_branch_labels.py took 0.070 seconds
[2021-06-21 19:20:46,889] {scheduler_job.py:182} INFO - Started process (PID=3062) to work on /home/airflow/.local/lib/python3.6/site-packages/airflow/example_dags/example_branch_labels.py
[2021-06-21 19:20:46,891] {scheduler_job.py:633} INFO - Processing file /home/airflow/.local/lib/python3.6/site-packages/airflow/example_dags/example_branch_labels.py for tasks to queue
[2021-06-21 19:20:46,893] {logging_mixin.py:104} INFO - [2021-06-21 19:20:46,893] {dagbag.py:487} INFO - Filling up the DagBag from /home/airflow/.local/lib/python3.6/site-packages/airflow/example_dags/example_branch_labels.py
[2021-06-21 19:20:46,915] {scheduler_job.py:643} INFO - DAG(s) dict_keys(['example_branch_labels']) retrieved from /home/airflow/.local/lib/python3.6/site-packages/airflow/example_dags/example_branch_labels.py
[2021-06-21 19:20:46,934] {logging_mixin.py:104} INFO - [2021-06-21 19:20:46,934] {dag.py:1832} INFO - Sync 1 DAGs
[2021-06-21 19:20:46,949] {logging_mixin.py:104} INFO - [2021-06-21 19:20:46,949] {dag.py:2305} INFO - Setting next_dagrun for example_branch_labels to 2021-06-19 00:00:00+00:00
[2021-06-21 19:20:46,955] {scheduler_job.py:190} INFO - Processing /home/airflow/.local/lib/python3.6/site-packages/airflow/example_dags/example_branch_labels.py took 0.073 seconds
[2021-06-21 19:21:17,370] {scheduler_job.py:182} INFO - Started process (PID=3144) to work on /home/airflow/.local/lib/python3.6/site-packages/airflow/example_dags/example_branch_labels.py
[2021-06-21 19:21:17,374] {scheduler_job.py:633} INFO - Processing file /home/airflow/.local/lib/python3.6/site-packages/airflow/example_dags/example_branch_labels.py for tasks to queue
[2021-06-21 19:21:17,376] {logging_mixin.py:104} INFO - [2021-06-21 19:21:17,375] {dagbag.py:487} INFO - Filling up the DagBag from /home/airflow/.local/lib/python3.6/site-packages/airflow/example_dags/example_branch_labels.py
[2021-06-21 19:21:17,398] {scheduler_job.py:643} INFO - DAG(s) dict_keys(['example_branch_labels']) retrieved from /home/airflow/.local/lib/python3.6/site-packages/airflow/example_dags/example_branch_labels.py
[2021-06-21 19:21:17,418] {logging_mixin.py:104} INFO - [2021-06-21 19:21:17,418] {dag.py:1832} INFO - Sync 1 DAGs
[2021-06-21 19:21:17,438] {logging_mixin.py:104} INFO - [2021-06-21 19:21:17,438] {dag.py:2305} INFO - Setting next_dagrun for example_branch_labels to 2021-06-19 00:00:00+00:00
[2021-06-21 19:21:17,445] {scheduler_job.py:190} INFO - Processing /home/airflow/.local/lib/python3.6/site-packages/airflow/example_dags/example_branch_labels.py took 0.086 seconds
[2021-06-21 19:21:48,036] {scheduler_job.py:182} INFO - Started process (PID=3209) to work on /home/airflow/.local/lib/python3.6/site-packages/airflow/example_dags/example_branch_labels.py
[2021-06-21 19:21:48,038] {scheduler_job.py:633} INFO - Processing file /home/airflow/.local/lib/python3.6/site-packages/airflow/example_dags/example_branch_labels.py for tasks to queue
[2021-06-21 19:21:48,039] {logging_mixin.py:104} INFO - [2021-06-21 19:21:48,038] {dagbag.py:487} INFO - Filling up the DagBag from /home/airflow/.local/lib/python3.6/site-packages/airflow/example_dags/example_branch_labels.py
[2021-06-21 19:21:48,055] {scheduler_job.py:643} INFO - DAG(s) dict_keys(['example_branch_labels']) retrieved from /home/airflow/.local/lib/python3.6/site-packages/airflow/example_dags/example_branch_labels.py
[2021-06-21 19:21:48,076] {logging_mixin.py:104} INFO - [2021-06-21 19:21:48,076] {dag.py:1832} INFO - Sync 1 DAGs
[2021-06-21 19:21:48,093] {logging_mixin.py:104} INFO - [2021-06-21 19:21:48,093] {dag.py:2305} INFO - Setting next_dagrun for example_branch_labels to 2021-06-19 00:00:00+00:00
[2021-06-21 19:21:48,100] {scheduler_job.py:190} INFO - Processing /home/airflow/.local/lib/python3.6/site-packages/airflow/example_dags/example_branch_labels.py took 0.072 seconds
[2021-06-21 19:22:18,589] {scheduler_job.py:182} INFO - Started process (PID=3290) to work on /home/airflow/.local/lib/python3.6/site-packages/airflow/example_dags/example_branch_labels.py
[2021-06-21 19:22:18,595] {scheduler_job.py:633} INFO - Processing file /home/airflow/.local/lib/python3.6/site-packages/airflow/example_dags/example_branch_labels.py for tasks to queue
[2021-06-21 19:22:18,596] {logging_mixin.py:104} INFO - [2021-06-21 19:22:18,596] {dagbag.py:487} INFO - Filling up the DagBag from /home/airflow/.local/lib/python3.6/site-packages/airflow/example_dags/example_branch_labels.py
[2021-06-21 19:22:18,620] {scheduler_job.py:643} INFO - DAG(s) dict_keys(['example_branch_labels']) retrieved from /home/airflow/.local/lib/python3.6/site-packages/airflow/example_dags/example_branch_labels.py
[2021-06-21 19:22:18,641] {logging_mixin.py:104} INFO - [2021-06-21 19:22:18,641] {dag.py:1832} INFO - Sync 1 DAGs
[2021-06-21 19:22:18,662] {logging_mixin.py:104} INFO - [2021-06-21 19:22:18,662] {dag.py:2305} INFO - Setting next_dagrun for example_branch_labels to 2021-06-19 00:00:00+00:00
[2021-06-21 19:22:18,672] {scheduler_job.py:190} INFO - Processing /home/airflow/.local/lib/python3.6/site-packages/airflow/example_dags/example_branch_labels.py took 0.092 seconds
[2021-06-21 19:22:48,925] {scheduler_job.py:182} INFO - Started process (PID=3356) to work on /home/airflow/.local/lib/python3.6/site-packages/airflow/example_dags/example_branch_labels.py
[2021-06-21 19:22:48,928] {scheduler_job.py:633} INFO - Processing file /home/airflow/.local/lib/python3.6/site-packages/airflow/example_dags/example_branch_labels.py for tasks to queue
[2021-06-21 19:22:48,930] {logging_mixin.py:104} INFO - [2021-06-21 19:22:48,929] {dagbag.py:487} INFO - Filling up the DagBag from /home/airflow/.local/lib/python3.6/site-packages/airflow/example_dags/example_branch_labels.py
[2021-06-21 19:22:48,966] {scheduler_job.py:643} INFO - DAG(s) dict_keys(['example_branch_labels']) retrieved from /home/airflow/.local/lib/python3.6/site-packages/airflow/example_dags/example_branch_labels.py
[2021-06-21 19:22:49,027] {logging_mixin.py:104} INFO - [2021-06-21 19:22:49,026] {dag.py:1832} INFO - Sync 1 DAGs
[2021-06-21 19:22:49,093] {logging_mixin.py:104} INFO - [2021-06-21 19:22:49,092] {dag.py:2305} INFO - Setting next_dagrun for example_branch_labels to 2021-06-19 00:00:00+00:00
[2021-06-21 19:22:49,133] {scheduler_job.py:190} INFO - Processing /home/airflow/.local/lib/python3.6/site-packages/airflow/example_dags/example_branch_labels.py took 0.218 seconds
[2021-06-21 19:23:19,289] {scheduler_job.py:182} INFO - Started process (PID=3437) to work on /home/airflow/.local/lib/python3.6/site-packages/airflow/example_dags/example_branch_labels.py
[2021-06-21 19:23:19,290] {scheduler_job.py:633} INFO - Processing file /home/airflow/.local/lib/python3.6/site-packages/airflow/example_dags/example_branch_labels.py for tasks to queue
[2021-06-21 19:23:19,290] {logging_mixin.py:104} INFO - [2021-06-21 19:23:19,290] {dagbag.py:487} INFO - Filling up the DagBag from /home/airflow/.local/lib/python3.6/site-packages/airflow/example_dags/example_branch_labels.py
[2021-06-21 19:23:19,301] {scheduler_job.py:643} INFO - DAG(s) dict_keys(['example_branch_labels']) retrieved from /home/airflow/.local/lib/python3.6/site-packages/airflow/example_dags/example_branch_labels.py
[2021-06-21 19:23:19,320] {logging_mixin.py:104} INFO - [2021-06-21 19:23:19,320] {dag.py:1832} INFO - Sync 1 DAGs
[2021-06-21 19:23:19,339] {logging_mixin.py:104} INFO - [2021-06-21 19:23:19,339] {dag.py:2305} INFO - Setting next_dagrun for example_branch_labels to 2021-06-19 00:00:00+00:00
[2021-06-21 19:23:19,364] {scheduler_job.py:190} INFO - Processing /home/airflow/.local/lib/python3.6/site-packages/airflow/example_dags/example_branch_labels.py took 0.078 seconds
