[2021-06-21 19:00:33,059] {scheduler_job.py:182} INFO - Started process (PID=132) to work on /home/airflow/.local/lib/python3.6/site-packages/airflow/example_dags/example_latest_only.py
[2021-06-21 19:00:33,061] {scheduler_job.py:633} INFO - Processing file /home/airflow/.local/lib/python3.6/site-packages/airflow/example_dags/example_latest_only.py for tasks to queue
[2021-06-21 19:00:33,062] {logging_mixin.py:104} INFO - [2021-06-21 19:00:33,061] {dagbag.py:487} INFO - Filling up the DagBag from /home/airflow/.local/lib/python3.6/site-packages/airflow/example_dags/example_latest_only.py
[2021-06-21 19:00:33,078] {scheduler_job.py:643} INFO - DAG(s) dict_keys(['latest_only']) retrieved from /home/airflow/.local/lib/python3.6/site-packages/airflow/example_dags/example_latest_only.py
[2021-06-21 19:00:36,539] {logging_mixin.py:104} INFO - [2021-06-21 19:00:36,537] {dag.py:1832} INFO - Sync 1 DAGs
[2021-06-21 19:00:36,553] {logging_mixin.py:104} INFO - [2021-06-21 19:00:36,551] {dag.py:1851} INFO - Creating ORM DAG for latest_only
[2021-06-21 19:00:36,559] {logging_mixin.py:104} INFO - [2021-06-21 19:00:36,559] {dag.py:2305} INFO - Setting next_dagrun for latest_only to 2021-06-19 00:00:00+00:00
[2021-06-21 19:00:36,571] {scheduler_job.py:190} INFO - Processing /home/airflow/.local/lib/python3.6/site-packages/airflow/example_dags/example_latest_only.py took 3.516 seconds
[2021-06-21 19:01:07,169] {scheduler_job.py:182} INFO - Started process (PID=218) to work on /home/airflow/.local/lib/python3.6/site-packages/airflow/example_dags/example_latest_only.py
[2021-06-21 19:01:07,171] {scheduler_job.py:633} INFO - Processing file /home/airflow/.local/lib/python3.6/site-packages/airflow/example_dags/example_latest_only.py for tasks to queue
[2021-06-21 19:01:07,173] {logging_mixin.py:104} INFO - [2021-06-21 19:01:07,172] {dagbag.py:487} INFO - Filling up the DagBag from /home/airflow/.local/lib/python3.6/site-packages/airflow/example_dags/example_latest_only.py
[2021-06-21 19:01:07,192] {scheduler_job.py:643} INFO - DAG(s) dict_keys(['latest_only']) retrieved from /home/airflow/.local/lib/python3.6/site-packages/airflow/example_dags/example_latest_only.py
[2021-06-21 19:01:07,219] {logging_mixin.py:104} INFO - [2021-06-21 19:01:07,219] {dag.py:1832} INFO - Sync 1 DAGs
[2021-06-21 19:01:07,237] {logging_mixin.py:104} INFO - [2021-06-21 19:01:07,237] {dag.py:2305} INFO - Setting next_dagrun for latest_only to 2021-06-19 00:00:00+00:00
[2021-06-21 19:01:07,253] {scheduler_job.py:190} INFO - Processing /home/airflow/.local/lib/python3.6/site-packages/airflow/example_dags/example_latest_only.py took 0.092 seconds
[2021-06-21 19:01:37,372] {scheduler_job.py:182} INFO - Started process (PID=282) to work on /home/airflow/.local/lib/python3.6/site-packages/airflow/example_dags/example_latest_only.py
[2021-06-21 19:01:37,374] {scheduler_job.py:633} INFO - Processing file /home/airflow/.local/lib/python3.6/site-packages/airflow/example_dags/example_latest_only.py for tasks to queue
[2021-06-21 19:01:37,375] {logging_mixin.py:104} INFO - [2021-06-21 19:01:37,375] {dagbag.py:487} INFO - Filling up the DagBag from /home/airflow/.local/lib/python3.6/site-packages/airflow/example_dags/example_latest_only.py
[2021-06-21 19:01:37,393] {scheduler_job.py:643} INFO - DAG(s) dict_keys(['latest_only']) retrieved from /home/airflow/.local/lib/python3.6/site-packages/airflow/example_dags/example_latest_only.py
[2021-06-21 19:01:37,417] {logging_mixin.py:104} INFO - [2021-06-21 19:01:37,416] {dag.py:1832} INFO - Sync 1 DAGs
[2021-06-21 19:01:37,437] {logging_mixin.py:104} INFO - [2021-06-21 19:01:37,437] {dag.py:2305} INFO - Setting next_dagrun for latest_only to 2021-06-19 00:00:00+00:00
[2021-06-21 19:01:37,453] {scheduler_job.py:190} INFO - Processing /home/airflow/.local/lib/python3.6/site-packages/airflow/example_dags/example_latest_only.py took 0.090 seconds
[2021-06-21 19:02:07,544] {scheduler_job.py:182} INFO - Started process (PID=362) to work on /home/airflow/.local/lib/python3.6/site-packages/airflow/example_dags/example_latest_only.py
[2021-06-21 19:02:07,546] {scheduler_job.py:633} INFO - Processing file /home/airflow/.local/lib/python3.6/site-packages/airflow/example_dags/example_latest_only.py for tasks to queue
[2021-06-21 19:02:07,547] {logging_mixin.py:104} INFO - [2021-06-21 19:02:07,546] {dagbag.py:487} INFO - Filling up the DagBag from /home/airflow/.local/lib/python3.6/site-packages/airflow/example_dags/example_latest_only.py
[2021-06-21 19:02:07,558] {scheduler_job.py:643} INFO - DAG(s) dict_keys(['latest_only']) retrieved from /home/airflow/.local/lib/python3.6/site-packages/airflow/example_dags/example_latest_only.py
[2021-06-21 19:02:07,576] {logging_mixin.py:104} INFO - [2021-06-21 19:02:07,576] {dag.py:1832} INFO - Sync 1 DAGs
[2021-06-21 19:02:07,591] {logging_mixin.py:104} INFO - [2021-06-21 19:02:07,591] {dag.py:2305} INFO - Setting next_dagrun for latest_only to 2021-06-19 00:00:00+00:00
[2021-06-21 19:02:07,617] {scheduler_job.py:190} INFO - Processing /home/airflow/.local/lib/python3.6/site-packages/airflow/example_dags/example_latest_only.py took 0.076 seconds
[2021-06-21 19:02:37,682] {scheduler_job.py:182} INFO - Started process (PID=426) to work on /home/airflow/.local/lib/python3.6/site-packages/airflow/example_dags/example_latest_only.py
[2021-06-21 19:02:37,683] {scheduler_job.py:633} INFO - Processing file /home/airflow/.local/lib/python3.6/site-packages/airflow/example_dags/example_latest_only.py for tasks to queue
[2021-06-21 19:02:37,683] {logging_mixin.py:104} INFO - [2021-06-21 19:02:37,683] {dagbag.py:487} INFO - Filling up the DagBag from /home/airflow/.local/lib/python3.6/site-packages/airflow/example_dags/example_latest_only.py
[2021-06-21 19:02:37,692] {scheduler_job.py:643} INFO - DAG(s) dict_keys(['latest_only']) retrieved from /home/airflow/.local/lib/python3.6/site-packages/airflow/example_dags/example_latest_only.py
[2021-06-21 19:02:37,706] {logging_mixin.py:104} INFO - [2021-06-21 19:02:37,706] {dag.py:1832} INFO - Sync 1 DAGs
[2021-06-21 19:02:37,718] {logging_mixin.py:104} INFO - [2021-06-21 19:02:37,718] {dag.py:2305} INFO - Setting next_dagrun for latest_only to 2021-06-19 00:00:00+00:00
[2021-06-21 19:02:37,752] {scheduler_job.py:190} INFO - Processing /home/airflow/.local/lib/python3.6/site-packages/airflow/example_dags/example_latest_only.py took 0.072 seconds
[2021-06-21 19:03:08,096] {scheduler_job.py:182} INFO - Started process (PID=509) to work on /home/airflow/.local/lib/python3.6/site-packages/airflow/example_dags/example_latest_only.py
[2021-06-21 19:03:08,098] {scheduler_job.py:633} INFO - Processing file /home/airflow/.local/lib/python3.6/site-packages/airflow/example_dags/example_latest_only.py for tasks to queue
[2021-06-21 19:03:08,100] {logging_mixin.py:104} INFO - [2021-06-21 19:03:08,100] {dagbag.py:487} INFO - Filling up the DagBag from /home/airflow/.local/lib/python3.6/site-packages/airflow/example_dags/example_latest_only.py
[2021-06-21 19:03:08,121] {scheduler_job.py:643} INFO - DAG(s) dict_keys(['latest_only']) retrieved from /home/airflow/.local/lib/python3.6/site-packages/airflow/example_dags/example_latest_only.py
[2021-06-21 19:03:08,139] {logging_mixin.py:104} INFO - [2021-06-21 19:03:08,139] {dag.py:1832} INFO - Sync 1 DAGs
[2021-06-21 19:03:08,151] {logging_mixin.py:104} INFO - [2021-06-21 19:03:08,151] {dag.py:2305} INFO - Setting next_dagrun for latest_only to 2021-06-19 00:00:00+00:00
[2021-06-21 19:03:08,182] {scheduler_job.py:190} INFO - Processing /home/airflow/.local/lib/python3.6/site-packages/airflow/example_dags/example_latest_only.py took 0.095 seconds
[2021-06-21 19:03:38,261] {scheduler_job.py:182} INFO - Started process (PID=573) to work on /home/airflow/.local/lib/python3.6/site-packages/airflow/example_dags/example_latest_only.py
[2021-06-21 19:03:38,261] {scheduler_job.py:633} INFO - Processing file /home/airflow/.local/lib/python3.6/site-packages/airflow/example_dags/example_latest_only.py for tasks to queue
[2021-06-21 19:03:38,262] {logging_mixin.py:104} INFO - [2021-06-21 19:03:38,262] {dagbag.py:487} INFO - Filling up the DagBag from /home/airflow/.local/lib/python3.6/site-packages/airflow/example_dags/example_latest_only.py
[2021-06-21 19:03:38,271] {scheduler_job.py:643} INFO - DAG(s) dict_keys(['latest_only']) retrieved from /home/airflow/.local/lib/python3.6/site-packages/airflow/example_dags/example_latest_only.py
[2021-06-21 19:03:38,287] {logging_mixin.py:104} INFO - [2021-06-21 19:03:38,287] {dag.py:1832} INFO - Sync 1 DAGs
[2021-06-21 19:03:38,300] {logging_mixin.py:104} INFO - [2021-06-21 19:03:38,300] {dag.py:2305} INFO - Setting next_dagrun for latest_only to 2021-06-19 00:00:00+00:00
[2021-06-21 19:03:38,333] {scheduler_job.py:190} INFO - Processing /home/airflow/.local/lib/python3.6/site-packages/airflow/example_dags/example_latest_only.py took 0.075 seconds
[2021-06-21 19:04:08,412] {scheduler_job.py:182} INFO - Started process (PID=653) to work on /home/airflow/.local/lib/python3.6/site-packages/airflow/example_dags/example_latest_only.py
[2021-06-21 19:04:08,413] {scheduler_job.py:633} INFO - Processing file /home/airflow/.local/lib/python3.6/site-packages/airflow/example_dags/example_latest_only.py for tasks to queue
[2021-06-21 19:04:08,413] {logging_mixin.py:104} INFO - [2021-06-21 19:04:08,413] {dagbag.py:487} INFO - Filling up the DagBag from /home/airflow/.local/lib/python3.6/site-packages/airflow/example_dags/example_latest_only.py
[2021-06-21 19:04:08,427] {scheduler_job.py:643} INFO - DAG(s) dict_keys(['latest_only']) retrieved from /home/airflow/.local/lib/python3.6/site-packages/airflow/example_dags/example_latest_only.py
[2021-06-21 19:04:08,448] {logging_mixin.py:104} INFO - [2021-06-21 19:04:08,448] {dag.py:1832} INFO - Sync 1 DAGs
[2021-06-21 19:04:08,468] {logging_mixin.py:104} INFO - [2021-06-21 19:04:08,468] {dag.py:2305} INFO - Setting next_dagrun for latest_only to 2021-06-19 00:00:00+00:00
[2021-06-21 19:04:08,503] {scheduler_job.py:190} INFO - Processing /home/airflow/.local/lib/python3.6/site-packages/airflow/example_dags/example_latest_only.py took 0.101 seconds
[2021-06-21 19:04:39,442] {scheduler_job.py:182} INFO - Started process (PID=725) to work on /home/airflow/.local/lib/python3.6/site-packages/airflow/example_dags/example_latest_only.py
[2021-06-21 19:04:39,443] {scheduler_job.py:633} INFO - Processing file /home/airflow/.local/lib/python3.6/site-packages/airflow/example_dags/example_latest_only.py for tasks to queue
[2021-06-21 19:04:39,444] {logging_mixin.py:104} INFO - [2021-06-21 19:04:39,444] {dagbag.py:487} INFO - Filling up the DagBag from /home/airflow/.local/lib/python3.6/site-packages/airflow/example_dags/example_latest_only.py
[2021-06-21 19:04:39,453] {scheduler_job.py:643} INFO - DAG(s) dict_keys(['latest_only']) retrieved from /home/airflow/.local/lib/python3.6/site-packages/airflow/example_dags/example_latest_only.py
[2021-06-21 19:04:39,471] {logging_mixin.py:104} INFO - [2021-06-21 19:04:39,471] {dag.py:1832} INFO - Sync 1 DAGs
[2021-06-21 19:04:39,485] {logging_mixin.py:104} INFO - [2021-06-21 19:04:39,485] {dag.py:2305} INFO - Setting next_dagrun for latest_only to 2021-06-19 00:00:00+00:00
[2021-06-21 19:04:39,494] {scheduler_job.py:190} INFO - Processing /home/airflow/.local/lib/python3.6/site-packages/airflow/example_dags/example_latest_only.py took 0.054 seconds
[2021-06-21 19:05:09,572] {scheduler_job.py:182} INFO - Started process (PID=797) to work on /home/airflow/.local/lib/python3.6/site-packages/airflow/example_dags/example_latest_only.py
[2021-06-21 19:05:09,575] {scheduler_job.py:633} INFO - Processing file /home/airflow/.local/lib/python3.6/site-packages/airflow/example_dags/example_latest_only.py for tasks to queue
[2021-06-21 19:05:09,577] {logging_mixin.py:104} INFO - [2021-06-21 19:05:09,577] {dagbag.py:487} INFO - Filling up the DagBag from /home/airflow/.local/lib/python3.6/site-packages/airflow/example_dags/example_latest_only.py
[2021-06-21 19:05:09,597] {scheduler_job.py:643} INFO - DAG(s) dict_keys(['latest_only']) retrieved from /home/airflow/.local/lib/python3.6/site-packages/airflow/example_dags/example_latest_only.py
[2021-06-21 19:05:09,615] {logging_mixin.py:104} INFO - [2021-06-21 19:05:09,615] {dag.py:1832} INFO - Sync 1 DAGs
[2021-06-21 19:05:09,627] {logging_mixin.py:104} INFO - [2021-06-21 19:05:09,627] {dag.py:2305} INFO - Setting next_dagrun for latest_only to 2021-06-19 00:00:00+00:00
[2021-06-21 19:05:09,634] {scheduler_job.py:190} INFO - Processing /home/airflow/.local/lib/python3.6/site-packages/airflow/example_dags/example_latest_only.py took 0.071 seconds
[2021-06-21 19:05:40,208] {scheduler_job.py:182} INFO - Started process (PID=870) to work on /home/airflow/.local/lib/python3.6/site-packages/airflow/example_dags/example_latest_only.py
[2021-06-21 19:05:40,209] {scheduler_job.py:633} INFO - Processing file /home/airflow/.local/lib/python3.6/site-packages/airflow/example_dags/example_latest_only.py for tasks to queue
[2021-06-21 19:05:40,210] {logging_mixin.py:104} INFO - [2021-06-21 19:05:40,209] {dagbag.py:487} INFO - Filling up the DagBag from /home/airflow/.local/lib/python3.6/site-packages/airflow/example_dags/example_latest_only.py
[2021-06-21 19:05:40,218] {scheduler_job.py:643} INFO - DAG(s) dict_keys(['latest_only']) retrieved from /home/airflow/.local/lib/python3.6/site-packages/airflow/example_dags/example_latest_only.py
[2021-06-21 19:05:40,234] {logging_mixin.py:104} INFO - [2021-06-21 19:05:40,233] {dag.py:1832} INFO - Sync 1 DAGs
[2021-06-21 19:05:40,246] {logging_mixin.py:104} INFO - [2021-06-21 19:05:40,246] {dag.py:2305} INFO - Setting next_dagrun for latest_only to 2021-06-19 00:00:00+00:00
[2021-06-21 19:05:40,254] {scheduler_job.py:190} INFO - Processing /home/airflow/.local/lib/python3.6/site-packages/airflow/example_dags/example_latest_only.py took 0.047 seconds
[2021-06-21 19:06:10,427] {scheduler_job.py:182} INFO - Started process (PID=942) to work on /home/airflow/.local/lib/python3.6/site-packages/airflow/example_dags/example_latest_only.py
[2021-06-21 19:06:10,428] {scheduler_job.py:633} INFO - Processing file /home/airflow/.local/lib/python3.6/site-packages/airflow/example_dags/example_latest_only.py for tasks to queue
[2021-06-21 19:06:10,429] {logging_mixin.py:104} INFO - [2021-06-21 19:06:10,428] {dagbag.py:487} INFO - Filling up the DagBag from /home/airflow/.local/lib/python3.6/site-packages/airflow/example_dags/example_latest_only.py
[2021-06-21 19:06:10,442] {scheduler_job.py:643} INFO - DAG(s) dict_keys(['latest_only']) retrieved from /home/airflow/.local/lib/python3.6/site-packages/airflow/example_dags/example_latest_only.py
[2021-06-21 19:06:10,466] {logging_mixin.py:104} INFO - [2021-06-21 19:06:10,466] {dag.py:1832} INFO - Sync 1 DAGs
[2021-06-21 19:06:10,484] {logging_mixin.py:104} INFO - [2021-06-21 19:06:10,484] {dag.py:2305} INFO - Setting next_dagrun for latest_only to 2021-06-19 00:00:00+00:00
[2021-06-21 19:06:10,496] {scheduler_job.py:190} INFO - Processing /home/airflow/.local/lib/python3.6/site-packages/airflow/example_dags/example_latest_only.py took 0.072 seconds
[2021-06-21 19:06:40,823] {scheduler_job.py:182} INFO - Started process (PID=1022) to work on /home/airflow/.local/lib/python3.6/site-packages/airflow/example_dags/example_latest_only.py
[2021-06-21 19:06:40,825] {scheduler_job.py:633} INFO - Processing file /home/airflow/.local/lib/python3.6/site-packages/airflow/example_dags/example_latest_only.py for tasks to queue
[2021-06-21 19:06:40,826] {logging_mixin.py:104} INFO - [2021-06-21 19:06:40,825] {dagbag.py:487} INFO - Filling up the DagBag from /home/airflow/.local/lib/python3.6/site-packages/airflow/example_dags/example_latest_only.py
[2021-06-21 19:06:40,835] {scheduler_job.py:643} INFO - DAG(s) dict_keys(['latest_only']) retrieved from /home/airflow/.local/lib/python3.6/site-packages/airflow/example_dags/example_latest_only.py
[2021-06-21 19:06:40,856] {logging_mixin.py:104} INFO - [2021-06-21 19:06:40,856] {dag.py:1832} INFO - Sync 1 DAGs
[2021-06-21 19:06:40,870] {logging_mixin.py:104} INFO - [2021-06-21 19:06:40,870] {dag.py:2305} INFO - Setting next_dagrun for latest_only to 2021-06-19 00:00:00+00:00
[2021-06-21 19:06:40,879] {scheduler_job.py:190} INFO - Processing /home/airflow/.local/lib/python3.6/site-packages/airflow/example_dags/example_latest_only.py took 0.060 seconds
[2021-06-21 19:07:10,963] {scheduler_job.py:182} INFO - Started process (PID=1086) to work on /home/airflow/.local/lib/python3.6/site-packages/airflow/example_dags/example_latest_only.py
[2021-06-21 19:07:10,966] {scheduler_job.py:633} INFO - Processing file /home/airflow/.local/lib/python3.6/site-packages/airflow/example_dags/example_latest_only.py for tasks to queue
[2021-06-21 19:07:10,967] {logging_mixin.py:104} INFO - [2021-06-21 19:07:10,967] {dagbag.py:487} INFO - Filling up the DagBag from /home/airflow/.local/lib/python3.6/site-packages/airflow/example_dags/example_latest_only.py
[2021-06-21 19:07:10,988] {scheduler_job.py:643} INFO - DAG(s) dict_keys(['latest_only']) retrieved from /home/airflow/.local/lib/python3.6/site-packages/airflow/example_dags/example_latest_only.py
[2021-06-21 19:07:11,007] {logging_mixin.py:104} INFO - [2021-06-21 19:07:11,007] {dag.py:1832} INFO - Sync 1 DAGs
[2021-06-21 19:07:11,019] {logging_mixin.py:104} INFO - [2021-06-21 19:07:11,018] {dag.py:2305} INFO - Setting next_dagrun for latest_only to 2021-06-19 00:00:00+00:00
[2021-06-21 19:07:11,026] {scheduler_job.py:190} INFO - Processing /home/airflow/.local/lib/python3.6/site-packages/airflow/example_dags/example_latest_only.py took 0.071 seconds
[2021-06-21 19:07:41,334] {scheduler_job.py:182} INFO - Started process (PID=1166) to work on /home/airflow/.local/lib/python3.6/site-packages/airflow/example_dags/example_latest_only.py
[2021-06-21 19:07:41,335] {scheduler_job.py:633} INFO - Processing file /home/airflow/.local/lib/python3.6/site-packages/airflow/example_dags/example_latest_only.py for tasks to queue
[2021-06-21 19:07:41,335] {logging_mixin.py:104} INFO - [2021-06-21 19:07:41,335] {dagbag.py:487} INFO - Filling up the DagBag from /home/airflow/.local/lib/python3.6/site-packages/airflow/example_dags/example_latest_only.py
[2021-06-21 19:07:41,345] {scheduler_job.py:643} INFO - DAG(s) dict_keys(['latest_only']) retrieved from /home/airflow/.local/lib/python3.6/site-packages/airflow/example_dags/example_latest_only.py
[2021-06-21 19:07:41,359] {logging_mixin.py:104} INFO - [2021-06-21 19:07:41,359] {dag.py:1832} INFO - Sync 1 DAGs
[2021-06-21 19:07:41,370] {logging_mixin.py:104} INFO - [2021-06-21 19:07:41,370] {dag.py:2305} INFO - Setting next_dagrun for latest_only to 2021-06-19 00:00:00+00:00
[2021-06-21 19:07:41,377] {scheduler_job.py:190} INFO - Processing /home/airflow/.local/lib/python3.6/site-packages/airflow/example_dags/example_latest_only.py took 0.046 seconds
[2021-06-21 19:08:11,719] {scheduler_job.py:182} INFO - Started process (PID=1231) to work on /home/airflow/.local/lib/python3.6/site-packages/airflow/example_dags/example_latest_only.py
[2021-06-21 19:08:11,720] {scheduler_job.py:633} INFO - Processing file /home/airflow/.local/lib/python3.6/site-packages/airflow/example_dags/example_latest_only.py for tasks to queue
[2021-06-21 19:08:11,720] {logging_mixin.py:104} INFO - [2021-06-21 19:08:11,720] {dagbag.py:487} INFO - Filling up the DagBag from /home/airflow/.local/lib/python3.6/site-packages/airflow/example_dags/example_latest_only.py
[2021-06-21 19:08:11,729] {scheduler_job.py:643} INFO - DAG(s) dict_keys(['latest_only']) retrieved from /home/airflow/.local/lib/python3.6/site-packages/airflow/example_dags/example_latest_only.py
[2021-06-21 19:08:11,747] {logging_mixin.py:104} INFO - [2021-06-21 19:08:11,746] {dag.py:1832} INFO - Sync 1 DAGs
[2021-06-21 19:08:11,759] {logging_mixin.py:104} INFO - [2021-06-21 19:08:11,759] {dag.py:2305} INFO - Setting next_dagrun for latest_only to 2021-06-19 00:00:00+00:00
[2021-06-21 19:08:11,767] {scheduler_job.py:190} INFO - Processing /home/airflow/.local/lib/python3.6/site-packages/airflow/example_dags/example_latest_only.py took 0.051 seconds
[2021-06-21 19:08:42,246] {scheduler_job.py:182} INFO - Started process (PID=1312) to work on /home/airflow/.local/lib/python3.6/site-packages/airflow/example_dags/example_latest_only.py
[2021-06-21 19:08:42,248] {scheduler_job.py:633} INFO - Processing file /home/airflow/.local/lib/python3.6/site-packages/airflow/example_dags/example_latest_only.py for tasks to queue
[2021-06-21 19:08:42,250] {logging_mixin.py:104} INFO - [2021-06-21 19:08:42,250] {dagbag.py:487} INFO - Filling up the DagBag from /home/airflow/.local/lib/python3.6/site-packages/airflow/example_dags/example_latest_only.py
[2021-06-21 19:08:42,285] {scheduler_job.py:643} INFO - DAG(s) dict_keys(['latest_only']) retrieved from /home/airflow/.local/lib/python3.6/site-packages/airflow/example_dags/example_latest_only.py
[2021-06-21 19:08:42,341] {logging_mixin.py:104} INFO - [2021-06-21 19:08:42,341] {dag.py:1832} INFO - Sync 1 DAGs
[2021-06-21 19:08:42,368] {logging_mixin.py:104} INFO - [2021-06-21 19:08:42,368] {dag.py:2305} INFO - Setting next_dagrun for latest_only to 2021-06-19 00:00:00+00:00
[2021-06-21 19:08:42,377] {scheduler_job.py:190} INFO - Processing /home/airflow/.local/lib/python3.6/site-packages/airflow/example_dags/example_latest_only.py took 0.140 seconds
[2021-06-21 19:09:12,738] {scheduler_job.py:182} INFO - Started process (PID=1380) to work on /home/airflow/.local/lib/python3.6/site-packages/airflow/example_dags/example_latest_only.py
[2021-06-21 19:09:12,739] {scheduler_job.py:633} INFO - Processing file /home/airflow/.local/lib/python3.6/site-packages/airflow/example_dags/example_latest_only.py for tasks to queue
[2021-06-21 19:09:12,739] {logging_mixin.py:104} INFO - [2021-06-21 19:09:12,739] {dagbag.py:487} INFO - Filling up the DagBag from /home/airflow/.local/lib/python3.6/site-packages/airflow/example_dags/example_latest_only.py
[2021-06-21 19:09:12,748] {scheduler_job.py:643} INFO - DAG(s) dict_keys(['latest_only']) retrieved from /home/airflow/.local/lib/python3.6/site-packages/airflow/example_dags/example_latest_only.py
[2021-06-21 19:09:12,768] {logging_mixin.py:104} INFO - [2021-06-21 19:09:12,768] {dag.py:1832} INFO - Sync 1 DAGs
[2021-06-21 19:09:12,786] {logging_mixin.py:104} INFO - [2021-06-21 19:09:12,786] {dag.py:2305} INFO - Setting next_dagrun for latest_only to 2021-06-19 00:00:00+00:00
[2021-06-21 19:09:12,801] {scheduler_job.py:190} INFO - Processing /home/airflow/.local/lib/python3.6/site-packages/airflow/example_dags/example_latest_only.py took 0.065 seconds
[2021-06-21 19:09:43,158] {scheduler_job.py:182} INFO - Started process (PID=1461) to work on /home/airflow/.local/lib/python3.6/site-packages/airflow/example_dags/example_latest_only.py
[2021-06-21 19:09:43,163] {scheduler_job.py:633} INFO - Processing file /home/airflow/.local/lib/python3.6/site-packages/airflow/example_dags/example_latest_only.py for tasks to queue
[2021-06-21 19:09:43,164] {logging_mixin.py:104} INFO - [2021-06-21 19:09:43,164] {dagbag.py:487} INFO - Filling up the DagBag from /home/airflow/.local/lib/python3.6/site-packages/airflow/example_dags/example_latest_only.py
[2021-06-21 19:09:43,184] {scheduler_job.py:643} INFO - DAG(s) dict_keys(['latest_only']) retrieved from /home/airflow/.local/lib/python3.6/site-packages/airflow/example_dags/example_latest_only.py
[2021-06-21 19:09:43,203] {logging_mixin.py:104} INFO - [2021-06-21 19:09:43,203] {dag.py:1832} INFO - Sync 1 DAGs
[2021-06-21 19:09:43,217] {logging_mixin.py:104} INFO - [2021-06-21 19:09:43,217] {dag.py:2305} INFO - Setting next_dagrun for latest_only to 2021-06-19 00:00:00+00:00
[2021-06-21 19:09:43,228] {scheduler_job.py:190} INFO - Processing /home/airflow/.local/lib/python3.6/site-packages/airflow/example_dags/example_latest_only.py took 0.081 seconds
[2021-06-21 19:10:13,540] {scheduler_job.py:182} INFO - Started process (PID=1525) to work on /home/airflow/.local/lib/python3.6/site-packages/airflow/example_dags/example_latest_only.py
[2021-06-21 19:10:13,542] {scheduler_job.py:633} INFO - Processing file /home/airflow/.local/lib/python3.6/site-packages/airflow/example_dags/example_latest_only.py for tasks to queue
[2021-06-21 19:10:13,543] {logging_mixin.py:104} INFO - [2021-06-21 19:10:13,542] {dagbag.py:487} INFO - Filling up the DagBag from /home/airflow/.local/lib/python3.6/site-packages/airflow/example_dags/example_latest_only.py
[2021-06-21 19:10:13,557] {scheduler_job.py:643} INFO - DAG(s) dict_keys(['latest_only']) retrieved from /home/airflow/.local/lib/python3.6/site-packages/airflow/example_dags/example_latest_only.py
[2021-06-21 19:10:13,576] {logging_mixin.py:104} INFO - [2021-06-21 19:10:13,576] {dag.py:1832} INFO - Sync 1 DAGs
[2021-06-21 19:10:13,590] {logging_mixin.py:104} INFO - [2021-06-21 19:10:13,590] {dag.py:2305} INFO - Setting next_dagrun for latest_only to 2021-06-19 00:00:00+00:00
[2021-06-21 19:10:13,627] {scheduler_job.py:190} INFO - Processing /home/airflow/.local/lib/python3.6/site-packages/airflow/example_dags/example_latest_only.py took 0.091 seconds
[2021-06-21 19:10:43,787] {scheduler_job.py:182} INFO - Started process (PID=1607) to work on /home/airflow/.local/lib/python3.6/site-packages/airflow/example_dags/example_latest_only.py
[2021-06-21 19:10:43,790] {scheduler_job.py:633} INFO - Processing file /home/airflow/.local/lib/python3.6/site-packages/airflow/example_dags/example_latest_only.py for tasks to queue
[2021-06-21 19:10:43,792] {logging_mixin.py:104} INFO - [2021-06-21 19:10:43,792] {dagbag.py:487} INFO - Filling up the DagBag from /home/airflow/.local/lib/python3.6/site-packages/airflow/example_dags/example_latest_only.py
[2021-06-21 19:10:43,830] {scheduler_job.py:643} INFO - DAG(s) dict_keys(['latest_only']) retrieved from /home/airflow/.local/lib/python3.6/site-packages/airflow/example_dags/example_latest_only.py
[2021-06-21 19:10:43,883] {logging_mixin.py:104} INFO - [2021-06-21 19:10:43,883] {dag.py:1832} INFO - Sync 1 DAGs
[2021-06-21 19:10:43,910] {logging_mixin.py:104} INFO - [2021-06-21 19:10:43,909] {dag.py:2305} INFO - Setting next_dagrun for latest_only to 2021-06-19 00:00:00+00:00
[2021-06-21 19:10:43,953] {scheduler_job.py:190} INFO - Processing /home/airflow/.local/lib/python3.6/site-packages/airflow/example_dags/example_latest_only.py took 0.176 seconds
[2021-06-21 19:11:14,130] {scheduler_job.py:182} INFO - Started process (PID=1671) to work on /home/airflow/.local/lib/python3.6/site-packages/airflow/example_dags/example_latest_only.py
[2021-06-21 19:11:14,131] {scheduler_job.py:633} INFO - Processing file /home/airflow/.local/lib/python3.6/site-packages/airflow/example_dags/example_latest_only.py for tasks to queue
[2021-06-21 19:11:14,132] {logging_mixin.py:104} INFO - [2021-06-21 19:11:14,132] {dagbag.py:487} INFO - Filling up the DagBag from /home/airflow/.local/lib/python3.6/site-packages/airflow/example_dags/example_latest_only.py
[2021-06-21 19:11:14,144] {scheduler_job.py:643} INFO - DAG(s) dict_keys(['latest_only']) retrieved from /home/airflow/.local/lib/python3.6/site-packages/airflow/example_dags/example_latest_only.py
[2021-06-21 19:11:14,163] {logging_mixin.py:104} INFO - [2021-06-21 19:11:14,163] {dag.py:1832} INFO - Sync 1 DAGs
[2021-06-21 19:11:14,178] {logging_mixin.py:104} INFO - [2021-06-21 19:11:14,178] {dag.py:2305} INFO - Setting next_dagrun for latest_only to 2021-06-19 00:00:00+00:00
[2021-06-21 19:11:14,211] {scheduler_job.py:190} INFO - Processing /home/airflow/.local/lib/python3.6/site-packages/airflow/example_dags/example_latest_only.py took 0.086 seconds
[2021-06-21 19:11:44,300] {scheduler_job.py:182} INFO - Started process (PID=1752) to work on /home/airflow/.local/lib/python3.6/site-packages/airflow/example_dags/example_latest_only.py
[2021-06-21 19:11:44,302] {scheduler_job.py:633} INFO - Processing file /home/airflow/.local/lib/python3.6/site-packages/airflow/example_dags/example_latest_only.py for tasks to queue
[2021-06-21 19:11:44,302] {logging_mixin.py:104} INFO - [2021-06-21 19:11:44,302] {dagbag.py:487} INFO - Filling up the DagBag from /home/airflow/.local/lib/python3.6/site-packages/airflow/example_dags/example_latest_only.py
[2021-06-21 19:11:44,317] {scheduler_job.py:643} INFO - DAG(s) dict_keys(['latest_only']) retrieved from /home/airflow/.local/lib/python3.6/site-packages/airflow/example_dags/example_latest_only.py
[2021-06-21 19:11:44,341] {logging_mixin.py:104} INFO - [2021-06-21 19:11:44,340] {dag.py:1832} INFO - Sync 1 DAGs
[2021-06-21 19:11:44,359] {logging_mixin.py:104} INFO - [2021-06-21 19:11:44,359] {dag.py:2305} INFO - Setting next_dagrun for latest_only to 2021-06-19 00:00:00+00:00
[2021-06-21 19:11:44,368] {scheduler_job.py:190} INFO - Processing /home/airflow/.local/lib/python3.6/site-packages/airflow/example_dags/example_latest_only.py took 0.072 seconds
[2021-06-21 19:12:14,559] {scheduler_job.py:182} INFO - Started process (PID=1817) to work on /home/airflow/.local/lib/python3.6/site-packages/airflow/example_dags/example_latest_only.py
[2021-06-21 19:12:14,564] {scheduler_job.py:633} INFO - Processing file /home/airflow/.local/lib/python3.6/site-packages/airflow/example_dags/example_latest_only.py for tasks to queue
[2021-06-21 19:12:14,566] {logging_mixin.py:104} INFO - [2021-06-21 19:12:14,565] {dagbag.py:487} INFO - Filling up the DagBag from /home/airflow/.local/lib/python3.6/site-packages/airflow/example_dags/example_latest_only.py
[2021-06-21 19:12:14,581] {scheduler_job.py:643} INFO - DAG(s) dict_keys(['latest_only']) retrieved from /home/airflow/.local/lib/python3.6/site-packages/airflow/example_dags/example_latest_only.py
[2021-06-21 19:12:14,600] {logging_mixin.py:104} INFO - [2021-06-21 19:12:14,600] {dag.py:1832} INFO - Sync 1 DAGs
[2021-06-21 19:12:14,614] {logging_mixin.py:104} INFO - [2021-06-21 19:12:14,614] {dag.py:2305} INFO - Setting next_dagrun for latest_only to 2021-06-19 00:00:00+00:00
[2021-06-21 19:12:14,622] {scheduler_job.py:190} INFO - Processing /home/airflow/.local/lib/python3.6/site-packages/airflow/example_dags/example_latest_only.py took 0.073 seconds
[2021-06-21 19:12:44,725] {scheduler_job.py:182} INFO - Started process (PID=1891) to work on /home/airflow/.local/lib/python3.6/site-packages/airflow/example_dags/example_latest_only.py
[2021-06-21 19:12:44,726] {scheduler_job.py:633} INFO - Processing file /home/airflow/.local/lib/python3.6/site-packages/airflow/example_dags/example_latest_only.py for tasks to queue
[2021-06-21 19:12:44,727] {logging_mixin.py:104} INFO - [2021-06-21 19:12:44,727] {dagbag.py:487} INFO - Filling up the DagBag from /home/airflow/.local/lib/python3.6/site-packages/airflow/example_dags/example_latest_only.py
[2021-06-21 19:12:44,739] {scheduler_job.py:643} INFO - DAG(s) dict_keys(['latest_only']) retrieved from /home/airflow/.local/lib/python3.6/site-packages/airflow/example_dags/example_latest_only.py
[2021-06-21 19:12:44,759] {logging_mixin.py:104} INFO - [2021-06-21 19:12:44,759] {dag.py:1832} INFO - Sync 1 DAGs
[2021-06-21 19:12:44,777] {logging_mixin.py:104} INFO - [2021-06-21 19:12:44,777] {dag.py:2305} INFO - Setting next_dagrun for latest_only to 2021-06-19 00:00:00+00:00
[2021-06-21 19:12:44,787] {scheduler_job.py:190} INFO - Processing /home/airflow/.local/lib/python3.6/site-packages/airflow/example_dags/example_latest_only.py took 0.065 seconds
[2021-06-21 19:13:14,877] {scheduler_job.py:182} INFO - Started process (PID=1964) to work on /home/airflow/.local/lib/python3.6/site-packages/airflow/example_dags/example_latest_only.py
[2021-06-21 19:13:14,880] {scheduler_job.py:633} INFO - Processing file /home/airflow/.local/lib/python3.6/site-packages/airflow/example_dags/example_latest_only.py for tasks to queue
[2021-06-21 19:13:14,881] {logging_mixin.py:104} INFO - [2021-06-21 19:13:14,881] {dagbag.py:487} INFO - Filling up the DagBag from /home/airflow/.local/lib/python3.6/site-packages/airflow/example_dags/example_latest_only.py
[2021-06-21 19:13:14,903] {scheduler_job.py:643} INFO - DAG(s) dict_keys(['latest_only']) retrieved from /home/airflow/.local/lib/python3.6/site-packages/airflow/example_dags/example_latest_only.py
[2021-06-21 19:13:14,923] {logging_mixin.py:104} INFO - [2021-06-21 19:13:14,923] {dag.py:1832} INFO - Sync 1 DAGs
[2021-06-21 19:13:14,936] {logging_mixin.py:104} INFO - [2021-06-21 19:13:14,936] {dag.py:2305} INFO - Setting next_dagrun for latest_only to 2021-06-19 00:00:00+00:00
[2021-06-21 19:13:14,946] {scheduler_job.py:190} INFO - Processing /home/airflow/.local/lib/python3.6/site-packages/airflow/example_dags/example_latest_only.py took 0.077 seconds
[2021-06-21 19:13:45,458] {scheduler_job.py:182} INFO - Started process (PID=2030) to work on /home/airflow/.local/lib/python3.6/site-packages/airflow/example_dags/example_latest_only.py
[2021-06-21 19:13:45,459] {scheduler_job.py:633} INFO - Processing file /home/airflow/.local/lib/python3.6/site-packages/airflow/example_dags/example_latest_only.py for tasks to queue
[2021-06-21 19:13:45,459] {logging_mixin.py:104} INFO - [2021-06-21 19:13:45,459] {dagbag.py:487} INFO - Filling up the DagBag from /home/airflow/.local/lib/python3.6/site-packages/airflow/example_dags/example_latest_only.py
[2021-06-21 19:13:45,469] {scheduler_job.py:643} INFO - DAG(s) dict_keys(['latest_only']) retrieved from /home/airflow/.local/lib/python3.6/site-packages/airflow/example_dags/example_latest_only.py
[2021-06-21 19:13:45,485] {logging_mixin.py:104} INFO - [2021-06-21 19:13:45,485] {dag.py:1832} INFO - Sync 1 DAGs
[2021-06-21 19:13:45,499] {logging_mixin.py:104} INFO - [2021-06-21 19:13:45,498] {dag.py:2305} INFO - Setting next_dagrun for latest_only to 2021-06-19 00:00:00+00:00
[2021-06-21 19:13:45,507] {scheduler_job.py:190} INFO - Processing /home/airflow/.local/lib/python3.6/site-packages/airflow/example_dags/example_latest_only.py took 0.052 seconds
[2021-06-21 19:14:15,692] {scheduler_job.py:182} INFO - Started process (PID=2113) to work on /home/airflow/.local/lib/python3.6/site-packages/airflow/example_dags/example_latest_only.py
[2021-06-21 19:14:15,693] {scheduler_job.py:633} INFO - Processing file /home/airflow/.local/lib/python3.6/site-packages/airflow/example_dags/example_latest_only.py for tasks to queue
[2021-06-21 19:14:15,693] {logging_mixin.py:104} INFO - [2021-06-21 19:14:15,693] {dagbag.py:487} INFO - Filling up the DagBag from /home/airflow/.local/lib/python3.6/site-packages/airflow/example_dags/example_latest_only.py
[2021-06-21 19:14:15,702] {scheduler_job.py:643} INFO - DAG(s) dict_keys(['latest_only']) retrieved from /home/airflow/.local/lib/python3.6/site-packages/airflow/example_dags/example_latest_only.py
[2021-06-21 19:14:15,721] {logging_mixin.py:104} INFO - [2021-06-21 19:14:15,721] {dag.py:1832} INFO - Sync 1 DAGs
[2021-06-21 19:14:15,737] {logging_mixin.py:104} INFO - [2021-06-21 19:14:15,737] {dag.py:2305} INFO - Setting next_dagrun for latest_only to 2021-06-19 00:00:00+00:00
[2021-06-21 19:14:15,748] {scheduler_job.py:190} INFO - Processing /home/airflow/.local/lib/python3.6/site-packages/airflow/example_dags/example_latest_only.py took 0.058 seconds
[2021-06-21 19:14:46,127] {scheduler_job.py:182} INFO - Started process (PID=2177) to work on /home/airflow/.local/lib/python3.6/site-packages/airflow/example_dags/example_latest_only.py
[2021-06-21 19:14:46,130] {scheduler_job.py:633} INFO - Processing file /home/airflow/.local/lib/python3.6/site-packages/airflow/example_dags/example_latest_only.py for tasks to queue
[2021-06-21 19:14:46,132] {logging_mixin.py:104} INFO - [2021-06-21 19:14:46,131] {dagbag.py:487} INFO - Filling up the DagBag from /home/airflow/.local/lib/python3.6/site-packages/airflow/example_dags/example_latest_only.py
[2021-06-21 19:14:46,163] {scheduler_job.py:643} INFO - DAG(s) dict_keys(['latest_only']) retrieved from /home/airflow/.local/lib/python3.6/site-packages/airflow/example_dags/example_latest_only.py
[2021-06-21 19:14:46,188] {logging_mixin.py:104} INFO - [2021-06-21 19:14:46,188] {dag.py:1832} INFO - Sync 1 DAGs
[2021-06-21 19:14:46,200] {logging_mixin.py:104} INFO - [2021-06-21 19:14:46,200] {dag.py:2305} INFO - Setting next_dagrun for latest_only to 2021-06-19 00:00:00+00:00
[2021-06-21 19:14:46,208] {scheduler_job.py:190} INFO - Processing /home/airflow/.local/lib/python3.6/site-packages/airflow/example_dags/example_latest_only.py took 0.089 seconds
[2021-06-21 19:15:16,801] {scheduler_job.py:182} INFO - Started process (PID=2266) to work on /home/airflow/.local/lib/python3.6/site-packages/airflow/example_dags/example_latest_only.py
[2021-06-21 19:15:16,802] {scheduler_job.py:633} INFO - Processing file /home/airflow/.local/lib/python3.6/site-packages/airflow/example_dags/example_latest_only.py for tasks to queue
[2021-06-21 19:15:16,803] {logging_mixin.py:104} INFO - [2021-06-21 19:15:16,803] {dagbag.py:487} INFO - Filling up the DagBag from /home/airflow/.local/lib/python3.6/site-packages/airflow/example_dags/example_latest_only.py
[2021-06-21 19:15:16,813] {scheduler_job.py:643} INFO - DAG(s) dict_keys(['latest_only']) retrieved from /home/airflow/.local/lib/python3.6/site-packages/airflow/example_dags/example_latest_only.py
[2021-06-21 19:15:16,833] {logging_mixin.py:104} INFO - [2021-06-21 19:15:16,832] {dag.py:1832} INFO - Sync 1 DAGs
[2021-06-21 19:15:16,851] {logging_mixin.py:104} INFO - [2021-06-21 19:15:16,851] {dag.py:2305} INFO - Setting next_dagrun for latest_only to 2021-06-19 00:00:00+00:00
[2021-06-21 19:15:16,860] {scheduler_job.py:190} INFO - Processing /home/airflow/.local/lib/python3.6/site-packages/airflow/example_dags/example_latest_only.py took 0.062 seconds
[2021-06-21 19:15:47,844] {scheduler_job.py:182} INFO - Started process (PID=2341) to work on /home/airflow/.local/lib/python3.6/site-packages/airflow/example_dags/example_latest_only.py
[2021-06-21 19:15:47,846] {scheduler_job.py:633} INFO - Processing file /home/airflow/.local/lib/python3.6/site-packages/airflow/example_dags/example_latest_only.py for tasks to queue
[2021-06-21 19:15:47,846] {logging_mixin.py:104} INFO - [2021-06-21 19:15:47,846] {dagbag.py:487} INFO - Filling up the DagBag from /home/airflow/.local/lib/python3.6/site-packages/airflow/example_dags/example_latest_only.py
[2021-06-21 19:15:47,860] {scheduler_job.py:643} INFO - DAG(s) dict_keys(['latest_only']) retrieved from /home/airflow/.local/lib/python3.6/site-packages/airflow/example_dags/example_latest_only.py
[2021-06-21 19:15:47,882] {logging_mixin.py:104} INFO - [2021-06-21 19:15:47,882] {dag.py:1832} INFO - Sync 1 DAGs
[2021-06-21 19:15:47,901] {logging_mixin.py:104} INFO - [2021-06-21 19:15:47,901] {dag.py:2305} INFO - Setting next_dagrun for latest_only to 2021-06-19 00:00:00+00:00
[2021-06-21 19:15:47,916] {scheduler_job.py:190} INFO - Processing /home/airflow/.local/lib/python3.6/site-packages/airflow/example_dags/example_latest_only.py took 0.076 seconds
[2021-06-21 19:16:18,719] {scheduler_job.py:182} INFO - Started process (PID=2412) to work on /home/airflow/.local/lib/python3.6/site-packages/airflow/example_dags/example_latest_only.py
[2021-06-21 19:16:18,720] {scheduler_job.py:633} INFO - Processing file /home/airflow/.local/lib/python3.6/site-packages/airflow/example_dags/example_latest_only.py for tasks to queue
[2021-06-21 19:16:18,720] {logging_mixin.py:104} INFO - [2021-06-21 19:16:18,720] {dagbag.py:487} INFO - Filling up the DagBag from /home/airflow/.local/lib/python3.6/site-packages/airflow/example_dags/example_latest_only.py
[2021-06-21 19:16:18,729] {scheduler_job.py:643} INFO - DAG(s) dict_keys(['latest_only']) retrieved from /home/airflow/.local/lib/python3.6/site-packages/airflow/example_dags/example_latest_only.py
[2021-06-21 19:16:18,744] {logging_mixin.py:104} INFO - [2021-06-21 19:16:18,743] {dag.py:1832} INFO - Sync 1 DAGs
[2021-06-21 19:16:18,756] {logging_mixin.py:104} INFO - [2021-06-21 19:16:18,756] {dag.py:2305} INFO - Setting next_dagrun for latest_only to 2021-06-19 00:00:00+00:00
[2021-06-21 19:16:18,784] {scheduler_job.py:190} INFO - Processing /home/airflow/.local/lib/python3.6/site-packages/airflow/example_dags/example_latest_only.py took 0.067 seconds
[2021-06-21 19:16:48,893] {scheduler_job.py:182} INFO - Started process (PID=2494) to work on /home/airflow/.local/lib/python3.6/site-packages/airflow/example_dags/example_latest_only.py
[2021-06-21 19:16:48,894] {scheduler_job.py:633} INFO - Processing file /home/airflow/.local/lib/python3.6/site-packages/airflow/example_dags/example_latest_only.py for tasks to queue
[2021-06-21 19:16:48,895] {logging_mixin.py:104} INFO - [2021-06-21 19:16:48,895] {dagbag.py:487} INFO - Filling up the DagBag from /home/airflow/.local/lib/python3.6/site-packages/airflow/example_dags/example_latest_only.py
[2021-06-21 19:16:48,918] {scheduler_job.py:643} INFO - DAG(s) dict_keys(['latest_only']) retrieved from /home/airflow/.local/lib/python3.6/site-packages/airflow/example_dags/example_latest_only.py
[2021-06-21 19:16:48,937] {logging_mixin.py:104} INFO - [2021-06-21 19:16:48,937] {dag.py:1832} INFO - Sync 1 DAGs
[2021-06-21 19:16:48,953] {logging_mixin.py:104} INFO - [2021-06-21 19:16:48,952] {dag.py:2305} INFO - Setting next_dagrun for latest_only to 2021-06-19 00:00:00+00:00
[2021-06-21 19:16:48,985] {scheduler_job.py:190} INFO - Processing /home/airflow/.local/lib/python3.6/site-packages/airflow/example_dags/example_latest_only.py took 0.096 seconds
[2021-06-21 19:17:19,194] {scheduler_job.py:182} INFO - Started process (PID=2558) to work on /home/airflow/.local/lib/python3.6/site-packages/airflow/example_dags/example_latest_only.py
[2021-06-21 19:17:19,196] {scheduler_job.py:633} INFO - Processing file /home/airflow/.local/lib/python3.6/site-packages/airflow/example_dags/example_latest_only.py for tasks to queue
[2021-06-21 19:17:19,196] {logging_mixin.py:104} INFO - [2021-06-21 19:17:19,196] {dagbag.py:487} INFO - Filling up the DagBag from /home/airflow/.local/lib/python3.6/site-packages/airflow/example_dags/example_latest_only.py
[2021-06-21 19:17:19,207] {scheduler_job.py:643} INFO - DAG(s) dict_keys(['latest_only']) retrieved from /home/airflow/.local/lib/python3.6/site-packages/airflow/example_dags/example_latest_only.py
[2021-06-21 19:17:19,226] {logging_mixin.py:104} INFO - [2021-06-21 19:17:19,226] {dag.py:1832} INFO - Sync 1 DAGs
[2021-06-21 19:17:19,240] {logging_mixin.py:104} INFO - [2021-06-21 19:17:19,240] {dag.py:2305} INFO - Setting next_dagrun for latest_only to 2021-06-19 00:00:00+00:00
[2021-06-21 19:17:19,256] {scheduler_job.py:190} INFO - Processing /home/airflow/.local/lib/python3.6/site-packages/airflow/example_dags/example_latest_only.py took 0.065 seconds
[2021-06-21 19:17:49,472] {scheduler_job.py:182} INFO - Started process (PID=2639) to work on /home/airflow/.local/lib/python3.6/site-packages/airflow/example_dags/example_latest_only.py
[2021-06-21 19:17:49,483] {scheduler_job.py:633} INFO - Processing file /home/airflow/.local/lib/python3.6/site-packages/airflow/example_dags/example_latest_only.py for tasks to queue
[2021-06-21 19:17:49,484] {logging_mixin.py:104} INFO - [2021-06-21 19:17:49,483] {dagbag.py:487} INFO - Filling up the DagBag from /home/airflow/.local/lib/python3.6/site-packages/airflow/example_dags/example_latest_only.py
[2021-06-21 19:17:49,499] {scheduler_job.py:643} INFO - DAG(s) dict_keys(['latest_only']) retrieved from /home/airflow/.local/lib/python3.6/site-packages/airflow/example_dags/example_latest_only.py
[2021-06-21 19:17:49,517] {logging_mixin.py:104} INFO - [2021-06-21 19:17:49,517] {dag.py:1832} INFO - Sync 1 DAGs
[2021-06-21 19:17:49,531] {logging_mixin.py:104} INFO - [2021-06-21 19:17:49,531] {dag.py:2305} INFO - Setting next_dagrun for latest_only to 2021-06-19 00:00:00+00:00
[2021-06-21 19:17:49,556] {scheduler_job.py:190} INFO - Processing /home/airflow/.local/lib/python3.6/site-packages/airflow/example_dags/example_latest_only.py took 0.088 seconds
[2021-06-21 19:18:19,929] {scheduler_job.py:182} INFO - Started process (PID=2707) to work on /home/airflow/.local/lib/python3.6/site-packages/airflow/example_dags/example_latest_only.py
[2021-06-21 19:18:19,931] {scheduler_job.py:633} INFO - Processing file /home/airflow/.local/lib/python3.6/site-packages/airflow/example_dags/example_latest_only.py for tasks to queue
[2021-06-21 19:18:19,933] {logging_mixin.py:104} INFO - [2021-06-21 19:18:19,932] {dagbag.py:487} INFO - Filling up the DagBag from /home/airflow/.local/lib/python3.6/site-packages/airflow/example_dags/example_latest_only.py
[2021-06-21 19:18:19,952] {scheduler_job.py:643} INFO - DAG(s) dict_keys(['latest_only']) retrieved from /home/airflow/.local/lib/python3.6/site-packages/airflow/example_dags/example_latest_only.py
[2021-06-21 19:18:19,976] {logging_mixin.py:104} INFO - [2021-06-21 19:18:19,976] {dag.py:1832} INFO - Sync 1 DAGs
[2021-06-21 19:18:19,993] {logging_mixin.py:104} INFO - [2021-06-21 19:18:19,993] {dag.py:2305} INFO - Setting next_dagrun for latest_only to 2021-06-19 00:00:00+00:00
[2021-06-21 19:18:20,004] {scheduler_job.py:190} INFO - Processing /home/airflow/.local/lib/python3.6/site-packages/airflow/example_dags/example_latest_only.py took 0.084 seconds
[2021-06-21 19:18:50,158] {scheduler_job.py:182} INFO - Started process (PID=2787) to work on /home/airflow/.local/lib/python3.6/site-packages/airflow/example_dags/example_latest_only.py
[2021-06-21 19:18:50,159] {scheduler_job.py:633} INFO - Processing file /home/airflow/.local/lib/python3.6/site-packages/airflow/example_dags/example_latest_only.py for tasks to queue
[2021-06-21 19:18:50,160] {logging_mixin.py:104} INFO - [2021-06-21 19:18:50,159] {dagbag.py:487} INFO - Filling up the DagBag from /home/airflow/.local/lib/python3.6/site-packages/airflow/example_dags/example_latest_only.py
[2021-06-21 19:18:50,169] {scheduler_job.py:643} INFO - DAG(s) dict_keys(['latest_only']) retrieved from /home/airflow/.local/lib/python3.6/site-packages/airflow/example_dags/example_latest_only.py
[2021-06-21 19:18:50,190] {logging_mixin.py:104} INFO - [2021-06-21 19:18:50,190] {dag.py:1832} INFO - Sync 1 DAGs
[2021-06-21 19:18:50,204] {logging_mixin.py:104} INFO - [2021-06-21 19:18:50,204] {dag.py:2305} INFO - Setting next_dagrun for latest_only to 2021-06-19 00:00:00+00:00
[2021-06-21 19:18:50,212] {scheduler_job.py:190} INFO - Processing /home/airflow/.local/lib/python3.6/site-packages/airflow/example_dags/example_latest_only.py took 0.056 seconds
[2021-06-21 19:19:20,909] {scheduler_job.py:182} INFO - Started process (PID=2855) to work on /home/airflow/.local/lib/python3.6/site-packages/airflow/example_dags/example_latest_only.py
[2021-06-21 19:19:20,912] {scheduler_job.py:633} INFO - Processing file /home/airflow/.local/lib/python3.6/site-packages/airflow/example_dags/example_latest_only.py for tasks to queue
[2021-06-21 19:19:20,913] {logging_mixin.py:104} INFO - [2021-06-21 19:19:20,913] {dagbag.py:487} INFO - Filling up the DagBag from /home/airflow/.local/lib/python3.6/site-packages/airflow/example_dags/example_latest_only.py
[2021-06-21 19:19:20,932] {scheduler_job.py:643} INFO - DAG(s) dict_keys(['latest_only']) retrieved from /home/airflow/.local/lib/python3.6/site-packages/airflow/example_dags/example_latest_only.py
[2021-06-21 19:19:20,951] {logging_mixin.py:104} INFO - [2021-06-21 19:19:20,951] {dag.py:1832} INFO - Sync 1 DAGs
[2021-06-21 19:19:20,964] {logging_mixin.py:104} INFO - [2021-06-21 19:19:20,964] {dag.py:2305} INFO - Setting next_dagrun for latest_only to 2021-06-19 00:00:00+00:00
[2021-06-21 19:19:20,973] {scheduler_job.py:190} INFO - Processing /home/airflow/.local/lib/python3.6/site-packages/airflow/example_dags/example_latest_only.py took 0.074 seconds
[2021-06-21 19:19:51,604] {scheduler_job.py:182} INFO - Started process (PID=2935) to work on /home/airflow/.local/lib/python3.6/site-packages/airflow/example_dags/example_latest_only.py
[2021-06-21 19:19:51,604] {scheduler_job.py:633} INFO - Processing file /home/airflow/.local/lib/python3.6/site-packages/airflow/example_dags/example_latest_only.py for tasks to queue
[2021-06-21 19:19:51,605] {logging_mixin.py:104} INFO - [2021-06-21 19:19:51,605] {dagbag.py:487} INFO - Filling up the DagBag from /home/airflow/.local/lib/python3.6/site-packages/airflow/example_dags/example_latest_only.py
[2021-06-21 19:19:51,614] {scheduler_job.py:643} INFO - DAG(s) dict_keys(['latest_only']) retrieved from /home/airflow/.local/lib/python3.6/site-packages/airflow/example_dags/example_latest_only.py
[2021-06-21 19:19:51,630] {logging_mixin.py:104} INFO - [2021-06-21 19:19:51,630] {dag.py:1832} INFO - Sync 1 DAGs
[2021-06-21 19:19:51,641] {logging_mixin.py:104} INFO - [2021-06-21 19:19:51,641] {dag.py:2305} INFO - Setting next_dagrun for latest_only to 2021-06-19 00:00:00+00:00
[2021-06-21 19:19:51,648] {scheduler_job.py:190} INFO - Processing /home/airflow/.local/lib/python3.6/site-packages/airflow/example_dags/example_latest_only.py took 0.047 seconds
[2021-06-21 19:20:22,237] {scheduler_job.py:182} INFO - Started process (PID=2999) to work on /home/airflow/.local/lib/python3.6/site-packages/airflow/example_dags/example_latest_only.py
[2021-06-21 19:20:22,238] {scheduler_job.py:633} INFO - Processing file /home/airflow/.local/lib/python3.6/site-packages/airflow/example_dags/example_latest_only.py for tasks to queue
[2021-06-21 19:20:22,239] {logging_mixin.py:104} INFO - [2021-06-21 19:20:22,239] {dagbag.py:487} INFO - Filling up the DagBag from /home/airflow/.local/lib/python3.6/site-packages/airflow/example_dags/example_latest_only.py
[2021-06-21 19:20:22,248] {scheduler_job.py:643} INFO - DAG(s) dict_keys(['latest_only']) retrieved from /home/airflow/.local/lib/python3.6/site-packages/airflow/example_dags/example_latest_only.py
[2021-06-21 19:20:22,263] {logging_mixin.py:104} INFO - [2021-06-21 19:20:22,263] {dag.py:1832} INFO - Sync 1 DAGs
[2021-06-21 19:20:22,275] {logging_mixin.py:104} INFO - [2021-06-21 19:20:22,274] {dag.py:2305} INFO - Setting next_dagrun for latest_only to 2021-06-19 00:00:00+00:00
[2021-06-21 19:20:22,282] {scheduler_job.py:190} INFO - Processing /home/airflow/.local/lib/python3.6/site-packages/airflow/example_dags/example_latest_only.py took 0.047 seconds
[2021-06-21 19:20:53,028] {scheduler_job.py:182} INFO - Started process (PID=3081) to work on /home/airflow/.local/lib/python3.6/site-packages/airflow/example_dags/example_latest_only.py
[2021-06-21 19:20:53,029] {scheduler_job.py:633} INFO - Processing file /home/airflow/.local/lib/python3.6/site-packages/airflow/example_dags/example_latest_only.py for tasks to queue
[2021-06-21 19:20:53,029] {logging_mixin.py:104} INFO - [2021-06-21 19:20:53,029] {dagbag.py:487} INFO - Filling up the DagBag from /home/airflow/.local/lib/python3.6/site-packages/airflow/example_dags/example_latest_only.py
[2021-06-21 19:20:53,037] {scheduler_job.py:643} INFO - DAG(s) dict_keys(['latest_only']) retrieved from /home/airflow/.local/lib/python3.6/site-packages/airflow/example_dags/example_latest_only.py
[2021-06-21 19:20:53,052] {logging_mixin.py:104} INFO - [2021-06-21 19:20:53,052] {dag.py:1832} INFO - Sync 1 DAGs
[2021-06-21 19:20:53,064] {logging_mixin.py:104} INFO - [2021-06-21 19:20:53,064] {dag.py:2305} INFO - Setting next_dagrun for latest_only to 2021-06-19 00:00:00+00:00
[2021-06-21 19:20:53,072] {scheduler_job.py:190} INFO - Processing /home/airflow/.local/lib/python3.6/site-packages/airflow/example_dags/example_latest_only.py took 0.046 seconds
[2021-06-21 19:21:23,543] {scheduler_job.py:182} INFO - Started process (PID=3147) to work on /home/airflow/.local/lib/python3.6/site-packages/airflow/example_dags/example_latest_only.py
[2021-06-21 19:21:23,544] {scheduler_job.py:633} INFO - Processing file /home/airflow/.local/lib/python3.6/site-packages/airflow/example_dags/example_latest_only.py for tasks to queue
[2021-06-21 19:21:23,544] {logging_mixin.py:104} INFO - [2021-06-21 19:21:23,544] {dagbag.py:487} INFO - Filling up the DagBag from /home/airflow/.local/lib/python3.6/site-packages/airflow/example_dags/example_latest_only.py
[2021-06-21 19:21:23,554] {scheduler_job.py:643} INFO - DAG(s) dict_keys(['latest_only']) retrieved from /home/airflow/.local/lib/python3.6/site-packages/airflow/example_dags/example_latest_only.py
[2021-06-21 19:21:23,576] {logging_mixin.py:104} INFO - [2021-06-21 19:21:23,576] {dag.py:1832} INFO - Sync 1 DAGs
[2021-06-21 19:21:23,595] {logging_mixin.py:104} INFO - [2021-06-21 19:21:23,595] {dag.py:2305} INFO - Setting next_dagrun for latest_only to 2021-06-19 00:00:00+00:00
[2021-06-21 19:21:23,605] {scheduler_job.py:190} INFO - Processing /home/airflow/.local/lib/python3.6/site-packages/airflow/example_dags/example_latest_only.py took 0.065 seconds
[2021-06-21 19:21:54,227] {scheduler_job.py:182} INFO - Started process (PID=3228) to work on /home/airflow/.local/lib/python3.6/site-packages/airflow/example_dags/example_latest_only.py
[2021-06-21 19:21:54,232] {scheduler_job.py:633} INFO - Processing file /home/airflow/.local/lib/python3.6/site-packages/airflow/example_dags/example_latest_only.py for tasks to queue
[2021-06-21 19:21:54,233] {logging_mixin.py:104} INFO - [2021-06-21 19:21:54,232] {dagbag.py:487} INFO - Filling up the DagBag from /home/airflow/.local/lib/python3.6/site-packages/airflow/example_dags/example_latest_only.py
[2021-06-21 19:21:54,247] {scheduler_job.py:643} INFO - DAG(s) dict_keys(['latest_only']) retrieved from /home/airflow/.local/lib/python3.6/site-packages/airflow/example_dags/example_latest_only.py
[2021-06-21 19:21:54,264] {logging_mixin.py:104} INFO - [2021-06-21 19:21:54,264] {dag.py:1832} INFO - Sync 1 DAGs
[2021-06-21 19:21:54,277] {logging_mixin.py:104} INFO - [2021-06-21 19:21:54,277] {dag.py:2305} INFO - Setting next_dagrun for latest_only to 2021-06-19 00:00:00+00:00
[2021-06-21 19:21:54,285] {scheduler_job.py:190} INFO - Processing /home/airflow/.local/lib/python3.6/site-packages/airflow/example_dags/example_latest_only.py took 0.067 seconds
[2021-06-21 19:22:24,782] {scheduler_job.py:182} INFO - Started process (PID=3293) to work on /home/airflow/.local/lib/python3.6/site-packages/airflow/example_dags/example_latest_only.py
[2021-06-21 19:22:24,785] {scheduler_job.py:633} INFO - Processing file /home/airflow/.local/lib/python3.6/site-packages/airflow/example_dags/example_latest_only.py for tasks to queue
[2021-06-21 19:22:24,787] {logging_mixin.py:104} INFO - [2021-06-21 19:22:24,786] {dagbag.py:487} INFO - Filling up the DagBag from /home/airflow/.local/lib/python3.6/site-packages/airflow/example_dags/example_latest_only.py
[2021-06-21 19:22:24,810] {scheduler_job.py:643} INFO - DAG(s) dict_keys(['latest_only']) retrieved from /home/airflow/.local/lib/python3.6/site-packages/airflow/example_dags/example_latest_only.py
[2021-06-21 19:22:24,829] {logging_mixin.py:104} INFO - [2021-06-21 19:22:24,829] {dag.py:1832} INFO - Sync 1 DAGs
[2021-06-21 19:22:24,842] {logging_mixin.py:104} INFO - [2021-06-21 19:22:24,842] {dag.py:2305} INFO - Setting next_dagrun for latest_only to 2021-06-19 00:00:00+00:00
[2021-06-21 19:22:24,850] {scheduler_job.py:190} INFO - Processing /home/airflow/.local/lib/python3.6/site-packages/airflow/example_dags/example_latest_only.py took 0.077 seconds
[2021-06-21 19:22:54,971] {scheduler_job.py:182} INFO - Started process (PID=3375) to work on /home/airflow/.local/lib/python3.6/site-packages/airflow/example_dags/example_latest_only.py
[2021-06-21 19:22:54,972] {scheduler_job.py:633} INFO - Processing file /home/airflow/.local/lib/python3.6/site-packages/airflow/example_dags/example_latest_only.py for tasks to queue
[2021-06-21 19:22:54,972] {logging_mixin.py:104} INFO - [2021-06-21 19:22:54,972] {dagbag.py:487} INFO - Filling up the DagBag from /home/airflow/.local/lib/python3.6/site-packages/airflow/example_dags/example_latest_only.py
[2021-06-21 19:22:54,984] {scheduler_job.py:643} INFO - DAG(s) dict_keys(['latest_only']) retrieved from /home/airflow/.local/lib/python3.6/site-packages/airflow/example_dags/example_latest_only.py
[2021-06-21 19:22:55,007] {logging_mixin.py:104} INFO - [2021-06-21 19:22:55,006] {dag.py:1832} INFO - Sync 1 DAGs
[2021-06-21 19:22:55,024] {logging_mixin.py:104} INFO - [2021-06-21 19:22:55,023] {dag.py:2305} INFO - Setting next_dagrun for latest_only to 2021-06-19 00:00:00+00:00
[2021-06-21 19:22:55,052] {scheduler_job.py:190} INFO - Processing /home/airflow/.local/lib/python3.6/site-packages/airflow/example_dags/example_latest_only.py took 0.085 seconds
[2021-06-21 19:23:25,441] {scheduler_job.py:182} INFO - Started process (PID=3440) to work on /home/airflow/.local/lib/python3.6/site-packages/airflow/example_dags/example_latest_only.py
[2021-06-21 19:23:25,445] {scheduler_job.py:633} INFO - Processing file /home/airflow/.local/lib/python3.6/site-packages/airflow/example_dags/example_latest_only.py for tasks to queue
[2021-06-21 19:23:25,447] {logging_mixin.py:104} INFO - [2021-06-21 19:23:25,447] {dagbag.py:487} INFO - Filling up the DagBag from /home/airflow/.local/lib/python3.6/site-packages/airflow/example_dags/example_latest_only.py
[2021-06-21 19:23:25,480] {scheduler_job.py:643} INFO - DAG(s) dict_keys(['latest_only']) retrieved from /home/airflow/.local/lib/python3.6/site-packages/airflow/example_dags/example_latest_only.py
[2021-06-21 19:23:25,537] {logging_mixin.py:104} INFO - [2021-06-21 19:23:25,537] {dag.py:1832} INFO - Sync 1 DAGs
[2021-06-21 19:23:25,571] {logging_mixin.py:104} INFO - [2021-06-21 19:23:25,571] {dag.py:2305} INFO - Setting next_dagrun for latest_only to 2021-06-19 00:00:00+00:00
[2021-06-21 19:23:25,598] {scheduler_job.py:190} INFO - Processing /home/airflow/.local/lib/python3.6/site-packages/airflow/example_dags/example_latest_only.py took 0.166 seconds
