[2021-06-21 18:59:48,953] {scheduler_job.py:182} INFO - Started process (PID=34) to work on /home/airflow/.local/lib/python3.6/site-packages/airflow/example_dags/example_complex.py
[2021-06-21 18:59:48,955] {scheduler_job.py:633} INFO - Processing file /home/airflow/.local/lib/python3.6/site-packages/airflow/example_dags/example_complex.py for tasks to queue
[2021-06-21 18:59:48,956] {logging_mixin.py:104} INFO - [2021-06-21 18:59:48,956] {dagbag.py:487} INFO - Filling up the DagBag from /home/airflow/.local/lib/python3.6/site-packages/airflow/example_dags/example_complex.py
[2021-06-21 18:59:49,028] {scheduler_job.py:643} INFO - DAG(s) dict_keys(['example_complex']) retrieved from /home/airflow/.local/lib/python3.6/site-packages/airflow/example_dags/example_complex.py
[2021-06-21 19:00:00,136] {logging_mixin.py:104} INFO - [2021-06-21 19:00:00,132] {dag.py:1832} INFO - Sync 1 DAGs
[2021-06-21 19:00:00,158] {logging_mixin.py:104} INFO - [2021-06-21 19:00:00,155] {dag.py:1851} INFO - Creating ORM DAG for example_complex
[2021-06-21 19:00:00,169] {logging_mixin.py:104} INFO - [2021-06-21 19:00:00,169] {dag.py:2305} INFO - Setting next_dagrun for example_complex to None
[2021-06-21 19:00:00,191] {scheduler_job.py:190} INFO - Processing /home/airflow/.local/lib/python3.6/site-packages/airflow/example_dags/example_complex.py took 11.243 seconds
[2021-06-21 19:00:42,341] {scheduler_job.py:182} INFO - Started process (PID=160) to work on /home/airflow/.local/lib/python3.6/site-packages/airflow/example_dags/example_complex.py
[2021-06-21 19:00:42,342] {scheduler_job.py:633} INFO - Processing file /home/airflow/.local/lib/python3.6/site-packages/airflow/example_dags/example_complex.py for tasks to queue
[2021-06-21 19:00:42,343] {logging_mixin.py:104} INFO - [2021-06-21 19:00:42,343] {dagbag.py:487} INFO - Filling up the DagBag from /home/airflow/.local/lib/python3.6/site-packages/airflow/example_dags/example_complex.py
[2021-06-21 19:00:42,366] {scheduler_job.py:643} INFO - DAG(s) dict_keys(['example_complex']) retrieved from /home/airflow/.local/lib/python3.6/site-packages/airflow/example_dags/example_complex.py
[2021-06-21 19:00:42,393] {logging_mixin.py:104} INFO - [2021-06-21 19:00:42,393] {dag.py:1832} INFO - Sync 1 DAGs
[2021-06-21 19:00:42,408] {logging_mixin.py:104} INFO - [2021-06-21 19:00:42,408] {dag.py:2305} INFO - Setting next_dagrun for example_complex to None
[2021-06-21 19:00:42,419] {scheduler_job.py:190} INFO - Processing /home/airflow/.local/lib/python3.6/site-packages/airflow/example_dags/example_complex.py took 0.081 seconds
[2021-06-21 19:01:12,438] {scheduler_job.py:182} INFO - Started process (PID=222) to work on /home/airflow/.local/lib/python3.6/site-packages/airflow/example_dags/example_complex.py
[2021-06-21 19:01:12,439] {scheduler_job.py:633} INFO - Processing file /home/airflow/.local/lib/python3.6/site-packages/airflow/example_dags/example_complex.py for tasks to queue
[2021-06-21 19:01:12,440] {logging_mixin.py:104} INFO - [2021-06-21 19:01:12,440] {dagbag.py:487} INFO - Filling up the DagBag from /home/airflow/.local/lib/python3.6/site-packages/airflow/example_dags/example_complex.py
[2021-06-21 19:01:12,475] {scheduler_job.py:643} INFO - DAG(s) dict_keys(['example_complex']) retrieved from /home/airflow/.local/lib/python3.6/site-packages/airflow/example_dags/example_complex.py
[2021-06-21 19:01:12,514] {logging_mixin.py:104} INFO - [2021-06-21 19:01:12,514] {dag.py:1832} INFO - Sync 1 DAGs
[2021-06-21 19:01:12,542] {logging_mixin.py:104} INFO - [2021-06-21 19:01:12,541] {dag.py:2305} INFO - Setting next_dagrun for example_complex to None
[2021-06-21 19:01:12,559] {scheduler_job.py:190} INFO - Processing /home/airflow/.local/lib/python3.6/site-packages/airflow/example_dags/example_complex.py took 0.125 seconds
[2021-06-21 19:01:43,575] {scheduler_job.py:182} INFO - Started process (PID=303) to work on /home/airflow/.local/lib/python3.6/site-packages/airflow/example_dags/example_complex.py
[2021-06-21 19:01:43,575] {scheduler_job.py:633} INFO - Processing file /home/airflow/.local/lib/python3.6/site-packages/airflow/example_dags/example_complex.py for tasks to queue
[2021-06-21 19:01:43,576] {logging_mixin.py:104} INFO - [2021-06-21 19:01:43,576] {dagbag.py:487} INFO - Filling up the DagBag from /home/airflow/.local/lib/python3.6/site-packages/airflow/example_dags/example_complex.py
[2021-06-21 19:01:43,593] {scheduler_job.py:643} INFO - DAG(s) dict_keys(['example_complex']) retrieved from /home/airflow/.local/lib/python3.6/site-packages/airflow/example_dags/example_complex.py
[2021-06-21 19:01:43,613] {logging_mixin.py:104} INFO - [2021-06-21 19:01:43,613] {dag.py:1832} INFO - Sync 1 DAGs
[2021-06-21 19:01:43,625] {logging_mixin.py:104} INFO - [2021-06-21 19:01:43,625] {dag.py:2305} INFO - Setting next_dagrun for example_complex to None
[2021-06-21 19:01:43,633] {scheduler_job.py:190} INFO - Processing /home/airflow/.local/lib/python3.6/site-packages/airflow/example_dags/example_complex.py took 0.061 seconds
[2021-06-21 19:02:13,786] {scheduler_job.py:182} INFO - Started process (PID=367) to work on /home/airflow/.local/lib/python3.6/site-packages/airflow/example_dags/example_complex.py
[2021-06-21 19:02:13,787] {scheduler_job.py:633} INFO - Processing file /home/airflow/.local/lib/python3.6/site-packages/airflow/example_dags/example_complex.py for tasks to queue
[2021-06-21 19:02:13,788] {logging_mixin.py:104} INFO - [2021-06-21 19:02:13,788] {dagbag.py:487} INFO - Filling up the DagBag from /home/airflow/.local/lib/python3.6/site-packages/airflow/example_dags/example_complex.py
[2021-06-21 19:02:13,811] {scheduler_job.py:643} INFO - DAG(s) dict_keys(['example_complex']) retrieved from /home/airflow/.local/lib/python3.6/site-packages/airflow/example_dags/example_complex.py
[2021-06-21 19:02:13,855] {logging_mixin.py:104} INFO - [2021-06-21 19:02:13,855] {dag.py:1832} INFO - Sync 1 DAGs
[2021-06-21 19:02:13,878] {logging_mixin.py:104} INFO - [2021-06-21 19:02:13,878] {dag.py:2305} INFO - Setting next_dagrun for example_complex to None
[2021-06-21 19:02:13,907] {scheduler_job.py:190} INFO - Processing /home/airflow/.local/lib/python3.6/site-packages/airflow/example_dags/example_complex.py took 0.124 seconds
[2021-06-21 19:02:44,115] {scheduler_job.py:182} INFO - Started process (PID=448) to work on /home/airflow/.local/lib/python3.6/site-packages/airflow/example_dags/example_complex.py
[2021-06-21 19:02:44,116] {scheduler_job.py:633} INFO - Processing file /home/airflow/.local/lib/python3.6/site-packages/airflow/example_dags/example_complex.py for tasks to queue
[2021-06-21 19:02:44,116] {logging_mixin.py:104} INFO - [2021-06-21 19:02:44,116] {dagbag.py:487} INFO - Filling up the DagBag from /home/airflow/.local/lib/python3.6/site-packages/airflow/example_dags/example_complex.py
[2021-06-21 19:02:44,135] {scheduler_job.py:643} INFO - DAG(s) dict_keys(['example_complex']) retrieved from /home/airflow/.local/lib/python3.6/site-packages/airflow/example_dags/example_complex.py
[2021-06-21 19:02:44,157] {logging_mixin.py:104} INFO - [2021-06-21 19:02:44,157] {dag.py:1832} INFO - Sync 1 DAGs
[2021-06-21 19:02:44,168] {logging_mixin.py:104} INFO - [2021-06-21 19:02:44,168] {dag.py:2305} INFO - Setting next_dagrun for example_complex to None
[2021-06-21 19:02:44,225] {scheduler_job.py:190} INFO - Processing /home/airflow/.local/lib/python3.6/site-packages/airflow/example_dags/example_complex.py took 0.112 seconds
[2021-06-21 19:03:14,355] {scheduler_job.py:182} INFO - Started process (PID=515) to work on /home/airflow/.local/lib/python3.6/site-packages/airflow/example_dags/example_complex.py
[2021-06-21 19:03:14,356] {scheduler_job.py:633} INFO - Processing file /home/airflow/.local/lib/python3.6/site-packages/airflow/example_dags/example_complex.py for tasks to queue
[2021-06-21 19:03:14,356] {logging_mixin.py:104} INFO - [2021-06-21 19:03:14,356] {dagbag.py:487} INFO - Filling up the DagBag from /home/airflow/.local/lib/python3.6/site-packages/airflow/example_dags/example_complex.py
[2021-06-21 19:03:14,372] {scheduler_job.py:643} INFO - DAG(s) dict_keys(['example_complex']) retrieved from /home/airflow/.local/lib/python3.6/site-packages/airflow/example_dags/example_complex.py
[2021-06-21 19:03:14,392] {logging_mixin.py:104} INFO - [2021-06-21 19:03:14,392] {dag.py:1832} INFO - Sync 1 DAGs
[2021-06-21 19:03:14,403] {logging_mixin.py:104} INFO - [2021-06-21 19:03:14,403] {dag.py:2305} INFO - Setting next_dagrun for example_complex to None
[2021-06-21 19:03:14,436] {scheduler_job.py:190} INFO - Processing /home/airflow/.local/lib/python3.6/site-packages/airflow/example_dags/example_complex.py took 0.083 seconds
[2021-06-21 19:03:44,470] {scheduler_job.py:182} INFO - Started process (PID=593) to work on /home/airflow/.local/lib/python3.6/site-packages/airflow/example_dags/example_complex.py
[2021-06-21 19:03:44,473] {scheduler_job.py:633} INFO - Processing file /home/airflow/.local/lib/python3.6/site-packages/airflow/example_dags/example_complex.py for tasks to queue
[2021-06-21 19:03:44,475] {logging_mixin.py:104} INFO - [2021-06-21 19:03:44,474] {dagbag.py:487} INFO - Filling up the DagBag from /home/airflow/.local/lib/python3.6/site-packages/airflow/example_dags/example_complex.py
[2021-06-21 19:03:44,516] {scheduler_job.py:643} INFO - DAG(s) dict_keys(['example_complex']) retrieved from /home/airflow/.local/lib/python3.6/site-packages/airflow/example_dags/example_complex.py
[2021-06-21 19:03:44,539] {logging_mixin.py:104} INFO - [2021-06-21 19:03:44,539] {dag.py:1832} INFO - Sync 1 DAGs
[2021-06-21 19:03:44,551] {logging_mixin.py:104} INFO - [2021-06-21 19:03:44,551] {dag.py:2305} INFO - Setting next_dagrun for example_complex to None
[2021-06-21 19:03:44,595] {scheduler_job.py:190} INFO - Processing /home/airflow/.local/lib/python3.6/site-packages/airflow/example_dags/example_complex.py took 0.133 seconds
[2021-06-21 19:04:14,660] {scheduler_job.py:182} INFO - Started process (PID=658) to work on /home/airflow/.local/lib/python3.6/site-packages/airflow/example_dags/example_complex.py
[2021-06-21 19:04:14,661] {scheduler_job.py:633} INFO - Processing file /home/airflow/.local/lib/python3.6/site-packages/airflow/example_dags/example_complex.py for tasks to queue
[2021-06-21 19:04:14,661] {logging_mixin.py:104} INFO - [2021-06-21 19:04:14,661] {dagbag.py:487} INFO - Filling up the DagBag from /home/airflow/.local/lib/python3.6/site-packages/airflow/example_dags/example_complex.py
[2021-06-21 19:04:14,679] {scheduler_job.py:643} INFO - DAG(s) dict_keys(['example_complex']) retrieved from /home/airflow/.local/lib/python3.6/site-packages/airflow/example_dags/example_complex.py
[2021-06-21 19:04:14,702] {logging_mixin.py:104} INFO - [2021-06-21 19:04:14,702] {dag.py:1832} INFO - Sync 1 DAGs
[2021-06-21 19:04:14,714] {logging_mixin.py:104} INFO - [2021-06-21 19:04:14,714] {dag.py:2305} INFO - Setting next_dagrun for example_complex to None
[2021-06-21 19:04:14,722] {scheduler_job.py:190} INFO - Processing /home/airflow/.local/lib/python3.6/site-packages/airflow/example_dags/example_complex.py took 0.064 seconds
[2021-06-21 19:04:44,792] {scheduler_job.py:182} INFO - Started process (PID=737) to work on /home/airflow/.local/lib/python3.6/site-packages/airflow/example_dags/example_complex.py
[2021-06-21 19:04:44,795] {scheduler_job.py:633} INFO - Processing file /home/airflow/.local/lib/python3.6/site-packages/airflow/example_dags/example_complex.py for tasks to queue
[2021-06-21 19:04:44,797] {logging_mixin.py:104} INFO - [2021-06-21 19:04:44,797] {dagbag.py:487} INFO - Filling up the DagBag from /home/airflow/.local/lib/python3.6/site-packages/airflow/example_dags/example_complex.py
[2021-06-21 19:04:44,829] {scheduler_job.py:643} INFO - DAG(s) dict_keys(['example_complex']) retrieved from /home/airflow/.local/lib/python3.6/site-packages/airflow/example_dags/example_complex.py
[2021-06-21 19:04:44,852] {logging_mixin.py:104} INFO - [2021-06-21 19:04:44,852] {dag.py:1832} INFO - Sync 1 DAGs
[2021-06-21 19:04:44,865] {logging_mixin.py:104} INFO - [2021-06-21 19:04:44,865] {dag.py:2305} INFO - Setting next_dagrun for example_complex to None
[2021-06-21 19:04:44,873] {scheduler_job.py:190} INFO - Processing /home/airflow/.local/lib/python3.6/site-packages/airflow/example_dags/example_complex.py took 0.091 seconds
[2021-06-21 19:05:15,734] {scheduler_job.py:182} INFO - Started process (PID=810) to work on /home/airflow/.local/lib/python3.6/site-packages/airflow/example_dags/example_complex.py
[2021-06-21 19:05:15,735] {scheduler_job.py:633} INFO - Processing file /home/airflow/.local/lib/python3.6/site-packages/airflow/example_dags/example_complex.py for tasks to queue
[2021-06-21 19:05:15,735] {logging_mixin.py:104} INFO - [2021-06-21 19:05:15,735] {dagbag.py:487} INFO - Filling up the DagBag from /home/airflow/.local/lib/python3.6/site-packages/airflow/example_dags/example_complex.py
[2021-06-21 19:05:15,751] {scheduler_job.py:643} INFO - DAG(s) dict_keys(['example_complex']) retrieved from /home/airflow/.local/lib/python3.6/site-packages/airflow/example_dags/example_complex.py
[2021-06-21 19:05:15,773] {logging_mixin.py:104} INFO - [2021-06-21 19:05:15,772] {dag.py:1832} INFO - Sync 1 DAGs
[2021-06-21 19:05:15,785] {logging_mixin.py:104} INFO - [2021-06-21 19:05:15,785] {dag.py:2305} INFO - Setting next_dagrun for example_complex to None
[2021-06-21 19:05:15,793] {scheduler_job.py:190} INFO - Processing /home/airflow/.local/lib/python3.6/site-packages/airflow/example_dags/example_complex.py took 0.062 seconds
[2021-06-21 19:05:46,330] {scheduler_job.py:182} INFO - Started process (PID=882) to work on /home/airflow/.local/lib/python3.6/site-packages/airflow/example_dags/example_complex.py
[2021-06-21 19:05:46,331] {scheduler_job.py:633} INFO - Processing file /home/airflow/.local/lib/python3.6/site-packages/airflow/example_dags/example_complex.py for tasks to queue
[2021-06-21 19:05:46,332] {logging_mixin.py:104} INFO - [2021-06-21 19:05:46,332] {dagbag.py:487} INFO - Filling up the DagBag from /home/airflow/.local/lib/python3.6/site-packages/airflow/example_dags/example_complex.py
[2021-06-21 19:05:46,354] {scheduler_job.py:643} INFO - DAG(s) dict_keys(['example_complex']) retrieved from /home/airflow/.local/lib/python3.6/site-packages/airflow/example_dags/example_complex.py
[2021-06-21 19:05:46,378] {logging_mixin.py:104} INFO - [2021-06-21 19:05:46,378] {dag.py:1832} INFO - Sync 1 DAGs
[2021-06-21 19:05:46,390] {logging_mixin.py:104} INFO - [2021-06-21 19:05:46,390] {dag.py:2305} INFO - Setting next_dagrun for example_complex to None
[2021-06-21 19:05:46,399] {scheduler_job.py:190} INFO - Processing /home/airflow/.local/lib/python3.6/site-packages/airflow/example_dags/example_complex.py took 0.072 seconds
[2021-06-21 19:06:16,601] {scheduler_job.py:182} INFO - Started process (PID=963) to work on /home/airflow/.local/lib/python3.6/site-packages/airflow/example_dags/example_complex.py
[2021-06-21 19:06:16,602] {scheduler_job.py:633} INFO - Processing file /home/airflow/.local/lib/python3.6/site-packages/airflow/example_dags/example_complex.py for tasks to queue
[2021-06-21 19:06:16,603] {logging_mixin.py:104} INFO - [2021-06-21 19:06:16,603] {dagbag.py:487} INFO - Filling up the DagBag from /home/airflow/.local/lib/python3.6/site-packages/airflow/example_dags/example_complex.py
[2021-06-21 19:06:16,628] {scheduler_job.py:643} INFO - DAG(s) dict_keys(['example_complex']) retrieved from /home/airflow/.local/lib/python3.6/site-packages/airflow/example_dags/example_complex.py
[2021-06-21 19:06:16,662] {logging_mixin.py:104} INFO - [2021-06-21 19:06:16,662] {dag.py:1832} INFO - Sync 1 DAGs
[2021-06-21 19:06:16,679] {logging_mixin.py:104} INFO - [2021-06-21 19:06:16,679] {dag.py:2305} INFO - Setting next_dagrun for example_complex to None
[2021-06-21 19:06:16,688] {scheduler_job.py:190} INFO - Processing /home/airflow/.local/lib/python3.6/site-packages/airflow/example_dags/example_complex.py took 0.090 seconds
[2021-06-21 19:06:46,965] {scheduler_job.py:182} INFO - Started process (PID=1027) to work on /home/airflow/.local/lib/python3.6/site-packages/airflow/example_dags/example_complex.py
[2021-06-21 19:06:46,968] {scheduler_job.py:633} INFO - Processing file /home/airflow/.local/lib/python3.6/site-packages/airflow/example_dags/example_complex.py for tasks to queue
[2021-06-21 19:06:46,969] {logging_mixin.py:104} INFO - [2021-06-21 19:06:46,969] {dagbag.py:487} INFO - Filling up the DagBag from /home/airflow/.local/lib/python3.6/site-packages/airflow/example_dags/example_complex.py
[2021-06-21 19:06:46,999] {scheduler_job.py:643} INFO - DAG(s) dict_keys(['example_complex']) retrieved from /home/airflow/.local/lib/python3.6/site-packages/airflow/example_dags/example_complex.py
[2021-06-21 19:06:47,022] {logging_mixin.py:104} INFO - [2021-06-21 19:06:47,021] {dag.py:1832} INFO - Sync 1 DAGs
[2021-06-21 19:06:47,033] {logging_mixin.py:104} INFO - [2021-06-21 19:06:47,033] {dag.py:2305} INFO - Setting next_dagrun for example_complex to None
[2021-06-21 19:06:47,041] {scheduler_job.py:190} INFO - Processing /home/airflow/.local/lib/python3.6/site-packages/airflow/example_dags/example_complex.py took 0.082 seconds
[2021-06-21 19:07:17,186] {scheduler_job.py:182} INFO - Started process (PID=1107) to work on /home/airflow/.local/lib/python3.6/site-packages/airflow/example_dags/example_complex.py
[2021-06-21 19:07:17,189] {scheduler_job.py:633} INFO - Processing file /home/airflow/.local/lib/python3.6/site-packages/airflow/example_dags/example_complex.py for tasks to queue
[2021-06-21 19:07:17,190] {logging_mixin.py:104} INFO - [2021-06-21 19:07:17,190] {dagbag.py:487} INFO - Filling up the DagBag from /home/airflow/.local/lib/python3.6/site-packages/airflow/example_dags/example_complex.py
[2021-06-21 19:07:17,225] {scheduler_job.py:643} INFO - DAG(s) dict_keys(['example_complex']) retrieved from /home/airflow/.local/lib/python3.6/site-packages/airflow/example_dags/example_complex.py
[2021-06-21 19:07:17,253] {logging_mixin.py:104} INFO - [2021-06-21 19:07:17,253] {dag.py:1832} INFO - Sync 1 DAGs
[2021-06-21 19:07:17,266] {logging_mixin.py:104} INFO - [2021-06-21 19:07:17,265] {dag.py:2305} INFO - Setting next_dagrun for example_complex to None
[2021-06-21 19:07:17,274] {scheduler_job.py:190} INFO - Processing /home/airflow/.local/lib/python3.6/site-packages/airflow/example_dags/example_complex.py took 0.096 seconds
[2021-06-21 19:07:47,531] {scheduler_job.py:182} INFO - Started process (PID=1171) to work on /home/airflow/.local/lib/python3.6/site-packages/airflow/example_dags/example_complex.py
[2021-06-21 19:07:47,532] {scheduler_job.py:633} INFO - Processing file /home/airflow/.local/lib/python3.6/site-packages/airflow/example_dags/example_complex.py for tasks to queue
[2021-06-21 19:07:47,533] {logging_mixin.py:104} INFO - [2021-06-21 19:07:47,533] {dagbag.py:487} INFO - Filling up the DagBag from /home/airflow/.local/lib/python3.6/site-packages/airflow/example_dags/example_complex.py
[2021-06-21 19:07:47,554] {scheduler_job.py:643} INFO - DAG(s) dict_keys(['example_complex']) retrieved from /home/airflow/.local/lib/python3.6/site-packages/airflow/example_dags/example_complex.py
[2021-06-21 19:07:47,577] {logging_mixin.py:104} INFO - [2021-06-21 19:07:47,577] {dag.py:1832} INFO - Sync 1 DAGs
[2021-06-21 19:07:47,589] {logging_mixin.py:104} INFO - [2021-06-21 19:07:47,589] {dag.py:2305} INFO - Setting next_dagrun for example_complex to None
[2021-06-21 19:07:47,597] {scheduler_job.py:190} INFO - Processing /home/airflow/.local/lib/python3.6/site-packages/airflow/example_dags/example_complex.py took 0.069 seconds
[2021-06-21 19:08:17,953] {scheduler_job.py:182} INFO - Started process (PID=1252) to work on /home/airflow/.local/lib/python3.6/site-packages/airflow/example_dags/example_complex.py
[2021-06-21 19:08:17,955] {scheduler_job.py:633} INFO - Processing file /home/airflow/.local/lib/python3.6/site-packages/airflow/example_dags/example_complex.py for tasks to queue
[2021-06-21 19:08:17,956] {logging_mixin.py:104} INFO - [2021-06-21 19:08:17,956] {dagbag.py:487} INFO - Filling up the DagBag from /home/airflow/.local/lib/python3.6/site-packages/airflow/example_dags/example_complex.py
[2021-06-21 19:08:17,978] {scheduler_job.py:643} INFO - DAG(s) dict_keys(['example_complex']) retrieved from /home/airflow/.local/lib/python3.6/site-packages/airflow/example_dags/example_complex.py
[2021-06-21 19:08:18,001] {logging_mixin.py:104} INFO - [2021-06-21 19:08:18,001] {dag.py:1832} INFO - Sync 1 DAGs
[2021-06-21 19:08:18,016] {logging_mixin.py:104} INFO - [2021-06-21 19:08:18,016] {dag.py:2305} INFO - Setting next_dagrun for example_complex to None
[2021-06-21 19:08:18,026] {scheduler_job.py:190} INFO - Processing /home/airflow/.local/lib/python3.6/site-packages/airflow/example_dags/example_complex.py took 0.078 seconds
[2021-06-21 19:08:48,452] {scheduler_job.py:182} INFO - Started process (PID=1317) to work on /home/airflow/.local/lib/python3.6/site-packages/airflow/example_dags/example_complex.py
[2021-06-21 19:08:48,453] {scheduler_job.py:633} INFO - Processing file /home/airflow/.local/lib/python3.6/site-packages/airflow/example_dags/example_complex.py for tasks to queue
[2021-06-21 19:08:48,454] {logging_mixin.py:104} INFO - [2021-06-21 19:08:48,454] {dagbag.py:487} INFO - Filling up the DagBag from /home/airflow/.local/lib/python3.6/site-packages/airflow/example_dags/example_complex.py
[2021-06-21 19:08:48,494] {scheduler_job.py:643} INFO - DAG(s) dict_keys(['example_complex']) retrieved from /home/airflow/.local/lib/python3.6/site-packages/airflow/example_dags/example_complex.py
[2021-06-21 19:08:48,564] {logging_mixin.py:104} INFO - [2021-06-21 19:08:48,564] {dag.py:1832} INFO - Sync 1 DAGs
[2021-06-21 19:08:48,593] {logging_mixin.py:104} INFO - [2021-06-21 19:08:48,592] {dag.py:2305} INFO - Setting next_dagrun for example_complex to None
[2021-06-21 19:08:48,614] {scheduler_job.py:190} INFO - Processing /home/airflow/.local/lib/python3.6/site-packages/airflow/example_dags/example_complex.py took 0.166 seconds
[2021-06-21 19:09:18,897] {scheduler_job.py:182} INFO - Started process (PID=1401) to work on /home/airflow/.local/lib/python3.6/site-packages/airflow/example_dags/example_complex.py
[2021-06-21 19:09:18,898] {scheduler_job.py:633} INFO - Processing file /home/airflow/.local/lib/python3.6/site-packages/airflow/example_dags/example_complex.py for tasks to queue
[2021-06-21 19:09:18,899] {logging_mixin.py:104} INFO - [2021-06-21 19:09:18,899] {dagbag.py:487} INFO - Filling up the DagBag from /home/airflow/.local/lib/python3.6/site-packages/airflow/example_dags/example_complex.py
[2021-06-21 19:09:18,920] {scheduler_job.py:643} INFO - DAG(s) dict_keys(['example_complex']) retrieved from /home/airflow/.local/lib/python3.6/site-packages/airflow/example_dags/example_complex.py
[2021-06-21 19:09:18,945] {logging_mixin.py:104} INFO - [2021-06-21 19:09:18,944] {dag.py:1832} INFO - Sync 1 DAGs
[2021-06-21 19:09:18,957] {logging_mixin.py:104} INFO - [2021-06-21 19:09:18,957] {dag.py:2305} INFO - Setting next_dagrun for example_complex to None
[2021-06-21 19:09:18,967] {scheduler_job.py:190} INFO - Processing /home/airflow/.local/lib/python3.6/site-packages/airflow/example_dags/example_complex.py took 0.072 seconds
[2021-06-21 19:09:49,349] {scheduler_job.py:182} INFO - Started process (PID=1466) to work on /home/airflow/.local/lib/python3.6/site-packages/airflow/example_dags/example_complex.py
[2021-06-21 19:09:49,354] {scheduler_job.py:633} INFO - Processing file /home/airflow/.local/lib/python3.6/site-packages/airflow/example_dags/example_complex.py for tasks to queue
[2021-06-21 19:09:49,355] {logging_mixin.py:104} INFO - [2021-06-21 19:09:49,355] {dagbag.py:487} INFO - Filling up the DagBag from /home/airflow/.local/lib/python3.6/site-packages/airflow/example_dags/example_complex.py
[2021-06-21 19:09:49,386] {scheduler_job.py:643} INFO - DAG(s) dict_keys(['example_complex']) retrieved from /home/airflow/.local/lib/python3.6/site-packages/airflow/example_dags/example_complex.py
[2021-06-21 19:09:49,409] {logging_mixin.py:104} INFO - [2021-06-21 19:09:49,409] {dag.py:1832} INFO - Sync 1 DAGs
[2021-06-21 19:09:49,421] {logging_mixin.py:104} INFO - [2021-06-21 19:09:49,421] {dag.py:2305} INFO - Setting next_dagrun for example_complex to None
[2021-06-21 19:09:49,473] {scheduler_job.py:190} INFO - Processing /home/airflow/.local/lib/python3.6/site-packages/airflow/example_dags/example_complex.py took 0.133 seconds
[2021-06-21 19:10:19,699] {scheduler_job.py:182} INFO - Started process (PID=1546) to work on /home/airflow/.local/lib/python3.6/site-packages/airflow/example_dags/example_complex.py
[2021-06-21 19:10:19,700] {scheduler_job.py:633} INFO - Processing file /home/airflow/.local/lib/python3.6/site-packages/airflow/example_dags/example_complex.py for tasks to queue
[2021-06-21 19:10:19,701] {logging_mixin.py:104} INFO - [2021-06-21 19:10:19,701] {dagbag.py:487} INFO - Filling up the DagBag from /home/airflow/.local/lib/python3.6/site-packages/airflow/example_dags/example_complex.py
[2021-06-21 19:10:19,722] {scheduler_job.py:643} INFO - DAG(s) dict_keys(['example_complex']) retrieved from /home/airflow/.local/lib/python3.6/site-packages/airflow/example_dags/example_complex.py
[2021-06-21 19:10:19,748] {logging_mixin.py:104} INFO - [2021-06-21 19:10:19,748] {dag.py:1832} INFO - Sync 1 DAGs
[2021-06-21 19:10:19,764] {logging_mixin.py:104} INFO - [2021-06-21 19:10:19,764] {dag.py:2305} INFO - Setting next_dagrun for example_complex to None
[2021-06-21 19:10:19,809] {scheduler_job.py:190} INFO - Processing /home/airflow/.local/lib/python3.6/site-packages/airflow/example_dags/example_complex.py took 0.112 seconds
[2021-06-21 19:10:50,038] {scheduler_job.py:182} INFO - Started process (PID=1612) to work on /home/airflow/.local/lib/python3.6/site-packages/airflow/example_dags/example_complex.py
[2021-06-21 19:10:50,039] {scheduler_job.py:633} INFO - Processing file /home/airflow/.local/lib/python3.6/site-packages/airflow/example_dags/example_complex.py for tasks to queue
[2021-06-21 19:10:50,040] {logging_mixin.py:104} INFO - [2021-06-21 19:10:50,040] {dagbag.py:487} INFO - Filling up the DagBag from /home/airflow/.local/lib/python3.6/site-packages/airflow/example_dags/example_complex.py
[2021-06-21 19:10:50,065] {scheduler_job.py:643} INFO - DAG(s) dict_keys(['example_complex']) retrieved from /home/airflow/.local/lib/python3.6/site-packages/airflow/example_dags/example_complex.py
[2021-06-21 19:10:50,089] {logging_mixin.py:104} INFO - [2021-06-21 19:10:50,089] {dag.py:1832} INFO - Sync 1 DAGs
[2021-06-21 19:10:50,103] {logging_mixin.py:104} INFO - [2021-06-21 19:10:50,103] {dag.py:2305} INFO - Setting next_dagrun for example_complex to None
[2021-06-21 19:10:50,145] {scheduler_job.py:190} INFO - Processing /home/airflow/.local/lib/python3.6/site-packages/airflow/example_dags/example_complex.py took 0.112 seconds
[2021-06-21 19:11:20,290] {scheduler_job.py:182} INFO - Started process (PID=1692) to work on /home/airflow/.local/lib/python3.6/site-packages/airflow/example_dags/example_complex.py
[2021-06-21 19:11:20,293] {scheduler_job.py:633} INFO - Processing file /home/airflow/.local/lib/python3.6/site-packages/airflow/example_dags/example_complex.py for tasks to queue
[2021-06-21 19:11:20,295] {logging_mixin.py:104} INFO - [2021-06-21 19:11:20,295] {dagbag.py:487} INFO - Filling up the DagBag from /home/airflow/.local/lib/python3.6/site-packages/airflow/example_dags/example_complex.py
[2021-06-21 19:11:20,344] {scheduler_job.py:643} INFO - DAG(s) dict_keys(['example_complex']) retrieved from /home/airflow/.local/lib/python3.6/site-packages/airflow/example_dags/example_complex.py
[2021-06-21 19:11:20,400] {logging_mixin.py:104} INFO - [2021-06-21 19:11:20,399] {dag.py:1832} INFO - Sync 1 DAGs
[2021-06-21 19:11:20,427] {logging_mixin.py:104} INFO - [2021-06-21 19:11:20,426] {dag.py:2305} INFO - Setting next_dagrun for example_complex to None
[2021-06-21 19:11:20,462] {scheduler_job.py:190} INFO - Processing /home/airflow/.local/lib/python3.6/site-packages/airflow/example_dags/example_complex.py took 0.182 seconds
[2021-06-21 19:11:50,497] {scheduler_job.py:182} INFO - Started process (PID=1757) to work on /home/airflow/.local/lib/python3.6/site-packages/airflow/example_dags/example_complex.py
[2021-06-21 19:11:50,498] {scheduler_job.py:633} INFO - Processing file /home/airflow/.local/lib/python3.6/site-packages/airflow/example_dags/example_complex.py for tasks to queue
[2021-06-21 19:11:50,499] {logging_mixin.py:104} INFO - [2021-06-21 19:11:50,499] {dagbag.py:487} INFO - Filling up the DagBag from /home/airflow/.local/lib/python3.6/site-packages/airflow/example_dags/example_complex.py
[2021-06-21 19:11:50,518] {scheduler_job.py:643} INFO - DAG(s) dict_keys(['example_complex']) retrieved from /home/airflow/.local/lib/python3.6/site-packages/airflow/example_dags/example_complex.py
[2021-06-21 19:11:50,545] {logging_mixin.py:104} INFO - [2021-06-21 19:11:50,545] {dag.py:1832} INFO - Sync 1 DAGs
[2021-06-21 19:11:50,560] {logging_mixin.py:104} INFO - [2021-06-21 19:11:50,560] {dag.py:2305} INFO - Setting next_dagrun for example_complex to None
[2021-06-21 19:11:50,569] {scheduler_job.py:190} INFO - Processing /home/airflow/.local/lib/python3.6/site-packages/airflow/example_dags/example_complex.py took 0.075 seconds
[2021-06-21 19:12:20,728] {scheduler_job.py:182} INFO - Started process (PID=1831) to work on /home/airflow/.local/lib/python3.6/site-packages/airflow/example_dags/example_complex.py
[2021-06-21 19:12:20,730] {scheduler_job.py:633} INFO - Processing file /home/airflow/.local/lib/python3.6/site-packages/airflow/example_dags/example_complex.py for tasks to queue
[2021-06-21 19:12:20,731] {logging_mixin.py:104} INFO - [2021-06-21 19:12:20,730] {dagbag.py:487} INFO - Filling up the DagBag from /home/airflow/.local/lib/python3.6/site-packages/airflow/example_dags/example_complex.py
[2021-06-21 19:12:20,763] {scheduler_job.py:643} INFO - DAG(s) dict_keys(['example_complex']) retrieved from /home/airflow/.local/lib/python3.6/site-packages/airflow/example_dags/example_complex.py
[2021-06-21 19:12:20,830] {logging_mixin.py:104} INFO - [2021-06-21 19:12:20,830] {dag.py:1832} INFO - Sync 1 DAGs
[2021-06-21 19:12:20,851] {logging_mixin.py:104} INFO - [2021-06-21 19:12:20,851] {dag.py:2305} INFO - Setting next_dagrun for example_complex to None
[2021-06-21 19:12:20,871] {scheduler_job.py:190} INFO - Processing /home/airflow/.local/lib/python3.6/site-packages/airflow/example_dags/example_complex.py took 0.145 seconds
[2021-06-21 19:12:50,987] {scheduler_job.py:182} INFO - Started process (PID=1903) to work on /home/airflow/.local/lib/python3.6/site-packages/airflow/example_dags/example_complex.py
[2021-06-21 19:12:50,989] {scheduler_job.py:633} INFO - Processing file /home/airflow/.local/lib/python3.6/site-packages/airflow/example_dags/example_complex.py for tasks to queue
[2021-06-21 19:12:50,990] {logging_mixin.py:104} INFO - [2021-06-21 19:12:50,990] {dagbag.py:487} INFO - Filling up the DagBag from /home/airflow/.local/lib/python3.6/site-packages/airflow/example_dags/example_complex.py
[2021-06-21 19:12:51,016] {scheduler_job.py:643} INFO - DAG(s) dict_keys(['example_complex']) retrieved from /home/airflow/.local/lib/python3.6/site-packages/airflow/example_dags/example_complex.py
[2021-06-21 19:12:51,041] {logging_mixin.py:104} INFO - [2021-06-21 19:12:51,041] {dag.py:1832} INFO - Sync 1 DAGs
[2021-06-21 19:12:51,055] {logging_mixin.py:104} INFO - [2021-06-21 19:12:51,055] {dag.py:2305} INFO - Setting next_dagrun for example_complex to None
[2021-06-21 19:12:51,064] {scheduler_job.py:190} INFO - Processing /home/airflow/.local/lib/python3.6/site-packages/airflow/example_dags/example_complex.py took 0.084 seconds
[2021-06-21 19:13:21,096] {scheduler_job.py:182} INFO - Started process (PID=1970) to work on /home/airflow/.local/lib/python3.6/site-packages/airflow/example_dags/example_complex.py
[2021-06-21 19:13:21,098] {scheduler_job.py:633} INFO - Processing file /home/airflow/.local/lib/python3.6/site-packages/airflow/example_dags/example_complex.py for tasks to queue
[2021-06-21 19:13:21,099] {logging_mixin.py:104} INFO - [2021-06-21 19:13:21,098] {dagbag.py:487} INFO - Filling up the DagBag from /home/airflow/.local/lib/python3.6/site-packages/airflow/example_dags/example_complex.py
[2021-06-21 19:13:21,122] {scheduler_job.py:643} INFO - DAG(s) dict_keys(['example_complex']) retrieved from /home/airflow/.local/lib/python3.6/site-packages/airflow/example_dags/example_complex.py
[2021-06-21 19:13:21,152] {logging_mixin.py:104} INFO - [2021-06-21 19:13:21,152] {dag.py:1832} INFO - Sync 1 DAGs
[2021-06-21 19:13:21,166] {logging_mixin.py:104} INFO - [2021-06-21 19:13:21,166] {dag.py:2305} INFO - Setting next_dagrun for example_complex to None
[2021-06-21 19:13:21,177] {scheduler_job.py:190} INFO - Processing /home/airflow/.local/lib/python3.6/site-packages/airflow/example_dags/example_complex.py took 0.085 seconds
[2021-06-21 19:13:51,670] {scheduler_job.py:182} INFO - Started process (PID=2052) to work on /home/airflow/.local/lib/python3.6/site-packages/airflow/example_dags/example_complex.py
[2021-06-21 19:13:51,671] {scheduler_job.py:633} INFO - Processing file /home/airflow/.local/lib/python3.6/site-packages/airflow/example_dags/example_complex.py for tasks to queue
[2021-06-21 19:13:51,672] {logging_mixin.py:104} INFO - [2021-06-21 19:13:51,672] {dagbag.py:487} INFO - Filling up the DagBag from /home/airflow/.local/lib/python3.6/site-packages/airflow/example_dags/example_complex.py
[2021-06-21 19:13:51,696] {scheduler_job.py:643} INFO - DAG(s) dict_keys(['example_complex']) retrieved from /home/airflow/.local/lib/python3.6/site-packages/airflow/example_dags/example_complex.py
[2021-06-21 19:13:51,718] {logging_mixin.py:104} INFO - [2021-06-21 19:13:51,718] {dag.py:1832} INFO - Sync 1 DAGs
[2021-06-21 19:13:51,730] {logging_mixin.py:104} INFO - [2021-06-21 19:13:51,730] {dag.py:2305} INFO - Setting next_dagrun for example_complex to None
[2021-06-21 19:13:51,738] {scheduler_job.py:190} INFO - Processing /home/airflow/.local/lib/python3.6/site-packages/airflow/example_dags/example_complex.py took 0.073 seconds
[2021-06-21 19:14:21,858] {scheduler_job.py:182} INFO - Started process (PID=2118) to work on /home/airflow/.local/lib/python3.6/site-packages/airflow/example_dags/example_complex.py
[2021-06-21 19:14:21,859] {scheduler_job.py:633} INFO - Processing file /home/airflow/.local/lib/python3.6/site-packages/airflow/example_dags/example_complex.py for tasks to queue
[2021-06-21 19:14:21,859] {logging_mixin.py:104} INFO - [2021-06-21 19:14:21,859] {dagbag.py:487} INFO - Filling up the DagBag from /home/airflow/.local/lib/python3.6/site-packages/airflow/example_dags/example_complex.py
[2021-06-21 19:14:21,880] {scheduler_job.py:643} INFO - DAG(s) dict_keys(['example_complex']) retrieved from /home/airflow/.local/lib/python3.6/site-packages/airflow/example_dags/example_complex.py
[2021-06-21 19:14:21,904] {logging_mixin.py:104} INFO - [2021-06-21 19:14:21,904] {dag.py:1832} INFO - Sync 1 DAGs
[2021-06-21 19:14:21,915] {logging_mixin.py:104} INFO - [2021-06-21 19:14:21,915] {dag.py:2305} INFO - Setting next_dagrun for example_complex to None
[2021-06-21 19:14:21,925] {scheduler_job.py:190} INFO - Processing /home/airflow/.local/lib/python3.6/site-packages/airflow/example_dags/example_complex.py took 0.070 seconds
[2021-06-21 19:14:52,395] {scheduler_job.py:182} INFO - Started process (PID=2198) to work on /home/airflow/.local/lib/python3.6/site-packages/airflow/example_dags/example_complex.py
[2021-06-21 19:14:52,396] {scheduler_job.py:633} INFO - Processing file /home/airflow/.local/lib/python3.6/site-packages/airflow/example_dags/example_complex.py for tasks to queue
[2021-06-21 19:14:52,397] {logging_mixin.py:104} INFO - [2021-06-21 19:14:52,397] {dagbag.py:487} INFO - Filling up the DagBag from /home/airflow/.local/lib/python3.6/site-packages/airflow/example_dags/example_complex.py
[2021-06-21 19:14:52,424] {scheduler_job.py:643} INFO - DAG(s) dict_keys(['example_complex']) retrieved from /home/airflow/.local/lib/python3.6/site-packages/airflow/example_dags/example_complex.py
[2021-06-21 19:14:52,451] {logging_mixin.py:104} INFO - [2021-06-21 19:14:52,451] {dag.py:1832} INFO - Sync 1 DAGs
[2021-06-21 19:14:52,464] {logging_mixin.py:104} INFO - [2021-06-21 19:14:52,463] {dag.py:2305} INFO - Setting next_dagrun for example_complex to None
[2021-06-21 19:14:52,473] {scheduler_job.py:190} INFO - Processing /home/airflow/.local/lib/python3.6/site-packages/airflow/example_dags/example_complex.py took 0.081 seconds
[2021-06-21 19:15:23,142] {scheduler_job.py:182} INFO - Started process (PID=2272) to work on /home/airflow/.local/lib/python3.6/site-packages/airflow/example_dags/example_complex.py
[2021-06-21 19:15:23,146] {scheduler_job.py:633} INFO - Processing file /home/airflow/.local/lib/python3.6/site-packages/airflow/example_dags/example_complex.py for tasks to queue
[2021-06-21 19:15:23,148] {logging_mixin.py:104} INFO - [2021-06-21 19:15:23,147] {dagbag.py:487} INFO - Filling up the DagBag from /home/airflow/.local/lib/python3.6/site-packages/airflow/example_dags/example_complex.py
[2021-06-21 19:15:23,237] {scheduler_job.py:643} INFO - DAG(s) dict_keys(['example_complex']) retrieved from /home/airflow/.local/lib/python3.6/site-packages/airflow/example_dags/example_complex.py
[2021-06-21 19:15:23,291] {logging_mixin.py:104} INFO - [2021-06-21 19:15:23,291] {dag.py:1832} INFO - Sync 1 DAGs
[2021-06-21 19:15:23,306] {logging_mixin.py:104} INFO - [2021-06-21 19:15:23,306] {dag.py:2305} INFO - Setting next_dagrun for example_complex to None
[2021-06-21 19:15:23,315] {scheduler_job.py:190} INFO - Processing /home/airflow/.local/lib/python3.6/site-packages/airflow/example_dags/example_complex.py took 0.183 seconds
[2021-06-21 19:15:54,078] {scheduler_job.py:182} INFO - Started process (PID=2353) to work on /home/airflow/.local/lib/python3.6/site-packages/airflow/example_dags/example_complex.py
[2021-06-21 19:15:54,079] {scheduler_job.py:633} INFO - Processing file /home/airflow/.local/lib/python3.6/site-packages/airflow/example_dags/example_complex.py for tasks to queue
[2021-06-21 19:15:54,080] {logging_mixin.py:104} INFO - [2021-06-21 19:15:54,079] {dagbag.py:487} INFO - Filling up the DagBag from /home/airflow/.local/lib/python3.6/site-packages/airflow/example_dags/example_complex.py
[2021-06-21 19:15:54,132] {scheduler_job.py:643} INFO - DAG(s) dict_keys(['example_complex']) retrieved from /home/airflow/.local/lib/python3.6/site-packages/airflow/example_dags/example_complex.py
[2021-06-21 19:15:54,187] {logging_mixin.py:104} INFO - [2021-06-21 19:15:54,187] {dag.py:1832} INFO - Sync 1 DAGs
[2021-06-21 19:15:54,208] {logging_mixin.py:104} INFO - [2021-06-21 19:15:54,208] {dag.py:2305} INFO - Setting next_dagrun for example_complex to None
[2021-06-21 19:15:54,221] {scheduler_job.py:190} INFO - Processing /home/airflow/.local/lib/python3.6/site-packages/airflow/example_dags/example_complex.py took 0.147 seconds
[2021-06-21 19:16:24,922] {scheduler_job.py:182} INFO - Started process (PID=2434) to work on /home/airflow/.local/lib/python3.6/site-packages/airflow/example_dags/example_complex.py
[2021-06-21 19:16:24,923] {scheduler_job.py:633} INFO - Processing file /home/airflow/.local/lib/python3.6/site-packages/airflow/example_dags/example_complex.py for tasks to queue
[2021-06-21 19:16:24,924] {logging_mixin.py:104} INFO - [2021-06-21 19:16:24,923] {dagbag.py:487} INFO - Filling up the DagBag from /home/airflow/.local/lib/python3.6/site-packages/airflow/example_dags/example_complex.py
[2021-06-21 19:16:24,945] {scheduler_job.py:643} INFO - DAG(s) dict_keys(['example_complex']) retrieved from /home/airflow/.local/lib/python3.6/site-packages/airflow/example_dags/example_complex.py
[2021-06-21 19:16:24,970] {logging_mixin.py:104} INFO - [2021-06-21 19:16:24,970] {dag.py:1832} INFO - Sync 1 DAGs
[2021-06-21 19:16:24,983] {logging_mixin.py:104} INFO - [2021-06-21 19:16:24,983] {dag.py:2305} INFO - Setting next_dagrun for example_complex to None
[2021-06-21 19:16:25,021] {scheduler_job.py:190} INFO - Processing /home/airflow/.local/lib/python3.6/site-packages/airflow/example_dags/example_complex.py took 0.102 seconds
[2021-06-21 19:16:55,072] {scheduler_job.py:182} INFO - Started process (PID=2498) to work on /home/airflow/.local/lib/python3.6/site-packages/airflow/example_dags/example_complex.py
[2021-06-21 19:16:55,077] {scheduler_job.py:633} INFO - Processing file /home/airflow/.local/lib/python3.6/site-packages/airflow/example_dags/example_complex.py for tasks to queue
[2021-06-21 19:16:55,078] {logging_mixin.py:104} INFO - [2021-06-21 19:16:55,078] {dagbag.py:487} INFO - Filling up the DagBag from /home/airflow/.local/lib/python3.6/site-packages/airflow/example_dags/example_complex.py
[2021-06-21 19:16:55,104] {scheduler_job.py:643} INFO - DAG(s) dict_keys(['example_complex']) retrieved from /home/airflow/.local/lib/python3.6/site-packages/airflow/example_dags/example_complex.py
[2021-06-21 19:16:55,126] {logging_mixin.py:104} INFO - [2021-06-21 19:16:55,126] {dag.py:1832} INFO - Sync 1 DAGs
[2021-06-21 19:16:55,138] {logging_mixin.py:104} INFO - [2021-06-21 19:16:55,138] {dag.py:2305} INFO - Setting next_dagrun for example_complex to None
[2021-06-21 19:16:55,187] {scheduler_job.py:190} INFO - Processing /home/airflow/.local/lib/python3.6/site-packages/airflow/example_dags/example_complex.py took 0.124 seconds
[2021-06-21 19:17:25,317] {scheduler_job.py:182} INFO - Started process (PID=2578) to work on /home/airflow/.local/lib/python3.6/site-packages/airflow/example_dags/example_complex.py
[2021-06-21 19:17:25,318] {scheduler_job.py:633} INFO - Processing file /home/airflow/.local/lib/python3.6/site-packages/airflow/example_dags/example_complex.py for tasks to queue
[2021-06-21 19:17:25,319] {logging_mixin.py:104} INFO - [2021-06-21 19:17:25,319] {dagbag.py:487} INFO - Filling up the DagBag from /home/airflow/.local/lib/python3.6/site-packages/airflow/example_dags/example_complex.py
[2021-06-21 19:17:25,344] {scheduler_job.py:643} INFO - DAG(s) dict_keys(['example_complex']) retrieved from /home/airflow/.local/lib/python3.6/site-packages/airflow/example_dags/example_complex.py
[2021-06-21 19:17:25,370] {logging_mixin.py:104} INFO - [2021-06-21 19:17:25,370] {dag.py:1832} INFO - Sync 1 DAGs
[2021-06-21 19:17:25,386] {logging_mixin.py:104} INFO - [2021-06-21 19:17:25,386] {dag.py:2305} INFO - Setting next_dagrun for example_complex to None
[2021-06-21 19:17:25,443] {scheduler_job.py:190} INFO - Processing /home/airflow/.local/lib/python3.6/site-packages/airflow/example_dags/example_complex.py took 0.129 seconds
[2021-06-21 19:17:55,643] {scheduler_job.py:182} INFO - Started process (PID=2643) to work on /home/airflow/.local/lib/python3.6/site-packages/airflow/example_dags/example_complex.py
[2021-06-21 19:17:55,644] {scheduler_job.py:633} INFO - Processing file /home/airflow/.local/lib/python3.6/site-packages/airflow/example_dags/example_complex.py for tasks to queue
[2021-06-21 19:17:55,645] {logging_mixin.py:104} INFO - [2021-06-21 19:17:55,645] {dagbag.py:487} INFO - Filling up the DagBag from /home/airflow/.local/lib/python3.6/site-packages/airflow/example_dags/example_complex.py
[2021-06-21 19:17:55,665] {scheduler_job.py:643} INFO - DAG(s) dict_keys(['example_complex']) retrieved from /home/airflow/.local/lib/python3.6/site-packages/airflow/example_dags/example_complex.py
[2021-06-21 19:17:55,689] {logging_mixin.py:104} INFO - [2021-06-21 19:17:55,689] {dag.py:1832} INFO - Sync 1 DAGs
[2021-06-21 19:17:55,705] {logging_mixin.py:104} INFO - [2021-06-21 19:17:55,705] {dag.py:2305} INFO - Setting next_dagrun for example_complex to None
[2021-06-21 19:17:55,741] {scheduler_job.py:190} INFO - Processing /home/airflow/.local/lib/python3.6/site-packages/airflow/example_dags/example_complex.py took 0.100 seconds
[2021-06-21 19:18:26,078] {scheduler_job.py:182} INFO - Started process (PID=2727) to work on /home/airflow/.local/lib/python3.6/site-packages/airflow/example_dags/example_complex.py
[2021-06-21 19:18:26,079] {scheduler_job.py:633} INFO - Processing file /home/airflow/.local/lib/python3.6/site-packages/airflow/example_dags/example_complex.py for tasks to queue
[2021-06-21 19:18:26,080] {logging_mixin.py:104} INFO - [2021-06-21 19:18:26,080] {dagbag.py:487} INFO - Filling up the DagBag from /home/airflow/.local/lib/python3.6/site-packages/airflow/example_dags/example_complex.py
[2021-06-21 19:18:26,109] {scheduler_job.py:643} INFO - DAG(s) dict_keys(['example_complex']) retrieved from /home/airflow/.local/lib/python3.6/site-packages/airflow/example_dags/example_complex.py
[2021-06-21 19:18:26,137] {logging_mixin.py:104} INFO - [2021-06-21 19:18:26,137] {dag.py:1832} INFO - Sync 1 DAGs
[2021-06-21 19:18:26,153] {logging_mixin.py:104} INFO - [2021-06-21 19:18:26,153] {dag.py:2305} INFO - Setting next_dagrun for example_complex to None
[2021-06-21 19:18:26,163] {scheduler_job.py:190} INFO - Processing /home/airflow/.local/lib/python3.6/site-packages/airflow/example_dags/example_complex.py took 0.088 seconds
[2021-06-21 19:18:56,278] {scheduler_job.py:182} INFO - Started process (PID=2791) to work on /home/airflow/.local/lib/python3.6/site-packages/airflow/example_dags/example_complex.py
[2021-06-21 19:18:56,280] {scheduler_job.py:633} INFO - Processing file /home/airflow/.local/lib/python3.6/site-packages/airflow/example_dags/example_complex.py for tasks to queue
[2021-06-21 19:18:56,281] {logging_mixin.py:104} INFO - [2021-06-21 19:18:56,281] {dagbag.py:487} INFO - Filling up the DagBag from /home/airflow/.local/lib/python3.6/site-packages/airflow/example_dags/example_complex.py
[2021-06-21 19:18:56,307] {scheduler_job.py:643} INFO - DAG(s) dict_keys(['example_complex']) retrieved from /home/airflow/.local/lib/python3.6/site-packages/airflow/example_dags/example_complex.py
[2021-06-21 19:18:56,345] {logging_mixin.py:104} INFO - [2021-06-21 19:18:56,343] {dag.py:1832} INFO - Sync 1 DAGs
[2021-06-21 19:18:56,368] {logging_mixin.py:104} INFO - [2021-06-21 19:18:56,368] {dag.py:2305} INFO - Setting next_dagrun for example_complex to None
[2021-06-21 19:18:56,383] {scheduler_job.py:190} INFO - Processing /home/airflow/.local/lib/python3.6/site-packages/airflow/example_dags/example_complex.py took 0.113 seconds
[2021-06-21 19:19:27,048] {scheduler_job.py:182} INFO - Started process (PID=2875) to work on /home/airflow/.local/lib/python3.6/site-packages/airflow/example_dags/example_complex.py
[2021-06-21 19:19:27,050] {scheduler_job.py:633} INFO - Processing file /home/airflow/.local/lib/python3.6/site-packages/airflow/example_dags/example_complex.py for tasks to queue
[2021-06-21 19:19:27,050] {logging_mixin.py:104} INFO - [2021-06-21 19:19:27,050] {dagbag.py:487} INFO - Filling up the DagBag from /home/airflow/.local/lib/python3.6/site-packages/airflow/example_dags/example_complex.py
[2021-06-21 19:19:27,082] {scheduler_job.py:643} INFO - DAG(s) dict_keys(['example_complex']) retrieved from /home/airflow/.local/lib/python3.6/site-packages/airflow/example_dags/example_complex.py
[2021-06-21 19:19:27,116] {logging_mixin.py:104} INFO - [2021-06-21 19:19:27,116] {dag.py:1832} INFO - Sync 1 DAGs
[2021-06-21 19:19:27,134] {logging_mixin.py:104} INFO - [2021-06-21 19:19:27,134] {dag.py:2305} INFO - Setting next_dagrun for example_complex to None
[2021-06-21 19:19:27,146] {scheduler_job.py:190} INFO - Processing /home/airflow/.local/lib/python3.6/site-packages/airflow/example_dags/example_complex.py took 0.102 seconds
[2021-06-21 19:19:57,762] {scheduler_job.py:182} INFO - Started process (PID=2939) to work on /home/airflow/.local/lib/python3.6/site-packages/airflow/example_dags/example_complex.py
[2021-06-21 19:19:57,765] {scheduler_job.py:633} INFO - Processing file /home/airflow/.local/lib/python3.6/site-packages/airflow/example_dags/example_complex.py for tasks to queue
[2021-06-21 19:19:57,767] {logging_mixin.py:104} INFO - [2021-06-21 19:19:57,766] {dagbag.py:487} INFO - Filling up the DagBag from /home/airflow/.local/lib/python3.6/site-packages/airflow/example_dags/example_complex.py
[2021-06-21 19:19:57,796] {scheduler_job.py:643} INFO - DAG(s) dict_keys(['example_complex']) retrieved from /home/airflow/.local/lib/python3.6/site-packages/airflow/example_dags/example_complex.py
[2021-06-21 19:19:57,823] {logging_mixin.py:104} INFO - [2021-06-21 19:19:57,822] {dag.py:1832} INFO - Sync 1 DAGs
[2021-06-21 19:19:57,836] {logging_mixin.py:104} INFO - [2021-06-21 19:19:57,836] {dag.py:2305} INFO - Setting next_dagrun for example_complex to None
[2021-06-21 19:19:57,845] {scheduler_job.py:190} INFO - Processing /home/airflow/.local/lib/python3.6/site-packages/airflow/example_dags/example_complex.py took 0.092 seconds
[2021-06-21 19:20:28,422] {scheduler_job.py:182} INFO - Started process (PID=3021) to work on /home/airflow/.local/lib/python3.6/site-packages/airflow/example_dags/example_complex.py
[2021-06-21 19:20:28,424] {scheduler_job.py:633} INFO - Processing file /home/airflow/.local/lib/python3.6/site-packages/airflow/example_dags/example_complex.py for tasks to queue
[2021-06-21 19:20:28,425] {logging_mixin.py:104} INFO - [2021-06-21 19:20:28,425] {dagbag.py:487} INFO - Filling up the DagBag from /home/airflow/.local/lib/python3.6/site-packages/airflow/example_dags/example_complex.py
[2021-06-21 19:20:28,449] {scheduler_job.py:643} INFO - DAG(s) dict_keys(['example_complex']) retrieved from /home/airflow/.local/lib/python3.6/site-packages/airflow/example_dags/example_complex.py
[2021-06-21 19:20:28,473] {logging_mixin.py:104} INFO - [2021-06-21 19:20:28,473] {dag.py:1832} INFO - Sync 1 DAGs
[2021-06-21 19:20:28,486] {logging_mixin.py:104} INFO - [2021-06-21 19:20:28,486] {dag.py:2305} INFO - Setting next_dagrun for example_complex to None
[2021-06-21 19:20:28,494] {scheduler_job.py:190} INFO - Processing /home/airflow/.local/lib/python3.6/site-packages/airflow/example_dags/example_complex.py took 0.080 seconds
[2021-06-21 19:20:59,136] {scheduler_job.py:182} INFO - Started process (PID=3085) to work on /home/airflow/.local/lib/python3.6/site-packages/airflow/example_dags/example_complex.py
[2021-06-21 19:20:59,137] {scheduler_job.py:633} INFO - Processing file /home/airflow/.local/lib/python3.6/site-packages/airflow/example_dags/example_complex.py for tasks to queue
[2021-06-21 19:20:59,138] {logging_mixin.py:104} INFO - [2021-06-21 19:20:59,138] {dagbag.py:487} INFO - Filling up the DagBag from /home/airflow/.local/lib/python3.6/site-packages/airflow/example_dags/example_complex.py
[2021-06-21 19:20:59,159] {scheduler_job.py:643} INFO - DAG(s) dict_keys(['example_complex']) retrieved from /home/airflow/.local/lib/python3.6/site-packages/airflow/example_dags/example_complex.py
[2021-06-21 19:20:59,193] {logging_mixin.py:104} INFO - [2021-06-21 19:20:59,193] {dag.py:1832} INFO - Sync 1 DAGs
[2021-06-21 19:20:59,214] {logging_mixin.py:104} INFO - [2021-06-21 19:20:59,214] {dag.py:2305} INFO - Setting next_dagrun for example_complex to None
[2021-06-21 19:20:59,228] {scheduler_job.py:190} INFO - Processing /home/airflow/.local/lib/python3.6/site-packages/airflow/example_dags/example_complex.py took 0.094 seconds
[2021-06-21 19:21:29,690] {scheduler_job.py:182} INFO - Started process (PID=3168) to work on /home/airflow/.local/lib/python3.6/site-packages/airflow/example_dags/example_complex.py
[2021-06-21 19:21:29,693] {scheduler_job.py:633} INFO - Processing file /home/airflow/.local/lib/python3.6/site-packages/airflow/example_dags/example_complex.py for tasks to queue
[2021-06-21 19:21:29,695] {logging_mixin.py:104} INFO - [2021-06-21 19:21:29,694] {dagbag.py:487} INFO - Filling up the DagBag from /home/airflow/.local/lib/python3.6/site-packages/airflow/example_dags/example_complex.py
[2021-06-21 19:21:29,739] {scheduler_job.py:643} INFO - DAG(s) dict_keys(['example_complex']) retrieved from /home/airflow/.local/lib/python3.6/site-packages/airflow/example_dags/example_complex.py
[2021-06-21 19:21:29,762] {logging_mixin.py:104} INFO - [2021-06-21 19:21:29,762] {dag.py:1832} INFO - Sync 1 DAGs
[2021-06-21 19:21:29,774] {logging_mixin.py:104} INFO - [2021-06-21 19:21:29,774] {dag.py:2305} INFO - Setting next_dagrun for example_complex to None
[2021-06-21 19:21:29,782] {scheduler_job.py:190} INFO - Processing /home/airflow/.local/lib/python3.6/site-packages/airflow/example_dags/example_complex.py took 0.101 seconds
[2021-06-21 19:22:00,403] {scheduler_job.py:182} INFO - Started process (PID=3232) to work on /home/airflow/.local/lib/python3.6/site-packages/airflow/example_dags/example_complex.py
[2021-06-21 19:22:00,404] {scheduler_job.py:633} INFO - Processing file /home/airflow/.local/lib/python3.6/site-packages/airflow/example_dags/example_complex.py for tasks to queue
[2021-06-21 19:22:00,405] {logging_mixin.py:104} INFO - [2021-06-21 19:22:00,405] {dagbag.py:487} INFO - Filling up the DagBag from /home/airflow/.local/lib/python3.6/site-packages/airflow/example_dags/example_complex.py
[2021-06-21 19:22:00,424] {scheduler_job.py:643} INFO - DAG(s) dict_keys(['example_complex']) retrieved from /home/airflow/.local/lib/python3.6/site-packages/airflow/example_dags/example_complex.py
[2021-06-21 19:22:00,452] {logging_mixin.py:104} INFO - [2021-06-21 19:22:00,452] {dag.py:1832} INFO - Sync 1 DAGs
[2021-06-21 19:22:00,465] {logging_mixin.py:104} INFO - [2021-06-21 19:22:00,465] {dag.py:2305} INFO - Setting next_dagrun for example_complex to None
[2021-06-21 19:22:00,474] {scheduler_job.py:190} INFO - Processing /home/airflow/.local/lib/python3.6/site-packages/airflow/example_dags/example_complex.py took 0.074 seconds
[2021-06-21 19:22:30,944] {scheduler_job.py:182} INFO - Started process (PID=3315) to work on /home/airflow/.local/lib/python3.6/site-packages/airflow/example_dags/example_complex.py
[2021-06-21 19:22:30,946] {scheduler_job.py:633} INFO - Processing file /home/airflow/.local/lib/python3.6/site-packages/airflow/example_dags/example_complex.py for tasks to queue
[2021-06-21 19:22:30,947] {logging_mixin.py:104} INFO - [2021-06-21 19:22:30,947] {dagbag.py:487} INFO - Filling up the DagBag from /home/airflow/.local/lib/python3.6/site-packages/airflow/example_dags/example_complex.py
[2021-06-21 19:22:30,976] {scheduler_job.py:643} INFO - DAG(s) dict_keys(['example_complex']) retrieved from /home/airflow/.local/lib/python3.6/site-packages/airflow/example_dags/example_complex.py
[2021-06-21 19:22:30,999] {logging_mixin.py:104} INFO - [2021-06-21 19:22:30,998] {dag.py:1832} INFO - Sync 1 DAGs
[2021-06-21 19:22:31,011] {logging_mixin.py:104} INFO - [2021-06-21 19:22:31,011] {dag.py:2305} INFO - Setting next_dagrun for example_complex to None
[2021-06-21 19:22:31,049] {scheduler_job.py:190} INFO - Processing /home/airflow/.local/lib/python3.6/site-packages/airflow/example_dags/example_complex.py took 0.111 seconds
[2021-06-21 19:23:01,150] {scheduler_job.py:182} INFO - Started process (PID=3379) to work on /home/airflow/.local/lib/python3.6/site-packages/airflow/example_dags/example_complex.py
[2021-06-21 19:23:01,154] {scheduler_job.py:633} INFO - Processing file /home/airflow/.local/lib/python3.6/site-packages/airflow/example_dags/example_complex.py for tasks to queue
[2021-06-21 19:23:01,155] {logging_mixin.py:104} INFO - [2021-06-21 19:23:01,155] {dagbag.py:487} INFO - Filling up the DagBag from /home/airflow/.local/lib/python3.6/site-packages/airflow/example_dags/example_complex.py
[2021-06-21 19:23:01,181] {scheduler_job.py:643} INFO - DAG(s) dict_keys(['example_complex']) retrieved from /home/airflow/.local/lib/python3.6/site-packages/airflow/example_dags/example_complex.py
[2021-06-21 19:23:01,203] {logging_mixin.py:104} INFO - [2021-06-21 19:23:01,203] {dag.py:1832} INFO - Sync 1 DAGs
[2021-06-21 19:23:01,215] {logging_mixin.py:104} INFO - [2021-06-21 19:23:01,215] {dag.py:2305} INFO - Setting next_dagrun for example_complex to None
[2021-06-21 19:23:01,250] {scheduler_job.py:190} INFO - Processing /home/airflow/.local/lib/python3.6/site-packages/airflow/example_dags/example_complex.py took 0.109 seconds
[2021-06-21 19:23:31,660] {scheduler_job.py:182} INFO - Started process (PID=3460) to work on /home/airflow/.local/lib/python3.6/site-packages/airflow/example_dags/example_complex.py
[2021-06-21 19:23:31,662] {scheduler_job.py:633} INFO - Processing file /home/airflow/.local/lib/python3.6/site-packages/airflow/example_dags/example_complex.py for tasks to queue
[2021-06-21 19:23:31,663] {logging_mixin.py:104} INFO - [2021-06-21 19:23:31,662] {dagbag.py:487} INFO - Filling up the DagBag from /home/airflow/.local/lib/python3.6/site-packages/airflow/example_dags/example_complex.py
[2021-06-21 19:23:31,691] {scheduler_job.py:643} INFO - DAG(s) dict_keys(['example_complex']) retrieved from /home/airflow/.local/lib/python3.6/site-packages/airflow/example_dags/example_complex.py
[2021-06-21 19:23:31,724] {logging_mixin.py:104} INFO - [2021-06-21 19:23:31,724] {dag.py:1832} INFO - Sync 1 DAGs
[2021-06-21 19:23:31,744] {logging_mixin.py:104} INFO - [2021-06-21 19:23:31,744] {dag.py:2305} INFO - Setting next_dagrun for example_complex to None
[2021-06-21 19:23:31,790] {scheduler_job.py:190} INFO - Processing /home/airflow/.local/lib/python3.6/site-packages/airflow/example_dags/example_complex.py took 0.135 seconds
