[2021-06-21 19:00:19,297] {scheduler_job.py:182} INFO - Started process (PID=96) to work on /home/airflow/.local/lib/python3.6/site-packages/airflow/example_dags/example_branch_python_dop_operator_3.py
[2021-06-21 19:00:19,298] {scheduler_job.py:633} INFO - Processing file /home/airflow/.local/lib/python3.6/site-packages/airflow/example_dags/example_branch_python_dop_operator_3.py for tasks to queue
[2021-06-21 19:00:19,299] {logging_mixin.py:104} INFO - [2021-06-21 19:00:19,299] {dagbag.py:487} INFO - Filling up the DagBag from /home/airflow/.local/lib/python3.6/site-packages/airflow/example_dags/example_branch_python_dop_operator_3.py
[2021-06-21 19:00:19,314] {scheduler_job.py:643} INFO - DAG(s) dict_keys(['example_branch_dop_operator_v3']) retrieved from /home/airflow/.local/lib/python3.6/site-packages/airflow/example_dags/example_branch_python_dop_operator_3.py
[2021-06-21 19:00:21,745] {logging_mixin.py:104} INFO - [2021-06-21 19:00:21,744] {dag.py:1832} INFO - Sync 1 DAGs
[2021-06-21 19:00:21,755] {logging_mixin.py:104} INFO - [2021-06-21 19:00:21,754] {dag.py:1851} INFO - Creating ORM DAG for example_branch_dop_operator_v3
[2021-06-21 19:00:21,771] {logging_mixin.py:104} INFO - [2021-06-21 19:00:21,771] {dag.py:2305} INFO - Setting next_dagrun for example_branch_dop_operator_v3 to 2021-06-19 00:00:00+00:00
[2021-06-21 19:00:21,781] {scheduler_job.py:190} INFO - Processing /home/airflow/.local/lib/python3.6/site-packages/airflow/example_dags/example_branch_python_dop_operator_3.py took 2.486 seconds
[2021-06-21 19:00:52,288] {scheduler_job.py:182} INFO - Started process (PID=192) to work on /home/airflow/.local/lib/python3.6/site-packages/airflow/example_dags/example_branch_python_dop_operator_3.py
[2021-06-21 19:00:52,289] {scheduler_job.py:633} INFO - Processing file /home/airflow/.local/lib/python3.6/site-packages/airflow/example_dags/example_branch_python_dop_operator_3.py for tasks to queue
[2021-06-21 19:00:52,289] {logging_mixin.py:104} INFO - [2021-06-21 19:00:52,289] {dagbag.py:487} INFO - Filling up the DagBag from /home/airflow/.local/lib/python3.6/site-packages/airflow/example_dags/example_branch_python_dop_operator_3.py
[2021-06-21 19:00:52,304] {scheduler_job.py:643} INFO - DAG(s) dict_keys(['example_branch_dop_operator_v3']) retrieved from /home/airflow/.local/lib/python3.6/site-packages/airflow/example_dags/example_branch_python_dop_operator_3.py
[2021-06-21 19:00:52,325] {logging_mixin.py:104} INFO - [2021-06-21 19:00:52,325] {dag.py:1832} INFO - Sync 1 DAGs
[2021-06-21 19:00:52,358] {logging_mixin.py:104} INFO - [2021-06-21 19:00:52,358] {dag.py:2305} INFO - Setting next_dagrun for example_branch_dop_operator_v3 to 2021-06-19 00:00:00+00:00
[2021-06-21 19:00:52,370] {scheduler_job.py:190} INFO - Processing /home/airflow/.local/lib/python3.6/site-packages/airflow/example_dags/example_branch_python_dop_operator_3.py took 0.086 seconds
[2021-06-21 19:01:23,230] {scheduler_job.py:182} INFO - Started process (PID=256) to work on /home/airflow/.local/lib/python3.6/site-packages/airflow/example_dags/example_branch_python_dop_operator_3.py
[2021-06-21 19:01:23,232] {scheduler_job.py:633} INFO - Processing file /home/airflow/.local/lib/python3.6/site-packages/airflow/example_dags/example_branch_python_dop_operator_3.py for tasks to queue
[2021-06-21 19:01:23,234] {logging_mixin.py:104} INFO - [2021-06-21 19:01:23,234] {dagbag.py:487} INFO - Filling up the DagBag from /home/airflow/.local/lib/python3.6/site-packages/airflow/example_dags/example_branch_python_dop_operator_3.py
[2021-06-21 19:01:23,274] {scheduler_job.py:643} INFO - DAG(s) dict_keys(['example_branch_dop_operator_v3']) retrieved from /home/airflow/.local/lib/python3.6/site-packages/airflow/example_dags/example_branch_python_dop_operator_3.py
[2021-06-21 19:01:23,342] {logging_mixin.py:104} INFO - [2021-06-21 19:01:23,342] {dag.py:1832} INFO - Sync 1 DAGs
[2021-06-21 19:01:23,395] {logging_mixin.py:104} INFO - [2021-06-21 19:01:23,395] {dag.py:2305} INFO - Setting next_dagrun for example_branch_dop_operator_v3 to 2021-06-19 00:00:00+00:00
[2021-06-21 19:01:23,403] {scheduler_job.py:190} INFO - Processing /home/airflow/.local/lib/python3.6/site-packages/airflow/example_dags/example_branch_python_dop_operator_3.py took 0.178 seconds
[2021-06-21 19:01:53,481] {scheduler_job.py:182} INFO - Started process (PID=335) to work on /home/airflow/.local/lib/python3.6/site-packages/airflow/example_dags/example_branch_python_dop_operator_3.py
[2021-06-21 19:01:53,482] {scheduler_job.py:633} INFO - Processing file /home/airflow/.local/lib/python3.6/site-packages/airflow/example_dags/example_branch_python_dop_operator_3.py for tasks to queue
[2021-06-21 19:01:53,482] {logging_mixin.py:104} INFO - [2021-06-21 19:01:53,482] {dagbag.py:487} INFO - Filling up the DagBag from /home/airflow/.local/lib/python3.6/site-packages/airflow/example_dags/example_branch_python_dop_operator_3.py
[2021-06-21 19:01:53,494] {scheduler_job.py:643} INFO - DAG(s) dict_keys(['example_branch_dop_operator_v3']) retrieved from /home/airflow/.local/lib/python3.6/site-packages/airflow/example_dags/example_branch_python_dop_operator_3.py
[2021-06-21 19:01:53,511] {logging_mixin.py:104} INFO - [2021-06-21 19:01:53,511] {dag.py:1832} INFO - Sync 1 DAGs
[2021-06-21 19:01:53,536] {logging_mixin.py:104} INFO - [2021-06-21 19:01:53,535] {dag.py:2305} INFO - Setting next_dagrun for example_branch_dop_operator_v3 to 2021-06-19 00:00:00+00:00
[2021-06-21 19:01:53,560] {scheduler_job.py:190} INFO - Processing /home/airflow/.local/lib/python3.6/site-packages/airflow/example_dags/example_branch_python_dop_operator_3.py took 0.082 seconds
[2021-06-21 19:02:23,645] {scheduler_job.py:182} INFO - Started process (PID=399) to work on /home/airflow/.local/lib/python3.6/site-packages/airflow/example_dags/example_branch_python_dop_operator_3.py
[2021-06-21 19:02:23,646] {scheduler_job.py:633} INFO - Processing file /home/airflow/.local/lib/python3.6/site-packages/airflow/example_dags/example_branch_python_dop_operator_3.py for tasks to queue
[2021-06-21 19:02:23,646] {logging_mixin.py:104} INFO - [2021-06-21 19:02:23,646] {dagbag.py:487} INFO - Filling up the DagBag from /home/airflow/.local/lib/python3.6/site-packages/airflow/example_dags/example_branch_python_dop_operator_3.py
[2021-06-21 19:02:23,659] {scheduler_job.py:643} INFO - DAG(s) dict_keys(['example_branch_dop_operator_v3']) retrieved from /home/airflow/.local/lib/python3.6/site-packages/airflow/example_dags/example_branch_python_dop_operator_3.py
[2021-06-21 19:02:23,677] {logging_mixin.py:104} INFO - [2021-06-21 19:02:23,676] {dag.py:1832} INFO - Sync 1 DAGs
[2021-06-21 19:02:23,708] {logging_mixin.py:104} INFO - [2021-06-21 19:02:23,708] {dag.py:2305} INFO - Setting next_dagrun for example_branch_dop_operator_v3 to 2021-06-19 00:00:00+00:00
[2021-06-21 19:02:23,756] {scheduler_job.py:190} INFO - Processing /home/airflow/.local/lib/python3.6/site-packages/airflow/example_dags/example_branch_python_dop_operator_3.py took 0.114 seconds
[2021-06-21 19:02:54,249] {scheduler_job.py:182} INFO - Started process (PID=482) to work on /home/airflow/.local/lib/python3.6/site-packages/airflow/example_dags/example_branch_python_dop_operator_3.py
[2021-06-21 19:02:54,251] {scheduler_job.py:633} INFO - Processing file /home/airflow/.local/lib/python3.6/site-packages/airflow/example_dags/example_branch_python_dop_operator_3.py for tasks to queue
[2021-06-21 19:02:54,253] {logging_mixin.py:104} INFO - [2021-06-21 19:02:54,253] {dagbag.py:487} INFO - Filling up the DagBag from /home/airflow/.local/lib/python3.6/site-packages/airflow/example_dags/example_branch_python_dop_operator_3.py
[2021-06-21 19:02:54,280] {scheduler_job.py:643} INFO - DAG(s) dict_keys(['example_branch_dop_operator_v3']) retrieved from /home/airflow/.local/lib/python3.6/site-packages/airflow/example_dags/example_branch_python_dop_operator_3.py
[2021-06-21 19:02:54,298] {logging_mixin.py:104} INFO - [2021-06-21 19:02:54,298] {dag.py:1832} INFO - Sync 1 DAGs
[2021-06-21 19:02:54,318] {logging_mixin.py:104} INFO - [2021-06-21 19:02:54,318] {dag.py:2305} INFO - Setting next_dagrun for example_branch_dop_operator_v3 to 2021-06-19 00:00:00+00:00
[2021-06-21 19:02:54,350] {scheduler_job.py:190} INFO - Processing /home/airflow/.local/lib/python3.6/site-packages/airflow/example_dags/example_branch_python_dop_operator_3.py took 0.110 seconds
[2021-06-21 19:03:24,436] {scheduler_job.py:182} INFO - Started process (PID=546) to work on /home/airflow/.local/lib/python3.6/site-packages/airflow/example_dags/example_branch_python_dop_operator_3.py
[2021-06-21 19:03:24,437] {scheduler_job.py:633} INFO - Processing file /home/airflow/.local/lib/python3.6/site-packages/airflow/example_dags/example_branch_python_dop_operator_3.py for tasks to queue
[2021-06-21 19:03:24,437] {logging_mixin.py:104} INFO - [2021-06-21 19:03:24,437] {dagbag.py:487} INFO - Filling up the DagBag from /home/airflow/.local/lib/python3.6/site-packages/airflow/example_dags/example_branch_python_dop_operator_3.py
[2021-06-21 19:03:24,447] {scheduler_job.py:643} INFO - DAG(s) dict_keys(['example_branch_dop_operator_v3']) retrieved from /home/airflow/.local/lib/python3.6/site-packages/airflow/example_dags/example_branch_python_dop_operator_3.py
[2021-06-21 19:03:24,463] {logging_mixin.py:104} INFO - [2021-06-21 19:03:24,463] {dag.py:1832} INFO - Sync 1 DAGs
[2021-06-21 19:03:24,485] {logging_mixin.py:104} INFO - [2021-06-21 19:03:24,485] {dag.py:2305} INFO - Setting next_dagrun for example_branch_dop_operator_v3 to 2021-06-19 00:00:00+00:00
[2021-06-21 19:03:24,514] {scheduler_job.py:190} INFO - Processing /home/airflow/.local/lib/python3.6/site-packages/airflow/example_dags/example_branch_python_dop_operator_3.py took 0.080 seconds
[2021-06-21 19:03:54,527] {scheduler_job.py:182} INFO - Started process (PID=626) to work on /home/airflow/.local/lib/python3.6/site-packages/airflow/example_dags/example_branch_python_dop_operator_3.py
[2021-06-21 19:03:54,528] {scheduler_job.py:633} INFO - Processing file /home/airflow/.local/lib/python3.6/site-packages/airflow/example_dags/example_branch_python_dop_operator_3.py for tasks to queue
[2021-06-21 19:03:54,529] {logging_mixin.py:104} INFO - [2021-06-21 19:03:54,529] {dagbag.py:487} INFO - Filling up the DagBag from /home/airflow/.local/lib/python3.6/site-packages/airflow/example_dags/example_branch_python_dop_operator_3.py
[2021-06-21 19:03:54,539] {scheduler_job.py:643} INFO - DAG(s) dict_keys(['example_branch_dop_operator_v3']) retrieved from /home/airflow/.local/lib/python3.6/site-packages/airflow/example_dags/example_branch_python_dop_operator_3.py
[2021-06-21 19:03:54,559] {logging_mixin.py:104} INFO - [2021-06-21 19:03:54,559] {dag.py:1832} INFO - Sync 1 DAGs
[2021-06-21 19:03:54,582] {logging_mixin.py:104} INFO - [2021-06-21 19:03:54,582] {dag.py:2305} INFO - Setting next_dagrun for example_branch_dop_operator_v3 to 2021-06-19 00:00:00+00:00
[2021-06-21 19:03:54,615] {scheduler_job.py:190} INFO - Processing /home/airflow/.local/lib/python3.6/site-packages/airflow/example_dags/example_branch_python_dop_operator_3.py took 0.090 seconds
[2021-06-21 19:04:24,863] {scheduler_job.py:182} INFO - Started process (PID=690) to work on /home/airflow/.local/lib/python3.6/site-packages/airflow/example_dags/example_branch_python_dop_operator_3.py
[2021-06-21 19:04:24,865] {scheduler_job.py:633} INFO - Processing file /home/airflow/.local/lib/python3.6/site-packages/airflow/example_dags/example_branch_python_dop_operator_3.py for tasks to queue
[2021-06-21 19:04:24,867] {logging_mixin.py:104} INFO - [2021-06-21 19:04:24,867] {dagbag.py:487} INFO - Filling up the DagBag from /home/airflow/.local/lib/python3.6/site-packages/airflow/example_dags/example_branch_python_dop_operator_3.py
[2021-06-21 19:04:24,910] {scheduler_job.py:643} INFO - DAG(s) dict_keys(['example_branch_dop_operator_v3']) retrieved from /home/airflow/.local/lib/python3.6/site-packages/airflow/example_dags/example_branch_python_dop_operator_3.py
[2021-06-21 19:04:24,964] {logging_mixin.py:104} INFO - [2021-06-21 19:04:24,963] {dag.py:1832} INFO - Sync 1 DAGs
[2021-06-21 19:04:24,993] {logging_mixin.py:104} INFO - [2021-06-21 19:04:24,993] {dag.py:2305} INFO - Setting next_dagrun for example_branch_dop_operator_v3 to 2021-06-19 00:00:00+00:00
[2021-06-21 19:04:25,001] {scheduler_job.py:190} INFO - Processing /home/airflow/.local/lib/python3.6/site-packages/airflow/example_dags/example_branch_python_dop_operator_3.py took 0.147 seconds
[2021-06-21 19:04:55,899] {scheduler_job.py:182} INFO - Started process (PID=770) to work on /home/airflow/.local/lib/python3.6/site-packages/airflow/example_dags/example_branch_python_dop_operator_3.py
[2021-06-21 19:04:55,900] {scheduler_job.py:633} INFO - Processing file /home/airflow/.local/lib/python3.6/site-packages/airflow/example_dags/example_branch_python_dop_operator_3.py for tasks to queue
[2021-06-21 19:04:55,901] {logging_mixin.py:104} INFO - [2021-06-21 19:04:55,900] {dagbag.py:487} INFO - Filling up the DagBag from /home/airflow/.local/lib/python3.6/site-packages/airflow/example_dags/example_branch_python_dop_operator_3.py
[2021-06-21 19:04:55,915] {scheduler_job.py:643} INFO - DAG(s) dict_keys(['example_branch_dop_operator_v3']) retrieved from /home/airflow/.local/lib/python3.6/site-packages/airflow/example_dags/example_branch_python_dop_operator_3.py
[2021-06-21 19:04:55,956] {logging_mixin.py:104} INFO - [2021-06-21 19:04:55,956] {dag.py:1832} INFO - Sync 1 DAGs
[2021-06-21 19:04:55,981] {logging_mixin.py:104} INFO - [2021-06-21 19:04:55,981] {dag.py:2305} INFO - Setting next_dagrun for example_branch_dop_operator_v3 to 2021-06-19 00:00:00+00:00
[2021-06-21 19:04:55,989] {scheduler_job.py:190} INFO - Processing /home/airflow/.local/lib/python3.6/site-packages/airflow/example_dags/example_branch_python_dop_operator_3.py took 0.093 seconds
[2021-06-21 19:05:26,765] {scheduler_job.py:182} INFO - Started process (PID=835) to work on /home/airflow/.local/lib/python3.6/site-packages/airflow/example_dags/example_branch_python_dop_operator_3.py
[2021-06-21 19:05:26,766] {scheduler_job.py:633} INFO - Processing file /home/airflow/.local/lib/python3.6/site-packages/airflow/example_dags/example_branch_python_dop_operator_3.py for tasks to queue
[2021-06-21 19:05:26,767] {logging_mixin.py:104} INFO - [2021-06-21 19:05:26,766] {dagbag.py:487} INFO - Filling up the DagBag from /home/airflow/.local/lib/python3.6/site-packages/airflow/example_dags/example_branch_python_dop_operator_3.py
[2021-06-21 19:05:26,781] {scheduler_job.py:643} INFO - DAG(s) dict_keys(['example_branch_dop_operator_v3']) retrieved from /home/airflow/.local/lib/python3.6/site-packages/airflow/example_dags/example_branch_python_dop_operator_3.py
[2021-06-21 19:05:26,800] {logging_mixin.py:104} INFO - [2021-06-21 19:05:26,800] {dag.py:1832} INFO - Sync 1 DAGs
[2021-06-21 19:05:26,823] {logging_mixin.py:104} INFO - [2021-06-21 19:05:26,823] {dag.py:2305} INFO - Setting next_dagrun for example_branch_dop_operator_v3 to 2021-06-19 00:00:00+00:00
[2021-06-21 19:05:26,831] {scheduler_job.py:190} INFO - Processing /home/airflow/.local/lib/python3.6/site-packages/airflow/example_dags/example_branch_python_dop_operator_3.py took 0.069 seconds
[2021-06-21 19:05:57,112] {scheduler_job.py:182} INFO - Started process (PID=916) to work on /home/airflow/.local/lib/python3.6/site-packages/airflow/example_dags/example_branch_python_dop_operator_3.py
[2021-06-21 19:05:57,115] {scheduler_job.py:633} INFO - Processing file /home/airflow/.local/lib/python3.6/site-packages/airflow/example_dags/example_branch_python_dop_operator_3.py for tasks to queue
[2021-06-21 19:05:57,116] {logging_mixin.py:104} INFO - [2021-06-21 19:05:57,116] {dagbag.py:487} INFO - Filling up the DagBag from /home/airflow/.local/lib/python3.6/site-packages/airflow/example_dags/example_branch_python_dop_operator_3.py
[2021-06-21 19:05:57,142] {scheduler_job.py:643} INFO - DAG(s) dict_keys(['example_branch_dop_operator_v3']) retrieved from /home/airflow/.local/lib/python3.6/site-packages/airflow/example_dags/example_branch_python_dop_operator_3.py
[2021-06-21 19:05:57,160] {logging_mixin.py:104} INFO - [2021-06-21 19:05:57,160] {dag.py:1832} INFO - Sync 1 DAGs
[2021-06-21 19:05:57,180] {logging_mixin.py:104} INFO - [2021-06-21 19:05:57,180] {dag.py:2305} INFO - Setting next_dagrun for example_branch_dop_operator_v3 to 2021-06-19 00:00:00+00:00
[2021-06-21 19:05:57,187] {scheduler_job.py:190} INFO - Processing /home/airflow/.local/lib/python3.6/site-packages/airflow/example_dags/example_branch_python_dop_operator_3.py took 0.083 seconds
[2021-06-21 19:06:27,462] {scheduler_job.py:182} INFO - Started process (PID=989) to work on /home/airflow/.local/lib/python3.6/site-packages/airflow/example_dags/example_branch_python_dop_operator_3.py
[2021-06-21 19:06:27,463] {scheduler_job.py:633} INFO - Processing file /home/airflow/.local/lib/python3.6/site-packages/airflow/example_dags/example_branch_python_dop_operator_3.py for tasks to queue
[2021-06-21 19:06:27,464] {logging_mixin.py:104} INFO - [2021-06-21 19:06:27,464] {dagbag.py:487} INFO - Filling up the DagBag from /home/airflow/.local/lib/python3.6/site-packages/airflow/example_dags/example_branch_python_dop_operator_3.py
[2021-06-21 19:06:27,473] {scheduler_job.py:643} INFO - DAG(s) dict_keys(['example_branch_dop_operator_v3']) retrieved from /home/airflow/.local/lib/python3.6/site-packages/airflow/example_dags/example_branch_python_dop_operator_3.py
[2021-06-21 19:06:27,489] {logging_mixin.py:104} INFO - [2021-06-21 19:06:27,489] {dag.py:1832} INFO - Sync 1 DAGs
[2021-06-21 19:06:27,509] {logging_mixin.py:104} INFO - [2021-06-21 19:06:27,509] {dag.py:2305} INFO - Setting next_dagrun for example_branch_dop_operator_v3 to 2021-06-19 00:00:00+00:00
[2021-06-21 19:06:27,517] {scheduler_job.py:190} INFO - Processing /home/airflow/.local/lib/python3.6/site-packages/airflow/example_dags/example_branch_python_dop_operator_3.py took 0.056 seconds
[2021-06-21 19:06:57,565] {scheduler_job.py:182} INFO - Started process (PID=1060) to work on /home/airflow/.local/lib/python3.6/site-packages/airflow/example_dags/example_branch_python_dop_operator_3.py
[2021-06-21 19:06:57,566] {scheduler_job.py:633} INFO - Processing file /home/airflow/.local/lib/python3.6/site-packages/airflow/example_dags/example_branch_python_dop_operator_3.py for tasks to queue
[2021-06-21 19:06:57,567] {logging_mixin.py:104} INFO - [2021-06-21 19:06:57,567] {dagbag.py:487} INFO - Filling up the DagBag from /home/airflow/.local/lib/python3.6/site-packages/airflow/example_dags/example_branch_python_dop_operator_3.py
[2021-06-21 19:06:57,581] {scheduler_job.py:643} INFO - DAG(s) dict_keys(['example_branch_dop_operator_v3']) retrieved from /home/airflow/.local/lib/python3.6/site-packages/airflow/example_dags/example_branch_python_dop_operator_3.py
[2021-06-21 19:06:57,606] {logging_mixin.py:104} INFO - [2021-06-21 19:06:57,606] {dag.py:1832} INFO - Sync 1 DAGs
[2021-06-21 19:06:57,637] {logging_mixin.py:104} INFO - [2021-06-21 19:06:57,637] {dag.py:2305} INFO - Setting next_dagrun for example_branch_dop_operator_v3 to 2021-06-19 00:00:00+00:00
[2021-06-21 19:06:57,647] {scheduler_job.py:190} INFO - Processing /home/airflow/.local/lib/python3.6/site-packages/airflow/example_dags/example_branch_python_dop_operator_3.py took 0.085 seconds
[2021-06-21 19:07:27,908] {scheduler_job.py:182} INFO - Started process (PID=1140) to work on /home/airflow/.local/lib/python3.6/site-packages/airflow/example_dags/example_branch_python_dop_operator_3.py
[2021-06-21 19:07:27,909] {scheduler_job.py:633} INFO - Processing file /home/airflow/.local/lib/python3.6/site-packages/airflow/example_dags/example_branch_python_dop_operator_3.py for tasks to queue
[2021-06-21 19:07:27,910] {logging_mixin.py:104} INFO - [2021-06-21 19:07:27,910] {dagbag.py:487} INFO - Filling up the DagBag from /home/airflow/.local/lib/python3.6/site-packages/airflow/example_dags/example_branch_python_dop_operator_3.py
[2021-06-21 19:07:27,923] {scheduler_job.py:643} INFO - DAG(s) dict_keys(['example_branch_dop_operator_v3']) retrieved from /home/airflow/.local/lib/python3.6/site-packages/airflow/example_dags/example_branch_python_dop_operator_3.py
[2021-06-21 19:07:27,948] {logging_mixin.py:104} INFO - [2021-06-21 19:07:27,948] {dag.py:1832} INFO - Sync 1 DAGs
[2021-06-21 19:07:27,984] {logging_mixin.py:104} INFO - [2021-06-21 19:07:27,984] {dag.py:2305} INFO - Setting next_dagrun for example_branch_dop_operator_v3 to 2021-06-19 00:00:00+00:00
[2021-06-21 19:07:27,992] {scheduler_job.py:190} INFO - Processing /home/airflow/.local/lib/python3.6/site-packages/airflow/example_dags/example_branch_python_dop_operator_3.py took 0.087 seconds
[2021-06-21 19:07:58,232] {scheduler_job.py:182} INFO - Started process (PID=1205) to work on /home/airflow/.local/lib/python3.6/site-packages/airflow/example_dags/example_branch_python_dop_operator_3.py
[2021-06-21 19:07:58,232] {scheduler_job.py:633} INFO - Processing file /home/airflow/.local/lib/python3.6/site-packages/airflow/example_dags/example_branch_python_dop_operator_3.py for tasks to queue
[2021-06-21 19:07:58,233] {logging_mixin.py:104} INFO - [2021-06-21 19:07:58,233] {dagbag.py:487} INFO - Filling up the DagBag from /home/airflow/.local/lib/python3.6/site-packages/airflow/example_dags/example_branch_python_dop_operator_3.py
[2021-06-21 19:07:58,243] {scheduler_job.py:643} INFO - DAG(s) dict_keys(['example_branch_dop_operator_v3']) retrieved from /home/airflow/.local/lib/python3.6/site-packages/airflow/example_dags/example_branch_python_dop_operator_3.py
[2021-06-21 19:07:58,258] {logging_mixin.py:104} INFO - [2021-06-21 19:07:58,258] {dag.py:1832} INFO - Sync 1 DAGs
[2021-06-21 19:07:58,279] {logging_mixin.py:104} INFO - [2021-06-21 19:07:58,279] {dag.py:2305} INFO - Setting next_dagrun for example_branch_dop_operator_v3 to 2021-06-19 00:00:00+00:00
[2021-06-21 19:07:58,287] {scheduler_job.py:190} INFO - Processing /home/airflow/.local/lib/python3.6/site-packages/airflow/example_dags/example_branch_python_dop_operator_3.py took 0.057 seconds
[2021-06-21 19:08:28,710] {scheduler_job.py:182} INFO - Started process (PID=1286) to work on /home/airflow/.local/lib/python3.6/site-packages/airflow/example_dags/example_branch_python_dop_operator_3.py
[2021-06-21 19:08:28,711] {scheduler_job.py:633} INFO - Processing file /home/airflow/.local/lib/python3.6/site-packages/airflow/example_dags/example_branch_python_dop_operator_3.py for tasks to queue
[2021-06-21 19:08:28,712] {logging_mixin.py:104} INFO - [2021-06-21 19:08:28,712] {dagbag.py:487} INFO - Filling up the DagBag from /home/airflow/.local/lib/python3.6/site-packages/airflow/example_dags/example_branch_python_dop_operator_3.py
[2021-06-21 19:08:28,729] {scheduler_job.py:643} INFO - DAG(s) dict_keys(['example_branch_dop_operator_v3']) retrieved from /home/airflow/.local/lib/python3.6/site-packages/airflow/example_dags/example_branch_python_dop_operator_3.py
[2021-06-21 19:08:28,748] {logging_mixin.py:104} INFO - [2021-06-21 19:08:28,747] {dag.py:1832} INFO - Sync 1 DAGs
[2021-06-21 19:08:28,769] {logging_mixin.py:104} INFO - [2021-06-21 19:08:28,769] {dag.py:2305} INFO - Setting next_dagrun for example_branch_dop_operator_v3 to 2021-06-19 00:00:00+00:00
[2021-06-21 19:08:28,776] {scheduler_job.py:190} INFO - Processing /home/airflow/.local/lib/python3.6/site-packages/airflow/example_dags/example_branch_python_dop_operator_3.py took 0.070 seconds
[2021-06-21 19:08:59,353] {scheduler_job.py:182} INFO - Started process (PID=1353) to work on /home/airflow/.local/lib/python3.6/site-packages/airflow/example_dags/example_branch_python_dop_operator_3.py
[2021-06-21 19:08:59,356] {scheduler_job.py:633} INFO - Processing file /home/airflow/.local/lib/python3.6/site-packages/airflow/example_dags/example_branch_python_dop_operator_3.py for tasks to queue
[2021-06-21 19:08:59,358] {logging_mixin.py:104} INFO - [2021-06-21 19:08:59,358] {dagbag.py:487} INFO - Filling up the DagBag from /home/airflow/.local/lib/python3.6/site-packages/airflow/example_dags/example_branch_python_dop_operator_3.py
[2021-06-21 19:08:59,382] {scheduler_job.py:643} INFO - DAG(s) dict_keys(['example_branch_dop_operator_v3']) retrieved from /home/airflow/.local/lib/python3.6/site-packages/airflow/example_dags/example_branch_python_dop_operator_3.py
[2021-06-21 19:08:59,399] {logging_mixin.py:104} INFO - [2021-06-21 19:08:59,399] {dag.py:1832} INFO - Sync 1 DAGs
[2021-06-21 19:08:59,420] {logging_mixin.py:104} INFO - [2021-06-21 19:08:59,420] {dag.py:2305} INFO - Setting next_dagrun for example_branch_dop_operator_v3 to 2021-06-19 00:00:00+00:00
[2021-06-21 19:08:59,427] {scheduler_job.py:190} INFO - Processing /home/airflow/.local/lib/python3.6/site-packages/airflow/example_dags/example_branch_python_dop_operator_3.py took 0.083 seconds
[2021-06-21 19:09:29,741] {scheduler_job.py:182} INFO - Started process (PID=1434) to work on /home/airflow/.local/lib/python3.6/site-packages/airflow/example_dags/example_branch_python_dop_operator_3.py
[2021-06-21 19:09:29,744] {scheduler_job.py:633} INFO - Processing file /home/airflow/.local/lib/python3.6/site-packages/airflow/example_dags/example_branch_python_dop_operator_3.py for tasks to queue
[2021-06-21 19:09:29,745] {logging_mixin.py:104} INFO - [2021-06-21 19:09:29,745] {dagbag.py:487} INFO - Filling up the DagBag from /home/airflow/.local/lib/python3.6/site-packages/airflow/example_dags/example_branch_python_dop_operator_3.py
[2021-06-21 19:09:29,769] {scheduler_job.py:643} INFO - DAG(s) dict_keys(['example_branch_dop_operator_v3']) retrieved from /home/airflow/.local/lib/python3.6/site-packages/airflow/example_dags/example_branch_python_dop_operator_3.py
[2021-06-21 19:09:29,786] {logging_mixin.py:104} INFO - [2021-06-21 19:09:29,786] {dag.py:1832} INFO - Sync 1 DAGs
[2021-06-21 19:09:29,809] {logging_mixin.py:104} INFO - [2021-06-21 19:09:29,809] {dag.py:2305} INFO - Setting next_dagrun for example_branch_dop_operator_v3 to 2021-06-19 00:00:00+00:00
[2021-06-21 19:09:29,816] {scheduler_job.py:190} INFO - Processing /home/airflow/.local/lib/python3.6/site-packages/airflow/example_dags/example_branch_python_dop_operator_3.py took 0.084 seconds
[2021-06-21 19:10:00,538] {scheduler_job.py:182} INFO - Started process (PID=1499) to work on /home/airflow/.local/lib/python3.6/site-packages/airflow/example_dags/example_branch_python_dop_operator_3.py
[2021-06-21 19:10:00,538] {scheduler_job.py:633} INFO - Processing file /home/airflow/.local/lib/python3.6/site-packages/airflow/example_dags/example_branch_python_dop_operator_3.py for tasks to queue
[2021-06-21 19:10:00,539] {logging_mixin.py:104} INFO - [2021-06-21 19:10:00,539] {dagbag.py:487} INFO - Filling up the DagBag from /home/airflow/.local/lib/python3.6/site-packages/airflow/example_dags/example_branch_python_dop_operator_3.py
[2021-06-21 19:10:00,551] {scheduler_job.py:643} INFO - DAG(s) dict_keys(['example_branch_dop_operator_v3']) retrieved from /home/airflow/.local/lib/python3.6/site-packages/airflow/example_dags/example_branch_python_dop_operator_3.py
[2021-06-21 19:10:00,572] {logging_mixin.py:104} INFO - [2021-06-21 19:10:00,572] {dag.py:1832} INFO - Sync 1 DAGs
[2021-06-21 19:10:00,603] {logging_mixin.py:104} INFO - [2021-06-21 19:10:00,603] {dag.py:2305} INFO - Setting next_dagrun for example_branch_dop_operator_v3 to 2021-06-19 00:00:00+00:00
[2021-06-21 19:10:00,635] {scheduler_job.py:190} INFO - Processing /home/airflow/.local/lib/python3.6/site-packages/airflow/example_dags/example_branch_python_dop_operator_3.py took 0.100 seconds
[2021-06-21 19:10:30,968] {scheduler_job.py:182} INFO - Started process (PID=1581) to work on /home/airflow/.local/lib/python3.6/site-packages/airflow/example_dags/example_branch_python_dop_operator_3.py
[2021-06-21 19:10:30,969] {scheduler_job.py:633} INFO - Processing file /home/airflow/.local/lib/python3.6/site-packages/airflow/example_dags/example_branch_python_dop_operator_3.py for tasks to queue
[2021-06-21 19:10:30,970] {logging_mixin.py:104} INFO - [2021-06-21 19:10:30,970] {dagbag.py:487} INFO - Filling up the DagBag from /home/airflow/.local/lib/python3.6/site-packages/airflow/example_dags/example_branch_python_dop_operator_3.py
[2021-06-21 19:10:30,985] {scheduler_job.py:643} INFO - DAG(s) dict_keys(['example_branch_dop_operator_v3']) retrieved from /home/airflow/.local/lib/python3.6/site-packages/airflow/example_dags/example_branch_python_dop_operator_3.py
[2021-06-21 19:10:31,005] {logging_mixin.py:104} INFO - [2021-06-21 19:10:31,005] {dag.py:1832} INFO - Sync 1 DAGs
[2021-06-21 19:10:31,029] {logging_mixin.py:104} INFO - [2021-06-21 19:10:31,029] {dag.py:2305} INFO - Setting next_dagrun for example_branch_dop_operator_v3 to 2021-06-19 00:00:00+00:00
[2021-06-21 19:10:31,059] {scheduler_job.py:190} INFO - Processing /home/airflow/.local/lib/python3.6/site-packages/airflow/example_dags/example_branch_python_dop_operator_3.py took 0.096 seconds
[2021-06-21 19:11:01,435] {scheduler_job.py:182} INFO - Started process (PID=1645) to work on /home/airflow/.local/lib/python3.6/site-packages/airflow/example_dags/example_branch_python_dop_operator_3.py
[2021-06-21 19:11:01,436] {scheduler_job.py:633} INFO - Processing file /home/airflow/.local/lib/python3.6/site-packages/airflow/example_dags/example_branch_python_dop_operator_3.py for tasks to queue
[2021-06-21 19:11:01,438] {logging_mixin.py:104} INFO - [2021-06-21 19:11:01,437] {dagbag.py:487} INFO - Filling up the DagBag from /home/airflow/.local/lib/python3.6/site-packages/airflow/example_dags/example_branch_python_dop_operator_3.py
[2021-06-21 19:11:01,455] {scheduler_job.py:643} INFO - DAG(s) dict_keys(['example_branch_dop_operator_v3']) retrieved from /home/airflow/.local/lib/python3.6/site-packages/airflow/example_dags/example_branch_python_dop_operator_3.py
[2021-06-21 19:11:01,472] {logging_mixin.py:104} INFO - [2021-06-21 19:11:01,472] {dag.py:1832} INFO - Sync 1 DAGs
[2021-06-21 19:11:01,499] {logging_mixin.py:104} INFO - [2021-06-21 19:11:01,498] {dag.py:2305} INFO - Setting next_dagrun for example_branch_dop_operator_v3 to 2021-06-19 00:00:00+00:00
[2021-06-21 19:11:01,526] {scheduler_job.py:190} INFO - Processing /home/airflow/.local/lib/python3.6/site-packages/airflow/example_dags/example_branch_python_dop_operator_3.py took 0.100 seconds
[2021-06-21 19:11:31,745] {scheduler_job.py:182} INFO - Started process (PID=1726) to work on /home/airflow/.local/lib/python3.6/site-packages/airflow/example_dags/example_branch_python_dop_operator_3.py
[2021-06-21 19:11:31,746] {scheduler_job.py:633} INFO - Processing file /home/airflow/.local/lib/python3.6/site-packages/airflow/example_dags/example_branch_python_dop_operator_3.py for tasks to queue
[2021-06-21 19:11:31,747] {logging_mixin.py:104} INFO - [2021-06-21 19:11:31,747] {dagbag.py:487} INFO - Filling up the DagBag from /home/airflow/.local/lib/python3.6/site-packages/airflow/example_dags/example_branch_python_dop_operator_3.py
[2021-06-21 19:11:31,769] {scheduler_job.py:643} INFO - DAG(s) dict_keys(['example_branch_dop_operator_v3']) retrieved from /home/airflow/.local/lib/python3.6/site-packages/airflow/example_dags/example_branch_python_dop_operator_3.py
[2021-06-21 19:11:31,796] {logging_mixin.py:104} INFO - [2021-06-21 19:11:31,796] {dag.py:1832} INFO - Sync 1 DAGs
[2021-06-21 19:11:31,828] {logging_mixin.py:104} INFO - [2021-06-21 19:11:31,828] {dag.py:2305} INFO - Setting next_dagrun for example_branch_dop_operator_v3 to 2021-06-19 00:00:00+00:00
[2021-06-21 19:11:31,858] {scheduler_job.py:190} INFO - Processing /home/airflow/.local/lib/python3.6/site-packages/airflow/example_dags/example_branch_python_dop_operator_3.py took 0.117 seconds
[2021-06-21 19:12:01,949] {scheduler_job.py:182} INFO - Started process (PID=1791) to work on /home/airflow/.local/lib/python3.6/site-packages/airflow/example_dags/example_branch_python_dop_operator_3.py
[2021-06-21 19:12:01,956] {scheduler_job.py:633} INFO - Processing file /home/airflow/.local/lib/python3.6/site-packages/airflow/example_dags/example_branch_python_dop_operator_3.py for tasks to queue
[2021-06-21 19:12:01,958] {logging_mixin.py:104} INFO - [2021-06-21 19:12:01,958] {dagbag.py:487} INFO - Filling up the DagBag from /home/airflow/.local/lib/python3.6/site-packages/airflow/example_dags/example_branch_python_dop_operator_3.py
[2021-06-21 19:12:02,015] {scheduler_job.py:643} INFO - DAG(s) dict_keys(['example_branch_dop_operator_v3']) retrieved from /home/airflow/.local/lib/python3.6/site-packages/airflow/example_dags/example_branch_python_dop_operator_3.py
[2021-06-21 19:12:02,049] {logging_mixin.py:104} INFO - [2021-06-21 19:12:02,049] {dag.py:1832} INFO - Sync 1 DAGs
[2021-06-21 19:12:02,091] {logging_mixin.py:104} INFO - [2021-06-21 19:12:02,090] {dag.py:2305} INFO - Setting next_dagrun for example_branch_dop_operator_v3 to 2021-06-19 00:00:00+00:00
[2021-06-21 19:12:02,100] {scheduler_job.py:190} INFO - Processing /home/airflow/.local/lib/python3.6/site-packages/airflow/example_dags/example_branch_python_dop_operator_3.py took 0.162 seconds
[2021-06-21 19:12:33,073] {scheduler_job.py:182} INFO - Started process (PID=1871) to work on /home/airflow/.local/lib/python3.6/site-packages/airflow/example_dags/example_branch_python_dop_operator_3.py
[2021-06-21 19:12:33,079] {scheduler_job.py:633} INFO - Processing file /home/airflow/.local/lib/python3.6/site-packages/airflow/example_dags/example_branch_python_dop_operator_3.py for tasks to queue
[2021-06-21 19:12:33,080] {logging_mixin.py:104} INFO - [2021-06-21 19:12:33,079] {dagbag.py:487} INFO - Filling up the DagBag from /home/airflow/.local/lib/python3.6/site-packages/airflow/example_dags/example_branch_python_dop_operator_3.py
[2021-06-21 19:12:33,106] {scheduler_job.py:643} INFO - DAG(s) dict_keys(['example_branch_dop_operator_v3']) retrieved from /home/airflow/.local/lib/python3.6/site-packages/airflow/example_dags/example_branch_python_dop_operator_3.py
[2021-06-21 19:12:33,151] {logging_mixin.py:104} INFO - [2021-06-21 19:12:33,151] {dag.py:1832} INFO - Sync 1 DAGs
[2021-06-21 19:12:33,203] {logging_mixin.py:104} INFO - [2021-06-21 19:12:33,203] {dag.py:2305} INFO - Setting next_dagrun for example_branch_dop_operator_v3 to 2021-06-19 00:00:00+00:00
[2021-06-21 19:12:33,228] {scheduler_job.py:190} INFO - Processing /home/airflow/.local/lib/python3.6/site-packages/airflow/example_dags/example_branch_python_dop_operator_3.py took 0.163 seconds
[2021-06-21 19:13:04,158] {scheduler_job.py:182} INFO - Started process (PID=1937) to work on /home/airflow/.local/lib/python3.6/site-packages/airflow/example_dags/example_branch_python_dop_operator_3.py
[2021-06-21 19:13:04,159] {scheduler_job.py:633} INFO - Processing file /home/airflow/.local/lib/python3.6/site-packages/airflow/example_dags/example_branch_python_dop_operator_3.py for tasks to queue
[2021-06-21 19:13:04,160] {logging_mixin.py:104} INFO - [2021-06-21 19:13:04,160] {dagbag.py:487} INFO - Filling up the DagBag from /home/airflow/.local/lib/python3.6/site-packages/airflow/example_dags/example_branch_python_dop_operator_3.py
[2021-06-21 19:13:04,180] {scheduler_job.py:643} INFO - DAG(s) dict_keys(['example_branch_dop_operator_v3']) retrieved from /home/airflow/.local/lib/python3.6/site-packages/airflow/example_dags/example_branch_python_dop_operator_3.py
[2021-06-21 19:13:04,200] {logging_mixin.py:104} INFO - [2021-06-21 19:13:04,200] {dag.py:1832} INFO - Sync 1 DAGs
[2021-06-21 19:13:04,223] {logging_mixin.py:104} INFO - [2021-06-21 19:13:04,223] {dag.py:2305} INFO - Setting next_dagrun for example_branch_dop_operator_v3 to 2021-06-19 00:00:00+00:00
[2021-06-21 19:13:04,233] {scheduler_job.py:190} INFO - Processing /home/airflow/.local/lib/python3.6/site-packages/airflow/example_dags/example_branch_python_dop_operator_3.py took 0.079 seconds
[2021-06-21 19:13:35,052] {scheduler_job.py:182} INFO - Started process (PID=2020) to work on /home/airflow/.local/lib/python3.6/site-packages/airflow/example_dags/example_branch_python_dop_operator_3.py
[2021-06-21 19:13:35,053] {scheduler_job.py:633} INFO - Processing file /home/airflow/.local/lib/python3.6/site-packages/airflow/example_dags/example_branch_python_dop_operator_3.py for tasks to queue
[2021-06-21 19:13:35,054] {logging_mixin.py:104} INFO - [2021-06-21 19:13:35,054] {dagbag.py:487} INFO - Filling up the DagBag from /home/airflow/.local/lib/python3.6/site-packages/airflow/example_dags/example_branch_python_dop_operator_3.py
[2021-06-21 19:13:35,067] {scheduler_job.py:643} INFO - DAG(s) dict_keys(['example_branch_dop_operator_v3']) retrieved from /home/airflow/.local/lib/python3.6/site-packages/airflow/example_dags/example_branch_python_dop_operator_3.py
[2021-06-21 19:13:35,090] {logging_mixin.py:104} INFO - [2021-06-21 19:13:35,090] {dag.py:1832} INFO - Sync 1 DAGs
[2021-06-21 19:13:35,120] {logging_mixin.py:104} INFO - [2021-06-21 19:13:35,120] {dag.py:2305} INFO - Setting next_dagrun for example_branch_dop_operator_v3 to 2021-06-19 00:00:00+00:00
[2021-06-21 19:13:35,129] {scheduler_job.py:190} INFO - Processing /home/airflow/.local/lib/python3.6/site-packages/airflow/example_dags/example_branch_python_dop_operator_3.py took 0.079 seconds
[2021-06-21 19:14:05,995] {scheduler_job.py:182} INFO - Started process (PID=2087) to work on /home/airflow/.local/lib/python3.6/site-packages/airflow/example_dags/example_branch_python_dop_operator_3.py
[2021-06-21 19:14:05,998] {scheduler_job.py:633} INFO - Processing file /home/airflow/.local/lib/python3.6/site-packages/airflow/example_dags/example_branch_python_dop_operator_3.py for tasks to queue
[2021-06-21 19:14:06,000] {logging_mixin.py:104} INFO - [2021-06-21 19:14:05,999] {dagbag.py:487} INFO - Filling up the DagBag from /home/airflow/.local/lib/python3.6/site-packages/airflow/example_dags/example_branch_python_dop_operator_3.py
[2021-06-21 19:14:06,020] {scheduler_job.py:643} INFO - DAG(s) dict_keys(['example_branch_dop_operator_v3']) retrieved from /home/airflow/.local/lib/python3.6/site-packages/airflow/example_dags/example_branch_python_dop_operator_3.py
[2021-06-21 19:14:06,037] {logging_mixin.py:104} INFO - [2021-06-21 19:14:06,037] {dag.py:1832} INFO - Sync 1 DAGs
[2021-06-21 19:14:06,061] {logging_mixin.py:104} INFO - [2021-06-21 19:14:06,061] {dag.py:2305} INFO - Setting next_dagrun for example_branch_dop_operator_v3 to 2021-06-19 00:00:00+00:00
[2021-06-21 19:14:06,069] {scheduler_job.py:190} INFO - Processing /home/airflow/.local/lib/python3.6/site-packages/airflow/example_dags/example_branch_python_dop_operator_3.py took 0.084 seconds
[2021-06-21 19:14:36,740] {scheduler_job.py:182} INFO - Started process (PID=2167) to work on /home/airflow/.local/lib/python3.6/site-packages/airflow/example_dags/example_branch_python_dop_operator_3.py
[2021-06-21 19:14:36,740] {scheduler_job.py:633} INFO - Processing file /home/airflow/.local/lib/python3.6/site-packages/airflow/example_dags/example_branch_python_dop_operator_3.py for tasks to queue
[2021-06-21 19:14:36,741] {logging_mixin.py:104} INFO - [2021-06-21 19:14:36,741] {dagbag.py:487} INFO - Filling up the DagBag from /home/airflow/.local/lib/python3.6/site-packages/airflow/example_dags/example_branch_python_dop_operator_3.py
[2021-06-21 19:14:36,752] {scheduler_job.py:643} INFO - DAG(s) dict_keys(['example_branch_dop_operator_v3']) retrieved from /home/airflow/.local/lib/python3.6/site-packages/airflow/example_dags/example_branch_python_dop_operator_3.py
[2021-06-21 19:14:36,770] {logging_mixin.py:104} INFO - [2021-06-21 19:14:36,770] {dag.py:1832} INFO - Sync 1 DAGs
[2021-06-21 19:14:36,799] {logging_mixin.py:104} INFO - [2021-06-21 19:14:36,799] {dag.py:2305} INFO - Setting next_dagrun for example_branch_dop_operator_v3 to 2021-06-19 00:00:00+00:00
[2021-06-21 19:14:36,808] {scheduler_job.py:190} INFO - Processing /home/airflow/.local/lib/python3.6/site-packages/airflow/example_dags/example_branch_python_dop_operator_3.py took 0.071 seconds
[2021-06-21 19:15:07,333] {scheduler_job.py:182} INFO - Started process (PID=2238) to work on /home/airflow/.local/lib/python3.6/site-packages/airflow/example_dags/example_branch_python_dop_operator_3.py
[2021-06-21 19:15:07,337] {scheduler_job.py:633} INFO - Processing file /home/airflow/.local/lib/python3.6/site-packages/airflow/example_dags/example_branch_python_dop_operator_3.py for tasks to queue
[2021-06-21 19:15:07,339] {logging_mixin.py:104} INFO - [2021-06-21 19:15:07,338] {dagbag.py:487} INFO - Filling up the DagBag from /home/airflow/.local/lib/python3.6/site-packages/airflow/example_dags/example_branch_python_dop_operator_3.py
[2021-06-21 19:15:07,376] {scheduler_job.py:643} INFO - DAG(s) dict_keys(['example_branch_dop_operator_v3']) retrieved from /home/airflow/.local/lib/python3.6/site-packages/airflow/example_dags/example_branch_python_dop_operator_3.py
[2021-06-21 19:15:07,400] {logging_mixin.py:104} INFO - [2021-06-21 19:15:07,399] {dag.py:1832} INFO - Sync 1 DAGs
[2021-06-21 19:15:07,422] {logging_mixin.py:104} INFO - [2021-06-21 19:15:07,422] {dag.py:2305} INFO - Setting next_dagrun for example_branch_dop_operator_v3 to 2021-06-19 00:00:00+00:00
[2021-06-21 19:15:07,429] {scheduler_job.py:190} INFO - Processing /home/airflow/.local/lib/python3.6/site-packages/airflow/example_dags/example_branch_python_dop_operator_3.py took 0.106 seconds
[2021-06-21 19:15:38,292] {scheduler_job.py:182} INFO - Started process (PID=2321) to work on /home/airflow/.local/lib/python3.6/site-packages/airflow/example_dags/example_branch_python_dop_operator_3.py
[2021-06-21 19:15:38,293] {scheduler_job.py:633} INFO - Processing file /home/airflow/.local/lib/python3.6/site-packages/airflow/example_dags/example_branch_python_dop_operator_3.py for tasks to queue
[2021-06-21 19:15:38,295] {logging_mixin.py:104} INFO - [2021-06-21 19:15:38,294] {dagbag.py:487} INFO - Filling up the DagBag from /home/airflow/.local/lib/python3.6/site-packages/airflow/example_dags/example_branch_python_dop_operator_3.py
[2021-06-21 19:15:38,318] {scheduler_job.py:643} INFO - DAG(s) dict_keys(['example_branch_dop_operator_v3']) retrieved from /home/airflow/.local/lib/python3.6/site-packages/airflow/example_dags/example_branch_python_dop_operator_3.py
[2021-06-21 19:15:38,351] {logging_mixin.py:104} INFO - [2021-06-21 19:15:38,351] {dag.py:1832} INFO - Sync 1 DAGs
[2021-06-21 19:15:38,388] {logging_mixin.py:104} INFO - [2021-06-21 19:15:38,388] {dag.py:2305} INFO - Setting next_dagrun for example_branch_dop_operator_v3 to 2021-06-19 00:00:00+00:00
[2021-06-21 19:15:38,403] {scheduler_job.py:190} INFO - Processing /home/airflow/.local/lib/python3.6/site-packages/airflow/example_dags/example_branch_python_dop_operator_3.py took 0.119 seconds
[2021-06-21 19:16:09,119] {scheduler_job.py:182} INFO - Started process (PID=2386) to work on /home/airflow/.local/lib/python3.6/site-packages/airflow/example_dags/example_branch_python_dop_operator_3.py
[2021-06-21 19:16:09,120] {scheduler_job.py:633} INFO - Processing file /home/airflow/.local/lib/python3.6/site-packages/airflow/example_dags/example_branch_python_dop_operator_3.py for tasks to queue
[2021-06-21 19:16:09,121] {logging_mixin.py:104} INFO - [2021-06-21 19:16:09,121] {dagbag.py:487} INFO - Filling up the DagBag from /home/airflow/.local/lib/python3.6/site-packages/airflow/example_dags/example_branch_python_dop_operator_3.py
[2021-06-21 19:16:09,134] {scheduler_job.py:643} INFO - DAG(s) dict_keys(['example_branch_dop_operator_v3']) retrieved from /home/airflow/.local/lib/python3.6/site-packages/airflow/example_dags/example_branch_python_dop_operator_3.py
[2021-06-21 19:16:09,153] {logging_mixin.py:104} INFO - [2021-06-21 19:16:09,153] {dag.py:1832} INFO - Sync 1 DAGs
[2021-06-21 19:16:09,179] {logging_mixin.py:104} INFO - [2021-06-21 19:16:09,178] {dag.py:2305} INFO - Setting next_dagrun for example_branch_dop_operator_v3 to 2021-06-19 00:00:00+00:00
[2021-06-21 19:16:09,219] {scheduler_job.py:190} INFO - Processing /home/airflow/.local/lib/python3.6/site-packages/airflow/example_dags/example_branch_python_dop_operator_3.py took 0.103 seconds
[2021-06-21 19:16:39,334] {scheduler_job.py:182} INFO - Started process (PID=2467) to work on /home/airflow/.local/lib/python3.6/site-packages/airflow/example_dags/example_branch_python_dop_operator_3.py
[2021-06-21 19:16:39,335] {scheduler_job.py:633} INFO - Processing file /home/airflow/.local/lib/python3.6/site-packages/airflow/example_dags/example_branch_python_dop_operator_3.py for tasks to queue
[2021-06-21 19:16:39,336] {logging_mixin.py:104} INFO - [2021-06-21 19:16:39,336] {dagbag.py:487} INFO - Filling up the DagBag from /home/airflow/.local/lib/python3.6/site-packages/airflow/example_dags/example_branch_python_dop_operator_3.py
[2021-06-21 19:16:39,353] {scheduler_job.py:643} INFO - DAG(s) dict_keys(['example_branch_dop_operator_v3']) retrieved from /home/airflow/.local/lib/python3.6/site-packages/airflow/example_dags/example_branch_python_dop_operator_3.py
[2021-06-21 19:16:39,380] {logging_mixin.py:104} INFO - [2021-06-21 19:16:39,380] {dag.py:1832} INFO - Sync 1 DAGs
[2021-06-21 19:16:39,406] {logging_mixin.py:104} INFO - [2021-06-21 19:16:39,406] {dag.py:2305} INFO - Setting next_dagrun for example_branch_dop_operator_v3 to 2021-06-19 00:00:00+00:00
[2021-06-21 19:16:39,449] {scheduler_job.py:190} INFO - Processing /home/airflow/.local/lib/python3.6/site-packages/airflow/example_dags/example_branch_python_dop_operator_3.py took 0.118 seconds
[2021-06-21 19:17:09,709] {scheduler_job.py:182} INFO - Started process (PID=2532) to work on /home/airflow/.local/lib/python3.6/site-packages/airflow/example_dags/example_branch_python_dop_operator_3.py
[2021-06-21 19:17:09,710] {scheduler_job.py:633} INFO - Processing file /home/airflow/.local/lib/python3.6/site-packages/airflow/example_dags/example_branch_python_dop_operator_3.py for tasks to queue
[2021-06-21 19:17:09,711] {logging_mixin.py:104} INFO - [2021-06-21 19:17:09,711] {dagbag.py:487} INFO - Filling up the DagBag from /home/airflow/.local/lib/python3.6/site-packages/airflow/example_dags/example_branch_python_dop_operator_3.py
[2021-06-21 19:17:09,721] {scheduler_job.py:643} INFO - DAG(s) dict_keys(['example_branch_dop_operator_v3']) retrieved from /home/airflow/.local/lib/python3.6/site-packages/airflow/example_dags/example_branch_python_dop_operator_3.py
[2021-06-21 19:17:09,741] {logging_mixin.py:104} INFO - [2021-06-21 19:17:09,740] {dag.py:1832} INFO - Sync 1 DAGs
[2021-06-21 19:17:09,767] {logging_mixin.py:104} INFO - [2021-06-21 19:17:09,767] {dag.py:2305} INFO - Setting next_dagrun for example_branch_dop_operator_v3 to 2021-06-19 00:00:00+00:00
[2021-06-21 19:17:09,795] {scheduler_job.py:190} INFO - Processing /home/airflow/.local/lib/python3.6/site-packages/airflow/example_dags/example_branch_python_dop_operator_3.py took 0.089 seconds
[2021-06-21 19:17:40,011] {scheduler_job.py:182} INFO - Started process (PID=2612) to work on /home/airflow/.local/lib/python3.6/site-packages/airflow/example_dags/example_branch_python_dop_operator_3.py
[2021-06-21 19:17:40,012] {scheduler_job.py:633} INFO - Processing file /home/airflow/.local/lib/python3.6/site-packages/airflow/example_dags/example_branch_python_dop_operator_3.py for tasks to queue
[2021-06-21 19:17:40,013] {logging_mixin.py:104} INFO - [2021-06-21 19:17:40,013] {dagbag.py:487} INFO - Filling up the DagBag from /home/airflow/.local/lib/python3.6/site-packages/airflow/example_dags/example_branch_python_dop_operator_3.py
[2021-06-21 19:17:40,025] {scheduler_job.py:643} INFO - DAG(s) dict_keys(['example_branch_dop_operator_v3']) retrieved from /home/airflow/.local/lib/python3.6/site-packages/airflow/example_dags/example_branch_python_dop_operator_3.py
[2021-06-21 19:17:40,044] {logging_mixin.py:104} INFO - [2021-06-21 19:17:40,044] {dag.py:1832} INFO - Sync 1 DAGs
[2021-06-21 19:17:40,068] {logging_mixin.py:104} INFO - [2021-06-21 19:17:40,068] {dag.py:2305} INFO - Setting next_dagrun for example_branch_dop_operator_v3 to 2021-06-19 00:00:00+00:00
[2021-06-21 19:17:40,110] {scheduler_job.py:190} INFO - Processing /home/airflow/.local/lib/python3.6/site-packages/airflow/example_dags/example_branch_python_dop_operator_3.py took 0.102 seconds
[2021-06-21 19:18:10,269] {scheduler_job.py:182} INFO - Started process (PID=2681) to work on /home/airflow/.local/lib/python3.6/site-packages/airflow/example_dags/example_branch_python_dop_operator_3.py
[2021-06-21 19:18:10,272] {scheduler_job.py:633} INFO - Processing file /home/airflow/.local/lib/python3.6/site-packages/airflow/example_dags/example_branch_python_dop_operator_3.py for tasks to queue
[2021-06-21 19:18:10,274] {logging_mixin.py:104} INFO - [2021-06-21 19:18:10,273] {dagbag.py:487} INFO - Filling up the DagBag from /home/airflow/.local/lib/python3.6/site-packages/airflow/example_dags/example_branch_python_dop_operator_3.py
[2021-06-21 19:18:10,298] {scheduler_job.py:643} INFO - DAG(s) dict_keys(['example_branch_dop_operator_v3']) retrieved from /home/airflow/.local/lib/python3.6/site-packages/airflow/example_dags/example_branch_python_dop_operator_3.py
[2021-06-21 19:18:10,320] {logging_mixin.py:104} INFO - [2021-06-21 19:18:10,319] {dag.py:1832} INFO - Sync 1 DAGs
[2021-06-21 19:18:10,342] {logging_mixin.py:104} INFO - [2021-06-21 19:18:10,342] {dag.py:2305} INFO - Setting next_dagrun for example_branch_dop_operator_v3 to 2021-06-19 00:00:00+00:00
[2021-06-21 19:18:10,375] {scheduler_job.py:190} INFO - Processing /home/airflow/.local/lib/python3.6/site-packages/airflow/example_dags/example_branch_python_dop_operator_3.py took 0.115 seconds
[2021-06-21 19:18:40,540] {scheduler_job.py:182} INFO - Started process (PID=2761) to work on /home/airflow/.local/lib/python3.6/site-packages/airflow/example_dags/example_branch_python_dop_operator_3.py
[2021-06-21 19:18:40,541] {scheduler_job.py:633} INFO - Processing file /home/airflow/.local/lib/python3.6/site-packages/airflow/example_dags/example_branch_python_dop_operator_3.py for tasks to queue
[2021-06-21 19:18:40,542] {logging_mixin.py:104} INFO - [2021-06-21 19:18:40,542] {dagbag.py:487} INFO - Filling up the DagBag from /home/airflow/.local/lib/python3.6/site-packages/airflow/example_dags/example_branch_python_dop_operator_3.py
[2021-06-21 19:18:40,553] {scheduler_job.py:643} INFO - DAG(s) dict_keys(['example_branch_dop_operator_v3']) retrieved from /home/airflow/.local/lib/python3.6/site-packages/airflow/example_dags/example_branch_python_dop_operator_3.py
[2021-06-21 19:18:40,575] {logging_mixin.py:104} INFO - [2021-06-21 19:18:40,575] {dag.py:1832} INFO - Sync 1 DAGs
[2021-06-21 19:18:40,612] {logging_mixin.py:104} INFO - [2021-06-21 19:18:40,612] {dag.py:2305} INFO - Setting next_dagrun for example_branch_dop_operator_v3 to 2021-06-19 00:00:00+00:00
[2021-06-21 19:18:40,624] {scheduler_job.py:190} INFO - Processing /home/airflow/.local/lib/python3.6/site-packages/airflow/example_dags/example_branch_python_dop_operator_3.py took 0.086 seconds
[2021-06-21 19:19:11,443] {scheduler_job.py:182} INFO - Started process (PID=2827) to work on /home/airflow/.local/lib/python3.6/site-packages/airflow/example_dags/example_branch_python_dop_operator_3.py
[2021-06-21 19:19:11,445] {scheduler_job.py:633} INFO - Processing file /home/airflow/.local/lib/python3.6/site-packages/airflow/example_dags/example_branch_python_dop_operator_3.py for tasks to queue
[2021-06-21 19:19:11,446] {logging_mixin.py:104} INFO - [2021-06-21 19:19:11,446] {dagbag.py:487} INFO - Filling up the DagBag from /home/airflow/.local/lib/python3.6/site-packages/airflow/example_dags/example_branch_python_dop_operator_3.py
[2021-06-21 19:19:11,466] {scheduler_job.py:643} INFO - DAG(s) dict_keys(['example_branch_dop_operator_v3']) retrieved from /home/airflow/.local/lib/python3.6/site-packages/airflow/example_dags/example_branch_python_dop_operator_3.py
[2021-06-21 19:19:11,487] {logging_mixin.py:104} INFO - [2021-06-21 19:19:11,487] {dag.py:1832} INFO - Sync 1 DAGs
[2021-06-21 19:19:11,513] {logging_mixin.py:104} INFO - [2021-06-21 19:19:11,513] {dag.py:2305} INFO - Setting next_dagrun for example_branch_dop_operator_v3 to 2021-06-19 00:00:00+00:00
[2021-06-21 19:19:11,521] {scheduler_job.py:190} INFO - Processing /home/airflow/.local/lib/python3.6/site-packages/airflow/example_dags/example_branch_python_dop_operator_3.py took 0.086 seconds
[2021-06-21 19:19:42,073] {scheduler_job.py:182} INFO - Started process (PID=2909) to work on /home/airflow/.local/lib/python3.6/site-packages/airflow/example_dags/example_branch_python_dop_operator_3.py
[2021-06-21 19:19:42,074] {scheduler_job.py:633} INFO - Processing file /home/airflow/.local/lib/python3.6/site-packages/airflow/example_dags/example_branch_python_dop_operator_3.py for tasks to queue
[2021-06-21 19:19:42,075] {logging_mixin.py:104} INFO - [2021-06-21 19:19:42,074] {dagbag.py:487} INFO - Filling up the DagBag from /home/airflow/.local/lib/python3.6/site-packages/airflow/example_dags/example_branch_python_dop_operator_3.py
[2021-06-21 19:19:42,087] {scheduler_job.py:643} INFO - DAG(s) dict_keys(['example_branch_dop_operator_v3']) retrieved from /home/airflow/.local/lib/python3.6/site-packages/airflow/example_dags/example_branch_python_dop_operator_3.py
[2021-06-21 19:19:42,105] {logging_mixin.py:104} INFO - [2021-06-21 19:19:42,105] {dag.py:1832} INFO - Sync 1 DAGs
[2021-06-21 19:19:42,132] {logging_mixin.py:104} INFO - [2021-06-21 19:19:42,132] {dag.py:2305} INFO - Setting next_dagrun for example_branch_dop_operator_v3 to 2021-06-19 00:00:00+00:00
[2021-06-21 19:19:42,140] {scheduler_job.py:190} INFO - Processing /home/airflow/.local/lib/python3.6/site-packages/airflow/example_dags/example_branch_python_dop_operator_3.py took 0.069 seconds
[2021-06-21 19:20:12,731] {scheduler_job.py:182} INFO - Started process (PID=2973) to work on /home/airflow/.local/lib/python3.6/site-packages/airflow/example_dags/example_branch_python_dop_operator_3.py
[2021-06-21 19:20:12,732] {scheduler_job.py:633} INFO - Processing file /home/airflow/.local/lib/python3.6/site-packages/airflow/example_dags/example_branch_python_dop_operator_3.py for tasks to queue
[2021-06-21 19:20:12,733] {logging_mixin.py:104} INFO - [2021-06-21 19:20:12,732] {dagbag.py:487} INFO - Filling up the DagBag from /home/airflow/.local/lib/python3.6/site-packages/airflow/example_dags/example_branch_python_dop_operator_3.py
[2021-06-21 19:20:12,750] {scheduler_job.py:643} INFO - DAG(s) dict_keys(['example_branch_dop_operator_v3']) retrieved from /home/airflow/.local/lib/python3.6/site-packages/airflow/example_dags/example_branch_python_dop_operator_3.py
[2021-06-21 19:20:12,771] {logging_mixin.py:104} INFO - [2021-06-21 19:20:12,771] {dag.py:1832} INFO - Sync 1 DAGs
[2021-06-21 19:20:12,800] {logging_mixin.py:104} INFO - [2021-06-21 19:20:12,800] {dag.py:2305} INFO - Setting next_dagrun for example_branch_dop_operator_v3 to 2021-06-19 00:00:00+00:00
[2021-06-21 19:20:12,810] {scheduler_job.py:190} INFO - Processing /home/airflow/.local/lib/python3.6/site-packages/airflow/example_dags/example_branch_python_dop_operator_3.py took 0.083 seconds
[2021-06-21 19:20:43,423] {scheduler_job.py:182} INFO - Started process (PID=3055) to work on /home/airflow/.local/lib/python3.6/site-packages/airflow/example_dags/example_branch_python_dop_operator_3.py
[2021-06-21 19:20:43,426] {scheduler_job.py:633} INFO - Processing file /home/airflow/.local/lib/python3.6/site-packages/airflow/example_dags/example_branch_python_dop_operator_3.py for tasks to queue
[2021-06-21 19:20:43,427] {logging_mixin.py:104} INFO - [2021-06-21 19:20:43,427] {dagbag.py:487} INFO - Filling up the DagBag from /home/airflow/.local/lib/python3.6/site-packages/airflow/example_dags/example_branch_python_dop_operator_3.py
[2021-06-21 19:20:43,471] {scheduler_job.py:643} INFO - DAG(s) dict_keys(['example_branch_dop_operator_v3']) retrieved from /home/airflow/.local/lib/python3.6/site-packages/airflow/example_dags/example_branch_python_dop_operator_3.py
[2021-06-21 19:20:43,533] {logging_mixin.py:104} INFO - [2021-06-21 19:20:43,532] {dag.py:1832} INFO - Sync 1 DAGs
[2021-06-21 19:20:43,578] {logging_mixin.py:104} INFO - [2021-06-21 19:20:43,578] {dag.py:2305} INFO - Setting next_dagrun for example_branch_dop_operator_v3 to 2021-06-19 00:00:00+00:00
[2021-06-21 19:20:43,587] {scheduler_job.py:190} INFO - Processing /home/airflow/.local/lib/python3.6/site-packages/airflow/example_dags/example_branch_python_dop_operator_3.py took 0.173 seconds
[2021-06-21 19:21:14,069] {scheduler_job.py:182} INFO - Started process (PID=3130) to work on /home/airflow/.local/lib/python3.6/site-packages/airflow/example_dags/example_branch_python_dop_operator_3.py
[2021-06-21 19:21:14,069] {scheduler_job.py:633} INFO - Processing file /home/airflow/.local/lib/python3.6/site-packages/airflow/example_dags/example_branch_python_dop_operator_3.py for tasks to queue
[2021-06-21 19:21:14,070] {logging_mixin.py:104} INFO - [2021-06-21 19:21:14,070] {dagbag.py:487} INFO - Filling up the DagBag from /home/airflow/.local/lib/python3.6/site-packages/airflow/example_dags/example_branch_python_dop_operator_3.py
[2021-06-21 19:21:14,082] {scheduler_job.py:643} INFO - DAG(s) dict_keys(['example_branch_dop_operator_v3']) retrieved from /home/airflow/.local/lib/python3.6/site-packages/airflow/example_dags/example_branch_python_dop_operator_3.py
[2021-06-21 19:21:14,098] {logging_mixin.py:104} INFO - [2021-06-21 19:21:14,098] {dag.py:1832} INFO - Sync 1 DAGs
[2021-06-21 19:21:14,125] {logging_mixin.py:104} INFO - [2021-06-21 19:21:14,125] {dag.py:2305} INFO - Setting next_dagrun for example_branch_dop_operator_v3 to 2021-06-19 00:00:00+00:00
[2021-06-21 19:21:14,133] {scheduler_job.py:190} INFO - Processing /home/airflow/.local/lib/python3.6/site-packages/airflow/example_dags/example_branch_python_dop_operator_3.py took 0.067 seconds
[2021-06-21 19:21:44,676] {scheduler_job.py:182} INFO - Started process (PID=3202) to work on /home/airflow/.local/lib/python3.6/site-packages/airflow/example_dags/example_branch_python_dop_operator_3.py
[2021-06-21 19:21:44,678] {scheduler_job.py:633} INFO - Processing file /home/airflow/.local/lib/python3.6/site-packages/airflow/example_dags/example_branch_python_dop_operator_3.py for tasks to queue
[2021-06-21 19:21:44,679] {logging_mixin.py:104} INFO - [2021-06-21 19:21:44,679] {dagbag.py:487} INFO - Filling up the DagBag from /home/airflow/.local/lib/python3.6/site-packages/airflow/example_dags/example_branch_python_dop_operator_3.py
[2021-06-21 19:21:44,701] {scheduler_job.py:643} INFO - DAG(s) dict_keys(['example_branch_dop_operator_v3']) retrieved from /home/airflow/.local/lib/python3.6/site-packages/airflow/example_dags/example_branch_python_dop_operator_3.py
[2021-06-21 19:21:44,717] {logging_mixin.py:104} INFO - [2021-06-21 19:21:44,717] {dag.py:1832} INFO - Sync 1 DAGs
[2021-06-21 19:21:44,740] {logging_mixin.py:104} INFO - [2021-06-21 19:21:44,740] {dag.py:2305} INFO - Setting next_dagrun for example_branch_dop_operator_v3 to 2021-06-19 00:00:00+00:00
[2021-06-21 19:21:44,748] {scheduler_job.py:190} INFO - Processing /home/airflow/.local/lib/python3.6/site-packages/airflow/example_dags/example_branch_python_dop_operator_3.py took 0.080 seconds
[2021-06-21 19:22:15,242] {scheduler_job.py:182} INFO - Started process (PID=3275) to work on /home/airflow/.local/lib/python3.6/site-packages/airflow/example_dags/example_branch_python_dop_operator_3.py
[2021-06-21 19:22:15,244] {scheduler_job.py:633} INFO - Processing file /home/airflow/.local/lib/python3.6/site-packages/airflow/example_dags/example_branch_python_dop_operator_3.py for tasks to queue
[2021-06-21 19:22:15,244] {logging_mixin.py:104} INFO - [2021-06-21 19:22:15,244] {dagbag.py:487} INFO - Filling up the DagBag from /home/airflow/.local/lib/python3.6/site-packages/airflow/example_dags/example_branch_python_dop_operator_3.py
[2021-06-21 19:22:15,256] {scheduler_job.py:643} INFO - DAG(s) dict_keys(['example_branch_dop_operator_v3']) retrieved from /home/airflow/.local/lib/python3.6/site-packages/airflow/example_dags/example_branch_python_dop_operator_3.py
[2021-06-21 19:22:15,274] {logging_mixin.py:104} INFO - [2021-06-21 19:22:15,274] {dag.py:1832} INFO - Sync 1 DAGs
[2021-06-21 19:22:15,301] {logging_mixin.py:104} INFO - [2021-06-21 19:22:15,301] {dag.py:2305} INFO - Setting next_dagrun for example_branch_dop_operator_v3 to 2021-06-19 00:00:00+00:00
[2021-06-21 19:22:15,309] {scheduler_job.py:190} INFO - Processing /home/airflow/.local/lib/python3.6/site-packages/airflow/example_dags/example_branch_python_dop_operator_3.py took 0.070 seconds
[2021-06-21 19:22:45,529] {scheduler_job.py:182} INFO - Started process (PID=3349) to work on /home/airflow/.local/lib/python3.6/site-packages/airflow/example_dags/example_branch_python_dop_operator_3.py
[2021-06-21 19:22:45,531] {scheduler_job.py:633} INFO - Processing file /home/airflow/.local/lib/python3.6/site-packages/airflow/example_dags/example_branch_python_dop_operator_3.py for tasks to queue
[2021-06-21 19:22:45,533] {logging_mixin.py:104} INFO - [2021-06-21 19:22:45,533] {dagbag.py:487} INFO - Filling up the DagBag from /home/airflow/.local/lib/python3.6/site-packages/airflow/example_dags/example_branch_python_dop_operator_3.py
[2021-06-21 19:22:45,559] {scheduler_job.py:643} INFO - DAG(s) dict_keys(['example_branch_dop_operator_v3']) retrieved from /home/airflow/.local/lib/python3.6/site-packages/airflow/example_dags/example_branch_python_dop_operator_3.py
[2021-06-21 19:22:45,577] {logging_mixin.py:104} INFO - [2021-06-21 19:22:45,577] {dag.py:1832} INFO - Sync 1 DAGs
[2021-06-21 19:22:45,599] {logging_mixin.py:104} INFO - [2021-06-21 19:22:45,599] {dag.py:2305} INFO - Setting next_dagrun for example_branch_dop_operator_v3 to 2021-06-19 00:00:00+00:00
[2021-06-21 19:22:45,635] {scheduler_job.py:190} INFO - Processing /home/airflow/.local/lib/python3.6/site-packages/airflow/example_dags/example_branch_python_dop_operator_3.py took 0.115 seconds
[2021-06-21 19:23:15,868] {scheduler_job.py:182} INFO - Started process (PID=3422) to work on /home/airflow/.local/lib/python3.6/site-packages/airflow/example_dags/example_branch_python_dop_operator_3.py
[2021-06-21 19:23:15,869] {scheduler_job.py:633} INFO - Processing file /home/airflow/.local/lib/python3.6/site-packages/airflow/example_dags/example_branch_python_dop_operator_3.py for tasks to queue
[2021-06-21 19:23:15,870] {logging_mixin.py:104} INFO - [2021-06-21 19:23:15,870] {dagbag.py:487} INFO - Filling up the DagBag from /home/airflow/.local/lib/python3.6/site-packages/airflow/example_dags/example_branch_python_dop_operator_3.py
[2021-06-21 19:23:15,892] {scheduler_job.py:643} INFO - DAG(s) dict_keys(['example_branch_dop_operator_v3']) retrieved from /home/airflow/.local/lib/python3.6/site-packages/airflow/example_dags/example_branch_python_dop_operator_3.py
[2021-06-21 19:23:15,919] {logging_mixin.py:104} INFO - [2021-06-21 19:23:15,919] {dag.py:1832} INFO - Sync 1 DAGs
[2021-06-21 19:23:15,967] {logging_mixin.py:104} INFO - [2021-06-21 19:23:15,967] {dag.py:2305} INFO - Setting next_dagrun for example_branch_dop_operator_v3 to 2021-06-19 00:00:00+00:00
[2021-06-21 19:23:15,996] {scheduler_job.py:190} INFO - Processing /home/airflow/.local/lib/python3.6/site-packages/airflow/example_dags/example_branch_python_dop_operator_3.py took 0.133 seconds
