[2021-06-21 19:00:27,149] {scheduler_job.py:182} INFO - Started process (PID=122) to work on /home/airflow/.local/lib/python3.6/site-packages/airflow/example_dags/example_skip_dag.py
[2021-06-21 19:00:27,150] {scheduler_job.py:633} INFO - Processing file /home/airflow/.local/lib/python3.6/site-packages/airflow/example_dags/example_skip_dag.py for tasks to queue
[2021-06-21 19:00:27,150] {logging_mixin.py:104} INFO - [2021-06-21 19:00:27,150] {dagbag.py:487} INFO - Filling up the DagBag from /home/airflow/.local/lib/python3.6/site-packages/airflow/example_dags/example_skip_dag.py
[2021-06-21 19:00:27,162] {scheduler_job.py:643} INFO - DAG(s) dict_keys(['example_skip_dag']) retrieved from /home/airflow/.local/lib/python3.6/site-packages/airflow/example_dags/example_skip_dag.py
[2021-06-21 19:00:29,633] {logging_mixin.py:104} INFO - [2021-06-21 19:00:29,632] {dag.py:1832} INFO - Sync 1 DAGs
[2021-06-21 19:00:29,645] {logging_mixin.py:104} INFO - [2021-06-21 19:00:29,643] {dag.py:1851} INFO - Creating ORM DAG for example_skip_dag
[2021-06-21 19:00:29,650] {logging_mixin.py:104} INFO - [2021-06-21 19:00:29,649] {dag.py:2305} INFO - Setting next_dagrun for example_skip_dag to 2021-06-19 00:00:00+00:00
[2021-06-21 19:00:29,660] {scheduler_job.py:190} INFO - Processing /home/airflow/.local/lib/python3.6/site-packages/airflow/example_dags/example_skip_dag.py took 2.514 seconds
[2021-06-21 19:00:59,700] {scheduler_job.py:182} INFO - Started process (PID=197) to work on /home/airflow/.local/lib/python3.6/site-packages/airflow/example_dags/example_skip_dag.py
[2021-06-21 19:00:59,701] {scheduler_job.py:633} INFO - Processing file /home/airflow/.local/lib/python3.6/site-packages/airflow/example_dags/example_skip_dag.py for tasks to queue
[2021-06-21 19:00:59,701] {logging_mixin.py:104} INFO - [2021-06-21 19:00:59,701] {dagbag.py:487} INFO - Filling up the DagBag from /home/airflow/.local/lib/python3.6/site-packages/airflow/example_dags/example_skip_dag.py
[2021-06-21 19:00:59,709] {scheduler_job.py:643} INFO - DAG(s) dict_keys(['example_skip_dag']) retrieved from /home/airflow/.local/lib/python3.6/site-packages/airflow/example_dags/example_skip_dag.py
[2021-06-21 19:00:59,725] {logging_mixin.py:104} INFO - [2021-06-21 19:00:59,725] {dag.py:1832} INFO - Sync 1 DAGs
[2021-06-21 19:00:59,738] {logging_mixin.py:104} INFO - [2021-06-21 19:00:59,738] {dag.py:2305} INFO - Setting next_dagrun for example_skip_dag to 2021-06-19 00:00:00+00:00
[2021-06-21 19:00:59,747] {scheduler_job.py:190} INFO - Processing /home/airflow/.local/lib/python3.6/site-packages/airflow/example_dags/example_skip_dag.py took 0.049 seconds
[2021-06-21 19:01:29,819] {scheduler_job.py:182} INFO - Started process (PID=277) to work on /home/airflow/.local/lib/python3.6/site-packages/airflow/example_dags/example_skip_dag.py
[2021-06-21 19:01:29,821] {scheduler_job.py:633} INFO - Processing file /home/airflow/.local/lib/python3.6/site-packages/airflow/example_dags/example_skip_dag.py for tasks to queue
[2021-06-21 19:01:29,823] {logging_mixin.py:104} INFO - [2021-06-21 19:01:29,823] {dagbag.py:487} INFO - Filling up the DagBag from /home/airflow/.local/lib/python3.6/site-packages/airflow/example_dags/example_skip_dag.py
[2021-06-21 19:01:29,840] {scheduler_job.py:643} INFO - DAG(s) dict_keys(['example_skip_dag']) retrieved from /home/airflow/.local/lib/python3.6/site-packages/airflow/example_dags/example_skip_dag.py
[2021-06-21 19:01:29,858] {logging_mixin.py:104} INFO - [2021-06-21 19:01:29,858] {dag.py:1832} INFO - Sync 1 DAGs
[2021-06-21 19:01:29,871] {logging_mixin.py:104} INFO - [2021-06-21 19:01:29,871] {dag.py:2305} INFO - Setting next_dagrun for example_skip_dag to 2021-06-19 00:00:00+00:00
[2021-06-21 19:01:29,878] {scheduler_job.py:190} INFO - Processing /home/airflow/.local/lib/python3.6/site-packages/airflow/example_dags/example_skip_dag.py took 0.067 seconds
[2021-06-21 19:01:59,986] {scheduler_job.py:182} INFO - Started process (PID=341) to work on /home/airflow/.local/lib/python3.6/site-packages/airflow/example_dags/example_skip_dag.py
[2021-06-21 19:01:59,990] {scheduler_job.py:633} INFO - Processing file /home/airflow/.local/lib/python3.6/site-packages/airflow/example_dags/example_skip_dag.py for tasks to queue
[2021-06-21 19:01:59,992] {logging_mixin.py:104} INFO - [2021-06-21 19:01:59,991] {dagbag.py:487} INFO - Filling up the DagBag from /home/airflow/.local/lib/python3.6/site-packages/airflow/example_dags/example_skip_dag.py
[2021-06-21 19:02:00,012] {scheduler_job.py:643} INFO - DAG(s) dict_keys(['example_skip_dag']) retrieved from /home/airflow/.local/lib/python3.6/site-packages/airflow/example_dags/example_skip_dag.py
[2021-06-21 19:02:00,031] {logging_mixin.py:104} INFO - [2021-06-21 19:02:00,031] {dag.py:1832} INFO - Sync 1 DAGs
[2021-06-21 19:02:00,043] {logging_mixin.py:104} INFO - [2021-06-21 19:02:00,043] {dag.py:2305} INFO - Setting next_dagrun for example_skip_dag to 2021-06-19 00:00:00+00:00
[2021-06-21 19:02:00,066] {scheduler_job.py:190} INFO - Processing /home/airflow/.local/lib/python3.6/site-packages/airflow/example_dags/example_skip_dag.py took 0.087 seconds
[2021-06-21 19:02:30,130] {scheduler_job.py:182} INFO - Started process (PID=421) to work on /home/airflow/.local/lib/python3.6/site-packages/airflow/example_dags/example_skip_dag.py
[2021-06-21 19:02:30,132] {scheduler_job.py:633} INFO - Processing file /home/airflow/.local/lib/python3.6/site-packages/airflow/example_dags/example_skip_dag.py for tasks to queue
[2021-06-21 19:02:30,134] {logging_mixin.py:104} INFO - [2021-06-21 19:02:30,134] {dagbag.py:487} INFO - Filling up the DagBag from /home/airflow/.local/lib/python3.6/site-packages/airflow/example_dags/example_skip_dag.py
[2021-06-21 19:02:30,158] {scheduler_job.py:643} INFO - DAG(s) dict_keys(['example_skip_dag']) retrieved from /home/airflow/.local/lib/python3.6/site-packages/airflow/example_dags/example_skip_dag.py
[2021-06-21 19:02:30,178] {logging_mixin.py:104} INFO - [2021-06-21 19:02:30,178] {dag.py:1832} INFO - Sync 1 DAGs
[2021-06-21 19:02:30,191] {logging_mixin.py:104} INFO - [2021-06-21 19:02:30,191] {dag.py:2305} INFO - Setting next_dagrun for example_skip_dag to 2021-06-19 00:00:00+00:00
[2021-06-21 19:02:30,224] {scheduler_job.py:190} INFO - Processing /home/airflow/.local/lib/python3.6/site-packages/airflow/example_dags/example_skip_dag.py took 0.103 seconds
[2021-06-21 19:03:00,683] {scheduler_job.py:182} INFO - Started process (PID=488) to work on /home/airflow/.local/lib/python3.6/site-packages/airflow/example_dags/example_skip_dag.py
[2021-06-21 19:03:00,684] {scheduler_job.py:633} INFO - Processing file /home/airflow/.local/lib/python3.6/site-packages/airflow/example_dags/example_skip_dag.py for tasks to queue
[2021-06-21 19:03:00,684] {logging_mixin.py:104} INFO - [2021-06-21 19:03:00,684] {dagbag.py:487} INFO - Filling up the DagBag from /home/airflow/.local/lib/python3.6/site-packages/airflow/example_dags/example_skip_dag.py
[2021-06-21 19:03:00,693] {scheduler_job.py:643} INFO - DAG(s) dict_keys(['example_skip_dag']) retrieved from /home/airflow/.local/lib/python3.6/site-packages/airflow/example_dags/example_skip_dag.py
[2021-06-21 19:03:00,711] {logging_mixin.py:104} INFO - [2021-06-21 19:03:00,711] {dag.py:1832} INFO - Sync 1 DAGs
[2021-06-21 19:03:00,723] {logging_mixin.py:104} INFO - [2021-06-21 19:03:00,723] {dag.py:2305} INFO - Setting next_dagrun for example_skip_dag to 2021-06-19 00:00:00+00:00
[2021-06-21 19:03:00,762] {scheduler_job.py:190} INFO - Processing /home/airflow/.local/lib/python3.6/site-packages/airflow/example_dags/example_skip_dag.py took 0.082 seconds
[2021-06-21 19:03:30,858] {scheduler_job.py:182} INFO - Started process (PID=568) to work on /home/airflow/.local/lib/python3.6/site-packages/airflow/example_dags/example_skip_dag.py
[2021-06-21 19:03:30,860] {scheduler_job.py:633} INFO - Processing file /home/airflow/.local/lib/python3.6/site-packages/airflow/example_dags/example_skip_dag.py for tasks to queue
[2021-06-21 19:03:30,861] {logging_mixin.py:104} INFO - [2021-06-21 19:03:30,861] {dagbag.py:487} INFO - Filling up the DagBag from /home/airflow/.local/lib/python3.6/site-packages/airflow/example_dags/example_skip_dag.py
[2021-06-21 19:03:30,883] {scheduler_job.py:643} INFO - DAG(s) dict_keys(['example_skip_dag']) retrieved from /home/airflow/.local/lib/python3.6/site-packages/airflow/example_dags/example_skip_dag.py
[2021-06-21 19:03:30,924] {logging_mixin.py:104} INFO - [2021-06-21 19:03:30,924] {dag.py:1832} INFO - Sync 1 DAGs
[2021-06-21 19:03:30,951] {logging_mixin.py:104} INFO - [2021-06-21 19:03:30,951] {dag.py:2305} INFO - Setting next_dagrun for example_skip_dag to 2021-06-19 00:00:00+00:00
[2021-06-21 19:03:30,982] {scheduler_job.py:190} INFO - Processing /home/airflow/.local/lib/python3.6/site-packages/airflow/example_dags/example_skip_dag.py took 0.130 seconds
[2021-06-21 19:04:01,089] {scheduler_job.py:182} INFO - Started process (PID=632) to work on /home/airflow/.local/lib/python3.6/site-packages/airflow/example_dags/example_skip_dag.py
[2021-06-21 19:04:01,090] {scheduler_job.py:633} INFO - Processing file /home/airflow/.local/lib/python3.6/site-packages/airflow/example_dags/example_skip_dag.py for tasks to queue
[2021-06-21 19:04:01,091] {logging_mixin.py:104} INFO - [2021-06-21 19:04:01,091] {dagbag.py:487} INFO - Filling up the DagBag from /home/airflow/.local/lib/python3.6/site-packages/airflow/example_dags/example_skip_dag.py
[2021-06-21 19:04:01,105] {scheduler_job.py:643} INFO - DAG(s) dict_keys(['example_skip_dag']) retrieved from /home/airflow/.local/lib/python3.6/site-packages/airflow/example_dags/example_skip_dag.py
[2021-06-21 19:04:01,132] {logging_mixin.py:104} INFO - [2021-06-21 19:04:01,132] {dag.py:1832} INFO - Sync 1 DAGs
[2021-06-21 19:04:01,146] {logging_mixin.py:104} INFO - [2021-06-21 19:04:01,146] {dag.py:2305} INFO - Setting next_dagrun for example_skip_dag to 2021-06-19 00:00:00+00:00
[2021-06-21 19:04:01,175] {scheduler_job.py:190} INFO - Processing /home/airflow/.local/lib/python3.6/site-packages/airflow/example_dags/example_skip_dag.py took 0.090 seconds
[2021-06-21 19:04:31,201] {scheduler_job.py:182} INFO - Started process (PID=712) to work on /home/airflow/.local/lib/python3.6/site-packages/airflow/example_dags/example_skip_dag.py
[2021-06-21 19:04:31,202] {scheduler_job.py:633} INFO - Processing file /home/airflow/.local/lib/python3.6/site-packages/airflow/example_dags/example_skip_dag.py for tasks to queue
[2021-06-21 19:04:31,202] {logging_mixin.py:104} INFO - [2021-06-21 19:04:31,202] {dagbag.py:487} INFO - Filling up the DagBag from /home/airflow/.local/lib/python3.6/site-packages/airflow/example_dags/example_skip_dag.py
[2021-06-21 19:04:31,210] {scheduler_job.py:643} INFO - DAG(s) dict_keys(['example_skip_dag']) retrieved from /home/airflow/.local/lib/python3.6/site-packages/airflow/example_dags/example_skip_dag.py
[2021-06-21 19:04:31,227] {logging_mixin.py:104} INFO - [2021-06-21 19:04:31,226] {dag.py:1832} INFO - Sync 1 DAGs
[2021-06-21 19:04:31,241] {logging_mixin.py:104} INFO - [2021-06-21 19:04:31,241] {dag.py:2305} INFO - Setting next_dagrun for example_skip_dag to 2021-06-19 00:00:00+00:00
[2021-06-21 19:04:31,252] {scheduler_job.py:190} INFO - Processing /home/airflow/.local/lib/python3.6/site-packages/airflow/example_dags/example_skip_dag.py took 0.053 seconds
[2021-06-21 19:05:01,381] {scheduler_job.py:182} INFO - Started process (PID=776) to work on /home/airflow/.local/lib/python3.6/site-packages/airflow/example_dags/example_skip_dag.py
[2021-06-21 19:05:01,383] {scheduler_job.py:633} INFO - Processing file /home/airflow/.local/lib/python3.6/site-packages/airflow/example_dags/example_skip_dag.py for tasks to queue
[2021-06-21 19:05:01,383] {logging_mixin.py:104} INFO - [2021-06-21 19:05:01,383] {dagbag.py:487} INFO - Filling up the DagBag from /home/airflow/.local/lib/python3.6/site-packages/airflow/example_dags/example_skip_dag.py
[2021-06-21 19:05:01,395] {scheduler_job.py:643} INFO - DAG(s) dict_keys(['example_skip_dag']) retrieved from /home/airflow/.local/lib/python3.6/site-packages/airflow/example_dags/example_skip_dag.py
[2021-06-21 19:05:01,413] {logging_mixin.py:104} INFO - [2021-06-21 19:05:01,413] {dag.py:1832} INFO - Sync 1 DAGs
[2021-06-21 19:05:01,425] {logging_mixin.py:104} INFO - [2021-06-21 19:05:01,425] {dag.py:2305} INFO - Setting next_dagrun for example_skip_dag to 2021-06-19 00:00:00+00:00
[2021-06-21 19:05:01,433] {scheduler_job.py:190} INFO - Processing /home/airflow/.local/lib/python3.6/site-packages/airflow/example_dags/example_skip_dag.py took 0.056 seconds
[2021-06-21 19:05:31,991] {scheduler_job.py:182} INFO - Started process (PID=857) to work on /home/airflow/.local/lib/python3.6/site-packages/airflow/example_dags/example_skip_dag.py
[2021-06-21 19:05:31,994] {scheduler_job.py:633} INFO - Processing file /home/airflow/.local/lib/python3.6/site-packages/airflow/example_dags/example_skip_dag.py for tasks to queue
[2021-06-21 19:05:31,995] {logging_mixin.py:104} INFO - [2021-06-21 19:05:31,995] {dagbag.py:487} INFO - Filling up the DagBag from /home/airflow/.local/lib/python3.6/site-packages/airflow/example_dags/example_skip_dag.py
[2021-06-21 19:05:32,017] {scheduler_job.py:643} INFO - DAG(s) dict_keys(['example_skip_dag']) retrieved from /home/airflow/.local/lib/python3.6/site-packages/airflow/example_dags/example_skip_dag.py
[2021-06-21 19:05:32,037] {logging_mixin.py:104} INFO - [2021-06-21 19:05:32,037] {dag.py:1832} INFO - Sync 1 DAGs
[2021-06-21 19:05:32,050] {logging_mixin.py:104} INFO - [2021-06-21 19:05:32,050] {dag.py:2305} INFO - Setting next_dagrun for example_skip_dag to 2021-06-19 00:00:00+00:00
[2021-06-21 19:05:32,059] {scheduler_job.py:190} INFO - Processing /home/airflow/.local/lib/python3.6/site-packages/airflow/example_dags/example_skip_dag.py took 0.076 seconds
[2021-06-21 19:06:02,345] {scheduler_job.py:182} INFO - Started process (PID=922) to work on /home/airflow/.local/lib/python3.6/site-packages/airflow/example_dags/example_skip_dag.py
[2021-06-21 19:06:02,346] {scheduler_job.py:633} INFO - Processing file /home/airflow/.local/lib/python3.6/site-packages/airflow/example_dags/example_skip_dag.py for tasks to queue
[2021-06-21 19:06:02,347] {logging_mixin.py:104} INFO - [2021-06-21 19:06:02,347] {dagbag.py:487} INFO - Filling up the DagBag from /home/airflow/.local/lib/python3.6/site-packages/airflow/example_dags/example_skip_dag.py
[2021-06-21 19:06:02,363] {scheduler_job.py:643} INFO - DAG(s) dict_keys(['example_skip_dag']) retrieved from /home/airflow/.local/lib/python3.6/site-packages/airflow/example_dags/example_skip_dag.py
[2021-06-21 19:06:02,381] {logging_mixin.py:104} INFO - [2021-06-21 19:06:02,381] {dag.py:1832} INFO - Sync 1 DAGs
[2021-06-21 19:06:02,393] {logging_mixin.py:104} INFO - [2021-06-21 19:06:02,393] {dag.py:2305} INFO - Setting next_dagrun for example_skip_dag to 2021-06-19 00:00:00+00:00
[2021-06-21 19:06:02,401] {scheduler_job.py:190} INFO - Processing /home/airflow/.local/lib/python3.6/site-packages/airflow/example_dags/example_skip_dag.py took 0.061 seconds
[2021-06-21 19:06:32,658] {scheduler_job.py:182} INFO - Started process (PID=1002) to work on /home/airflow/.local/lib/python3.6/site-packages/airflow/example_dags/example_skip_dag.py
[2021-06-21 19:06:32,659] {scheduler_job.py:633} INFO - Processing file /home/airflow/.local/lib/python3.6/site-packages/airflow/example_dags/example_skip_dag.py for tasks to queue
[2021-06-21 19:06:32,660] {logging_mixin.py:104} INFO - [2021-06-21 19:06:32,659] {dagbag.py:487} INFO - Filling up the DagBag from /home/airflow/.local/lib/python3.6/site-packages/airflow/example_dags/example_skip_dag.py
[2021-06-21 19:06:32,668] {scheduler_job.py:643} INFO - DAG(s) dict_keys(['example_skip_dag']) retrieved from /home/airflow/.local/lib/python3.6/site-packages/airflow/example_dags/example_skip_dag.py
[2021-06-21 19:06:32,685] {logging_mixin.py:104} INFO - [2021-06-21 19:06:32,685] {dag.py:1832} INFO - Sync 1 DAGs
[2021-06-21 19:06:32,697] {logging_mixin.py:104} INFO - [2021-06-21 19:06:32,697] {dag.py:2305} INFO - Setting next_dagrun for example_skip_dag to 2021-06-19 00:00:00+00:00
[2021-06-21 19:06:32,705] {scheduler_job.py:190} INFO - Processing /home/airflow/.local/lib/python3.6/site-packages/airflow/example_dags/example_skip_dag.py took 0.049 seconds
[2021-06-21 19:07:02,775] {scheduler_job.py:182} INFO - Started process (PID=1075) to work on /home/airflow/.local/lib/python3.6/site-packages/airflow/example_dags/example_skip_dag.py
[2021-06-21 19:07:02,775] {scheduler_job.py:633} INFO - Processing file /home/airflow/.local/lib/python3.6/site-packages/airflow/example_dags/example_skip_dag.py for tasks to queue
[2021-06-21 19:07:02,776] {logging_mixin.py:104} INFO - [2021-06-21 19:07:02,776] {dagbag.py:487} INFO - Filling up the DagBag from /home/airflow/.local/lib/python3.6/site-packages/airflow/example_dags/example_skip_dag.py
[2021-06-21 19:07:02,784] {scheduler_job.py:643} INFO - DAG(s) dict_keys(['example_skip_dag']) retrieved from /home/airflow/.local/lib/python3.6/site-packages/airflow/example_dags/example_skip_dag.py
[2021-06-21 19:07:02,801] {logging_mixin.py:104} INFO - [2021-06-21 19:07:02,801] {dag.py:1832} INFO - Sync 1 DAGs
[2021-06-21 19:07:02,813] {logging_mixin.py:104} INFO - [2021-06-21 19:07:02,813] {dag.py:2305} INFO - Setting next_dagrun for example_skip_dag to 2021-06-19 00:00:00+00:00
[2021-06-21 19:07:02,820] {scheduler_job.py:190} INFO - Processing /home/airflow/.local/lib/python3.6/site-packages/airflow/example_dags/example_skip_dag.py took 0.047 seconds
[2021-06-21 19:07:33,185] {scheduler_job.py:182} INFO - Started process (PID=1146) to work on /home/airflow/.local/lib/python3.6/site-packages/airflow/example_dags/example_skip_dag.py
[2021-06-21 19:07:33,186] {scheduler_job.py:633} INFO - Processing file /home/airflow/.local/lib/python3.6/site-packages/airflow/example_dags/example_skip_dag.py for tasks to queue
[2021-06-21 19:07:33,187] {logging_mixin.py:104} INFO - [2021-06-21 19:07:33,187] {dagbag.py:487} INFO - Filling up the DagBag from /home/airflow/.local/lib/python3.6/site-packages/airflow/example_dags/example_skip_dag.py
[2021-06-21 19:07:33,201] {scheduler_job.py:643} INFO - DAG(s) dict_keys(['example_skip_dag']) retrieved from /home/airflow/.local/lib/python3.6/site-packages/airflow/example_dags/example_skip_dag.py
[2021-06-21 19:07:33,227] {logging_mixin.py:104} INFO - [2021-06-21 19:07:33,227] {dag.py:1832} INFO - Sync 1 DAGs
[2021-06-21 19:07:33,245] {logging_mixin.py:104} INFO - [2021-06-21 19:07:33,245] {dag.py:2305} INFO - Setting next_dagrun for example_skip_dag to 2021-06-19 00:00:00+00:00
[2021-06-21 19:07:33,255] {scheduler_job.py:190} INFO - Processing /home/airflow/.local/lib/python3.6/site-packages/airflow/example_dags/example_skip_dag.py took 0.074 seconds
[2021-06-21 19:08:03,527] {scheduler_job.py:182} INFO - Started process (PID=1227) to work on /home/airflow/.local/lib/python3.6/site-packages/airflow/example_dags/example_skip_dag.py
[2021-06-21 19:08:03,528] {scheduler_job.py:633} INFO - Processing file /home/airflow/.local/lib/python3.6/site-packages/airflow/example_dags/example_skip_dag.py for tasks to queue
[2021-06-21 19:08:03,528] {logging_mixin.py:104} INFO - [2021-06-21 19:08:03,528] {dagbag.py:487} INFO - Filling up the DagBag from /home/airflow/.local/lib/python3.6/site-packages/airflow/example_dags/example_skip_dag.py
[2021-06-21 19:08:03,537] {scheduler_job.py:643} INFO - DAG(s) dict_keys(['example_skip_dag']) retrieved from /home/airflow/.local/lib/python3.6/site-packages/airflow/example_dags/example_skip_dag.py
[2021-06-21 19:08:03,555] {logging_mixin.py:104} INFO - [2021-06-21 19:08:03,555] {dag.py:1832} INFO - Sync 1 DAGs
[2021-06-21 19:08:03,569] {logging_mixin.py:104} INFO - [2021-06-21 19:08:03,569] {dag.py:2305} INFO - Setting next_dagrun for example_skip_dag to 2021-06-19 00:00:00+00:00
[2021-06-21 19:08:03,576] {scheduler_job.py:190} INFO - Processing /home/airflow/.local/lib/python3.6/site-packages/airflow/example_dags/example_skip_dag.py took 0.052 seconds
[2021-06-21 19:08:34,021] {scheduler_job.py:182} INFO - Started process (PID=1292) to work on /home/airflow/.local/lib/python3.6/site-packages/airflow/example_dags/example_skip_dag.py
[2021-06-21 19:08:34,022] {scheduler_job.py:633} INFO - Processing file /home/airflow/.local/lib/python3.6/site-packages/airflow/example_dags/example_skip_dag.py for tasks to queue
[2021-06-21 19:08:34,023] {logging_mixin.py:104} INFO - [2021-06-21 19:08:34,023] {dagbag.py:487} INFO - Filling up the DagBag from /home/airflow/.local/lib/python3.6/site-packages/airflow/example_dags/example_skip_dag.py
[2021-06-21 19:08:34,035] {scheduler_job.py:643} INFO - DAG(s) dict_keys(['example_skip_dag']) retrieved from /home/airflow/.local/lib/python3.6/site-packages/airflow/example_dags/example_skip_dag.py
[2021-06-21 19:08:34,055] {logging_mixin.py:104} INFO - [2021-06-21 19:08:34,055] {dag.py:1832} INFO - Sync 1 DAGs
[2021-06-21 19:08:34,068] {logging_mixin.py:104} INFO - [2021-06-21 19:08:34,068] {dag.py:2305} INFO - Setting next_dagrun for example_skip_dag to 2021-06-19 00:00:00+00:00
[2021-06-21 19:08:34,076] {scheduler_job.py:190} INFO - Processing /home/airflow/.local/lib/python3.6/site-packages/airflow/example_dags/example_skip_dag.py took 0.058 seconds
[2021-06-21 19:09:04,577] {scheduler_job.py:182} INFO - Started process (PID=1376) to work on /home/airflow/.local/lib/python3.6/site-packages/airflow/example_dags/example_skip_dag.py
[2021-06-21 19:09:04,578] {scheduler_job.py:633} INFO - Processing file /home/airflow/.local/lib/python3.6/site-packages/airflow/example_dags/example_skip_dag.py for tasks to queue
[2021-06-21 19:09:04,578] {logging_mixin.py:104} INFO - [2021-06-21 19:09:04,578] {dagbag.py:487} INFO - Filling up the DagBag from /home/airflow/.local/lib/python3.6/site-packages/airflow/example_dags/example_skip_dag.py
[2021-06-21 19:09:04,589] {scheduler_job.py:643} INFO - DAG(s) dict_keys(['example_skip_dag']) retrieved from /home/airflow/.local/lib/python3.6/site-packages/airflow/example_dags/example_skip_dag.py
[2021-06-21 19:09:04,609] {logging_mixin.py:104} INFO - [2021-06-21 19:09:04,609] {dag.py:1832} INFO - Sync 1 DAGs
[2021-06-21 19:09:04,626] {logging_mixin.py:104} INFO - [2021-06-21 19:09:04,626] {dag.py:2305} INFO - Setting next_dagrun for example_skip_dag to 2021-06-19 00:00:00+00:00
[2021-06-21 19:09:04,634] {scheduler_job.py:190} INFO - Processing /home/airflow/.local/lib/python3.6/site-packages/airflow/example_dags/example_skip_dag.py took 0.059 seconds
[2021-06-21 19:09:35,004] {scheduler_job.py:182} INFO - Started process (PID=1440) to work on /home/airflow/.local/lib/python3.6/site-packages/airflow/example_dags/example_skip_dag.py
[2021-06-21 19:09:35,007] {scheduler_job.py:633} INFO - Processing file /home/airflow/.local/lib/python3.6/site-packages/airflow/example_dags/example_skip_dag.py for tasks to queue
[2021-06-21 19:09:35,010] {logging_mixin.py:104} INFO - [2021-06-21 19:09:35,010] {dagbag.py:487} INFO - Filling up the DagBag from /home/airflow/.local/lib/python3.6/site-packages/airflow/example_dags/example_skip_dag.py
[2021-06-21 19:09:35,036] {scheduler_job.py:643} INFO - DAG(s) dict_keys(['example_skip_dag']) retrieved from /home/airflow/.local/lib/python3.6/site-packages/airflow/example_dags/example_skip_dag.py
[2021-06-21 19:09:35,056] {logging_mixin.py:104} INFO - [2021-06-21 19:09:35,056] {dag.py:1832} INFO - Sync 1 DAGs
[2021-06-21 19:09:35,079] {logging_mixin.py:104} INFO - [2021-06-21 19:09:35,079] {dag.py:2305} INFO - Setting next_dagrun for example_skip_dag to 2021-06-19 00:00:00+00:00
[2021-06-21 19:09:35,098] {scheduler_job.py:190} INFO - Processing /home/airflow/.local/lib/python3.6/site-packages/airflow/example_dags/example_skip_dag.py took 0.103 seconds
[2021-06-21 19:10:05,239] {scheduler_job.py:182} INFO - Started process (PID=1521) to work on /home/airflow/.local/lib/python3.6/site-packages/airflow/example_dags/example_skip_dag.py
[2021-06-21 19:10:05,240] {scheduler_job.py:633} INFO - Processing file /home/airflow/.local/lib/python3.6/site-packages/airflow/example_dags/example_skip_dag.py for tasks to queue
[2021-06-21 19:10:05,241] {logging_mixin.py:104} INFO - [2021-06-21 19:10:05,240] {dagbag.py:487} INFO - Filling up the DagBag from /home/airflow/.local/lib/python3.6/site-packages/airflow/example_dags/example_skip_dag.py
[2021-06-21 19:10:05,253] {scheduler_job.py:643} INFO - DAG(s) dict_keys(['example_skip_dag']) retrieved from /home/airflow/.local/lib/python3.6/site-packages/airflow/example_dags/example_skip_dag.py
[2021-06-21 19:10:05,280] {logging_mixin.py:104} INFO - [2021-06-21 19:10:05,280] {dag.py:1832} INFO - Sync 1 DAGs
[2021-06-21 19:10:05,303] {logging_mixin.py:104} INFO - [2021-06-21 19:10:05,303] {dag.py:2305} INFO - Setting next_dagrun for example_skip_dag to 2021-06-19 00:00:00+00:00
[2021-06-21 19:10:05,337] {scheduler_job.py:190} INFO - Processing /home/airflow/.local/lib/python3.6/site-packages/airflow/example_dags/example_skip_dag.py took 0.102 seconds
[2021-06-21 19:10:35,535] {scheduler_job.py:182} INFO - Started process (PID=1587) to work on /home/airflow/.local/lib/python3.6/site-packages/airflow/example_dags/example_skip_dag.py
[2021-06-21 19:10:35,537] {scheduler_job.py:633} INFO - Processing file /home/airflow/.local/lib/python3.6/site-packages/airflow/example_dags/example_skip_dag.py for tasks to queue
[2021-06-21 19:10:35,538] {logging_mixin.py:104} INFO - [2021-06-21 19:10:35,538] {dagbag.py:487} INFO - Filling up the DagBag from /home/airflow/.local/lib/python3.6/site-packages/airflow/example_dags/example_skip_dag.py
[2021-06-21 19:10:35,555] {scheduler_job.py:643} INFO - DAG(s) dict_keys(['example_skip_dag']) retrieved from /home/airflow/.local/lib/python3.6/site-packages/airflow/example_dags/example_skip_dag.py
[2021-06-21 19:10:35,576] {logging_mixin.py:104} INFO - [2021-06-21 19:10:35,575] {dag.py:1832} INFO - Sync 1 DAGs
[2021-06-21 19:10:35,590] {logging_mixin.py:104} INFO - [2021-06-21 19:10:35,590] {dag.py:2305} INFO - Setting next_dagrun for example_skip_dag to 2021-06-19 00:00:00+00:00
[2021-06-21 19:10:35,625] {scheduler_job.py:190} INFO - Processing /home/airflow/.local/lib/python3.6/site-packages/airflow/example_dags/example_skip_dag.py took 0.096 seconds
[2021-06-21 19:11:05,858] {scheduler_job.py:182} INFO - Started process (PID=1660) to work on /home/airflow/.local/lib/python3.6/site-packages/airflow/example_dags/example_skip_dag.py
[2021-06-21 19:11:05,859] {scheduler_job.py:633} INFO - Processing file /home/airflow/.local/lib/python3.6/site-packages/airflow/example_dags/example_skip_dag.py for tasks to queue
[2021-06-21 19:11:05,860] {logging_mixin.py:104} INFO - [2021-06-21 19:11:05,859] {dagbag.py:487} INFO - Filling up the DagBag from /home/airflow/.local/lib/python3.6/site-packages/airflow/example_dags/example_skip_dag.py
[2021-06-21 19:11:05,870] {scheduler_job.py:643} INFO - DAG(s) dict_keys(['example_skip_dag']) retrieved from /home/airflow/.local/lib/python3.6/site-packages/airflow/example_dags/example_skip_dag.py
[2021-06-21 19:11:05,895] {logging_mixin.py:104} INFO - [2021-06-21 19:11:05,895] {dag.py:1832} INFO - Sync 1 DAGs
[2021-06-21 19:11:05,916] {logging_mixin.py:104} INFO - [2021-06-21 19:11:05,916] {dag.py:2305} INFO - Setting next_dagrun for example_skip_dag to 2021-06-19 00:00:00+00:00
[2021-06-21 19:11:05,944] {scheduler_job.py:190} INFO - Processing /home/airflow/.local/lib/python3.6/site-packages/airflow/example_dags/example_skip_dag.py took 0.090 seconds
[2021-06-21 19:11:36,088] {scheduler_job.py:182} INFO - Started process (PID=1732) to work on /home/airflow/.local/lib/python3.6/site-packages/airflow/example_dags/example_skip_dag.py
[2021-06-21 19:11:36,089] {scheduler_job.py:633} INFO - Processing file /home/airflow/.local/lib/python3.6/site-packages/airflow/example_dags/example_skip_dag.py for tasks to queue
[2021-06-21 19:11:36,090] {logging_mixin.py:104} INFO - [2021-06-21 19:11:36,090] {dagbag.py:487} INFO - Filling up the DagBag from /home/airflow/.local/lib/python3.6/site-packages/airflow/example_dags/example_skip_dag.py
[2021-06-21 19:11:36,106] {scheduler_job.py:643} INFO - DAG(s) dict_keys(['example_skip_dag']) retrieved from /home/airflow/.local/lib/python3.6/site-packages/airflow/example_dags/example_skip_dag.py
[2021-06-21 19:11:36,132] {logging_mixin.py:104} INFO - [2021-06-21 19:11:36,132] {dag.py:1832} INFO - Sync 1 DAGs
[2021-06-21 19:11:36,152] {logging_mixin.py:104} INFO - [2021-06-21 19:11:36,152] {dag.py:2305} INFO - Setting next_dagrun for example_skip_dag to 2021-06-19 00:00:00+00:00
[2021-06-21 19:11:36,164] {scheduler_job.py:190} INFO - Processing /home/airflow/.local/lib/python3.6/site-packages/airflow/example_dags/example_skip_dag.py took 0.082 seconds
[2021-06-21 19:12:06,387] {scheduler_job.py:182} INFO - Started process (PID=1797) to work on /home/airflow/.local/lib/python3.6/site-packages/airflow/example_dags/example_skip_dag.py
[2021-06-21 19:12:06,391] {scheduler_job.py:633} INFO - Processing file /home/airflow/.local/lib/python3.6/site-packages/airflow/example_dags/example_skip_dag.py for tasks to queue
[2021-06-21 19:12:06,392] {logging_mixin.py:104} INFO - [2021-06-21 19:12:06,392] {dagbag.py:487} INFO - Filling up the DagBag from /home/airflow/.local/lib/python3.6/site-packages/airflow/example_dags/example_skip_dag.py
[2021-06-21 19:12:06,406] {scheduler_job.py:643} INFO - DAG(s) dict_keys(['example_skip_dag']) retrieved from /home/airflow/.local/lib/python3.6/site-packages/airflow/example_dags/example_skip_dag.py
[2021-06-21 19:12:06,427] {logging_mixin.py:104} INFO - [2021-06-21 19:12:06,426] {dag.py:1832} INFO - Sync 1 DAGs
[2021-06-21 19:12:06,440] {logging_mixin.py:104} INFO - [2021-06-21 19:12:06,440] {dag.py:2305} INFO - Setting next_dagrun for example_skip_dag to 2021-06-19 00:00:00+00:00
[2021-06-21 19:12:06,449] {scheduler_job.py:190} INFO - Processing /home/airflow/.local/lib/python3.6/site-packages/airflow/example_dags/example_skip_dag.py took 0.071 seconds
[2021-06-21 19:12:36,518] {scheduler_job.py:182} INFO - Started process (PID=1877) to work on /home/airflow/.local/lib/python3.6/site-packages/airflow/example_dags/example_skip_dag.py
[2021-06-21 19:12:36,521] {scheduler_job.py:633} INFO - Processing file /home/airflow/.local/lib/python3.6/site-packages/airflow/example_dags/example_skip_dag.py for tasks to queue
[2021-06-21 19:12:36,523] {logging_mixin.py:104} INFO - [2021-06-21 19:12:36,523] {dagbag.py:487} INFO - Filling up the DagBag from /home/airflow/.local/lib/python3.6/site-packages/airflow/example_dags/example_skip_dag.py
[2021-06-21 19:12:36,547] {scheduler_job.py:643} INFO - DAG(s) dict_keys(['example_skip_dag']) retrieved from /home/airflow/.local/lib/python3.6/site-packages/airflow/example_dags/example_skip_dag.py
[2021-06-21 19:12:36,568] {logging_mixin.py:104} INFO - [2021-06-21 19:12:36,567] {dag.py:1832} INFO - Sync 1 DAGs
[2021-06-21 19:12:36,581] {logging_mixin.py:104} INFO - [2021-06-21 19:12:36,581] {dag.py:2305} INFO - Setting next_dagrun for example_skip_dag to 2021-06-19 00:00:00+00:00
[2021-06-21 19:12:36,589] {scheduler_job.py:190} INFO - Processing /home/airflow/.local/lib/python3.6/site-packages/airflow/example_dags/example_skip_dag.py took 0.080 seconds
[2021-06-21 19:13:06,621] {scheduler_job.py:182} INFO - Started process (PID=1943) to work on /home/airflow/.local/lib/python3.6/site-packages/airflow/example_dags/example_skip_dag.py
[2021-06-21 19:13:06,622] {scheduler_job.py:633} INFO - Processing file /home/airflow/.local/lib/python3.6/site-packages/airflow/example_dags/example_skip_dag.py for tasks to queue
[2021-06-21 19:13:06,622] {logging_mixin.py:104} INFO - [2021-06-21 19:13:06,622] {dagbag.py:487} INFO - Filling up the DagBag from /home/airflow/.local/lib/python3.6/site-packages/airflow/example_dags/example_skip_dag.py
[2021-06-21 19:13:06,630] {scheduler_job.py:643} INFO - DAG(s) dict_keys(['example_skip_dag']) retrieved from /home/airflow/.local/lib/python3.6/site-packages/airflow/example_dags/example_skip_dag.py
[2021-06-21 19:13:06,645] {logging_mixin.py:104} INFO - [2021-06-21 19:13:06,645] {dag.py:1832} INFO - Sync 1 DAGs
[2021-06-21 19:13:06,657] {logging_mixin.py:104} INFO - [2021-06-21 19:13:06,657] {dag.py:2305} INFO - Setting next_dagrun for example_skip_dag to 2021-06-19 00:00:00+00:00
[2021-06-21 19:13:06,663] {scheduler_job.py:190} INFO - Processing /home/airflow/.local/lib/python3.6/site-packages/airflow/example_dags/example_skip_dag.py took 0.044 seconds
[2021-06-21 19:13:37,250] {scheduler_job.py:182} INFO - Started process (PID=2026) to work on /home/airflow/.local/lib/python3.6/site-packages/airflow/example_dags/example_skip_dag.py
[2021-06-21 19:13:37,251] {scheduler_job.py:633} INFO - Processing file /home/airflow/.local/lib/python3.6/site-packages/airflow/example_dags/example_skip_dag.py for tasks to queue
[2021-06-21 19:13:37,252] {logging_mixin.py:104} INFO - [2021-06-21 19:13:37,252] {dagbag.py:487} INFO - Filling up the DagBag from /home/airflow/.local/lib/python3.6/site-packages/airflow/example_dags/example_skip_dag.py
[2021-06-21 19:13:37,261] {scheduler_job.py:643} INFO - DAG(s) dict_keys(['example_skip_dag']) retrieved from /home/airflow/.local/lib/python3.6/site-packages/airflow/example_dags/example_skip_dag.py
[2021-06-21 19:13:37,278] {logging_mixin.py:104} INFO - [2021-06-21 19:13:37,278] {dag.py:1832} INFO - Sync 1 DAGs
[2021-06-21 19:13:37,290] {logging_mixin.py:104} INFO - [2021-06-21 19:13:37,290] {dag.py:2305} INFO - Setting next_dagrun for example_skip_dag to 2021-06-19 00:00:00+00:00
[2021-06-21 19:13:37,299] {scheduler_job.py:190} INFO - Processing /home/airflow/.local/lib/python3.6/site-packages/airflow/example_dags/example_skip_dag.py took 0.051 seconds
[2021-06-21 19:14:08,323] {scheduler_job.py:182} INFO - Started process (PID=2093) to work on /home/airflow/.local/lib/python3.6/site-packages/airflow/example_dags/example_skip_dag.py
[2021-06-21 19:14:08,323] {scheduler_job.py:633} INFO - Processing file /home/airflow/.local/lib/python3.6/site-packages/airflow/example_dags/example_skip_dag.py for tasks to queue
[2021-06-21 19:14:08,324] {logging_mixin.py:104} INFO - [2021-06-21 19:14:08,324] {dagbag.py:487} INFO - Filling up the DagBag from /home/airflow/.local/lib/python3.6/site-packages/airflow/example_dags/example_skip_dag.py
[2021-06-21 19:14:08,331] {scheduler_job.py:643} INFO - DAG(s) dict_keys(['example_skip_dag']) retrieved from /home/airflow/.local/lib/python3.6/site-packages/airflow/example_dags/example_skip_dag.py
[2021-06-21 19:14:08,346] {logging_mixin.py:104} INFO - [2021-06-21 19:14:08,346] {dag.py:1832} INFO - Sync 1 DAGs
[2021-06-21 19:14:08,357] {logging_mixin.py:104} INFO - [2021-06-21 19:14:08,357] {dag.py:2305} INFO - Setting next_dagrun for example_skip_dag to 2021-06-19 00:00:00+00:00
[2021-06-21 19:14:08,364] {scheduler_job.py:190} INFO - Processing /home/airflow/.local/lib/python3.6/site-packages/airflow/example_dags/example_skip_dag.py took 0.044 seconds
[2021-06-21 19:14:38,909] {scheduler_job.py:182} INFO - Started process (PID=2173) to work on /home/airflow/.local/lib/python3.6/site-packages/airflow/example_dags/example_skip_dag.py
[2021-06-21 19:14:38,910] {scheduler_job.py:633} INFO - Processing file /home/airflow/.local/lib/python3.6/site-packages/airflow/example_dags/example_skip_dag.py for tasks to queue
[2021-06-21 19:14:38,910] {logging_mixin.py:104} INFO - [2021-06-21 19:14:38,910] {dagbag.py:487} INFO - Filling up the DagBag from /home/airflow/.local/lib/python3.6/site-packages/airflow/example_dags/example_skip_dag.py
[2021-06-21 19:14:38,921] {scheduler_job.py:643} INFO - DAG(s) dict_keys(['example_skip_dag']) retrieved from /home/airflow/.local/lib/python3.6/site-packages/airflow/example_dags/example_skip_dag.py
[2021-06-21 19:14:38,939] {logging_mixin.py:104} INFO - [2021-06-21 19:14:38,939] {dag.py:1832} INFO - Sync 1 DAGs
[2021-06-21 19:14:38,954] {logging_mixin.py:104} INFO - [2021-06-21 19:14:38,954] {dag.py:2305} INFO - Setting next_dagrun for example_skip_dag to 2021-06-19 00:00:00+00:00
[2021-06-21 19:14:38,963] {scheduler_job.py:190} INFO - Processing /home/airflow/.local/lib/python3.6/site-packages/airflow/example_dags/example_skip_dag.py took 0.057 seconds
[2021-06-21 19:15:09,614] {scheduler_job.py:182} INFO - Started process (PID=2245) to work on /home/airflow/.local/lib/python3.6/site-packages/airflow/example_dags/example_skip_dag.py
[2021-06-21 19:15:09,614] {scheduler_job.py:633} INFO - Processing file /home/airflow/.local/lib/python3.6/site-packages/airflow/example_dags/example_skip_dag.py for tasks to queue
[2021-06-21 19:15:09,615] {logging_mixin.py:104} INFO - [2021-06-21 19:15:09,615] {dagbag.py:487} INFO - Filling up the DagBag from /home/airflow/.local/lib/python3.6/site-packages/airflow/example_dags/example_skip_dag.py
[2021-06-21 19:15:09,623] {scheduler_job.py:643} INFO - DAG(s) dict_keys(['example_skip_dag']) retrieved from /home/airflow/.local/lib/python3.6/site-packages/airflow/example_dags/example_skip_dag.py
[2021-06-21 19:15:09,639] {logging_mixin.py:104} INFO - [2021-06-21 19:15:09,639] {dag.py:1832} INFO - Sync 1 DAGs
[2021-06-21 19:15:09,651] {logging_mixin.py:104} INFO - [2021-06-21 19:15:09,651] {dag.py:2305} INFO - Setting next_dagrun for example_skip_dag to 2021-06-19 00:00:00+00:00
[2021-06-21 19:15:09,658] {scheduler_job.py:190} INFO - Processing /home/airflow/.local/lib/python3.6/site-packages/airflow/example_dags/example_skip_dag.py took 0.046 seconds
[2021-06-21 19:15:40,638] {scheduler_job.py:182} INFO - Started process (PID=2327) to work on /home/airflow/.local/lib/python3.6/site-packages/airflow/example_dags/example_skip_dag.py
[2021-06-21 19:15:40,639] {scheduler_job.py:633} INFO - Processing file /home/airflow/.local/lib/python3.6/site-packages/airflow/example_dags/example_skip_dag.py for tasks to queue
[2021-06-21 19:15:40,640] {logging_mixin.py:104} INFO - [2021-06-21 19:15:40,639] {dagbag.py:487} INFO - Filling up the DagBag from /home/airflow/.local/lib/python3.6/site-packages/airflow/example_dags/example_skip_dag.py
[2021-06-21 19:15:40,652] {scheduler_job.py:643} INFO - DAG(s) dict_keys(['example_skip_dag']) retrieved from /home/airflow/.local/lib/python3.6/site-packages/airflow/example_dags/example_skip_dag.py
[2021-06-21 19:15:40,671] {logging_mixin.py:104} INFO - [2021-06-21 19:15:40,671] {dag.py:1832} INFO - Sync 1 DAGs
[2021-06-21 19:15:40,684] {logging_mixin.py:104} INFO - [2021-06-21 19:15:40,684] {dag.py:2305} INFO - Setting next_dagrun for example_skip_dag to 2021-06-19 00:00:00+00:00
[2021-06-21 19:15:40,692] {scheduler_job.py:190} INFO - Processing /home/airflow/.local/lib/python3.6/site-packages/airflow/example_dags/example_skip_dag.py took 0.057 seconds
[2021-06-21 19:16:11,486] {scheduler_job.py:182} INFO - Started process (PID=2400) to work on /home/airflow/.local/lib/python3.6/site-packages/airflow/example_dags/example_skip_dag.py
[2021-06-21 19:16:11,487] {scheduler_job.py:633} INFO - Processing file /home/airflow/.local/lib/python3.6/site-packages/airflow/example_dags/example_skip_dag.py for tasks to queue
[2021-06-21 19:16:11,487] {logging_mixin.py:104} INFO - [2021-06-21 19:16:11,487] {dagbag.py:487} INFO - Filling up the DagBag from /home/airflow/.local/lib/python3.6/site-packages/airflow/example_dags/example_skip_dag.py
[2021-06-21 19:16:11,496] {scheduler_job.py:643} INFO - DAG(s) dict_keys(['example_skip_dag']) retrieved from /home/airflow/.local/lib/python3.6/site-packages/airflow/example_dags/example_skip_dag.py
[2021-06-21 19:16:11,514] {logging_mixin.py:104} INFO - [2021-06-21 19:16:11,514] {dag.py:1832} INFO - Sync 1 DAGs
[2021-06-21 19:16:11,529] {logging_mixin.py:104} INFO - [2021-06-21 19:16:11,528] {dag.py:2305} INFO - Setting next_dagrun for example_skip_dag to 2021-06-19 00:00:00+00:00
[2021-06-21 19:16:11,555] {scheduler_job.py:190} INFO - Processing /home/airflow/.local/lib/python3.6/site-packages/airflow/example_dags/example_skip_dag.py took 0.071 seconds
[2021-06-21 19:16:41,679] {scheduler_job.py:182} INFO - Started process (PID=2473) to work on /home/airflow/.local/lib/python3.6/site-packages/airflow/example_dags/example_skip_dag.py
[2021-06-21 19:16:41,680] {scheduler_job.py:633} INFO - Processing file /home/airflow/.local/lib/python3.6/site-packages/airflow/example_dags/example_skip_dag.py for tasks to queue
[2021-06-21 19:16:41,680] {logging_mixin.py:104} INFO - [2021-06-21 19:16:41,680] {dagbag.py:487} INFO - Filling up the DagBag from /home/airflow/.local/lib/python3.6/site-packages/airflow/example_dags/example_skip_dag.py
[2021-06-21 19:16:41,689] {scheduler_job.py:643} INFO - DAG(s) dict_keys(['example_skip_dag']) retrieved from /home/airflow/.local/lib/python3.6/site-packages/airflow/example_dags/example_skip_dag.py
[2021-06-21 19:16:41,706] {logging_mixin.py:104} INFO - [2021-06-21 19:16:41,705] {dag.py:1832} INFO - Sync 1 DAGs
[2021-06-21 19:16:41,719] {logging_mixin.py:104} INFO - [2021-06-21 19:16:41,719] {dag.py:2305} INFO - Setting next_dagrun for example_skip_dag to 2021-06-19 00:00:00+00:00
[2021-06-21 19:16:41,755] {scheduler_job.py:190} INFO - Processing /home/airflow/.local/lib/python3.6/site-packages/airflow/example_dags/example_skip_dag.py took 0.078 seconds
[2021-06-21 19:17:11,899] {scheduler_job.py:182} INFO - Started process (PID=2545) to work on /home/airflow/.local/lib/python3.6/site-packages/airflow/example_dags/example_skip_dag.py
[2021-06-21 19:17:11,900] {scheduler_job.py:633} INFO - Processing file /home/airflow/.local/lib/python3.6/site-packages/airflow/example_dags/example_skip_dag.py for tasks to queue
[2021-06-21 19:17:11,901] {logging_mixin.py:104} INFO - [2021-06-21 19:17:11,900] {dagbag.py:487} INFO - Filling up the DagBag from /home/airflow/.local/lib/python3.6/site-packages/airflow/example_dags/example_skip_dag.py
[2021-06-21 19:17:11,910] {scheduler_job.py:643} INFO - DAG(s) dict_keys(['example_skip_dag']) retrieved from /home/airflow/.local/lib/python3.6/site-packages/airflow/example_dags/example_skip_dag.py
[2021-06-21 19:17:11,932] {logging_mixin.py:104} INFO - [2021-06-21 19:17:11,932] {dag.py:1832} INFO - Sync 1 DAGs
[2021-06-21 19:17:11,947] {logging_mixin.py:104} INFO - [2021-06-21 19:17:11,947] {dag.py:2305} INFO - Setting next_dagrun for example_skip_dag to 2021-06-19 00:00:00+00:00
[2021-06-21 19:17:11,971] {scheduler_job.py:190} INFO - Processing /home/airflow/.local/lib/python3.6/site-packages/airflow/example_dags/example_skip_dag.py took 0.075 seconds
[2021-06-21 19:17:42,326] {scheduler_job.py:182} INFO - Started process (PID=2618) to work on /home/airflow/.local/lib/python3.6/site-packages/airflow/example_dags/example_skip_dag.py
[2021-06-21 19:17:42,327] {scheduler_job.py:633} INFO - Processing file /home/airflow/.local/lib/python3.6/site-packages/airflow/example_dags/example_skip_dag.py for tasks to queue
[2021-06-21 19:17:42,328] {logging_mixin.py:104} INFO - [2021-06-21 19:17:42,328] {dagbag.py:487} INFO - Filling up the DagBag from /home/airflow/.local/lib/python3.6/site-packages/airflow/example_dags/example_skip_dag.py
[2021-06-21 19:17:42,336] {scheduler_job.py:643} INFO - DAG(s) dict_keys(['example_skip_dag']) retrieved from /home/airflow/.local/lib/python3.6/site-packages/airflow/example_dags/example_skip_dag.py
[2021-06-21 19:17:42,354] {logging_mixin.py:104} INFO - [2021-06-21 19:17:42,354] {dag.py:1832} INFO - Sync 1 DAGs
[2021-06-21 19:17:42,366] {logging_mixin.py:104} INFO - [2021-06-21 19:17:42,366] {dag.py:2305} INFO - Setting next_dagrun for example_skip_dag to 2021-06-19 00:00:00+00:00
[2021-06-21 19:17:42,394] {scheduler_job.py:190} INFO - Processing /home/airflow/.local/lib/python3.6/site-packages/airflow/example_dags/example_skip_dag.py took 0.070 seconds
[2021-06-21 19:18:12,508] {scheduler_job.py:182} INFO - Started process (PID=2693) to work on /home/airflow/.local/lib/python3.6/site-packages/airflow/example_dags/example_skip_dag.py
[2021-06-21 19:18:12,508] {scheduler_job.py:633} INFO - Processing file /home/airflow/.local/lib/python3.6/site-packages/airflow/example_dags/example_skip_dag.py for tasks to queue
[2021-06-21 19:18:12,509] {logging_mixin.py:104} INFO - [2021-06-21 19:18:12,509] {dagbag.py:487} INFO - Filling up the DagBag from /home/airflow/.local/lib/python3.6/site-packages/airflow/example_dags/example_skip_dag.py
[2021-06-21 19:18:12,519] {scheduler_job.py:643} INFO - DAG(s) dict_keys(['example_skip_dag']) retrieved from /home/airflow/.local/lib/python3.6/site-packages/airflow/example_dags/example_skip_dag.py
[2021-06-21 19:18:12,542] {logging_mixin.py:104} INFO - [2021-06-21 19:18:12,542] {dag.py:1832} INFO - Sync 1 DAGs
[2021-06-21 19:18:12,558] {logging_mixin.py:104} INFO - [2021-06-21 19:18:12,558] {dag.py:2305} INFO - Setting next_dagrun for example_skip_dag to 2021-06-19 00:00:00+00:00
[2021-06-21 19:18:12,583] {scheduler_job.py:190} INFO - Processing /home/airflow/.local/lib/python3.6/site-packages/airflow/example_dags/example_skip_dag.py took 0.078 seconds
[2021-06-21 19:18:42,726] {scheduler_job.py:182} INFO - Started process (PID=2766) to work on /home/airflow/.local/lib/python3.6/site-packages/airflow/example_dags/example_skip_dag.py
[2021-06-21 19:18:42,727] {scheduler_job.py:633} INFO - Processing file /home/airflow/.local/lib/python3.6/site-packages/airflow/example_dags/example_skip_dag.py for tasks to queue
[2021-06-21 19:18:42,727] {logging_mixin.py:104} INFO - [2021-06-21 19:18:42,727] {dagbag.py:487} INFO - Filling up the DagBag from /home/airflow/.local/lib/python3.6/site-packages/airflow/example_dags/example_skip_dag.py
[2021-06-21 19:18:42,739] {scheduler_job.py:643} INFO - DAG(s) dict_keys(['example_skip_dag']) retrieved from /home/airflow/.local/lib/python3.6/site-packages/airflow/example_dags/example_skip_dag.py
[2021-06-21 19:18:42,758] {logging_mixin.py:104} INFO - [2021-06-21 19:18:42,758] {dag.py:1832} INFO - Sync 1 DAGs
[2021-06-21 19:18:42,773] {logging_mixin.py:104} INFO - [2021-06-21 19:18:42,773] {dag.py:2305} INFO - Setting next_dagrun for example_skip_dag to 2021-06-19 00:00:00+00:00
[2021-06-21 19:18:42,781] {scheduler_job.py:190} INFO - Processing /home/airflow/.local/lib/python3.6/site-packages/airflow/example_dags/example_skip_dag.py took 0.058 seconds
[2021-06-21 19:19:13,673] {scheduler_job.py:182} INFO - Started process (PID=2844) to work on /home/airflow/.local/lib/python3.6/site-packages/airflow/example_dags/example_skip_dag.py
[2021-06-21 19:19:13,674] {scheduler_job.py:633} INFO - Processing file /home/airflow/.local/lib/python3.6/site-packages/airflow/example_dags/example_skip_dag.py for tasks to queue
[2021-06-21 19:19:13,674] {logging_mixin.py:104} INFO - [2021-06-21 19:19:13,674] {dagbag.py:487} INFO - Filling up the DagBag from /home/airflow/.local/lib/python3.6/site-packages/airflow/example_dags/example_skip_dag.py
[2021-06-21 19:19:13,685] {scheduler_job.py:643} INFO - DAG(s) dict_keys(['example_skip_dag']) retrieved from /home/airflow/.local/lib/python3.6/site-packages/airflow/example_dags/example_skip_dag.py
[2021-06-21 19:19:13,709] {logging_mixin.py:104} INFO - [2021-06-21 19:19:13,709] {dag.py:1832} INFO - Sync 1 DAGs
[2021-06-21 19:19:13,727] {logging_mixin.py:104} INFO - [2021-06-21 19:19:13,727] {dag.py:2305} INFO - Setting next_dagrun for example_skip_dag to 2021-06-19 00:00:00+00:00
[2021-06-21 19:19:13,737] {scheduler_job.py:190} INFO - Processing /home/airflow/.local/lib/python3.6/site-packages/airflow/example_dags/example_skip_dag.py took 0.067 seconds
[2021-06-21 19:19:44,408] {scheduler_job.py:182} INFO - Started process (PID=2915) to work on /home/airflow/.local/lib/python3.6/site-packages/airflow/example_dags/example_skip_dag.py
[2021-06-21 19:19:44,409] {scheduler_job.py:633} INFO - Processing file /home/airflow/.local/lib/python3.6/site-packages/airflow/example_dags/example_skip_dag.py for tasks to queue
[2021-06-21 19:19:44,410] {logging_mixin.py:104} INFO - [2021-06-21 19:19:44,410] {dagbag.py:487} INFO - Filling up the DagBag from /home/airflow/.local/lib/python3.6/site-packages/airflow/example_dags/example_skip_dag.py
[2021-06-21 19:19:44,420] {scheduler_job.py:643} INFO - DAG(s) dict_keys(['example_skip_dag']) retrieved from /home/airflow/.local/lib/python3.6/site-packages/airflow/example_dags/example_skip_dag.py
[2021-06-21 19:19:44,438] {logging_mixin.py:104} INFO - [2021-06-21 19:19:44,438] {dag.py:1832} INFO - Sync 1 DAGs
[2021-06-21 19:19:44,452] {logging_mixin.py:104} INFO - [2021-06-21 19:19:44,452] {dag.py:2305} INFO - Setting next_dagrun for example_skip_dag to 2021-06-19 00:00:00+00:00
[2021-06-21 19:19:44,461] {scheduler_job.py:190} INFO - Processing /home/airflow/.local/lib/python3.6/site-packages/airflow/example_dags/example_skip_dag.py took 0.055 seconds
[2021-06-21 19:20:14,982] {scheduler_job.py:182} INFO - Started process (PID=2995) to work on /home/airflow/.local/lib/python3.6/site-packages/airflow/example_dags/example_skip_dag.py
[2021-06-21 19:20:14,983] {scheduler_job.py:633} INFO - Processing file /home/airflow/.local/lib/python3.6/site-packages/airflow/example_dags/example_skip_dag.py for tasks to queue
[2021-06-21 19:20:14,984] {logging_mixin.py:104} INFO - [2021-06-21 19:20:14,984] {dagbag.py:487} INFO - Filling up the DagBag from /home/airflow/.local/lib/python3.6/site-packages/airflow/example_dags/example_skip_dag.py
[2021-06-21 19:20:14,994] {scheduler_job.py:643} INFO - DAG(s) dict_keys(['example_skip_dag']) retrieved from /home/airflow/.local/lib/python3.6/site-packages/airflow/example_dags/example_skip_dag.py
[2021-06-21 19:20:15,014] {logging_mixin.py:104} INFO - [2021-06-21 19:20:15,014] {dag.py:1832} INFO - Sync 1 DAGs
[2021-06-21 19:20:15,030] {logging_mixin.py:104} INFO - [2021-06-21 19:20:15,030] {dag.py:2305} INFO - Setting next_dagrun for example_skip_dag to 2021-06-19 00:00:00+00:00
[2021-06-21 19:20:15,041] {scheduler_job.py:190} INFO - Processing /home/airflow/.local/lib/python3.6/site-packages/airflow/example_dags/example_skip_dag.py took 0.061 seconds
[2021-06-21 19:20:45,796] {scheduler_job.py:182} INFO - Started process (PID=3061) to work on /home/airflow/.local/lib/python3.6/site-packages/airflow/example_dags/example_skip_dag.py
[2021-06-21 19:20:45,796] {scheduler_job.py:633} INFO - Processing file /home/airflow/.local/lib/python3.6/site-packages/airflow/example_dags/example_skip_dag.py for tasks to queue
[2021-06-21 19:20:45,797] {logging_mixin.py:104} INFO - [2021-06-21 19:20:45,797] {dagbag.py:487} INFO - Filling up the DagBag from /home/airflow/.local/lib/python3.6/site-packages/airflow/example_dags/example_skip_dag.py
[2021-06-21 19:20:45,806] {scheduler_job.py:643} INFO - DAG(s) dict_keys(['example_skip_dag']) retrieved from /home/airflow/.local/lib/python3.6/site-packages/airflow/example_dags/example_skip_dag.py
[2021-06-21 19:20:45,823] {logging_mixin.py:104} INFO - [2021-06-21 19:20:45,823] {dag.py:1832} INFO - Sync 1 DAGs
[2021-06-21 19:20:45,837] {logging_mixin.py:104} INFO - [2021-06-21 19:20:45,837] {dag.py:2305} INFO - Setting next_dagrun for example_skip_dag to 2021-06-19 00:00:00+00:00
[2021-06-21 19:20:45,845] {scheduler_job.py:190} INFO - Processing /home/airflow/.local/lib/python3.6/site-packages/airflow/example_dags/example_skip_dag.py took 0.052 seconds
[2021-06-21 19:21:16,286] {scheduler_job.py:182} INFO - Started process (PID=3143) to work on /home/airflow/.local/lib/python3.6/site-packages/airflow/example_dags/example_skip_dag.py
[2021-06-21 19:21:16,287] {scheduler_job.py:633} INFO - Processing file /home/airflow/.local/lib/python3.6/site-packages/airflow/example_dags/example_skip_dag.py for tasks to queue
[2021-06-21 19:21:16,287] {logging_mixin.py:104} INFO - [2021-06-21 19:21:16,287] {dagbag.py:487} INFO - Filling up the DagBag from /home/airflow/.local/lib/python3.6/site-packages/airflow/example_dags/example_skip_dag.py
[2021-06-21 19:21:16,296] {scheduler_job.py:643} INFO - DAG(s) dict_keys(['example_skip_dag']) retrieved from /home/airflow/.local/lib/python3.6/site-packages/airflow/example_dags/example_skip_dag.py
[2021-06-21 19:21:16,313] {logging_mixin.py:104} INFO - [2021-06-21 19:21:16,313] {dag.py:1832} INFO - Sync 1 DAGs
[2021-06-21 19:21:16,326] {logging_mixin.py:104} INFO - [2021-06-21 19:21:16,326] {dag.py:2305} INFO - Setting next_dagrun for example_skip_dag to 2021-06-19 00:00:00+00:00
[2021-06-21 19:21:16,333] {scheduler_job.py:190} INFO - Processing /home/airflow/.local/lib/python3.6/site-packages/airflow/example_dags/example_skip_dag.py took 0.050 seconds
[2021-06-21 19:21:46,933] {scheduler_job.py:182} INFO - Started process (PID=3208) to work on /home/airflow/.local/lib/python3.6/site-packages/airflow/example_dags/example_skip_dag.py
[2021-06-21 19:21:46,934] {scheduler_job.py:633} INFO - Processing file /home/airflow/.local/lib/python3.6/site-packages/airflow/example_dags/example_skip_dag.py for tasks to queue
[2021-06-21 19:21:46,935] {logging_mixin.py:104} INFO - [2021-06-21 19:21:46,934] {dagbag.py:487} INFO - Filling up the DagBag from /home/airflow/.local/lib/python3.6/site-packages/airflow/example_dags/example_skip_dag.py
[2021-06-21 19:21:46,948] {scheduler_job.py:643} INFO - DAG(s) dict_keys(['example_skip_dag']) retrieved from /home/airflow/.local/lib/python3.6/site-packages/airflow/example_dags/example_skip_dag.py
[2021-06-21 19:21:46,980] {logging_mixin.py:104} INFO - [2021-06-21 19:21:46,980] {dag.py:1832} INFO - Sync 1 DAGs
[2021-06-21 19:21:46,995] {logging_mixin.py:104} INFO - [2021-06-21 19:21:46,995] {dag.py:2305} INFO - Setting next_dagrun for example_skip_dag to 2021-06-19 00:00:00+00:00
[2021-06-21 19:21:47,004] {scheduler_job.py:190} INFO - Processing /home/airflow/.local/lib/python3.6/site-packages/airflow/example_dags/example_skip_dag.py took 0.074 seconds
[2021-06-21 19:22:17,508] {scheduler_job.py:182} INFO - Started process (PID=3289) to work on /home/airflow/.local/lib/python3.6/site-packages/airflow/example_dags/example_skip_dag.py
[2021-06-21 19:22:17,510] {scheduler_job.py:633} INFO - Processing file /home/airflow/.local/lib/python3.6/site-packages/airflow/example_dags/example_skip_dag.py for tasks to queue
[2021-06-21 19:22:17,510] {logging_mixin.py:104} INFO - [2021-06-21 19:22:17,510] {dagbag.py:487} INFO - Filling up the DagBag from /home/airflow/.local/lib/python3.6/site-packages/airflow/example_dags/example_skip_dag.py
[2021-06-21 19:22:17,518] {scheduler_job.py:643} INFO - DAG(s) dict_keys(['example_skip_dag']) retrieved from /home/airflow/.local/lib/python3.6/site-packages/airflow/example_dags/example_skip_dag.py
[2021-06-21 19:22:17,535] {logging_mixin.py:104} INFO - [2021-06-21 19:22:17,535] {dag.py:1832} INFO - Sync 1 DAGs
[2021-06-21 19:22:17,547] {logging_mixin.py:104} INFO - [2021-06-21 19:22:17,547] {dag.py:2305} INFO - Setting next_dagrun for example_skip_dag to 2021-06-19 00:00:00+00:00
[2021-06-21 19:22:17,555] {scheduler_job.py:190} INFO - Processing /home/airflow/.local/lib/python3.6/site-packages/airflow/example_dags/example_skip_dag.py took 0.049 seconds
[2021-06-21 19:22:47,828] {scheduler_job.py:182} INFO - Started process (PID=3355) to work on /home/airflow/.local/lib/python3.6/site-packages/airflow/example_dags/example_skip_dag.py
[2021-06-21 19:22:47,828] {scheduler_job.py:633} INFO - Processing file /home/airflow/.local/lib/python3.6/site-packages/airflow/example_dags/example_skip_dag.py for tasks to queue
[2021-06-21 19:22:47,829] {logging_mixin.py:104} INFO - [2021-06-21 19:22:47,829] {dagbag.py:487} INFO - Filling up the DagBag from /home/airflow/.local/lib/python3.6/site-packages/airflow/example_dags/example_skip_dag.py
[2021-06-21 19:22:47,837] {scheduler_job.py:643} INFO - DAG(s) dict_keys(['example_skip_dag']) retrieved from /home/airflow/.local/lib/python3.6/site-packages/airflow/example_dags/example_skip_dag.py
[2021-06-21 19:22:47,853] {logging_mixin.py:104} INFO - [2021-06-21 19:22:47,853] {dag.py:1832} INFO - Sync 1 DAGs
[2021-06-21 19:22:47,864] {logging_mixin.py:104} INFO - [2021-06-21 19:22:47,864] {dag.py:2305} INFO - Setting next_dagrun for example_skip_dag to 2021-06-19 00:00:00+00:00
[2021-06-21 19:22:47,890] {scheduler_job.py:190} INFO - Processing /home/airflow/.local/lib/python3.6/site-packages/airflow/example_dags/example_skip_dag.py took 0.064 seconds
[2021-06-21 19:23:18,183] {scheduler_job.py:182} INFO - Started process (PID=3436) to work on /home/airflow/.local/lib/python3.6/site-packages/airflow/example_dags/example_skip_dag.py
[2021-06-21 19:23:18,184] {scheduler_job.py:633} INFO - Processing file /home/airflow/.local/lib/python3.6/site-packages/airflow/example_dags/example_skip_dag.py for tasks to queue
[2021-06-21 19:23:18,184] {logging_mixin.py:104} INFO - [2021-06-21 19:23:18,184] {dagbag.py:487} INFO - Filling up the DagBag from /home/airflow/.local/lib/python3.6/site-packages/airflow/example_dags/example_skip_dag.py
[2021-06-21 19:23:18,198] {scheduler_job.py:643} INFO - DAG(s) dict_keys(['example_skip_dag']) retrieved from /home/airflow/.local/lib/python3.6/site-packages/airflow/example_dags/example_skip_dag.py
[2021-06-21 19:23:18,224] {logging_mixin.py:104} INFO - [2021-06-21 19:23:18,224] {dag.py:1832} INFO - Sync 1 DAGs
[2021-06-21 19:23:18,246] {logging_mixin.py:104} INFO - [2021-06-21 19:23:18,246] {dag.py:2305} INFO - Setting next_dagrun for example_skip_dag to 2021-06-19 00:00:00+00:00
[2021-06-21 19:23:18,304] {scheduler_job.py:190} INFO - Processing /home/airflow/.local/lib/python3.6/site-packages/airflow/example_dags/example_skip_dag.py took 0.124 seconds
