[2021-06-21 19:00:21,300] {scheduler_job.py:182} INFO - Started process (PID=98) to work on /home/airflow/.local/lib/python3.6/site-packages/airflow/example_dags/example_short_circuit_operator.py
[2021-06-21 19:00:21,301] {scheduler_job.py:633} INFO - Processing file /home/airflow/.local/lib/python3.6/site-packages/airflow/example_dags/example_short_circuit_operator.py for tasks to queue
[2021-06-21 19:00:21,301] {logging_mixin.py:104} INFO - [2021-06-21 19:00:21,301] {dagbag.py:487} INFO - Filling up the DagBag from /home/airflow/.local/lib/python3.6/site-packages/airflow/example_dags/example_short_circuit_operator.py
[2021-06-21 19:00:21,314] {scheduler_job.py:643} INFO - DAG(s) dict_keys(['example_short_circuit_operator']) retrieved from /home/airflow/.local/lib/python3.6/site-packages/airflow/example_dags/example_short_circuit_operator.py
[2021-06-21 19:00:23,865] {logging_mixin.py:104} INFO - [2021-06-21 19:00:23,863] {dag.py:1832} INFO - Sync 1 DAGs
[2021-06-21 19:00:23,882] {logging_mixin.py:104} INFO - [2021-06-21 19:00:23,880] {dag.py:1851} INFO - Creating ORM DAG for example_short_circuit_operator
[2021-06-21 19:00:23,888] {logging_mixin.py:104} INFO - [2021-06-21 19:00:23,888] {dag.py:2305} INFO - Setting next_dagrun for example_short_circuit_operator to 2021-06-19 00:00:00+00:00
[2021-06-21 19:00:23,903] {scheduler_job.py:190} INFO - Processing /home/airflow/.local/lib/python3.6/site-packages/airflow/example_dags/example_short_circuit_operator.py took 2.606 seconds
[2021-06-21 19:00:54,395] {scheduler_job.py:182} INFO - Started process (PID=193) to work on /home/airflow/.local/lib/python3.6/site-packages/airflow/example_dags/example_short_circuit_operator.py
[2021-06-21 19:00:54,396] {scheduler_job.py:633} INFO - Processing file /home/airflow/.local/lib/python3.6/site-packages/airflow/example_dags/example_short_circuit_operator.py for tasks to queue
[2021-06-21 19:00:54,397] {logging_mixin.py:104} INFO - [2021-06-21 19:00:54,397] {dagbag.py:487} INFO - Filling up the DagBag from /home/airflow/.local/lib/python3.6/site-packages/airflow/example_dags/example_short_circuit_operator.py
[2021-06-21 19:00:54,418] {scheduler_job.py:643} INFO - DAG(s) dict_keys(['example_short_circuit_operator']) retrieved from /home/airflow/.local/lib/python3.6/site-packages/airflow/example_dags/example_short_circuit_operator.py
[2021-06-21 19:00:54,441] {logging_mixin.py:104} INFO - [2021-06-21 19:00:54,441] {dag.py:1832} INFO - Sync 1 DAGs
[2021-06-21 19:00:54,464] {logging_mixin.py:104} INFO - [2021-06-21 19:00:54,464] {dag.py:2305} INFO - Setting next_dagrun for example_short_circuit_operator to 2021-06-19 00:00:00+00:00
[2021-06-21 19:00:54,476] {scheduler_job.py:190} INFO - Processing /home/airflow/.local/lib/python3.6/site-packages/airflow/example_dags/example_short_circuit_operator.py took 0.086 seconds
[2021-06-21 19:01:24,590] {scheduler_job.py:182} INFO - Started process (PID=257) to work on /home/airflow/.local/lib/python3.6/site-packages/airflow/example_dags/example_short_circuit_operator.py
[2021-06-21 19:01:24,591] {scheduler_job.py:633} INFO - Processing file /home/airflow/.local/lib/python3.6/site-packages/airflow/example_dags/example_short_circuit_operator.py for tasks to queue
[2021-06-21 19:01:24,591] {logging_mixin.py:104} INFO - [2021-06-21 19:01:24,591] {dagbag.py:487} INFO - Filling up the DagBag from /home/airflow/.local/lib/python3.6/site-packages/airflow/example_dags/example_short_circuit_operator.py
[2021-06-21 19:01:24,605] {scheduler_job.py:643} INFO - DAG(s) dict_keys(['example_short_circuit_operator']) retrieved from /home/airflow/.local/lib/python3.6/site-packages/airflow/example_dags/example_short_circuit_operator.py
[2021-06-21 19:01:24,623] {logging_mixin.py:104} INFO - [2021-06-21 19:01:24,623] {dag.py:1832} INFO - Sync 1 DAGs
[2021-06-21 19:01:24,636] {logging_mixin.py:104} INFO - [2021-06-21 19:01:24,635] {dag.py:2305} INFO - Setting next_dagrun for example_short_circuit_operator to 2021-06-19 00:00:00+00:00
[2021-06-21 19:01:24,643] {scheduler_job.py:190} INFO - Processing /home/airflow/.local/lib/python3.6/site-packages/airflow/example_dags/example_short_circuit_operator.py took 0.056 seconds
[2021-06-21 19:01:54,677] {scheduler_job.py:182} INFO - Started process (PID=337) to work on /home/airflow/.local/lib/python3.6/site-packages/airflow/example_dags/example_short_circuit_operator.py
[2021-06-21 19:01:54,678] {scheduler_job.py:633} INFO - Processing file /home/airflow/.local/lib/python3.6/site-packages/airflow/example_dags/example_short_circuit_operator.py for tasks to queue
[2021-06-21 19:01:54,678] {logging_mixin.py:104} INFO - [2021-06-21 19:01:54,678] {dagbag.py:487} INFO - Filling up the DagBag from /home/airflow/.local/lib/python3.6/site-packages/airflow/example_dags/example_short_circuit_operator.py
[2021-06-21 19:01:54,688] {scheduler_job.py:643} INFO - DAG(s) dict_keys(['example_short_circuit_operator']) retrieved from /home/airflow/.local/lib/python3.6/site-packages/airflow/example_dags/example_short_circuit_operator.py
[2021-06-21 19:01:54,703] {logging_mixin.py:104} INFO - [2021-06-21 19:01:54,703] {dag.py:1832} INFO - Sync 1 DAGs
[2021-06-21 19:01:54,715] {logging_mixin.py:104} INFO - [2021-06-21 19:01:54,715] {dag.py:2305} INFO - Setting next_dagrun for example_short_circuit_operator to 2021-06-19 00:00:00+00:00
[2021-06-21 19:01:54,738] {scheduler_job.py:190} INFO - Processing /home/airflow/.local/lib/python3.6/site-packages/airflow/example_dags/example_short_circuit_operator.py took 0.063 seconds
[2021-06-21 19:02:24,803] {scheduler_job.py:182} INFO - Started process (PID=401) to work on /home/airflow/.local/lib/python3.6/site-packages/airflow/example_dags/example_short_circuit_operator.py
[2021-06-21 19:02:24,806] {scheduler_job.py:633} INFO - Processing file /home/airflow/.local/lib/python3.6/site-packages/airflow/example_dags/example_short_circuit_operator.py for tasks to queue
[2021-06-21 19:02:24,808] {logging_mixin.py:104} INFO - [2021-06-21 19:02:24,807] {dagbag.py:487} INFO - Filling up the DagBag from /home/airflow/.local/lib/python3.6/site-packages/airflow/example_dags/example_short_circuit_operator.py
[2021-06-21 19:02:24,832] {scheduler_job.py:643} INFO - DAG(s) dict_keys(['example_short_circuit_operator']) retrieved from /home/airflow/.local/lib/python3.6/site-packages/airflow/example_dags/example_short_circuit_operator.py
[2021-06-21 19:02:24,851] {logging_mixin.py:104} INFO - [2021-06-21 19:02:24,851] {dag.py:1832} INFO - Sync 1 DAGs
[2021-06-21 19:02:24,864] {logging_mixin.py:104} INFO - [2021-06-21 19:02:24,864] {dag.py:2305} INFO - Setting next_dagrun for example_short_circuit_operator to 2021-06-19 00:00:00+00:00
[2021-06-21 19:02:24,896] {scheduler_job.py:190} INFO - Processing /home/airflow/.local/lib/python3.6/site-packages/airflow/example_dags/example_short_circuit_operator.py took 0.101 seconds
[2021-06-21 19:02:55,354] {scheduler_job.py:182} INFO - Started process (PID=484) to work on /home/airflow/.local/lib/python3.6/site-packages/airflow/example_dags/example_short_circuit_operator.py
[2021-06-21 19:02:55,357] {scheduler_job.py:633} INFO - Processing file /home/airflow/.local/lib/python3.6/site-packages/airflow/example_dags/example_short_circuit_operator.py for tasks to queue
[2021-06-21 19:02:55,359] {logging_mixin.py:104} INFO - [2021-06-21 19:02:55,359] {dagbag.py:487} INFO - Filling up the DagBag from /home/airflow/.local/lib/python3.6/site-packages/airflow/example_dags/example_short_circuit_operator.py
[2021-06-21 19:02:55,395] {scheduler_job.py:643} INFO - DAG(s) dict_keys(['example_short_circuit_operator']) retrieved from /home/airflow/.local/lib/python3.6/site-packages/airflow/example_dags/example_short_circuit_operator.py
[2021-06-21 19:02:55,427] {logging_mixin.py:104} INFO - [2021-06-21 19:02:55,427] {dag.py:1832} INFO - Sync 1 DAGs
[2021-06-21 19:02:55,444] {logging_mixin.py:104} INFO - [2021-06-21 19:02:55,443] {dag.py:2305} INFO - Setting next_dagrun for example_short_circuit_operator to 2021-06-19 00:00:00+00:00
[2021-06-21 19:02:55,481] {scheduler_job.py:190} INFO - Processing /home/airflow/.local/lib/python3.6/site-packages/airflow/example_dags/example_short_circuit_operator.py took 0.136 seconds
[2021-06-21 19:03:25,523] {scheduler_job.py:182} INFO - Started process (PID=547) to work on /home/airflow/.local/lib/python3.6/site-packages/airflow/example_dags/example_short_circuit_operator.py
[2021-06-21 19:03:25,524] {scheduler_job.py:633} INFO - Processing file /home/airflow/.local/lib/python3.6/site-packages/airflow/example_dags/example_short_circuit_operator.py for tasks to queue
[2021-06-21 19:03:25,525] {logging_mixin.py:104} INFO - [2021-06-21 19:03:25,525] {dagbag.py:487} INFO - Filling up the DagBag from /home/airflow/.local/lib/python3.6/site-packages/airflow/example_dags/example_short_circuit_operator.py
[2021-06-21 19:03:25,543] {scheduler_job.py:643} INFO - DAG(s) dict_keys(['example_short_circuit_operator']) retrieved from /home/airflow/.local/lib/python3.6/site-packages/airflow/example_dags/example_short_circuit_operator.py
[2021-06-21 19:03:25,568] {logging_mixin.py:104} INFO - [2021-06-21 19:03:25,568] {dag.py:1832} INFO - Sync 1 DAGs
[2021-06-21 19:03:25,585] {logging_mixin.py:104} INFO - [2021-06-21 19:03:25,584] {dag.py:2305} INFO - Setting next_dagrun for example_short_circuit_operator to 2021-06-19 00:00:00+00:00
[2021-06-21 19:03:25,626] {scheduler_job.py:190} INFO - Processing /home/airflow/.local/lib/python3.6/site-packages/airflow/example_dags/example_short_circuit_operator.py took 0.106 seconds
[2021-06-21 19:03:56,566] {scheduler_job.py:182} INFO - Started process (PID=628) to work on /home/airflow/.local/lib/python3.6/site-packages/airflow/example_dags/example_short_circuit_operator.py
[2021-06-21 19:03:56,570] {scheduler_job.py:633} INFO - Processing file /home/airflow/.local/lib/python3.6/site-packages/airflow/example_dags/example_short_circuit_operator.py for tasks to queue
[2021-06-21 19:03:56,571] {logging_mixin.py:104} INFO - [2021-06-21 19:03:56,571] {dagbag.py:487} INFO - Filling up the DagBag from /home/airflow/.local/lib/python3.6/site-packages/airflow/example_dags/example_short_circuit_operator.py
[2021-06-21 19:03:56,590] {scheduler_job.py:643} INFO - DAG(s) dict_keys(['example_short_circuit_operator']) retrieved from /home/airflow/.local/lib/python3.6/site-packages/airflow/example_dags/example_short_circuit_operator.py
[2021-06-21 19:03:56,607] {logging_mixin.py:104} INFO - [2021-06-21 19:03:56,607] {dag.py:1832} INFO - Sync 1 DAGs
[2021-06-21 19:03:56,620] {logging_mixin.py:104} INFO - [2021-06-21 19:03:56,620] {dag.py:2305} INFO - Setting next_dagrun for example_short_circuit_operator to 2021-06-19 00:00:00+00:00
[2021-06-21 19:03:56,649] {scheduler_job.py:190} INFO - Processing /home/airflow/.local/lib/python3.6/site-packages/airflow/example_dags/example_short_circuit_operator.py took 0.091 seconds
[2021-06-21 19:04:26,876] {scheduler_job.py:182} INFO - Started process (PID=692) to work on /home/airflow/.local/lib/python3.6/site-packages/airflow/example_dags/example_short_circuit_operator.py
[2021-06-21 19:04:26,876] {scheduler_job.py:633} INFO - Processing file /home/airflow/.local/lib/python3.6/site-packages/airflow/example_dags/example_short_circuit_operator.py for tasks to queue
[2021-06-21 19:04:26,877] {logging_mixin.py:104} INFO - [2021-06-21 19:04:26,877] {dagbag.py:487} INFO - Filling up the DagBag from /home/airflow/.local/lib/python3.6/site-packages/airflow/example_dags/example_short_circuit_operator.py
[2021-06-21 19:04:26,887] {scheduler_job.py:643} INFO - DAG(s) dict_keys(['example_short_circuit_operator']) retrieved from /home/airflow/.local/lib/python3.6/site-packages/airflow/example_dags/example_short_circuit_operator.py
[2021-06-21 19:04:26,903] {logging_mixin.py:104} INFO - [2021-06-21 19:04:26,903] {dag.py:1832} INFO - Sync 1 DAGs
[2021-06-21 19:04:26,916] {logging_mixin.py:104} INFO - [2021-06-21 19:04:26,916] {dag.py:2305} INFO - Setting next_dagrun for example_short_circuit_operator to 2021-06-19 00:00:00+00:00
[2021-06-21 19:04:26,923] {scheduler_job.py:190} INFO - Processing /home/airflow/.local/lib/python3.6/site-packages/airflow/example_dags/example_short_circuit_operator.py took 0.050 seconds
[2021-06-21 19:04:56,956] {scheduler_job.py:182} INFO - Started process (PID=771) to work on /home/airflow/.local/lib/python3.6/site-packages/airflow/example_dags/example_short_circuit_operator.py
[2021-06-21 19:04:56,957] {scheduler_job.py:633} INFO - Processing file /home/airflow/.local/lib/python3.6/site-packages/airflow/example_dags/example_short_circuit_operator.py for tasks to queue
[2021-06-21 19:04:56,958] {logging_mixin.py:104} INFO - [2021-06-21 19:04:56,957] {dagbag.py:487} INFO - Filling up the DagBag from /home/airflow/.local/lib/python3.6/site-packages/airflow/example_dags/example_short_circuit_operator.py
[2021-06-21 19:04:56,969] {scheduler_job.py:643} INFO - DAG(s) dict_keys(['example_short_circuit_operator']) retrieved from /home/airflow/.local/lib/python3.6/site-packages/airflow/example_dags/example_short_circuit_operator.py
[2021-06-21 19:04:56,988] {logging_mixin.py:104} INFO - [2021-06-21 19:04:56,988] {dag.py:1832} INFO - Sync 1 DAGs
[2021-06-21 19:04:57,002] {logging_mixin.py:104} INFO - [2021-06-21 19:04:57,002] {dag.py:2305} INFO - Setting next_dagrun for example_short_circuit_operator to 2021-06-19 00:00:00+00:00
[2021-06-21 19:04:57,010] {scheduler_job.py:190} INFO - Processing /home/airflow/.local/lib/python3.6/site-packages/airflow/example_dags/example_short_circuit_operator.py took 0.057 seconds
[2021-06-21 19:05:27,815] {scheduler_job.py:182} INFO - Started process (PID=844) to work on /home/airflow/.local/lib/python3.6/site-packages/airflow/example_dags/example_short_circuit_operator.py
[2021-06-21 19:05:27,816] {scheduler_job.py:633} INFO - Processing file /home/airflow/.local/lib/python3.6/site-packages/airflow/example_dags/example_short_circuit_operator.py for tasks to queue
[2021-06-21 19:05:27,816] {logging_mixin.py:104} INFO - [2021-06-21 19:05:27,816] {dagbag.py:487} INFO - Filling up the DagBag from /home/airflow/.local/lib/python3.6/site-packages/airflow/example_dags/example_short_circuit_operator.py
[2021-06-21 19:05:27,826] {scheduler_job.py:643} INFO - DAG(s) dict_keys(['example_short_circuit_operator']) retrieved from /home/airflow/.local/lib/python3.6/site-packages/airflow/example_dags/example_short_circuit_operator.py
[2021-06-21 19:05:27,842] {logging_mixin.py:104} INFO - [2021-06-21 19:05:27,842] {dag.py:1832} INFO - Sync 1 DAGs
[2021-06-21 19:05:27,854] {logging_mixin.py:104} INFO - [2021-06-21 19:05:27,854] {dag.py:2305} INFO - Setting next_dagrun for example_short_circuit_operator to 2021-06-19 00:00:00+00:00
[2021-06-21 19:05:27,861] {scheduler_job.py:190} INFO - Processing /home/airflow/.local/lib/python3.6/site-packages/airflow/example_dags/example_short_circuit_operator.py took 0.049 seconds
[2021-06-21 19:05:58,154] {scheduler_job.py:182} INFO - Started process (PID=917) to work on /home/airflow/.local/lib/python3.6/site-packages/airflow/example_dags/example_short_circuit_operator.py
[2021-06-21 19:05:58,155] {scheduler_job.py:633} INFO - Processing file /home/airflow/.local/lib/python3.6/site-packages/airflow/example_dags/example_short_circuit_operator.py for tasks to queue
[2021-06-21 19:05:58,155] {logging_mixin.py:104} INFO - [2021-06-21 19:05:58,155] {dagbag.py:487} INFO - Filling up the DagBag from /home/airflow/.local/lib/python3.6/site-packages/airflow/example_dags/example_short_circuit_operator.py
[2021-06-21 19:05:58,165] {scheduler_job.py:643} INFO - DAG(s) dict_keys(['example_short_circuit_operator']) retrieved from /home/airflow/.local/lib/python3.6/site-packages/airflow/example_dags/example_short_circuit_operator.py
[2021-06-21 19:05:58,181] {logging_mixin.py:104} INFO - [2021-06-21 19:05:58,181] {dag.py:1832} INFO - Sync 1 DAGs
[2021-06-21 19:05:58,196] {logging_mixin.py:104} INFO - [2021-06-21 19:05:58,195] {dag.py:2305} INFO - Setting next_dagrun for example_short_circuit_operator to 2021-06-19 00:00:00+00:00
[2021-06-21 19:05:58,203] {scheduler_job.py:190} INFO - Processing /home/airflow/.local/lib/python3.6/site-packages/airflow/example_dags/example_short_circuit_operator.py took 0.052 seconds
[2021-06-21 19:06:28,485] {scheduler_job.py:182} INFO - Started process (PID=997) to work on /home/airflow/.local/lib/python3.6/site-packages/airflow/example_dags/example_short_circuit_operator.py
[2021-06-21 19:06:28,489] {scheduler_job.py:633} INFO - Processing file /home/airflow/.local/lib/python3.6/site-packages/airflow/example_dags/example_short_circuit_operator.py for tasks to queue
[2021-06-21 19:06:28,491] {logging_mixin.py:104} INFO - [2021-06-21 19:06:28,490] {dagbag.py:487} INFO - Filling up the DagBag from /home/airflow/.local/lib/python3.6/site-packages/airflow/example_dags/example_short_circuit_operator.py
[2021-06-21 19:06:28,514] {scheduler_job.py:643} INFO - DAG(s) dict_keys(['example_short_circuit_operator']) retrieved from /home/airflow/.local/lib/python3.6/site-packages/airflow/example_dags/example_short_circuit_operator.py
[2021-06-21 19:06:28,533] {logging_mixin.py:104} INFO - [2021-06-21 19:06:28,533] {dag.py:1832} INFO - Sync 1 DAGs
[2021-06-21 19:06:28,546] {logging_mixin.py:104} INFO - [2021-06-21 19:06:28,545] {dag.py:2305} INFO - Setting next_dagrun for example_short_circuit_operator to 2021-06-19 00:00:00+00:00
[2021-06-21 19:06:28,553] {scheduler_job.py:190} INFO - Processing /home/airflow/.local/lib/python3.6/site-packages/airflow/example_dags/example_short_circuit_operator.py took 0.076 seconds
[2021-06-21 19:06:58,608] {scheduler_job.py:182} INFO - Started process (PID=1061) to work on /home/airflow/.local/lib/python3.6/site-packages/airflow/example_dags/example_short_circuit_operator.py
[2021-06-21 19:06:58,609] {scheduler_job.py:633} INFO - Processing file /home/airflow/.local/lib/python3.6/site-packages/airflow/example_dags/example_short_circuit_operator.py for tasks to queue
[2021-06-21 19:06:58,610] {logging_mixin.py:104} INFO - [2021-06-21 19:06:58,610] {dagbag.py:487} INFO - Filling up the DagBag from /home/airflow/.local/lib/python3.6/site-packages/airflow/example_dags/example_short_circuit_operator.py
[2021-06-21 19:06:58,622] {scheduler_job.py:643} INFO - DAG(s) dict_keys(['example_short_circuit_operator']) retrieved from /home/airflow/.local/lib/python3.6/site-packages/airflow/example_dags/example_short_circuit_operator.py
[2021-06-21 19:06:58,639] {logging_mixin.py:104} INFO - [2021-06-21 19:06:58,639] {dag.py:1832} INFO - Sync 1 DAGs
[2021-06-21 19:06:58,652] {logging_mixin.py:104} INFO - [2021-06-21 19:06:58,652] {dag.py:2305} INFO - Setting next_dagrun for example_short_circuit_operator to 2021-06-19 00:00:00+00:00
[2021-06-21 19:06:58,660] {scheduler_job.py:190} INFO - Processing /home/airflow/.local/lib/python3.6/site-packages/airflow/example_dags/example_short_circuit_operator.py took 0.055 seconds
[2021-06-21 19:07:28,988] {scheduler_job.py:182} INFO - Started process (PID=1141) to work on /home/airflow/.local/lib/python3.6/site-packages/airflow/example_dags/example_short_circuit_operator.py
[2021-06-21 19:07:28,991] {scheduler_job.py:633} INFO - Processing file /home/airflow/.local/lib/python3.6/site-packages/airflow/example_dags/example_short_circuit_operator.py for tasks to queue
[2021-06-21 19:07:28,993] {logging_mixin.py:104} INFO - [2021-06-21 19:07:28,992] {dagbag.py:487} INFO - Filling up the DagBag from /home/airflow/.local/lib/python3.6/site-packages/airflow/example_dags/example_short_circuit_operator.py
[2021-06-21 19:07:29,017] {scheduler_job.py:643} INFO - DAG(s) dict_keys(['example_short_circuit_operator']) retrieved from /home/airflow/.local/lib/python3.6/site-packages/airflow/example_dags/example_short_circuit_operator.py
[2021-06-21 19:07:29,037] {logging_mixin.py:104} INFO - [2021-06-21 19:07:29,037] {dag.py:1832} INFO - Sync 1 DAGs
[2021-06-21 19:07:29,050] {logging_mixin.py:104} INFO - [2021-06-21 19:07:29,050] {dag.py:2305} INFO - Setting next_dagrun for example_short_circuit_operator to 2021-06-19 00:00:00+00:00
[2021-06-21 19:07:29,059] {scheduler_job.py:190} INFO - Processing /home/airflow/.local/lib/python3.6/site-packages/airflow/example_dags/example_short_circuit_operator.py took 0.078 seconds
[2021-06-21 19:07:59,273] {scheduler_job.py:182} INFO - Started process (PID=1206) to work on /home/airflow/.local/lib/python3.6/site-packages/airflow/example_dags/example_short_circuit_operator.py
[2021-06-21 19:07:59,273] {scheduler_job.py:633} INFO - Processing file /home/airflow/.local/lib/python3.6/site-packages/airflow/example_dags/example_short_circuit_operator.py for tasks to queue
[2021-06-21 19:07:59,274] {logging_mixin.py:104} INFO - [2021-06-21 19:07:59,274] {dagbag.py:487} INFO - Filling up the DagBag from /home/airflow/.local/lib/python3.6/site-packages/airflow/example_dags/example_short_circuit_operator.py
[2021-06-21 19:07:59,283] {scheduler_job.py:643} INFO - DAG(s) dict_keys(['example_short_circuit_operator']) retrieved from /home/airflow/.local/lib/python3.6/site-packages/airflow/example_dags/example_short_circuit_operator.py
[2021-06-21 19:07:59,303] {logging_mixin.py:104} INFO - [2021-06-21 19:07:59,303] {dag.py:1832} INFO - Sync 1 DAGs
[2021-06-21 19:07:59,318] {logging_mixin.py:104} INFO - [2021-06-21 19:07:59,318] {dag.py:2305} INFO - Setting next_dagrun for example_short_circuit_operator to 2021-06-19 00:00:00+00:00
[2021-06-21 19:07:59,346] {scheduler_job.py:190} INFO - Processing /home/airflow/.local/lib/python3.6/site-packages/airflow/example_dags/example_short_circuit_operator.py took 0.076 seconds
[2021-06-21 19:08:29,774] {scheduler_job.py:182} INFO - Started process (PID=1287) to work on /home/airflow/.local/lib/python3.6/site-packages/airflow/example_dags/example_short_circuit_operator.py
[2021-06-21 19:08:29,776] {scheduler_job.py:633} INFO - Processing file /home/airflow/.local/lib/python3.6/site-packages/airflow/example_dags/example_short_circuit_operator.py for tasks to queue
[2021-06-21 19:08:29,778] {logging_mixin.py:104} INFO - [2021-06-21 19:08:29,778] {dagbag.py:487} INFO - Filling up the DagBag from /home/airflow/.local/lib/python3.6/site-packages/airflow/example_dags/example_short_circuit_operator.py
[2021-06-21 19:08:29,803] {scheduler_job.py:643} INFO - DAG(s) dict_keys(['example_short_circuit_operator']) retrieved from /home/airflow/.local/lib/python3.6/site-packages/airflow/example_dags/example_short_circuit_operator.py
[2021-06-21 19:08:29,822] {logging_mixin.py:104} INFO - [2021-06-21 19:08:29,822] {dag.py:1832} INFO - Sync 1 DAGs
[2021-06-21 19:08:29,835] {logging_mixin.py:104} INFO - [2021-06-21 19:08:29,835] {dag.py:2305} INFO - Setting next_dagrun for example_short_circuit_operator to 2021-06-19 00:00:00+00:00
[2021-06-21 19:08:29,843] {scheduler_job.py:190} INFO - Processing /home/airflow/.local/lib/python3.6/site-packages/airflow/example_dags/example_short_circuit_operator.py took 0.077 seconds
[2021-06-21 19:09:00,402] {scheduler_job.py:182} INFO - Started process (PID=1354) to work on /home/airflow/.local/lib/python3.6/site-packages/airflow/example_dags/example_short_circuit_operator.py
[2021-06-21 19:09:00,403] {scheduler_job.py:633} INFO - Processing file /home/airflow/.local/lib/python3.6/site-packages/airflow/example_dags/example_short_circuit_operator.py for tasks to queue
[2021-06-21 19:09:00,404] {logging_mixin.py:104} INFO - [2021-06-21 19:09:00,404] {dagbag.py:487} INFO - Filling up the DagBag from /home/airflow/.local/lib/python3.6/site-packages/airflow/example_dags/example_short_circuit_operator.py
[2021-06-21 19:09:00,415] {scheduler_job.py:643} INFO - DAG(s) dict_keys(['example_short_circuit_operator']) retrieved from /home/airflow/.local/lib/python3.6/site-packages/airflow/example_dags/example_short_circuit_operator.py
[2021-06-21 19:09:00,446] {logging_mixin.py:104} INFO - [2021-06-21 19:09:00,446] {dag.py:1832} INFO - Sync 1 DAGs
[2021-06-21 19:09:00,465] {logging_mixin.py:104} INFO - [2021-06-21 19:09:00,464] {dag.py:2305} INFO - Setting next_dagrun for example_short_circuit_operator to 2021-06-19 00:00:00+00:00
[2021-06-21 19:09:00,473] {scheduler_job.py:190} INFO - Processing /home/airflow/.local/lib/python3.6/site-packages/airflow/example_dags/example_short_circuit_operator.py took 0.074 seconds
[2021-06-21 19:09:30,782] {scheduler_job.py:182} INFO - Started process (PID=1435) to work on /home/airflow/.local/lib/python3.6/site-packages/airflow/example_dags/example_short_circuit_operator.py
[2021-06-21 19:09:30,784] {scheduler_job.py:633} INFO - Processing file /home/airflow/.local/lib/python3.6/site-packages/airflow/example_dags/example_short_circuit_operator.py for tasks to queue
[2021-06-21 19:09:30,785] {logging_mixin.py:104} INFO - [2021-06-21 19:09:30,785] {dagbag.py:487} INFO - Filling up the DagBag from /home/airflow/.local/lib/python3.6/site-packages/airflow/example_dags/example_short_circuit_operator.py
[2021-06-21 19:09:30,802] {scheduler_job.py:643} INFO - DAG(s) dict_keys(['example_short_circuit_operator']) retrieved from /home/airflow/.local/lib/python3.6/site-packages/airflow/example_dags/example_short_circuit_operator.py
[2021-06-21 19:09:30,822] {logging_mixin.py:104} INFO - [2021-06-21 19:09:30,822] {dag.py:1832} INFO - Sync 1 DAGs
[2021-06-21 19:09:30,838] {logging_mixin.py:104} INFO - [2021-06-21 19:09:30,838] {dag.py:2305} INFO - Setting next_dagrun for example_short_circuit_operator to 2021-06-19 00:00:00+00:00
[2021-06-21 19:09:30,847] {scheduler_job.py:190} INFO - Processing /home/airflow/.local/lib/python3.6/site-packages/airflow/example_dags/example_short_circuit_operator.py took 0.071 seconds
[2021-06-21 19:10:01,554] {scheduler_job.py:182} INFO - Started process (PID=1500) to work on /home/airflow/.local/lib/python3.6/site-packages/airflow/example_dags/example_short_circuit_operator.py
[2021-06-21 19:10:01,555] {scheduler_job.py:633} INFO - Processing file /home/airflow/.local/lib/python3.6/site-packages/airflow/example_dags/example_short_circuit_operator.py for tasks to queue
[2021-06-21 19:10:01,556] {logging_mixin.py:104} INFO - [2021-06-21 19:10:01,556] {dagbag.py:487} INFO - Filling up the DagBag from /home/airflow/.local/lib/python3.6/site-packages/airflow/example_dags/example_short_circuit_operator.py
[2021-06-21 19:10:01,574] {scheduler_job.py:643} INFO - DAG(s) dict_keys(['example_short_circuit_operator']) retrieved from /home/airflow/.local/lib/python3.6/site-packages/airflow/example_dags/example_short_circuit_operator.py
[2021-06-21 19:10:01,608] {logging_mixin.py:104} INFO - [2021-06-21 19:10:01,608] {dag.py:1832} INFO - Sync 1 DAGs
[2021-06-21 19:10:01,629] {logging_mixin.py:104} INFO - [2021-06-21 19:10:01,629] {dag.py:2305} INFO - Setting next_dagrun for example_short_circuit_operator to 2021-06-19 00:00:00+00:00
[2021-06-21 19:10:01,926] {scheduler_job.py:190} INFO - Processing /home/airflow/.local/lib/python3.6/site-packages/airflow/example_dags/example_short_circuit_operator.py took 0.376 seconds
[2021-06-21 19:10:31,981] {scheduler_job.py:182} INFO - Started process (PID=1582) to work on /home/airflow/.local/lib/python3.6/site-packages/airflow/example_dags/example_short_circuit_operator.py
[2021-06-21 19:10:31,982] {scheduler_job.py:633} INFO - Processing file /home/airflow/.local/lib/python3.6/site-packages/airflow/example_dags/example_short_circuit_operator.py for tasks to queue
[2021-06-21 19:10:31,983] {logging_mixin.py:104} INFO - [2021-06-21 19:10:31,983] {dagbag.py:487} INFO - Filling up the DagBag from /home/airflow/.local/lib/python3.6/site-packages/airflow/example_dags/example_short_circuit_operator.py
[2021-06-21 19:10:31,995] {scheduler_job.py:643} INFO - DAG(s) dict_keys(['example_short_circuit_operator']) retrieved from /home/airflow/.local/lib/python3.6/site-packages/airflow/example_dags/example_short_circuit_operator.py
[2021-06-21 19:10:32,014] {logging_mixin.py:104} INFO - [2021-06-21 19:10:32,014] {dag.py:1832} INFO - Sync 1 DAGs
[2021-06-21 19:10:32,030] {logging_mixin.py:104} INFO - [2021-06-21 19:10:32,030] {dag.py:2305} INFO - Setting next_dagrun for example_short_circuit_operator to 2021-06-19 00:00:00+00:00
[2021-06-21 19:10:32,059] {scheduler_job.py:190} INFO - Processing /home/airflow/.local/lib/python3.6/site-packages/airflow/example_dags/example_short_circuit_operator.py took 0.081 seconds
[2021-06-21 19:11:02,532] {scheduler_job.py:182} INFO - Started process (PID=1646) to work on /home/airflow/.local/lib/python3.6/site-packages/airflow/example_dags/example_short_circuit_operator.py
[2021-06-21 19:11:02,535] {scheduler_job.py:633} INFO - Processing file /home/airflow/.local/lib/python3.6/site-packages/airflow/example_dags/example_short_circuit_operator.py for tasks to queue
[2021-06-21 19:11:02,536] {logging_mixin.py:104} INFO - [2021-06-21 19:11:02,536] {dagbag.py:487} INFO - Filling up the DagBag from /home/airflow/.local/lib/python3.6/site-packages/airflow/example_dags/example_short_circuit_operator.py
[2021-06-21 19:11:02,551] {scheduler_job.py:643} INFO - DAG(s) dict_keys(['example_short_circuit_operator']) retrieved from /home/airflow/.local/lib/python3.6/site-packages/airflow/example_dags/example_short_circuit_operator.py
[2021-06-21 19:11:02,573] {logging_mixin.py:104} INFO - [2021-06-21 19:11:02,573] {dag.py:1832} INFO - Sync 1 DAGs
[2021-06-21 19:11:02,587] {logging_mixin.py:104} INFO - [2021-06-21 19:11:02,587] {dag.py:2305} INFO - Setting next_dagrun for example_short_circuit_operator to 2021-06-19 00:00:00+00:00
[2021-06-21 19:11:02,620] {scheduler_job.py:190} INFO - Processing /home/airflow/.local/lib/python3.6/site-packages/airflow/example_dags/example_short_circuit_operator.py took 0.097 seconds
[2021-06-21 19:11:32,802] {scheduler_job.py:182} INFO - Started process (PID=1727) to work on /home/airflow/.local/lib/python3.6/site-packages/airflow/example_dags/example_short_circuit_operator.py
[2021-06-21 19:11:32,803] {scheduler_job.py:633} INFO - Processing file /home/airflow/.local/lib/python3.6/site-packages/airflow/example_dags/example_short_circuit_operator.py for tasks to queue
[2021-06-21 19:11:32,804] {logging_mixin.py:104} INFO - [2021-06-21 19:11:32,804] {dagbag.py:487} INFO - Filling up the DagBag from /home/airflow/.local/lib/python3.6/site-packages/airflow/example_dags/example_short_circuit_operator.py
[2021-06-21 19:11:32,820] {scheduler_job.py:643} INFO - DAG(s) dict_keys(['example_short_circuit_operator']) retrieved from /home/airflow/.local/lib/python3.6/site-packages/airflow/example_dags/example_short_circuit_operator.py
[2021-06-21 19:11:32,840] {logging_mixin.py:104} INFO - [2021-06-21 19:11:32,840] {dag.py:1832} INFO - Sync 1 DAGs
[2021-06-21 19:11:32,854] {logging_mixin.py:104} INFO - [2021-06-21 19:11:32,854] {dag.py:2305} INFO - Setting next_dagrun for example_short_circuit_operator to 2021-06-19 00:00:00+00:00
[2021-06-21 19:11:32,931] {scheduler_job.py:190} INFO - Processing /home/airflow/.local/lib/python3.6/site-packages/airflow/example_dags/example_short_circuit_operator.py took 0.139 seconds
[2021-06-21 19:12:03,115] {scheduler_job.py:182} INFO - Started process (PID=1792) to work on /home/airflow/.local/lib/python3.6/site-packages/airflow/example_dags/example_short_circuit_operator.py
[2021-06-21 19:12:03,116] {scheduler_job.py:633} INFO - Processing file /home/airflow/.local/lib/python3.6/site-packages/airflow/example_dags/example_short_circuit_operator.py for tasks to queue
[2021-06-21 19:12:03,116] {logging_mixin.py:104} INFO - [2021-06-21 19:12:03,116] {dagbag.py:487} INFO - Filling up the DagBag from /home/airflow/.local/lib/python3.6/site-packages/airflow/example_dags/example_short_circuit_operator.py
[2021-06-21 19:12:03,127] {scheduler_job.py:643} INFO - DAG(s) dict_keys(['example_short_circuit_operator']) retrieved from /home/airflow/.local/lib/python3.6/site-packages/airflow/example_dags/example_short_circuit_operator.py
[2021-06-21 19:12:03,146] {logging_mixin.py:104} INFO - [2021-06-21 19:12:03,146] {dag.py:1832} INFO - Sync 1 DAGs
[2021-06-21 19:12:03,160] {logging_mixin.py:104} INFO - [2021-06-21 19:12:03,160] {dag.py:2305} INFO - Setting next_dagrun for example_short_circuit_operator to 2021-06-19 00:00:00+00:00
[2021-06-21 19:12:03,168] {scheduler_job.py:190} INFO - Processing /home/airflow/.local/lib/python3.6/site-packages/airflow/example_dags/example_short_circuit_operator.py took 0.056 seconds
[2021-06-21 19:12:33,253] {scheduler_job.py:182} INFO - Started process (PID=1872) to work on /home/airflow/.local/lib/python3.6/site-packages/airflow/example_dags/example_short_circuit_operator.py
[2021-06-21 19:12:33,254] {scheduler_job.py:633} INFO - Processing file /home/airflow/.local/lib/python3.6/site-packages/airflow/example_dags/example_short_circuit_operator.py for tasks to queue
[2021-06-21 19:12:33,255] {logging_mixin.py:104} INFO - [2021-06-21 19:12:33,255] {dagbag.py:487} INFO - Filling up the DagBag from /home/airflow/.local/lib/python3.6/site-packages/airflow/example_dags/example_short_circuit_operator.py
[2021-06-21 19:12:33,275] {scheduler_job.py:643} INFO - DAG(s) dict_keys(['example_short_circuit_operator']) retrieved from /home/airflow/.local/lib/python3.6/site-packages/airflow/example_dags/example_short_circuit_operator.py
[2021-06-21 19:12:33,322] {logging_mixin.py:104} INFO - [2021-06-21 19:12:33,322] {dag.py:1832} INFO - Sync 1 DAGs
[2021-06-21 19:12:33,348] {logging_mixin.py:104} INFO - [2021-06-21 19:12:33,348] {dag.py:2305} INFO - Setting next_dagrun for example_short_circuit_operator to 2021-06-19 00:00:00+00:00
[2021-06-21 19:12:33,363] {scheduler_job.py:190} INFO - Processing /home/airflow/.local/lib/python3.6/site-packages/airflow/example_dags/example_short_circuit_operator.py took 0.114 seconds
[2021-06-21 19:13:04,162] {scheduler_job.py:182} INFO - Started process (PID=1938) to work on /home/airflow/.local/lib/python3.6/site-packages/airflow/example_dags/example_short_circuit_operator.py
[2021-06-21 19:13:04,163] {scheduler_job.py:633} INFO - Processing file /home/airflow/.local/lib/python3.6/site-packages/airflow/example_dags/example_short_circuit_operator.py for tasks to queue
[2021-06-21 19:13:04,164] {logging_mixin.py:104} INFO - [2021-06-21 19:13:04,163] {dagbag.py:487} INFO - Filling up the DagBag from /home/airflow/.local/lib/python3.6/site-packages/airflow/example_dags/example_short_circuit_operator.py
[2021-06-21 19:13:04,178] {scheduler_job.py:643} INFO - DAG(s) dict_keys(['example_short_circuit_operator']) retrieved from /home/airflow/.local/lib/python3.6/site-packages/airflow/example_dags/example_short_circuit_operator.py
[2021-06-21 19:13:04,202] {logging_mixin.py:104} INFO - [2021-06-21 19:13:04,202] {dag.py:1832} INFO - Sync 1 DAGs
[2021-06-21 19:13:04,215] {logging_mixin.py:104} INFO - [2021-06-21 19:13:04,215] {dag.py:2305} INFO - Setting next_dagrun for example_short_circuit_operator to 2021-06-19 00:00:00+00:00
[2021-06-21 19:13:04,223] {scheduler_job.py:190} INFO - Processing /home/airflow/.local/lib/python3.6/site-packages/airflow/example_dags/example_short_circuit_operator.py took 0.064 seconds
[2021-06-21 19:13:35,057] {scheduler_job.py:182} INFO - Started process (PID=2021) to work on /home/airflow/.local/lib/python3.6/site-packages/airflow/example_dags/example_short_circuit_operator.py
[2021-06-21 19:13:35,058] {scheduler_job.py:633} INFO - Processing file /home/airflow/.local/lib/python3.6/site-packages/airflow/example_dags/example_short_circuit_operator.py for tasks to queue
[2021-06-21 19:13:35,059] {logging_mixin.py:104} INFO - [2021-06-21 19:13:35,059] {dagbag.py:487} INFO - Filling up the DagBag from /home/airflow/.local/lib/python3.6/site-packages/airflow/example_dags/example_short_circuit_operator.py
[2021-06-21 19:13:35,072] {scheduler_job.py:643} INFO - DAG(s) dict_keys(['example_short_circuit_operator']) retrieved from /home/airflow/.local/lib/python3.6/site-packages/airflow/example_dags/example_short_circuit_operator.py
[2021-06-21 19:13:35,095] {logging_mixin.py:104} INFO - [2021-06-21 19:13:35,095] {dag.py:1832} INFO - Sync 1 DAGs
[2021-06-21 19:13:35,114] {logging_mixin.py:104} INFO - [2021-06-21 19:13:35,114] {dag.py:2305} INFO - Setting next_dagrun for example_short_circuit_operator to 2021-06-19 00:00:00+00:00
[2021-06-21 19:13:35,123] {scheduler_job.py:190} INFO - Processing /home/airflow/.local/lib/python3.6/site-packages/airflow/example_dags/example_short_circuit_operator.py took 0.069 seconds
[2021-06-21 19:14:06,003] {scheduler_job.py:182} INFO - Started process (PID=2088) to work on /home/airflow/.local/lib/python3.6/site-packages/airflow/example_dags/example_short_circuit_operator.py
[2021-06-21 19:14:06,005] {scheduler_job.py:633} INFO - Processing file /home/airflow/.local/lib/python3.6/site-packages/airflow/example_dags/example_short_circuit_operator.py for tasks to queue
[2021-06-21 19:14:06,006] {logging_mixin.py:104} INFO - [2021-06-21 19:14:06,006] {dagbag.py:487} INFO - Filling up the DagBag from /home/airflow/.local/lib/python3.6/site-packages/airflow/example_dags/example_short_circuit_operator.py
[2021-06-21 19:14:06,022] {scheduler_job.py:643} INFO - DAG(s) dict_keys(['example_short_circuit_operator']) retrieved from /home/airflow/.local/lib/python3.6/site-packages/airflow/example_dags/example_short_circuit_operator.py
[2021-06-21 19:14:06,039] {logging_mixin.py:104} INFO - [2021-06-21 19:14:06,039] {dag.py:1832} INFO - Sync 1 DAGs
[2021-06-21 19:14:06,053] {logging_mixin.py:104} INFO - [2021-06-21 19:14:06,053] {dag.py:2305} INFO - Setting next_dagrun for example_short_circuit_operator to 2021-06-19 00:00:00+00:00
[2021-06-21 19:14:06,060] {scheduler_job.py:190} INFO - Processing /home/airflow/.local/lib/python3.6/site-packages/airflow/example_dags/example_short_circuit_operator.py took 0.064 seconds
[2021-06-21 19:14:36,743] {scheduler_job.py:182} INFO - Started process (PID=2168) to work on /home/airflow/.local/lib/python3.6/site-packages/airflow/example_dags/example_short_circuit_operator.py
[2021-06-21 19:14:36,743] {scheduler_job.py:633} INFO - Processing file /home/airflow/.local/lib/python3.6/site-packages/airflow/example_dags/example_short_circuit_operator.py for tasks to queue
[2021-06-21 19:14:36,744] {logging_mixin.py:104} INFO - [2021-06-21 19:14:36,744] {dagbag.py:487} INFO - Filling up the DagBag from /home/airflow/.local/lib/python3.6/site-packages/airflow/example_dags/example_short_circuit_operator.py
[2021-06-21 19:14:36,754] {scheduler_job.py:643} INFO - DAG(s) dict_keys(['example_short_circuit_operator']) retrieved from /home/airflow/.local/lib/python3.6/site-packages/airflow/example_dags/example_short_circuit_operator.py
[2021-06-21 19:14:36,773] {logging_mixin.py:104} INFO - [2021-06-21 19:14:36,773] {dag.py:1832} INFO - Sync 1 DAGs
[2021-06-21 19:14:36,794] {logging_mixin.py:104} INFO - [2021-06-21 19:14:36,794] {dag.py:2305} INFO - Setting next_dagrun for example_short_circuit_operator to 2021-06-19 00:00:00+00:00
[2021-06-21 19:14:36,803] {scheduler_job.py:190} INFO - Processing /home/airflow/.local/lib/python3.6/site-packages/airflow/example_dags/example_short_circuit_operator.py took 0.062 seconds
[2021-06-21 19:15:07,343] {scheduler_job.py:182} INFO - Started process (PID=2239) to work on /home/airflow/.local/lib/python3.6/site-packages/airflow/example_dags/example_short_circuit_operator.py
[2021-06-21 19:15:07,346] {scheduler_job.py:633} INFO - Processing file /home/airflow/.local/lib/python3.6/site-packages/airflow/example_dags/example_short_circuit_operator.py for tasks to queue
[2021-06-21 19:15:07,348] {logging_mixin.py:104} INFO - [2021-06-21 19:15:07,348] {dagbag.py:487} INFO - Filling up the DagBag from /home/airflow/.local/lib/python3.6/site-packages/airflow/example_dags/example_short_circuit_operator.py
[2021-06-21 19:15:07,380] {scheduler_job.py:643} INFO - DAG(s) dict_keys(['example_short_circuit_operator']) retrieved from /home/airflow/.local/lib/python3.6/site-packages/airflow/example_dags/example_short_circuit_operator.py
[2021-06-21 19:15:07,401] {logging_mixin.py:104} INFO - [2021-06-21 19:15:07,401] {dag.py:1832} INFO - Sync 1 DAGs
[2021-06-21 19:15:07,415] {logging_mixin.py:104} INFO - [2021-06-21 19:15:07,414] {dag.py:2305} INFO - Setting next_dagrun for example_short_circuit_operator to 2021-06-19 00:00:00+00:00
[2021-06-21 19:15:07,421] {scheduler_job.py:190} INFO - Processing /home/airflow/.local/lib/python3.6/site-packages/airflow/example_dags/example_short_circuit_operator.py took 0.088 seconds
[2021-06-21 19:15:38,298] {scheduler_job.py:182} INFO - Started process (PID=2322) to work on /home/airflow/.local/lib/python3.6/site-packages/airflow/example_dags/example_short_circuit_operator.py
[2021-06-21 19:15:38,300] {scheduler_job.py:633} INFO - Processing file /home/airflow/.local/lib/python3.6/site-packages/airflow/example_dags/example_short_circuit_operator.py for tasks to queue
[2021-06-21 19:15:38,301] {logging_mixin.py:104} INFO - [2021-06-21 19:15:38,301] {dagbag.py:487} INFO - Filling up the DagBag from /home/airflow/.local/lib/python3.6/site-packages/airflow/example_dags/example_short_circuit_operator.py
[2021-06-21 19:15:38,319] {scheduler_job.py:643} INFO - DAG(s) dict_keys(['example_short_circuit_operator']) retrieved from /home/airflow/.local/lib/python3.6/site-packages/airflow/example_dags/example_short_circuit_operator.py
[2021-06-21 19:15:38,353] {logging_mixin.py:104} INFO - [2021-06-21 19:15:38,352] {dag.py:1832} INFO - Sync 1 DAGs
[2021-06-21 19:15:38,372] {logging_mixin.py:104} INFO - [2021-06-21 19:15:38,372] {dag.py:2305} INFO - Setting next_dagrun for example_short_circuit_operator to 2021-06-19 00:00:00+00:00
[2021-06-21 19:15:38,384] {scheduler_job.py:190} INFO - Processing /home/airflow/.local/lib/python3.6/site-packages/airflow/example_dags/example_short_circuit_operator.py took 0.091 seconds
[2021-06-21 19:16:09,123] {scheduler_job.py:182} INFO - Started process (PID=2387) to work on /home/airflow/.local/lib/python3.6/site-packages/airflow/example_dags/example_short_circuit_operator.py
[2021-06-21 19:16:09,124] {scheduler_job.py:633} INFO - Processing file /home/airflow/.local/lib/python3.6/site-packages/airflow/example_dags/example_short_circuit_operator.py for tasks to queue
[2021-06-21 19:16:09,124] {logging_mixin.py:104} INFO - [2021-06-21 19:16:09,124] {dagbag.py:487} INFO - Filling up the DagBag from /home/airflow/.local/lib/python3.6/site-packages/airflow/example_dags/example_short_circuit_operator.py
[2021-06-21 19:16:09,137] {scheduler_job.py:643} INFO - DAG(s) dict_keys(['example_short_circuit_operator']) retrieved from /home/airflow/.local/lib/python3.6/site-packages/airflow/example_dags/example_short_circuit_operator.py
[2021-06-21 19:16:09,156] {logging_mixin.py:104} INFO - [2021-06-21 19:16:09,156] {dag.py:1832} INFO - Sync 1 DAGs
[2021-06-21 19:16:09,170] {logging_mixin.py:104} INFO - [2021-06-21 19:16:09,170] {dag.py:2305} INFO - Setting next_dagrun for example_short_circuit_operator to 2021-06-19 00:00:00+00:00
[2021-06-21 19:16:09,198] {scheduler_job.py:190} INFO - Processing /home/airflow/.local/lib/python3.6/site-packages/airflow/example_dags/example_short_circuit_operator.py took 0.078 seconds
[2021-06-21 19:16:39,338] {scheduler_job.py:182} INFO - Started process (PID=2468) to work on /home/airflow/.local/lib/python3.6/site-packages/airflow/example_dags/example_short_circuit_operator.py
[2021-06-21 19:16:39,339] {scheduler_job.py:633} INFO - Processing file /home/airflow/.local/lib/python3.6/site-packages/airflow/example_dags/example_short_circuit_operator.py for tasks to queue
[2021-06-21 19:16:39,340] {logging_mixin.py:104} INFO - [2021-06-21 19:16:39,340] {dagbag.py:487} INFO - Filling up the DagBag from /home/airflow/.local/lib/python3.6/site-packages/airflow/example_dags/example_short_circuit_operator.py
[2021-06-21 19:16:39,356] {scheduler_job.py:643} INFO - DAG(s) dict_keys(['example_short_circuit_operator']) retrieved from /home/airflow/.local/lib/python3.6/site-packages/airflow/example_dags/example_short_circuit_operator.py
[2021-06-21 19:16:39,382] {logging_mixin.py:104} INFO - [2021-06-21 19:16:39,382] {dag.py:1832} INFO - Sync 1 DAGs
[2021-06-21 19:16:39,397] {logging_mixin.py:104} INFO - [2021-06-21 19:16:39,397] {dag.py:2305} INFO - Setting next_dagrun for example_short_circuit_operator to 2021-06-19 00:00:00+00:00
[2021-06-21 19:16:39,426] {scheduler_job.py:190} INFO - Processing /home/airflow/.local/lib/python3.6/site-packages/airflow/example_dags/example_short_circuit_operator.py took 0.091 seconds
[2021-06-21 19:17:09,713] {scheduler_job.py:182} INFO - Started process (PID=2533) to work on /home/airflow/.local/lib/python3.6/site-packages/airflow/example_dags/example_short_circuit_operator.py
[2021-06-21 19:17:09,714] {scheduler_job.py:633} INFO - Processing file /home/airflow/.local/lib/python3.6/site-packages/airflow/example_dags/example_short_circuit_operator.py for tasks to queue
[2021-06-21 19:17:09,714] {logging_mixin.py:104} INFO - [2021-06-21 19:17:09,714] {dagbag.py:487} INFO - Filling up the DagBag from /home/airflow/.local/lib/python3.6/site-packages/airflow/example_dags/example_short_circuit_operator.py
[2021-06-21 19:17:09,724] {scheduler_job.py:643} INFO - DAG(s) dict_keys(['example_short_circuit_operator']) retrieved from /home/airflow/.local/lib/python3.6/site-packages/airflow/example_dags/example_short_circuit_operator.py
[2021-06-21 19:17:09,740] {logging_mixin.py:104} INFO - [2021-06-21 19:17:09,740] {dag.py:1832} INFO - Sync 1 DAGs
[2021-06-21 19:17:09,753] {logging_mixin.py:104} INFO - [2021-06-21 19:17:09,753] {dag.py:2305} INFO - Setting next_dagrun for example_short_circuit_operator to 2021-06-19 00:00:00+00:00
[2021-06-21 19:17:09,777] {scheduler_job.py:190} INFO - Processing /home/airflow/.local/lib/python3.6/site-packages/airflow/example_dags/example_short_circuit_operator.py took 0.067 seconds
[2021-06-21 19:17:40,015] {scheduler_job.py:182} INFO - Started process (PID=2613) to work on /home/airflow/.local/lib/python3.6/site-packages/airflow/example_dags/example_short_circuit_operator.py
[2021-06-21 19:17:40,016] {scheduler_job.py:633} INFO - Processing file /home/airflow/.local/lib/python3.6/site-packages/airflow/example_dags/example_short_circuit_operator.py for tasks to queue
[2021-06-21 19:17:40,017] {logging_mixin.py:104} INFO - [2021-06-21 19:17:40,017] {dagbag.py:487} INFO - Filling up the DagBag from /home/airflow/.local/lib/python3.6/site-packages/airflow/example_dags/example_short_circuit_operator.py
[2021-06-21 19:17:40,028] {scheduler_job.py:643} INFO - DAG(s) dict_keys(['example_short_circuit_operator']) retrieved from /home/airflow/.local/lib/python3.6/site-packages/airflow/example_dags/example_short_circuit_operator.py
[2021-06-21 19:17:40,048] {logging_mixin.py:104} INFO - [2021-06-21 19:17:40,048] {dag.py:1832} INFO - Sync 1 DAGs
[2021-06-21 19:17:40,061] {logging_mixin.py:104} INFO - [2021-06-21 19:17:40,060] {dag.py:2305} INFO - Setting next_dagrun for example_short_circuit_operator to 2021-06-19 00:00:00+00:00
[2021-06-21 19:17:40,093] {scheduler_job.py:190} INFO - Processing /home/airflow/.local/lib/python3.6/site-packages/airflow/example_dags/example_short_circuit_operator.py took 0.081 seconds
[2021-06-21 19:18:10,279] {scheduler_job.py:182} INFO - Started process (PID=2682) to work on /home/airflow/.local/lib/python3.6/site-packages/airflow/example_dags/example_short_circuit_operator.py
[2021-06-21 19:18:10,282] {scheduler_job.py:633} INFO - Processing file /home/airflow/.local/lib/python3.6/site-packages/airflow/example_dags/example_short_circuit_operator.py for tasks to queue
[2021-06-21 19:18:10,283] {logging_mixin.py:104} INFO - [2021-06-21 19:18:10,283] {dagbag.py:487} INFO - Filling up the DagBag from /home/airflow/.local/lib/python3.6/site-packages/airflow/example_dags/example_short_circuit_operator.py
[2021-06-21 19:18:10,301] {scheduler_job.py:643} INFO - DAG(s) dict_keys(['example_short_circuit_operator']) retrieved from /home/airflow/.local/lib/python3.6/site-packages/airflow/example_dags/example_short_circuit_operator.py
[2021-06-21 19:18:10,319] {logging_mixin.py:104} INFO - [2021-06-21 19:18:10,318] {dag.py:1832} INFO - Sync 1 DAGs
[2021-06-21 19:18:10,331] {logging_mixin.py:104} INFO - [2021-06-21 19:18:10,331] {dag.py:2305} INFO - Setting next_dagrun for example_short_circuit_operator to 2021-06-19 00:00:00+00:00
[2021-06-21 19:18:10,357] {scheduler_job.py:190} INFO - Processing /home/airflow/.local/lib/python3.6/site-packages/airflow/example_dags/example_short_circuit_operator.py took 0.088 seconds
[2021-06-21 19:18:40,543] {scheduler_job.py:182} INFO - Started process (PID=2762) to work on /home/airflow/.local/lib/python3.6/site-packages/airflow/example_dags/example_short_circuit_operator.py
[2021-06-21 19:18:40,544] {scheduler_job.py:633} INFO - Processing file /home/airflow/.local/lib/python3.6/site-packages/airflow/example_dags/example_short_circuit_operator.py for tasks to queue
[2021-06-21 19:18:40,545] {logging_mixin.py:104} INFO - [2021-06-21 19:18:40,545] {dagbag.py:487} INFO - Filling up the DagBag from /home/airflow/.local/lib/python3.6/site-packages/airflow/example_dags/example_short_circuit_operator.py
[2021-06-21 19:18:40,556] {scheduler_job.py:643} INFO - DAG(s) dict_keys(['example_short_circuit_operator']) retrieved from /home/airflow/.local/lib/python3.6/site-packages/airflow/example_dags/example_short_circuit_operator.py
[2021-06-21 19:18:40,577] {logging_mixin.py:104} INFO - [2021-06-21 19:18:40,577] {dag.py:1832} INFO - Sync 1 DAGs
[2021-06-21 19:18:40,596] {logging_mixin.py:104} INFO - [2021-06-21 19:18:40,596] {dag.py:2305} INFO - Setting next_dagrun for example_short_circuit_operator to 2021-06-19 00:00:00+00:00
[2021-06-21 19:18:40,606] {scheduler_job.py:190} INFO - Processing /home/airflow/.local/lib/python3.6/site-packages/airflow/example_dags/example_short_circuit_operator.py took 0.065 seconds
[2021-06-21 19:19:11,451] {scheduler_job.py:182} INFO - Started process (PID=2828) to work on /home/airflow/.local/lib/python3.6/site-packages/airflow/example_dags/example_short_circuit_operator.py
[2021-06-21 19:19:11,452] {scheduler_job.py:633} INFO - Processing file /home/airflow/.local/lib/python3.6/site-packages/airflow/example_dags/example_short_circuit_operator.py for tasks to queue
[2021-06-21 19:19:11,453] {logging_mixin.py:104} INFO - [2021-06-21 19:19:11,453] {dagbag.py:487} INFO - Filling up the DagBag from /home/airflow/.local/lib/python3.6/site-packages/airflow/example_dags/example_short_circuit_operator.py
[2021-06-21 19:19:11,471] {scheduler_job.py:643} INFO - DAG(s) dict_keys(['example_short_circuit_operator']) retrieved from /home/airflow/.local/lib/python3.6/site-packages/airflow/example_dags/example_short_circuit_operator.py
[2021-06-21 19:19:11,490] {logging_mixin.py:104} INFO - [2021-06-21 19:19:11,490] {dag.py:1832} INFO - Sync 1 DAGs
[2021-06-21 19:19:11,505] {logging_mixin.py:104} INFO - [2021-06-21 19:19:11,505] {dag.py:2305} INFO - Setting next_dagrun for example_short_circuit_operator to 2021-06-19 00:00:00+00:00
[2021-06-21 19:19:11,515] {scheduler_job.py:190} INFO - Processing /home/airflow/.local/lib/python3.6/site-packages/airflow/example_dags/example_short_circuit_operator.py took 0.071 seconds
[2021-06-21 19:19:42,076] {scheduler_job.py:182} INFO - Started process (PID=2910) to work on /home/airflow/.local/lib/python3.6/site-packages/airflow/example_dags/example_short_circuit_operator.py
[2021-06-21 19:19:42,076] {scheduler_job.py:633} INFO - Processing file /home/airflow/.local/lib/python3.6/site-packages/airflow/example_dags/example_short_circuit_operator.py for tasks to queue
[2021-06-21 19:19:42,077] {logging_mixin.py:104} INFO - [2021-06-21 19:19:42,077] {dagbag.py:487} INFO - Filling up the DagBag from /home/airflow/.local/lib/python3.6/site-packages/airflow/example_dags/example_short_circuit_operator.py
[2021-06-21 19:19:42,088] {scheduler_job.py:643} INFO - DAG(s) dict_keys(['example_short_circuit_operator']) retrieved from /home/airflow/.local/lib/python3.6/site-packages/airflow/example_dags/example_short_circuit_operator.py
[2021-06-21 19:19:42,106] {logging_mixin.py:104} INFO - [2021-06-21 19:19:42,106] {dag.py:1832} INFO - Sync 1 DAGs
[2021-06-21 19:19:42,121] {logging_mixin.py:104} INFO - [2021-06-21 19:19:42,120] {dag.py:2305} INFO - Setting next_dagrun for example_short_circuit_operator to 2021-06-19 00:00:00+00:00
[2021-06-21 19:19:42,128] {scheduler_job.py:190} INFO - Processing /home/airflow/.local/lib/python3.6/site-packages/airflow/example_dags/example_short_circuit_operator.py took 0.055 seconds
[2021-06-21 19:20:12,734] {scheduler_job.py:182} INFO - Started process (PID=2974) to work on /home/airflow/.local/lib/python3.6/site-packages/airflow/example_dags/example_short_circuit_operator.py
[2021-06-21 19:20:12,735] {scheduler_job.py:633} INFO - Processing file /home/airflow/.local/lib/python3.6/site-packages/airflow/example_dags/example_short_circuit_operator.py for tasks to queue
[2021-06-21 19:20:12,736] {logging_mixin.py:104} INFO - [2021-06-21 19:20:12,736] {dagbag.py:487} INFO - Filling up the DagBag from /home/airflow/.local/lib/python3.6/site-packages/airflow/example_dags/example_short_circuit_operator.py
[2021-06-21 19:20:12,751] {scheduler_job.py:643} INFO - DAG(s) dict_keys(['example_short_circuit_operator']) retrieved from /home/airflow/.local/lib/python3.6/site-packages/airflow/example_dags/example_short_circuit_operator.py
[2021-06-21 19:20:12,771] {logging_mixin.py:104} INFO - [2021-06-21 19:20:12,771] {dag.py:1832} INFO - Sync 1 DAGs
[2021-06-21 19:20:12,788] {logging_mixin.py:104} INFO - [2021-06-21 19:20:12,788] {dag.py:2305} INFO - Setting next_dagrun for example_short_circuit_operator to 2021-06-19 00:00:00+00:00
[2021-06-21 19:20:12,797] {scheduler_job.py:190} INFO - Processing /home/airflow/.local/lib/python3.6/site-packages/airflow/example_dags/example_short_circuit_operator.py took 0.066 seconds
[2021-06-21 19:20:43,432] {scheduler_job.py:182} INFO - Started process (PID=3056) to work on /home/airflow/.local/lib/python3.6/site-packages/airflow/example_dags/example_short_circuit_operator.py
[2021-06-21 19:20:43,435] {scheduler_job.py:633} INFO - Processing file /home/airflow/.local/lib/python3.6/site-packages/airflow/example_dags/example_short_circuit_operator.py for tasks to queue
[2021-06-21 19:20:43,437] {logging_mixin.py:104} INFO - [2021-06-21 19:20:43,436] {dagbag.py:487} INFO - Filling up the DagBag from /home/airflow/.local/lib/python3.6/site-packages/airflow/example_dags/example_short_circuit_operator.py
[2021-06-21 19:20:43,478] {scheduler_job.py:643} INFO - DAG(s) dict_keys(['example_short_circuit_operator']) retrieved from /home/airflow/.local/lib/python3.6/site-packages/airflow/example_dags/example_short_circuit_operator.py
[2021-06-21 19:20:43,539] {logging_mixin.py:104} INFO - [2021-06-21 19:20:43,539] {dag.py:1832} INFO - Sync 1 DAGs
[2021-06-21 19:20:43,567] {logging_mixin.py:104} INFO - [2021-06-21 19:20:43,567] {dag.py:2305} INFO - Setting next_dagrun for example_short_circuit_operator to 2021-06-19 00:00:00+00:00
[2021-06-21 19:20:43,577] {scheduler_job.py:190} INFO - Processing /home/airflow/.local/lib/python3.6/site-packages/airflow/example_dags/example_short_circuit_operator.py took 0.154 seconds
[2021-06-21 19:21:14,072] {scheduler_job.py:182} INFO - Started process (PID=3131) to work on /home/airflow/.local/lib/python3.6/site-packages/airflow/example_dags/example_short_circuit_operator.py
[2021-06-21 19:21:14,073] {scheduler_job.py:633} INFO - Processing file /home/airflow/.local/lib/python3.6/site-packages/airflow/example_dags/example_short_circuit_operator.py for tasks to queue
[2021-06-21 19:21:14,073] {logging_mixin.py:104} INFO - [2021-06-21 19:21:14,073] {dagbag.py:487} INFO - Filling up the DagBag from /home/airflow/.local/lib/python3.6/site-packages/airflow/example_dags/example_short_circuit_operator.py
[2021-06-21 19:21:14,085] {scheduler_job.py:643} INFO - DAG(s) dict_keys(['example_short_circuit_operator']) retrieved from /home/airflow/.local/lib/python3.6/site-packages/airflow/example_dags/example_short_circuit_operator.py
[2021-06-21 19:21:14,102] {logging_mixin.py:104} INFO - [2021-06-21 19:21:14,101] {dag.py:1832} INFO - Sync 1 DAGs
[2021-06-21 19:21:14,115] {logging_mixin.py:104} INFO - [2021-06-21 19:21:14,115] {dag.py:2305} INFO - Setting next_dagrun for example_short_circuit_operator to 2021-06-19 00:00:00+00:00
[2021-06-21 19:21:14,124] {scheduler_job.py:190} INFO - Processing /home/airflow/.local/lib/python3.6/site-packages/airflow/example_dags/example_short_circuit_operator.py took 0.054 seconds
[2021-06-21 19:21:44,681] {scheduler_job.py:182} INFO - Started process (PID=3203) to work on /home/airflow/.local/lib/python3.6/site-packages/airflow/example_dags/example_short_circuit_operator.py
[2021-06-21 19:21:44,683] {scheduler_job.py:633} INFO - Processing file /home/airflow/.local/lib/python3.6/site-packages/airflow/example_dags/example_short_circuit_operator.py for tasks to queue
[2021-06-21 19:21:44,684] {logging_mixin.py:104} INFO - [2021-06-21 19:21:44,684] {dagbag.py:487} INFO - Filling up the DagBag from /home/airflow/.local/lib/python3.6/site-packages/airflow/example_dags/example_short_circuit_operator.py
[2021-06-21 19:21:44,700] {scheduler_job.py:643} INFO - DAG(s) dict_keys(['example_short_circuit_operator']) retrieved from /home/airflow/.local/lib/python3.6/site-packages/airflow/example_dags/example_short_circuit_operator.py
[2021-06-21 19:21:44,717] {logging_mixin.py:104} INFO - [2021-06-21 19:21:44,717] {dag.py:1832} INFO - Sync 1 DAGs
[2021-06-21 19:21:44,729] {logging_mixin.py:104} INFO - [2021-06-21 19:21:44,729] {dag.py:2305} INFO - Setting next_dagrun for example_short_circuit_operator to 2021-06-19 00:00:00+00:00
[2021-06-21 19:21:44,736] {scheduler_job.py:190} INFO - Processing /home/airflow/.local/lib/python3.6/site-packages/airflow/example_dags/example_short_circuit_operator.py took 0.061 seconds
[2021-06-21 19:22:15,245] {scheduler_job.py:182} INFO - Started process (PID=3276) to work on /home/airflow/.local/lib/python3.6/site-packages/airflow/example_dags/example_short_circuit_operator.py
[2021-06-21 19:22:15,247] {scheduler_job.py:633} INFO - Processing file /home/airflow/.local/lib/python3.6/site-packages/airflow/example_dags/example_short_circuit_operator.py for tasks to queue
[2021-06-21 19:22:15,247] {logging_mixin.py:104} INFO - [2021-06-21 19:22:15,247] {dagbag.py:487} INFO - Filling up the DagBag from /home/airflow/.local/lib/python3.6/site-packages/airflow/example_dags/example_short_circuit_operator.py
[2021-06-21 19:22:15,258] {scheduler_job.py:643} INFO - DAG(s) dict_keys(['example_short_circuit_operator']) retrieved from /home/airflow/.local/lib/python3.6/site-packages/airflow/example_dags/example_short_circuit_operator.py
[2021-06-21 19:22:15,281] {logging_mixin.py:104} INFO - [2021-06-21 19:22:15,281] {dag.py:1832} INFO - Sync 1 DAGs
[2021-06-21 19:22:15,299] {logging_mixin.py:104} INFO - [2021-06-21 19:22:15,299] {dag.py:2305} INFO - Setting next_dagrun for example_short_circuit_operator to 2021-06-19 00:00:00+00:00
[2021-06-21 19:22:15,310] {scheduler_job.py:190} INFO - Processing /home/airflow/.local/lib/python3.6/site-packages/airflow/example_dags/example_short_circuit_operator.py took 0.067 seconds
[2021-06-21 19:22:45,538] {scheduler_job.py:182} INFO - Started process (PID=3350) to work on /home/airflow/.local/lib/python3.6/site-packages/airflow/example_dags/example_short_circuit_operator.py
[2021-06-21 19:22:45,541] {scheduler_job.py:633} INFO - Processing file /home/airflow/.local/lib/python3.6/site-packages/airflow/example_dags/example_short_circuit_operator.py for tasks to queue
[2021-06-21 19:22:45,543] {logging_mixin.py:104} INFO - [2021-06-21 19:22:45,543] {dagbag.py:487} INFO - Filling up the DagBag from /home/airflow/.local/lib/python3.6/site-packages/airflow/example_dags/example_short_circuit_operator.py
[2021-06-21 19:22:45,562] {scheduler_job.py:643} INFO - DAG(s) dict_keys(['example_short_circuit_operator']) retrieved from /home/airflow/.local/lib/python3.6/site-packages/airflow/example_dags/example_short_circuit_operator.py
[2021-06-21 19:22:45,579] {logging_mixin.py:104} INFO - [2021-06-21 19:22:45,579] {dag.py:1832} INFO - Sync 1 DAGs
[2021-06-21 19:22:45,591] {logging_mixin.py:104} INFO - [2021-06-21 19:22:45,591] {dag.py:2305} INFO - Setting next_dagrun for example_short_circuit_operator to 2021-06-19 00:00:00+00:00
[2021-06-21 19:22:45,616] {scheduler_job.py:190} INFO - Processing /home/airflow/.local/lib/python3.6/site-packages/airflow/example_dags/example_short_circuit_operator.py took 0.087 seconds
[2021-06-21 19:23:15,873] {scheduler_job.py:182} INFO - Started process (PID=3423) to work on /home/airflow/.local/lib/python3.6/site-packages/airflow/example_dags/example_short_circuit_operator.py
[2021-06-21 19:23:15,874] {scheduler_job.py:633} INFO - Processing file /home/airflow/.local/lib/python3.6/site-packages/airflow/example_dags/example_short_circuit_operator.py for tasks to queue
[2021-06-21 19:23:15,875] {logging_mixin.py:104} INFO - [2021-06-21 19:23:15,875] {dagbag.py:487} INFO - Filling up the DagBag from /home/airflow/.local/lib/python3.6/site-packages/airflow/example_dags/example_short_circuit_operator.py
[2021-06-21 19:23:15,894] {scheduler_job.py:643} INFO - DAG(s) dict_keys(['example_short_circuit_operator']) retrieved from /home/airflow/.local/lib/python3.6/site-packages/airflow/example_dags/example_short_circuit_operator.py
[2021-06-21 19:23:15,924] {logging_mixin.py:104} INFO - [2021-06-21 19:23:15,924] {dag.py:1832} INFO - Sync 1 DAGs
[2021-06-21 19:23:15,945] {logging_mixin.py:104} INFO - [2021-06-21 19:23:15,945] {dag.py:2305} INFO - Setting next_dagrun for example_short_circuit_operator to 2021-06-19 00:00:00+00:00
[2021-06-21 19:23:15,977] {scheduler_job.py:190} INFO - Processing /home/airflow/.local/lib/python3.6/site-packages/airflow/example_dags/example_short_circuit_operator.py took 0.108 seconds
