[2021-06-21 19:00:05,251] {scheduler_job.py:182} INFO - Started process (PID=60) to work on /home/airflow/.local/lib/python3.6/site-packages/airflow/example_dags/example_trigger_target_dag.py
[2021-06-21 19:00:05,252] {scheduler_job.py:633} INFO - Processing file /home/airflow/.local/lib/python3.6/site-packages/airflow/example_dags/example_trigger_target_dag.py for tasks to queue
[2021-06-21 19:00:05,252] {logging_mixin.py:104} INFO - [2021-06-21 19:00:05,252] {dagbag.py:487} INFO - Filling up the DagBag from /home/airflow/.local/lib/python3.6/site-packages/airflow/example_dags/example_trigger_target_dag.py
[2021-06-21 19:00:05,267] {scheduler_job.py:643} INFO - DAG(s) dict_keys(['example_trigger_target_dag']) retrieved from /home/airflow/.local/lib/python3.6/site-packages/airflow/example_dags/example_trigger_target_dag.py
[2021-06-21 19:00:08,117] {logging_mixin.py:104} INFO - [2021-06-21 19:00:08,116] {dag.py:1832} INFO - Sync 1 DAGs
[2021-06-21 19:00:08,129] {logging_mixin.py:104} INFO - [2021-06-21 19:00:08,128] {dag.py:1851} INFO - Creating ORM DAG for example_trigger_target_dag
[2021-06-21 19:00:08,134] {logging_mixin.py:104} INFO - [2021-06-21 19:00:08,134] {dag.py:2305} INFO - Setting next_dagrun for example_trigger_target_dag to None
[2021-06-21 19:00:08,145] {scheduler_job.py:190} INFO - Processing /home/airflow/.local/lib/python3.6/site-packages/airflow/example_dags/example_trigger_target_dag.py took 2.897 seconds
[2021-06-21 19:00:42,907] {scheduler_job.py:182} INFO - Started process (PID=166) to work on /home/airflow/.local/lib/python3.6/site-packages/airflow/example_dags/example_trigger_target_dag.py
[2021-06-21 19:00:42,908] {scheduler_job.py:633} INFO - Processing file /home/airflow/.local/lib/python3.6/site-packages/airflow/example_dags/example_trigger_target_dag.py for tasks to queue
[2021-06-21 19:00:42,908] {logging_mixin.py:104} INFO - [2021-06-21 19:00:42,908] {dagbag.py:487} INFO - Filling up the DagBag from /home/airflow/.local/lib/python3.6/site-packages/airflow/example_dags/example_trigger_target_dag.py
[2021-06-21 19:00:42,921] {scheduler_job.py:643} INFO - DAG(s) dict_keys(['example_trigger_target_dag']) retrieved from /home/airflow/.local/lib/python3.6/site-packages/airflow/example_dags/example_trigger_target_dag.py
[2021-06-21 19:00:42,938] {logging_mixin.py:104} INFO - [2021-06-21 19:00:42,938] {dag.py:1832} INFO - Sync 1 DAGs
[2021-06-21 19:00:42,954] {logging_mixin.py:104} INFO - [2021-06-21 19:00:42,953] {dag.py:2305} INFO - Setting next_dagrun for example_trigger_target_dag to None
[2021-06-21 19:00:42,962] {scheduler_job.py:190} INFO - Processing /home/airflow/.local/lib/python3.6/site-packages/airflow/example_dags/example_trigger_target_dag.py took 0.058 seconds
[2021-06-21 19:01:13,733] {scheduler_job.py:182} INFO - Started process (PID=229) to work on /home/airflow/.local/lib/python3.6/site-packages/airflow/example_dags/example_trigger_target_dag.py
[2021-06-21 19:01:13,734] {scheduler_job.py:633} INFO - Processing file /home/airflow/.local/lib/python3.6/site-packages/airflow/example_dags/example_trigger_target_dag.py for tasks to queue
[2021-06-21 19:01:13,734] {logging_mixin.py:104} INFO - [2021-06-21 19:01:13,734] {dagbag.py:487} INFO - Filling up the DagBag from /home/airflow/.local/lib/python3.6/site-packages/airflow/example_dags/example_trigger_target_dag.py
[2021-06-21 19:01:13,745] {scheduler_job.py:643} INFO - DAG(s) dict_keys(['example_trigger_target_dag']) retrieved from /home/airflow/.local/lib/python3.6/site-packages/airflow/example_dags/example_trigger_target_dag.py
[2021-06-21 19:01:13,761] {logging_mixin.py:104} INFO - [2021-06-21 19:01:13,761] {dag.py:1832} INFO - Sync 1 DAGs
[2021-06-21 19:01:13,774] {logging_mixin.py:104} INFO - [2021-06-21 19:01:13,774] {dag.py:2305} INFO - Setting next_dagrun for example_trigger_target_dag to None
[2021-06-21 19:01:13,781] {scheduler_job.py:190} INFO - Processing /home/airflow/.local/lib/python3.6/site-packages/airflow/example_dags/example_trigger_target_dag.py took 0.050 seconds
[2021-06-21 19:01:44,791] {scheduler_job.py:182} INFO - Started process (PID=309) to work on /home/airflow/.local/lib/python3.6/site-packages/airflow/example_dags/example_trigger_target_dag.py
[2021-06-21 19:01:44,792] {scheduler_job.py:633} INFO - Processing file /home/airflow/.local/lib/python3.6/site-packages/airflow/example_dags/example_trigger_target_dag.py for tasks to queue
[2021-06-21 19:01:44,793] {logging_mixin.py:104} INFO - [2021-06-21 19:01:44,792] {dagbag.py:487} INFO - Filling up the DagBag from /home/airflow/.local/lib/python3.6/site-packages/airflow/example_dags/example_trigger_target_dag.py
[2021-06-21 19:01:44,805] {scheduler_job.py:643} INFO - DAG(s) dict_keys(['example_trigger_target_dag']) retrieved from /home/airflow/.local/lib/python3.6/site-packages/airflow/example_dags/example_trigger_target_dag.py
[2021-06-21 19:01:44,824] {logging_mixin.py:104} INFO - [2021-06-21 19:01:44,824] {dag.py:1832} INFO - Sync 1 DAGs
[2021-06-21 19:01:44,838] {logging_mixin.py:104} INFO - [2021-06-21 19:01:44,838] {dag.py:2305} INFO - Setting next_dagrun for example_trigger_target_dag to None
[2021-06-21 19:01:44,846] {scheduler_job.py:190} INFO - Processing /home/airflow/.local/lib/python3.6/site-packages/airflow/example_dags/example_trigger_target_dag.py took 0.058 seconds
[2021-06-21 19:02:15,022] {scheduler_job.py:182} INFO - Started process (PID=372) to work on /home/airflow/.local/lib/python3.6/site-packages/airflow/example_dags/example_trigger_target_dag.py
[2021-06-21 19:02:15,023] {scheduler_job.py:633} INFO - Processing file /home/airflow/.local/lib/python3.6/site-packages/airflow/example_dags/example_trigger_target_dag.py for tasks to queue
[2021-06-21 19:02:15,023] {logging_mixin.py:104} INFO - [2021-06-21 19:02:15,023] {dagbag.py:487} INFO - Filling up the DagBag from /home/airflow/.local/lib/python3.6/site-packages/airflow/example_dags/example_trigger_target_dag.py
[2021-06-21 19:02:15,040] {scheduler_job.py:643} INFO - DAG(s) dict_keys(['example_trigger_target_dag']) retrieved from /home/airflow/.local/lib/python3.6/site-packages/airflow/example_dags/example_trigger_target_dag.py
[2021-06-21 19:02:15,069] {logging_mixin.py:104} INFO - [2021-06-21 19:02:15,069] {dag.py:1832} INFO - Sync 1 DAGs
[2021-06-21 19:02:15,099] {logging_mixin.py:104} INFO - [2021-06-21 19:02:15,099] {dag.py:2305} INFO - Setting next_dagrun for example_trigger_target_dag to None
[2021-06-21 19:02:15,132] {scheduler_job.py:190} INFO - Processing /home/airflow/.local/lib/python3.6/site-packages/airflow/example_dags/example_trigger_target_dag.py took 0.114 seconds
[2021-06-21 19:02:45,416] {scheduler_job.py:182} INFO - Started process (PID=453) to work on /home/airflow/.local/lib/python3.6/site-packages/airflow/example_dags/example_trigger_target_dag.py
[2021-06-21 19:02:45,417] {scheduler_job.py:633} INFO - Processing file /home/airflow/.local/lib/python3.6/site-packages/airflow/example_dags/example_trigger_target_dag.py for tasks to queue
[2021-06-21 19:02:45,418] {logging_mixin.py:104} INFO - [2021-06-21 19:02:45,417] {dagbag.py:487} INFO - Filling up the DagBag from /home/airflow/.local/lib/python3.6/site-packages/airflow/example_dags/example_trigger_target_dag.py
[2021-06-21 19:02:45,429] {scheduler_job.py:643} INFO - DAG(s) dict_keys(['example_trigger_target_dag']) retrieved from /home/airflow/.local/lib/python3.6/site-packages/airflow/example_dags/example_trigger_target_dag.py
[2021-06-21 19:02:45,443] {logging_mixin.py:104} INFO - [2021-06-21 19:02:45,443] {dag.py:1832} INFO - Sync 1 DAGs
[2021-06-21 19:02:45,459] {logging_mixin.py:104} INFO - [2021-06-21 19:02:45,459] {dag.py:2305} INFO - Setting next_dagrun for example_trigger_target_dag to None
[2021-06-21 19:02:45,499] {scheduler_job.py:190} INFO - Processing /home/airflow/.local/lib/python3.6/site-packages/airflow/example_dags/example_trigger_target_dag.py took 0.086 seconds
[2021-06-21 19:03:15,622] {scheduler_job.py:182} INFO - Started process (PID=525) to work on /home/airflow/.local/lib/python3.6/site-packages/airflow/example_dags/example_trigger_target_dag.py
[2021-06-21 19:03:15,623] {scheduler_job.py:633} INFO - Processing file /home/airflow/.local/lib/python3.6/site-packages/airflow/example_dags/example_trigger_target_dag.py for tasks to queue
[2021-06-21 19:03:15,623] {logging_mixin.py:104} INFO - [2021-06-21 19:03:15,623] {dagbag.py:487} INFO - Filling up the DagBag from /home/airflow/.local/lib/python3.6/site-packages/airflow/example_dags/example_trigger_target_dag.py
[2021-06-21 19:03:15,632] {scheduler_job.py:643} INFO - DAG(s) dict_keys(['example_trigger_target_dag']) retrieved from /home/airflow/.local/lib/python3.6/site-packages/airflow/example_dags/example_trigger_target_dag.py
[2021-06-21 19:03:15,647] {logging_mixin.py:104} INFO - [2021-06-21 19:03:15,647] {dag.py:1832} INFO - Sync 1 DAGs
[2021-06-21 19:03:15,660] {logging_mixin.py:104} INFO - [2021-06-21 19:03:15,659] {dag.py:2305} INFO - Setting next_dagrun for example_trigger_target_dag to None
[2021-06-21 19:03:15,692] {scheduler_job.py:190} INFO - Processing /home/airflow/.local/lib/python3.6/site-packages/airflow/example_dags/example_trigger_target_dag.py took 0.072 seconds
[2021-06-21 19:03:45,757] {scheduler_job.py:182} INFO - Started process (PID=599) to work on /home/airflow/.local/lib/python3.6/site-packages/airflow/example_dags/example_trigger_target_dag.py
[2021-06-21 19:03:45,758] {scheduler_job.py:633} INFO - Processing file /home/airflow/.local/lib/python3.6/site-packages/airflow/example_dags/example_trigger_target_dag.py for tasks to queue
[2021-06-21 19:03:45,758] {logging_mixin.py:104} INFO - [2021-06-21 19:03:45,758] {dagbag.py:487} INFO - Filling up the DagBag from /home/airflow/.local/lib/python3.6/site-packages/airflow/example_dags/example_trigger_target_dag.py
[2021-06-21 19:03:45,770] {scheduler_job.py:643} INFO - DAG(s) dict_keys(['example_trigger_target_dag']) retrieved from /home/airflow/.local/lib/python3.6/site-packages/airflow/example_dags/example_trigger_target_dag.py
[2021-06-21 19:03:45,787] {logging_mixin.py:104} INFO - [2021-06-21 19:03:45,787] {dag.py:1832} INFO - Sync 1 DAGs
[2021-06-21 19:03:45,799] {logging_mixin.py:104} INFO - [2021-06-21 19:03:45,799] {dag.py:2305} INFO - Setting next_dagrun for example_trigger_target_dag to None
[2021-06-21 19:03:45,827] {scheduler_job.py:190} INFO - Processing /home/airflow/.local/lib/python3.6/site-packages/airflow/example_dags/example_trigger_target_dag.py took 0.072 seconds
[2021-06-21 19:04:16,018] {scheduler_job.py:182} INFO - Started process (PID=672) to work on /home/airflow/.local/lib/python3.6/site-packages/airflow/example_dags/example_trigger_target_dag.py
[2021-06-21 19:04:16,019] {scheduler_job.py:633} INFO - Processing file /home/airflow/.local/lib/python3.6/site-packages/airflow/example_dags/example_trigger_target_dag.py for tasks to queue
[2021-06-21 19:04:16,020] {logging_mixin.py:104} INFO - [2021-06-21 19:04:16,020] {dagbag.py:487} INFO - Filling up the DagBag from /home/airflow/.local/lib/python3.6/site-packages/airflow/example_dags/example_trigger_target_dag.py
[2021-06-21 19:04:16,032] {scheduler_job.py:643} INFO - DAG(s) dict_keys(['example_trigger_target_dag']) retrieved from /home/airflow/.local/lib/python3.6/site-packages/airflow/example_dags/example_trigger_target_dag.py
[2021-06-21 19:04:16,050] {logging_mixin.py:104} INFO - [2021-06-21 19:04:16,050] {dag.py:1832} INFO - Sync 1 DAGs
[2021-06-21 19:04:16,063] {logging_mixin.py:104} INFO - [2021-06-21 19:04:16,063] {dag.py:2305} INFO - Setting next_dagrun for example_trigger_target_dag to None
[2021-06-21 19:04:16,071] {scheduler_job.py:190} INFO - Processing /home/airflow/.local/lib/python3.6/site-packages/airflow/example_dags/example_trigger_target_dag.py took 0.055 seconds
[2021-06-21 19:04:47,100] {scheduler_job.py:182} INFO - Started process (PID=743) to work on /home/airflow/.local/lib/python3.6/site-packages/airflow/example_dags/example_trigger_target_dag.py
[2021-06-21 19:04:47,100] {scheduler_job.py:633} INFO - Processing file /home/airflow/.local/lib/python3.6/site-packages/airflow/example_dags/example_trigger_target_dag.py for tasks to queue
[2021-06-21 19:04:47,101] {logging_mixin.py:104} INFO - [2021-06-21 19:04:47,101] {dagbag.py:487} INFO - Filling up the DagBag from /home/airflow/.local/lib/python3.6/site-packages/airflow/example_dags/example_trigger_target_dag.py
[2021-06-21 19:04:47,111] {scheduler_job.py:643} INFO - DAG(s) dict_keys(['example_trigger_target_dag']) retrieved from /home/airflow/.local/lib/python3.6/site-packages/airflow/example_dags/example_trigger_target_dag.py
[2021-06-21 19:04:47,126] {logging_mixin.py:104} INFO - [2021-06-21 19:04:47,126] {dag.py:1832} INFO - Sync 1 DAGs
[2021-06-21 19:04:47,137] {logging_mixin.py:104} INFO - [2021-06-21 19:04:47,137] {dag.py:2305} INFO - Setting next_dagrun for example_trigger_target_dag to None
[2021-06-21 19:04:47,144] {scheduler_job.py:190} INFO - Processing /home/airflow/.local/lib/python3.6/site-packages/airflow/example_dags/example_trigger_target_dag.py took 0.047 seconds
[2021-06-21 19:05:18,068] {scheduler_job.py:182} INFO - Started process (PID=824) to work on /home/airflow/.local/lib/python3.6/site-packages/airflow/example_dags/example_trigger_target_dag.py
[2021-06-21 19:05:18,069] {scheduler_job.py:633} INFO - Processing file /home/airflow/.local/lib/python3.6/site-packages/airflow/example_dags/example_trigger_target_dag.py for tasks to queue
[2021-06-21 19:05:18,070] {logging_mixin.py:104} INFO - [2021-06-21 19:05:18,070] {dagbag.py:487} INFO - Filling up the DagBag from /home/airflow/.local/lib/python3.6/site-packages/airflow/example_dags/example_trigger_target_dag.py
[2021-06-21 19:05:18,088] {scheduler_job.py:643} INFO - DAG(s) dict_keys(['example_trigger_target_dag']) retrieved from /home/airflow/.local/lib/python3.6/site-packages/airflow/example_dags/example_trigger_target_dag.py
[2021-06-21 19:05:18,119] {logging_mixin.py:104} INFO - [2021-06-21 19:05:18,119] {dag.py:1832} INFO - Sync 1 DAGs
[2021-06-21 19:05:18,134] {logging_mixin.py:104} INFO - [2021-06-21 19:05:18,133] {dag.py:2305} INFO - Setting next_dagrun for example_trigger_target_dag to None
[2021-06-21 19:05:18,141] {scheduler_job.py:190} INFO - Processing /home/airflow/.local/lib/python3.6/site-packages/airflow/example_dags/example_trigger_target_dag.py took 0.077 seconds
[2021-06-21 19:05:48,702] {scheduler_job.py:182} INFO - Started process (PID=888) to work on /home/airflow/.local/lib/python3.6/site-packages/airflow/example_dags/example_trigger_target_dag.py
[2021-06-21 19:05:48,703] {scheduler_job.py:633} INFO - Processing file /home/airflow/.local/lib/python3.6/site-packages/airflow/example_dags/example_trigger_target_dag.py for tasks to queue
[2021-06-21 19:05:48,703] {logging_mixin.py:104} INFO - [2021-06-21 19:05:48,703] {dagbag.py:487} INFO - Filling up the DagBag from /home/airflow/.local/lib/python3.6/site-packages/airflow/example_dags/example_trigger_target_dag.py
[2021-06-21 19:05:48,713] {scheduler_job.py:643} INFO - DAG(s) dict_keys(['example_trigger_target_dag']) retrieved from /home/airflow/.local/lib/python3.6/site-packages/airflow/example_dags/example_trigger_target_dag.py
[2021-06-21 19:05:48,727] {logging_mixin.py:104} INFO - [2021-06-21 19:05:48,727] {dag.py:1832} INFO - Sync 1 DAGs
[2021-06-21 19:05:48,738] {logging_mixin.py:104} INFO - [2021-06-21 19:05:48,738] {dag.py:2305} INFO - Setting next_dagrun for example_trigger_target_dag to None
[2021-06-21 19:05:48,745] {scheduler_job.py:190} INFO - Processing /home/airflow/.local/lib/python3.6/site-packages/airflow/example_dags/example_trigger_target_dag.py took 0.044 seconds
[2021-06-21 19:06:18,769] {scheduler_job.py:182} INFO - Started process (PID=968) to work on /home/airflow/.local/lib/python3.6/site-packages/airflow/example_dags/example_trigger_target_dag.py
[2021-06-21 19:06:18,769] {scheduler_job.py:633} INFO - Processing file /home/airflow/.local/lib/python3.6/site-packages/airflow/example_dags/example_trigger_target_dag.py for tasks to queue
[2021-06-21 19:06:18,770] {logging_mixin.py:104} INFO - [2021-06-21 19:06:18,770] {dagbag.py:487} INFO - Filling up the DagBag from /home/airflow/.local/lib/python3.6/site-packages/airflow/example_dags/example_trigger_target_dag.py
[2021-06-21 19:06:18,780] {scheduler_job.py:643} INFO - DAG(s) dict_keys(['example_trigger_target_dag']) retrieved from /home/airflow/.local/lib/python3.6/site-packages/airflow/example_dags/example_trigger_target_dag.py
[2021-06-21 19:06:18,796] {logging_mixin.py:104} INFO - [2021-06-21 19:06:18,795] {dag.py:1832} INFO - Sync 1 DAGs
[2021-06-21 19:06:18,808] {logging_mixin.py:104} INFO - [2021-06-21 19:06:18,808] {dag.py:2305} INFO - Setting next_dagrun for example_trigger_target_dag to None
[2021-06-21 19:06:18,815] {scheduler_job.py:190} INFO - Processing /home/airflow/.local/lib/python3.6/site-packages/airflow/example_dags/example_trigger_target_dag.py took 0.048 seconds
[2021-06-21 19:06:49,146] {scheduler_job.py:182} INFO - Started process (PID=1032) to work on /home/airflow/.local/lib/python3.6/site-packages/airflow/example_dags/example_trigger_target_dag.py
[2021-06-21 19:06:49,148] {scheduler_job.py:633} INFO - Processing file /home/airflow/.local/lib/python3.6/site-packages/airflow/example_dags/example_trigger_target_dag.py for tasks to queue
[2021-06-21 19:06:49,148] {logging_mixin.py:104} INFO - [2021-06-21 19:06:49,148] {dagbag.py:487} INFO - Filling up the DagBag from /home/airflow/.local/lib/python3.6/site-packages/airflow/example_dags/example_trigger_target_dag.py
[2021-06-21 19:06:49,159] {scheduler_job.py:643} INFO - DAG(s) dict_keys(['example_trigger_target_dag']) retrieved from /home/airflow/.local/lib/python3.6/site-packages/airflow/example_dags/example_trigger_target_dag.py
[2021-06-21 19:06:49,174] {logging_mixin.py:104} INFO - [2021-06-21 19:06:49,174] {dag.py:1832} INFO - Sync 1 DAGs
[2021-06-21 19:06:49,186] {logging_mixin.py:104} INFO - [2021-06-21 19:06:49,186] {dag.py:2305} INFO - Setting next_dagrun for example_trigger_target_dag to None
[2021-06-21 19:06:49,192] {scheduler_job.py:190} INFO - Processing /home/airflow/.local/lib/python3.6/site-packages/airflow/example_dags/example_trigger_target_dag.py took 0.049 seconds
[2021-06-21 19:07:19,388] {scheduler_job.py:182} INFO - Started process (PID=1112) to work on /home/airflow/.local/lib/python3.6/site-packages/airflow/example_dags/example_trigger_target_dag.py
[2021-06-21 19:07:19,389] {scheduler_job.py:633} INFO - Processing file /home/airflow/.local/lib/python3.6/site-packages/airflow/example_dags/example_trigger_target_dag.py for tasks to queue
[2021-06-21 19:07:19,389] {logging_mixin.py:104} INFO - [2021-06-21 19:07:19,389] {dagbag.py:487} INFO - Filling up the DagBag from /home/airflow/.local/lib/python3.6/site-packages/airflow/example_dags/example_trigger_target_dag.py
[2021-06-21 19:07:19,401] {scheduler_job.py:643} INFO - DAG(s) dict_keys(['example_trigger_target_dag']) retrieved from /home/airflow/.local/lib/python3.6/site-packages/airflow/example_dags/example_trigger_target_dag.py
[2021-06-21 19:07:19,417] {logging_mixin.py:104} INFO - [2021-06-21 19:07:19,417] {dag.py:1832} INFO - Sync 1 DAGs
[2021-06-21 19:07:19,429] {logging_mixin.py:104} INFO - [2021-06-21 19:07:19,429] {dag.py:2305} INFO - Setting next_dagrun for example_trigger_target_dag to None
[2021-06-21 19:07:19,436] {scheduler_job.py:190} INFO - Processing /home/airflow/.local/lib/python3.6/site-packages/airflow/example_dags/example_trigger_target_dag.py took 0.051 seconds
[2021-06-21 19:07:49,674] {scheduler_job.py:182} INFO - Started process (PID=1185) to work on /home/airflow/.local/lib/python3.6/site-packages/airflow/example_dags/example_trigger_target_dag.py
[2021-06-21 19:07:49,674] {scheduler_job.py:633} INFO - Processing file /home/airflow/.local/lib/python3.6/site-packages/airflow/example_dags/example_trigger_target_dag.py for tasks to queue
[2021-06-21 19:07:49,675] {logging_mixin.py:104} INFO - [2021-06-21 19:07:49,675] {dagbag.py:487} INFO - Filling up the DagBag from /home/airflow/.local/lib/python3.6/site-packages/airflow/example_dags/example_trigger_target_dag.py
[2021-06-21 19:07:49,685] {scheduler_job.py:643} INFO - DAG(s) dict_keys(['example_trigger_target_dag']) retrieved from /home/airflow/.local/lib/python3.6/site-packages/airflow/example_dags/example_trigger_target_dag.py
[2021-06-21 19:07:49,701] {logging_mixin.py:104} INFO - [2021-06-21 19:07:49,701] {dag.py:1832} INFO - Sync 1 DAGs
[2021-06-21 19:07:49,714] {logging_mixin.py:104} INFO - [2021-06-21 19:07:49,714] {dag.py:2305} INFO - Setting next_dagrun for example_trigger_target_dag to None
[2021-06-21 19:07:49,721] {scheduler_job.py:190} INFO - Processing /home/airflow/.local/lib/python3.6/site-packages/airflow/example_dags/example_trigger_target_dag.py took 0.050 seconds
[2021-06-21 19:08:20,134] {scheduler_job.py:182} INFO - Started process (PID=1257) to work on /home/airflow/.local/lib/python3.6/site-packages/airflow/example_dags/example_trigger_target_dag.py
[2021-06-21 19:08:20,135] {scheduler_job.py:633} INFO - Processing file /home/airflow/.local/lib/python3.6/site-packages/airflow/example_dags/example_trigger_target_dag.py for tasks to queue
[2021-06-21 19:08:20,136] {logging_mixin.py:104} INFO - [2021-06-21 19:08:20,136] {dagbag.py:487} INFO - Filling up the DagBag from /home/airflow/.local/lib/python3.6/site-packages/airflow/example_dags/example_trigger_target_dag.py
[2021-06-21 19:08:20,146] {scheduler_job.py:643} INFO - DAG(s) dict_keys(['example_trigger_target_dag']) retrieved from /home/airflow/.local/lib/python3.6/site-packages/airflow/example_dags/example_trigger_target_dag.py
[2021-06-21 19:08:20,162] {logging_mixin.py:104} INFO - [2021-06-21 19:08:20,162] {dag.py:1832} INFO - Sync 1 DAGs
[2021-06-21 19:08:20,174] {logging_mixin.py:104} INFO - [2021-06-21 19:08:20,174] {dag.py:2305} INFO - Setting next_dagrun for example_trigger_target_dag to None
[2021-06-21 19:08:20,181] {scheduler_job.py:190} INFO - Processing /home/airflow/.local/lib/python3.6/site-packages/airflow/example_dags/example_trigger_target_dag.py took 0.049 seconds
[2021-06-21 19:08:50,718] {scheduler_job.py:182} INFO - Started process (PID=1341) to work on /home/airflow/.local/lib/python3.6/site-packages/airflow/example_dags/example_trigger_target_dag.py
[2021-06-21 19:08:50,719] {scheduler_job.py:633} INFO - Processing file /home/airflow/.local/lib/python3.6/site-packages/airflow/example_dags/example_trigger_target_dag.py for tasks to queue
[2021-06-21 19:08:50,720] {logging_mixin.py:104} INFO - [2021-06-21 19:08:50,720] {dagbag.py:487} INFO - Filling up the DagBag from /home/airflow/.local/lib/python3.6/site-packages/airflow/example_dags/example_trigger_target_dag.py
[2021-06-21 19:08:50,734] {scheduler_job.py:643} INFO - DAG(s) dict_keys(['example_trigger_target_dag']) retrieved from /home/airflow/.local/lib/python3.6/site-packages/airflow/example_dags/example_trigger_target_dag.py
[2021-06-21 19:08:50,750] {logging_mixin.py:104} INFO - [2021-06-21 19:08:50,750] {dag.py:1832} INFO - Sync 1 DAGs
[2021-06-21 19:08:50,763] {logging_mixin.py:104} INFO - [2021-06-21 19:08:50,763] {dag.py:2305} INFO - Setting next_dagrun for example_trigger_target_dag to None
[2021-06-21 19:08:50,771] {scheduler_job.py:190} INFO - Processing /home/airflow/.local/lib/python3.6/site-packages/airflow/example_dags/example_trigger_target_dag.py took 0.056 seconds
[2021-06-21 19:09:21,081] {scheduler_job.py:182} INFO - Started process (PID=1406) to work on /home/airflow/.local/lib/python3.6/site-packages/airflow/example_dags/example_trigger_target_dag.py
[2021-06-21 19:09:21,082] {scheduler_job.py:633} INFO - Processing file /home/airflow/.local/lib/python3.6/site-packages/airflow/example_dags/example_trigger_target_dag.py for tasks to queue
[2021-06-21 19:09:21,082] {logging_mixin.py:104} INFO - [2021-06-21 19:09:21,082] {dagbag.py:487} INFO - Filling up the DagBag from /home/airflow/.local/lib/python3.6/site-packages/airflow/example_dags/example_trigger_target_dag.py
[2021-06-21 19:09:21,094] {scheduler_job.py:643} INFO - DAG(s) dict_keys(['example_trigger_target_dag']) retrieved from /home/airflow/.local/lib/python3.6/site-packages/airflow/example_dags/example_trigger_target_dag.py
[2021-06-21 19:09:21,114] {logging_mixin.py:104} INFO - [2021-06-21 19:09:21,114] {dag.py:1832} INFO - Sync 1 DAGs
[2021-06-21 19:09:21,127] {logging_mixin.py:104} INFO - [2021-06-21 19:09:21,127] {dag.py:2305} INFO - Setting next_dagrun for example_trigger_target_dag to None
[2021-06-21 19:09:21,135] {scheduler_job.py:190} INFO - Processing /home/airflow/.local/lib/python3.6/site-packages/airflow/example_dags/example_trigger_target_dag.py took 0.057 seconds
[2021-06-21 19:09:51,665] {scheduler_job.py:182} INFO - Started process (PID=1480) to work on /home/airflow/.local/lib/python3.6/site-packages/airflow/example_dags/example_trigger_target_dag.py
[2021-06-21 19:09:51,666] {scheduler_job.py:633} INFO - Processing file /home/airflow/.local/lib/python3.6/site-packages/airflow/example_dags/example_trigger_target_dag.py for tasks to queue
[2021-06-21 19:09:51,667] {logging_mixin.py:104} INFO - [2021-06-21 19:09:51,666] {dagbag.py:487} INFO - Filling up the DagBag from /home/airflow/.local/lib/python3.6/site-packages/airflow/example_dags/example_trigger_target_dag.py
[2021-06-21 19:09:51,683] {scheduler_job.py:643} INFO - DAG(s) dict_keys(['example_trigger_target_dag']) retrieved from /home/airflow/.local/lib/python3.6/site-packages/airflow/example_dags/example_trigger_target_dag.py
[2021-06-21 19:09:51,701] {logging_mixin.py:104} INFO - [2021-06-21 19:09:51,701] {dag.py:1832} INFO - Sync 1 DAGs
[2021-06-21 19:09:51,717] {logging_mixin.py:104} INFO - [2021-06-21 19:09:51,717] {dag.py:2305} INFO - Setting next_dagrun for example_trigger_target_dag to None
[2021-06-21 19:09:51,750] {scheduler_job.py:190} INFO - Processing /home/airflow/.local/lib/python3.6/site-packages/airflow/example_dags/example_trigger_target_dag.py took 0.089 seconds
[2021-06-21 19:10:21,971] {scheduler_job.py:182} INFO - Started process (PID=1551) to work on /home/airflow/.local/lib/python3.6/site-packages/airflow/example_dags/example_trigger_target_dag.py
[2021-06-21 19:10:21,972] {scheduler_job.py:633} INFO - Processing file /home/airflow/.local/lib/python3.6/site-packages/airflow/example_dags/example_trigger_target_dag.py for tasks to queue
[2021-06-21 19:10:21,984] {logging_mixin.py:104} INFO - [2021-06-21 19:10:21,984] {dagbag.py:487} INFO - Filling up the DagBag from /home/airflow/.local/lib/python3.6/site-packages/airflow/example_dags/example_trigger_target_dag.py
[2021-06-21 19:10:22,024] {scheduler_job.py:643} INFO - DAG(s) dict_keys(['example_trigger_target_dag']) retrieved from /home/airflow/.local/lib/python3.6/site-packages/airflow/example_dags/example_trigger_target_dag.py
[2021-06-21 19:10:22,048] {logging_mixin.py:104} INFO - [2021-06-21 19:10:22,047] {dag.py:1832} INFO - Sync 1 DAGs
[2021-06-21 19:10:22,084] {logging_mixin.py:104} INFO - [2021-06-21 19:10:22,084] {dag.py:2305} INFO - Setting next_dagrun for example_trigger_target_dag to None
[2021-06-21 19:10:22,120] {scheduler_job.py:190} INFO - Processing /home/airflow/.local/lib/python3.6/site-packages/airflow/example_dags/example_trigger_target_dag.py took 0.154 seconds
[2021-06-21 19:10:52,283] {scheduler_job.py:182} INFO - Started process (PID=1617) to work on /home/airflow/.local/lib/python3.6/site-packages/airflow/example_dags/example_trigger_target_dag.py
[2021-06-21 19:10:52,284] {scheduler_job.py:633} INFO - Processing file /home/airflow/.local/lib/python3.6/site-packages/airflow/example_dags/example_trigger_target_dag.py for tasks to queue
[2021-06-21 19:10:52,284] {logging_mixin.py:104} INFO - [2021-06-21 19:10:52,284] {dagbag.py:487} INFO - Filling up the DagBag from /home/airflow/.local/lib/python3.6/site-packages/airflow/example_dags/example_trigger_target_dag.py
[2021-06-21 19:10:52,298] {scheduler_job.py:643} INFO - DAG(s) dict_keys(['example_trigger_target_dag']) retrieved from /home/airflow/.local/lib/python3.6/site-packages/airflow/example_dags/example_trigger_target_dag.py
[2021-06-21 19:10:52,318] {logging_mixin.py:104} INFO - [2021-06-21 19:10:52,318] {dag.py:1832} INFO - Sync 1 DAGs
[2021-06-21 19:10:52,334] {logging_mixin.py:104} INFO - [2021-06-21 19:10:52,334] {dag.py:2305} INFO - Setting next_dagrun for example_trigger_target_dag to None
[2021-06-21 19:10:52,362] {scheduler_job.py:190} INFO - Processing /home/airflow/.local/lib/python3.6/site-packages/airflow/example_dags/example_trigger_target_dag.py took 0.082 seconds
[2021-06-21 19:11:22,601] {scheduler_job.py:182} INFO - Started process (PID=1697) to work on /home/airflow/.local/lib/python3.6/site-packages/airflow/example_dags/example_trigger_target_dag.py
[2021-06-21 19:11:22,602] {scheduler_job.py:633} INFO - Processing file /home/airflow/.local/lib/python3.6/site-packages/airflow/example_dags/example_trigger_target_dag.py for tasks to queue
[2021-06-21 19:11:22,602] {logging_mixin.py:104} INFO - [2021-06-21 19:11:22,602] {dagbag.py:487} INFO - Filling up the DagBag from /home/airflow/.local/lib/python3.6/site-packages/airflow/example_dags/example_trigger_target_dag.py
[2021-06-21 19:11:22,614] {scheduler_job.py:643} INFO - DAG(s) dict_keys(['example_trigger_target_dag']) retrieved from /home/airflow/.local/lib/python3.6/site-packages/airflow/example_dags/example_trigger_target_dag.py
[2021-06-21 19:11:22,635] {logging_mixin.py:104} INFO - [2021-06-21 19:11:22,635] {dag.py:1832} INFO - Sync 1 DAGs
[2021-06-21 19:11:22,651] {logging_mixin.py:104} INFO - [2021-06-21 19:11:22,651] {dag.py:2305} INFO - Setting next_dagrun for example_trigger_target_dag to None
[2021-06-21 19:11:22,680] {scheduler_job.py:190} INFO - Processing /home/airflow/.local/lib/python3.6/site-packages/airflow/example_dags/example_trigger_target_dag.py took 0.082 seconds
[2021-06-21 19:11:52,711] {scheduler_job.py:182} INFO - Started process (PID=1762) to work on /home/airflow/.local/lib/python3.6/site-packages/airflow/example_dags/example_trigger_target_dag.py
[2021-06-21 19:11:52,712] {scheduler_job.py:633} INFO - Processing file /home/airflow/.local/lib/python3.6/site-packages/airflow/example_dags/example_trigger_target_dag.py for tasks to queue
[2021-06-21 19:11:52,713] {logging_mixin.py:104} INFO - [2021-06-21 19:11:52,713] {dagbag.py:487} INFO - Filling up the DagBag from /home/airflow/.local/lib/python3.6/site-packages/airflow/example_dags/example_trigger_target_dag.py
[2021-06-21 19:11:52,724] {scheduler_job.py:643} INFO - DAG(s) dict_keys(['example_trigger_target_dag']) retrieved from /home/airflow/.local/lib/python3.6/site-packages/airflow/example_dags/example_trigger_target_dag.py
[2021-06-21 19:11:52,741] {logging_mixin.py:104} INFO - [2021-06-21 19:11:52,741] {dag.py:1832} INFO - Sync 1 DAGs
[2021-06-21 19:11:52,753] {logging_mixin.py:104} INFO - [2021-06-21 19:11:52,753] {dag.py:2305} INFO - Setting next_dagrun for example_trigger_target_dag to None
[2021-06-21 19:11:52,762] {scheduler_job.py:190} INFO - Processing /home/airflow/.local/lib/python3.6/site-packages/airflow/example_dags/example_trigger_target_dag.py took 0.054 seconds
[2021-06-21 19:12:23,059] {scheduler_job.py:182} INFO - Started process (PID=1843) to work on /home/airflow/.local/lib/python3.6/site-packages/airflow/example_dags/example_trigger_target_dag.py
[2021-06-21 19:12:23,060] {scheduler_job.py:633} INFO - Processing file /home/airflow/.local/lib/python3.6/site-packages/airflow/example_dags/example_trigger_target_dag.py for tasks to queue
[2021-06-21 19:12:23,061] {logging_mixin.py:104} INFO - [2021-06-21 19:12:23,061] {dagbag.py:487} INFO - Filling up the DagBag from /home/airflow/.local/lib/python3.6/site-packages/airflow/example_dags/example_trigger_target_dag.py
[2021-06-21 19:12:23,075] {scheduler_job.py:643} INFO - DAG(s) dict_keys(['example_trigger_target_dag']) retrieved from /home/airflow/.local/lib/python3.6/site-packages/airflow/example_dags/example_trigger_target_dag.py
[2021-06-21 19:12:23,096] {logging_mixin.py:104} INFO - [2021-06-21 19:12:23,096] {dag.py:1832} INFO - Sync 1 DAGs
[2021-06-21 19:12:23,113] {logging_mixin.py:104} INFO - [2021-06-21 19:12:23,113] {dag.py:2305} INFO - Setting next_dagrun for example_trigger_target_dag to None
[2021-06-21 19:12:23,122] {scheduler_job.py:190} INFO - Processing /home/airflow/.local/lib/python3.6/site-packages/airflow/example_dags/example_trigger_target_dag.py took 0.066 seconds
[2021-06-21 19:12:53,191] {scheduler_job.py:182} INFO - Started process (PID=1908) to work on /home/airflow/.local/lib/python3.6/site-packages/airflow/example_dags/example_trigger_target_dag.py
[2021-06-21 19:12:53,192] {scheduler_job.py:633} INFO - Processing file /home/airflow/.local/lib/python3.6/site-packages/airflow/example_dags/example_trigger_target_dag.py for tasks to queue
[2021-06-21 19:12:53,193] {logging_mixin.py:104} INFO - [2021-06-21 19:12:53,193] {dagbag.py:487} INFO - Filling up the DagBag from /home/airflow/.local/lib/python3.6/site-packages/airflow/example_dags/example_trigger_target_dag.py
[2021-06-21 19:12:53,205] {scheduler_job.py:643} INFO - DAG(s) dict_keys(['example_trigger_target_dag']) retrieved from /home/airflow/.local/lib/python3.6/site-packages/airflow/example_dags/example_trigger_target_dag.py
[2021-06-21 19:12:53,222] {logging_mixin.py:104} INFO - [2021-06-21 19:12:53,222] {dag.py:1832} INFO - Sync 1 DAGs
[2021-06-21 19:12:53,238] {logging_mixin.py:104} INFO - [2021-06-21 19:12:53,238] {dag.py:2305} INFO - Setting next_dagrun for example_trigger_target_dag to None
[2021-06-21 19:12:53,247] {scheduler_job.py:190} INFO - Processing /home/airflow/.local/lib/python3.6/site-packages/airflow/example_dags/example_trigger_target_dag.py took 0.059 seconds
[2021-06-21 19:13:23,286] {scheduler_job.py:182} INFO - Started process (PID=1992) to work on /home/airflow/.local/lib/python3.6/site-packages/airflow/example_dags/example_trigger_target_dag.py
[2021-06-21 19:13:23,287] {scheduler_job.py:633} INFO - Processing file /home/airflow/.local/lib/python3.6/site-packages/airflow/example_dags/example_trigger_target_dag.py for tasks to queue
[2021-06-21 19:13:23,287] {logging_mixin.py:104} INFO - [2021-06-21 19:13:23,287] {dagbag.py:487} INFO - Filling up the DagBag from /home/airflow/.local/lib/python3.6/site-packages/airflow/example_dags/example_trigger_target_dag.py
[2021-06-21 19:13:23,304] {scheduler_job.py:643} INFO - DAG(s) dict_keys(['example_trigger_target_dag']) retrieved from /home/airflow/.local/lib/python3.6/site-packages/airflow/example_dags/example_trigger_target_dag.py
[2021-06-21 19:13:23,328] {logging_mixin.py:104} INFO - [2021-06-21 19:13:23,327] {dag.py:1832} INFO - Sync 1 DAGs
[2021-06-21 19:13:23,348] {logging_mixin.py:104} INFO - [2021-06-21 19:13:23,348] {dag.py:2305} INFO - Setting next_dagrun for example_trigger_target_dag to None
[2021-06-21 19:13:23,360] {scheduler_job.py:190} INFO - Processing /home/airflow/.local/lib/python3.6/site-packages/airflow/example_dags/example_trigger_target_dag.py took 0.078 seconds
[2021-06-21 19:13:53,841] {scheduler_job.py:182} INFO - Started process (PID=2057) to work on /home/airflow/.local/lib/python3.6/site-packages/airflow/example_dags/example_trigger_target_dag.py
[2021-06-21 19:13:53,842] {scheduler_job.py:633} INFO - Processing file /home/airflow/.local/lib/python3.6/site-packages/airflow/example_dags/example_trigger_target_dag.py for tasks to queue
[2021-06-21 19:13:53,843] {logging_mixin.py:104} INFO - [2021-06-21 19:13:53,843] {dagbag.py:487} INFO - Filling up the DagBag from /home/airflow/.local/lib/python3.6/site-packages/airflow/example_dags/example_trigger_target_dag.py
[2021-06-21 19:13:53,856] {scheduler_job.py:643} INFO - DAG(s) dict_keys(['example_trigger_target_dag']) retrieved from /home/airflow/.local/lib/python3.6/site-packages/airflow/example_dags/example_trigger_target_dag.py
[2021-06-21 19:13:53,884] {logging_mixin.py:104} INFO - [2021-06-21 19:13:53,884] {dag.py:1832} INFO - Sync 1 DAGs
[2021-06-21 19:13:53,903] {logging_mixin.py:104} INFO - [2021-06-21 19:13:53,903] {dag.py:2305} INFO - Setting next_dagrun for example_trigger_target_dag to None
[2021-06-21 19:13:53,911] {scheduler_job.py:190} INFO - Processing /home/airflow/.local/lib/python3.6/site-packages/airflow/example_dags/example_trigger_target_dag.py took 0.073 seconds
[2021-06-21 19:14:24,042] {scheduler_job.py:182} INFO - Started process (PID=2132) to work on /home/airflow/.local/lib/python3.6/site-packages/airflow/example_dags/example_trigger_target_dag.py
[2021-06-21 19:14:24,043] {scheduler_job.py:633} INFO - Processing file /home/airflow/.local/lib/python3.6/site-packages/airflow/example_dags/example_trigger_target_dag.py for tasks to queue
[2021-06-21 19:14:24,044] {logging_mixin.py:104} INFO - [2021-06-21 19:14:24,044] {dagbag.py:487} INFO - Filling up the DagBag from /home/airflow/.local/lib/python3.6/site-packages/airflow/example_dags/example_trigger_target_dag.py
[2021-06-21 19:14:24,061] {scheduler_job.py:643} INFO - DAG(s) dict_keys(['example_trigger_target_dag']) retrieved from /home/airflow/.local/lib/python3.6/site-packages/airflow/example_dags/example_trigger_target_dag.py
[2021-06-21 19:14:24,087] {logging_mixin.py:104} INFO - [2021-06-21 19:14:24,087] {dag.py:1832} INFO - Sync 1 DAGs
[2021-06-21 19:14:24,110] {logging_mixin.py:104} INFO - [2021-06-21 19:14:24,110] {dag.py:2305} INFO - Setting next_dagrun for example_trigger_target_dag to None
[2021-06-21 19:14:24,121] {scheduler_job.py:190} INFO - Processing /home/airflow/.local/lib/python3.6/site-packages/airflow/example_dags/example_trigger_target_dag.py took 0.082 seconds
[2021-06-21 19:14:54,622] {scheduler_job.py:182} INFO - Started process (PID=2203) to work on /home/airflow/.local/lib/python3.6/site-packages/airflow/example_dags/example_trigger_target_dag.py
[2021-06-21 19:14:54,623] {scheduler_job.py:633} INFO - Processing file /home/airflow/.local/lib/python3.6/site-packages/airflow/example_dags/example_trigger_target_dag.py for tasks to queue
[2021-06-21 19:14:54,624] {logging_mixin.py:104} INFO - [2021-06-21 19:14:54,624] {dagbag.py:487} INFO - Filling up the DagBag from /home/airflow/.local/lib/python3.6/site-packages/airflow/example_dags/example_trigger_target_dag.py
[2021-06-21 19:14:54,635] {scheduler_job.py:643} INFO - DAG(s) dict_keys(['example_trigger_target_dag']) retrieved from /home/airflow/.local/lib/python3.6/site-packages/airflow/example_dags/example_trigger_target_dag.py
[2021-06-21 19:14:54,651] {logging_mixin.py:104} INFO - [2021-06-21 19:14:54,651] {dag.py:1832} INFO - Sync 1 DAGs
[2021-06-21 19:14:54,664] {logging_mixin.py:104} INFO - [2021-06-21 19:14:54,664] {dag.py:2305} INFO - Setting next_dagrun for example_trigger_target_dag to None
[2021-06-21 19:14:54,671] {scheduler_job.py:190} INFO - Processing /home/airflow/.local/lib/python3.6/site-packages/airflow/example_dags/example_trigger_target_dag.py took 0.051 seconds
[2021-06-21 19:15:25,444] {scheduler_job.py:182} INFO - Started process (PID=2293) to work on /home/airflow/.local/lib/python3.6/site-packages/airflow/example_dags/example_trigger_target_dag.py
[2021-06-21 19:15:25,445] {scheduler_job.py:633} INFO - Processing file /home/airflow/.local/lib/python3.6/site-packages/airflow/example_dags/example_trigger_target_dag.py for tasks to queue
[2021-06-21 19:15:25,446] {logging_mixin.py:104} INFO - [2021-06-21 19:15:25,446] {dagbag.py:487} INFO - Filling up the DagBag from /home/airflow/.local/lib/python3.6/site-packages/airflow/example_dags/example_trigger_target_dag.py
[2021-06-21 19:15:25,457] {scheduler_job.py:643} INFO - DAG(s) dict_keys(['example_trigger_target_dag']) retrieved from /home/airflow/.local/lib/python3.6/site-packages/airflow/example_dags/example_trigger_target_dag.py
[2021-06-21 19:15:25,477] {logging_mixin.py:104} INFO - [2021-06-21 19:15:25,477] {dag.py:1832} INFO - Sync 1 DAGs
[2021-06-21 19:15:25,490] {logging_mixin.py:104} INFO - [2021-06-21 19:15:25,490] {dag.py:2305} INFO - Setting next_dagrun for example_trigger_target_dag to None
[2021-06-21 19:15:25,499] {scheduler_job.py:190} INFO - Processing /home/airflow/.local/lib/python3.6/site-packages/airflow/example_dags/example_trigger_target_dag.py took 0.058 seconds
[2021-06-21 19:15:56,333] {scheduler_job.py:182} INFO - Started process (PID=2358) to work on /home/airflow/.local/lib/python3.6/site-packages/airflow/example_dags/example_trigger_target_dag.py
[2021-06-21 19:15:56,334] {scheduler_job.py:633} INFO - Processing file /home/airflow/.local/lib/python3.6/site-packages/airflow/example_dags/example_trigger_target_dag.py for tasks to queue
[2021-06-21 19:15:56,334] {logging_mixin.py:104} INFO - [2021-06-21 19:15:56,334] {dagbag.py:487} INFO - Filling up the DagBag from /home/airflow/.local/lib/python3.6/site-packages/airflow/example_dags/example_trigger_target_dag.py
[2021-06-21 19:15:56,346] {scheduler_job.py:643} INFO - DAG(s) dict_keys(['example_trigger_target_dag']) retrieved from /home/airflow/.local/lib/python3.6/site-packages/airflow/example_dags/example_trigger_target_dag.py
[2021-06-21 19:15:56,364] {logging_mixin.py:104} INFO - [2021-06-21 19:15:56,364] {dag.py:1832} INFO - Sync 1 DAGs
[2021-06-21 19:15:56,377] {logging_mixin.py:104} INFO - [2021-06-21 19:15:56,377] {dag.py:2305} INFO - Setting next_dagrun for example_trigger_target_dag to None
[2021-06-21 19:15:56,385] {scheduler_job.py:190} INFO - Processing /home/airflow/.local/lib/python3.6/site-packages/airflow/example_dags/example_trigger_target_dag.py took 0.055 seconds
[2021-06-21 19:16:27,168] {scheduler_job.py:182} INFO - Started process (PID=2439) to work on /home/airflow/.local/lib/python3.6/site-packages/airflow/example_dags/example_trigger_target_dag.py
[2021-06-21 19:16:27,169] {scheduler_job.py:633} INFO - Processing file /home/airflow/.local/lib/python3.6/site-packages/airflow/example_dags/example_trigger_target_dag.py for tasks to queue
[2021-06-21 19:16:27,170] {logging_mixin.py:104} INFO - [2021-06-21 19:16:27,170] {dagbag.py:487} INFO - Filling up the DagBag from /home/airflow/.local/lib/python3.6/site-packages/airflow/example_dags/example_trigger_target_dag.py
[2021-06-21 19:16:27,180] {scheduler_job.py:643} INFO - DAG(s) dict_keys(['example_trigger_target_dag']) retrieved from /home/airflow/.local/lib/python3.6/site-packages/airflow/example_dags/example_trigger_target_dag.py
[2021-06-21 19:16:27,197] {logging_mixin.py:104} INFO - [2021-06-21 19:16:27,197] {dag.py:1832} INFO - Sync 1 DAGs
[2021-06-21 19:16:27,209] {logging_mixin.py:104} INFO - [2021-06-21 19:16:27,209] {dag.py:2305} INFO - Setting next_dagrun for example_trigger_target_dag to None
[2021-06-21 19:16:27,234] {scheduler_job.py:190} INFO - Processing /home/airflow/.local/lib/python3.6/site-packages/airflow/example_dags/example_trigger_target_dag.py took 0.068 seconds
[2021-06-21 19:16:57,391] {scheduler_job.py:182} INFO - Started process (PID=2504) to work on /home/airflow/.local/lib/python3.6/site-packages/airflow/example_dags/example_trigger_target_dag.py
[2021-06-21 19:16:57,392] {scheduler_job.py:633} INFO - Processing file /home/airflow/.local/lib/python3.6/site-packages/airflow/example_dags/example_trigger_target_dag.py for tasks to queue
[2021-06-21 19:16:57,393] {logging_mixin.py:104} INFO - [2021-06-21 19:16:57,393] {dagbag.py:487} INFO - Filling up the DagBag from /home/airflow/.local/lib/python3.6/site-packages/airflow/example_dags/example_trigger_target_dag.py
[2021-06-21 19:16:57,404] {scheduler_job.py:643} INFO - DAG(s) dict_keys(['example_trigger_target_dag']) retrieved from /home/airflow/.local/lib/python3.6/site-packages/airflow/example_dags/example_trigger_target_dag.py
[2021-06-21 19:16:57,424] {logging_mixin.py:104} INFO - [2021-06-21 19:16:57,424] {dag.py:1832} INFO - Sync 1 DAGs
[2021-06-21 19:16:57,442] {logging_mixin.py:104} INFO - [2021-06-21 19:16:57,442] {dag.py:2305} INFO - Setting next_dagrun for example_trigger_target_dag to None
[2021-06-21 19:16:57,473] {scheduler_job.py:190} INFO - Processing /home/airflow/.local/lib/python3.6/site-packages/airflow/example_dags/example_trigger_target_dag.py took 0.085 seconds
[2021-06-21 19:17:27,719] {scheduler_job.py:182} INFO - Started process (PID=2584) to work on /home/airflow/.local/lib/python3.6/site-packages/airflow/example_dags/example_trigger_target_dag.py
[2021-06-21 19:17:27,722] {scheduler_job.py:633} INFO - Processing file /home/airflow/.local/lib/python3.6/site-packages/airflow/example_dags/example_trigger_target_dag.py for tasks to queue
[2021-06-21 19:17:27,723] {logging_mixin.py:104} INFO - [2021-06-21 19:17:27,723] {dagbag.py:487} INFO - Filling up the DagBag from /home/airflow/.local/lib/python3.6/site-packages/airflow/example_dags/example_trigger_target_dag.py
[2021-06-21 19:17:27,759] {scheduler_job.py:643} INFO - DAG(s) dict_keys(['example_trigger_target_dag']) retrieved from /home/airflow/.local/lib/python3.6/site-packages/airflow/example_dags/example_trigger_target_dag.py
[2021-06-21 19:17:27,791] {logging_mixin.py:104} INFO - [2021-06-21 19:17:27,791] {dag.py:1832} INFO - Sync 1 DAGs
[2021-06-21 19:17:27,810] {logging_mixin.py:104} INFO - [2021-06-21 19:17:27,810] {dag.py:2305} INFO - Setting next_dagrun for example_trigger_target_dag to None
[2021-06-21 19:17:27,836] {scheduler_job.py:190} INFO - Processing /home/airflow/.local/lib/python3.6/site-packages/airflow/example_dags/example_trigger_target_dag.py took 0.125 seconds
[2021-06-21 19:17:57,995] {scheduler_job.py:182} INFO - Started process (PID=2649) to work on /home/airflow/.local/lib/python3.6/site-packages/airflow/example_dags/example_trigger_target_dag.py
[2021-06-21 19:17:57,996] {scheduler_job.py:633} INFO - Processing file /home/airflow/.local/lib/python3.6/site-packages/airflow/example_dags/example_trigger_target_dag.py for tasks to queue
[2021-06-21 19:17:57,997] {logging_mixin.py:104} INFO - [2021-06-21 19:17:57,997] {dagbag.py:487} INFO - Filling up the DagBag from /home/airflow/.local/lib/python3.6/site-packages/airflow/example_dags/example_trigger_target_dag.py
[2021-06-21 19:17:58,010] {scheduler_job.py:643} INFO - DAG(s) dict_keys(['example_trigger_target_dag']) retrieved from /home/airflow/.local/lib/python3.6/site-packages/airflow/example_dags/example_trigger_target_dag.py
[2021-06-21 19:17:58,027] {logging_mixin.py:104} INFO - [2021-06-21 19:17:58,027] {dag.py:1832} INFO - Sync 1 DAGs
[2021-06-21 19:17:58,040] {logging_mixin.py:104} INFO - [2021-06-21 19:17:58,040] {dag.py:2305} INFO - Setting next_dagrun for example_trigger_target_dag to None
[2021-06-21 19:17:58,064] {scheduler_job.py:190} INFO - Processing /home/airflow/.local/lib/python3.6/site-packages/airflow/example_dags/example_trigger_target_dag.py took 0.071 seconds
[2021-06-21 19:18:28,707] {scheduler_job.py:182} INFO - Started process (PID=2733) to work on /home/airflow/.local/lib/python3.6/site-packages/airflow/example_dags/example_trigger_target_dag.py
[2021-06-21 19:18:28,708] {scheduler_job.py:633} INFO - Processing file /home/airflow/.local/lib/python3.6/site-packages/airflow/example_dags/example_trigger_target_dag.py for tasks to queue
[2021-06-21 19:18:28,708] {logging_mixin.py:104} INFO - [2021-06-21 19:18:28,708] {dagbag.py:487} INFO - Filling up the DagBag from /home/airflow/.local/lib/python3.6/site-packages/airflow/example_dags/example_trigger_target_dag.py
[2021-06-21 19:18:28,719] {scheduler_job.py:643} INFO - DAG(s) dict_keys(['example_trigger_target_dag']) retrieved from /home/airflow/.local/lib/python3.6/site-packages/airflow/example_dags/example_trigger_target_dag.py
[2021-06-21 19:18:28,734] {logging_mixin.py:104} INFO - [2021-06-21 19:18:28,734] {dag.py:1832} INFO - Sync 1 DAGs
[2021-06-21 19:18:28,746] {logging_mixin.py:104} INFO - [2021-06-21 19:18:28,746] {dag.py:2305} INFO - Setting next_dagrun for example_trigger_target_dag to None
[2021-06-21 19:18:28,752] {scheduler_job.py:190} INFO - Processing /home/airflow/.local/lib/python3.6/site-packages/airflow/example_dags/example_trigger_target_dag.py took 0.047 seconds
[2021-06-21 19:18:59,524] {scheduler_job.py:182} INFO - Started process (PID=2797) to work on /home/airflow/.local/lib/python3.6/site-packages/airflow/example_dags/example_trigger_target_dag.py
[2021-06-21 19:18:59,524] {scheduler_job.py:633} INFO - Processing file /home/airflow/.local/lib/python3.6/site-packages/airflow/example_dags/example_trigger_target_dag.py for tasks to queue
[2021-06-21 19:18:59,525] {logging_mixin.py:104} INFO - [2021-06-21 19:18:59,525] {dagbag.py:487} INFO - Filling up the DagBag from /home/airflow/.local/lib/python3.6/site-packages/airflow/example_dags/example_trigger_target_dag.py
[2021-06-21 19:18:59,538] {scheduler_job.py:643} INFO - DAG(s) dict_keys(['example_trigger_target_dag']) retrieved from /home/airflow/.local/lib/python3.6/site-packages/airflow/example_dags/example_trigger_target_dag.py
[2021-06-21 19:18:59,556] {logging_mixin.py:104} INFO - [2021-06-21 19:18:59,556] {dag.py:1832} INFO - Sync 1 DAGs
[2021-06-21 19:18:59,570] {logging_mixin.py:104} INFO - [2021-06-21 19:18:59,570] {dag.py:2305} INFO - Setting next_dagrun for example_trigger_target_dag to None
[2021-06-21 19:18:59,577] {scheduler_job.py:190} INFO - Processing /home/airflow/.local/lib/python3.6/site-packages/airflow/example_dags/example_trigger_target_dag.py took 0.056 seconds
[2021-06-21 19:19:30,266] {scheduler_job.py:182} INFO - Started process (PID=2881) to work on /home/airflow/.local/lib/python3.6/site-packages/airflow/example_dags/example_trigger_target_dag.py
[2021-06-21 19:19:30,267] {scheduler_job.py:633} INFO - Processing file /home/airflow/.local/lib/python3.6/site-packages/airflow/example_dags/example_trigger_target_dag.py for tasks to queue
[2021-06-21 19:19:30,268] {logging_mixin.py:104} INFO - [2021-06-21 19:19:30,267] {dagbag.py:487} INFO - Filling up the DagBag from /home/airflow/.local/lib/python3.6/site-packages/airflow/example_dags/example_trigger_target_dag.py
[2021-06-21 19:19:30,280] {scheduler_job.py:643} INFO - DAG(s) dict_keys(['example_trigger_target_dag']) retrieved from /home/airflow/.local/lib/python3.6/site-packages/airflow/example_dags/example_trigger_target_dag.py
[2021-06-21 19:19:30,297] {logging_mixin.py:104} INFO - [2021-06-21 19:19:30,297] {dag.py:1832} INFO - Sync 1 DAGs
[2021-06-21 19:19:30,311] {logging_mixin.py:104} INFO - [2021-06-21 19:19:30,311] {dag.py:2305} INFO - Setting next_dagrun for example_trigger_target_dag to None
[2021-06-21 19:19:30,320] {scheduler_job.py:190} INFO - Processing /home/airflow/.local/lib/python3.6/site-packages/airflow/example_dags/example_trigger_target_dag.py took 0.056 seconds
[2021-06-21 19:20:01,023] {scheduler_job.py:182} INFO - Started process (PID=2945) to work on /home/airflow/.local/lib/python3.6/site-packages/airflow/example_dags/example_trigger_target_dag.py
[2021-06-21 19:20:01,024] {scheduler_job.py:633} INFO - Processing file /home/airflow/.local/lib/python3.6/site-packages/airflow/example_dags/example_trigger_target_dag.py for tasks to queue
[2021-06-21 19:20:01,025] {logging_mixin.py:104} INFO - [2021-06-21 19:20:01,025] {dagbag.py:487} INFO - Filling up the DagBag from /home/airflow/.local/lib/python3.6/site-packages/airflow/example_dags/example_trigger_target_dag.py
[2021-06-21 19:20:01,044] {scheduler_job.py:643} INFO - DAG(s) dict_keys(['example_trigger_target_dag']) retrieved from /home/airflow/.local/lib/python3.6/site-packages/airflow/example_dags/example_trigger_target_dag.py
[2021-06-21 19:20:01,071] {logging_mixin.py:104} INFO - [2021-06-21 19:20:01,071] {dag.py:1832} INFO - Sync 1 DAGs
[2021-06-21 19:20:01,092] {logging_mixin.py:104} INFO - [2021-06-21 19:20:01,092] {dag.py:2305} INFO - Setting next_dagrun for example_trigger_target_dag to None
[2021-06-21 19:20:01,104] {scheduler_job.py:190} INFO - Processing /home/airflow/.local/lib/python3.6/site-packages/airflow/example_dags/example_trigger_target_dag.py took 0.087 seconds
[2021-06-21 19:20:31,656] {scheduler_job.py:182} INFO - Started process (PID=3027) to work on /home/airflow/.local/lib/python3.6/site-packages/airflow/example_dags/example_trigger_target_dag.py
[2021-06-21 19:20:31,656] {scheduler_job.py:633} INFO - Processing file /home/airflow/.local/lib/python3.6/site-packages/airflow/example_dags/example_trigger_target_dag.py for tasks to queue
[2021-06-21 19:20:31,657] {logging_mixin.py:104} INFO - [2021-06-21 19:20:31,657] {dagbag.py:487} INFO - Filling up the DagBag from /home/airflow/.local/lib/python3.6/site-packages/airflow/example_dags/example_trigger_target_dag.py
[2021-06-21 19:20:31,668] {scheduler_job.py:643} INFO - DAG(s) dict_keys(['example_trigger_target_dag']) retrieved from /home/airflow/.local/lib/python3.6/site-packages/airflow/example_dags/example_trigger_target_dag.py
[2021-06-21 19:20:31,686] {logging_mixin.py:104} INFO - [2021-06-21 19:20:31,686] {dag.py:1832} INFO - Sync 1 DAGs
[2021-06-21 19:20:31,699] {logging_mixin.py:104} INFO - [2021-06-21 19:20:31,699] {dag.py:2305} INFO - Setting next_dagrun for example_trigger_target_dag to None
[2021-06-21 19:20:31,707] {scheduler_job.py:190} INFO - Processing /home/airflow/.local/lib/python3.6/site-packages/airflow/example_dags/example_trigger_target_dag.py took 0.054 seconds
[2021-06-21 19:21:02,353] {scheduler_job.py:182} INFO - Started process (PID=3100) to work on /home/airflow/.local/lib/python3.6/site-packages/airflow/example_dags/example_trigger_target_dag.py
[2021-06-21 19:21:02,354] {scheduler_job.py:633} INFO - Processing file /home/airflow/.local/lib/python3.6/site-packages/airflow/example_dags/example_trigger_target_dag.py for tasks to queue
[2021-06-21 19:21:02,355] {logging_mixin.py:104} INFO - [2021-06-21 19:21:02,355] {dagbag.py:487} INFO - Filling up the DagBag from /home/airflow/.local/lib/python3.6/site-packages/airflow/example_dags/example_trigger_target_dag.py
[2021-06-21 19:21:02,366] {scheduler_job.py:643} INFO - DAG(s) dict_keys(['example_trigger_target_dag']) retrieved from /home/airflow/.local/lib/python3.6/site-packages/airflow/example_dags/example_trigger_target_dag.py
[2021-06-21 19:21:02,383] {logging_mixin.py:104} INFO - [2021-06-21 19:21:02,382] {dag.py:1832} INFO - Sync 1 DAGs
[2021-06-21 19:21:02,396] {logging_mixin.py:104} INFO - [2021-06-21 19:21:02,396] {dag.py:2305} INFO - Setting next_dagrun for example_trigger_target_dag to None
[2021-06-21 19:21:02,405] {scheduler_job.py:190} INFO - Processing /home/airflow/.local/lib/python3.6/site-packages/airflow/example_dags/example_trigger_target_dag.py took 0.054 seconds
[2021-06-21 19:21:32,930] {scheduler_job.py:182} INFO - Started process (PID=3174) to work on /home/airflow/.local/lib/python3.6/site-packages/airflow/example_dags/example_trigger_target_dag.py
[2021-06-21 19:21:32,931] {scheduler_job.py:633} INFO - Processing file /home/airflow/.local/lib/python3.6/site-packages/airflow/example_dags/example_trigger_target_dag.py for tasks to queue
[2021-06-21 19:21:32,931] {logging_mixin.py:104} INFO - [2021-06-21 19:21:32,931] {dagbag.py:487} INFO - Filling up the DagBag from /home/airflow/.local/lib/python3.6/site-packages/airflow/example_dags/example_trigger_target_dag.py
[2021-06-21 19:21:32,943] {scheduler_job.py:643} INFO - DAG(s) dict_keys(['example_trigger_target_dag']) retrieved from /home/airflow/.local/lib/python3.6/site-packages/airflow/example_dags/example_trigger_target_dag.py
[2021-06-21 19:21:32,960] {logging_mixin.py:104} INFO - [2021-06-21 19:21:32,960] {dag.py:1832} INFO - Sync 1 DAGs
[2021-06-21 19:21:32,974] {logging_mixin.py:104} INFO - [2021-06-21 19:21:32,974] {dag.py:2305} INFO - Setting next_dagrun for example_trigger_target_dag to None
[2021-06-21 19:21:32,981] {scheduler_job.py:190} INFO - Processing /home/airflow/.local/lib/python3.6/site-packages/airflow/example_dags/example_trigger_target_dag.py took 0.054 seconds
[2021-06-21 19:22:03,607] {scheduler_job.py:182} INFO - Started process (PID=3247) to work on /home/airflow/.local/lib/python3.6/site-packages/airflow/example_dags/example_trigger_target_dag.py
[2021-06-21 19:22:03,609] {scheduler_job.py:633} INFO - Processing file /home/airflow/.local/lib/python3.6/site-packages/airflow/example_dags/example_trigger_target_dag.py for tasks to queue
[2021-06-21 19:22:03,609] {logging_mixin.py:104} INFO - [2021-06-21 19:22:03,609] {dagbag.py:487} INFO - Filling up the DagBag from /home/airflow/.local/lib/python3.6/site-packages/airflow/example_dags/example_trigger_target_dag.py
[2021-06-21 19:22:03,622] {scheduler_job.py:643} INFO - DAG(s) dict_keys(['example_trigger_target_dag']) retrieved from /home/airflow/.local/lib/python3.6/site-packages/airflow/example_dags/example_trigger_target_dag.py
[2021-06-21 19:22:03,645] {logging_mixin.py:104} INFO - [2021-06-21 19:22:03,645] {dag.py:1832} INFO - Sync 1 DAGs
[2021-06-21 19:22:03,665] {logging_mixin.py:104} INFO - [2021-06-21 19:22:03,665] {dag.py:2305} INFO - Setting next_dagrun for example_trigger_target_dag to None
[2021-06-21 19:22:03,677] {scheduler_job.py:190} INFO - Processing /home/airflow/.local/lib/python3.6/site-packages/airflow/example_dags/example_trigger_target_dag.py took 0.073 seconds
[2021-06-21 19:22:34,267] {scheduler_job.py:182} INFO - Started process (PID=3321) to work on /home/airflow/.local/lib/python3.6/site-packages/airflow/example_dags/example_trigger_target_dag.py
[2021-06-21 19:22:34,271] {scheduler_job.py:633} INFO - Processing file /home/airflow/.local/lib/python3.6/site-packages/airflow/example_dags/example_trigger_target_dag.py for tasks to queue
[2021-06-21 19:22:34,274] {logging_mixin.py:104} INFO - [2021-06-21 19:22:34,273] {dagbag.py:487} INFO - Filling up the DagBag from /home/airflow/.local/lib/python3.6/site-packages/airflow/example_dags/example_trigger_target_dag.py
[2021-06-21 19:22:34,319] {scheduler_job.py:643} INFO - DAG(s) dict_keys(['example_trigger_target_dag']) retrieved from /home/airflow/.local/lib/python3.6/site-packages/airflow/example_dags/example_trigger_target_dag.py
[2021-06-21 19:22:34,372] {logging_mixin.py:104} INFO - [2021-06-21 19:22:34,372] {dag.py:1832} INFO - Sync 1 DAGs
[2021-06-21 19:22:34,403] {logging_mixin.py:104} INFO - [2021-06-21 19:22:34,403] {dag.py:2305} INFO - Setting next_dagrun for example_trigger_target_dag to None
[2021-06-21 19:22:34,437] {scheduler_job.py:190} INFO - Processing /home/airflow/.local/lib/python3.6/site-packages/airflow/example_dags/example_trigger_target_dag.py took 0.179 seconds
[2021-06-21 19:23:04,465] {scheduler_job.py:182} INFO - Started process (PID=3394) to work on /home/airflow/.local/lib/python3.6/site-packages/airflow/example_dags/example_trigger_target_dag.py
[2021-06-21 19:23:04,466] {scheduler_job.py:633} INFO - Processing file /home/airflow/.local/lib/python3.6/site-packages/airflow/example_dags/example_trigger_target_dag.py for tasks to queue
[2021-06-21 19:23:04,467] {logging_mixin.py:104} INFO - [2021-06-21 19:23:04,466] {dagbag.py:487} INFO - Filling up the DagBag from /home/airflow/.local/lib/python3.6/site-packages/airflow/example_dags/example_trigger_target_dag.py
[2021-06-21 19:23:04,479] {scheduler_job.py:643} INFO - DAG(s) dict_keys(['example_trigger_target_dag']) retrieved from /home/airflow/.local/lib/python3.6/site-packages/airflow/example_dags/example_trigger_target_dag.py
[2021-06-21 19:23:04,497] {logging_mixin.py:104} INFO - [2021-06-21 19:23:04,497] {dag.py:1832} INFO - Sync 1 DAGs
[2021-06-21 19:23:04,511] {logging_mixin.py:104} INFO - [2021-06-21 19:23:04,510] {dag.py:2305} INFO - Setting next_dagrun for example_trigger_target_dag to None
[2021-06-21 19:23:04,535] {scheduler_job.py:190} INFO - Processing /home/airflow/.local/lib/python3.6/site-packages/airflow/example_dags/example_trigger_target_dag.py took 0.072 seconds
[2021-06-21 19:23:34,958] {scheduler_job.py:182} INFO - Started process (PID=3466) to work on /home/airflow/.local/lib/python3.6/site-packages/airflow/example_dags/example_trigger_target_dag.py
[2021-06-21 19:23:34,959] {scheduler_job.py:633} INFO - Processing file /home/airflow/.local/lib/python3.6/site-packages/airflow/example_dags/example_trigger_target_dag.py for tasks to queue
[2021-06-21 19:23:34,959] {logging_mixin.py:104} INFO - [2021-06-21 19:23:34,959] {dagbag.py:487} INFO - Filling up the DagBag from /home/airflow/.local/lib/python3.6/site-packages/airflow/example_dags/example_trigger_target_dag.py
[2021-06-21 19:23:34,969] {scheduler_job.py:643} INFO - DAG(s) dict_keys(['example_trigger_target_dag']) retrieved from /home/airflow/.local/lib/python3.6/site-packages/airflow/example_dags/example_trigger_target_dag.py
[2021-06-21 19:23:34,986] {logging_mixin.py:104} INFO - [2021-06-21 19:23:34,986] {dag.py:1832} INFO - Sync 1 DAGs
[2021-06-21 19:23:34,998] {logging_mixin.py:104} INFO - [2021-06-21 19:23:34,998] {dag.py:2305} INFO - Setting next_dagrun for example_trigger_target_dag to None
[2021-06-21 19:23:35,026] {scheduler_job.py:190} INFO - Processing /home/airflow/.local/lib/python3.6/site-packages/airflow/example_dags/example_trigger_target_dag.py took 0.070 seconds
