[2021-06-21 19:00:30,418] {scheduler_job.py:182} INFO - Started process (PID=128) to work on /home/airflow/.local/lib/python3.6/site-packages/airflow/example_dags/example_branch_datetime_operator.py
[2021-06-21 19:00:30,419] {scheduler_job.py:633} INFO - Processing file /home/airflow/.local/lib/python3.6/site-packages/airflow/example_dags/example_branch_datetime_operator.py for tasks to queue
[2021-06-21 19:00:30,420] {logging_mixin.py:104} INFO - [2021-06-21 19:00:30,420] {dagbag.py:487} INFO - Filling up the DagBag from /home/airflow/.local/lib/python3.6/site-packages/airflow/example_dags/example_branch_datetime_operator.py
[2021-06-21 19:00:30,442] {scheduler_job.py:643} INFO - DAG(s) dict_keys(['example_branch_datetime_operator_2']) retrieved from /home/airflow/.local/lib/python3.6/site-packages/airflow/example_dags/example_branch_datetime_operator.py
[2021-06-21 19:00:32,968] {logging_mixin.py:104} INFO - [2021-06-21 19:00:32,966] {dag.py:1832} INFO - Sync 1 DAGs
[2021-06-21 19:00:32,986] {logging_mixin.py:104} INFO - [2021-06-21 19:00:32,984] {dag.py:1851} INFO - Creating ORM DAG for example_branch_datetime_operator_2
[2021-06-21 19:00:32,999] {logging_mixin.py:104} INFO - [2021-06-21 19:00:32,999] {dag.py:2305} INFO - Setting next_dagrun for example_branch_datetime_operator_2 to 2021-06-19 00:00:00+00:00
[2021-06-21 19:00:33,020] {scheduler_job.py:190} INFO - Processing /home/airflow/.local/lib/python3.6/site-packages/airflow/example_dags/example_branch_datetime_operator.py took 2.609 seconds
[2021-06-21 19:01:03,075] {scheduler_job.py:182} INFO - Started process (PID=208) to work on /home/airflow/.local/lib/python3.6/site-packages/airflow/example_dags/example_branch_datetime_operator.py
[2021-06-21 19:01:03,076] {scheduler_job.py:633} INFO - Processing file /home/airflow/.local/lib/python3.6/site-packages/airflow/example_dags/example_branch_datetime_operator.py for tasks to queue
[2021-06-21 19:01:03,076] {logging_mixin.py:104} INFO - [2021-06-21 19:01:03,076] {dagbag.py:487} INFO - Filling up the DagBag from /home/airflow/.local/lib/python3.6/site-packages/airflow/example_dags/example_branch_datetime_operator.py
[2021-06-21 19:01:03,087] {scheduler_job.py:643} INFO - DAG(s) dict_keys(['example_branch_datetime_operator_2']) retrieved from /home/airflow/.local/lib/python3.6/site-packages/airflow/example_dags/example_branch_datetime_operator.py
[2021-06-21 19:01:03,104] {logging_mixin.py:104} INFO - [2021-06-21 19:01:03,104] {dag.py:1832} INFO - Sync 1 DAGs
[2021-06-21 19:01:03,121] {logging_mixin.py:104} INFO - [2021-06-21 19:01:03,121] {dag.py:2305} INFO - Setting next_dagrun for example_branch_datetime_operator_2 to 2021-06-19 00:00:00+00:00
[2021-06-21 19:01:03,129] {scheduler_job.py:190} INFO - Processing /home/airflow/.local/lib/python3.6/site-packages/airflow/example_dags/example_branch_datetime_operator.py took 0.056 seconds
[2021-06-21 19:01:33,861] {scheduler_job.py:182} INFO - Started process (PID=280) to work on /home/airflow/.local/lib/python3.6/site-packages/airflow/example_dags/example_branch_datetime_operator.py
[2021-06-21 19:01:33,863] {scheduler_job.py:633} INFO - Processing file /home/airflow/.local/lib/python3.6/site-packages/airflow/example_dags/example_branch_datetime_operator.py for tasks to queue
[2021-06-21 19:01:33,865] {logging_mixin.py:104} INFO - [2021-06-21 19:01:33,865] {dagbag.py:487} INFO - Filling up the DagBag from /home/airflow/.local/lib/python3.6/site-packages/airflow/example_dags/example_branch_datetime_operator.py
[2021-06-21 19:01:33,915] {scheduler_job.py:643} INFO - DAG(s) dict_keys(['example_branch_datetime_operator_2']) retrieved from /home/airflow/.local/lib/python3.6/site-packages/airflow/example_dags/example_branch_datetime_operator.py
[2021-06-21 19:01:33,973] {logging_mixin.py:104} INFO - [2021-06-21 19:01:33,972] {dag.py:1832} INFO - Sync 1 DAGs
[2021-06-21 19:01:34,007] {logging_mixin.py:104} INFO - [2021-06-21 19:01:34,007] {dag.py:2305} INFO - Setting next_dagrun for example_branch_datetime_operator_2 to 2021-06-19 00:00:00+00:00
[2021-06-21 19:01:34,021] {scheduler_job.py:190} INFO - Processing /home/airflow/.local/lib/python3.6/site-packages/airflow/example_dags/example_branch_datetime_operator.py took 0.169 seconds
[2021-06-21 19:02:04,092] {scheduler_job.py:182} INFO - Started process (PID=351) to work on /home/airflow/.local/lib/python3.6/site-packages/airflow/example_dags/example_branch_datetime_operator.py
[2021-06-21 19:02:04,093] {scheduler_job.py:633} INFO - Processing file /home/airflow/.local/lib/python3.6/site-packages/airflow/example_dags/example_branch_datetime_operator.py for tasks to queue
[2021-06-21 19:02:04,094] {logging_mixin.py:104} INFO - [2021-06-21 19:02:04,094] {dagbag.py:487} INFO - Filling up the DagBag from /home/airflow/.local/lib/python3.6/site-packages/airflow/example_dags/example_branch_datetime_operator.py
[2021-06-21 19:02:04,103] {scheduler_job.py:643} INFO - DAG(s) dict_keys(['example_branch_datetime_operator_2']) retrieved from /home/airflow/.local/lib/python3.6/site-packages/airflow/example_dags/example_branch_datetime_operator.py
[2021-06-21 19:02:04,119] {logging_mixin.py:104} INFO - [2021-06-21 19:02:04,118] {dag.py:1832} INFO - Sync 1 DAGs
[2021-06-21 19:02:04,133] {logging_mixin.py:104} INFO - [2021-06-21 19:02:04,133] {dag.py:2305} INFO - Setting next_dagrun for example_branch_datetime_operator_2 to 2021-06-19 00:00:00+00:00
[2021-06-21 19:02:04,158] {scheduler_job.py:190} INFO - Processing /home/airflow/.local/lib/python3.6/site-packages/airflow/example_dags/example_branch_datetime_operator.py took 0.067 seconds
[2021-06-21 19:02:34,250] {scheduler_job.py:182} INFO - Started process (PID=423) to work on /home/airflow/.local/lib/python3.6/site-packages/airflow/example_dags/example_branch_datetime_operator.py
[2021-06-21 19:02:34,251] {scheduler_job.py:633} INFO - Processing file /home/airflow/.local/lib/python3.6/site-packages/airflow/example_dags/example_branch_datetime_operator.py for tasks to queue
[2021-06-21 19:02:34,251] {logging_mixin.py:104} INFO - [2021-06-21 19:02:34,251] {dagbag.py:487} INFO - Filling up the DagBag from /home/airflow/.local/lib/python3.6/site-packages/airflow/example_dags/example_branch_datetime_operator.py
[2021-06-21 19:02:34,261] {scheduler_job.py:643} INFO - DAG(s) dict_keys(['example_branch_datetime_operator_2']) retrieved from /home/airflow/.local/lib/python3.6/site-packages/airflow/example_dags/example_branch_datetime_operator.py
[2021-06-21 19:02:34,276] {logging_mixin.py:104} INFO - [2021-06-21 19:02:34,276] {dag.py:1832} INFO - Sync 1 DAGs
[2021-06-21 19:02:34,291] {logging_mixin.py:104} INFO - [2021-06-21 19:02:34,291] {dag.py:2305} INFO - Setting next_dagrun for example_branch_datetime_operator_2 to 2021-06-19 00:00:00+00:00
[2021-06-21 19:02:34,324] {scheduler_job.py:190} INFO - Processing /home/airflow/.local/lib/python3.6/site-packages/airflow/example_dags/example_branch_datetime_operator.py took 0.076 seconds
[2021-06-21 19:03:04,792] {scheduler_job.py:182} INFO - Started process (PID=506) to work on /home/airflow/.local/lib/python3.6/site-packages/airflow/example_dags/example_branch_datetime_operator.py
[2021-06-21 19:03:04,793] {scheduler_job.py:633} INFO - Processing file /home/airflow/.local/lib/python3.6/site-packages/airflow/example_dags/example_branch_datetime_operator.py for tasks to queue
[2021-06-21 19:03:04,793] {logging_mixin.py:104} INFO - [2021-06-21 19:03:04,793] {dagbag.py:487} INFO - Filling up the DagBag from /home/airflow/.local/lib/python3.6/site-packages/airflow/example_dags/example_branch_datetime_operator.py
[2021-06-21 19:03:04,814] {scheduler_job.py:643} INFO - DAG(s) dict_keys(['example_branch_datetime_operator_2']) retrieved from /home/airflow/.local/lib/python3.6/site-packages/airflow/example_dags/example_branch_datetime_operator.py
[2021-06-21 19:03:04,832] {logging_mixin.py:104} INFO - [2021-06-21 19:03:04,832] {dag.py:1832} INFO - Sync 1 DAGs
[2021-06-21 19:03:04,849] {logging_mixin.py:104} INFO - [2021-06-21 19:03:04,849] {dag.py:2305} INFO - Setting next_dagrun for example_branch_datetime_operator_2 to 2021-06-19 00:00:00+00:00
[2021-06-21 19:03:04,883] {scheduler_job.py:190} INFO - Processing /home/airflow/.local/lib/python3.6/site-packages/airflow/example_dags/example_branch_datetime_operator.py took 0.095 seconds
[2021-06-21 19:03:35,041] {scheduler_job.py:182} INFO - Started process (PID=570) to work on /home/airflow/.local/lib/python3.6/site-packages/airflow/example_dags/example_branch_datetime_operator.py
[2021-06-21 19:03:35,044] {scheduler_job.py:633} INFO - Processing file /home/airflow/.local/lib/python3.6/site-packages/airflow/example_dags/example_branch_datetime_operator.py for tasks to queue
[2021-06-21 19:03:35,046] {logging_mixin.py:104} INFO - [2021-06-21 19:03:35,045] {dagbag.py:487} INFO - Filling up the DagBag from /home/airflow/.local/lib/python3.6/site-packages/airflow/example_dags/example_branch_datetime_operator.py
[2021-06-21 19:03:35,068] {scheduler_job.py:643} INFO - DAG(s) dict_keys(['example_branch_datetime_operator_2']) retrieved from /home/airflow/.local/lib/python3.6/site-packages/airflow/example_dags/example_branch_datetime_operator.py
[2021-06-21 19:03:35,085] {logging_mixin.py:104} INFO - [2021-06-21 19:03:35,085] {dag.py:1832} INFO - Sync 1 DAGs
[2021-06-21 19:03:35,100] {logging_mixin.py:104} INFO - [2021-06-21 19:03:35,100] {dag.py:2305} INFO - Setting next_dagrun for example_branch_datetime_operator_2 to 2021-06-19 00:00:00+00:00
[2021-06-21 19:03:35,127] {scheduler_job.py:190} INFO - Processing /home/airflow/.local/lib/python3.6/site-packages/airflow/example_dags/example_branch_datetime_operator.py took 0.097 seconds
[2021-06-21 19:04:05,198] {scheduler_job.py:182} INFO - Started process (PID=650) to work on /home/airflow/.local/lib/python3.6/site-packages/airflow/example_dags/example_branch_datetime_operator.py
[2021-06-21 19:04:05,199] {scheduler_job.py:633} INFO - Processing file /home/airflow/.local/lib/python3.6/site-packages/airflow/example_dags/example_branch_datetime_operator.py for tasks to queue
[2021-06-21 19:04:05,200] {logging_mixin.py:104} INFO - [2021-06-21 19:04:05,199] {dagbag.py:487} INFO - Filling up the DagBag from /home/airflow/.local/lib/python3.6/site-packages/airflow/example_dags/example_branch_datetime_operator.py
[2021-06-21 19:04:05,210] {scheduler_job.py:643} INFO - DAG(s) dict_keys(['example_branch_datetime_operator_2']) retrieved from /home/airflow/.local/lib/python3.6/site-packages/airflow/example_dags/example_branch_datetime_operator.py
[2021-06-21 19:04:05,226] {logging_mixin.py:104} INFO - [2021-06-21 19:04:05,226] {dag.py:1832} INFO - Sync 1 DAGs
[2021-06-21 19:04:05,240] {logging_mixin.py:104} INFO - [2021-06-21 19:04:05,240] {dag.py:2305} INFO - Setting next_dagrun for example_branch_datetime_operator_2 to 2021-06-19 00:00:00+00:00
[2021-06-21 19:04:05,268] {scheduler_job.py:190} INFO - Processing /home/airflow/.local/lib/python3.6/site-packages/airflow/example_dags/example_branch_datetime_operator.py took 0.072 seconds
[2021-06-21 19:04:35,320] {scheduler_job.py:182} INFO - Started process (PID=714) to work on /home/airflow/.local/lib/python3.6/site-packages/airflow/example_dags/example_branch_datetime_operator.py
[2021-06-21 19:04:35,322] {scheduler_job.py:633} INFO - Processing file /home/airflow/.local/lib/python3.6/site-packages/airflow/example_dags/example_branch_datetime_operator.py for tasks to queue
[2021-06-21 19:04:35,322] {logging_mixin.py:104} INFO - [2021-06-21 19:04:35,322] {dagbag.py:487} INFO - Filling up the DagBag from /home/airflow/.local/lib/python3.6/site-packages/airflow/example_dags/example_branch_datetime_operator.py
[2021-06-21 19:04:35,341] {scheduler_job.py:643} INFO - DAG(s) dict_keys(['example_branch_datetime_operator_2']) retrieved from /home/airflow/.local/lib/python3.6/site-packages/airflow/example_dags/example_branch_datetime_operator.py
[2021-06-21 19:04:35,370] {logging_mixin.py:104} INFO - [2021-06-21 19:04:35,370] {dag.py:1832} INFO - Sync 1 DAGs
[2021-06-21 19:04:35,398] {logging_mixin.py:104} INFO - [2021-06-21 19:04:35,398] {dag.py:2305} INFO - Setting next_dagrun for example_branch_datetime_operator_2 to 2021-06-19 00:00:00+00:00
[2021-06-21 19:04:35,410] {scheduler_job.py:190} INFO - Processing /home/airflow/.local/lib/python3.6/site-packages/airflow/example_dags/example_branch_datetime_operator.py took 0.095 seconds
[2021-06-21 19:05:05,454] {scheduler_job.py:182} INFO - Started process (PID=795) to work on /home/airflow/.local/lib/python3.6/site-packages/airflow/example_dags/example_branch_datetime_operator.py
[2021-06-21 19:05:05,455] {scheduler_job.py:633} INFO - Processing file /home/airflow/.local/lib/python3.6/site-packages/airflow/example_dags/example_branch_datetime_operator.py for tasks to queue
[2021-06-21 19:05:05,456] {logging_mixin.py:104} INFO - [2021-06-21 19:05:05,455] {dagbag.py:487} INFO - Filling up the DagBag from /home/airflow/.local/lib/python3.6/site-packages/airflow/example_dags/example_branch_datetime_operator.py
[2021-06-21 19:05:05,466] {scheduler_job.py:643} INFO - DAG(s) dict_keys(['example_branch_datetime_operator_2']) retrieved from /home/airflow/.local/lib/python3.6/site-packages/airflow/example_dags/example_branch_datetime_operator.py
[2021-06-21 19:05:05,487] {logging_mixin.py:104} INFO - [2021-06-21 19:05:05,486] {dag.py:1832} INFO - Sync 1 DAGs
[2021-06-21 19:05:05,507] {logging_mixin.py:104} INFO - [2021-06-21 19:05:05,507] {dag.py:2305} INFO - Setting next_dagrun for example_branch_datetime_operator_2 to 2021-06-19 00:00:00+00:00
[2021-06-21 19:05:05,515] {scheduler_job.py:190} INFO - Processing /home/airflow/.local/lib/python3.6/site-packages/airflow/example_dags/example_branch_datetime_operator.py took 0.063 seconds
[2021-06-21 19:05:36,104] {scheduler_job.py:182} INFO - Started process (PID=859) to work on /home/airflow/.local/lib/python3.6/site-packages/airflow/example_dags/example_branch_datetime_operator.py
[2021-06-21 19:05:36,108] {scheduler_job.py:633} INFO - Processing file /home/airflow/.local/lib/python3.6/site-packages/airflow/example_dags/example_branch_datetime_operator.py for tasks to queue
[2021-06-21 19:05:36,110] {logging_mixin.py:104} INFO - [2021-06-21 19:05:36,109] {dagbag.py:487} INFO - Filling up the DagBag from /home/airflow/.local/lib/python3.6/site-packages/airflow/example_dags/example_branch_datetime_operator.py
[2021-06-21 19:05:36,135] {scheduler_job.py:643} INFO - DAG(s) dict_keys(['example_branch_datetime_operator_2']) retrieved from /home/airflow/.local/lib/python3.6/site-packages/airflow/example_dags/example_branch_datetime_operator.py
[2021-06-21 19:05:36,153] {logging_mixin.py:104} INFO - [2021-06-21 19:05:36,153] {dag.py:1832} INFO - Sync 1 DAGs
[2021-06-21 19:05:36,167] {logging_mixin.py:104} INFO - [2021-06-21 19:05:36,167] {dag.py:2305} INFO - Setting next_dagrun for example_branch_datetime_operator_2 to 2021-06-19 00:00:00+00:00
[2021-06-21 19:05:36,179] {scheduler_job.py:190} INFO - Processing /home/airflow/.local/lib/python3.6/site-packages/airflow/example_dags/example_branch_datetime_operator.py took 0.083 seconds
[2021-06-21 19:06:06,359] {scheduler_job.py:182} INFO - Started process (PID=940) to work on /home/airflow/.local/lib/python3.6/site-packages/airflow/example_dags/example_branch_datetime_operator.py
[2021-06-21 19:06:06,360] {scheduler_job.py:633} INFO - Processing file /home/airflow/.local/lib/python3.6/site-packages/airflow/example_dags/example_branch_datetime_operator.py for tasks to queue
[2021-06-21 19:06:06,360] {logging_mixin.py:104} INFO - [2021-06-21 19:06:06,360] {dagbag.py:487} INFO - Filling up the DagBag from /home/airflow/.local/lib/python3.6/site-packages/airflow/example_dags/example_branch_datetime_operator.py
[2021-06-21 19:06:06,369] {scheduler_job.py:643} INFO - DAG(s) dict_keys(['example_branch_datetime_operator_2']) retrieved from /home/airflow/.local/lib/python3.6/site-packages/airflow/example_dags/example_branch_datetime_operator.py
[2021-06-21 19:06:06,384] {logging_mixin.py:104} INFO - [2021-06-21 19:06:06,384] {dag.py:1832} INFO - Sync 1 DAGs
[2021-06-21 19:06:06,398] {logging_mixin.py:104} INFO - [2021-06-21 19:06:06,398] {dag.py:2305} INFO - Setting next_dagrun for example_branch_datetime_operator_2 to 2021-06-19 00:00:00+00:00
[2021-06-21 19:06:06,405] {scheduler_job.py:190} INFO - Processing /home/airflow/.local/lib/python3.6/site-packages/airflow/example_dags/example_branch_datetime_operator.py took 0.048 seconds
[2021-06-21 19:06:36,735] {scheduler_job.py:182} INFO - Started process (PID=1004) to work on /home/airflow/.local/lib/python3.6/site-packages/airflow/example_dags/example_branch_datetime_operator.py
[2021-06-21 19:06:36,737] {scheduler_job.py:633} INFO - Processing file /home/airflow/.local/lib/python3.6/site-packages/airflow/example_dags/example_branch_datetime_operator.py for tasks to queue
[2021-06-21 19:06:36,737] {logging_mixin.py:104} INFO - [2021-06-21 19:06:36,737] {dagbag.py:487} INFO - Filling up the DagBag from /home/airflow/.local/lib/python3.6/site-packages/airflow/example_dags/example_branch_datetime_operator.py
[2021-06-21 19:06:36,750] {scheduler_job.py:643} INFO - DAG(s) dict_keys(['example_branch_datetime_operator_2']) retrieved from /home/airflow/.local/lib/python3.6/site-packages/airflow/example_dags/example_branch_datetime_operator.py
[2021-06-21 19:06:36,769] {logging_mixin.py:104} INFO - [2021-06-21 19:06:36,769] {dag.py:1832} INFO - Sync 1 DAGs
[2021-06-21 19:06:36,788] {logging_mixin.py:104} INFO - [2021-06-21 19:06:36,787] {dag.py:2305} INFO - Setting next_dagrun for example_branch_datetime_operator_2 to 2021-06-19 00:00:00+00:00
[2021-06-21 19:06:36,796] {scheduler_job.py:190} INFO - Processing /home/airflow/.local/lib/python3.6/site-packages/airflow/example_dags/example_branch_datetime_operator.py took 0.065 seconds
[2021-06-21 19:07:06,849] {scheduler_job.py:182} INFO - Started process (PID=1084) to work on /home/airflow/.local/lib/python3.6/site-packages/airflow/example_dags/example_branch_datetime_operator.py
[2021-06-21 19:07:06,850] {scheduler_job.py:633} INFO - Processing file /home/airflow/.local/lib/python3.6/site-packages/airflow/example_dags/example_branch_datetime_operator.py for tasks to queue
[2021-06-21 19:07:06,851] {logging_mixin.py:104} INFO - [2021-06-21 19:07:06,851] {dagbag.py:487} INFO - Filling up the DagBag from /home/airflow/.local/lib/python3.6/site-packages/airflow/example_dags/example_branch_datetime_operator.py
[2021-06-21 19:07:06,865] {scheduler_job.py:643} INFO - DAG(s) dict_keys(['example_branch_datetime_operator_2']) retrieved from /home/airflow/.local/lib/python3.6/site-packages/airflow/example_dags/example_branch_datetime_operator.py
[2021-06-21 19:07:06,891] {logging_mixin.py:104} INFO - [2021-06-21 19:07:06,891] {dag.py:1832} INFO - Sync 1 DAGs
[2021-06-21 19:07:06,911] {logging_mixin.py:104} INFO - [2021-06-21 19:07:06,911] {dag.py:2305} INFO - Setting next_dagrun for example_branch_datetime_operator_2 to 2021-06-19 00:00:00+00:00
[2021-06-21 19:07:06,920] {scheduler_job.py:190} INFO - Processing /home/airflow/.local/lib/python3.6/site-packages/airflow/example_dags/example_branch_datetime_operator.py took 0.075 seconds
[2021-06-21 19:07:37,323] {scheduler_job.py:182} INFO - Started process (PID=1148) to work on /home/airflow/.local/lib/python3.6/site-packages/airflow/example_dags/example_branch_datetime_operator.py
[2021-06-21 19:07:37,326] {scheduler_job.py:633} INFO - Processing file /home/airflow/.local/lib/python3.6/site-packages/airflow/example_dags/example_branch_datetime_operator.py for tasks to queue
[2021-06-21 19:07:37,328] {logging_mixin.py:104} INFO - [2021-06-21 19:07:37,328] {dagbag.py:487} INFO - Filling up the DagBag from /home/airflow/.local/lib/python3.6/site-packages/airflow/example_dags/example_branch_datetime_operator.py
[2021-06-21 19:07:37,350] {scheduler_job.py:643} INFO - DAG(s) dict_keys(['example_branch_datetime_operator_2']) retrieved from /home/airflow/.local/lib/python3.6/site-packages/airflow/example_dags/example_branch_datetime_operator.py
[2021-06-21 19:07:37,369] {logging_mixin.py:104} INFO - [2021-06-21 19:07:37,368] {dag.py:1832} INFO - Sync 1 DAGs
[2021-06-21 19:07:37,384] {logging_mixin.py:104} INFO - [2021-06-21 19:07:37,384] {dag.py:2305} INFO - Setting next_dagrun for example_branch_datetime_operator_2 to 2021-06-19 00:00:00+00:00
[2021-06-21 19:07:37,392] {scheduler_job.py:190} INFO - Processing /home/airflow/.local/lib/python3.6/site-packages/airflow/example_dags/example_branch_datetime_operator.py took 0.077 seconds
[2021-06-21 19:08:07,631] {scheduler_job.py:182} INFO - Started process (PID=1229) to work on /home/airflow/.local/lib/python3.6/site-packages/airflow/example_dags/example_branch_datetime_operator.py
[2021-06-21 19:08:07,633] {scheduler_job.py:633} INFO - Processing file /home/airflow/.local/lib/python3.6/site-packages/airflow/example_dags/example_branch_datetime_operator.py for tasks to queue
[2021-06-21 19:08:07,635] {logging_mixin.py:104} INFO - [2021-06-21 19:08:07,635] {dagbag.py:487} INFO - Filling up the DagBag from /home/airflow/.local/lib/python3.6/site-packages/airflow/example_dags/example_branch_datetime_operator.py
[2021-06-21 19:08:07,657] {scheduler_job.py:643} INFO - DAG(s) dict_keys(['example_branch_datetime_operator_2']) retrieved from /home/airflow/.local/lib/python3.6/site-packages/airflow/example_dags/example_branch_datetime_operator.py
[2021-06-21 19:08:07,676] {logging_mixin.py:104} INFO - [2021-06-21 19:08:07,676] {dag.py:1832} INFO - Sync 1 DAGs
[2021-06-21 19:08:07,690] {logging_mixin.py:104} INFO - [2021-06-21 19:08:07,690] {dag.py:2305} INFO - Setting next_dagrun for example_branch_datetime_operator_2 to 2021-06-19 00:00:00+00:00
[2021-06-21 19:08:07,698] {scheduler_job.py:190} INFO - Processing /home/airflow/.local/lib/python3.6/site-packages/airflow/example_dags/example_branch_datetime_operator.py took 0.075 seconds
[2021-06-21 19:08:38,109] {scheduler_job.py:182} INFO - Started process (PID=1303) to work on /home/airflow/.local/lib/python3.6/site-packages/airflow/example_dags/example_branch_datetime_operator.py
[2021-06-21 19:08:38,110] {scheduler_job.py:633} INFO - Processing file /home/airflow/.local/lib/python3.6/site-packages/airflow/example_dags/example_branch_datetime_operator.py for tasks to queue
[2021-06-21 19:08:38,111] {logging_mixin.py:104} INFO - [2021-06-21 19:08:38,111] {dagbag.py:487} INFO - Filling up the DagBag from /home/airflow/.local/lib/python3.6/site-packages/airflow/example_dags/example_branch_datetime_operator.py
[2021-06-21 19:08:38,130] {scheduler_job.py:643} INFO - DAG(s) dict_keys(['example_branch_datetime_operator_2']) retrieved from /home/airflow/.local/lib/python3.6/site-packages/airflow/example_dags/example_branch_datetime_operator.py
[2021-06-21 19:08:38,163] {logging_mixin.py:104} INFO - [2021-06-21 19:08:38,163] {dag.py:1832} INFO - Sync 1 DAGs
[2021-06-21 19:08:38,192] {logging_mixin.py:104} INFO - [2021-06-21 19:08:38,192] {dag.py:2305} INFO - Setting next_dagrun for example_branch_datetime_operator_2 to 2021-06-19 00:00:00+00:00
[2021-06-21 19:08:38,204] {scheduler_job.py:190} INFO - Processing /home/airflow/.local/lib/python3.6/site-packages/airflow/example_dags/example_branch_datetime_operator.py took 0.098 seconds
[2021-06-21 19:09:08,657] {scheduler_job.py:182} INFO - Started process (PID=1378) to work on /home/airflow/.local/lib/python3.6/site-packages/airflow/example_dags/example_branch_datetime_operator.py
[2021-06-21 19:09:08,658] {scheduler_job.py:633} INFO - Processing file /home/airflow/.local/lib/python3.6/site-packages/airflow/example_dags/example_branch_datetime_operator.py for tasks to queue
[2021-06-21 19:09:08,659] {logging_mixin.py:104} INFO - [2021-06-21 19:09:08,659] {dagbag.py:487} INFO - Filling up the DagBag from /home/airflow/.local/lib/python3.6/site-packages/airflow/example_dags/example_branch_datetime_operator.py
[2021-06-21 19:09:08,672] {scheduler_job.py:643} INFO - DAG(s) dict_keys(['example_branch_datetime_operator_2']) retrieved from /home/airflow/.local/lib/python3.6/site-packages/airflow/example_dags/example_branch_datetime_operator.py
[2021-06-21 19:09:08,691] {logging_mixin.py:104} INFO - [2021-06-21 19:09:08,691] {dag.py:1832} INFO - Sync 1 DAGs
[2021-06-21 19:09:08,708] {logging_mixin.py:104} INFO - [2021-06-21 19:09:08,708] {dag.py:2305} INFO - Setting next_dagrun for example_branch_datetime_operator_2 to 2021-06-19 00:00:00+00:00
[2021-06-21 19:09:08,717] {scheduler_job.py:190} INFO - Processing /home/airflow/.local/lib/python3.6/site-packages/airflow/example_dags/example_branch_datetime_operator.py took 0.062 seconds
[2021-06-21 19:09:39,027] {scheduler_job.py:182} INFO - Started process (PID=1452) to work on /home/airflow/.local/lib/python3.6/site-packages/airflow/example_dags/example_branch_datetime_operator.py
[2021-06-21 19:09:39,028] {scheduler_job.py:633} INFO - Processing file /home/airflow/.local/lib/python3.6/site-packages/airflow/example_dags/example_branch_datetime_operator.py for tasks to queue
[2021-06-21 19:09:39,029] {logging_mixin.py:104} INFO - [2021-06-21 19:09:39,028] {dagbag.py:487} INFO - Filling up the DagBag from /home/airflow/.local/lib/python3.6/site-packages/airflow/example_dags/example_branch_datetime_operator.py
[2021-06-21 19:09:39,038] {scheduler_job.py:643} INFO - DAG(s) dict_keys(['example_branch_datetime_operator_2']) retrieved from /home/airflow/.local/lib/python3.6/site-packages/airflow/example_dags/example_branch_datetime_operator.py
[2021-06-21 19:09:39,056] {logging_mixin.py:104} INFO - [2021-06-21 19:09:39,056] {dag.py:1832} INFO - Sync 1 DAGs
[2021-06-21 19:09:39,072] {logging_mixin.py:104} INFO - [2021-06-21 19:09:39,072] {dag.py:2305} INFO - Setting next_dagrun for example_branch_datetime_operator_2 to 2021-06-19 00:00:00+00:00
[2021-06-21 19:09:39,104] {scheduler_job.py:190} INFO - Processing /home/airflow/.local/lib/python3.6/site-packages/airflow/example_dags/example_branch_datetime_operator.py took 0.080 seconds
[2021-06-21 19:10:09,380] {scheduler_job.py:182} INFO - Started process (PID=1523) to work on /home/airflow/.local/lib/python3.6/site-packages/airflow/example_dags/example_branch_datetime_operator.py
[2021-06-21 19:10:09,383] {scheduler_job.py:633} INFO - Processing file /home/airflow/.local/lib/python3.6/site-packages/airflow/example_dags/example_branch_datetime_operator.py for tasks to queue
[2021-06-21 19:10:09,384] {logging_mixin.py:104} INFO - [2021-06-21 19:10:09,384] {dagbag.py:487} INFO - Filling up the DagBag from /home/airflow/.local/lib/python3.6/site-packages/airflow/example_dags/example_branch_datetime_operator.py
[2021-06-21 19:10:09,404] {scheduler_job.py:643} INFO - DAG(s) dict_keys(['example_branch_datetime_operator_2']) retrieved from /home/airflow/.local/lib/python3.6/site-packages/airflow/example_dags/example_branch_datetime_operator.py
[2021-06-21 19:10:09,426] {logging_mixin.py:104} INFO - [2021-06-21 19:10:09,426] {dag.py:1832} INFO - Sync 1 DAGs
[2021-06-21 19:10:09,448] {logging_mixin.py:104} INFO - [2021-06-21 19:10:09,448] {dag.py:2305} INFO - Setting next_dagrun for example_branch_datetime_operator_2 to 2021-06-19 00:00:00+00:00
[2021-06-21 19:10:09,478] {scheduler_job.py:190} INFO - Processing /home/airflow/.local/lib/python3.6/site-packages/airflow/example_dags/example_branch_datetime_operator.py took 0.108 seconds
[2021-06-21 19:10:39,659] {scheduler_job.py:182} INFO - Started process (PID=1589) to work on /home/airflow/.local/lib/python3.6/site-packages/airflow/example_dags/example_branch_datetime_operator.py
[2021-06-21 19:10:39,660] {scheduler_job.py:633} INFO - Processing file /home/airflow/.local/lib/python3.6/site-packages/airflow/example_dags/example_branch_datetime_operator.py for tasks to queue
[2021-06-21 19:10:39,661] {logging_mixin.py:104} INFO - [2021-06-21 19:10:39,661] {dagbag.py:487} INFO - Filling up the DagBag from /home/airflow/.local/lib/python3.6/site-packages/airflow/example_dags/example_branch_datetime_operator.py
[2021-06-21 19:10:39,674] {scheduler_job.py:643} INFO - DAG(s) dict_keys(['example_branch_datetime_operator_2']) retrieved from /home/airflow/.local/lib/python3.6/site-packages/airflow/example_dags/example_branch_datetime_operator.py
[2021-06-21 19:10:39,694] {logging_mixin.py:104} INFO - [2021-06-21 19:10:39,694] {dag.py:1832} INFO - Sync 1 DAGs
[2021-06-21 19:10:39,712] {logging_mixin.py:104} INFO - [2021-06-21 19:10:39,712] {dag.py:2305} INFO - Setting next_dagrun for example_branch_datetime_operator_2 to 2021-06-19 00:00:00+00:00
[2021-06-21 19:10:39,744] {scheduler_job.py:190} INFO - Processing /home/airflow/.local/lib/python3.6/site-packages/airflow/example_dags/example_branch_datetime_operator.py took 0.088 seconds
[2021-06-21 19:11:09,982] {scheduler_job.py:182} INFO - Started process (PID=1669) to work on /home/airflow/.local/lib/python3.6/site-packages/airflow/example_dags/example_branch_datetime_operator.py
[2021-06-21 19:11:09,983] {scheduler_job.py:633} INFO - Processing file /home/airflow/.local/lib/python3.6/site-packages/airflow/example_dags/example_branch_datetime_operator.py for tasks to queue
[2021-06-21 19:11:09,984] {logging_mixin.py:104} INFO - [2021-06-21 19:11:09,984] {dagbag.py:487} INFO - Filling up the DagBag from /home/airflow/.local/lib/python3.6/site-packages/airflow/example_dags/example_branch_datetime_operator.py
[2021-06-21 19:11:10,001] {scheduler_job.py:643} INFO - DAG(s) dict_keys(['example_branch_datetime_operator_2']) retrieved from /home/airflow/.local/lib/python3.6/site-packages/airflow/example_dags/example_branch_datetime_operator.py
[2021-06-21 19:11:10,034] {logging_mixin.py:104} INFO - [2021-06-21 19:11:10,034] {dag.py:1832} INFO - Sync 1 DAGs
[2021-06-21 19:11:10,067] {logging_mixin.py:104} INFO - [2021-06-21 19:11:10,067] {dag.py:2305} INFO - Setting next_dagrun for example_branch_datetime_operator_2 to 2021-06-19 00:00:00+00:00
[2021-06-21 19:11:10,095] {scheduler_job.py:190} INFO - Processing /home/airflow/.local/lib/python3.6/site-packages/airflow/example_dags/example_branch_datetime_operator.py took 0.116 seconds
[2021-06-21 19:11:40,204] {scheduler_job.py:182} INFO - Started process (PID=1734) to work on /home/airflow/.local/lib/python3.6/site-packages/airflow/example_dags/example_branch_datetime_operator.py
[2021-06-21 19:11:40,207] {scheduler_job.py:633} INFO - Processing file /home/airflow/.local/lib/python3.6/site-packages/airflow/example_dags/example_branch_datetime_operator.py for tasks to queue
[2021-06-21 19:11:40,209] {logging_mixin.py:104} INFO - [2021-06-21 19:11:40,209] {dagbag.py:487} INFO - Filling up the DagBag from /home/airflow/.local/lib/python3.6/site-packages/airflow/example_dags/example_branch_datetime_operator.py
[2021-06-21 19:11:40,230] {scheduler_job.py:643} INFO - DAG(s) dict_keys(['example_branch_datetime_operator_2']) retrieved from /home/airflow/.local/lib/python3.6/site-packages/airflow/example_dags/example_branch_datetime_operator.py
[2021-06-21 19:11:40,249] {logging_mixin.py:104} INFO - [2021-06-21 19:11:40,249] {dag.py:1832} INFO - Sync 1 DAGs
[2021-06-21 19:11:40,266] {logging_mixin.py:104} INFO - [2021-06-21 19:11:40,266] {dag.py:2305} INFO - Setting next_dagrun for example_branch_datetime_operator_2 to 2021-06-19 00:00:00+00:00
[2021-06-21 19:11:40,274] {scheduler_job.py:190} INFO - Processing /home/airflow/.local/lib/python3.6/site-packages/airflow/example_dags/example_branch_datetime_operator.py took 0.079 seconds
[2021-06-21 19:12:10,407] {scheduler_job.py:182} INFO - Started process (PID=1815) to work on /home/airflow/.local/lib/python3.6/site-packages/airflow/example_dags/example_branch_datetime_operator.py
[2021-06-21 19:12:10,410] {scheduler_job.py:633} INFO - Processing file /home/airflow/.local/lib/python3.6/site-packages/airflow/example_dags/example_branch_datetime_operator.py for tasks to queue
[2021-06-21 19:12:10,411] {logging_mixin.py:104} INFO - [2021-06-21 19:12:10,411] {dagbag.py:487} INFO - Filling up the DagBag from /home/airflow/.local/lib/python3.6/site-packages/airflow/example_dags/example_branch_datetime_operator.py
[2021-06-21 19:12:10,424] {scheduler_job.py:643} INFO - DAG(s) dict_keys(['example_branch_datetime_operator_2']) retrieved from /home/airflow/.local/lib/python3.6/site-packages/airflow/example_dags/example_branch_datetime_operator.py
[2021-06-21 19:12:10,476] {logging_mixin.py:104} INFO - [2021-06-21 19:12:10,476] {dag.py:1832} INFO - Sync 1 DAGs
[2021-06-21 19:12:10,503] {logging_mixin.py:104} INFO - [2021-06-21 19:12:10,503] {dag.py:2305} INFO - Setting next_dagrun for example_branch_datetime_operator_2 to 2021-06-19 00:00:00+00:00
[2021-06-21 19:12:10,513] {scheduler_job.py:190} INFO - Processing /home/airflow/.local/lib/python3.6/site-packages/airflow/example_dags/example_branch_datetime_operator.py took 0.111 seconds
[2021-06-21 19:12:40,630] {scheduler_job.py:182} INFO - Started process (PID=1879) to work on /home/airflow/.local/lib/python3.6/site-packages/airflow/example_dags/example_branch_datetime_operator.py
[2021-06-21 19:12:40,634] {scheduler_job.py:633} INFO - Processing file /home/airflow/.local/lib/python3.6/site-packages/airflow/example_dags/example_branch_datetime_operator.py for tasks to queue
[2021-06-21 19:12:40,635] {logging_mixin.py:104} INFO - [2021-06-21 19:12:40,635] {dagbag.py:487} INFO - Filling up the DagBag from /home/airflow/.local/lib/python3.6/site-packages/airflow/example_dags/example_branch_datetime_operator.py
[2021-06-21 19:12:40,655] {scheduler_job.py:643} INFO - DAG(s) dict_keys(['example_branch_datetime_operator_2']) retrieved from /home/airflow/.local/lib/python3.6/site-packages/airflow/example_dags/example_branch_datetime_operator.py
[2021-06-21 19:12:40,674] {logging_mixin.py:104} INFO - [2021-06-21 19:12:40,674] {dag.py:1832} INFO - Sync 1 DAGs
[2021-06-21 19:12:40,690] {logging_mixin.py:104} INFO - [2021-06-21 19:12:40,690] {dag.py:2305} INFO - Setting next_dagrun for example_branch_datetime_operator_2 to 2021-06-19 00:00:00+00:00
[2021-06-21 19:12:40,699] {scheduler_job.py:190} INFO - Processing /home/airflow/.local/lib/python3.6/site-packages/airflow/example_dags/example_branch_datetime_operator.py took 0.078 seconds
[2021-06-21 19:13:10,751] {scheduler_job.py:182} INFO - Started process (PID=1962) to work on /home/airflow/.local/lib/python3.6/site-packages/airflow/example_dags/example_branch_datetime_operator.py
[2021-06-21 19:13:10,752] {scheduler_job.py:633} INFO - Processing file /home/airflow/.local/lib/python3.6/site-packages/airflow/example_dags/example_branch_datetime_operator.py for tasks to queue
[2021-06-21 19:13:10,752] {logging_mixin.py:104} INFO - [2021-06-21 19:13:10,752] {dagbag.py:487} INFO - Filling up the DagBag from /home/airflow/.local/lib/python3.6/site-packages/airflow/example_dags/example_branch_datetime_operator.py
[2021-06-21 19:13:10,766] {scheduler_job.py:643} INFO - DAG(s) dict_keys(['example_branch_datetime_operator_2']) retrieved from /home/airflow/.local/lib/python3.6/site-packages/airflow/example_dags/example_branch_datetime_operator.py
[2021-06-21 19:13:10,789] {logging_mixin.py:104} INFO - [2021-06-21 19:13:10,789] {dag.py:1832} INFO - Sync 1 DAGs
[2021-06-21 19:13:10,809] {logging_mixin.py:104} INFO - [2021-06-21 19:13:10,809] {dag.py:2305} INFO - Setting next_dagrun for example_branch_datetime_operator_2 to 2021-06-19 00:00:00+00:00
[2021-06-21 19:13:10,820] {scheduler_job.py:190} INFO - Processing /home/airflow/.local/lib/python3.6/site-packages/airflow/example_dags/example_branch_datetime_operator.py took 0.072 seconds
[2021-06-21 19:13:41,350] {scheduler_job.py:182} INFO - Started process (PID=2028) to work on /home/airflow/.local/lib/python3.6/site-packages/airflow/example_dags/example_branch_datetime_operator.py
[2021-06-21 19:13:41,353] {scheduler_job.py:633} INFO - Processing file /home/airflow/.local/lib/python3.6/site-packages/airflow/example_dags/example_branch_datetime_operator.py for tasks to queue
[2021-06-21 19:13:41,354] {logging_mixin.py:104} INFO - [2021-06-21 19:13:41,353] {dagbag.py:487} INFO - Filling up the DagBag from /home/airflow/.local/lib/python3.6/site-packages/airflow/example_dags/example_branch_datetime_operator.py
[2021-06-21 19:13:41,369] {scheduler_job.py:643} INFO - DAG(s) dict_keys(['example_branch_datetime_operator_2']) retrieved from /home/airflow/.local/lib/python3.6/site-packages/airflow/example_dags/example_branch_datetime_operator.py
[2021-06-21 19:13:41,396] {logging_mixin.py:104} INFO - [2021-06-21 19:13:41,396] {dag.py:1832} INFO - Sync 1 DAGs
[2021-06-21 19:13:41,419] {logging_mixin.py:104} INFO - [2021-06-21 19:13:41,419] {dag.py:2305} INFO - Setting next_dagrun for example_branch_datetime_operator_2 to 2021-06-19 00:00:00+00:00
[2021-06-21 19:13:41,430] {scheduler_job.py:190} INFO - Processing /home/airflow/.local/lib/python3.6/site-packages/airflow/example_dags/example_branch_datetime_operator.py took 0.084 seconds
[2021-06-21 19:14:11,608] {scheduler_job.py:182} INFO - Started process (PID=2104) to work on /home/airflow/.local/lib/python3.6/site-packages/airflow/example_dags/example_branch_datetime_operator.py
[2021-06-21 19:14:11,609] {scheduler_job.py:633} INFO - Processing file /home/airflow/.local/lib/python3.6/site-packages/airflow/example_dags/example_branch_datetime_operator.py for tasks to queue
[2021-06-21 19:14:11,609] {logging_mixin.py:104} INFO - [2021-06-21 19:14:11,609] {dagbag.py:487} INFO - Filling up the DagBag from /home/airflow/.local/lib/python3.6/site-packages/airflow/example_dags/example_branch_datetime_operator.py
[2021-06-21 19:14:11,619] {scheduler_job.py:643} INFO - DAG(s) dict_keys(['example_branch_datetime_operator_2']) retrieved from /home/airflow/.local/lib/python3.6/site-packages/airflow/example_dags/example_branch_datetime_operator.py
[2021-06-21 19:14:11,638] {logging_mixin.py:104} INFO - [2021-06-21 19:14:11,638] {dag.py:1832} INFO - Sync 1 DAGs
[2021-06-21 19:14:11,660] {logging_mixin.py:104} INFO - [2021-06-21 19:14:11,660] {dag.py:2305} INFO - Setting next_dagrun for example_branch_datetime_operator_2 to 2021-06-19 00:00:00+00:00
[2021-06-21 19:14:11,670] {scheduler_job.py:190} INFO - Processing /home/airflow/.local/lib/python3.6/site-packages/airflow/example_dags/example_branch_datetime_operator.py took 0.064 seconds
[2021-06-21 19:14:42,007] {scheduler_job.py:182} INFO - Started process (PID=2175) to work on /home/airflow/.local/lib/python3.6/site-packages/airflow/example_dags/example_branch_datetime_operator.py
[2021-06-21 19:14:42,009] {scheduler_job.py:633} INFO - Processing file /home/airflow/.local/lib/python3.6/site-packages/airflow/example_dags/example_branch_datetime_operator.py for tasks to queue
[2021-06-21 19:14:42,011] {logging_mixin.py:104} INFO - [2021-06-21 19:14:42,011] {dagbag.py:487} INFO - Filling up the DagBag from /home/airflow/.local/lib/python3.6/site-packages/airflow/example_dags/example_branch_datetime_operator.py
[2021-06-21 19:14:42,035] {scheduler_job.py:643} INFO - DAG(s) dict_keys(['example_branch_datetime_operator_2']) retrieved from /home/airflow/.local/lib/python3.6/site-packages/airflow/example_dags/example_branch_datetime_operator.py
[2021-06-21 19:14:42,053] {logging_mixin.py:104} INFO - [2021-06-21 19:14:42,053] {dag.py:1832} INFO - Sync 1 DAGs
[2021-06-21 19:14:42,068] {logging_mixin.py:104} INFO - [2021-06-21 19:14:42,068] {dag.py:2305} INFO - Setting next_dagrun for example_branch_datetime_operator_2 to 2021-06-19 00:00:00+00:00
[2021-06-21 19:14:42,075] {scheduler_job.py:190} INFO - Processing /home/airflow/.local/lib/python3.6/site-packages/airflow/example_dags/example_branch_datetime_operator.py took 0.077 seconds
[2021-06-21 19:15:12,721] {scheduler_job.py:182} INFO - Started process (PID=2263) to work on /home/airflow/.local/lib/python3.6/site-packages/airflow/example_dags/example_branch_datetime_operator.py
[2021-06-21 19:15:12,722] {scheduler_job.py:633} INFO - Processing file /home/airflow/.local/lib/python3.6/site-packages/airflow/example_dags/example_branch_datetime_operator.py for tasks to queue
[2021-06-21 19:15:12,723] {logging_mixin.py:104} INFO - [2021-06-21 19:15:12,723] {dagbag.py:487} INFO - Filling up the DagBag from /home/airflow/.local/lib/python3.6/site-packages/airflow/example_dags/example_branch_datetime_operator.py
[2021-06-21 19:15:12,734] {scheduler_job.py:643} INFO - DAG(s) dict_keys(['example_branch_datetime_operator_2']) retrieved from /home/airflow/.local/lib/python3.6/site-packages/airflow/example_dags/example_branch_datetime_operator.py
[2021-06-21 19:15:12,753] {logging_mixin.py:104} INFO - [2021-06-21 19:15:12,753] {dag.py:1832} INFO - Sync 1 DAGs
[2021-06-21 19:15:12,771] {logging_mixin.py:104} INFO - [2021-06-21 19:15:12,771] {dag.py:2305} INFO - Setting next_dagrun for example_branch_datetime_operator_2 to 2021-06-19 00:00:00+00:00
[2021-06-21 19:15:12,779] {scheduler_job.py:190} INFO - Processing /home/airflow/.local/lib/python3.6/site-packages/airflow/example_dags/example_branch_datetime_operator.py took 0.061 seconds
[2021-06-21 19:15:43,746] {scheduler_job.py:182} INFO - Started process (PID=2329) to work on /home/airflow/.local/lib/python3.6/site-packages/airflow/example_dags/example_branch_datetime_operator.py
[2021-06-21 19:15:43,747] {scheduler_job.py:633} INFO - Processing file /home/airflow/.local/lib/python3.6/site-packages/airflow/example_dags/example_branch_datetime_operator.py for tasks to queue
[2021-06-21 19:15:43,748] {logging_mixin.py:104} INFO - [2021-06-21 19:15:43,748] {dagbag.py:487} INFO - Filling up the DagBag from /home/airflow/.local/lib/python3.6/site-packages/airflow/example_dags/example_branch_datetime_operator.py
[2021-06-21 19:15:43,763] {scheduler_job.py:643} INFO - DAG(s) dict_keys(['example_branch_datetime_operator_2']) retrieved from /home/airflow/.local/lib/python3.6/site-packages/airflow/example_dags/example_branch_datetime_operator.py
[2021-06-21 19:15:43,780] {logging_mixin.py:104} INFO - [2021-06-21 19:15:43,779] {dag.py:1832} INFO - Sync 1 DAGs
[2021-06-21 19:15:43,802] {logging_mixin.py:104} INFO - [2021-06-21 19:15:43,802] {dag.py:2305} INFO - Setting next_dagrun for example_branch_datetime_operator_2 to 2021-06-19 00:00:00+00:00
[2021-06-21 19:15:43,815] {scheduler_job.py:190} INFO - Processing /home/airflow/.local/lib/python3.6/site-packages/airflow/example_dags/example_branch_datetime_operator.py took 0.073 seconds
[2021-06-21 19:16:14,612] {scheduler_job.py:182} INFO - Started process (PID=2410) to work on /home/airflow/.local/lib/python3.6/site-packages/airflow/example_dags/example_branch_datetime_operator.py
[2021-06-21 19:16:14,616] {scheduler_job.py:633} INFO - Processing file /home/airflow/.local/lib/python3.6/site-packages/airflow/example_dags/example_branch_datetime_operator.py for tasks to queue
[2021-06-21 19:16:14,618] {logging_mixin.py:104} INFO - [2021-06-21 19:16:14,618] {dagbag.py:487} INFO - Filling up the DagBag from /home/airflow/.local/lib/python3.6/site-packages/airflow/example_dags/example_branch_datetime_operator.py
[2021-06-21 19:16:14,637] {scheduler_job.py:643} INFO - DAG(s) dict_keys(['example_branch_datetime_operator_2']) retrieved from /home/airflow/.local/lib/python3.6/site-packages/airflow/example_dags/example_branch_datetime_operator.py
[2021-06-21 19:16:14,654] {logging_mixin.py:104} INFO - [2021-06-21 19:16:14,654] {dag.py:1832} INFO - Sync 1 DAGs
[2021-06-21 19:16:14,670] {logging_mixin.py:104} INFO - [2021-06-21 19:16:14,670] {dag.py:2305} INFO - Setting next_dagrun for example_branch_datetime_operator_2 to 2021-06-19 00:00:00+00:00
[2021-06-21 19:16:14,695] {scheduler_job.py:190} INFO - Processing /home/airflow/.local/lib/python3.6/site-packages/airflow/example_dags/example_branch_datetime_operator.py took 0.092 seconds
[2021-06-21 19:16:44,778] {scheduler_job.py:182} INFO - Started process (PID=2475) to work on /home/airflow/.local/lib/python3.6/site-packages/airflow/example_dags/example_branch_datetime_operator.py
[2021-06-21 19:16:44,779] {scheduler_job.py:633} INFO - Processing file /home/airflow/.local/lib/python3.6/site-packages/airflow/example_dags/example_branch_datetime_operator.py for tasks to queue
[2021-06-21 19:16:44,780] {logging_mixin.py:104} INFO - [2021-06-21 19:16:44,779] {dagbag.py:487} INFO - Filling up the DagBag from /home/airflow/.local/lib/python3.6/site-packages/airflow/example_dags/example_branch_datetime_operator.py
[2021-06-21 19:16:44,789] {scheduler_job.py:643} INFO - DAG(s) dict_keys(['example_branch_datetime_operator_2']) retrieved from /home/airflow/.local/lib/python3.6/site-packages/airflow/example_dags/example_branch_datetime_operator.py
[2021-06-21 19:16:44,804] {logging_mixin.py:104} INFO - [2021-06-21 19:16:44,804] {dag.py:1832} INFO - Sync 1 DAGs
[2021-06-21 19:16:44,819] {logging_mixin.py:104} INFO - [2021-06-21 19:16:44,819] {dag.py:2305} INFO - Setting next_dagrun for example_branch_datetime_operator_2 to 2021-06-19 00:00:00+00:00
[2021-06-21 19:16:44,851] {scheduler_job.py:190} INFO - Processing /home/airflow/.local/lib/python3.6/site-packages/airflow/example_dags/example_branch_datetime_operator.py took 0.075 seconds
[2021-06-21 19:17:15,039] {scheduler_job.py:182} INFO - Started process (PID=2556) to work on /home/airflow/.local/lib/python3.6/site-packages/airflow/example_dags/example_branch_datetime_operator.py
[2021-06-21 19:17:15,045] {scheduler_job.py:633} INFO - Processing file /home/airflow/.local/lib/python3.6/site-packages/airflow/example_dags/example_branch_datetime_operator.py for tasks to queue
[2021-06-21 19:17:15,046] {logging_mixin.py:104} INFO - [2021-06-21 19:17:15,046] {dagbag.py:487} INFO - Filling up the DagBag from /home/airflow/.local/lib/python3.6/site-packages/airflow/example_dags/example_branch_datetime_operator.py
[2021-06-21 19:17:15,063] {scheduler_job.py:643} INFO - DAG(s) dict_keys(['example_branch_datetime_operator_2']) retrieved from /home/airflow/.local/lib/python3.6/site-packages/airflow/example_dags/example_branch_datetime_operator.py
[2021-06-21 19:17:15,083] {logging_mixin.py:104} INFO - [2021-06-21 19:17:15,083] {dag.py:1832} INFO - Sync 1 DAGs
[2021-06-21 19:17:15,101] {logging_mixin.py:104} INFO - [2021-06-21 19:17:15,101] {dag.py:2305} INFO - Setting next_dagrun for example_branch_datetime_operator_2 to 2021-06-19 00:00:00+00:00
[2021-06-21 19:17:15,133] {scheduler_job.py:190} INFO - Processing /home/airflow/.local/lib/python3.6/site-packages/airflow/example_dags/example_branch_datetime_operator.py took 0.104 seconds
[2021-06-21 19:17:45,454] {scheduler_job.py:182} INFO - Started process (PID=2620) to work on /home/airflow/.local/lib/python3.6/site-packages/airflow/example_dags/example_branch_datetime_operator.py
[2021-06-21 19:17:45,457] {scheduler_job.py:633} INFO - Processing file /home/airflow/.local/lib/python3.6/site-packages/airflow/example_dags/example_branch_datetime_operator.py for tasks to queue
[2021-06-21 19:17:45,458] {logging_mixin.py:104} INFO - [2021-06-21 19:17:45,458] {dagbag.py:487} INFO - Filling up the DagBag from /home/airflow/.local/lib/python3.6/site-packages/airflow/example_dags/example_branch_datetime_operator.py
[2021-06-21 19:17:45,482] {scheduler_job.py:643} INFO - DAG(s) dict_keys(['example_branch_datetime_operator_2']) retrieved from /home/airflow/.local/lib/python3.6/site-packages/airflow/example_dags/example_branch_datetime_operator.py
[2021-06-21 19:17:45,500] {logging_mixin.py:104} INFO - [2021-06-21 19:17:45,500] {dag.py:1832} INFO - Sync 1 DAGs
[2021-06-21 19:17:45,514] {logging_mixin.py:104} INFO - [2021-06-21 19:17:45,514] {dag.py:2305} INFO - Setting next_dagrun for example_branch_datetime_operator_2 to 2021-06-19 00:00:00+00:00
[2021-06-21 19:17:45,541] {scheduler_job.py:190} INFO - Processing /home/airflow/.local/lib/python3.6/site-packages/airflow/example_dags/example_branch_datetime_operator.py took 0.096 seconds
[2021-06-21 19:18:15,787] {scheduler_job.py:182} INFO - Started process (PID=2705) to work on /home/airflow/.local/lib/python3.6/site-packages/airflow/example_dags/example_branch_datetime_operator.py
[2021-06-21 19:18:15,790] {scheduler_job.py:633} INFO - Processing file /home/airflow/.local/lib/python3.6/site-packages/airflow/example_dags/example_branch_datetime_operator.py for tasks to queue
[2021-06-21 19:18:15,791] {logging_mixin.py:104} INFO - [2021-06-21 19:18:15,791] {dagbag.py:487} INFO - Filling up the DagBag from /home/airflow/.local/lib/python3.6/site-packages/airflow/example_dags/example_branch_datetime_operator.py
[2021-06-21 19:18:15,814] {scheduler_job.py:643} INFO - DAG(s) dict_keys(['example_branch_datetime_operator_2']) retrieved from /home/airflow/.local/lib/python3.6/site-packages/airflow/example_dags/example_branch_datetime_operator.py
[2021-06-21 19:18:15,839] {logging_mixin.py:104} INFO - [2021-06-21 19:18:15,839] {dag.py:1832} INFO - Sync 1 DAGs
[2021-06-21 19:18:15,862] {logging_mixin.py:104} INFO - [2021-06-21 19:18:15,862] {dag.py:2305} INFO - Setting next_dagrun for example_branch_datetime_operator_2 to 2021-06-19 00:00:00+00:00
[2021-06-21 19:18:15,872] {scheduler_job.py:190} INFO - Processing /home/airflow/.local/lib/python3.6/site-packages/airflow/example_dags/example_branch_datetime_operator.py took 0.093 seconds
[2021-06-21 19:18:46,054] {scheduler_job.py:182} INFO - Started process (PID=2769) to work on /home/airflow/.local/lib/python3.6/site-packages/airflow/example_dags/example_branch_datetime_operator.py
[2021-06-21 19:18:46,056] {scheduler_job.py:633} INFO - Processing file /home/airflow/.local/lib/python3.6/site-packages/airflow/example_dags/example_branch_datetime_operator.py for tasks to queue
[2021-06-21 19:18:46,057] {logging_mixin.py:104} INFO - [2021-06-21 19:18:46,056] {dagbag.py:487} INFO - Filling up the DagBag from /home/airflow/.local/lib/python3.6/site-packages/airflow/example_dags/example_branch_datetime_operator.py
[2021-06-21 19:18:46,071] {scheduler_job.py:643} INFO - DAG(s) dict_keys(['example_branch_datetime_operator_2']) retrieved from /home/airflow/.local/lib/python3.6/site-packages/airflow/example_dags/example_branch_datetime_operator.py
[2021-06-21 19:18:46,097] {logging_mixin.py:104} INFO - [2021-06-21 19:18:46,097] {dag.py:1832} INFO - Sync 1 DAGs
[2021-06-21 19:18:46,115] {logging_mixin.py:104} INFO - [2021-06-21 19:18:46,115] {dag.py:2305} INFO - Setting next_dagrun for example_branch_datetime_operator_2 to 2021-06-19 00:00:00+00:00
[2021-06-21 19:18:46,126] {scheduler_job.py:190} INFO - Processing /home/airflow/.local/lib/python3.6/site-packages/airflow/example_dags/example_branch_datetime_operator.py took 0.076 seconds
[2021-06-21 19:19:16,813] {scheduler_job.py:182} INFO - Started process (PID=2853) to work on /home/airflow/.local/lib/python3.6/site-packages/airflow/example_dags/example_branch_datetime_operator.py
[2021-06-21 19:19:16,814] {scheduler_job.py:633} INFO - Processing file /home/airflow/.local/lib/python3.6/site-packages/airflow/example_dags/example_branch_datetime_operator.py for tasks to queue
[2021-06-21 19:19:16,814] {logging_mixin.py:104} INFO - [2021-06-21 19:19:16,814] {dagbag.py:487} INFO - Filling up the DagBag from /home/airflow/.local/lib/python3.6/site-packages/airflow/example_dags/example_branch_datetime_operator.py
[2021-06-21 19:19:16,825] {scheduler_job.py:643} INFO - DAG(s) dict_keys(['example_branch_datetime_operator_2']) retrieved from /home/airflow/.local/lib/python3.6/site-packages/airflow/example_dags/example_branch_datetime_operator.py
[2021-06-21 19:19:16,843] {logging_mixin.py:104} INFO - [2021-06-21 19:19:16,843] {dag.py:1832} INFO - Sync 1 DAGs
[2021-06-21 19:19:16,860] {logging_mixin.py:104} INFO - [2021-06-21 19:19:16,859] {dag.py:2305} INFO - Setting next_dagrun for example_branch_datetime_operator_2 to 2021-06-19 00:00:00+00:00
[2021-06-21 19:19:16,868] {scheduler_job.py:190} INFO - Processing /home/airflow/.local/lib/python3.6/site-packages/airflow/example_dags/example_branch_datetime_operator.py took 0.058 seconds
[2021-06-21 19:19:47,547] {scheduler_job.py:182} INFO - Started process (PID=2917) to work on /home/airflow/.local/lib/python3.6/site-packages/airflow/example_dags/example_branch_datetime_operator.py
[2021-06-21 19:19:47,551] {scheduler_job.py:633} INFO - Processing file /home/airflow/.local/lib/python3.6/site-packages/airflow/example_dags/example_branch_datetime_operator.py for tasks to queue
[2021-06-21 19:19:47,553] {logging_mixin.py:104} INFO - [2021-06-21 19:19:47,552] {dagbag.py:487} INFO - Filling up the DagBag from /home/airflow/.local/lib/python3.6/site-packages/airflow/example_dags/example_branch_datetime_operator.py
[2021-06-21 19:19:47,572] {scheduler_job.py:643} INFO - DAG(s) dict_keys(['example_branch_datetime_operator_2']) retrieved from /home/airflow/.local/lib/python3.6/site-packages/airflow/example_dags/example_branch_datetime_operator.py
[2021-06-21 19:19:47,591] {logging_mixin.py:104} INFO - [2021-06-21 19:19:47,591] {dag.py:1832} INFO - Sync 1 DAGs
[2021-06-21 19:19:47,609] {logging_mixin.py:104} INFO - [2021-06-21 19:19:47,609] {dag.py:2305} INFO - Setting next_dagrun for example_branch_datetime_operator_2 to 2021-06-19 00:00:00+00:00
[2021-06-21 19:19:47,617] {scheduler_job.py:190} INFO - Processing /home/airflow/.local/lib/python3.6/site-packages/airflow/example_dags/example_branch_datetime_operator.py took 0.080 seconds
[2021-06-21 19:20:18,154] {scheduler_job.py:182} INFO - Started process (PID=2997) to work on /home/airflow/.local/lib/python3.6/site-packages/airflow/example_dags/example_branch_datetime_operator.py
[2021-06-21 19:20:18,156] {scheduler_job.py:633} INFO - Processing file /home/airflow/.local/lib/python3.6/site-packages/airflow/example_dags/example_branch_datetime_operator.py for tasks to queue
[2021-06-21 19:20:18,157] {logging_mixin.py:104} INFO - [2021-06-21 19:20:18,157] {dagbag.py:487} INFO - Filling up the DagBag from /home/airflow/.local/lib/python3.6/site-packages/airflow/example_dags/example_branch_datetime_operator.py
[2021-06-21 19:20:18,174] {scheduler_job.py:643} INFO - DAG(s) dict_keys(['example_branch_datetime_operator_2']) retrieved from /home/airflow/.local/lib/python3.6/site-packages/airflow/example_dags/example_branch_datetime_operator.py
[2021-06-21 19:20:18,192] {logging_mixin.py:104} INFO - [2021-06-21 19:20:18,192] {dag.py:1832} INFO - Sync 1 DAGs
[2021-06-21 19:20:18,209] {logging_mixin.py:104} INFO - [2021-06-21 19:20:18,209] {dag.py:2305} INFO - Setting next_dagrun for example_branch_datetime_operator_2 to 2021-06-19 00:00:00+00:00
[2021-06-21 19:20:18,218] {scheduler_job.py:190} INFO - Processing /home/airflow/.local/lib/python3.6/site-packages/airflow/example_dags/example_branch_datetime_operator.py took 0.072 seconds
[2021-06-21 19:20:48,939] {scheduler_job.py:182} INFO - Started process (PID=3063) to work on /home/airflow/.local/lib/python3.6/site-packages/airflow/example_dags/example_branch_datetime_operator.py
[2021-06-21 19:20:48,942] {scheduler_job.py:633} INFO - Processing file /home/airflow/.local/lib/python3.6/site-packages/airflow/example_dags/example_branch_datetime_operator.py for tasks to queue
[2021-06-21 19:20:48,943] {logging_mixin.py:104} INFO - [2021-06-21 19:20:48,943] {dagbag.py:487} INFO - Filling up the DagBag from /home/airflow/.local/lib/python3.6/site-packages/airflow/example_dags/example_branch_datetime_operator.py
[2021-06-21 19:20:48,967] {scheduler_job.py:643} INFO - DAG(s) dict_keys(['example_branch_datetime_operator_2']) retrieved from /home/airflow/.local/lib/python3.6/site-packages/airflow/example_dags/example_branch_datetime_operator.py
[2021-06-21 19:20:48,985] {logging_mixin.py:104} INFO - [2021-06-21 19:20:48,985] {dag.py:1832} INFO - Sync 1 DAGs
[2021-06-21 19:20:49,000] {logging_mixin.py:104} INFO - [2021-06-21 19:20:49,000] {dag.py:2305} INFO - Setting next_dagrun for example_branch_datetime_operator_2 to 2021-06-19 00:00:00+00:00
[2021-06-21 19:20:49,007] {scheduler_job.py:190} INFO - Processing /home/airflow/.local/lib/python3.6/site-packages/airflow/example_dags/example_branch_datetime_operator.py took 0.080 seconds
[2021-06-21 19:21:19,443] {scheduler_job.py:182} INFO - Started process (PID=3145) to work on /home/airflow/.local/lib/python3.6/site-packages/airflow/example_dags/example_branch_datetime_operator.py
[2021-06-21 19:21:19,447] {scheduler_job.py:633} INFO - Processing file /home/airflow/.local/lib/python3.6/site-packages/airflow/example_dags/example_branch_datetime_operator.py for tasks to queue
[2021-06-21 19:21:19,449] {logging_mixin.py:104} INFO - [2021-06-21 19:21:19,448] {dagbag.py:487} INFO - Filling up the DagBag from /home/airflow/.local/lib/python3.6/site-packages/airflow/example_dags/example_branch_datetime_operator.py
[2021-06-21 19:21:19,468] {scheduler_job.py:643} INFO - DAG(s) dict_keys(['example_branch_datetime_operator_2']) retrieved from /home/airflow/.local/lib/python3.6/site-packages/airflow/example_dags/example_branch_datetime_operator.py
[2021-06-21 19:21:19,488] {logging_mixin.py:104} INFO - [2021-06-21 19:21:19,488] {dag.py:1832} INFO - Sync 1 DAGs
[2021-06-21 19:21:19,506] {logging_mixin.py:104} INFO - [2021-06-21 19:21:19,506] {dag.py:2305} INFO - Setting next_dagrun for example_branch_datetime_operator_2 to 2021-06-19 00:00:00+00:00
[2021-06-21 19:21:19,514] {scheduler_job.py:190} INFO - Processing /home/airflow/.local/lib/python3.6/site-packages/airflow/example_dags/example_branch_datetime_operator.py took 0.081 seconds
[2021-06-21 19:21:50,105] {scheduler_job.py:182} INFO - Started process (PID=3210) to work on /home/airflow/.local/lib/python3.6/site-packages/airflow/example_dags/example_branch_datetime_operator.py
[2021-06-21 19:21:50,107] {scheduler_job.py:633} INFO - Processing file /home/airflow/.local/lib/python3.6/site-packages/airflow/example_dags/example_branch_datetime_operator.py for tasks to queue
[2021-06-21 19:21:50,107] {logging_mixin.py:104} INFO - [2021-06-21 19:21:50,107] {dagbag.py:487} INFO - Filling up the DagBag from /home/airflow/.local/lib/python3.6/site-packages/airflow/example_dags/example_branch_datetime_operator.py
[2021-06-21 19:21:50,119] {scheduler_job.py:643} INFO - DAG(s) dict_keys(['example_branch_datetime_operator_2']) retrieved from /home/airflow/.local/lib/python3.6/site-packages/airflow/example_dags/example_branch_datetime_operator.py
[2021-06-21 19:21:50,145] {logging_mixin.py:104} INFO - [2021-06-21 19:21:50,145] {dag.py:1832} INFO - Sync 1 DAGs
[2021-06-21 19:21:50,173] {logging_mixin.py:104} INFO - [2021-06-21 19:21:50,172] {dag.py:2305} INFO - Setting next_dagrun for example_branch_datetime_operator_2 to 2021-06-19 00:00:00+00:00
[2021-06-21 19:21:50,184] {scheduler_job.py:190} INFO - Processing /home/airflow/.local/lib/python3.6/site-packages/airflow/example_dags/example_branch_datetime_operator.py took 0.083 seconds
[2021-06-21 19:22:20,675] {scheduler_job.py:182} INFO - Started process (PID=3291) to work on /home/airflow/.local/lib/python3.6/site-packages/airflow/example_dags/example_branch_datetime_operator.py
[2021-06-21 19:22:20,680] {scheduler_job.py:633} INFO - Processing file /home/airflow/.local/lib/python3.6/site-packages/airflow/example_dags/example_branch_datetime_operator.py for tasks to queue
[2021-06-21 19:22:20,681] {logging_mixin.py:104} INFO - [2021-06-21 19:22:20,681] {dagbag.py:487} INFO - Filling up the DagBag from /home/airflow/.local/lib/python3.6/site-packages/airflow/example_dags/example_branch_datetime_operator.py
[2021-06-21 19:22:20,697] {scheduler_job.py:643} INFO - DAG(s) dict_keys(['example_branch_datetime_operator_2']) retrieved from /home/airflow/.local/lib/python3.6/site-packages/airflow/example_dags/example_branch_datetime_operator.py
[2021-06-21 19:22:20,714] {logging_mixin.py:104} INFO - [2021-06-21 19:22:20,714] {dag.py:1832} INFO - Sync 1 DAGs
[2021-06-21 19:22:20,730] {logging_mixin.py:104} INFO - [2021-06-21 19:22:20,730] {dag.py:2305} INFO - Setting next_dagrun for example_branch_datetime_operator_2 to 2021-06-19 00:00:00+00:00
[2021-06-21 19:22:20,738] {scheduler_job.py:190} INFO - Processing /home/airflow/.local/lib/python3.6/site-packages/airflow/example_dags/example_branch_datetime_operator.py took 0.072 seconds
[2021-06-21 19:22:50,962] {scheduler_job.py:182} INFO - Started process (PID=3357) to work on /home/airflow/.local/lib/python3.6/site-packages/airflow/example_dags/example_branch_datetime_operator.py
[2021-06-21 19:22:50,965] {scheduler_job.py:633} INFO - Processing file /home/airflow/.local/lib/python3.6/site-packages/airflow/example_dags/example_branch_datetime_operator.py for tasks to queue
[2021-06-21 19:22:50,967] {logging_mixin.py:104} INFO - [2021-06-21 19:22:50,967] {dagbag.py:487} INFO - Filling up the DagBag from /home/airflow/.local/lib/python3.6/site-packages/airflow/example_dags/example_branch_datetime_operator.py
[2021-06-21 19:22:50,990] {scheduler_job.py:643} INFO - DAG(s) dict_keys(['example_branch_datetime_operator_2']) retrieved from /home/airflow/.local/lib/python3.6/site-packages/airflow/example_dags/example_branch_datetime_operator.py
[2021-06-21 19:22:51,008] {logging_mixin.py:104} INFO - [2021-06-21 19:22:51,008] {dag.py:1832} INFO - Sync 1 DAGs
[2021-06-21 19:22:51,024] {logging_mixin.py:104} INFO - [2021-06-21 19:22:51,024] {dag.py:2305} INFO - Setting next_dagrun for example_branch_datetime_operator_2 to 2021-06-19 00:00:00+00:00
[2021-06-21 19:22:51,049] {scheduler_job.py:190} INFO - Processing /home/airflow/.local/lib/python3.6/site-packages/airflow/example_dags/example_branch_datetime_operator.py took 0.097 seconds
[2021-06-21 19:23:21,345] {scheduler_job.py:182} INFO - Started process (PID=3438) to work on /home/airflow/.local/lib/python3.6/site-packages/airflow/example_dags/example_branch_datetime_operator.py
[2021-06-21 19:23:21,349] {scheduler_job.py:633} INFO - Processing file /home/airflow/.local/lib/python3.6/site-packages/airflow/example_dags/example_branch_datetime_operator.py for tasks to queue
[2021-06-21 19:23:21,351] {logging_mixin.py:104} INFO - [2021-06-21 19:23:21,351] {dagbag.py:487} INFO - Filling up the DagBag from /home/airflow/.local/lib/python3.6/site-packages/airflow/example_dags/example_branch_datetime_operator.py
[2021-06-21 19:23:21,404] {scheduler_job.py:643} INFO - DAG(s) dict_keys(['example_branch_datetime_operator_2']) retrieved from /home/airflow/.local/lib/python3.6/site-packages/airflow/example_dags/example_branch_datetime_operator.py
[2021-06-21 19:23:21,467] {logging_mixin.py:104} INFO - [2021-06-21 19:23:21,467] {dag.py:1832} INFO - Sync 1 DAGs
[2021-06-21 19:23:21,491] {logging_mixin.py:104} INFO - [2021-06-21 19:23:21,491] {dag.py:2305} INFO - Setting next_dagrun for example_branch_datetime_operator_2 to 2021-06-19 00:00:00+00:00
[2021-06-21 19:23:21,516] {scheduler_job.py:190} INFO - Processing /home/airflow/.local/lib/python3.6/site-packages/airflow/example_dags/example_branch_datetime_operator.py took 0.182 seconds
