[2021-06-21 19:00:32,280] {scheduler_job.py:182} INFO - Started process (PID=130) to work on /home/airflow/.local/lib/python3.6/site-packages/airflow/example_dags/example_bash_operator.py
[2021-06-21 19:00:32,281] {scheduler_job.py:633} INFO - Processing file /home/airflow/.local/lib/python3.6/site-packages/airflow/example_dags/example_bash_operator.py for tasks to queue
[2021-06-21 19:00:32,281] {logging_mixin.py:104} INFO - [2021-06-21 19:00:32,281] {dagbag.py:487} INFO - Filling up the DagBag from /home/airflow/.local/lib/python3.6/site-packages/airflow/example_dags/example_bash_operator.py
[2021-06-21 19:00:32,298] {scheduler_job.py:643} INFO - DAG(s) dict_keys(['example_bash_operator']) retrieved from /home/airflow/.local/lib/python3.6/site-packages/airflow/example_dags/example_bash_operator.py
[2021-06-21 19:00:35,810] {logging_mixin.py:104} INFO - [2021-06-21 19:00:35,807] {dag.py:1832} INFO - Sync 1 DAGs
[2021-06-21 19:00:35,824] {logging_mixin.py:104} INFO - [2021-06-21 19:00:35,822] {dag.py:1851} INFO - Creating ORM DAG for example_bash_operator
[2021-06-21 19:00:35,834] {logging_mixin.py:104} INFO - [2021-06-21 19:00:35,834] {dag.py:2305} INFO - Setting next_dagrun for example_bash_operator to 2021-06-19 00:00:00+00:00
[2021-06-21 19:00:35,847] {scheduler_job.py:190} INFO - Processing /home/airflow/.local/lib/python3.6/site-packages/airflow/example_dags/example_bash_operator.py took 3.570 seconds
[2021-06-21 19:01:06,089] {scheduler_job.py:182} INFO - Started process (PID=217) to work on /home/airflow/.local/lib/python3.6/site-packages/airflow/example_dags/example_bash_operator.py
[2021-06-21 19:01:06,090] {scheduler_job.py:633} INFO - Processing file /home/airflow/.local/lib/python3.6/site-packages/airflow/example_dags/example_bash_operator.py for tasks to queue
[2021-06-21 19:01:06,091] {logging_mixin.py:104} INFO - [2021-06-21 19:01:06,091] {dagbag.py:487} INFO - Filling up the DagBag from /home/airflow/.local/lib/python3.6/site-packages/airflow/example_dags/example_bash_operator.py
[2021-06-21 19:01:06,106] {scheduler_job.py:643} INFO - DAG(s) dict_keys(['example_bash_operator']) retrieved from /home/airflow/.local/lib/python3.6/site-packages/airflow/example_dags/example_bash_operator.py
[2021-06-21 19:01:06,129] {logging_mixin.py:104} INFO - [2021-06-21 19:01:06,129] {dag.py:1832} INFO - Sync 1 DAGs
[2021-06-21 19:01:06,149] {logging_mixin.py:104} INFO - [2021-06-21 19:01:06,148] {dag.py:2305} INFO - Setting next_dagrun for example_bash_operator to 2021-06-19 00:00:00+00:00
[2021-06-21 19:01:06,160] {scheduler_job.py:190} INFO - Processing /home/airflow/.local/lib/python3.6/site-packages/airflow/example_dags/example_bash_operator.py took 0.074 seconds
[2021-06-21 19:01:36,237] {scheduler_job.py:182} INFO - Started process (PID=281) to work on /home/airflow/.local/lib/python3.6/site-packages/airflow/example_dags/example_bash_operator.py
[2021-06-21 19:01:36,238] {scheduler_job.py:633} INFO - Processing file /home/airflow/.local/lib/python3.6/site-packages/airflow/example_dags/example_bash_operator.py for tasks to queue
[2021-06-21 19:01:36,239] {logging_mixin.py:104} INFO - [2021-06-21 19:01:36,239] {dagbag.py:487} INFO - Filling up the DagBag from /home/airflow/.local/lib/python3.6/site-packages/airflow/example_dags/example_bash_operator.py
[2021-06-21 19:01:36,254] {scheduler_job.py:643} INFO - DAG(s) dict_keys(['example_bash_operator']) retrieved from /home/airflow/.local/lib/python3.6/site-packages/airflow/example_dags/example_bash_operator.py
[2021-06-21 19:01:36,274] {logging_mixin.py:104} INFO - [2021-06-21 19:01:36,274] {dag.py:1832} INFO - Sync 1 DAGs
[2021-06-21 19:01:36,292] {logging_mixin.py:104} INFO - [2021-06-21 19:01:36,292] {dag.py:2305} INFO - Setting next_dagrun for example_bash_operator to 2021-06-19 00:00:00+00:00
[2021-06-21 19:01:36,301] {scheduler_job.py:190} INFO - Processing /home/airflow/.local/lib/python3.6/site-packages/airflow/example_dags/example_bash_operator.py took 0.067 seconds
[2021-06-21 19:02:06,447] {scheduler_job.py:182} INFO - Started process (PID=361) to work on /home/airflow/.local/lib/python3.6/site-packages/airflow/example_dags/example_bash_operator.py
[2021-06-21 19:02:06,449] {scheduler_job.py:633} INFO - Processing file /home/airflow/.local/lib/python3.6/site-packages/airflow/example_dags/example_bash_operator.py for tasks to queue
[2021-06-21 19:02:06,449] {logging_mixin.py:104} INFO - [2021-06-21 19:02:06,449] {dagbag.py:487} INFO - Filling up the DagBag from /home/airflow/.local/lib/python3.6/site-packages/airflow/example_dags/example_bash_operator.py
[2021-06-21 19:02:06,463] {scheduler_job.py:643} INFO - DAG(s) dict_keys(['example_bash_operator']) retrieved from /home/airflow/.local/lib/python3.6/site-packages/airflow/example_dags/example_bash_operator.py
[2021-06-21 19:02:06,483] {logging_mixin.py:104} INFO - [2021-06-21 19:02:06,483] {dag.py:1832} INFO - Sync 1 DAGs
[2021-06-21 19:02:06,496] {logging_mixin.py:104} INFO - [2021-06-21 19:02:06,496] {dag.py:2305} INFO - Setting next_dagrun for example_bash_operator to 2021-06-19 00:00:00+00:00
[2021-06-21 19:02:06,520] {scheduler_job.py:190} INFO - Processing /home/airflow/.local/lib/python3.6/site-packages/airflow/example_dags/example_bash_operator.py took 0.075 seconds
[2021-06-21 19:02:36,589] {scheduler_job.py:182} INFO - Started process (PID=425) to work on /home/airflow/.local/lib/python3.6/site-packages/airflow/example_dags/example_bash_operator.py
[2021-06-21 19:02:36,590] {scheduler_job.py:633} INFO - Processing file /home/airflow/.local/lib/python3.6/site-packages/airflow/example_dags/example_bash_operator.py for tasks to queue
[2021-06-21 19:02:36,591] {logging_mixin.py:104} INFO - [2021-06-21 19:02:36,591] {dagbag.py:487} INFO - Filling up the DagBag from /home/airflow/.local/lib/python3.6/site-packages/airflow/example_dags/example_bash_operator.py
[2021-06-21 19:02:36,607] {scheduler_job.py:643} INFO - DAG(s) dict_keys(['example_bash_operator']) retrieved from /home/airflow/.local/lib/python3.6/site-packages/airflow/example_dags/example_bash_operator.py
[2021-06-21 19:02:36,622] {logging_mixin.py:104} INFO - [2021-06-21 19:02:36,622] {dag.py:1832} INFO - Sync 1 DAGs
[2021-06-21 19:02:36,635] {logging_mixin.py:104} INFO - [2021-06-21 19:02:36,635] {dag.py:2305} INFO - Setting next_dagrun for example_bash_operator to 2021-06-19 00:00:00+00:00
[2021-06-21 19:02:36,666] {scheduler_job.py:190} INFO - Processing /home/airflow/.local/lib/python3.6/site-packages/airflow/example_dags/example_bash_operator.py took 0.082 seconds
[2021-06-21 19:03:06,921] {scheduler_job.py:182} INFO - Started process (PID=508) to work on /home/airflow/.local/lib/python3.6/site-packages/airflow/example_dags/example_bash_operator.py
[2021-06-21 19:03:06,924] {scheduler_job.py:633} INFO - Processing file /home/airflow/.local/lib/python3.6/site-packages/airflow/example_dags/example_bash_operator.py for tasks to queue
[2021-06-21 19:03:06,926] {logging_mixin.py:104} INFO - [2021-06-21 19:03:06,925] {dagbag.py:487} INFO - Filling up the DagBag from /home/airflow/.local/lib/python3.6/site-packages/airflow/example_dags/example_bash_operator.py
[2021-06-21 19:03:06,975] {scheduler_job.py:643} INFO - DAG(s) dict_keys(['example_bash_operator']) retrieved from /home/airflow/.local/lib/python3.6/site-packages/airflow/example_dags/example_bash_operator.py
[2021-06-21 19:03:07,010] {logging_mixin.py:104} INFO - [2021-06-21 19:03:07,010] {dag.py:1832} INFO - Sync 1 DAGs
[2021-06-21 19:03:07,029] {logging_mixin.py:104} INFO - [2021-06-21 19:03:07,029] {dag.py:2305} INFO - Setting next_dagrun for example_bash_operator to 2021-06-19 00:00:00+00:00
[2021-06-21 19:03:07,086] {scheduler_job.py:190} INFO - Processing /home/airflow/.local/lib/python3.6/site-packages/airflow/example_dags/example_bash_operator.py took 0.174 seconds
[2021-06-21 19:03:37,147] {scheduler_job.py:182} INFO - Started process (PID=572) to work on /home/airflow/.local/lib/python3.6/site-packages/airflow/example_dags/example_bash_operator.py
[2021-06-21 19:03:37,148] {scheduler_job.py:633} INFO - Processing file /home/airflow/.local/lib/python3.6/site-packages/airflow/example_dags/example_bash_operator.py for tasks to queue
[2021-06-21 19:03:37,149] {logging_mixin.py:104} INFO - [2021-06-21 19:03:37,149] {dagbag.py:487} INFO - Filling up the DagBag from /home/airflow/.local/lib/python3.6/site-packages/airflow/example_dags/example_bash_operator.py
[2021-06-21 19:03:37,162] {scheduler_job.py:643} INFO - DAG(s) dict_keys(['example_bash_operator']) retrieved from /home/airflow/.local/lib/python3.6/site-packages/airflow/example_dags/example_bash_operator.py
[2021-06-21 19:03:37,179] {logging_mixin.py:104} INFO - [2021-06-21 19:03:37,179] {dag.py:1832} INFO - Sync 1 DAGs
[2021-06-21 19:03:37,209] {logging_mixin.py:104} INFO - [2021-06-21 19:03:37,209] {dag.py:2305} INFO - Setting next_dagrun for example_bash_operator to 2021-06-19 00:00:00+00:00
[2021-06-21 19:03:37,246] {scheduler_job.py:190} INFO - Processing /home/airflow/.local/lib/python3.6/site-packages/airflow/example_dags/example_bash_operator.py took 0.101 seconds
[2021-06-21 19:04:07,287] {scheduler_job.py:182} INFO - Started process (PID=651) to work on /home/airflow/.local/lib/python3.6/site-packages/airflow/example_dags/example_bash_operator.py
[2021-06-21 19:04:07,288] {scheduler_job.py:633} INFO - Processing file /home/airflow/.local/lib/python3.6/site-packages/airflow/example_dags/example_bash_operator.py for tasks to queue
[2021-06-21 19:04:07,289] {logging_mixin.py:104} INFO - [2021-06-21 19:04:07,289] {dagbag.py:487} INFO - Filling up the DagBag from /home/airflow/.local/lib/python3.6/site-packages/airflow/example_dags/example_bash_operator.py
[2021-06-21 19:04:07,303] {scheduler_job.py:643} INFO - DAG(s) dict_keys(['example_bash_operator']) retrieved from /home/airflow/.local/lib/python3.6/site-packages/airflow/example_dags/example_bash_operator.py
[2021-06-21 19:04:07,329] {logging_mixin.py:104} INFO - [2021-06-21 19:04:07,328] {dag.py:1832} INFO - Sync 1 DAGs
[2021-06-21 19:04:07,351] {logging_mixin.py:104} INFO - [2021-06-21 19:04:07,350] {dag.py:2305} INFO - Setting next_dagrun for example_bash_operator to 2021-06-19 00:00:00+00:00
[2021-06-21 19:04:07,385] {scheduler_job.py:190} INFO - Processing /home/airflow/.local/lib/python3.6/site-packages/airflow/example_dags/example_bash_operator.py took 0.101 seconds
[2021-06-21 19:04:37,426] {scheduler_job.py:182} INFO - Started process (PID=715) to work on /home/airflow/.local/lib/python3.6/site-packages/airflow/example_dags/example_bash_operator.py
[2021-06-21 19:04:37,426] {scheduler_job.py:633} INFO - Processing file /home/airflow/.local/lib/python3.6/site-packages/airflow/example_dags/example_bash_operator.py for tasks to queue
[2021-06-21 19:04:37,427] {logging_mixin.py:104} INFO - [2021-06-21 19:04:37,427] {dagbag.py:487} INFO - Filling up the DagBag from /home/airflow/.local/lib/python3.6/site-packages/airflow/example_dags/example_bash_operator.py
[2021-06-21 19:04:37,437] {scheduler_job.py:643} INFO - DAG(s) dict_keys(['example_bash_operator']) retrieved from /home/airflow/.local/lib/python3.6/site-packages/airflow/example_dags/example_bash_operator.py
[2021-06-21 19:04:37,452] {logging_mixin.py:104} INFO - [2021-06-21 19:04:37,452] {dag.py:1832} INFO - Sync 1 DAGs
[2021-06-21 19:04:37,464] {logging_mixin.py:104} INFO - [2021-06-21 19:04:37,464] {dag.py:2305} INFO - Setting next_dagrun for example_bash_operator to 2021-06-19 00:00:00+00:00
[2021-06-21 19:04:37,472] {scheduler_job.py:190} INFO - Processing /home/airflow/.local/lib/python3.6/site-packages/airflow/example_dags/example_bash_operator.py took 0.048 seconds
[2021-06-21 19:05:07,543] {scheduler_job.py:182} INFO - Started process (PID=796) to work on /home/airflow/.local/lib/python3.6/site-packages/airflow/example_dags/example_bash_operator.py
[2021-06-21 19:05:07,544] {scheduler_job.py:633} INFO - Processing file /home/airflow/.local/lib/python3.6/site-packages/airflow/example_dags/example_bash_operator.py for tasks to queue
[2021-06-21 19:05:07,544] {logging_mixin.py:104} INFO - [2021-06-21 19:05:07,544] {dagbag.py:487} INFO - Filling up the DagBag from /home/airflow/.local/lib/python3.6/site-packages/airflow/example_dags/example_bash_operator.py
[2021-06-21 19:05:07,559] {scheduler_job.py:643} INFO - DAG(s) dict_keys(['example_bash_operator']) retrieved from /home/airflow/.local/lib/python3.6/site-packages/airflow/example_dags/example_bash_operator.py
[2021-06-21 19:05:07,588] {logging_mixin.py:104} INFO - [2021-06-21 19:05:07,588] {dag.py:1832} INFO - Sync 1 DAGs
[2021-06-21 19:05:07,610] {logging_mixin.py:104} INFO - [2021-06-21 19:05:07,610] {dag.py:2305} INFO - Setting next_dagrun for example_bash_operator to 2021-06-19 00:00:00+00:00
[2021-06-21 19:05:07,631] {scheduler_job.py:190} INFO - Processing /home/airflow/.local/lib/python3.6/site-packages/airflow/example_dags/example_bash_operator.py took 0.092 seconds
[2021-06-21 19:05:38,184] {scheduler_job.py:182} INFO - Started process (PID=860) to work on /home/airflow/.local/lib/python3.6/site-packages/airflow/example_dags/example_bash_operator.py
[2021-06-21 19:05:38,188] {scheduler_job.py:633} INFO - Processing file /home/airflow/.local/lib/python3.6/site-packages/airflow/example_dags/example_bash_operator.py for tasks to queue
[2021-06-21 19:05:38,189] {logging_mixin.py:104} INFO - [2021-06-21 19:05:38,189] {dagbag.py:487} INFO - Filling up the DagBag from /home/airflow/.local/lib/python3.6/site-packages/airflow/example_dags/example_bash_operator.py
[2021-06-21 19:05:38,238] {scheduler_job.py:643} INFO - DAG(s) dict_keys(['example_bash_operator']) retrieved from /home/airflow/.local/lib/python3.6/site-packages/airflow/example_dags/example_bash_operator.py
[2021-06-21 19:05:38,276] {logging_mixin.py:104} INFO - [2021-06-21 19:05:38,276] {dag.py:1832} INFO - Sync 1 DAGs
[2021-06-21 19:05:38,293] {logging_mixin.py:104} INFO - [2021-06-21 19:05:38,293] {dag.py:2305} INFO - Setting next_dagrun for example_bash_operator to 2021-06-19 00:00:00+00:00
[2021-06-21 19:05:38,301] {scheduler_job.py:190} INFO - Processing /home/airflow/.local/lib/python3.6/site-packages/airflow/example_dags/example_bash_operator.py took 0.125 seconds
[2021-06-21 19:06:08,377] {scheduler_job.py:182} INFO - Started process (PID=941) to work on /home/airflow/.local/lib/python3.6/site-packages/airflow/example_dags/example_bash_operator.py
[2021-06-21 19:06:08,379] {scheduler_job.py:633} INFO - Processing file /home/airflow/.local/lib/python3.6/site-packages/airflow/example_dags/example_bash_operator.py for tasks to queue
[2021-06-21 19:06:08,379] {logging_mixin.py:104} INFO - [2021-06-21 19:06:08,379] {dagbag.py:487} INFO - Filling up the DagBag from /home/airflow/.local/lib/python3.6/site-packages/airflow/example_dags/example_bash_operator.py
[2021-06-21 19:06:08,396] {scheduler_job.py:643} INFO - DAG(s) dict_keys(['example_bash_operator']) retrieved from /home/airflow/.local/lib/python3.6/site-packages/airflow/example_dags/example_bash_operator.py
[2021-06-21 19:06:08,412] {logging_mixin.py:104} INFO - [2021-06-21 19:06:08,412] {dag.py:1832} INFO - Sync 1 DAGs
[2021-06-21 19:06:08,427] {logging_mixin.py:104} INFO - [2021-06-21 19:06:08,426] {dag.py:2305} INFO - Setting next_dagrun for example_bash_operator to 2021-06-19 00:00:00+00:00
[2021-06-21 19:06:08,434] {scheduler_job.py:190} INFO - Processing /home/airflow/.local/lib/python3.6/site-packages/airflow/example_dags/example_bash_operator.py took 0.061 seconds
[2021-06-21 19:06:38,784] {scheduler_job.py:182} INFO - Started process (PID=1013) to work on /home/airflow/.local/lib/python3.6/site-packages/airflow/example_dags/example_bash_operator.py
[2021-06-21 19:06:38,786] {scheduler_job.py:633} INFO - Processing file /home/airflow/.local/lib/python3.6/site-packages/airflow/example_dags/example_bash_operator.py for tasks to queue
[2021-06-21 19:06:38,786] {logging_mixin.py:104} INFO - [2021-06-21 19:06:38,786] {dagbag.py:487} INFO - Filling up the DagBag from /home/airflow/.local/lib/python3.6/site-packages/airflow/example_dags/example_bash_operator.py
[2021-06-21 19:06:38,798] {scheduler_job.py:643} INFO - DAG(s) dict_keys(['example_bash_operator']) retrieved from /home/airflow/.local/lib/python3.6/site-packages/airflow/example_dags/example_bash_operator.py
[2021-06-21 19:06:38,814] {logging_mixin.py:104} INFO - [2021-06-21 19:06:38,814] {dag.py:1832} INFO - Sync 1 DAGs
[2021-06-21 19:06:38,828] {logging_mixin.py:104} INFO - [2021-06-21 19:06:38,828] {dag.py:2305} INFO - Setting next_dagrun for example_bash_operator to 2021-06-19 00:00:00+00:00
[2021-06-21 19:06:38,835] {scheduler_job.py:190} INFO - Processing /home/airflow/.local/lib/python3.6/site-packages/airflow/example_dags/example_bash_operator.py took 0.053 seconds
[2021-06-21 19:07:08,883] {scheduler_job.py:182} INFO - Started process (PID=1085) to work on /home/airflow/.local/lib/python3.6/site-packages/airflow/example_dags/example_bash_operator.py
[2021-06-21 19:07:08,884] {scheduler_job.py:633} INFO - Processing file /home/airflow/.local/lib/python3.6/site-packages/airflow/example_dags/example_bash_operator.py for tasks to queue
[2021-06-21 19:07:08,884] {logging_mixin.py:104} INFO - [2021-06-21 19:07:08,884] {dagbag.py:487} INFO - Filling up the DagBag from /home/airflow/.local/lib/python3.6/site-packages/airflow/example_dags/example_bash_operator.py
[2021-06-21 19:07:08,895] {scheduler_job.py:643} INFO - DAG(s) dict_keys(['example_bash_operator']) retrieved from /home/airflow/.local/lib/python3.6/site-packages/airflow/example_dags/example_bash_operator.py
[2021-06-21 19:07:08,912] {logging_mixin.py:104} INFO - [2021-06-21 19:07:08,912] {dag.py:1832} INFO - Sync 1 DAGs
[2021-06-21 19:07:08,928] {logging_mixin.py:104} INFO - [2021-06-21 19:07:08,928] {dag.py:2305} INFO - Setting next_dagrun for example_bash_operator to 2021-06-19 00:00:00+00:00
[2021-06-21 19:07:08,935] {scheduler_job.py:190} INFO - Processing /home/airflow/.local/lib/python3.6/site-packages/airflow/example_dags/example_bash_operator.py took 0.055 seconds
[2021-06-21 19:07:39,327] {scheduler_job.py:182} INFO - Started process (PID=1165) to work on /home/airflow/.local/lib/python3.6/site-packages/airflow/example_dags/example_bash_operator.py
[2021-06-21 19:07:39,328] {scheduler_job.py:633} INFO - Processing file /home/airflow/.local/lib/python3.6/site-packages/airflow/example_dags/example_bash_operator.py for tasks to queue
[2021-06-21 19:07:39,329] {logging_mixin.py:104} INFO - [2021-06-21 19:07:39,329] {dagbag.py:487} INFO - Filling up the DagBag from /home/airflow/.local/lib/python3.6/site-packages/airflow/example_dags/example_bash_operator.py
[2021-06-21 19:07:39,345] {scheduler_job.py:643} INFO - DAG(s) dict_keys(['example_bash_operator']) retrieved from /home/airflow/.local/lib/python3.6/site-packages/airflow/example_dags/example_bash_operator.py
[2021-06-21 19:07:39,368] {logging_mixin.py:104} INFO - [2021-06-21 19:07:39,368] {dag.py:1832} INFO - Sync 1 DAGs
[2021-06-21 19:07:39,387] {logging_mixin.py:104} INFO - [2021-06-21 19:07:39,387] {dag.py:2305} INFO - Setting next_dagrun for example_bash_operator to 2021-06-19 00:00:00+00:00
[2021-06-21 19:07:39,395] {scheduler_job.py:190} INFO - Processing /home/airflow/.local/lib/python3.6/site-packages/airflow/example_dags/example_bash_operator.py took 0.072 seconds
[2021-06-21 19:08:09,678] {scheduler_job.py:182} INFO - Started process (PID=1230) to work on /home/airflow/.local/lib/python3.6/site-packages/airflow/example_dags/example_bash_operator.py
[2021-06-21 19:08:09,679] {scheduler_job.py:633} INFO - Processing file /home/airflow/.local/lib/python3.6/site-packages/airflow/example_dags/example_bash_operator.py for tasks to queue
[2021-06-21 19:08:09,679] {logging_mixin.py:104} INFO - [2021-06-21 19:08:09,679] {dagbag.py:487} INFO - Filling up the DagBag from /home/airflow/.local/lib/python3.6/site-packages/airflow/example_dags/example_bash_operator.py
[2021-06-21 19:08:09,690] {scheduler_job.py:643} INFO - DAG(s) dict_keys(['example_bash_operator']) retrieved from /home/airflow/.local/lib/python3.6/site-packages/airflow/example_dags/example_bash_operator.py
[2021-06-21 19:08:09,705] {logging_mixin.py:104} INFO - [2021-06-21 19:08:09,705] {dag.py:1832} INFO - Sync 1 DAGs
[2021-06-21 19:08:09,720] {logging_mixin.py:104} INFO - [2021-06-21 19:08:09,720] {dag.py:2305} INFO - Setting next_dagrun for example_bash_operator to 2021-06-19 00:00:00+00:00
[2021-06-21 19:08:09,727] {scheduler_job.py:190} INFO - Processing /home/airflow/.local/lib/python3.6/site-packages/airflow/example_dags/example_bash_operator.py took 0.051 seconds
[2021-06-21 19:08:40,161] {scheduler_job.py:182} INFO - Started process (PID=1311) to work on /home/airflow/.local/lib/python3.6/site-packages/airflow/example_dags/example_bash_operator.py
[2021-06-21 19:08:40,163] {scheduler_job.py:633} INFO - Processing file /home/airflow/.local/lib/python3.6/site-packages/airflow/example_dags/example_bash_operator.py for tasks to queue
[2021-06-21 19:08:40,163] {logging_mixin.py:104} INFO - [2021-06-21 19:08:40,163] {dagbag.py:487} INFO - Filling up the DagBag from /home/airflow/.local/lib/python3.6/site-packages/airflow/example_dags/example_bash_operator.py
[2021-06-21 19:08:40,179] {scheduler_job.py:643} INFO - DAG(s) dict_keys(['example_bash_operator']) retrieved from /home/airflow/.local/lib/python3.6/site-packages/airflow/example_dags/example_bash_operator.py
[2021-06-21 19:08:40,194] {logging_mixin.py:104} INFO - [2021-06-21 19:08:40,194] {dag.py:1832} INFO - Sync 1 DAGs
[2021-06-21 19:08:40,207] {logging_mixin.py:104} INFO - [2021-06-21 19:08:40,207] {dag.py:2305} INFO - Setting next_dagrun for example_bash_operator to 2021-06-19 00:00:00+00:00
[2021-06-21 19:08:40,214] {scheduler_job.py:190} INFO - Processing /home/airflow/.local/lib/python3.6/site-packages/airflow/example_dags/example_bash_operator.py took 0.057 seconds
[2021-06-21 19:09:10,677] {scheduler_job.py:182} INFO - Started process (PID=1379) to work on /home/airflow/.local/lib/python3.6/site-packages/airflow/example_dags/example_bash_operator.py
[2021-06-21 19:09:10,678] {scheduler_job.py:633} INFO - Processing file /home/airflow/.local/lib/python3.6/site-packages/airflow/example_dags/example_bash_operator.py for tasks to queue
[2021-06-21 19:09:10,679] {logging_mixin.py:104} INFO - [2021-06-21 19:09:10,679] {dagbag.py:487} INFO - Filling up the DagBag from /home/airflow/.local/lib/python3.6/site-packages/airflow/example_dags/example_bash_operator.py
[2021-06-21 19:09:10,694] {scheduler_job.py:643} INFO - DAG(s) dict_keys(['example_bash_operator']) retrieved from /home/airflow/.local/lib/python3.6/site-packages/airflow/example_dags/example_bash_operator.py
[2021-06-21 19:09:10,719] {logging_mixin.py:104} INFO - [2021-06-21 19:09:10,719] {dag.py:1832} INFO - Sync 1 DAGs
[2021-06-21 19:09:10,742] {logging_mixin.py:104} INFO - [2021-06-21 19:09:10,742] {dag.py:2305} INFO - Setting next_dagrun for example_bash_operator to 2021-06-19 00:00:00+00:00
[2021-06-21 19:09:10,751] {scheduler_job.py:190} INFO - Processing /home/airflow/.local/lib/python3.6/site-packages/airflow/example_dags/example_bash_operator.py took 0.077 seconds
[2021-06-21 19:09:41,035] {scheduler_job.py:182} INFO - Started process (PID=1460) to work on /home/airflow/.local/lib/python3.6/site-packages/airflow/example_dags/example_bash_operator.py
[2021-06-21 19:09:41,036] {scheduler_job.py:633} INFO - Processing file /home/airflow/.local/lib/python3.6/site-packages/airflow/example_dags/example_bash_operator.py for tasks to queue
[2021-06-21 19:09:41,037] {logging_mixin.py:104} INFO - [2021-06-21 19:09:41,037] {dagbag.py:487} INFO - Filling up the DagBag from /home/airflow/.local/lib/python3.6/site-packages/airflow/example_dags/example_bash_operator.py
[2021-06-21 19:09:41,049] {scheduler_job.py:643} INFO - DAG(s) dict_keys(['example_bash_operator']) retrieved from /home/airflow/.local/lib/python3.6/site-packages/airflow/example_dags/example_bash_operator.py
[2021-06-21 19:09:41,067] {logging_mixin.py:104} INFO - [2021-06-21 19:09:41,067] {dag.py:1832} INFO - Sync 1 DAGs
[2021-06-21 19:09:41,084] {logging_mixin.py:104} INFO - [2021-06-21 19:09:41,083] {dag.py:2305} INFO - Setting next_dagrun for example_bash_operator to 2021-06-19 00:00:00+00:00
[2021-06-21 19:09:41,119] {scheduler_job.py:190} INFO - Processing /home/airflow/.local/lib/python3.6/site-packages/airflow/example_dags/example_bash_operator.py took 0.086 seconds
[2021-06-21 19:10:11,393] {scheduler_job.py:182} INFO - Started process (PID=1524) to work on /home/airflow/.local/lib/python3.6/site-packages/airflow/example_dags/example_bash_operator.py
[2021-06-21 19:10:11,395] {scheduler_job.py:633} INFO - Processing file /home/airflow/.local/lib/python3.6/site-packages/airflow/example_dags/example_bash_operator.py for tasks to queue
[2021-06-21 19:10:11,396] {logging_mixin.py:104} INFO - [2021-06-21 19:10:11,395] {dagbag.py:487} INFO - Filling up the DagBag from /home/airflow/.local/lib/python3.6/site-packages/airflow/example_dags/example_bash_operator.py
[2021-06-21 19:10:11,418] {scheduler_job.py:643} INFO - DAG(s) dict_keys(['example_bash_operator']) retrieved from /home/airflow/.local/lib/python3.6/site-packages/airflow/example_dags/example_bash_operator.py
[2021-06-21 19:10:11,453] {logging_mixin.py:104} INFO - [2021-06-21 19:10:11,453] {dag.py:1832} INFO - Sync 1 DAGs
[2021-06-21 19:10:11,490] {logging_mixin.py:104} INFO - [2021-06-21 19:10:11,490] {dag.py:2305} INFO - Setting next_dagrun for example_bash_operator to 2021-06-19 00:00:00+00:00
[2021-06-21 19:10:11,528] {scheduler_job.py:190} INFO - Processing /home/airflow/.local/lib/python3.6/site-packages/airflow/example_dags/example_bash_operator.py took 0.139 seconds
[2021-06-21 19:10:41,674] {scheduler_job.py:182} INFO - Started process (PID=1599) to work on /home/airflow/.local/lib/python3.6/site-packages/airflow/example_dags/example_bash_operator.py
[2021-06-21 19:10:41,675] {scheduler_job.py:633} INFO - Processing file /home/airflow/.local/lib/python3.6/site-packages/airflow/example_dags/example_bash_operator.py for tasks to queue
[2021-06-21 19:10:41,675] {logging_mixin.py:104} INFO - [2021-06-21 19:10:41,675] {dagbag.py:487} INFO - Filling up the DagBag from /home/airflow/.local/lib/python3.6/site-packages/airflow/example_dags/example_bash_operator.py
[2021-06-21 19:10:41,689] {scheduler_job.py:643} INFO - DAG(s) dict_keys(['example_bash_operator']) retrieved from /home/airflow/.local/lib/python3.6/site-packages/airflow/example_dags/example_bash_operator.py
[2021-06-21 19:10:41,712] {logging_mixin.py:104} INFO - [2021-06-21 19:10:41,711] {dag.py:1832} INFO - Sync 1 DAGs
[2021-06-21 19:10:41,749] {logging_mixin.py:104} INFO - [2021-06-21 19:10:41,749] {dag.py:2305} INFO - Setting next_dagrun for example_bash_operator to 2021-06-19 00:00:00+00:00
[2021-06-21 19:10:41,796] {scheduler_job.py:190} INFO - Processing /home/airflow/.local/lib/python3.6/site-packages/airflow/example_dags/example_bash_operator.py took 0.126 seconds
[2021-06-21 19:11:12,092] {scheduler_job.py:182} INFO - Started process (PID=1670) to work on /home/airflow/.local/lib/python3.6/site-packages/airflow/example_dags/example_bash_operator.py
[2021-06-21 19:11:12,093] {scheduler_job.py:633} INFO - Processing file /home/airflow/.local/lib/python3.6/site-packages/airflow/example_dags/example_bash_operator.py for tasks to queue
[2021-06-21 19:11:12,093] {logging_mixin.py:104} INFO - [2021-06-21 19:11:12,093] {dagbag.py:487} INFO - Filling up the DagBag from /home/airflow/.local/lib/python3.6/site-packages/airflow/example_dags/example_bash_operator.py
[2021-06-21 19:11:12,106] {scheduler_job.py:643} INFO - DAG(s) dict_keys(['example_bash_operator']) retrieved from /home/airflow/.local/lib/python3.6/site-packages/airflow/example_dags/example_bash_operator.py
[2021-06-21 19:11:12,125] {logging_mixin.py:104} INFO - [2021-06-21 19:11:12,125] {dag.py:1832} INFO - Sync 1 DAGs
[2021-06-21 19:11:12,143] {logging_mixin.py:104} INFO - [2021-06-21 19:11:12,143] {dag.py:2305} INFO - Setting next_dagrun for example_bash_operator to 2021-06-19 00:00:00+00:00
[2021-06-21 19:11:12,173] {scheduler_job.py:190} INFO - Processing /home/airflow/.local/lib/python3.6/site-packages/airflow/example_dags/example_bash_operator.py took 0.083 seconds
[2021-06-21 19:11:42,235] {scheduler_job.py:182} INFO - Started process (PID=1735) to work on /home/airflow/.local/lib/python3.6/site-packages/airflow/example_dags/example_bash_operator.py
[2021-06-21 19:11:42,237] {scheduler_job.py:633} INFO - Processing file /home/airflow/.local/lib/python3.6/site-packages/airflow/example_dags/example_bash_operator.py for tasks to queue
[2021-06-21 19:11:42,239] {logging_mixin.py:104} INFO - [2021-06-21 19:11:42,238] {dagbag.py:487} INFO - Filling up the DagBag from /home/airflow/.local/lib/python3.6/site-packages/airflow/example_dags/example_bash_operator.py
[2021-06-21 19:11:42,257] {scheduler_job.py:643} INFO - DAG(s) dict_keys(['example_bash_operator']) retrieved from /home/airflow/.local/lib/python3.6/site-packages/airflow/example_dags/example_bash_operator.py
[2021-06-21 19:11:42,277] {logging_mixin.py:104} INFO - [2021-06-21 19:11:42,277] {dag.py:1832} INFO - Sync 1 DAGs
[2021-06-21 19:11:42,294] {logging_mixin.py:104} INFO - [2021-06-21 19:11:42,293] {dag.py:2305} INFO - Setting next_dagrun for example_bash_operator to 2021-06-19 00:00:00+00:00
[2021-06-21 19:11:42,302] {scheduler_job.py:190} INFO - Processing /home/airflow/.local/lib/python3.6/site-packages/airflow/example_dags/example_bash_operator.py took 0.076 seconds
[2021-06-21 19:12:12,496] {scheduler_job.py:182} INFO - Started process (PID=1816) to work on /home/airflow/.local/lib/python3.6/site-packages/airflow/example_dags/example_bash_operator.py
[2021-06-21 19:12:12,501] {scheduler_job.py:633} INFO - Processing file /home/airflow/.local/lib/python3.6/site-packages/airflow/example_dags/example_bash_operator.py for tasks to queue
[2021-06-21 19:12:12,503] {logging_mixin.py:104} INFO - [2021-06-21 19:12:12,503] {dagbag.py:487} INFO - Filling up the DagBag from /home/airflow/.local/lib/python3.6/site-packages/airflow/example_dags/example_bash_operator.py
[2021-06-21 19:12:12,555] {scheduler_job.py:643} INFO - DAG(s) dict_keys(['example_bash_operator']) retrieved from /home/airflow/.local/lib/python3.6/site-packages/airflow/example_dags/example_bash_operator.py
[2021-06-21 19:12:12,619] {logging_mixin.py:104} INFO - [2021-06-21 19:12:12,619] {dag.py:1832} INFO - Sync 1 DAGs
[2021-06-21 19:12:12,647] {logging_mixin.py:104} INFO - [2021-06-21 19:12:12,647] {dag.py:2305} INFO - Setting next_dagrun for example_bash_operator to 2021-06-19 00:00:00+00:00
[2021-06-21 19:12:12,656] {scheduler_job.py:190} INFO - Processing /home/airflow/.local/lib/python3.6/site-packages/airflow/example_dags/example_bash_operator.py took 0.169 seconds
[2021-06-21 19:12:42,715] {scheduler_job.py:182} INFO - Started process (PID=1880) to work on /home/airflow/.local/lib/python3.6/site-packages/airflow/example_dags/example_bash_operator.py
[2021-06-21 19:12:42,716] {scheduler_job.py:633} INFO - Processing file /home/airflow/.local/lib/python3.6/site-packages/airflow/example_dags/example_bash_operator.py for tasks to queue
[2021-06-21 19:12:42,717] {logging_mixin.py:104} INFO - [2021-06-21 19:12:42,717] {dagbag.py:487} INFO - Filling up the DagBag from /home/airflow/.local/lib/python3.6/site-packages/airflow/example_dags/example_bash_operator.py
[2021-06-21 19:12:42,730] {scheduler_job.py:643} INFO - DAG(s) dict_keys(['example_bash_operator']) retrieved from /home/airflow/.local/lib/python3.6/site-packages/airflow/example_dags/example_bash_operator.py
[2021-06-21 19:12:42,750] {logging_mixin.py:104} INFO - [2021-06-21 19:12:42,749] {dag.py:1832} INFO - Sync 1 DAGs
[2021-06-21 19:12:42,768] {logging_mixin.py:104} INFO - [2021-06-21 19:12:42,768] {dag.py:2305} INFO - Setting next_dagrun for example_bash_operator to 2021-06-19 00:00:00+00:00
[2021-06-21 19:12:42,778] {scheduler_job.py:190} INFO - Processing /home/airflow/.local/lib/python3.6/site-packages/airflow/example_dags/example_bash_operator.py took 0.065 seconds
[2021-06-21 19:13:12,864] {scheduler_job.py:182} INFO - Started process (PID=1963) to work on /home/airflow/.local/lib/python3.6/site-packages/airflow/example_dags/example_bash_operator.py
[2021-06-21 19:13:12,867] {scheduler_job.py:633} INFO - Processing file /home/airflow/.local/lib/python3.6/site-packages/airflow/example_dags/example_bash_operator.py for tasks to queue
[2021-06-21 19:13:12,870] {logging_mixin.py:104} INFO - [2021-06-21 19:13:12,869] {dagbag.py:487} INFO - Filling up the DagBag from /home/airflow/.local/lib/python3.6/site-packages/airflow/example_dags/example_bash_operator.py
[2021-06-21 19:13:12,923] {scheduler_job.py:643} INFO - DAG(s) dict_keys(['example_bash_operator']) retrieved from /home/airflow/.local/lib/python3.6/site-packages/airflow/example_dags/example_bash_operator.py
[2021-06-21 19:13:12,957] {logging_mixin.py:104} INFO - [2021-06-21 19:13:12,957] {dag.py:1832} INFO - Sync 1 DAGs
[2021-06-21 19:13:12,988] {logging_mixin.py:104} INFO - [2021-06-21 19:13:12,988] {dag.py:2305} INFO - Setting next_dagrun for example_bash_operator to 2021-06-19 00:00:00+00:00
[2021-06-21 19:13:13,004] {scheduler_job.py:190} INFO - Processing /home/airflow/.local/lib/python3.6/site-packages/airflow/example_dags/example_bash_operator.py took 0.150 seconds
[2021-06-21 19:13:43,435] {scheduler_job.py:182} INFO - Started process (PID=2029) to work on /home/airflow/.local/lib/python3.6/site-packages/airflow/example_dags/example_bash_operator.py
[2021-06-21 19:13:43,438] {scheduler_job.py:633} INFO - Processing file /home/airflow/.local/lib/python3.6/site-packages/airflow/example_dags/example_bash_operator.py for tasks to queue
[2021-06-21 19:13:43,439] {logging_mixin.py:104} INFO - [2021-06-21 19:13:43,439] {dagbag.py:487} INFO - Filling up the DagBag from /home/airflow/.local/lib/python3.6/site-packages/airflow/example_dags/example_bash_operator.py
[2021-06-21 19:13:43,463] {scheduler_job.py:643} INFO - DAG(s) dict_keys(['example_bash_operator']) retrieved from /home/airflow/.local/lib/python3.6/site-packages/airflow/example_dags/example_bash_operator.py
[2021-06-21 19:13:43,482] {logging_mixin.py:104} INFO - [2021-06-21 19:13:43,481] {dag.py:1832} INFO - Sync 1 DAGs
[2021-06-21 19:13:43,502] {logging_mixin.py:104} INFO - [2021-06-21 19:13:43,502] {dag.py:2305} INFO - Setting next_dagrun for example_bash_operator to 2021-06-19 00:00:00+00:00
[2021-06-21 19:13:43,515] {scheduler_job.py:190} INFO - Processing /home/airflow/.local/lib/python3.6/site-packages/airflow/example_dags/example_bash_operator.py took 0.089 seconds
[2021-06-21 19:14:13,623] {scheduler_job.py:182} INFO - Started process (PID=2112) to work on /home/airflow/.local/lib/python3.6/site-packages/airflow/example_dags/example_bash_operator.py
[2021-06-21 19:14:13,624] {scheduler_job.py:633} INFO - Processing file /home/airflow/.local/lib/python3.6/site-packages/airflow/example_dags/example_bash_operator.py for tasks to queue
[2021-06-21 19:14:13,625] {logging_mixin.py:104} INFO - [2021-06-21 19:14:13,625] {dagbag.py:487} INFO - Filling up the DagBag from /home/airflow/.local/lib/python3.6/site-packages/airflow/example_dags/example_bash_operator.py
[2021-06-21 19:14:13,641] {scheduler_job.py:643} INFO - DAG(s) dict_keys(['example_bash_operator']) retrieved from /home/airflow/.local/lib/python3.6/site-packages/airflow/example_dags/example_bash_operator.py
[2021-06-21 19:14:13,661] {logging_mixin.py:104} INFO - [2021-06-21 19:14:13,661] {dag.py:1832} INFO - Sync 1 DAGs
[2021-06-21 19:14:13,678] {logging_mixin.py:104} INFO - [2021-06-21 19:14:13,678] {dag.py:2305} INFO - Setting next_dagrun for example_bash_operator to 2021-06-19 00:00:00+00:00
[2021-06-21 19:14:13,687] {scheduler_job.py:190} INFO - Processing /home/airflow/.local/lib/python3.6/site-packages/airflow/example_dags/example_bash_operator.py took 0.067 seconds
[2021-06-21 19:14:44,105] {scheduler_job.py:182} INFO - Started process (PID=2176) to work on /home/airflow/.local/lib/python3.6/site-packages/airflow/example_dags/example_bash_operator.py
[2021-06-21 19:14:44,108] {scheduler_job.py:633} INFO - Processing file /home/airflow/.local/lib/python3.6/site-packages/airflow/example_dags/example_bash_operator.py for tasks to queue
[2021-06-21 19:14:44,109] {logging_mixin.py:104} INFO - [2021-06-21 19:14:44,109] {dagbag.py:487} INFO - Filling up the DagBag from /home/airflow/.local/lib/python3.6/site-packages/airflow/example_dags/example_bash_operator.py
[2021-06-21 19:14:44,134] {scheduler_job.py:643} INFO - DAG(s) dict_keys(['example_bash_operator']) retrieved from /home/airflow/.local/lib/python3.6/site-packages/airflow/example_dags/example_bash_operator.py
[2021-06-21 19:14:44,152] {logging_mixin.py:104} INFO - [2021-06-21 19:14:44,152] {dag.py:1832} INFO - Sync 1 DAGs
[2021-06-21 19:14:44,168] {logging_mixin.py:104} INFO - [2021-06-21 19:14:44,168] {dag.py:2305} INFO - Setting next_dagrun for example_bash_operator to 2021-06-19 00:00:00+00:00
[2021-06-21 19:14:44,176] {scheduler_job.py:190} INFO - Processing /home/airflow/.local/lib/python3.6/site-packages/airflow/example_dags/example_bash_operator.py took 0.078 seconds
[2021-06-21 19:15:14,770] {scheduler_job.py:182} INFO - Started process (PID=2265) to work on /home/airflow/.local/lib/python3.6/site-packages/airflow/example_dags/example_bash_operator.py
[2021-06-21 19:15:14,771] {scheduler_job.py:633} INFO - Processing file /home/airflow/.local/lib/python3.6/site-packages/airflow/example_dags/example_bash_operator.py for tasks to queue
[2021-06-21 19:15:14,772] {logging_mixin.py:104} INFO - [2021-06-21 19:15:14,772] {dagbag.py:487} INFO - Filling up the DagBag from /home/airflow/.local/lib/python3.6/site-packages/airflow/example_dags/example_bash_operator.py
[2021-06-21 19:15:14,785] {scheduler_job.py:643} INFO - DAG(s) dict_keys(['example_bash_operator']) retrieved from /home/airflow/.local/lib/python3.6/site-packages/airflow/example_dags/example_bash_operator.py
[2021-06-21 19:15:14,802] {logging_mixin.py:104} INFO - [2021-06-21 19:15:14,802] {dag.py:1832} INFO - Sync 1 DAGs
[2021-06-21 19:15:14,820] {logging_mixin.py:104} INFO - [2021-06-21 19:15:14,819] {dag.py:2305} INFO - Setting next_dagrun for example_bash_operator to 2021-06-19 00:00:00+00:00
[2021-06-21 19:15:14,829] {scheduler_job.py:190} INFO - Processing /home/airflow/.local/lib/python3.6/site-packages/airflow/example_dags/example_bash_operator.py took 0.062 seconds
[2021-06-21 19:15:45,799] {scheduler_job.py:182} INFO - Started process (PID=2330) to work on /home/airflow/.local/lib/python3.6/site-packages/airflow/example_dags/example_bash_operator.py
[2021-06-21 19:15:45,799] {scheduler_job.py:633} INFO - Processing file /home/airflow/.local/lib/python3.6/site-packages/airflow/example_dags/example_bash_operator.py for tasks to queue
[2021-06-21 19:15:45,800] {logging_mixin.py:104} INFO - [2021-06-21 19:15:45,800] {dagbag.py:487} INFO - Filling up the DagBag from /home/airflow/.local/lib/python3.6/site-packages/airflow/example_dags/example_bash_operator.py
[2021-06-21 19:15:45,811] {scheduler_job.py:643} INFO - DAG(s) dict_keys(['example_bash_operator']) retrieved from /home/airflow/.local/lib/python3.6/site-packages/airflow/example_dags/example_bash_operator.py
[2021-06-21 19:15:45,827] {logging_mixin.py:104} INFO - [2021-06-21 19:15:45,827] {dag.py:1832} INFO - Sync 1 DAGs
[2021-06-21 19:15:45,842] {logging_mixin.py:104} INFO - [2021-06-21 19:15:45,842] {dag.py:2305} INFO - Setting next_dagrun for example_bash_operator to 2021-06-19 00:00:00+00:00
[2021-06-21 19:15:45,851] {scheduler_job.py:190} INFO - Processing /home/airflow/.local/lib/python3.6/site-packages/airflow/example_dags/example_bash_operator.py took 0.054 seconds
[2021-06-21 19:16:16,646] {scheduler_job.py:182} INFO - Started process (PID=2411) to work on /home/airflow/.local/lib/python3.6/site-packages/airflow/example_dags/example_bash_operator.py
[2021-06-21 19:16:16,648] {scheduler_job.py:633} INFO - Processing file /home/airflow/.local/lib/python3.6/site-packages/airflow/example_dags/example_bash_operator.py for tasks to queue
[2021-06-21 19:16:16,649] {logging_mixin.py:104} INFO - [2021-06-21 19:16:16,649] {dagbag.py:487} INFO - Filling up the DagBag from /home/airflow/.local/lib/python3.6/site-packages/airflow/example_dags/example_bash_operator.py
[2021-06-21 19:16:16,677] {scheduler_job.py:643} INFO - DAG(s) dict_keys(['example_bash_operator']) retrieved from /home/airflow/.local/lib/python3.6/site-packages/airflow/example_dags/example_bash_operator.py
[2021-06-21 19:16:16,697] {logging_mixin.py:104} INFO - [2021-06-21 19:16:16,697] {dag.py:1832} INFO - Sync 1 DAGs
[2021-06-21 19:16:16,714] {logging_mixin.py:104} INFO - [2021-06-21 19:16:16,714] {dag.py:2305} INFO - Setting next_dagrun for example_bash_operator to 2021-06-19 00:00:00+00:00
[2021-06-21 19:16:16,741] {scheduler_job.py:190} INFO - Processing /home/airflow/.local/lib/python3.6/site-packages/airflow/example_dags/example_bash_operator.py took 0.102 seconds
[2021-06-21 19:16:46,790] {scheduler_job.py:182} INFO - Started process (PID=2476) to work on /home/airflow/.local/lib/python3.6/site-packages/airflow/example_dags/example_bash_operator.py
[2021-06-21 19:16:46,791] {scheduler_job.py:633} INFO - Processing file /home/airflow/.local/lib/python3.6/site-packages/airflow/example_dags/example_bash_operator.py for tasks to queue
[2021-06-21 19:16:46,792] {logging_mixin.py:104} INFO - [2021-06-21 19:16:46,792] {dagbag.py:487} INFO - Filling up the DagBag from /home/airflow/.local/lib/python3.6/site-packages/airflow/example_dags/example_bash_operator.py
[2021-06-21 19:16:46,809] {scheduler_job.py:643} INFO - DAG(s) dict_keys(['example_bash_operator']) retrieved from /home/airflow/.local/lib/python3.6/site-packages/airflow/example_dags/example_bash_operator.py
[2021-06-21 19:16:46,827] {logging_mixin.py:104} INFO - [2021-06-21 19:16:46,827] {dag.py:1832} INFO - Sync 1 DAGs
[2021-06-21 19:16:46,843] {logging_mixin.py:104} INFO - [2021-06-21 19:16:46,843] {dag.py:2305} INFO - Setting next_dagrun for example_bash_operator to 2021-06-19 00:00:00+00:00
[2021-06-21 19:16:46,879] {scheduler_job.py:190} INFO - Processing /home/airflow/.local/lib/python3.6/site-packages/airflow/example_dags/example_bash_operator.py took 0.093 seconds
[2021-06-21 19:17:17,151] {scheduler_job.py:182} INFO - Started process (PID=2557) to work on /home/airflow/.local/lib/python3.6/site-packages/airflow/example_dags/example_bash_operator.py
[2021-06-21 19:17:17,158] {scheduler_job.py:633} INFO - Processing file /home/airflow/.local/lib/python3.6/site-packages/airflow/example_dags/example_bash_operator.py for tasks to queue
[2021-06-21 19:17:17,160] {logging_mixin.py:104} INFO - [2021-06-21 19:17:17,160] {dagbag.py:487} INFO - Filling up the DagBag from /home/airflow/.local/lib/python3.6/site-packages/airflow/example_dags/example_bash_operator.py
[2021-06-21 19:17:17,214] {scheduler_job.py:643} INFO - DAG(s) dict_keys(['example_bash_operator']) retrieved from /home/airflow/.local/lib/python3.6/site-packages/airflow/example_dags/example_bash_operator.py
[2021-06-21 19:17:17,253] {logging_mixin.py:104} INFO - [2021-06-21 19:17:17,253] {dag.py:1832} INFO - Sync 1 DAGs
[2021-06-21 19:17:17,274] {logging_mixin.py:104} INFO - [2021-06-21 19:17:17,274] {dag.py:2305} INFO - Setting next_dagrun for example_bash_operator to 2021-06-19 00:00:00+00:00
[2021-06-21 19:17:17,304] {scheduler_job.py:190} INFO - Processing /home/airflow/.local/lib/python3.6/site-packages/airflow/example_dags/example_bash_operator.py took 0.164 seconds
[2021-06-21 19:17:47,451] {scheduler_job.py:182} INFO - Started process (PID=2621) to work on /home/airflow/.local/lib/python3.6/site-packages/airflow/example_dags/example_bash_operator.py
[2021-06-21 19:17:47,452] {scheduler_job.py:633} INFO - Processing file /home/airflow/.local/lib/python3.6/site-packages/airflow/example_dags/example_bash_operator.py for tasks to queue
[2021-06-21 19:17:47,453] {logging_mixin.py:104} INFO - [2021-06-21 19:17:47,453] {dagbag.py:487} INFO - Filling up the DagBag from /home/airflow/.local/lib/python3.6/site-packages/airflow/example_dags/example_bash_operator.py
[2021-06-21 19:17:47,465] {scheduler_job.py:643} INFO - DAG(s) dict_keys(['example_bash_operator']) retrieved from /home/airflow/.local/lib/python3.6/site-packages/airflow/example_dags/example_bash_operator.py
[2021-06-21 19:17:47,484] {logging_mixin.py:104} INFO - [2021-06-21 19:17:47,484] {dag.py:1832} INFO - Sync 1 DAGs
[2021-06-21 19:17:47,500] {logging_mixin.py:104} INFO - [2021-06-21 19:17:47,500] {dag.py:2305} INFO - Setting next_dagrun for example_bash_operator to 2021-06-19 00:00:00+00:00
[2021-06-21 19:17:47,526] {scheduler_job.py:190} INFO - Processing /home/airflow/.local/lib/python3.6/site-packages/airflow/example_dags/example_bash_operator.py took 0.077 seconds
[2021-06-21 19:18:17,899] {scheduler_job.py:182} INFO - Started process (PID=2706) to work on /home/airflow/.local/lib/python3.6/site-packages/airflow/example_dags/example_bash_operator.py
[2021-06-21 19:18:17,901] {scheduler_job.py:633} INFO - Processing file /home/airflow/.local/lib/python3.6/site-packages/airflow/example_dags/example_bash_operator.py for tasks to queue
[2021-06-21 19:18:17,902] {logging_mixin.py:104} INFO - [2021-06-21 19:18:17,902] {dagbag.py:487} INFO - Filling up the DagBag from /home/airflow/.local/lib/python3.6/site-packages/airflow/example_dags/example_bash_operator.py
[2021-06-21 19:18:17,917] {scheduler_job.py:643} INFO - DAG(s) dict_keys(['example_bash_operator']) retrieved from /home/airflow/.local/lib/python3.6/site-packages/airflow/example_dags/example_bash_operator.py
[2021-06-21 19:18:17,937] {logging_mixin.py:104} INFO - [2021-06-21 19:18:17,937] {dag.py:1832} INFO - Sync 1 DAGs
[2021-06-21 19:18:17,954] {logging_mixin.py:104} INFO - [2021-06-21 19:18:17,954] {dag.py:2305} INFO - Setting next_dagrun for example_bash_operator to 2021-06-19 00:00:00+00:00
[2021-06-21 19:18:17,962] {scheduler_job.py:190} INFO - Processing /home/airflow/.local/lib/python3.6/site-packages/airflow/example_dags/example_bash_operator.py took 0.068 seconds
[2021-06-21 19:18:48,158] {scheduler_job.py:182} INFO - Started process (PID=2770) to work on /home/airflow/.local/lib/python3.6/site-packages/airflow/example_dags/example_bash_operator.py
[2021-06-21 19:18:48,162] {scheduler_job.py:633} INFO - Processing file /home/airflow/.local/lib/python3.6/site-packages/airflow/example_dags/example_bash_operator.py for tasks to queue
[2021-06-21 19:18:48,165] {logging_mixin.py:104} INFO - [2021-06-21 19:18:48,164] {dagbag.py:487} INFO - Filling up the DagBag from /home/airflow/.local/lib/python3.6/site-packages/airflow/example_dags/example_bash_operator.py
[2021-06-21 19:18:48,228] {scheduler_job.py:643} INFO - DAG(s) dict_keys(['example_bash_operator']) retrieved from /home/airflow/.local/lib/python3.6/site-packages/airflow/example_dags/example_bash_operator.py
[2021-06-21 19:18:48,263] {logging_mixin.py:104} INFO - [2021-06-21 19:18:48,263] {dag.py:1832} INFO - Sync 1 DAGs
[2021-06-21 19:18:48,305] {logging_mixin.py:104} INFO - [2021-06-21 19:18:48,305] {dag.py:2305} INFO - Setting next_dagrun for example_bash_operator to 2021-06-19 00:00:00+00:00
[2021-06-21 19:18:48,320] {scheduler_job.py:190} INFO - Processing /home/airflow/.local/lib/python3.6/site-packages/airflow/example_dags/example_bash_operator.py took 0.172 seconds
[2021-06-21 19:19:18,874] {scheduler_job.py:182} INFO - Started process (PID=2854) to work on /home/airflow/.local/lib/python3.6/site-packages/airflow/example_dags/example_bash_operator.py
[2021-06-21 19:19:18,875] {scheduler_job.py:633} INFO - Processing file /home/airflow/.local/lib/python3.6/site-packages/airflow/example_dags/example_bash_operator.py for tasks to queue
[2021-06-21 19:19:18,876] {logging_mixin.py:104} INFO - [2021-06-21 19:19:18,876] {dagbag.py:487} INFO - Filling up the DagBag from /home/airflow/.local/lib/python3.6/site-packages/airflow/example_dags/example_bash_operator.py
[2021-06-21 19:19:18,899] {scheduler_job.py:643} INFO - DAG(s) dict_keys(['example_bash_operator']) retrieved from /home/airflow/.local/lib/python3.6/site-packages/airflow/example_dags/example_bash_operator.py
[2021-06-21 19:19:18,920] {logging_mixin.py:104} INFO - [2021-06-21 19:19:18,920] {dag.py:1832} INFO - Sync 1 DAGs
[2021-06-21 19:19:18,941] {logging_mixin.py:104} INFO - [2021-06-21 19:19:18,941] {dag.py:2305} INFO - Setting next_dagrun for example_bash_operator to 2021-06-19 00:00:00+00:00
[2021-06-21 19:19:18,950] {scheduler_job.py:190} INFO - Processing /home/airflow/.local/lib/python3.6/site-packages/airflow/example_dags/example_bash_operator.py took 0.082 seconds
[2021-06-21 19:19:49,545] {scheduler_job.py:182} INFO - Started process (PID=2924) to work on /home/airflow/.local/lib/python3.6/site-packages/airflow/example_dags/example_bash_operator.py
[2021-06-21 19:19:49,547] {scheduler_job.py:633} INFO - Processing file /home/airflow/.local/lib/python3.6/site-packages/airflow/example_dags/example_bash_operator.py for tasks to queue
[2021-06-21 19:19:49,548] {logging_mixin.py:104} INFO - [2021-06-21 19:19:49,547] {dagbag.py:487} INFO - Filling up the DagBag from /home/airflow/.local/lib/python3.6/site-packages/airflow/example_dags/example_bash_operator.py
[2021-06-21 19:19:49,566] {scheduler_job.py:643} INFO - DAG(s) dict_keys(['example_bash_operator']) retrieved from /home/airflow/.local/lib/python3.6/site-packages/airflow/example_dags/example_bash_operator.py
[2021-06-21 19:19:49,591] {logging_mixin.py:104} INFO - [2021-06-21 19:19:49,590] {dag.py:1832} INFO - Sync 1 DAGs
[2021-06-21 19:19:49,611] {logging_mixin.py:104} INFO - [2021-06-21 19:19:49,611] {dag.py:2305} INFO - Setting next_dagrun for example_bash_operator to 2021-06-19 00:00:00+00:00
[2021-06-21 19:19:49,619] {scheduler_job.py:190} INFO - Processing /home/airflow/.local/lib/python3.6/site-packages/airflow/example_dags/example_bash_operator.py took 0.076 seconds
[2021-06-21 19:20:20,165] {scheduler_job.py:182} INFO - Started process (PID=2998) to work on /home/airflow/.local/lib/python3.6/site-packages/airflow/example_dags/example_bash_operator.py
[2021-06-21 19:20:20,166] {scheduler_job.py:633} INFO - Processing file /home/airflow/.local/lib/python3.6/site-packages/airflow/example_dags/example_bash_operator.py for tasks to queue
[2021-06-21 19:20:20,166] {logging_mixin.py:104} INFO - [2021-06-21 19:20:20,166] {dagbag.py:487} INFO - Filling up the DagBag from /home/airflow/.local/lib/python3.6/site-packages/airflow/example_dags/example_bash_operator.py
[2021-06-21 19:20:20,179] {scheduler_job.py:643} INFO - DAG(s) dict_keys(['example_bash_operator']) retrieved from /home/airflow/.local/lib/python3.6/site-packages/airflow/example_dags/example_bash_operator.py
[2021-06-21 19:20:20,198] {logging_mixin.py:104} INFO - [2021-06-21 19:20:20,198] {dag.py:1832} INFO - Sync 1 DAGs
[2021-06-21 19:20:20,214] {logging_mixin.py:104} INFO - [2021-06-21 19:20:20,214] {dag.py:2305} INFO - Setting next_dagrun for example_bash_operator to 2021-06-19 00:00:00+00:00
[2021-06-21 19:20:20,222] {scheduler_job.py:190} INFO - Processing /home/airflow/.local/lib/python3.6/site-packages/airflow/example_dags/example_bash_operator.py took 0.060 seconds
[2021-06-21 19:20:50,977] {scheduler_job.py:182} INFO - Started process (PID=3080) to work on /home/airflow/.local/lib/python3.6/site-packages/airflow/example_dags/example_bash_operator.py
[2021-06-21 19:20:50,978] {scheduler_job.py:633} INFO - Processing file /home/airflow/.local/lib/python3.6/site-packages/airflow/example_dags/example_bash_operator.py for tasks to queue
[2021-06-21 19:20:50,978] {logging_mixin.py:104} INFO - [2021-06-21 19:20:50,978] {dagbag.py:487} INFO - Filling up the DagBag from /home/airflow/.local/lib/python3.6/site-packages/airflow/example_dags/example_bash_operator.py
[2021-06-21 19:20:50,991] {scheduler_job.py:643} INFO - DAG(s) dict_keys(['example_bash_operator']) retrieved from /home/airflow/.local/lib/python3.6/site-packages/airflow/example_dags/example_bash_operator.py
[2021-06-21 19:20:51,009] {logging_mixin.py:104} INFO - [2021-06-21 19:20:51,008] {dag.py:1832} INFO - Sync 1 DAGs
[2021-06-21 19:20:51,026] {logging_mixin.py:104} INFO - [2021-06-21 19:20:51,026] {dag.py:2305} INFO - Setting next_dagrun for example_bash_operator to 2021-06-19 00:00:00+00:00
[2021-06-21 19:20:51,034] {scheduler_job.py:190} INFO - Processing /home/airflow/.local/lib/python3.6/site-packages/airflow/example_dags/example_bash_operator.py took 0.060 seconds
[2021-06-21 19:21:21,522] {scheduler_job.py:182} INFO - Started process (PID=3146) to work on /home/airflow/.local/lib/python3.6/site-packages/airflow/example_dags/example_bash_operator.py
[2021-06-21 19:21:21,525] {scheduler_job.py:633} INFO - Processing file /home/airflow/.local/lib/python3.6/site-packages/airflow/example_dags/example_bash_operator.py for tasks to queue
[2021-06-21 19:21:21,527] {logging_mixin.py:104} INFO - [2021-06-21 19:21:21,527] {dagbag.py:487} INFO - Filling up the DagBag from /home/airflow/.local/lib/python3.6/site-packages/airflow/example_dags/example_bash_operator.py
[2021-06-21 19:21:21,555] {scheduler_job.py:643} INFO - DAG(s) dict_keys(['example_bash_operator']) retrieved from /home/airflow/.local/lib/python3.6/site-packages/airflow/example_dags/example_bash_operator.py
[2021-06-21 19:21:21,573] {logging_mixin.py:104} INFO - [2021-06-21 19:21:21,573] {dag.py:1832} INFO - Sync 1 DAGs
[2021-06-21 19:21:21,589] {logging_mixin.py:104} INFO - [2021-06-21 19:21:21,588] {dag.py:2305} INFO - Setting next_dagrun for example_bash_operator to 2021-06-19 00:00:00+00:00
[2021-06-21 19:21:21,596] {scheduler_job.py:190} INFO - Processing /home/airflow/.local/lib/python3.6/site-packages/airflow/example_dags/example_bash_operator.py took 0.085 seconds
[2021-06-21 19:21:52,159] {scheduler_job.py:182} INFO - Started process (PID=3227) to work on /home/airflow/.local/lib/python3.6/site-packages/airflow/example_dags/example_bash_operator.py
[2021-06-21 19:21:52,161] {scheduler_job.py:633} INFO - Processing file /home/airflow/.local/lib/python3.6/site-packages/airflow/example_dags/example_bash_operator.py for tasks to queue
[2021-06-21 19:21:52,161] {logging_mixin.py:104} INFO - [2021-06-21 19:21:52,161] {dagbag.py:487} INFO - Filling up the DagBag from /home/airflow/.local/lib/python3.6/site-packages/airflow/example_dags/example_bash_operator.py
[2021-06-21 19:21:52,176] {scheduler_job.py:643} INFO - DAG(s) dict_keys(['example_bash_operator']) retrieved from /home/airflow/.local/lib/python3.6/site-packages/airflow/example_dags/example_bash_operator.py
[2021-06-21 19:21:52,197] {logging_mixin.py:104} INFO - [2021-06-21 19:21:52,196] {dag.py:1832} INFO - Sync 1 DAGs
[2021-06-21 19:21:52,218] {logging_mixin.py:104} INFO - [2021-06-21 19:21:52,217] {dag.py:2305} INFO - Setting next_dagrun for example_bash_operator to 2021-06-19 00:00:00+00:00
[2021-06-21 19:21:52,228] {scheduler_job.py:190} INFO - Processing /home/airflow/.local/lib/python3.6/site-packages/airflow/example_dags/example_bash_operator.py took 0.072 seconds
[2021-06-21 19:22:22,738] {scheduler_job.py:182} INFO - Started process (PID=3292) to work on /home/airflow/.local/lib/python3.6/site-packages/airflow/example_dags/example_bash_operator.py
[2021-06-21 19:22:22,741] {scheduler_job.py:633} INFO - Processing file /home/airflow/.local/lib/python3.6/site-packages/airflow/example_dags/example_bash_operator.py for tasks to queue
[2021-06-21 19:22:22,742] {logging_mixin.py:104} INFO - [2021-06-21 19:22:22,742] {dagbag.py:487} INFO - Filling up the DagBag from /home/airflow/.local/lib/python3.6/site-packages/airflow/example_dags/example_bash_operator.py
[2021-06-21 19:22:22,767] {scheduler_job.py:643} INFO - DAG(s) dict_keys(['example_bash_operator']) retrieved from /home/airflow/.local/lib/python3.6/site-packages/airflow/example_dags/example_bash_operator.py
[2021-06-21 19:22:22,785] {logging_mixin.py:104} INFO - [2021-06-21 19:22:22,785] {dag.py:1832} INFO - Sync 1 DAGs
[2021-06-21 19:22:22,799] {logging_mixin.py:104} INFO - [2021-06-21 19:22:22,799] {dag.py:2305} INFO - Setting next_dagrun for example_bash_operator to 2021-06-19 00:00:00+00:00
[2021-06-21 19:22:22,806] {scheduler_job.py:190} INFO - Processing /home/airflow/.local/lib/python3.6/site-packages/airflow/example_dags/example_bash_operator.py took 0.076 seconds
[2021-06-21 19:22:52,959] {scheduler_job.py:182} INFO - Started process (PID=3374) to work on /home/airflow/.local/lib/python3.6/site-packages/airflow/example_dags/example_bash_operator.py
[2021-06-21 19:22:52,959] {scheduler_job.py:633} INFO - Processing file /home/airflow/.local/lib/python3.6/site-packages/airflow/example_dags/example_bash_operator.py for tasks to queue
[2021-06-21 19:22:52,960] {logging_mixin.py:104} INFO - [2021-06-21 19:22:52,960] {dagbag.py:487} INFO - Filling up the DagBag from /home/airflow/.local/lib/python3.6/site-packages/airflow/example_dags/example_bash_operator.py
[2021-06-21 19:22:52,972] {scheduler_job.py:643} INFO - DAG(s) dict_keys(['example_bash_operator']) retrieved from /home/airflow/.local/lib/python3.6/site-packages/airflow/example_dags/example_bash_operator.py
[2021-06-21 19:22:52,992] {logging_mixin.py:104} INFO - [2021-06-21 19:22:52,992] {dag.py:1832} INFO - Sync 1 DAGs
[2021-06-21 19:22:53,015] {logging_mixin.py:104} INFO - [2021-06-21 19:22:53,015] {dag.py:2305} INFO - Setting next_dagrun for example_bash_operator to 2021-06-19 00:00:00+00:00
[2021-06-21 19:22:53,044] {scheduler_job.py:190} INFO - Processing /home/airflow/.local/lib/python3.6/site-packages/airflow/example_dags/example_bash_operator.py took 0.088 seconds
[2021-06-21 19:23:23,422] {scheduler_job.py:182} INFO - Started process (PID=3439) to work on /home/airflow/.local/lib/python3.6/site-packages/airflow/example_dags/example_bash_operator.py
[2021-06-21 19:23:23,425] {scheduler_job.py:633} INFO - Processing file /home/airflow/.local/lib/python3.6/site-packages/airflow/example_dags/example_bash_operator.py for tasks to queue
[2021-06-21 19:23:23,427] {logging_mixin.py:104} INFO - [2021-06-21 19:23:23,426] {dagbag.py:487} INFO - Filling up the DagBag from /home/airflow/.local/lib/python3.6/site-packages/airflow/example_dags/example_bash_operator.py
[2021-06-21 19:23:23,452] {scheduler_job.py:643} INFO - DAG(s) dict_keys(['example_bash_operator']) retrieved from /home/airflow/.local/lib/python3.6/site-packages/airflow/example_dags/example_bash_operator.py
[2021-06-21 19:23:23,469] {logging_mixin.py:104} INFO - [2021-06-21 19:23:23,469] {dag.py:1832} INFO - Sync 1 DAGs
[2021-06-21 19:23:23,482] {logging_mixin.py:104} INFO - [2021-06-21 19:23:23,482] {dag.py:2305} INFO - Setting next_dagrun for example_bash_operator to 2021-06-19 00:00:00+00:00
[2021-06-21 19:23:23,511] {scheduler_job.py:190} INFO - Processing /home/airflow/.local/lib/python3.6/site-packages/airflow/example_dags/example_bash_operator.py took 0.096 seconds
