[2021-06-21 19:00:07,507] {scheduler_job.py:182} INFO - Started process (PID=62) to work on /home/airflow/.local/lib/python3.6/site-packages/airflow/example_dags/example_kubernetes_executor.py
[2021-06-21 19:00:07,508] {scheduler_job.py:633} INFO - Processing file /home/airflow/.local/lib/python3.6/site-packages/airflow/example_dags/example_kubernetes_executor.py for tasks to queue
[2021-06-21 19:00:07,508] {logging_mixin.py:104} INFO - [2021-06-21 19:00:07,508] {dagbag.py:487} INFO - Filling up the DagBag from /home/airflow/.local/lib/python3.6/site-packages/airflow/example_dags/example_kubernetes_executor.py
[2021-06-21 19:00:07,523] {scheduler_job.py:643} INFO - DAG(s) dict_keys(['example_kubernetes_executor']) retrieved from /home/airflow/.local/lib/python3.6/site-packages/airflow/example_dags/example_kubernetes_executor.py
[2021-06-21 19:00:10,463] {logging_mixin.py:104} INFO - [2021-06-21 19:00:10,462] {dag.py:1832} INFO - Sync 1 DAGs
[2021-06-21 19:00:10,475] {logging_mixin.py:104} INFO - [2021-06-21 19:00:10,474] {dag.py:1851} INFO - Creating ORM DAG for example_kubernetes_executor
[2021-06-21 19:00:10,480] {logging_mixin.py:104} INFO - [2021-06-21 19:00:10,480] {dag.py:2305} INFO - Setting next_dagrun for example_kubernetes_executor to None
[2021-06-21 19:00:10,491] {scheduler_job.py:190} INFO - Processing /home/airflow/.local/lib/python3.6/site-packages/airflow/example_dags/example_kubernetes_executor.py took 2.988 seconds
[2021-06-21 19:00:42,974] {scheduler_job.py:182} INFO - Started process (PID=167) to work on /home/airflow/.local/lib/python3.6/site-packages/airflow/example_dags/example_kubernetes_executor.py
[2021-06-21 19:00:42,975] {scheduler_job.py:633} INFO - Processing file /home/airflow/.local/lib/python3.6/site-packages/airflow/example_dags/example_kubernetes_executor.py for tasks to queue
[2021-06-21 19:00:42,975] {logging_mixin.py:104} INFO - [2021-06-21 19:00:42,975] {dagbag.py:487} INFO - Filling up the DagBag from /home/airflow/.local/lib/python3.6/site-packages/airflow/example_dags/example_kubernetes_executor.py
[2021-06-21 19:00:42,987] {scheduler_job.py:643} INFO - DAG(s) dict_keys(['example_kubernetes_executor']) retrieved from /home/airflow/.local/lib/python3.6/site-packages/airflow/example_dags/example_kubernetes_executor.py
[2021-06-21 19:00:43,005] {logging_mixin.py:104} INFO - [2021-06-21 19:00:43,005] {dag.py:1832} INFO - Sync 1 DAGs
[2021-06-21 19:00:43,024] {logging_mixin.py:104} INFO - [2021-06-21 19:00:43,024] {dag.py:2305} INFO - Setting next_dagrun for example_kubernetes_executor to None
[2021-06-21 19:00:43,033] {scheduler_job.py:190} INFO - Processing /home/airflow/.local/lib/python3.6/site-packages/airflow/example_dags/example_kubernetes_executor.py took 0.062 seconds
[2021-06-21 19:01:13,792] {scheduler_job.py:182} INFO - Started process (PID=230) to work on /home/airflow/.local/lib/python3.6/site-packages/airflow/example_dags/example_kubernetes_executor.py
[2021-06-21 19:01:13,793] {scheduler_job.py:633} INFO - Processing file /home/airflow/.local/lib/python3.6/site-packages/airflow/example_dags/example_kubernetes_executor.py for tasks to queue
[2021-06-21 19:01:13,793] {logging_mixin.py:104} INFO - [2021-06-21 19:01:13,793] {dagbag.py:487} INFO - Filling up the DagBag from /home/airflow/.local/lib/python3.6/site-packages/airflow/example_dags/example_kubernetes_executor.py
[2021-06-21 19:01:13,803] {scheduler_job.py:643} INFO - DAG(s) dict_keys(['example_kubernetes_executor']) retrieved from /home/airflow/.local/lib/python3.6/site-packages/airflow/example_dags/example_kubernetes_executor.py
[2021-06-21 19:01:13,820] {logging_mixin.py:104} INFO - [2021-06-21 19:01:13,820] {dag.py:1832} INFO - Sync 1 DAGs
[2021-06-21 19:01:13,832] {logging_mixin.py:104} INFO - [2021-06-21 19:01:13,832] {dag.py:2305} INFO - Setting next_dagrun for example_kubernetes_executor to None
[2021-06-21 19:01:13,840] {scheduler_job.py:190} INFO - Processing /home/airflow/.local/lib/python3.6/site-packages/airflow/example_dags/example_kubernetes_executor.py took 0.050 seconds
[2021-06-21 19:01:44,859] {scheduler_job.py:182} INFO - Started process (PID=310) to work on /home/airflow/.local/lib/python3.6/site-packages/airflow/example_dags/example_kubernetes_executor.py
[2021-06-21 19:01:44,860] {scheduler_job.py:633} INFO - Processing file /home/airflow/.local/lib/python3.6/site-packages/airflow/example_dags/example_kubernetes_executor.py for tasks to queue
[2021-06-21 19:01:44,861] {logging_mixin.py:104} INFO - [2021-06-21 19:01:44,861] {dagbag.py:487} INFO - Filling up the DagBag from /home/airflow/.local/lib/python3.6/site-packages/airflow/example_dags/example_kubernetes_executor.py
[2021-06-21 19:01:44,872] {scheduler_job.py:643} INFO - DAG(s) dict_keys(['example_kubernetes_executor']) retrieved from /home/airflow/.local/lib/python3.6/site-packages/airflow/example_dags/example_kubernetes_executor.py
[2021-06-21 19:01:44,891] {logging_mixin.py:104} INFO - [2021-06-21 19:01:44,891] {dag.py:1832} INFO - Sync 1 DAGs
[2021-06-21 19:01:44,906] {logging_mixin.py:104} INFO - [2021-06-21 19:01:44,906] {dag.py:2305} INFO - Setting next_dagrun for example_kubernetes_executor to None
[2021-06-21 19:01:44,914] {scheduler_job.py:190} INFO - Processing /home/airflow/.local/lib/python3.6/site-packages/airflow/example_dags/example_kubernetes_executor.py took 0.057 seconds
[2021-06-21 19:02:15,055] {scheduler_job.py:182} INFO - Started process (PID=373) to work on /home/airflow/.local/lib/python3.6/site-packages/airflow/example_dags/example_kubernetes_executor.py
[2021-06-21 19:02:15,056] {scheduler_job.py:633} INFO - Processing file /home/airflow/.local/lib/python3.6/site-packages/airflow/example_dags/example_kubernetes_executor.py for tasks to queue
[2021-06-21 19:02:15,057] {logging_mixin.py:104} INFO - [2021-06-21 19:02:15,057] {dagbag.py:487} INFO - Filling up the DagBag from /home/airflow/.local/lib/python3.6/site-packages/airflow/example_dags/example_kubernetes_executor.py
[2021-06-21 19:02:15,068] {scheduler_job.py:643} INFO - DAG(s) dict_keys(['example_kubernetes_executor']) retrieved from /home/airflow/.local/lib/python3.6/site-packages/airflow/example_dags/example_kubernetes_executor.py
[2021-06-21 19:02:15,102] {logging_mixin.py:104} INFO - [2021-06-21 19:02:15,101] {dag.py:1832} INFO - Sync 1 DAGs
[2021-06-21 19:02:15,123] {logging_mixin.py:104} INFO - [2021-06-21 19:02:15,123] {dag.py:2305} INFO - Setting next_dagrun for example_kubernetes_executor to None
[2021-06-21 19:02:15,165] {scheduler_job.py:190} INFO - Processing /home/airflow/.local/lib/python3.6/site-packages/airflow/example_dags/example_kubernetes_executor.py took 0.113 seconds
[2021-06-21 19:02:45,465] {scheduler_job.py:182} INFO - Started process (PID=454) to work on /home/airflow/.local/lib/python3.6/site-packages/airflow/example_dags/example_kubernetes_executor.py
[2021-06-21 19:02:45,466] {scheduler_job.py:633} INFO - Processing file /home/airflow/.local/lib/python3.6/site-packages/airflow/example_dags/example_kubernetes_executor.py for tasks to queue
[2021-06-21 19:02:45,467] {logging_mixin.py:104} INFO - [2021-06-21 19:02:45,467] {dagbag.py:487} INFO - Filling up the DagBag from /home/airflow/.local/lib/python3.6/site-packages/airflow/example_dags/example_kubernetes_executor.py
[2021-06-21 19:02:45,478] {scheduler_job.py:643} INFO - DAG(s) dict_keys(['example_kubernetes_executor']) retrieved from /home/airflow/.local/lib/python3.6/site-packages/airflow/example_dags/example_kubernetes_executor.py
[2021-06-21 19:02:45,496] {logging_mixin.py:104} INFO - [2021-06-21 19:02:45,496] {dag.py:1832} INFO - Sync 1 DAGs
[2021-06-21 19:02:45,509] {logging_mixin.py:104} INFO - [2021-06-21 19:02:45,509] {dag.py:2305} INFO - Setting next_dagrun for example_kubernetes_executor to None
[2021-06-21 19:02:45,543] {scheduler_job.py:190} INFO - Processing /home/airflow/.local/lib/python3.6/site-packages/airflow/example_dags/example_kubernetes_executor.py took 0.080 seconds
[2021-06-21 19:03:15,704] {scheduler_job.py:182} INFO - Started process (PID=529) to work on /home/airflow/.local/lib/python3.6/site-packages/airflow/example_dags/example_kubernetes_executor.py
[2021-06-21 19:03:15,705] {scheduler_job.py:633} INFO - Processing file /home/airflow/.local/lib/python3.6/site-packages/airflow/example_dags/example_kubernetes_executor.py for tasks to queue
[2021-06-21 19:03:15,705] {logging_mixin.py:104} INFO - [2021-06-21 19:03:15,705] {dagbag.py:487} INFO - Filling up the DagBag from /home/airflow/.local/lib/python3.6/site-packages/airflow/example_dags/example_kubernetes_executor.py
[2021-06-21 19:03:15,715] {scheduler_job.py:643} INFO - DAG(s) dict_keys(['example_kubernetes_executor']) retrieved from /home/airflow/.local/lib/python3.6/site-packages/airflow/example_dags/example_kubernetes_executor.py
[2021-06-21 19:03:15,731] {logging_mixin.py:104} INFO - [2021-06-21 19:03:15,731] {dag.py:1832} INFO - Sync 1 DAGs
[2021-06-21 19:03:15,743] {logging_mixin.py:104} INFO - [2021-06-21 19:03:15,743] {dag.py:2305} INFO - Setting next_dagrun for example_kubernetes_executor to None
[2021-06-21 19:03:15,775] {scheduler_job.py:190} INFO - Processing /home/airflow/.local/lib/python3.6/site-packages/airflow/example_dags/example_kubernetes_executor.py took 0.073 seconds
[2021-06-21 19:03:45,838] {scheduler_job.py:182} INFO - Started process (PID=600) to work on /home/airflow/.local/lib/python3.6/site-packages/airflow/example_dags/example_kubernetes_executor.py
[2021-06-21 19:03:45,839] {scheduler_job.py:633} INFO - Processing file /home/airflow/.local/lib/python3.6/site-packages/airflow/example_dags/example_kubernetes_executor.py for tasks to queue
[2021-06-21 19:03:45,839] {logging_mixin.py:104} INFO - [2021-06-21 19:03:45,839] {dagbag.py:487} INFO - Filling up the DagBag from /home/airflow/.local/lib/python3.6/site-packages/airflow/example_dags/example_kubernetes_executor.py
[2021-06-21 19:03:45,849] {scheduler_job.py:643} INFO - DAG(s) dict_keys(['example_kubernetes_executor']) retrieved from /home/airflow/.local/lib/python3.6/site-packages/airflow/example_dags/example_kubernetes_executor.py
[2021-06-21 19:03:45,866] {logging_mixin.py:104} INFO - [2021-06-21 19:03:45,866] {dag.py:1832} INFO - Sync 1 DAGs
[2021-06-21 19:03:45,879] {logging_mixin.py:104} INFO - [2021-06-21 19:03:45,879] {dag.py:2305} INFO - Setting next_dagrun for example_kubernetes_executor to None
[2021-06-21 19:03:45,907] {scheduler_job.py:190} INFO - Processing /home/airflow/.local/lib/python3.6/site-packages/airflow/example_dags/example_kubernetes_executor.py took 0.071 seconds
[2021-06-21 19:04:16,082] {scheduler_job.py:182} INFO - Started process (PID=673) to work on /home/airflow/.local/lib/python3.6/site-packages/airflow/example_dags/example_kubernetes_executor.py
[2021-06-21 19:04:16,083] {scheduler_job.py:633} INFO - Processing file /home/airflow/.local/lib/python3.6/site-packages/airflow/example_dags/example_kubernetes_executor.py for tasks to queue
[2021-06-21 19:04:16,084] {logging_mixin.py:104} INFO - [2021-06-21 19:04:16,084] {dagbag.py:487} INFO - Filling up the DagBag from /home/airflow/.local/lib/python3.6/site-packages/airflow/example_dags/example_kubernetes_executor.py
[2021-06-21 19:04:16,094] {scheduler_job.py:643} INFO - DAG(s) dict_keys(['example_kubernetes_executor']) retrieved from /home/airflow/.local/lib/python3.6/site-packages/airflow/example_dags/example_kubernetes_executor.py
[2021-06-21 19:04:16,111] {logging_mixin.py:104} INFO - [2021-06-21 19:04:16,111] {dag.py:1832} INFO - Sync 1 DAGs
[2021-06-21 19:04:16,124] {logging_mixin.py:104} INFO - [2021-06-21 19:04:16,124] {dag.py:2305} INFO - Setting next_dagrun for example_kubernetes_executor to None
[2021-06-21 19:04:16,132] {scheduler_job.py:190} INFO - Processing /home/airflow/.local/lib/python3.6/site-packages/airflow/example_dags/example_kubernetes_executor.py took 0.052 seconds
[2021-06-21 19:04:47,155] {scheduler_job.py:182} INFO - Started process (PID=744) to work on /home/airflow/.local/lib/python3.6/site-packages/airflow/example_dags/example_kubernetes_executor.py
[2021-06-21 19:04:47,155] {scheduler_job.py:633} INFO - Processing file /home/airflow/.local/lib/python3.6/site-packages/airflow/example_dags/example_kubernetes_executor.py for tasks to queue
[2021-06-21 19:04:47,156] {logging_mixin.py:104} INFO - [2021-06-21 19:04:47,156] {dagbag.py:487} INFO - Filling up the DagBag from /home/airflow/.local/lib/python3.6/site-packages/airflow/example_dags/example_kubernetes_executor.py
[2021-06-21 19:04:47,165] {scheduler_job.py:643} INFO - DAG(s) dict_keys(['example_kubernetes_executor']) retrieved from /home/airflow/.local/lib/python3.6/site-packages/airflow/example_dags/example_kubernetes_executor.py
[2021-06-21 19:04:47,182] {logging_mixin.py:104} INFO - [2021-06-21 19:04:47,181] {dag.py:1832} INFO - Sync 1 DAGs
[2021-06-21 19:04:47,193] {logging_mixin.py:104} INFO - [2021-06-21 19:04:47,193] {dag.py:2305} INFO - Setting next_dagrun for example_kubernetes_executor to None
[2021-06-21 19:04:47,200] {scheduler_job.py:190} INFO - Processing /home/airflow/.local/lib/python3.6/site-packages/airflow/example_dags/example_kubernetes_executor.py took 0.048 seconds
[2021-06-21 19:05:18,154] {scheduler_job.py:182} INFO - Started process (PID=825) to work on /home/airflow/.local/lib/python3.6/site-packages/airflow/example_dags/example_kubernetes_executor.py
[2021-06-21 19:05:18,155] {scheduler_job.py:633} INFO - Processing file /home/airflow/.local/lib/python3.6/site-packages/airflow/example_dags/example_kubernetes_executor.py for tasks to queue
[2021-06-21 19:05:18,155] {logging_mixin.py:104} INFO - [2021-06-21 19:05:18,155] {dagbag.py:487} INFO - Filling up the DagBag from /home/airflow/.local/lib/python3.6/site-packages/airflow/example_dags/example_kubernetes_executor.py
[2021-06-21 19:05:18,166] {scheduler_job.py:643} INFO - DAG(s) dict_keys(['example_kubernetes_executor']) retrieved from /home/airflow/.local/lib/python3.6/site-packages/airflow/example_dags/example_kubernetes_executor.py
[2021-06-21 19:05:18,184] {logging_mixin.py:104} INFO - [2021-06-21 19:05:18,184] {dag.py:1832} INFO - Sync 1 DAGs
[2021-06-21 19:05:18,199] {logging_mixin.py:104} INFO - [2021-06-21 19:05:18,199] {dag.py:2305} INFO - Setting next_dagrun for example_kubernetes_executor to None
[2021-06-21 19:05:18,207] {scheduler_job.py:190} INFO - Processing /home/airflow/.local/lib/python3.6/site-packages/airflow/example_dags/example_kubernetes_executor.py took 0.055 seconds
[2021-06-21 19:05:48,755] {scheduler_job.py:182} INFO - Started process (PID=889) to work on /home/airflow/.local/lib/python3.6/site-packages/airflow/example_dags/example_kubernetes_executor.py
[2021-06-21 19:05:48,755] {scheduler_job.py:633} INFO - Processing file /home/airflow/.local/lib/python3.6/site-packages/airflow/example_dags/example_kubernetes_executor.py for tasks to queue
[2021-06-21 19:05:48,756] {logging_mixin.py:104} INFO - [2021-06-21 19:05:48,756] {dagbag.py:487} INFO - Filling up the DagBag from /home/airflow/.local/lib/python3.6/site-packages/airflow/example_dags/example_kubernetes_executor.py
[2021-06-21 19:05:48,765] {scheduler_job.py:643} INFO - DAG(s) dict_keys(['example_kubernetes_executor']) retrieved from /home/airflow/.local/lib/python3.6/site-packages/airflow/example_dags/example_kubernetes_executor.py
[2021-06-21 19:05:48,781] {logging_mixin.py:104} INFO - [2021-06-21 19:05:48,781] {dag.py:1832} INFO - Sync 1 DAGs
[2021-06-21 19:05:48,794] {logging_mixin.py:104} INFO - [2021-06-21 19:05:48,793] {dag.py:2305} INFO - Setting next_dagrun for example_kubernetes_executor to None
[2021-06-21 19:05:48,802] {scheduler_job.py:190} INFO - Processing /home/airflow/.local/lib/python3.6/site-packages/airflow/example_dags/example_kubernetes_executor.py took 0.049 seconds
[2021-06-21 19:06:18,829] {scheduler_job.py:182} INFO - Started process (PID=970) to work on /home/airflow/.local/lib/python3.6/site-packages/airflow/example_dags/example_kubernetes_executor.py
[2021-06-21 19:06:18,829] {scheduler_job.py:633} INFO - Processing file /home/airflow/.local/lib/python3.6/site-packages/airflow/example_dags/example_kubernetes_executor.py for tasks to queue
[2021-06-21 19:06:18,830] {logging_mixin.py:104} INFO - [2021-06-21 19:06:18,830] {dagbag.py:487} INFO - Filling up the DagBag from /home/airflow/.local/lib/python3.6/site-packages/airflow/example_dags/example_kubernetes_executor.py
[2021-06-21 19:06:18,839] {scheduler_job.py:643} INFO - DAG(s) dict_keys(['example_kubernetes_executor']) retrieved from /home/airflow/.local/lib/python3.6/site-packages/airflow/example_dags/example_kubernetes_executor.py
[2021-06-21 19:06:18,860] {logging_mixin.py:104} INFO - [2021-06-21 19:06:18,859] {dag.py:1832} INFO - Sync 1 DAGs
[2021-06-21 19:06:18,877] {logging_mixin.py:104} INFO - [2021-06-21 19:06:18,877] {dag.py:2305} INFO - Setting next_dagrun for example_kubernetes_executor to None
[2021-06-21 19:06:18,887] {scheduler_job.py:190} INFO - Processing /home/airflow/.local/lib/python3.6/site-packages/airflow/example_dags/example_kubernetes_executor.py took 0.060 seconds
[2021-06-21 19:06:49,151] {scheduler_job.py:182} INFO - Started process (PID=1033) to work on /home/airflow/.local/lib/python3.6/site-packages/airflow/example_dags/example_kubernetes_executor.py
[2021-06-21 19:06:49,152] {scheduler_job.py:633} INFO - Processing file /home/airflow/.local/lib/python3.6/site-packages/airflow/example_dags/example_kubernetes_executor.py for tasks to queue
[2021-06-21 19:06:49,152] {logging_mixin.py:104} INFO - [2021-06-21 19:06:49,152] {dagbag.py:487} INFO - Filling up the DagBag from /home/airflow/.local/lib/python3.6/site-packages/airflow/example_dags/example_kubernetes_executor.py
[2021-06-21 19:06:49,162] {scheduler_job.py:643} INFO - DAG(s) dict_keys(['example_kubernetes_executor']) retrieved from /home/airflow/.local/lib/python3.6/site-packages/airflow/example_dags/example_kubernetes_executor.py
[2021-06-21 19:06:49,176] {logging_mixin.py:104} INFO - [2021-06-21 19:06:49,176] {dag.py:1832} INFO - Sync 1 DAGs
[2021-06-21 19:06:49,187] {logging_mixin.py:104} INFO - [2021-06-21 19:06:49,187] {dag.py:2305} INFO - Setting next_dagrun for example_kubernetes_executor to None
[2021-06-21 19:06:49,193] {scheduler_job.py:190} INFO - Processing /home/airflow/.local/lib/python3.6/site-packages/airflow/example_dags/example_kubernetes_executor.py took 0.045 seconds
[2021-06-21 19:07:19,392] {scheduler_job.py:182} INFO - Started process (PID=1113) to work on /home/airflow/.local/lib/python3.6/site-packages/airflow/example_dags/example_kubernetes_executor.py
[2021-06-21 19:07:19,393] {scheduler_job.py:633} INFO - Processing file /home/airflow/.local/lib/python3.6/site-packages/airflow/example_dags/example_kubernetes_executor.py for tasks to queue
[2021-06-21 19:07:19,394] {logging_mixin.py:104} INFO - [2021-06-21 19:07:19,394] {dagbag.py:487} INFO - Filling up the DagBag from /home/airflow/.local/lib/python3.6/site-packages/airflow/example_dags/example_kubernetes_executor.py
[2021-06-21 19:07:19,403] {scheduler_job.py:643} INFO - DAG(s) dict_keys(['example_kubernetes_executor']) retrieved from /home/airflow/.local/lib/python3.6/site-packages/airflow/example_dags/example_kubernetes_executor.py
[2021-06-21 19:07:19,419] {logging_mixin.py:104} INFO - [2021-06-21 19:07:19,419] {dag.py:1832} INFO - Sync 1 DAGs
[2021-06-21 19:07:19,431] {logging_mixin.py:104} INFO - [2021-06-21 19:07:19,431] {dag.py:2305} INFO - Setting next_dagrun for example_kubernetes_executor to None
[2021-06-21 19:07:19,439] {scheduler_job.py:190} INFO - Processing /home/airflow/.local/lib/python3.6/site-packages/airflow/example_dags/example_kubernetes_executor.py took 0.048 seconds
[2021-06-21 19:07:49,680] {scheduler_job.py:182} INFO - Started process (PID=1186) to work on /home/airflow/.local/lib/python3.6/site-packages/airflow/example_dags/example_kubernetes_executor.py
[2021-06-21 19:07:49,681] {scheduler_job.py:633} INFO - Processing file /home/airflow/.local/lib/python3.6/site-packages/airflow/example_dags/example_kubernetes_executor.py for tasks to queue
[2021-06-21 19:07:49,681] {logging_mixin.py:104} INFO - [2021-06-21 19:07:49,681] {dagbag.py:487} INFO - Filling up the DagBag from /home/airflow/.local/lib/python3.6/site-packages/airflow/example_dags/example_kubernetes_executor.py
[2021-06-21 19:07:49,691] {scheduler_job.py:643} INFO - DAG(s) dict_keys(['example_kubernetes_executor']) retrieved from /home/airflow/.local/lib/python3.6/site-packages/airflow/example_dags/example_kubernetes_executor.py
[2021-06-21 19:07:49,710] {logging_mixin.py:104} INFO - [2021-06-21 19:07:49,710] {dag.py:1832} INFO - Sync 1 DAGs
[2021-06-21 19:07:49,722] {logging_mixin.py:104} INFO - [2021-06-21 19:07:49,722] {dag.py:2305} INFO - Setting next_dagrun for example_kubernetes_executor to None
[2021-06-21 19:07:49,729] {scheduler_job.py:190} INFO - Processing /home/airflow/.local/lib/python3.6/site-packages/airflow/example_dags/example_kubernetes_executor.py took 0.051 seconds
[2021-06-21 19:08:20,193] {scheduler_job.py:182} INFO - Started process (PID=1258) to work on /home/airflow/.local/lib/python3.6/site-packages/airflow/example_dags/example_kubernetes_executor.py
[2021-06-21 19:08:20,193] {scheduler_job.py:633} INFO - Processing file /home/airflow/.local/lib/python3.6/site-packages/airflow/example_dags/example_kubernetes_executor.py for tasks to queue
[2021-06-21 19:08:20,194] {logging_mixin.py:104} INFO - [2021-06-21 19:08:20,194] {dagbag.py:487} INFO - Filling up the DagBag from /home/airflow/.local/lib/python3.6/site-packages/airflow/example_dags/example_kubernetes_executor.py
[2021-06-21 19:08:20,204] {scheduler_job.py:643} INFO - DAG(s) dict_keys(['example_kubernetes_executor']) retrieved from /home/airflow/.local/lib/python3.6/site-packages/airflow/example_dags/example_kubernetes_executor.py
[2021-06-21 19:08:20,220] {logging_mixin.py:104} INFO - [2021-06-21 19:08:20,220] {dag.py:1832} INFO - Sync 1 DAGs
[2021-06-21 19:08:20,232] {logging_mixin.py:104} INFO - [2021-06-21 19:08:20,232] {dag.py:2305} INFO - Setting next_dagrun for example_kubernetes_executor to None
[2021-06-21 19:08:20,239] {scheduler_job.py:190} INFO - Processing /home/airflow/.local/lib/python3.6/site-packages/airflow/example_dags/example_kubernetes_executor.py took 0.049 seconds
[2021-06-21 19:08:50,783] {scheduler_job.py:182} INFO - Started process (PID=1342) to work on /home/airflow/.local/lib/python3.6/site-packages/airflow/example_dags/example_kubernetes_executor.py
[2021-06-21 19:08:50,785] {scheduler_job.py:633} INFO - Processing file /home/airflow/.local/lib/python3.6/site-packages/airflow/example_dags/example_kubernetes_executor.py for tasks to queue
[2021-06-21 19:08:50,785] {logging_mixin.py:104} INFO - [2021-06-21 19:08:50,785] {dagbag.py:487} INFO - Filling up the DagBag from /home/airflow/.local/lib/python3.6/site-packages/airflow/example_dags/example_kubernetes_executor.py
[2021-06-21 19:08:50,796] {scheduler_job.py:643} INFO - DAG(s) dict_keys(['example_kubernetes_executor']) retrieved from /home/airflow/.local/lib/python3.6/site-packages/airflow/example_dags/example_kubernetes_executor.py
[2021-06-21 19:08:50,816] {logging_mixin.py:104} INFO - [2021-06-21 19:08:50,816] {dag.py:1832} INFO - Sync 1 DAGs
[2021-06-21 19:08:50,833] {logging_mixin.py:104} INFO - [2021-06-21 19:08:50,833] {dag.py:2305} INFO - Setting next_dagrun for example_kubernetes_executor to None
[2021-06-21 19:08:50,843] {scheduler_job.py:190} INFO - Processing /home/airflow/.local/lib/python3.6/site-packages/airflow/example_dags/example_kubernetes_executor.py took 0.063 seconds
[2021-06-21 19:09:21,087] {scheduler_job.py:182} INFO - Started process (PID=1407) to work on /home/airflow/.local/lib/python3.6/site-packages/airflow/example_dags/example_kubernetes_executor.py
[2021-06-21 19:09:21,088] {scheduler_job.py:633} INFO - Processing file /home/airflow/.local/lib/python3.6/site-packages/airflow/example_dags/example_kubernetes_executor.py for tasks to queue
[2021-06-21 19:09:21,089] {logging_mixin.py:104} INFO - [2021-06-21 19:09:21,089] {dagbag.py:487} INFO - Filling up the DagBag from /home/airflow/.local/lib/python3.6/site-packages/airflow/example_dags/example_kubernetes_executor.py
[2021-06-21 19:09:21,103] {scheduler_job.py:643} INFO - DAG(s) dict_keys(['example_kubernetes_executor']) retrieved from /home/airflow/.local/lib/python3.6/site-packages/airflow/example_dags/example_kubernetes_executor.py
[2021-06-21 19:09:21,121] {logging_mixin.py:104} INFO - [2021-06-21 19:09:21,121] {dag.py:1832} INFO - Sync 1 DAGs
[2021-06-21 19:09:21,135] {logging_mixin.py:104} INFO - [2021-06-21 19:09:21,135] {dag.py:2305} INFO - Setting next_dagrun for example_kubernetes_executor to None
[2021-06-21 19:09:21,144] {scheduler_job.py:190} INFO - Processing /home/airflow/.local/lib/python3.6/site-packages/airflow/example_dags/example_kubernetes_executor.py took 0.060 seconds
[2021-06-21 19:09:51,716] {scheduler_job.py:182} INFO - Started process (PID=1481) to work on /home/airflow/.local/lib/python3.6/site-packages/airflow/example_dags/example_kubernetes_executor.py
[2021-06-21 19:09:51,717] {scheduler_job.py:633} INFO - Processing file /home/airflow/.local/lib/python3.6/site-packages/airflow/example_dags/example_kubernetes_executor.py for tasks to queue
[2021-06-21 19:09:51,718] {logging_mixin.py:104} INFO - [2021-06-21 19:09:51,718] {dagbag.py:487} INFO - Filling up the DagBag from /home/airflow/.local/lib/python3.6/site-packages/airflow/example_dags/example_kubernetes_executor.py
[2021-06-21 19:09:51,732] {scheduler_job.py:643} INFO - DAG(s) dict_keys(['example_kubernetes_executor']) retrieved from /home/airflow/.local/lib/python3.6/site-packages/airflow/example_dags/example_kubernetes_executor.py
[2021-06-21 19:09:51,751] {logging_mixin.py:104} INFO - [2021-06-21 19:09:51,751] {dag.py:1832} INFO - Sync 1 DAGs
[2021-06-21 19:09:51,769] {logging_mixin.py:104} INFO - [2021-06-21 19:09:51,769] {dag.py:2305} INFO - Setting next_dagrun for example_kubernetes_executor to None
[2021-06-21 19:09:51,806] {scheduler_job.py:190} INFO - Processing /home/airflow/.local/lib/python3.6/site-packages/airflow/example_dags/example_kubernetes_executor.py took 0.093 seconds
[2021-06-21 19:10:22,021] {scheduler_job.py:182} INFO - Started process (PID=1552) to work on /home/airflow/.local/lib/python3.6/site-packages/airflow/example_dags/example_kubernetes_executor.py
[2021-06-21 19:10:22,023] {scheduler_job.py:633} INFO - Processing file /home/airflow/.local/lib/python3.6/site-packages/airflow/example_dags/example_kubernetes_executor.py for tasks to queue
[2021-06-21 19:10:22,024] {logging_mixin.py:104} INFO - [2021-06-21 19:10:22,024] {dagbag.py:487} INFO - Filling up the DagBag from /home/airflow/.local/lib/python3.6/site-packages/airflow/example_dags/example_kubernetes_executor.py
[2021-06-21 19:10:22,043] {scheduler_job.py:643} INFO - DAG(s) dict_keys(['example_kubernetes_executor']) retrieved from /home/airflow/.local/lib/python3.6/site-packages/airflow/example_dags/example_kubernetes_executor.py
[2021-06-21 19:10:22,073] {logging_mixin.py:104} INFO - [2021-06-21 19:10:22,073] {dag.py:1832} INFO - Sync 1 DAGs
[2021-06-21 19:10:22,103] {logging_mixin.py:104} INFO - [2021-06-21 19:10:22,103] {dag.py:2305} INFO - Setting next_dagrun for example_kubernetes_executor to None
[2021-06-21 19:10:22,167] {scheduler_job.py:190} INFO - Processing /home/airflow/.local/lib/python3.6/site-packages/airflow/example_dags/example_kubernetes_executor.py took 0.154 seconds
[2021-06-21 19:10:52,305] {scheduler_job.py:182} INFO - Started process (PID=1618) to work on /home/airflow/.local/lib/python3.6/site-packages/airflow/example_dags/example_kubernetes_executor.py
[2021-06-21 19:10:52,306] {scheduler_job.py:633} INFO - Processing file /home/airflow/.local/lib/python3.6/site-packages/airflow/example_dags/example_kubernetes_executor.py for tasks to queue
[2021-06-21 19:10:52,307] {logging_mixin.py:104} INFO - [2021-06-21 19:10:52,307] {dagbag.py:487} INFO - Filling up the DagBag from /home/airflow/.local/lib/python3.6/site-packages/airflow/example_dags/example_kubernetes_executor.py
[2021-06-21 19:10:52,318] {scheduler_job.py:643} INFO - DAG(s) dict_keys(['example_kubernetes_executor']) retrieved from /home/airflow/.local/lib/python3.6/site-packages/airflow/example_dags/example_kubernetes_executor.py
[2021-06-21 19:10:52,339] {logging_mixin.py:104} INFO - [2021-06-21 19:10:52,339] {dag.py:1832} INFO - Sync 1 DAGs
[2021-06-21 19:10:52,354] {logging_mixin.py:104} INFO - [2021-06-21 19:10:52,354] {dag.py:2305} INFO - Setting next_dagrun for example_kubernetes_executor to None
[2021-06-21 19:10:52,382] {scheduler_job.py:190} INFO - Processing /home/airflow/.local/lib/python3.6/site-packages/airflow/example_dags/example_kubernetes_executor.py took 0.081 seconds
[2021-06-21 19:11:22,622] {scheduler_job.py:182} INFO - Started process (PID=1698) to work on /home/airflow/.local/lib/python3.6/site-packages/airflow/example_dags/example_kubernetes_executor.py
[2021-06-21 19:11:22,623] {scheduler_job.py:633} INFO - Processing file /home/airflow/.local/lib/python3.6/site-packages/airflow/example_dags/example_kubernetes_executor.py for tasks to queue
[2021-06-21 19:11:22,624] {logging_mixin.py:104} INFO - [2021-06-21 19:11:22,624] {dagbag.py:487} INFO - Filling up the DagBag from /home/airflow/.local/lib/python3.6/site-packages/airflow/example_dags/example_kubernetes_executor.py
[2021-06-21 19:11:22,638] {scheduler_job.py:643} INFO - DAG(s) dict_keys(['example_kubernetes_executor']) retrieved from /home/airflow/.local/lib/python3.6/site-packages/airflow/example_dags/example_kubernetes_executor.py
[2021-06-21 19:11:22,659] {logging_mixin.py:104} INFO - [2021-06-21 19:11:22,659] {dag.py:1832} INFO - Sync 1 DAGs
[2021-06-21 19:11:22,671] {logging_mixin.py:104} INFO - [2021-06-21 19:11:22,671] {dag.py:2305} INFO - Setting next_dagrun for example_kubernetes_executor to None
[2021-06-21 19:11:22,700] {scheduler_job.py:190} INFO - Processing /home/airflow/.local/lib/python3.6/site-packages/airflow/example_dags/example_kubernetes_executor.py took 0.081 seconds
[2021-06-21 19:11:52,775] {scheduler_job.py:182} INFO - Started process (PID=1763) to work on /home/airflow/.local/lib/python3.6/site-packages/airflow/example_dags/example_kubernetes_executor.py
[2021-06-21 19:11:52,776] {scheduler_job.py:633} INFO - Processing file /home/airflow/.local/lib/python3.6/site-packages/airflow/example_dags/example_kubernetes_executor.py for tasks to queue
[2021-06-21 19:11:52,777] {logging_mixin.py:104} INFO - [2021-06-21 19:11:52,777] {dagbag.py:487} INFO - Filling up the DagBag from /home/airflow/.local/lib/python3.6/site-packages/airflow/example_dags/example_kubernetes_executor.py
[2021-06-21 19:11:52,786] {scheduler_job.py:643} INFO - DAG(s) dict_keys(['example_kubernetes_executor']) retrieved from /home/airflow/.local/lib/python3.6/site-packages/airflow/example_dags/example_kubernetes_executor.py
[2021-06-21 19:11:52,804] {logging_mixin.py:104} INFO - [2021-06-21 19:11:52,804] {dag.py:1832} INFO - Sync 1 DAGs
[2021-06-21 19:11:52,816] {logging_mixin.py:104} INFO - [2021-06-21 19:11:52,816] {dag.py:2305} INFO - Setting next_dagrun for example_kubernetes_executor to None
[2021-06-21 19:11:52,825] {scheduler_job.py:190} INFO - Processing /home/airflow/.local/lib/python3.6/site-packages/airflow/example_dags/example_kubernetes_executor.py took 0.052 seconds
[2021-06-21 19:12:23,065] {scheduler_job.py:182} INFO - Started process (PID=1844) to work on /home/airflow/.local/lib/python3.6/site-packages/airflow/example_dags/example_kubernetes_executor.py
[2021-06-21 19:12:23,066] {scheduler_job.py:633} INFO - Processing file /home/airflow/.local/lib/python3.6/site-packages/airflow/example_dags/example_kubernetes_executor.py for tasks to queue
[2021-06-21 19:12:23,066] {logging_mixin.py:104} INFO - [2021-06-21 19:12:23,066] {dagbag.py:487} INFO - Filling up the DagBag from /home/airflow/.local/lib/python3.6/site-packages/airflow/example_dags/example_kubernetes_executor.py
[2021-06-21 19:12:23,079] {scheduler_job.py:643} INFO - DAG(s) dict_keys(['example_kubernetes_executor']) retrieved from /home/airflow/.local/lib/python3.6/site-packages/airflow/example_dags/example_kubernetes_executor.py
[2021-06-21 19:12:23,103] {logging_mixin.py:104} INFO - [2021-06-21 19:12:23,103] {dag.py:1832} INFO - Sync 1 DAGs
[2021-06-21 19:12:23,123] {logging_mixin.py:104} INFO - [2021-06-21 19:12:23,123] {dag.py:2305} INFO - Setting next_dagrun for example_kubernetes_executor to None
[2021-06-21 19:12:23,135] {scheduler_job.py:190} INFO - Processing /home/airflow/.local/lib/python3.6/site-packages/airflow/example_dags/example_kubernetes_executor.py took 0.074 seconds
[2021-06-21 19:12:53,198] {scheduler_job.py:182} INFO - Started process (PID=1909) to work on /home/airflow/.local/lib/python3.6/site-packages/airflow/example_dags/example_kubernetes_executor.py
[2021-06-21 19:12:53,199] {scheduler_job.py:633} INFO - Processing file /home/airflow/.local/lib/python3.6/site-packages/airflow/example_dags/example_kubernetes_executor.py for tasks to queue
[2021-06-21 19:12:53,199] {logging_mixin.py:104} INFO - [2021-06-21 19:12:53,199] {dagbag.py:487} INFO - Filling up the DagBag from /home/airflow/.local/lib/python3.6/site-packages/airflow/example_dags/example_kubernetes_executor.py
[2021-06-21 19:12:53,211] {scheduler_job.py:643} INFO - DAG(s) dict_keys(['example_kubernetes_executor']) retrieved from /home/airflow/.local/lib/python3.6/site-packages/airflow/example_dags/example_kubernetes_executor.py
[2021-06-21 19:12:53,229] {logging_mixin.py:104} INFO - [2021-06-21 19:12:53,229] {dag.py:1832} INFO - Sync 1 DAGs
[2021-06-21 19:12:53,244] {logging_mixin.py:104} INFO - [2021-06-21 19:12:53,244] {dag.py:2305} INFO - Setting next_dagrun for example_kubernetes_executor to None
[2021-06-21 19:12:53,253] {scheduler_job.py:190} INFO - Processing /home/airflow/.local/lib/python3.6/site-packages/airflow/example_dags/example_kubernetes_executor.py took 0.058 seconds
[2021-06-21 19:13:23,307] {scheduler_job.py:182} INFO - Started process (PID=1993) to work on /home/airflow/.local/lib/python3.6/site-packages/airflow/example_dags/example_kubernetes_executor.py
[2021-06-21 19:13:23,308] {scheduler_job.py:633} INFO - Processing file /home/airflow/.local/lib/python3.6/site-packages/airflow/example_dags/example_kubernetes_executor.py for tasks to queue
[2021-06-21 19:13:23,309] {logging_mixin.py:104} INFO - [2021-06-21 19:13:23,309] {dagbag.py:487} INFO - Filling up the DagBag from /home/airflow/.local/lib/python3.6/site-packages/airflow/example_dags/example_kubernetes_executor.py
[2021-06-21 19:13:23,323] {scheduler_job.py:643} INFO - DAG(s) dict_keys(['example_kubernetes_executor']) retrieved from /home/airflow/.local/lib/python3.6/site-packages/airflow/example_dags/example_kubernetes_executor.py
[2021-06-21 19:13:23,348] {logging_mixin.py:104} INFO - [2021-06-21 19:13:23,348] {dag.py:1832} INFO - Sync 1 DAGs
[2021-06-21 19:13:23,368] {logging_mixin.py:104} INFO - [2021-06-21 19:13:23,368] {dag.py:2305} INFO - Setting next_dagrun for example_kubernetes_executor to None
[2021-06-21 19:13:23,378] {scheduler_job.py:190} INFO - Processing /home/airflow/.local/lib/python3.6/site-packages/airflow/example_dags/example_kubernetes_executor.py took 0.075 seconds
[2021-06-21 19:13:53,924] {scheduler_job.py:182} INFO - Started process (PID=2058) to work on /home/airflow/.local/lib/python3.6/site-packages/airflow/example_dags/example_kubernetes_executor.py
[2021-06-21 19:13:53,925] {scheduler_job.py:633} INFO - Processing file /home/airflow/.local/lib/python3.6/site-packages/airflow/example_dags/example_kubernetes_executor.py for tasks to queue
[2021-06-21 19:13:53,925] {logging_mixin.py:104} INFO - [2021-06-21 19:13:53,925] {dagbag.py:487} INFO - Filling up the DagBag from /home/airflow/.local/lib/python3.6/site-packages/airflow/example_dags/example_kubernetes_executor.py
[2021-06-21 19:13:53,936] {scheduler_job.py:643} INFO - DAG(s) dict_keys(['example_kubernetes_executor']) retrieved from /home/airflow/.local/lib/python3.6/site-packages/airflow/example_dags/example_kubernetes_executor.py
[2021-06-21 19:13:53,954] {logging_mixin.py:104} INFO - [2021-06-21 19:13:53,954] {dag.py:1832} INFO - Sync 1 DAGs
[2021-06-21 19:13:53,969] {logging_mixin.py:104} INFO - [2021-06-21 19:13:53,969] {dag.py:2305} INFO - Setting next_dagrun for example_kubernetes_executor to None
[2021-06-21 19:13:53,982] {scheduler_job.py:190} INFO - Processing /home/airflow/.local/lib/python3.6/site-packages/airflow/example_dags/example_kubernetes_executor.py took 0.061 seconds
[2021-06-21 19:14:24,054] {scheduler_job.py:182} INFO - Started process (PID=2133) to work on /home/airflow/.local/lib/python3.6/site-packages/airflow/example_dags/example_kubernetes_executor.py
[2021-06-21 19:14:24,055] {scheduler_job.py:633} INFO - Processing file /home/airflow/.local/lib/python3.6/site-packages/airflow/example_dags/example_kubernetes_executor.py for tasks to queue
[2021-06-21 19:14:24,056] {logging_mixin.py:104} INFO - [2021-06-21 19:14:24,055] {dagbag.py:487} INFO - Filling up the DagBag from /home/airflow/.local/lib/python3.6/site-packages/airflow/example_dags/example_kubernetes_executor.py
[2021-06-21 19:14:24,070] {scheduler_job.py:643} INFO - DAG(s) dict_keys(['example_kubernetes_executor']) retrieved from /home/airflow/.local/lib/python3.6/site-packages/airflow/example_dags/example_kubernetes_executor.py
[2021-06-21 19:14:24,100] {logging_mixin.py:104} INFO - [2021-06-21 19:14:24,100] {dag.py:1832} INFO - Sync 1 DAGs
[2021-06-21 19:14:24,118] {logging_mixin.py:104} INFO - [2021-06-21 19:14:24,118] {dag.py:2305} INFO - Setting next_dagrun for example_kubernetes_executor to None
[2021-06-21 19:14:24,129] {scheduler_job.py:190} INFO - Processing /home/airflow/.local/lib/python3.6/site-packages/airflow/example_dags/example_kubernetes_executor.py took 0.078 seconds
[2021-06-21 19:14:54,627] {scheduler_job.py:182} INFO - Started process (PID=2204) to work on /home/airflow/.local/lib/python3.6/site-packages/airflow/example_dags/example_kubernetes_executor.py
[2021-06-21 19:14:54,628] {scheduler_job.py:633} INFO - Processing file /home/airflow/.local/lib/python3.6/site-packages/airflow/example_dags/example_kubernetes_executor.py for tasks to queue
[2021-06-21 19:14:54,628] {logging_mixin.py:104} INFO - [2021-06-21 19:14:54,628] {dagbag.py:487} INFO - Filling up the DagBag from /home/airflow/.local/lib/python3.6/site-packages/airflow/example_dags/example_kubernetes_executor.py
[2021-06-21 19:14:54,638] {scheduler_job.py:643} INFO - DAG(s) dict_keys(['example_kubernetes_executor']) retrieved from /home/airflow/.local/lib/python3.6/site-packages/airflow/example_dags/example_kubernetes_executor.py
[2021-06-21 19:14:54,654] {logging_mixin.py:104} INFO - [2021-06-21 19:14:54,654] {dag.py:1832} INFO - Sync 1 DAGs
[2021-06-21 19:14:54,666] {logging_mixin.py:104} INFO - [2021-06-21 19:14:54,666] {dag.py:2305} INFO - Setting next_dagrun for example_kubernetes_executor to None
[2021-06-21 19:14:54,674] {scheduler_job.py:190} INFO - Processing /home/airflow/.local/lib/python3.6/site-packages/airflow/example_dags/example_kubernetes_executor.py took 0.050 seconds
[2021-06-21 19:15:25,451] {scheduler_job.py:182} INFO - Started process (PID=2294) to work on /home/airflow/.local/lib/python3.6/site-packages/airflow/example_dags/example_kubernetes_executor.py
[2021-06-21 19:15:25,452] {scheduler_job.py:633} INFO - Processing file /home/airflow/.local/lib/python3.6/site-packages/airflow/example_dags/example_kubernetes_executor.py for tasks to queue
[2021-06-21 19:15:25,453] {logging_mixin.py:104} INFO - [2021-06-21 19:15:25,453] {dagbag.py:487} INFO - Filling up the DagBag from /home/airflow/.local/lib/python3.6/site-packages/airflow/example_dags/example_kubernetes_executor.py
[2021-06-21 19:15:25,464] {scheduler_job.py:643} INFO - DAG(s) dict_keys(['example_kubernetes_executor']) retrieved from /home/airflow/.local/lib/python3.6/site-packages/airflow/example_dags/example_kubernetes_executor.py
[2021-06-21 19:15:25,483] {logging_mixin.py:104} INFO - [2021-06-21 19:15:25,483] {dag.py:1832} INFO - Sync 1 DAGs
[2021-06-21 19:15:25,497] {logging_mixin.py:104} INFO - [2021-06-21 19:15:25,497] {dag.py:2305} INFO - Setting next_dagrun for example_kubernetes_executor to None
[2021-06-21 19:15:25,505] {scheduler_job.py:190} INFO - Processing /home/airflow/.local/lib/python3.6/site-packages/airflow/example_dags/example_kubernetes_executor.py took 0.056 seconds
[2021-06-21 19:15:56,398] {scheduler_job.py:182} INFO - Started process (PID=2359) to work on /home/airflow/.local/lib/python3.6/site-packages/airflow/example_dags/example_kubernetes_executor.py
[2021-06-21 19:15:56,399] {scheduler_job.py:633} INFO - Processing file /home/airflow/.local/lib/python3.6/site-packages/airflow/example_dags/example_kubernetes_executor.py for tasks to queue
[2021-06-21 19:15:56,399] {logging_mixin.py:104} INFO - [2021-06-21 19:15:56,399] {dagbag.py:487} INFO - Filling up the DagBag from /home/airflow/.local/lib/python3.6/site-packages/airflow/example_dags/example_kubernetes_executor.py
[2021-06-21 19:15:56,410] {scheduler_job.py:643} INFO - DAG(s) dict_keys(['example_kubernetes_executor']) retrieved from /home/airflow/.local/lib/python3.6/site-packages/airflow/example_dags/example_kubernetes_executor.py
[2021-06-21 19:15:56,427] {logging_mixin.py:104} INFO - [2021-06-21 19:15:56,427] {dag.py:1832} INFO - Sync 1 DAGs
[2021-06-21 19:15:56,440] {logging_mixin.py:104} INFO - [2021-06-21 19:15:56,440] {dag.py:2305} INFO - Setting next_dagrun for example_kubernetes_executor to None
[2021-06-21 19:15:56,448] {scheduler_job.py:190} INFO - Processing /home/airflow/.local/lib/python3.6/site-packages/airflow/example_dags/example_kubernetes_executor.py took 0.053 seconds
[2021-06-21 19:16:27,189] {scheduler_job.py:182} INFO - Started process (PID=2440) to work on /home/airflow/.local/lib/python3.6/site-packages/airflow/example_dags/example_kubernetes_executor.py
[2021-06-21 19:16:27,190] {scheduler_job.py:633} INFO - Processing file /home/airflow/.local/lib/python3.6/site-packages/airflow/example_dags/example_kubernetes_executor.py for tasks to queue
[2021-06-21 19:16:27,190] {logging_mixin.py:104} INFO - [2021-06-21 19:16:27,190] {dagbag.py:487} INFO - Filling up the DagBag from /home/airflow/.local/lib/python3.6/site-packages/airflow/example_dags/example_kubernetes_executor.py
[2021-06-21 19:16:27,200] {scheduler_job.py:643} INFO - DAG(s) dict_keys(['example_kubernetes_executor']) retrieved from /home/airflow/.local/lib/python3.6/site-packages/airflow/example_dags/example_kubernetes_executor.py
[2021-06-21 19:16:27,216] {logging_mixin.py:104} INFO - [2021-06-21 19:16:27,216] {dag.py:1832} INFO - Sync 1 DAGs
[2021-06-21 19:16:27,227] {logging_mixin.py:104} INFO - [2021-06-21 19:16:27,227] {dag.py:2305} INFO - Setting next_dagrun for example_kubernetes_executor to None
[2021-06-21 19:16:27,254] {scheduler_job.py:190} INFO - Processing /home/airflow/.local/lib/python3.6/site-packages/airflow/example_dags/example_kubernetes_executor.py took 0.068 seconds
[2021-06-21 19:16:57,418] {scheduler_job.py:182} INFO - Started process (PID=2505) to work on /home/airflow/.local/lib/python3.6/site-packages/airflow/example_dags/example_kubernetes_executor.py
[2021-06-21 19:16:57,419] {scheduler_job.py:633} INFO - Processing file /home/airflow/.local/lib/python3.6/site-packages/airflow/example_dags/example_kubernetes_executor.py for tasks to queue
[2021-06-21 19:16:57,420] {logging_mixin.py:104} INFO - [2021-06-21 19:16:57,419] {dagbag.py:487} INFO - Filling up the DagBag from /home/airflow/.local/lib/python3.6/site-packages/airflow/example_dags/example_kubernetes_executor.py
[2021-06-21 19:16:57,430] {scheduler_job.py:643} INFO - DAG(s) dict_keys(['example_kubernetes_executor']) retrieved from /home/airflow/.local/lib/python3.6/site-packages/airflow/example_dags/example_kubernetes_executor.py
[2021-06-21 19:16:57,448] {logging_mixin.py:104} INFO - [2021-06-21 19:16:57,447] {dag.py:1832} INFO - Sync 1 DAGs
[2021-06-21 19:16:57,460] {logging_mixin.py:104} INFO - [2021-06-21 19:16:57,460] {dag.py:2305} INFO - Setting next_dagrun for example_kubernetes_executor to None
[2021-06-21 19:16:57,500] {scheduler_job.py:190} INFO - Processing /home/airflow/.local/lib/python3.6/site-packages/airflow/example_dags/example_kubernetes_executor.py took 0.085 seconds
[2021-06-21 19:17:27,739] {scheduler_job.py:182} INFO - Started process (PID=2585) to work on /home/airflow/.local/lib/python3.6/site-packages/airflow/example_dags/example_kubernetes_executor.py
[2021-06-21 19:17:27,741] {scheduler_job.py:633} INFO - Processing file /home/airflow/.local/lib/python3.6/site-packages/airflow/example_dags/example_kubernetes_executor.py for tasks to queue
[2021-06-21 19:17:27,743] {logging_mixin.py:104} INFO - [2021-06-21 19:17:27,743] {dagbag.py:487} INFO - Filling up the DagBag from /home/airflow/.local/lib/python3.6/site-packages/airflow/example_dags/example_kubernetes_executor.py
[2021-06-21 19:17:27,770] {scheduler_job.py:643} INFO - DAG(s) dict_keys(['example_kubernetes_executor']) retrieved from /home/airflow/.local/lib/python3.6/site-packages/airflow/example_dags/example_kubernetes_executor.py
[2021-06-21 19:17:27,801] {logging_mixin.py:104} INFO - [2021-06-21 19:17:27,801] {dag.py:1832} INFO - Sync 1 DAGs
[2021-06-21 19:17:27,817] {logging_mixin.py:104} INFO - [2021-06-21 19:17:27,817] {dag.py:2305} INFO - Setting next_dagrun for example_kubernetes_executor to None
[2021-06-21 19:17:27,853] {scheduler_job.py:190} INFO - Processing /home/airflow/.local/lib/python3.6/site-packages/airflow/example_dags/example_kubernetes_executor.py took 0.123 seconds
[2021-06-21 19:17:58,014] {scheduler_job.py:182} INFO - Started process (PID=2650) to work on /home/airflow/.local/lib/python3.6/site-packages/airflow/example_dags/example_kubernetes_executor.py
[2021-06-21 19:17:58,015] {scheduler_job.py:633} INFO - Processing file /home/airflow/.local/lib/python3.6/site-packages/airflow/example_dags/example_kubernetes_executor.py for tasks to queue
[2021-06-21 19:17:58,015] {logging_mixin.py:104} INFO - [2021-06-21 19:17:58,015] {dagbag.py:487} INFO - Filling up the DagBag from /home/airflow/.local/lib/python3.6/site-packages/airflow/example_dags/example_kubernetes_executor.py
[2021-06-21 19:17:58,026] {scheduler_job.py:643} INFO - DAG(s) dict_keys(['example_kubernetes_executor']) retrieved from /home/airflow/.local/lib/python3.6/site-packages/airflow/example_dags/example_kubernetes_executor.py
[2021-06-21 19:17:58,043] {logging_mixin.py:104} INFO - [2021-06-21 19:17:58,043] {dag.py:1832} INFO - Sync 1 DAGs
[2021-06-21 19:17:58,054] {logging_mixin.py:104} INFO - [2021-06-21 19:17:58,054] {dag.py:2305} INFO - Setting next_dagrun for example_kubernetes_executor to None
[2021-06-21 19:17:58,082] {scheduler_job.py:190} INFO - Processing /home/airflow/.local/lib/python3.6/site-packages/airflow/example_dags/example_kubernetes_executor.py took 0.071 seconds
[2021-06-21 19:18:28,763] {scheduler_job.py:182} INFO - Started process (PID=2734) to work on /home/airflow/.local/lib/python3.6/site-packages/airflow/example_dags/example_kubernetes_executor.py
[2021-06-21 19:18:28,763] {scheduler_job.py:633} INFO - Processing file /home/airflow/.local/lib/python3.6/site-packages/airflow/example_dags/example_kubernetes_executor.py for tasks to queue
[2021-06-21 19:18:28,764] {logging_mixin.py:104} INFO - [2021-06-21 19:18:28,764] {dagbag.py:487} INFO - Filling up the DagBag from /home/airflow/.local/lib/python3.6/site-packages/airflow/example_dags/example_kubernetes_executor.py
[2021-06-21 19:18:28,773] {scheduler_job.py:643} INFO - DAG(s) dict_keys(['example_kubernetes_executor']) retrieved from /home/airflow/.local/lib/python3.6/site-packages/airflow/example_dags/example_kubernetes_executor.py
[2021-06-21 19:18:28,790] {logging_mixin.py:104} INFO - [2021-06-21 19:18:28,790] {dag.py:1832} INFO - Sync 1 DAGs
[2021-06-21 19:18:28,801] {logging_mixin.py:104} INFO - [2021-06-21 19:18:28,801] {dag.py:2305} INFO - Setting next_dagrun for example_kubernetes_executor to None
[2021-06-21 19:18:28,808] {scheduler_job.py:190} INFO - Processing /home/airflow/.local/lib/python3.6/site-packages/airflow/example_dags/example_kubernetes_executor.py took 0.048 seconds
[2021-06-21 19:18:59,528] {scheduler_job.py:182} INFO - Started process (PID=2798) to work on /home/airflow/.local/lib/python3.6/site-packages/airflow/example_dags/example_kubernetes_executor.py
[2021-06-21 19:18:59,529] {scheduler_job.py:633} INFO - Processing file /home/airflow/.local/lib/python3.6/site-packages/airflow/example_dags/example_kubernetes_executor.py for tasks to queue
[2021-06-21 19:18:59,530] {logging_mixin.py:104} INFO - [2021-06-21 19:18:59,529] {dagbag.py:487} INFO - Filling up the DagBag from /home/airflow/.local/lib/python3.6/site-packages/airflow/example_dags/example_kubernetes_executor.py
[2021-06-21 19:18:59,541] {scheduler_job.py:643} INFO - DAG(s) dict_keys(['example_kubernetes_executor']) retrieved from /home/airflow/.local/lib/python3.6/site-packages/airflow/example_dags/example_kubernetes_executor.py
[2021-06-21 19:18:59,558] {logging_mixin.py:104} INFO - [2021-06-21 19:18:59,558] {dag.py:1832} INFO - Sync 1 DAGs
[2021-06-21 19:18:59,571] {logging_mixin.py:104} INFO - [2021-06-21 19:18:59,571] {dag.py:2305} INFO - Setting next_dagrun for example_kubernetes_executor to None
[2021-06-21 19:18:59,578] {scheduler_job.py:190} INFO - Processing /home/airflow/.local/lib/python3.6/site-packages/airflow/example_dags/example_kubernetes_executor.py took 0.053 seconds
[2021-06-21 19:19:30,268] {scheduler_job.py:182} INFO - Started process (PID=2882) to work on /home/airflow/.local/lib/python3.6/site-packages/airflow/example_dags/example_kubernetes_executor.py
[2021-06-21 19:19:30,269] {scheduler_job.py:633} INFO - Processing file /home/airflow/.local/lib/python3.6/site-packages/airflow/example_dags/example_kubernetes_executor.py for tasks to queue
[2021-06-21 19:19:30,269] {logging_mixin.py:104} INFO - [2021-06-21 19:19:30,269] {dagbag.py:487} INFO - Filling up the DagBag from /home/airflow/.local/lib/python3.6/site-packages/airflow/example_dags/example_kubernetes_executor.py
[2021-06-21 19:19:30,280] {scheduler_job.py:643} INFO - DAG(s) dict_keys(['example_kubernetes_executor']) retrieved from /home/airflow/.local/lib/python3.6/site-packages/airflow/example_dags/example_kubernetes_executor.py
[2021-06-21 19:19:30,297] {logging_mixin.py:104} INFO - [2021-06-21 19:19:30,297] {dag.py:1832} INFO - Sync 1 DAGs
[2021-06-21 19:19:30,311] {logging_mixin.py:104} INFO - [2021-06-21 19:19:30,311] {dag.py:2305} INFO - Setting next_dagrun for example_kubernetes_executor to None
[2021-06-21 19:19:30,319] {scheduler_job.py:190} INFO - Processing /home/airflow/.local/lib/python3.6/site-packages/airflow/example_dags/example_kubernetes_executor.py took 0.053 seconds
[2021-06-21 19:20:01,036] {scheduler_job.py:182} INFO - Started process (PID=2946) to work on /home/airflow/.local/lib/python3.6/site-packages/airflow/example_dags/example_kubernetes_executor.py
[2021-06-21 19:20:01,037] {scheduler_job.py:633} INFO - Processing file /home/airflow/.local/lib/python3.6/site-packages/airflow/example_dags/example_kubernetes_executor.py for tasks to queue
[2021-06-21 19:20:01,038] {logging_mixin.py:104} INFO - [2021-06-21 19:20:01,038] {dagbag.py:487} INFO - Filling up the DagBag from /home/airflow/.local/lib/python3.6/site-packages/airflow/example_dags/example_kubernetes_executor.py
[2021-06-21 19:20:01,054] {scheduler_job.py:643} INFO - DAG(s) dict_keys(['example_kubernetes_executor']) retrieved from /home/airflow/.local/lib/python3.6/site-packages/airflow/example_dags/example_kubernetes_executor.py
[2021-06-21 19:20:01,086] {logging_mixin.py:104} INFO - [2021-06-21 19:20:01,086] {dag.py:1832} INFO - Sync 1 DAGs
[2021-06-21 19:20:01,109] {logging_mixin.py:104} INFO - [2021-06-21 19:20:01,109] {dag.py:2305} INFO - Setting next_dagrun for example_kubernetes_executor to None
[2021-06-21 19:20:01,121] {scheduler_job.py:190} INFO - Processing /home/airflow/.local/lib/python3.6/site-packages/airflow/example_dags/example_kubernetes_executor.py took 0.091 seconds
[2021-06-21 19:20:31,661] {scheduler_job.py:182} INFO - Started process (PID=3028) to work on /home/airflow/.local/lib/python3.6/site-packages/airflow/example_dags/example_kubernetes_executor.py
[2021-06-21 19:20:31,661] {scheduler_job.py:633} INFO - Processing file /home/airflow/.local/lib/python3.6/site-packages/airflow/example_dags/example_kubernetes_executor.py for tasks to queue
[2021-06-21 19:20:31,662] {logging_mixin.py:104} INFO - [2021-06-21 19:20:31,662] {dagbag.py:487} INFO - Filling up the DagBag from /home/airflow/.local/lib/python3.6/site-packages/airflow/example_dags/example_kubernetes_executor.py
[2021-06-21 19:20:31,673] {scheduler_job.py:643} INFO - DAG(s) dict_keys(['example_kubernetes_executor']) retrieved from /home/airflow/.local/lib/python3.6/site-packages/airflow/example_dags/example_kubernetes_executor.py
[2021-06-21 19:20:31,691] {logging_mixin.py:104} INFO - [2021-06-21 19:20:31,690] {dag.py:1832} INFO - Sync 1 DAGs
[2021-06-21 19:20:31,704] {logging_mixin.py:104} INFO - [2021-06-21 19:20:31,704] {dag.py:2305} INFO - Setting next_dagrun for example_kubernetes_executor to None
[2021-06-21 19:20:31,712] {scheduler_job.py:190} INFO - Processing /home/airflow/.local/lib/python3.6/site-packages/airflow/example_dags/example_kubernetes_executor.py took 0.054 seconds
[2021-06-21 19:21:02,417] {scheduler_job.py:182} INFO - Started process (PID=3101) to work on /home/airflow/.local/lib/python3.6/site-packages/airflow/example_dags/example_kubernetes_executor.py
[2021-06-21 19:21:02,418] {scheduler_job.py:633} INFO - Processing file /home/airflow/.local/lib/python3.6/site-packages/airflow/example_dags/example_kubernetes_executor.py for tasks to queue
[2021-06-21 19:21:02,418] {logging_mixin.py:104} INFO - [2021-06-21 19:21:02,418] {dagbag.py:487} INFO - Filling up the DagBag from /home/airflow/.local/lib/python3.6/site-packages/airflow/example_dags/example_kubernetes_executor.py
[2021-06-21 19:21:02,429] {scheduler_job.py:643} INFO - DAG(s) dict_keys(['example_kubernetes_executor']) retrieved from /home/airflow/.local/lib/python3.6/site-packages/airflow/example_dags/example_kubernetes_executor.py
[2021-06-21 19:21:02,445] {logging_mixin.py:104} INFO - [2021-06-21 19:21:02,445] {dag.py:1832} INFO - Sync 1 DAGs
[2021-06-21 19:21:02,457] {logging_mixin.py:104} INFO - [2021-06-21 19:21:02,457] {dag.py:2305} INFO - Setting next_dagrun for example_kubernetes_executor to None
[2021-06-21 19:21:02,464] {scheduler_job.py:190} INFO - Processing /home/airflow/.local/lib/python3.6/site-packages/airflow/example_dags/example_kubernetes_executor.py took 0.050 seconds
[2021-06-21 19:21:32,993] {scheduler_job.py:182} INFO - Started process (PID=3175) to work on /home/airflow/.local/lib/python3.6/site-packages/airflow/example_dags/example_kubernetes_executor.py
[2021-06-21 19:21:32,994] {scheduler_job.py:633} INFO - Processing file /home/airflow/.local/lib/python3.6/site-packages/airflow/example_dags/example_kubernetes_executor.py for tasks to queue
[2021-06-21 19:21:32,994] {logging_mixin.py:104} INFO - [2021-06-21 19:21:32,994] {dagbag.py:487} INFO - Filling up the DagBag from /home/airflow/.local/lib/python3.6/site-packages/airflow/example_dags/example_kubernetes_executor.py
[2021-06-21 19:21:33,005] {scheduler_job.py:643} INFO - DAG(s) dict_keys(['example_kubernetes_executor']) retrieved from /home/airflow/.local/lib/python3.6/site-packages/airflow/example_dags/example_kubernetes_executor.py
[2021-06-21 19:21:33,023] {logging_mixin.py:104} INFO - [2021-06-21 19:21:33,023] {dag.py:1832} INFO - Sync 1 DAGs
[2021-06-21 19:21:33,036] {logging_mixin.py:104} INFO - [2021-06-21 19:21:33,036] {dag.py:2305} INFO - Setting next_dagrun for example_kubernetes_executor to None
[2021-06-21 19:21:33,044] {scheduler_job.py:190} INFO - Processing /home/airflow/.local/lib/python3.6/site-packages/airflow/example_dags/example_kubernetes_executor.py took 0.054 seconds
[2021-06-21 19:22:03,613] {scheduler_job.py:182} INFO - Started process (PID=3248) to work on /home/airflow/.local/lib/python3.6/site-packages/airflow/example_dags/example_kubernetes_executor.py
[2021-06-21 19:22:03,615] {scheduler_job.py:633} INFO - Processing file /home/airflow/.local/lib/python3.6/site-packages/airflow/example_dags/example_kubernetes_executor.py for tasks to queue
[2021-06-21 19:22:03,616] {logging_mixin.py:104} INFO - [2021-06-21 19:22:03,615] {dagbag.py:487} INFO - Filling up the DagBag from /home/airflow/.local/lib/python3.6/site-packages/airflow/example_dags/example_kubernetes_executor.py
[2021-06-21 19:22:03,628] {scheduler_job.py:643} INFO - DAG(s) dict_keys(['example_kubernetes_executor']) retrieved from /home/airflow/.local/lib/python3.6/site-packages/airflow/example_dags/example_kubernetes_executor.py
[2021-06-21 19:22:03,650] {logging_mixin.py:104} INFO - [2021-06-21 19:22:03,649] {dag.py:1832} INFO - Sync 1 DAGs
[2021-06-21 19:22:03,665] {logging_mixin.py:104} INFO - [2021-06-21 19:22:03,665] {dag.py:2305} INFO - Setting next_dagrun for example_kubernetes_executor to None
[2021-06-21 19:22:03,678] {scheduler_job.py:190} INFO - Processing /home/airflow/.local/lib/python3.6/site-packages/airflow/example_dags/example_kubernetes_executor.py took 0.068 seconds
[2021-06-21 19:22:34,311] {scheduler_job.py:182} INFO - Started process (PID=3322) to work on /home/airflow/.local/lib/python3.6/site-packages/airflow/example_dags/example_kubernetes_executor.py
[2021-06-21 19:22:34,314] {scheduler_job.py:633} INFO - Processing file /home/airflow/.local/lib/python3.6/site-packages/airflow/example_dags/example_kubernetes_executor.py for tasks to queue
[2021-06-21 19:22:34,315] {logging_mixin.py:104} INFO - [2021-06-21 19:22:34,315] {dagbag.py:487} INFO - Filling up the DagBag from /home/airflow/.local/lib/python3.6/site-packages/airflow/example_dags/example_kubernetes_executor.py
[2021-06-21 19:22:34,352] {scheduler_job.py:643} INFO - DAG(s) dict_keys(['example_kubernetes_executor']) retrieved from /home/airflow/.local/lib/python3.6/site-packages/airflow/example_dags/example_kubernetes_executor.py
[2021-06-21 19:22:34,396] {logging_mixin.py:104} INFO - [2021-06-21 19:22:34,396] {dag.py:1832} INFO - Sync 1 DAGs
[2021-06-21 19:22:34,425] {logging_mixin.py:104} INFO - [2021-06-21 19:22:34,425] {dag.py:2305} INFO - Setting next_dagrun for example_kubernetes_executor to None
[2021-06-21 19:22:34,454] {scheduler_job.py:190} INFO - Processing /home/airflow/.local/lib/python3.6/site-packages/airflow/example_dags/example_kubernetes_executor.py took 0.152 seconds
[2021-06-21 19:23:04,548] {scheduler_job.py:182} INFO - Started process (PID=3395) to work on /home/airflow/.local/lib/python3.6/site-packages/airflow/example_dags/example_kubernetes_executor.py
[2021-06-21 19:23:04,548] {scheduler_job.py:633} INFO - Processing file /home/airflow/.local/lib/python3.6/site-packages/airflow/example_dags/example_kubernetes_executor.py for tasks to queue
[2021-06-21 19:23:04,549] {logging_mixin.py:104} INFO - [2021-06-21 19:23:04,549] {dagbag.py:487} INFO - Filling up the DagBag from /home/airflow/.local/lib/python3.6/site-packages/airflow/example_dags/example_kubernetes_executor.py
[2021-06-21 19:23:04,560] {scheduler_job.py:643} INFO - DAG(s) dict_keys(['example_kubernetes_executor']) retrieved from /home/airflow/.local/lib/python3.6/site-packages/airflow/example_dags/example_kubernetes_executor.py
[2021-06-21 19:23:04,579] {logging_mixin.py:104} INFO - [2021-06-21 19:23:04,579] {dag.py:1832} INFO - Sync 1 DAGs
[2021-06-21 19:23:04,593] {logging_mixin.py:104} INFO - [2021-06-21 19:23:04,593] {dag.py:2305} INFO - Setting next_dagrun for example_kubernetes_executor to None
[2021-06-21 19:23:04,619] {scheduler_job.py:190} INFO - Processing /home/airflow/.local/lib/python3.6/site-packages/airflow/example_dags/example_kubernetes_executor.py took 0.074 seconds
[2021-06-21 19:23:34,981] {scheduler_job.py:182} INFO - Started process (PID=3467) to work on /home/airflow/.local/lib/python3.6/site-packages/airflow/example_dags/example_kubernetes_executor.py
[2021-06-21 19:23:34,981] {scheduler_job.py:633} INFO - Processing file /home/airflow/.local/lib/python3.6/site-packages/airflow/example_dags/example_kubernetes_executor.py for tasks to queue
[2021-06-21 19:23:34,982] {logging_mixin.py:104} INFO - [2021-06-21 19:23:34,982] {dagbag.py:487} INFO - Filling up the DagBag from /home/airflow/.local/lib/python3.6/site-packages/airflow/example_dags/example_kubernetes_executor.py
[2021-06-21 19:23:34,992] {scheduler_job.py:643} INFO - DAG(s) dict_keys(['example_kubernetes_executor']) retrieved from /home/airflow/.local/lib/python3.6/site-packages/airflow/example_dags/example_kubernetes_executor.py
[2021-06-21 19:23:35,008] {logging_mixin.py:104} INFO - [2021-06-21 19:23:35,008] {dag.py:1832} INFO - Sync 1 DAGs
[2021-06-21 19:23:35,019] {logging_mixin.py:104} INFO - [2021-06-21 19:23:35,019] {dag.py:2305} INFO - Setting next_dagrun for example_kubernetes_executor to None
[2021-06-21 19:23:35,047] {scheduler_job.py:190} INFO - Processing /home/airflow/.local/lib/python3.6/site-packages/airflow/example_dags/example_kubernetes_executor.py took 0.069 seconds
