[2021-06-21 18:59:48,961] {scheduler_job.py:182} INFO - Started process (PID=35) to work on /home/airflow/.local/lib/python3.6/site-packages/airflow/example_dags/example_branch_day_of_week_operator.py
[2021-06-21 18:59:48,962] {scheduler_job.py:633} INFO - Processing file /home/airflow/.local/lib/python3.6/site-packages/airflow/example_dags/example_branch_day_of_week_operator.py for tasks to queue
[2021-06-21 18:59:48,963] {logging_mixin.py:104} INFO - [2021-06-21 18:59:48,963] {dagbag.py:487} INFO - Filling up the DagBag from /home/airflow/.local/lib/python3.6/site-packages/airflow/example_dags/example_branch_day_of_week_operator.py
[2021-06-21 18:59:49,022] {scheduler_job.py:643} INFO - DAG(s) dict_keys(['example_weekday_branch_operator']) retrieved from /home/airflow/.local/lib/python3.6/site-packages/airflow/example_dags/example_branch_day_of_week_operator.py
[2021-06-21 19:00:00,099] {logging_mixin.py:104} INFO - [2021-06-21 19:00:00,096] {dag.py:1832} INFO - Sync 1 DAGs
[2021-06-21 19:00:00,119] {logging_mixin.py:104} INFO - [2021-06-21 19:00:00,116] {dag.py:1851} INFO - Creating ORM DAG for example_weekday_branch_operator
[2021-06-21 19:00:00,138] {logging_mixin.py:104} INFO - [2021-06-21 19:00:00,138] {dag.py:2305} INFO - Setting next_dagrun for example_weekday_branch_operator to 2021-06-19 00:00:00+00:00
[2021-06-21 19:00:00,156] {scheduler_job.py:190} INFO - Processing /home/airflow/.local/lib/python3.6/site-packages/airflow/example_dags/example_branch_day_of_week_operator.py took 11.200 seconds
[2021-06-21 19:00:42,435] {scheduler_job.py:182} INFO - Started process (PID=161) to work on /home/airflow/.local/lib/python3.6/site-packages/airflow/example_dags/example_branch_day_of_week_operator.py
[2021-06-21 19:00:42,436] {scheduler_job.py:633} INFO - Processing file /home/airflow/.local/lib/python3.6/site-packages/airflow/example_dags/example_branch_day_of_week_operator.py for tasks to queue
[2021-06-21 19:00:42,437] {logging_mixin.py:104} INFO - [2021-06-21 19:00:42,436] {dagbag.py:487} INFO - Filling up the DagBag from /home/airflow/.local/lib/python3.6/site-packages/airflow/example_dags/example_branch_day_of_week_operator.py
[2021-06-21 19:00:42,452] {scheduler_job.py:643} INFO - DAG(s) dict_keys(['example_weekday_branch_operator']) retrieved from /home/airflow/.local/lib/python3.6/site-packages/airflow/example_dags/example_branch_day_of_week_operator.py
[2021-06-21 19:00:42,472] {logging_mixin.py:104} INFO - [2021-06-21 19:00:42,472] {dag.py:1832} INFO - Sync 1 DAGs
[2021-06-21 19:00:42,490] {logging_mixin.py:104} INFO - [2021-06-21 19:00:42,490] {dag.py:2305} INFO - Setting next_dagrun for example_weekday_branch_operator to 2021-06-19 00:00:00+00:00
[2021-06-21 19:00:42,498] {scheduler_job.py:190} INFO - Processing /home/airflow/.local/lib/python3.6/site-packages/airflow/example_dags/example_branch_day_of_week_operator.py took 0.066 seconds
[2021-06-21 19:01:12,548] {scheduler_job.py:182} INFO - Started process (PID=225) to work on /home/airflow/.local/lib/python3.6/site-packages/airflow/example_dags/example_branch_day_of_week_operator.py
[2021-06-21 19:01:12,550] {scheduler_job.py:633} INFO - Processing file /home/airflow/.local/lib/python3.6/site-packages/airflow/example_dags/example_branch_day_of_week_operator.py for tasks to queue
[2021-06-21 19:01:12,551] {logging_mixin.py:104} INFO - [2021-06-21 19:01:12,550] {dagbag.py:487} INFO - Filling up the DagBag from /home/airflow/.local/lib/python3.6/site-packages/airflow/example_dags/example_branch_day_of_week_operator.py
[2021-06-21 19:01:12,567] {scheduler_job.py:643} INFO - DAG(s) dict_keys(['example_weekday_branch_operator']) retrieved from /home/airflow/.local/lib/python3.6/site-packages/airflow/example_dags/example_branch_day_of_week_operator.py
[2021-06-21 19:01:12,590] {logging_mixin.py:104} INFO - [2021-06-21 19:01:12,590] {dag.py:1832} INFO - Sync 1 DAGs
[2021-06-21 19:01:12,610] {logging_mixin.py:104} INFO - [2021-06-21 19:01:12,610] {dag.py:2305} INFO - Setting next_dagrun for example_weekday_branch_operator to 2021-06-19 00:00:00+00:00
[2021-06-21 19:01:12,619] {scheduler_job.py:190} INFO - Processing /home/airflow/.local/lib/python3.6/site-packages/airflow/example_dags/example_branch_day_of_week_operator.py took 0.075 seconds
[2021-06-21 19:01:43,577] {scheduler_job.py:182} INFO - Started process (PID=304) to work on /home/airflow/.local/lib/python3.6/site-packages/airflow/example_dags/example_branch_day_of_week_operator.py
[2021-06-21 19:01:43,578] {scheduler_job.py:633} INFO - Processing file /home/airflow/.local/lib/python3.6/site-packages/airflow/example_dags/example_branch_day_of_week_operator.py for tasks to queue
[2021-06-21 19:01:43,578] {logging_mixin.py:104} INFO - [2021-06-21 19:01:43,578] {dagbag.py:487} INFO - Filling up the DagBag from /home/airflow/.local/lib/python3.6/site-packages/airflow/example_dags/example_branch_day_of_week_operator.py
[2021-06-21 19:01:43,588] {scheduler_job.py:643} INFO - DAG(s) dict_keys(['example_weekday_branch_operator']) retrieved from /home/airflow/.local/lib/python3.6/site-packages/airflow/example_dags/example_branch_day_of_week_operator.py
[2021-06-21 19:01:43,605] {logging_mixin.py:104} INFO - [2021-06-21 19:01:43,605] {dag.py:1832} INFO - Sync 1 DAGs
[2021-06-21 19:01:43,622] {logging_mixin.py:104} INFO - [2021-06-21 19:01:43,622] {dag.py:2305} INFO - Setting next_dagrun for example_weekday_branch_operator to 2021-06-19 00:00:00+00:00
[2021-06-21 19:01:43,630] {scheduler_job.py:190} INFO - Processing /home/airflow/.local/lib/python3.6/site-packages/airflow/example_dags/example_branch_day_of_week_operator.py took 0.055 seconds
[2021-06-21 19:02:13,790] {scheduler_job.py:182} INFO - Started process (PID=368) to work on /home/airflow/.local/lib/python3.6/site-packages/airflow/example_dags/example_branch_day_of_week_operator.py
[2021-06-21 19:02:13,792] {scheduler_job.py:633} INFO - Processing file /home/airflow/.local/lib/python3.6/site-packages/airflow/example_dags/example_branch_day_of_week_operator.py for tasks to queue
[2021-06-21 19:02:13,792] {logging_mixin.py:104} INFO - [2021-06-21 19:02:13,792] {dagbag.py:487} INFO - Filling up the DagBag from /home/airflow/.local/lib/python3.6/site-packages/airflow/example_dags/example_branch_day_of_week_operator.py
[2021-06-21 19:02:13,804] {scheduler_job.py:643} INFO - DAG(s) dict_keys(['example_weekday_branch_operator']) retrieved from /home/airflow/.local/lib/python3.6/site-packages/airflow/example_dags/example_branch_day_of_week_operator.py
[2021-06-21 19:02:13,828] {logging_mixin.py:104} INFO - [2021-06-21 19:02:13,828] {dag.py:1832} INFO - Sync 1 DAGs
[2021-06-21 19:02:13,851] {logging_mixin.py:104} INFO - [2021-06-21 19:02:13,851] {dag.py:2305} INFO - Setting next_dagrun for example_weekday_branch_operator to 2021-06-19 00:00:00+00:00
[2021-06-21 19:02:13,887] {scheduler_job.py:190} INFO - Processing /home/airflow/.local/lib/python3.6/site-packages/airflow/example_dags/example_branch_day_of_week_operator.py took 0.100 seconds
[2021-06-21 19:02:44,118] {scheduler_job.py:182} INFO - Started process (PID=449) to work on /home/airflow/.local/lib/python3.6/site-packages/airflow/example_dags/example_branch_day_of_week_operator.py
[2021-06-21 19:02:44,119] {scheduler_job.py:633} INFO - Processing file /home/airflow/.local/lib/python3.6/site-packages/airflow/example_dags/example_branch_day_of_week_operator.py for tasks to queue
[2021-06-21 19:02:44,119] {logging_mixin.py:104} INFO - [2021-06-21 19:02:44,119] {dagbag.py:487} INFO - Filling up the DagBag from /home/airflow/.local/lib/python3.6/site-packages/airflow/example_dags/example_branch_day_of_week_operator.py
[2021-06-21 19:02:44,129] {scheduler_job.py:643} INFO - DAG(s) dict_keys(['example_weekday_branch_operator']) retrieved from /home/airflow/.local/lib/python3.6/site-packages/airflow/example_dags/example_branch_day_of_week_operator.py
[2021-06-21 19:02:44,146] {logging_mixin.py:104} INFO - [2021-06-21 19:02:44,146] {dag.py:1832} INFO - Sync 1 DAGs
[2021-06-21 19:02:44,161] {logging_mixin.py:104} INFO - [2021-06-21 19:02:44,161] {dag.py:2305} INFO - Setting next_dagrun for example_weekday_branch_operator to 2021-06-19 00:00:00+00:00
[2021-06-21 19:02:44,197] {scheduler_job.py:190} INFO - Processing /home/airflow/.local/lib/python3.6/site-packages/airflow/example_dags/example_branch_day_of_week_operator.py took 0.081 seconds
[2021-06-21 19:03:14,254] {scheduler_job.py:182} INFO - Started process (PID=513) to work on /home/airflow/.local/lib/python3.6/site-packages/airflow/example_dags/example_branch_day_of_week_operator.py
[2021-06-21 19:03:14,257] {scheduler_job.py:633} INFO - Processing file /home/airflow/.local/lib/python3.6/site-packages/airflow/example_dags/example_branch_day_of_week_operator.py for tasks to queue
[2021-06-21 19:03:14,259] {logging_mixin.py:104} INFO - [2021-06-21 19:03:14,259] {dagbag.py:487} INFO - Filling up the DagBag from /home/airflow/.local/lib/python3.6/site-packages/airflow/example_dags/example_branch_day_of_week_operator.py
[2021-06-21 19:03:14,280] {scheduler_job.py:643} INFO - DAG(s) dict_keys(['example_weekday_branch_operator']) retrieved from /home/airflow/.local/lib/python3.6/site-packages/airflow/example_dags/example_branch_day_of_week_operator.py
[2021-06-21 19:03:14,298] {logging_mixin.py:104} INFO - [2021-06-21 19:03:14,298] {dag.py:1832} INFO - Sync 1 DAGs
[2021-06-21 19:03:14,313] {logging_mixin.py:104} INFO - [2021-06-21 19:03:14,313] {dag.py:2305} INFO - Setting next_dagrun for example_weekday_branch_operator to 2021-06-19 00:00:00+00:00
[2021-06-21 19:03:14,345] {scheduler_job.py:190} INFO - Processing /home/airflow/.local/lib/python3.6/site-packages/airflow/example_dags/example_branch_day_of_week_operator.py took 0.100 seconds
[2021-06-21 19:03:44,480] {scheduler_job.py:182} INFO - Started process (PID=594) to work on /home/airflow/.local/lib/python3.6/site-packages/airflow/example_dags/example_branch_day_of_week_operator.py
[2021-06-21 19:03:44,483] {scheduler_job.py:633} INFO - Processing file /home/airflow/.local/lib/python3.6/site-packages/airflow/example_dags/example_branch_day_of_week_operator.py for tasks to queue
[2021-06-21 19:03:44,485] {logging_mixin.py:104} INFO - [2021-06-21 19:03:44,484] {dagbag.py:487} INFO - Filling up the DagBag from /home/airflow/.local/lib/python3.6/site-packages/airflow/example_dags/example_branch_day_of_week_operator.py
[2021-06-21 19:03:44,509] {scheduler_job.py:643} INFO - DAG(s) dict_keys(['example_weekday_branch_operator']) retrieved from /home/airflow/.local/lib/python3.6/site-packages/airflow/example_dags/example_branch_day_of_week_operator.py
[2021-06-21 19:03:44,528] {logging_mixin.py:104} INFO - [2021-06-21 19:03:44,528] {dag.py:1832} INFO - Sync 1 DAGs
[2021-06-21 19:03:44,543] {logging_mixin.py:104} INFO - [2021-06-21 19:03:44,543] {dag.py:2305} INFO - Setting next_dagrun for example_weekday_branch_operator to 2021-06-19 00:00:00+00:00
[2021-06-21 19:03:44,570] {scheduler_job.py:190} INFO - Processing /home/airflow/.local/lib/python3.6/site-packages/airflow/example_dags/example_branch_day_of_week_operator.py took 0.099 seconds
[2021-06-21 19:04:14,600] {scheduler_job.py:182} INFO - Started process (PID=657) to work on /home/airflow/.local/lib/python3.6/site-packages/airflow/example_dags/example_branch_day_of_week_operator.py
[2021-06-21 19:04:14,601] {scheduler_job.py:633} INFO - Processing file /home/airflow/.local/lib/python3.6/site-packages/airflow/example_dags/example_branch_day_of_week_operator.py for tasks to queue
[2021-06-21 19:04:14,601] {logging_mixin.py:104} INFO - [2021-06-21 19:04:14,601] {dagbag.py:487} INFO - Filling up the DagBag from /home/airflow/.local/lib/python3.6/site-packages/airflow/example_dags/example_branch_day_of_week_operator.py
[2021-06-21 19:04:14,611] {scheduler_job.py:643} INFO - DAG(s) dict_keys(['example_weekday_branch_operator']) retrieved from /home/airflow/.local/lib/python3.6/site-packages/airflow/example_dags/example_branch_day_of_week_operator.py
[2021-06-21 19:04:14,627] {logging_mixin.py:104} INFO - [2021-06-21 19:04:14,627] {dag.py:1832} INFO - Sync 1 DAGs
[2021-06-21 19:04:14,641] {logging_mixin.py:104} INFO - [2021-06-21 19:04:14,641] {dag.py:2305} INFO - Setting next_dagrun for example_weekday_branch_operator to 2021-06-19 00:00:00+00:00
[2021-06-21 19:04:14,649] {scheduler_job.py:190} INFO - Processing /home/airflow/.local/lib/python3.6/site-packages/airflow/example_dags/example_branch_day_of_week_operator.py took 0.051 seconds
[2021-06-21 19:04:44,802] {scheduler_job.py:182} INFO - Started process (PID=738) to work on /home/airflow/.local/lib/python3.6/site-packages/airflow/example_dags/example_branch_day_of_week_operator.py
[2021-06-21 19:04:44,804] {scheduler_job.py:633} INFO - Processing file /home/airflow/.local/lib/python3.6/site-packages/airflow/example_dags/example_branch_day_of_week_operator.py for tasks to queue
[2021-06-21 19:04:44,805] {logging_mixin.py:104} INFO - [2021-06-21 19:04:44,805] {dagbag.py:487} INFO - Filling up the DagBag from /home/airflow/.local/lib/python3.6/site-packages/airflow/example_dags/example_branch_day_of_week_operator.py
[2021-06-21 19:04:44,822] {scheduler_job.py:643} INFO - DAG(s) dict_keys(['example_weekday_branch_operator']) retrieved from /home/airflow/.local/lib/python3.6/site-packages/airflow/example_dags/example_branch_day_of_week_operator.py
[2021-06-21 19:04:44,839] {logging_mixin.py:104} INFO - [2021-06-21 19:04:44,839] {dag.py:1832} INFO - Sync 1 DAGs
[2021-06-21 19:04:44,855] {logging_mixin.py:104} INFO - [2021-06-21 19:04:44,855] {dag.py:2305} INFO - Setting next_dagrun for example_weekday_branch_operator to 2021-06-19 00:00:00+00:00
[2021-06-21 19:04:44,862] {scheduler_job.py:190} INFO - Processing /home/airflow/.local/lib/python3.6/site-packages/airflow/example_dags/example_branch_day_of_week_operator.py took 0.070 seconds
[2021-06-21 19:05:15,737] {scheduler_job.py:182} INFO - Started process (PID=811) to work on /home/airflow/.local/lib/python3.6/site-packages/airflow/example_dags/example_branch_day_of_week_operator.py
[2021-06-21 19:05:15,738] {scheduler_job.py:633} INFO - Processing file /home/airflow/.local/lib/python3.6/site-packages/airflow/example_dags/example_branch_day_of_week_operator.py for tasks to queue
[2021-06-21 19:05:15,738] {logging_mixin.py:104} INFO - [2021-06-21 19:05:15,738] {dagbag.py:487} INFO - Filling up the DagBag from /home/airflow/.local/lib/python3.6/site-packages/airflow/example_dags/example_branch_day_of_week_operator.py
[2021-06-21 19:05:15,747] {scheduler_job.py:643} INFO - DAG(s) dict_keys(['example_weekday_branch_operator']) retrieved from /home/airflow/.local/lib/python3.6/site-packages/airflow/example_dags/example_branch_day_of_week_operator.py
[2021-06-21 19:05:15,762] {logging_mixin.py:104} INFO - [2021-06-21 19:05:15,762] {dag.py:1832} INFO - Sync 1 DAGs
[2021-06-21 19:05:15,776] {logging_mixin.py:104} INFO - [2021-06-21 19:05:15,776] {dag.py:2305} INFO - Setting next_dagrun for example_weekday_branch_operator to 2021-06-19 00:00:00+00:00
[2021-06-21 19:05:15,783] {scheduler_job.py:190} INFO - Processing /home/airflow/.local/lib/python3.6/site-packages/airflow/example_dags/example_branch_day_of_week_operator.py took 0.049 seconds
[2021-06-21 19:05:46,334] {scheduler_job.py:182} INFO - Started process (PID=883) to work on /home/airflow/.local/lib/python3.6/site-packages/airflow/example_dags/example_branch_day_of_week_operator.py
[2021-06-21 19:05:46,335] {scheduler_job.py:633} INFO - Processing file /home/airflow/.local/lib/python3.6/site-packages/airflow/example_dags/example_branch_day_of_week_operator.py for tasks to queue
[2021-06-21 19:05:46,335] {logging_mixin.py:104} INFO - [2021-06-21 19:05:46,335] {dagbag.py:487} INFO - Filling up the DagBag from /home/airflow/.local/lib/python3.6/site-packages/airflow/example_dags/example_branch_day_of_week_operator.py
[2021-06-21 19:05:46,348] {scheduler_job.py:643} INFO - DAG(s) dict_keys(['example_weekday_branch_operator']) retrieved from /home/airflow/.local/lib/python3.6/site-packages/airflow/example_dags/example_branch_day_of_week_operator.py
[2021-06-21 19:05:46,365] {logging_mixin.py:104} INFO - [2021-06-21 19:05:46,365] {dag.py:1832} INFO - Sync 1 DAGs
[2021-06-21 19:05:46,381] {logging_mixin.py:104} INFO - [2021-06-21 19:05:46,381] {dag.py:2305} INFO - Setting next_dagrun for example_weekday_branch_operator to 2021-06-19 00:00:00+00:00
[2021-06-21 19:05:46,389] {scheduler_job.py:190} INFO - Processing /home/airflow/.local/lib/python3.6/site-packages/airflow/example_dags/example_branch_day_of_week_operator.py took 0.058 seconds
[2021-06-21 19:06:16,605] {scheduler_job.py:182} INFO - Started process (PID=964) to work on /home/airflow/.local/lib/python3.6/site-packages/airflow/example_dags/example_branch_day_of_week_operator.py
[2021-06-21 19:06:16,607] {scheduler_job.py:633} INFO - Processing file /home/airflow/.local/lib/python3.6/site-packages/airflow/example_dags/example_branch_day_of_week_operator.py for tasks to queue
[2021-06-21 19:06:16,607] {logging_mixin.py:104} INFO - [2021-06-21 19:06:16,607] {dagbag.py:487} INFO - Filling up the DagBag from /home/airflow/.local/lib/python3.6/site-packages/airflow/example_dags/example_branch_day_of_week_operator.py
[2021-06-21 19:06:16,621] {scheduler_job.py:643} INFO - DAG(s) dict_keys(['example_weekday_branch_operator']) retrieved from /home/airflow/.local/lib/python3.6/site-packages/airflow/example_dags/example_branch_day_of_week_operator.py
[2021-06-21 19:06:16,645] {logging_mixin.py:104} INFO - [2021-06-21 19:06:16,645] {dag.py:1832} INFO - Sync 1 DAGs
[2021-06-21 19:06:16,670] {logging_mixin.py:104} INFO - [2021-06-21 19:06:16,670] {dag.py:2305} INFO - Setting next_dagrun for example_weekday_branch_operator to 2021-06-19 00:00:00+00:00
[2021-06-21 19:06:16,679] {scheduler_job.py:190} INFO - Processing /home/airflow/.local/lib/python3.6/site-packages/airflow/example_dags/example_branch_day_of_week_operator.py took 0.077 seconds
[2021-06-21 19:06:46,971] {scheduler_job.py:182} INFO - Started process (PID=1028) to work on /home/airflow/.local/lib/python3.6/site-packages/airflow/example_dags/example_branch_day_of_week_operator.py
[2021-06-21 19:06:46,974] {scheduler_job.py:633} INFO - Processing file /home/airflow/.local/lib/python3.6/site-packages/airflow/example_dags/example_branch_day_of_week_operator.py for tasks to queue
[2021-06-21 19:06:46,975] {logging_mixin.py:104} INFO - [2021-06-21 19:06:46,975] {dagbag.py:487} INFO - Filling up the DagBag from /home/airflow/.local/lib/python3.6/site-packages/airflow/example_dags/example_branch_day_of_week_operator.py
[2021-06-21 19:06:46,992] {scheduler_job.py:643} INFO - DAG(s) dict_keys(['example_weekday_branch_operator']) retrieved from /home/airflow/.local/lib/python3.6/site-packages/airflow/example_dags/example_branch_day_of_week_operator.py
[2021-06-21 19:06:47,010] {logging_mixin.py:104} INFO - [2021-06-21 19:06:47,010] {dag.py:1832} INFO - Sync 1 DAGs
[2021-06-21 19:06:47,025] {logging_mixin.py:104} INFO - [2021-06-21 19:06:47,025] {dag.py:2305} INFO - Setting next_dagrun for example_weekday_branch_operator to 2021-06-19 00:00:00+00:00
[2021-06-21 19:06:47,032] {scheduler_job.py:190} INFO - Processing /home/airflow/.local/lib/python3.6/site-packages/airflow/example_dags/example_branch_day_of_week_operator.py took 0.067 seconds
[2021-06-21 19:07:17,197] {scheduler_job.py:182} INFO - Started process (PID=1108) to work on /home/airflow/.local/lib/python3.6/site-packages/airflow/example_dags/example_branch_day_of_week_operator.py
[2021-06-21 19:07:17,199] {scheduler_job.py:633} INFO - Processing file /home/airflow/.local/lib/python3.6/site-packages/airflow/example_dags/example_branch_day_of_week_operator.py for tasks to queue
[2021-06-21 19:07:17,201] {logging_mixin.py:104} INFO - [2021-06-21 19:07:17,201] {dagbag.py:487} INFO - Filling up the DagBag from /home/airflow/.local/lib/python3.6/site-packages/airflow/example_dags/example_branch_day_of_week_operator.py
[2021-06-21 19:07:17,218] {scheduler_job.py:643} INFO - DAG(s) dict_keys(['example_weekday_branch_operator']) retrieved from /home/airflow/.local/lib/python3.6/site-packages/airflow/example_dags/example_branch_day_of_week_operator.py
[2021-06-21 19:07:17,238] {logging_mixin.py:104} INFO - [2021-06-21 19:07:17,238] {dag.py:1832} INFO - Sync 1 DAGs
[2021-06-21 19:07:17,258] {logging_mixin.py:104} INFO - [2021-06-21 19:07:17,258] {dag.py:2305} INFO - Setting next_dagrun for example_weekday_branch_operator to 2021-06-19 00:00:00+00:00
[2021-06-21 19:07:17,266] {scheduler_job.py:190} INFO - Processing /home/airflow/.local/lib/python3.6/site-packages/airflow/example_dags/example_branch_day_of_week_operator.py took 0.078 seconds
[2021-06-21 19:07:47,535] {scheduler_job.py:182} INFO - Started process (PID=1172) to work on /home/airflow/.local/lib/python3.6/site-packages/airflow/example_dags/example_branch_day_of_week_operator.py
[2021-06-21 19:07:47,536] {scheduler_job.py:633} INFO - Processing file /home/airflow/.local/lib/python3.6/site-packages/airflow/example_dags/example_branch_day_of_week_operator.py for tasks to queue
[2021-06-21 19:07:47,536] {logging_mixin.py:104} INFO - [2021-06-21 19:07:47,536] {dagbag.py:487} INFO - Filling up the DagBag from /home/airflow/.local/lib/python3.6/site-packages/airflow/example_dags/example_branch_day_of_week_operator.py
[2021-06-21 19:07:47,548] {scheduler_job.py:643} INFO - DAG(s) dict_keys(['example_weekday_branch_operator']) retrieved from /home/airflow/.local/lib/python3.6/site-packages/airflow/example_dags/example_branch_day_of_week_operator.py
[2021-06-21 19:07:47,566] {logging_mixin.py:104} INFO - [2021-06-21 19:07:47,566] {dag.py:1832} INFO - Sync 1 DAGs
[2021-06-21 19:07:47,581] {logging_mixin.py:104} INFO - [2021-06-21 19:07:47,581] {dag.py:2305} INFO - Setting next_dagrun for example_weekday_branch_operator to 2021-06-19 00:00:00+00:00
[2021-06-21 19:07:47,589] {scheduler_job.py:190} INFO - Processing /home/airflow/.local/lib/python3.6/site-packages/airflow/example_dags/example_branch_day_of_week_operator.py took 0.057 seconds
[2021-06-21 19:08:17,959] {scheduler_job.py:182} INFO - Started process (PID=1253) to work on /home/airflow/.local/lib/python3.6/site-packages/airflow/example_dags/example_branch_day_of_week_operator.py
[2021-06-21 19:08:17,960] {scheduler_job.py:633} INFO - Processing file /home/airflow/.local/lib/python3.6/site-packages/airflow/example_dags/example_branch_day_of_week_operator.py for tasks to queue
[2021-06-21 19:08:17,961] {logging_mixin.py:104} INFO - [2021-06-21 19:08:17,961] {dagbag.py:487} INFO - Filling up the DagBag from /home/airflow/.local/lib/python3.6/site-packages/airflow/example_dags/example_branch_day_of_week_operator.py
[2021-06-21 19:08:17,973] {scheduler_job.py:643} INFO - DAG(s) dict_keys(['example_weekday_branch_operator']) retrieved from /home/airflow/.local/lib/python3.6/site-packages/airflow/example_dags/example_branch_day_of_week_operator.py
[2021-06-21 19:08:17,991] {logging_mixin.py:104} INFO - [2021-06-21 19:08:17,991] {dag.py:1832} INFO - Sync 1 DAGs
[2021-06-21 19:08:18,010] {logging_mixin.py:104} INFO - [2021-06-21 19:08:18,010] {dag.py:2305} INFO - Setting next_dagrun for example_weekday_branch_operator to 2021-06-19 00:00:00+00:00
[2021-06-21 19:08:18,019] {scheduler_job.py:190} INFO - Processing /home/airflow/.local/lib/python3.6/site-packages/airflow/example_dags/example_branch_day_of_week_operator.py took 0.065 seconds
[2021-06-21 19:08:48,472] {scheduler_job.py:182} INFO - Started process (PID=1318) to work on /home/airflow/.local/lib/python3.6/site-packages/airflow/example_dags/example_branch_day_of_week_operator.py
[2021-06-21 19:08:48,483] {scheduler_job.py:633} INFO - Processing file /home/airflow/.local/lib/python3.6/site-packages/airflow/example_dags/example_branch_day_of_week_operator.py for tasks to queue
[2021-06-21 19:08:48,483] {logging_mixin.py:104} INFO - [2021-06-21 19:08:48,483] {dagbag.py:487} INFO - Filling up the DagBag from /home/airflow/.local/lib/python3.6/site-packages/airflow/example_dags/example_branch_day_of_week_operator.py
[2021-06-21 19:08:48,511] {scheduler_job.py:643} INFO - DAG(s) dict_keys(['example_weekday_branch_operator']) retrieved from /home/airflow/.local/lib/python3.6/site-packages/airflow/example_dags/example_branch_day_of_week_operator.py
[2021-06-21 19:08:48,558] {logging_mixin.py:104} INFO - [2021-06-21 19:08:48,558] {dag.py:1832} INFO - Sync 1 DAGs
[2021-06-21 19:08:48,597] {logging_mixin.py:104} INFO - [2021-06-21 19:08:48,597] {dag.py:2305} INFO - Setting next_dagrun for example_weekday_branch_operator to 2021-06-19 00:00:00+00:00
[2021-06-21 19:08:48,613] {scheduler_job.py:190} INFO - Processing /home/airflow/.local/lib/python3.6/site-packages/airflow/example_dags/example_branch_day_of_week_operator.py took 0.145 seconds
[2021-06-21 19:09:18,901] {scheduler_job.py:182} INFO - Started process (PID=1402) to work on /home/airflow/.local/lib/python3.6/site-packages/airflow/example_dags/example_branch_day_of_week_operator.py
[2021-06-21 19:09:18,903] {scheduler_job.py:633} INFO - Processing file /home/airflow/.local/lib/python3.6/site-packages/airflow/example_dags/example_branch_day_of_week_operator.py for tasks to queue
[2021-06-21 19:09:18,903] {logging_mixin.py:104} INFO - [2021-06-21 19:09:18,903] {dagbag.py:487} INFO - Filling up the DagBag from /home/airflow/.local/lib/python3.6/site-packages/airflow/example_dags/example_branch_day_of_week_operator.py
[2021-06-21 19:09:18,914] {scheduler_job.py:643} INFO - DAG(s) dict_keys(['example_weekday_branch_operator']) retrieved from /home/airflow/.local/lib/python3.6/site-packages/airflow/example_dags/example_branch_day_of_week_operator.py
[2021-06-21 19:09:18,932] {logging_mixin.py:104} INFO - [2021-06-21 19:09:18,932] {dag.py:1832} INFO - Sync 1 DAGs
[2021-06-21 19:09:18,949] {logging_mixin.py:104} INFO - [2021-06-21 19:09:18,949] {dag.py:2305} INFO - Setting next_dagrun for example_weekday_branch_operator to 2021-06-19 00:00:00+00:00
[2021-06-21 19:09:18,956] {scheduler_job.py:190} INFO - Processing /home/airflow/.local/lib/python3.6/site-packages/airflow/example_dags/example_branch_day_of_week_operator.py took 0.058 seconds
[2021-06-21 19:09:49,360] {scheduler_job.py:182} INFO - Started process (PID=1467) to work on /home/airflow/.local/lib/python3.6/site-packages/airflow/example_dags/example_branch_day_of_week_operator.py
[2021-06-21 19:09:49,363] {scheduler_job.py:633} INFO - Processing file /home/airflow/.local/lib/python3.6/site-packages/airflow/example_dags/example_branch_day_of_week_operator.py for tasks to queue
[2021-06-21 19:09:49,364] {logging_mixin.py:104} INFO - [2021-06-21 19:09:49,364] {dagbag.py:487} INFO - Filling up the DagBag from /home/airflow/.local/lib/python3.6/site-packages/airflow/example_dags/example_branch_day_of_week_operator.py
[2021-06-21 19:09:49,379] {scheduler_job.py:643} INFO - DAG(s) dict_keys(['example_weekday_branch_operator']) retrieved from /home/airflow/.local/lib/python3.6/site-packages/airflow/example_dags/example_branch_day_of_week_operator.py
[2021-06-21 19:09:49,397] {logging_mixin.py:104} INFO - [2021-06-21 19:09:49,397] {dag.py:1832} INFO - Sync 1 DAGs
[2021-06-21 19:09:49,413] {logging_mixin.py:104} INFO - [2021-06-21 19:09:49,413] {dag.py:2305} INFO - Setting next_dagrun for example_weekday_branch_operator to 2021-06-19 00:00:00+00:00
[2021-06-21 19:09:49,448] {scheduler_job.py:190} INFO - Processing /home/airflow/.local/lib/python3.6/site-packages/airflow/example_dags/example_branch_day_of_week_operator.py took 0.097 seconds
[2021-06-21 19:10:19,703] {scheduler_job.py:182} INFO - Started process (PID=1547) to work on /home/airflow/.local/lib/python3.6/site-packages/airflow/example_dags/example_branch_day_of_week_operator.py
[2021-06-21 19:10:19,704] {scheduler_job.py:633} INFO - Processing file /home/airflow/.local/lib/python3.6/site-packages/airflow/example_dags/example_branch_day_of_week_operator.py for tasks to queue
[2021-06-21 19:10:19,705] {logging_mixin.py:104} INFO - [2021-06-21 19:10:19,705] {dagbag.py:487} INFO - Filling up the DagBag from /home/airflow/.local/lib/python3.6/site-packages/airflow/example_dags/example_branch_day_of_week_operator.py
[2021-06-21 19:10:19,716] {scheduler_job.py:643} INFO - DAG(s) dict_keys(['example_weekday_branch_operator']) retrieved from /home/airflow/.local/lib/python3.6/site-packages/airflow/example_dags/example_branch_day_of_week_operator.py
[2021-06-21 19:10:19,735] {logging_mixin.py:104} INFO - [2021-06-21 19:10:19,734] {dag.py:1832} INFO - Sync 1 DAGs
[2021-06-21 19:10:19,754] {logging_mixin.py:104} INFO - [2021-06-21 19:10:19,754] {dag.py:2305} INFO - Setting next_dagrun for example_weekday_branch_operator to 2021-06-19 00:00:00+00:00
[2021-06-21 19:10:19,786] {scheduler_job.py:190} INFO - Processing /home/airflow/.local/lib/python3.6/site-packages/airflow/example_dags/example_branch_day_of_week_operator.py took 0.086 seconds
[2021-06-21 19:10:50,043] {scheduler_job.py:182} INFO - Started process (PID=1613) to work on /home/airflow/.local/lib/python3.6/site-packages/airflow/example_dags/example_branch_day_of_week_operator.py
[2021-06-21 19:10:50,044] {scheduler_job.py:633} INFO - Processing file /home/airflow/.local/lib/python3.6/site-packages/airflow/example_dags/example_branch_day_of_week_operator.py for tasks to queue
[2021-06-21 19:10:50,045] {logging_mixin.py:104} INFO - [2021-06-21 19:10:50,045] {dagbag.py:487} INFO - Filling up the DagBag from /home/airflow/.local/lib/python3.6/site-packages/airflow/example_dags/example_branch_day_of_week_operator.py
[2021-06-21 19:10:50,059] {scheduler_job.py:643} INFO - DAG(s) dict_keys(['example_weekday_branch_operator']) retrieved from /home/airflow/.local/lib/python3.6/site-packages/airflow/example_dags/example_branch_day_of_week_operator.py
[2021-06-21 19:10:50,078] {logging_mixin.py:104} INFO - [2021-06-21 19:10:50,078] {dag.py:1832} INFO - Sync 1 DAGs
[2021-06-21 19:10:50,095] {logging_mixin.py:104} INFO - [2021-06-21 19:10:50,095] {dag.py:2305} INFO - Setting next_dagrun for example_weekday_branch_operator to 2021-06-19 00:00:00+00:00
[2021-06-21 19:10:50,127] {scheduler_job.py:190} INFO - Processing /home/airflow/.local/lib/python3.6/site-packages/airflow/example_dags/example_branch_day_of_week_operator.py took 0.088 seconds
[2021-06-21 19:11:20,298] {scheduler_job.py:182} INFO - Started process (PID=1693) to work on /home/airflow/.local/lib/python3.6/site-packages/airflow/example_dags/example_branch_day_of_week_operator.py
[2021-06-21 19:11:20,301] {scheduler_job.py:633} INFO - Processing file /home/airflow/.local/lib/python3.6/site-packages/airflow/example_dags/example_branch_day_of_week_operator.py for tasks to queue
[2021-06-21 19:11:20,302] {logging_mixin.py:104} INFO - [2021-06-21 19:11:20,302] {dagbag.py:487} INFO - Filling up the DagBag from /home/airflow/.local/lib/python3.6/site-packages/airflow/example_dags/example_branch_day_of_week_operator.py
[2021-06-21 19:11:20,322] {scheduler_job.py:643} INFO - DAG(s) dict_keys(['example_weekday_branch_operator']) retrieved from /home/airflow/.local/lib/python3.6/site-packages/airflow/example_dags/example_branch_day_of_week_operator.py
[2021-06-21 19:11:20,362] {logging_mixin.py:104} INFO - [2021-06-21 19:11:20,362] {dag.py:1832} INFO - Sync 1 DAGs
[2021-06-21 19:11:20,403] {logging_mixin.py:104} INFO - [2021-06-21 19:11:20,403] {dag.py:2305} INFO - Setting next_dagrun for example_weekday_branch_operator to 2021-06-19 00:00:00+00:00
[2021-06-21 19:11:20,436] {scheduler_job.py:190} INFO - Processing /home/airflow/.local/lib/python3.6/site-packages/airflow/example_dags/example_branch_day_of_week_operator.py took 0.146 seconds
[2021-06-21 19:11:50,501] {scheduler_job.py:182} INFO - Started process (PID=1758) to work on /home/airflow/.local/lib/python3.6/site-packages/airflow/example_dags/example_branch_day_of_week_operator.py
[2021-06-21 19:11:50,502] {scheduler_job.py:633} INFO - Processing file /home/airflow/.local/lib/python3.6/site-packages/airflow/example_dags/example_branch_day_of_week_operator.py for tasks to queue
[2021-06-21 19:11:50,503] {logging_mixin.py:104} INFO - [2021-06-21 19:11:50,502] {dagbag.py:487} INFO - Filling up the DagBag from /home/airflow/.local/lib/python3.6/site-packages/airflow/example_dags/example_branch_day_of_week_operator.py
[2021-06-21 19:11:50,514] {scheduler_job.py:643} INFO - DAG(s) dict_keys(['example_weekday_branch_operator']) retrieved from /home/airflow/.local/lib/python3.6/site-packages/airflow/example_dags/example_branch_day_of_week_operator.py
[2021-06-21 19:11:50,532] {logging_mixin.py:104} INFO - [2021-06-21 19:11:50,532] {dag.py:1832} INFO - Sync 1 DAGs
[2021-06-21 19:11:50,551] {logging_mixin.py:104} INFO - [2021-06-21 19:11:50,551] {dag.py:2305} INFO - Setting next_dagrun for example_weekday_branch_operator to 2021-06-19 00:00:00+00:00
[2021-06-21 19:11:50,561] {scheduler_job.py:190} INFO - Processing /home/airflow/.local/lib/python3.6/site-packages/airflow/example_dags/example_branch_day_of_week_operator.py took 0.063 seconds
[2021-06-21 19:12:20,734] {scheduler_job.py:182} INFO - Started process (PID=1832) to work on /home/airflow/.local/lib/python3.6/site-packages/airflow/example_dags/example_branch_day_of_week_operator.py
[2021-06-21 19:12:20,735] {scheduler_job.py:633} INFO - Processing file /home/airflow/.local/lib/python3.6/site-packages/airflow/example_dags/example_branch_day_of_week_operator.py for tasks to queue
[2021-06-21 19:12:20,736] {logging_mixin.py:104} INFO - [2021-06-21 19:12:20,736] {dagbag.py:487} INFO - Filling up the DagBag from /home/airflow/.local/lib/python3.6/site-packages/airflow/example_dags/example_branch_day_of_week_operator.py
[2021-06-21 19:12:20,755] {scheduler_job.py:643} INFO - DAG(s) dict_keys(['example_weekday_branch_operator']) retrieved from /home/airflow/.local/lib/python3.6/site-packages/airflow/example_dags/example_branch_day_of_week_operator.py
[2021-06-21 19:12:20,811] {logging_mixin.py:104} INFO - [2021-06-21 19:12:20,811] {dag.py:1832} INFO - Sync 1 DAGs
[2021-06-21 19:12:20,850] {logging_mixin.py:104} INFO - [2021-06-21 19:12:20,850] {dag.py:2305} INFO - Setting next_dagrun for example_weekday_branch_operator to 2021-06-19 00:00:00+00:00
[2021-06-21 19:12:20,875] {scheduler_job.py:190} INFO - Processing /home/airflow/.local/lib/python3.6/site-packages/airflow/example_dags/example_branch_day_of_week_operator.py took 0.145 seconds
[2021-06-21 19:12:50,994] {scheduler_job.py:182} INFO - Started process (PID=1904) to work on /home/airflow/.local/lib/python3.6/site-packages/airflow/example_dags/example_branch_day_of_week_operator.py
[2021-06-21 19:12:50,995] {scheduler_job.py:633} INFO - Processing file /home/airflow/.local/lib/python3.6/site-packages/airflow/example_dags/example_branch_day_of_week_operator.py for tasks to queue
[2021-06-21 19:12:50,996] {logging_mixin.py:104} INFO - [2021-06-21 19:12:50,996] {dagbag.py:487} INFO - Filling up the DagBag from /home/airflow/.local/lib/python3.6/site-packages/airflow/example_dags/example_branch_day_of_week_operator.py
[2021-06-21 19:12:51,009] {scheduler_job.py:643} INFO - DAG(s) dict_keys(['example_weekday_branch_operator']) retrieved from /home/airflow/.local/lib/python3.6/site-packages/airflow/example_dags/example_branch_day_of_week_operator.py
[2021-06-21 19:12:51,027] {logging_mixin.py:104} INFO - [2021-06-21 19:12:51,027] {dag.py:1832} INFO - Sync 1 DAGs
[2021-06-21 19:12:51,043] {logging_mixin.py:104} INFO - [2021-06-21 19:12:51,043] {dag.py:2305} INFO - Setting next_dagrun for example_weekday_branch_operator to 2021-06-19 00:00:00+00:00
[2021-06-21 19:12:51,052] {scheduler_job.py:190} INFO - Processing /home/airflow/.local/lib/python3.6/site-packages/airflow/example_dags/example_branch_day_of_week_operator.py took 0.065 seconds
[2021-06-21 19:13:21,101] {scheduler_job.py:182} INFO - Started process (PID=1975) to work on /home/airflow/.local/lib/python3.6/site-packages/airflow/example_dags/example_branch_day_of_week_operator.py
[2021-06-21 19:13:21,102] {scheduler_job.py:633} INFO - Processing file /home/airflow/.local/lib/python3.6/site-packages/airflow/example_dags/example_branch_day_of_week_operator.py for tasks to queue
[2021-06-21 19:13:21,103] {logging_mixin.py:104} INFO - [2021-06-21 19:13:21,103] {dagbag.py:487} INFO - Filling up the DagBag from /home/airflow/.local/lib/python3.6/site-packages/airflow/example_dags/example_branch_day_of_week_operator.py
[2021-06-21 19:13:21,114] {scheduler_job.py:643} INFO - DAG(s) dict_keys(['example_weekday_branch_operator']) retrieved from /home/airflow/.local/lib/python3.6/site-packages/airflow/example_dags/example_branch_day_of_week_operator.py
[2021-06-21 19:13:21,144] {logging_mixin.py:104} INFO - [2021-06-21 19:13:21,143] {dag.py:1832} INFO - Sync 1 DAGs
[2021-06-21 19:13:21,162] {logging_mixin.py:104} INFO - [2021-06-21 19:13:21,162] {dag.py:2305} INFO - Setting next_dagrun for example_weekday_branch_operator to 2021-06-19 00:00:00+00:00
[2021-06-21 19:13:21,173] {scheduler_job.py:190} INFO - Processing /home/airflow/.local/lib/python3.6/site-packages/airflow/example_dags/example_branch_day_of_week_operator.py took 0.074 seconds
[2021-06-21 19:13:51,674] {scheduler_job.py:182} INFO - Started process (PID=2053) to work on /home/airflow/.local/lib/python3.6/site-packages/airflow/example_dags/example_branch_day_of_week_operator.py
[2021-06-21 19:13:51,676] {scheduler_job.py:633} INFO - Processing file /home/airflow/.local/lib/python3.6/site-packages/airflow/example_dags/example_branch_day_of_week_operator.py for tasks to queue
[2021-06-21 19:13:51,676] {logging_mixin.py:104} INFO - [2021-06-21 19:13:51,676] {dagbag.py:487} INFO - Filling up the DagBag from /home/airflow/.local/lib/python3.6/site-packages/airflow/example_dags/example_branch_day_of_week_operator.py
[2021-06-21 19:13:51,688] {scheduler_job.py:643} INFO - DAG(s) dict_keys(['example_weekday_branch_operator']) retrieved from /home/airflow/.local/lib/python3.6/site-packages/airflow/example_dags/example_branch_day_of_week_operator.py
[2021-06-21 19:13:51,706] {logging_mixin.py:104} INFO - [2021-06-21 19:13:51,706] {dag.py:1832} INFO - Sync 1 DAGs
[2021-06-21 19:13:51,721] {logging_mixin.py:104} INFO - [2021-06-21 19:13:51,721] {dag.py:2305} INFO - Setting next_dagrun for example_weekday_branch_operator to 2021-06-19 00:00:00+00:00
[2021-06-21 19:13:51,729] {scheduler_job.py:190} INFO - Processing /home/airflow/.local/lib/python3.6/site-packages/airflow/example_dags/example_branch_day_of_week_operator.py took 0.059 seconds
[2021-06-21 19:14:21,861] {scheduler_job.py:182} INFO - Started process (PID=2119) to work on /home/airflow/.local/lib/python3.6/site-packages/airflow/example_dags/example_branch_day_of_week_operator.py
[2021-06-21 19:14:21,862] {scheduler_job.py:633} INFO - Processing file /home/airflow/.local/lib/python3.6/site-packages/airflow/example_dags/example_branch_day_of_week_operator.py for tasks to queue
[2021-06-21 19:14:21,863] {logging_mixin.py:104} INFO - [2021-06-21 19:14:21,862] {dagbag.py:487} INFO - Filling up the DagBag from /home/airflow/.local/lib/python3.6/site-packages/airflow/example_dags/example_branch_day_of_week_operator.py
[2021-06-21 19:14:21,874] {scheduler_job.py:643} INFO - DAG(s) dict_keys(['example_weekday_branch_operator']) retrieved from /home/airflow/.local/lib/python3.6/site-packages/airflow/example_dags/example_branch_day_of_week_operator.py
[2021-06-21 19:14:21,892] {logging_mixin.py:104} INFO - [2021-06-21 19:14:21,892] {dag.py:1832} INFO - Sync 1 DAGs
[2021-06-21 19:14:21,907] {logging_mixin.py:104} INFO - [2021-06-21 19:14:21,907] {dag.py:2305} INFO - Setting next_dagrun for example_weekday_branch_operator to 2021-06-19 00:00:00+00:00
[2021-06-21 19:14:21,915] {scheduler_job.py:190} INFO - Processing /home/airflow/.local/lib/python3.6/site-packages/airflow/example_dags/example_branch_day_of_week_operator.py took 0.056 seconds
[2021-06-21 19:14:52,401] {scheduler_job.py:182} INFO - Started process (PID=2199) to work on /home/airflow/.local/lib/python3.6/site-packages/airflow/example_dags/example_branch_day_of_week_operator.py
[2021-06-21 19:14:52,402] {scheduler_job.py:633} INFO - Processing file /home/airflow/.local/lib/python3.6/site-packages/airflow/example_dags/example_branch_day_of_week_operator.py for tasks to queue
[2021-06-21 19:14:52,403] {logging_mixin.py:104} INFO - [2021-06-21 19:14:52,403] {dagbag.py:487} INFO - Filling up the DagBag from /home/airflow/.local/lib/python3.6/site-packages/airflow/example_dags/example_branch_day_of_week_operator.py
[2021-06-21 19:14:52,417] {scheduler_job.py:643} INFO - DAG(s) dict_keys(['example_weekday_branch_operator']) retrieved from /home/airflow/.local/lib/python3.6/site-packages/airflow/example_dags/example_branch_day_of_week_operator.py
[2021-06-21 19:14:52,437] {logging_mixin.py:104} INFO - [2021-06-21 19:14:52,437] {dag.py:1832} INFO - Sync 1 DAGs
[2021-06-21 19:14:52,456] {logging_mixin.py:104} INFO - [2021-06-21 19:14:52,456] {dag.py:2305} INFO - Setting next_dagrun for example_weekday_branch_operator to 2021-06-19 00:00:00+00:00
[2021-06-21 19:14:52,463] {scheduler_job.py:190} INFO - Processing /home/airflow/.local/lib/python3.6/site-packages/airflow/example_dags/example_branch_day_of_week_operator.py took 0.067 seconds
[2021-06-21 19:15:23,154] {scheduler_job.py:182} INFO - Started process (PID=2273) to work on /home/airflow/.local/lib/python3.6/site-packages/airflow/example_dags/example_branch_day_of_week_operator.py
[2021-06-21 19:15:23,158] {scheduler_job.py:633} INFO - Processing file /home/airflow/.local/lib/python3.6/site-packages/airflow/example_dags/example_branch_day_of_week_operator.py for tasks to queue
[2021-06-21 19:15:23,159] {logging_mixin.py:104} INFO - [2021-06-21 19:15:23,159] {dagbag.py:487} INFO - Filling up the DagBag from /home/airflow/.local/lib/python3.6/site-packages/airflow/example_dags/example_branch_day_of_week_operator.py
[2021-06-21 19:15:23,204] {scheduler_job.py:643} INFO - DAG(s) dict_keys(['example_weekday_branch_operator']) retrieved from /home/airflow/.local/lib/python3.6/site-packages/airflow/example_dags/example_branch_day_of_week_operator.py
[2021-06-21 19:15:23,266] {logging_mixin.py:104} INFO - [2021-06-21 19:15:23,266] {dag.py:1832} INFO - Sync 1 DAGs
[2021-06-21 19:15:23,296] {logging_mixin.py:104} INFO - [2021-06-21 19:15:23,296] {dag.py:2305} INFO - Setting next_dagrun for example_weekday_branch_operator to 2021-06-19 00:00:00+00:00
[2021-06-21 19:15:23,306] {scheduler_job.py:190} INFO - Processing /home/airflow/.local/lib/python3.6/site-packages/airflow/example_dags/example_branch_day_of_week_operator.py took 0.163 seconds
[2021-06-21 19:15:54,090] {scheduler_job.py:182} INFO - Started process (PID=2354) to work on /home/airflow/.local/lib/python3.6/site-packages/airflow/example_dags/example_branch_day_of_week_operator.py
[2021-06-21 19:15:54,091] {scheduler_job.py:633} INFO - Processing file /home/airflow/.local/lib/python3.6/site-packages/airflow/example_dags/example_branch_day_of_week_operator.py for tasks to queue
[2021-06-21 19:15:54,092] {logging_mixin.py:104} INFO - [2021-06-21 19:15:54,092] {dagbag.py:487} INFO - Filling up the DagBag from /home/airflow/.local/lib/python3.6/site-packages/airflow/example_dags/example_branch_day_of_week_operator.py
[2021-06-21 19:15:54,112] {scheduler_job.py:643} INFO - DAG(s) dict_keys(['example_weekday_branch_operator']) retrieved from /home/airflow/.local/lib/python3.6/site-packages/airflow/example_dags/example_branch_day_of_week_operator.py
[2021-06-21 19:15:54,147] {logging_mixin.py:104} INFO - [2021-06-21 19:15:54,147] {dag.py:1832} INFO - Sync 1 DAGs
[2021-06-21 19:15:54,179] {logging_mixin.py:104} INFO - [2021-06-21 19:15:54,179] {dag.py:2305} INFO - Setting next_dagrun for example_weekday_branch_operator to 2021-06-19 00:00:00+00:00
[2021-06-21 19:15:54,192] {scheduler_job.py:190} INFO - Processing /home/airflow/.local/lib/python3.6/site-packages/airflow/example_dags/example_branch_day_of_week_operator.py took 0.107 seconds
[2021-06-21 19:16:24,926] {scheduler_job.py:182} INFO - Started process (PID=2435) to work on /home/airflow/.local/lib/python3.6/site-packages/airflow/example_dags/example_branch_day_of_week_operator.py
[2021-06-21 19:16:24,927] {scheduler_job.py:633} INFO - Processing file /home/airflow/.local/lib/python3.6/site-packages/airflow/example_dags/example_branch_day_of_week_operator.py for tasks to queue
[2021-06-21 19:16:24,928] {logging_mixin.py:104} INFO - [2021-06-21 19:16:24,928] {dagbag.py:487} INFO - Filling up the DagBag from /home/airflow/.local/lib/python3.6/site-packages/airflow/example_dags/example_branch_day_of_week_operator.py
[2021-06-21 19:16:24,939] {scheduler_job.py:643} INFO - DAG(s) dict_keys(['example_weekday_branch_operator']) retrieved from /home/airflow/.local/lib/python3.6/site-packages/airflow/example_dags/example_branch_day_of_week_operator.py
[2021-06-21 19:16:24,957] {logging_mixin.py:104} INFO - [2021-06-21 19:16:24,957] {dag.py:1832} INFO - Sync 1 DAGs
[2021-06-21 19:16:24,974] {logging_mixin.py:104} INFO - [2021-06-21 19:16:24,974] {dag.py:2305} INFO - Setting next_dagrun for example_weekday_branch_operator to 2021-06-19 00:00:00+00:00
[2021-06-21 19:16:25,002] {scheduler_job.py:190} INFO - Processing /home/airflow/.local/lib/python3.6/site-packages/airflow/example_dags/example_branch_day_of_week_operator.py took 0.079 seconds
[2021-06-21 19:16:55,080] {scheduler_job.py:182} INFO - Started process (PID=2499) to work on /home/airflow/.local/lib/python3.6/site-packages/airflow/example_dags/example_branch_day_of_week_operator.py
[2021-06-21 19:16:55,083] {scheduler_job.py:633} INFO - Processing file /home/airflow/.local/lib/python3.6/site-packages/airflow/example_dags/example_branch_day_of_week_operator.py for tasks to queue
[2021-06-21 19:16:55,084] {logging_mixin.py:104} INFO - [2021-06-21 19:16:55,083] {dagbag.py:487} INFO - Filling up the DagBag from /home/airflow/.local/lib/python3.6/site-packages/airflow/example_dags/example_branch_day_of_week_operator.py
[2021-06-21 19:16:55,097] {scheduler_job.py:643} INFO - DAG(s) dict_keys(['example_weekday_branch_operator']) retrieved from /home/airflow/.local/lib/python3.6/site-packages/airflow/example_dags/example_branch_day_of_week_operator.py
[2021-06-21 19:16:55,114] {logging_mixin.py:104} INFO - [2021-06-21 19:16:55,114] {dag.py:1832} INFO - Sync 1 DAGs
[2021-06-21 19:16:55,130] {logging_mixin.py:104} INFO - [2021-06-21 19:16:55,130] {dag.py:2305} INFO - Setting next_dagrun for example_weekday_branch_operator to 2021-06-19 00:00:00+00:00
[2021-06-21 19:16:55,163] {scheduler_job.py:190} INFO - Processing /home/airflow/.local/lib/python3.6/site-packages/airflow/example_dags/example_branch_day_of_week_operator.py took 0.090 seconds
[2021-06-21 19:17:25,321] {scheduler_job.py:182} INFO - Started process (PID=2579) to work on /home/airflow/.local/lib/python3.6/site-packages/airflow/example_dags/example_branch_day_of_week_operator.py
[2021-06-21 19:17:25,322] {scheduler_job.py:633} INFO - Processing file /home/airflow/.local/lib/python3.6/site-packages/airflow/example_dags/example_branch_day_of_week_operator.py for tasks to queue
[2021-06-21 19:17:25,323] {logging_mixin.py:104} INFO - [2021-06-21 19:17:25,323] {dagbag.py:487} INFO - Filling up the DagBag from /home/airflow/.local/lib/python3.6/site-packages/airflow/example_dags/example_branch_day_of_week_operator.py
[2021-06-21 19:17:25,336] {scheduler_job.py:643} INFO - DAG(s) dict_keys(['example_weekday_branch_operator']) retrieved from /home/airflow/.local/lib/python3.6/site-packages/airflow/example_dags/example_branch_day_of_week_operator.py
[2021-06-21 19:17:25,358] {logging_mixin.py:104} INFO - [2021-06-21 19:17:25,357] {dag.py:1832} INFO - Sync 1 DAGs
[2021-06-21 19:17:25,378] {logging_mixin.py:104} INFO - [2021-06-21 19:17:25,378] {dag.py:2305} INFO - Setting next_dagrun for example_weekday_branch_operator to 2021-06-19 00:00:00+00:00
[2021-06-21 19:17:25,409] {scheduler_job.py:190} INFO - Processing /home/airflow/.local/lib/python3.6/site-packages/airflow/example_dags/example_branch_day_of_week_operator.py took 0.091 seconds
[2021-06-21 19:17:55,649] {scheduler_job.py:182} INFO - Started process (PID=2644) to work on /home/airflow/.local/lib/python3.6/site-packages/airflow/example_dags/example_branch_day_of_week_operator.py
[2021-06-21 19:17:55,650] {scheduler_job.py:633} INFO - Processing file /home/airflow/.local/lib/python3.6/site-packages/airflow/example_dags/example_branch_day_of_week_operator.py for tasks to queue
[2021-06-21 19:17:55,651] {logging_mixin.py:104} INFO - [2021-06-21 19:17:55,651] {dagbag.py:487} INFO - Filling up the DagBag from /home/airflow/.local/lib/python3.6/site-packages/airflow/example_dags/example_branch_day_of_week_operator.py
[2021-06-21 19:17:55,665] {scheduler_job.py:643} INFO - DAG(s) dict_keys(['example_weekday_branch_operator']) retrieved from /home/airflow/.local/lib/python3.6/site-packages/airflow/example_dags/example_branch_day_of_week_operator.py
[2021-06-21 19:17:55,689] {logging_mixin.py:104} INFO - [2021-06-21 19:17:55,689] {dag.py:1832} INFO - Sync 1 DAGs
[2021-06-21 19:17:55,709] {logging_mixin.py:104} INFO - [2021-06-21 19:17:55,709] {dag.py:2305} INFO - Setting next_dagrun for example_weekday_branch_operator to 2021-06-19 00:00:00+00:00
[2021-06-21 19:17:55,759] {scheduler_job.py:190} INFO - Processing /home/airflow/.local/lib/python3.6/site-packages/airflow/example_dags/example_branch_day_of_week_operator.py took 0.112 seconds
[2021-06-21 19:18:26,084] {scheduler_job.py:182} INFO - Started process (PID=2728) to work on /home/airflow/.local/lib/python3.6/site-packages/airflow/example_dags/example_branch_day_of_week_operator.py
[2021-06-21 19:18:26,085] {scheduler_job.py:633} INFO - Processing file /home/airflow/.local/lib/python3.6/site-packages/airflow/example_dags/example_branch_day_of_week_operator.py for tasks to queue
[2021-06-21 19:18:26,086] {logging_mixin.py:104} INFO - [2021-06-21 19:18:26,086] {dagbag.py:487} INFO - Filling up the DagBag from /home/airflow/.local/lib/python3.6/site-packages/airflow/example_dags/example_branch_day_of_week_operator.py
[2021-06-21 19:18:26,102] {scheduler_job.py:643} INFO - DAG(s) dict_keys(['example_weekday_branch_operator']) retrieved from /home/airflow/.local/lib/python3.6/site-packages/airflow/example_dags/example_branch_day_of_week_operator.py
[2021-06-21 19:18:26,127] {logging_mixin.py:104} INFO - [2021-06-21 19:18:26,127] {dag.py:1832} INFO - Sync 1 DAGs
[2021-06-21 19:18:26,149] {logging_mixin.py:104} INFO - [2021-06-21 19:18:26,149] {dag.py:2305} INFO - Setting next_dagrun for example_weekday_branch_operator to 2021-06-19 00:00:00+00:00
[2021-06-21 19:18:26,159] {scheduler_job.py:190} INFO - Processing /home/airflow/.local/lib/python3.6/site-packages/airflow/example_dags/example_branch_day_of_week_operator.py took 0.079 seconds
[2021-06-21 19:18:56,284] {scheduler_job.py:182} INFO - Started process (PID=2792) to work on /home/airflow/.local/lib/python3.6/site-packages/airflow/example_dags/example_branch_day_of_week_operator.py
[2021-06-21 19:18:56,285] {scheduler_job.py:633} INFO - Processing file /home/airflow/.local/lib/python3.6/site-packages/airflow/example_dags/example_branch_day_of_week_operator.py for tasks to queue
[2021-06-21 19:18:56,286] {logging_mixin.py:104} INFO - [2021-06-21 19:18:56,286] {dagbag.py:487} INFO - Filling up the DagBag from /home/airflow/.local/lib/python3.6/site-packages/airflow/example_dags/example_branch_day_of_week_operator.py
[2021-06-21 19:18:56,300] {scheduler_job.py:643} INFO - DAG(s) dict_keys(['example_weekday_branch_operator']) retrieved from /home/airflow/.local/lib/python3.6/site-packages/airflow/example_dags/example_branch_day_of_week_operator.py
[2021-06-21 19:18:56,327] {logging_mixin.py:104} INFO - [2021-06-21 19:18:56,327] {dag.py:1832} INFO - Sync 1 DAGs
[2021-06-21 19:18:56,356] {logging_mixin.py:104} INFO - [2021-06-21 19:18:56,356] {dag.py:2305} INFO - Setting next_dagrun for example_weekday_branch_operator to 2021-06-19 00:00:00+00:00
[2021-06-21 19:18:56,367] {scheduler_job.py:190} INFO - Processing /home/airflow/.local/lib/python3.6/site-packages/airflow/example_dags/example_branch_day_of_week_operator.py took 0.088 seconds
[2021-06-21 19:19:27,054] {scheduler_job.py:182} INFO - Started process (PID=2876) to work on /home/airflow/.local/lib/python3.6/site-packages/airflow/example_dags/example_branch_day_of_week_operator.py
[2021-06-21 19:19:27,055] {scheduler_job.py:633} INFO - Processing file /home/airflow/.local/lib/python3.6/site-packages/airflow/example_dags/example_branch_day_of_week_operator.py for tasks to queue
[2021-06-21 19:19:27,056] {logging_mixin.py:104} INFO - [2021-06-21 19:19:27,056] {dagbag.py:487} INFO - Filling up the DagBag from /home/airflow/.local/lib/python3.6/site-packages/airflow/example_dags/example_branch_day_of_week_operator.py
[2021-06-21 19:19:27,074] {scheduler_job.py:643} INFO - DAG(s) dict_keys(['example_weekday_branch_operator']) retrieved from /home/airflow/.local/lib/python3.6/site-packages/airflow/example_dags/example_branch_day_of_week_operator.py
[2021-06-21 19:19:27,101] {logging_mixin.py:104} INFO - [2021-06-21 19:19:27,100] {dag.py:1832} INFO - Sync 1 DAGs
[2021-06-21 19:19:27,124] {logging_mixin.py:104} INFO - [2021-06-21 19:19:27,123] {dag.py:2305} INFO - Setting next_dagrun for example_weekday_branch_operator to 2021-06-19 00:00:00+00:00
[2021-06-21 19:19:27,138] {scheduler_job.py:190} INFO - Processing /home/airflow/.local/lib/python3.6/site-packages/airflow/example_dags/example_branch_day_of_week_operator.py took 0.089 seconds
[2021-06-21 19:19:57,770] {scheduler_job.py:182} INFO - Started process (PID=2940) to work on /home/airflow/.local/lib/python3.6/site-packages/airflow/example_dags/example_branch_day_of_week_operator.py
[2021-06-21 19:19:57,772] {scheduler_job.py:633} INFO - Processing file /home/airflow/.local/lib/python3.6/site-packages/airflow/example_dags/example_branch_day_of_week_operator.py for tasks to queue
[2021-06-21 19:19:57,773] {logging_mixin.py:104} INFO - [2021-06-21 19:19:57,773] {dagbag.py:487} INFO - Filling up the DagBag from /home/airflow/.local/lib/python3.6/site-packages/airflow/example_dags/example_branch_day_of_week_operator.py
[2021-06-21 19:19:57,789] {scheduler_job.py:643} INFO - DAG(s) dict_keys(['example_weekday_branch_operator']) retrieved from /home/airflow/.local/lib/python3.6/site-packages/airflow/example_dags/example_branch_day_of_week_operator.py
[2021-06-21 19:19:57,809] {logging_mixin.py:104} INFO - [2021-06-21 19:19:57,809] {dag.py:1832} INFO - Sync 1 DAGs
[2021-06-21 19:19:57,826] {logging_mixin.py:104} INFO - [2021-06-21 19:19:57,826] {dag.py:2305} INFO - Setting next_dagrun for example_weekday_branch_operator to 2021-06-19 00:00:00+00:00
[2021-06-21 19:19:57,834] {scheduler_job.py:190} INFO - Processing /home/airflow/.local/lib/python3.6/site-packages/airflow/example_dags/example_branch_day_of_week_operator.py took 0.073 seconds
[2021-06-21 19:20:28,427] {scheduler_job.py:182} INFO - Started process (PID=3022) to work on /home/airflow/.local/lib/python3.6/site-packages/airflow/example_dags/example_branch_day_of_week_operator.py
[2021-06-21 19:20:28,429] {scheduler_job.py:633} INFO - Processing file /home/airflow/.local/lib/python3.6/site-packages/airflow/example_dags/example_branch_day_of_week_operator.py for tasks to queue
[2021-06-21 19:20:28,429] {logging_mixin.py:104} INFO - [2021-06-21 19:20:28,429] {dagbag.py:487} INFO - Filling up the DagBag from /home/airflow/.local/lib/python3.6/site-packages/airflow/example_dags/example_branch_day_of_week_operator.py
[2021-06-21 19:20:28,443] {scheduler_job.py:643} INFO - DAG(s) dict_keys(['example_weekday_branch_operator']) retrieved from /home/airflow/.local/lib/python3.6/site-packages/airflow/example_dags/example_branch_day_of_week_operator.py
[2021-06-21 19:20:28,461] {logging_mixin.py:104} INFO - [2021-06-21 19:20:28,461] {dag.py:1832} INFO - Sync 1 DAGs
[2021-06-21 19:20:28,477] {logging_mixin.py:104} INFO - [2021-06-21 19:20:28,477] {dag.py:2305} INFO - Setting next_dagrun for example_weekday_branch_operator to 2021-06-19 00:00:00+00:00
[2021-06-21 19:20:28,485] {scheduler_job.py:190} INFO - Processing /home/airflow/.local/lib/python3.6/site-packages/airflow/example_dags/example_branch_day_of_week_operator.py took 0.062 seconds
[2021-06-21 19:20:59,140] {scheduler_job.py:182} INFO - Started process (PID=3086) to work on /home/airflow/.local/lib/python3.6/site-packages/airflow/example_dags/example_branch_day_of_week_operator.py
[2021-06-21 19:20:59,140] {scheduler_job.py:633} INFO - Processing file /home/airflow/.local/lib/python3.6/site-packages/airflow/example_dags/example_branch_day_of_week_operator.py for tasks to queue
[2021-06-21 19:20:59,141] {logging_mixin.py:104} INFO - [2021-06-21 19:20:59,141] {dagbag.py:487} INFO - Filling up the DagBag from /home/airflow/.local/lib/python3.6/site-packages/airflow/example_dags/example_branch_day_of_week_operator.py
[2021-06-21 19:20:59,153] {scheduler_job.py:643} INFO - DAG(s) dict_keys(['example_weekday_branch_operator']) retrieved from /home/airflow/.local/lib/python3.6/site-packages/airflow/example_dags/example_branch_day_of_week_operator.py
[2021-06-21 19:20:59,175] {logging_mixin.py:104} INFO - [2021-06-21 19:20:59,175] {dag.py:1832} INFO - Sync 1 DAGs
[2021-06-21 19:20:59,202] {logging_mixin.py:104} INFO - [2021-06-21 19:20:59,202] {dag.py:2305} INFO - Setting next_dagrun for example_weekday_branch_operator to 2021-06-19 00:00:00+00:00
[2021-06-21 19:20:59,215] {scheduler_job.py:190} INFO - Processing /home/airflow/.local/lib/python3.6/site-packages/airflow/example_dags/example_branch_day_of_week_operator.py took 0.078 seconds
[2021-06-21 19:21:29,702] {scheduler_job.py:182} INFO - Started process (PID=3169) to work on /home/airflow/.local/lib/python3.6/site-packages/airflow/example_dags/example_branch_day_of_week_operator.py
[2021-06-21 19:21:29,705] {scheduler_job.py:633} INFO - Processing file /home/airflow/.local/lib/python3.6/site-packages/airflow/example_dags/example_branch_day_of_week_operator.py for tasks to queue
[2021-06-21 19:21:29,706] {logging_mixin.py:104} INFO - [2021-06-21 19:21:29,706] {dagbag.py:487} INFO - Filling up the DagBag from /home/airflow/.local/lib/python3.6/site-packages/airflow/example_dags/example_branch_day_of_week_operator.py
[2021-06-21 19:21:29,731] {scheduler_job.py:643} INFO - DAG(s) dict_keys(['example_weekday_branch_operator']) retrieved from /home/airflow/.local/lib/python3.6/site-packages/airflow/example_dags/example_branch_day_of_week_operator.py
[2021-06-21 19:21:29,751] {logging_mixin.py:104} INFO - [2021-06-21 19:21:29,751] {dag.py:1832} INFO - Sync 1 DAGs
[2021-06-21 19:21:29,766] {logging_mixin.py:104} INFO - [2021-06-21 19:21:29,766] {dag.py:2305} INFO - Setting next_dagrun for example_weekday_branch_operator to 2021-06-19 00:00:00+00:00
[2021-06-21 19:21:29,773] {scheduler_job.py:190} INFO - Processing /home/airflow/.local/lib/python3.6/site-packages/airflow/example_dags/example_branch_day_of_week_operator.py took 0.081 seconds
[2021-06-21 19:22:00,407] {scheduler_job.py:182} INFO - Started process (PID=3233) to work on /home/airflow/.local/lib/python3.6/site-packages/airflow/example_dags/example_branch_day_of_week_operator.py
[2021-06-21 19:22:00,408] {scheduler_job.py:633} INFO - Processing file /home/airflow/.local/lib/python3.6/site-packages/airflow/example_dags/example_branch_day_of_week_operator.py for tasks to queue
[2021-06-21 19:22:00,409] {logging_mixin.py:104} INFO - [2021-06-21 19:22:00,409] {dagbag.py:487} INFO - Filling up the DagBag from /home/airflow/.local/lib/python3.6/site-packages/airflow/example_dags/example_branch_day_of_week_operator.py
[2021-06-21 19:22:00,419] {scheduler_job.py:643} INFO - DAG(s) dict_keys(['example_weekday_branch_operator']) retrieved from /home/airflow/.local/lib/python3.6/site-packages/airflow/example_dags/example_branch_day_of_week_operator.py
[2021-06-21 19:22:00,437] {logging_mixin.py:104} INFO - [2021-06-21 19:22:00,437] {dag.py:1832} INFO - Sync 1 DAGs
[2021-06-21 19:22:00,457] {logging_mixin.py:104} INFO - [2021-06-21 19:22:00,457] {dag.py:2305} INFO - Setting next_dagrun for example_weekday_branch_operator to 2021-06-19 00:00:00+00:00
[2021-06-21 19:22:00,464] {scheduler_job.py:190} INFO - Processing /home/airflow/.local/lib/python3.6/site-packages/airflow/example_dags/example_branch_day_of_week_operator.py took 0.060 seconds
[2021-06-21 19:22:30,950] {scheduler_job.py:182} INFO - Started process (PID=3316) to work on /home/airflow/.local/lib/python3.6/site-packages/airflow/example_dags/example_branch_day_of_week_operator.py
[2021-06-21 19:22:30,952] {scheduler_job.py:633} INFO - Processing file /home/airflow/.local/lib/python3.6/site-packages/airflow/example_dags/example_branch_day_of_week_operator.py for tasks to queue
[2021-06-21 19:22:30,954] {logging_mixin.py:104} INFO - [2021-06-21 19:22:30,954] {dagbag.py:487} INFO - Filling up the DagBag from /home/airflow/.local/lib/python3.6/site-packages/airflow/example_dags/example_branch_day_of_week_operator.py
[2021-06-21 19:22:30,970] {scheduler_job.py:643} INFO - DAG(s) dict_keys(['example_weekday_branch_operator']) retrieved from /home/airflow/.local/lib/python3.6/site-packages/airflow/example_dags/example_branch_day_of_week_operator.py
[2021-06-21 19:22:30,987] {logging_mixin.py:104} INFO - [2021-06-21 19:22:30,987] {dag.py:1832} INFO - Sync 1 DAGs
[2021-06-21 19:22:31,005] {logging_mixin.py:104} INFO - [2021-06-21 19:22:31,005] {dag.py:2305} INFO - Setting next_dagrun for example_weekday_branch_operator to 2021-06-19 00:00:00+00:00
[2021-06-21 19:22:31,030] {scheduler_job.py:190} INFO - Processing /home/airflow/.local/lib/python3.6/site-packages/airflow/example_dags/example_branch_day_of_week_operator.py took 0.085 seconds
[2021-06-21 19:23:01,158] {scheduler_job.py:182} INFO - Started process (PID=3380) to work on /home/airflow/.local/lib/python3.6/site-packages/airflow/example_dags/example_branch_day_of_week_operator.py
[2021-06-21 19:23:01,159] {scheduler_job.py:633} INFO - Processing file /home/airflow/.local/lib/python3.6/site-packages/airflow/example_dags/example_branch_day_of_week_operator.py for tasks to queue
[2021-06-21 19:23:01,160] {logging_mixin.py:104} INFO - [2021-06-21 19:23:01,160] {dagbag.py:487} INFO - Filling up the DagBag from /home/airflow/.local/lib/python3.6/site-packages/airflow/example_dags/example_branch_day_of_week_operator.py
[2021-06-21 19:23:01,174] {scheduler_job.py:643} INFO - DAG(s) dict_keys(['example_weekday_branch_operator']) retrieved from /home/airflow/.local/lib/python3.6/site-packages/airflow/example_dags/example_branch_day_of_week_operator.py
[2021-06-21 19:23:01,192] {logging_mixin.py:104} INFO - [2021-06-21 19:23:01,192] {dag.py:1832} INFO - Sync 1 DAGs
[2021-06-21 19:23:01,207] {logging_mixin.py:104} INFO - [2021-06-21 19:23:01,207] {dag.py:2305} INFO - Setting next_dagrun for example_weekday_branch_operator to 2021-06-19 00:00:00+00:00
[2021-06-21 19:23:01,233] {scheduler_job.py:190} INFO - Processing /home/airflow/.local/lib/python3.6/site-packages/airflow/example_dags/example_branch_day_of_week_operator.py took 0.082 seconds
[2021-06-21 19:23:31,667] {scheduler_job.py:182} INFO - Started process (PID=3461) to work on /home/airflow/.local/lib/python3.6/site-packages/airflow/example_dags/example_branch_day_of_week_operator.py
[2021-06-21 19:23:31,668] {scheduler_job.py:633} INFO - Processing file /home/airflow/.local/lib/python3.6/site-packages/airflow/example_dags/example_branch_day_of_week_operator.py for tasks to queue
[2021-06-21 19:23:31,670] {logging_mixin.py:104} INFO - [2021-06-21 19:23:31,670] {dagbag.py:487} INFO - Filling up the DagBag from /home/airflow/.local/lib/python3.6/site-packages/airflow/example_dags/example_branch_day_of_week_operator.py
[2021-06-21 19:23:31,690] {scheduler_job.py:643} INFO - DAG(s) dict_keys(['example_weekday_branch_operator']) retrieved from /home/airflow/.local/lib/python3.6/site-packages/airflow/example_dags/example_branch_day_of_week_operator.py
[2021-06-21 19:23:31,713] {logging_mixin.py:104} INFO - [2021-06-21 19:23:31,713] {dag.py:1832} INFO - Sync 1 DAGs
[2021-06-21 19:23:31,735] {logging_mixin.py:104} INFO - [2021-06-21 19:23:31,735] {dag.py:2305} INFO - Setting next_dagrun for example_weekday_branch_operator to 2021-06-19 00:00:00+00:00
[2021-06-21 19:23:31,767] {scheduler_job.py:190} INFO - Processing /home/airflow/.local/lib/python3.6/site-packages/airflow/example_dags/example_branch_day_of_week_operator.py took 0.104 seconds
