[2021-06-21 19:00:13,633] {scheduler_job.py:182} INFO - Started process (PID=86) to work on /home/airflow/.local/lib/python3.6/site-packages/airflow/example_dags/example_external_task_marker_dag.py
[2021-06-21 19:00:13,634] {scheduler_job.py:633} INFO - Processing file /home/airflow/.local/lib/python3.6/site-packages/airflow/example_dags/example_external_task_marker_dag.py for tasks to queue
[2021-06-21 19:00:13,634] {logging_mixin.py:104} INFO - [2021-06-21 19:00:13,634] {dagbag.py:487} INFO - Filling up the DagBag from /home/airflow/.local/lib/python3.6/site-packages/airflow/example_dags/example_external_task_marker_dag.py
[2021-06-21 19:00:13,649] {scheduler_job.py:643} INFO - DAG(s) dict_keys(['example_external_task_marker_parent', 'example_external_task_marker_child']) retrieved from /home/airflow/.local/lib/python3.6/site-packages/airflow/example_dags/example_external_task_marker_dag.py
[2021-06-21 19:00:16,203] {logging_mixin.py:104} INFO - [2021-06-21 19:00:16,202] {dag.py:1832} INFO - Sync 2 DAGs
[2021-06-21 19:00:16,215] {logging_mixin.py:104} INFO - [2021-06-21 19:00:16,214] {dag.py:1851} INFO - Creating ORM DAG for example_external_task_marker_parent
[2021-06-21 19:00:16,215] {logging_mixin.py:104} INFO - [2021-06-21 19:00:16,215] {dag.py:1851} INFO - Creating ORM DAG for example_external_task_marker_child
[2021-06-21 19:00:16,220] {logging_mixin.py:104} INFO - [2021-06-21 19:00:16,220] {dag.py:2305} INFO - Setting next_dagrun for example_external_task_marker_child to None
[2021-06-21 19:00:16,220] {logging_mixin.py:104} INFO - [2021-06-21 19:00:16,220] {dag.py:2305} INFO - Setting next_dagrun for example_external_task_marker_parent to None
[2021-06-21 19:00:16,231] {scheduler_job.py:190} INFO - Processing /home/airflow/.local/lib/python3.6/site-packages/airflow/example_dags/example_external_task_marker_dag.py took 2.602 seconds
[2021-06-21 19:00:47,076] {scheduler_job.py:182} INFO - Started process (PID=171) to work on /home/airflow/.local/lib/python3.6/site-packages/airflow/example_dags/example_external_task_marker_dag.py
[2021-06-21 19:00:47,077] {scheduler_job.py:633} INFO - Processing file /home/airflow/.local/lib/python3.6/site-packages/airflow/example_dags/example_external_task_marker_dag.py for tasks to queue
[2021-06-21 19:00:47,077] {logging_mixin.py:104} INFO - [2021-06-21 19:00:47,077] {dagbag.py:487} INFO - Filling up the DagBag from /home/airflow/.local/lib/python3.6/site-packages/airflow/example_dags/example_external_task_marker_dag.py
[2021-06-21 19:00:47,090] {scheduler_job.py:643} INFO - DAG(s) dict_keys(['example_external_task_marker_parent', 'example_external_task_marker_child']) retrieved from /home/airflow/.local/lib/python3.6/site-packages/airflow/example_dags/example_external_task_marker_dag.py
[2021-06-21 19:00:47,116] {logging_mixin.py:104} INFO - [2021-06-21 19:00:47,116] {dag.py:1832} INFO - Sync 2 DAGs
[2021-06-21 19:00:47,133] {logging_mixin.py:104} INFO - [2021-06-21 19:00:47,133] {dag.py:2305} INFO - Setting next_dagrun for example_external_task_marker_child to None
[2021-06-21 19:00:47,134] {logging_mixin.py:104} INFO - [2021-06-21 19:00:47,134] {dag.py:2305} INFO - Setting next_dagrun for example_external_task_marker_parent to None
[2021-06-21 19:00:47,144] {scheduler_job.py:190} INFO - Processing /home/airflow/.local/lib/python3.6/site-packages/airflow/example_dags/example_external_task_marker_dag.py took 0.071 seconds
[2021-06-21 19:01:17,990] {scheduler_job.py:182} INFO - Started process (PID=251) to work on /home/airflow/.local/lib/python3.6/site-packages/airflow/example_dags/example_external_task_marker_dag.py
[2021-06-21 19:01:17,991] {scheduler_job.py:633} INFO - Processing file /home/airflow/.local/lib/python3.6/site-packages/airflow/example_dags/example_external_task_marker_dag.py for tasks to queue
[2021-06-21 19:01:17,991] {logging_mixin.py:104} INFO - [2021-06-21 19:01:17,991] {dagbag.py:487} INFO - Filling up the DagBag from /home/airflow/.local/lib/python3.6/site-packages/airflow/example_dags/example_external_task_marker_dag.py
[2021-06-21 19:01:18,004] {scheduler_job.py:643} INFO - DAG(s) dict_keys(['example_external_task_marker_parent', 'example_external_task_marker_child']) retrieved from /home/airflow/.local/lib/python3.6/site-packages/airflow/example_dags/example_external_task_marker_dag.py
[2021-06-21 19:01:18,030] {logging_mixin.py:104} INFO - [2021-06-21 19:01:18,030] {dag.py:1832} INFO - Sync 2 DAGs
[2021-06-21 19:01:18,055] {logging_mixin.py:104} INFO - [2021-06-21 19:01:18,054] {dag.py:2305} INFO - Setting next_dagrun for example_external_task_marker_child to None
[2021-06-21 19:01:18,056] {logging_mixin.py:104} INFO - [2021-06-21 19:01:18,056] {dag.py:2305} INFO - Setting next_dagrun for example_external_task_marker_parent to None
[2021-06-21 19:01:18,069] {scheduler_job.py:190} INFO - Processing /home/airflow/.local/lib/python3.6/site-packages/airflow/example_dags/example_external_task_marker_dag.py took 0.082 seconds
[2021-06-21 19:01:48,118] {scheduler_job.py:182} INFO - Started process (PID=315) to work on /home/airflow/.local/lib/python3.6/site-packages/airflow/example_dags/example_external_task_marker_dag.py
[2021-06-21 19:01:48,122] {scheduler_job.py:633} INFO - Processing file /home/airflow/.local/lib/python3.6/site-packages/airflow/example_dags/example_external_task_marker_dag.py for tasks to queue
[2021-06-21 19:01:48,124] {logging_mixin.py:104} INFO - [2021-06-21 19:01:48,123] {dagbag.py:487} INFO - Filling up the DagBag from /home/airflow/.local/lib/python3.6/site-packages/airflow/example_dags/example_external_task_marker_dag.py
[2021-06-21 19:01:48,168] {scheduler_job.py:643} INFO - DAG(s) dict_keys(['example_external_task_marker_parent', 'example_external_task_marker_child']) retrieved from /home/airflow/.local/lib/python3.6/site-packages/airflow/example_dags/example_external_task_marker_dag.py
[2021-06-21 19:01:48,390] {logging_mixin.py:104} INFO - [2021-06-21 19:01:48,390] {dag.py:1832} INFO - Sync 2 DAGs
[2021-06-21 19:01:48,403] {logging_mixin.py:104} INFO - [2021-06-21 19:01:48,403] {dag.py:2305} INFO - Setting next_dagrun for example_external_task_marker_child to None
[2021-06-21 19:01:48,403] {logging_mixin.py:104} INFO - [2021-06-21 19:01:48,403] {dag.py:2305} INFO - Setting next_dagrun for example_external_task_marker_parent to None
[2021-06-21 19:01:48,412] {scheduler_job.py:190} INFO - Processing /home/airflow/.local/lib/python3.6/site-packages/airflow/example_dags/example_external_task_marker_dag.py took 0.306 seconds
[2021-06-21 19:02:18,427] {scheduler_job.py:182} INFO - Started process (PID=395) to work on /home/airflow/.local/lib/python3.6/site-packages/airflow/example_dags/example_external_task_marker_dag.py
[2021-06-21 19:02:18,428] {scheduler_job.py:633} INFO - Processing file /home/airflow/.local/lib/python3.6/site-packages/airflow/example_dags/example_external_task_marker_dag.py for tasks to queue
[2021-06-21 19:02:18,428] {logging_mixin.py:104} INFO - [2021-06-21 19:02:18,428] {dagbag.py:487} INFO - Filling up the DagBag from /home/airflow/.local/lib/python3.6/site-packages/airflow/example_dags/example_external_task_marker_dag.py
[2021-06-21 19:02:18,438] {scheduler_job.py:643} INFO - DAG(s) dict_keys(['example_external_task_marker_parent', 'example_external_task_marker_child']) retrieved from /home/airflow/.local/lib/python3.6/site-packages/airflow/example_dags/example_external_task_marker_dag.py
[2021-06-21 19:02:18,457] {logging_mixin.py:104} INFO - [2021-06-21 19:02:18,457] {dag.py:1832} INFO - Sync 2 DAGs
[2021-06-21 19:02:18,474] {logging_mixin.py:104} INFO - [2021-06-21 19:02:18,474] {dag.py:2305} INFO - Setting next_dagrun for example_external_task_marker_child to None
[2021-06-21 19:02:18,475] {logging_mixin.py:104} INFO - [2021-06-21 19:02:18,475] {dag.py:2305} INFO - Setting next_dagrun for example_external_task_marker_parent to None
[2021-06-21 19:02:18,510] {scheduler_job.py:190} INFO - Processing /home/airflow/.local/lib/python3.6/site-packages/airflow/example_dags/example_external_task_marker_dag.py took 0.085 seconds
[2021-06-21 19:02:48,940] {scheduler_job.py:182} INFO - Started process (PID=460) to work on /home/airflow/.local/lib/python3.6/site-packages/airflow/example_dags/example_external_task_marker_dag.py
[2021-06-21 19:02:48,943] {scheduler_job.py:633} INFO - Processing file /home/airflow/.local/lib/python3.6/site-packages/airflow/example_dags/example_external_task_marker_dag.py for tasks to queue
[2021-06-21 19:02:48,944] {logging_mixin.py:104} INFO - [2021-06-21 19:02:48,944] {dagbag.py:487} INFO - Filling up the DagBag from /home/airflow/.local/lib/python3.6/site-packages/airflow/example_dags/example_external_task_marker_dag.py
[2021-06-21 19:02:48,964] {scheduler_job.py:643} INFO - DAG(s) dict_keys(['example_external_task_marker_parent', 'example_external_task_marker_child']) retrieved from /home/airflow/.local/lib/python3.6/site-packages/airflow/example_dags/example_external_task_marker_dag.py
[2021-06-21 19:02:49,146] {logging_mixin.py:104} INFO - [2021-06-21 19:02:49,146] {dag.py:1832} INFO - Sync 2 DAGs
[2021-06-21 19:02:49,157] {logging_mixin.py:104} INFO - [2021-06-21 19:02:49,157] {dag.py:2305} INFO - Setting next_dagrun for example_external_task_marker_child to None
[2021-06-21 19:02:49,157] {logging_mixin.py:104} INFO - [2021-06-21 19:02:49,157] {dag.py:2305} INFO - Setting next_dagrun for example_external_task_marker_parent to None
[2021-06-21 19:02:49,190] {scheduler_job.py:190} INFO - Processing /home/airflow/.local/lib/python3.6/site-packages/airflow/example_dags/example_external_task_marker_dag.py took 0.258 seconds
[2021-06-21 19:03:20,106] {scheduler_job.py:182} INFO - Started process (PID=543) to work on /home/airflow/.local/lib/python3.6/site-packages/airflow/example_dags/example_external_task_marker_dag.py
[2021-06-21 19:03:20,107] {scheduler_job.py:633} INFO - Processing file /home/airflow/.local/lib/python3.6/site-packages/airflow/example_dags/example_external_task_marker_dag.py for tasks to queue
[2021-06-21 19:03:20,108] {logging_mixin.py:104} INFO - [2021-06-21 19:03:20,107] {dagbag.py:487} INFO - Filling up the DagBag from /home/airflow/.local/lib/python3.6/site-packages/airflow/example_dags/example_external_task_marker_dag.py
[2021-06-21 19:03:20,120] {scheduler_job.py:643} INFO - DAG(s) dict_keys(['example_external_task_marker_parent', 'example_external_task_marker_child']) retrieved from /home/airflow/.local/lib/python3.6/site-packages/airflow/example_dags/example_external_task_marker_dag.py
[2021-06-21 19:03:20,336] {logging_mixin.py:104} INFO - [2021-06-21 19:03:20,336] {dag.py:1832} INFO - Sync 2 DAGs
[2021-06-21 19:03:20,347] {logging_mixin.py:104} INFO - [2021-06-21 19:03:20,347] {dag.py:2305} INFO - Setting next_dagrun for example_external_task_marker_child to None
[2021-06-21 19:03:20,347] {logging_mixin.py:104} INFO - [2021-06-21 19:03:20,347] {dag.py:2305} INFO - Setting next_dagrun for example_external_task_marker_parent to None
[2021-06-21 19:03:20,378] {scheduler_job.py:190} INFO - Processing /home/airflow/.local/lib/python3.6/site-packages/airflow/example_dags/example_external_task_marker_dag.py took 0.276 seconds
[2021-06-21 19:03:51,358] {scheduler_job.py:182} INFO - Started process (PID=613) to work on /home/airflow/.local/lib/python3.6/site-packages/airflow/example_dags/example_external_task_marker_dag.py
[2021-06-21 19:03:51,359] {scheduler_job.py:633} INFO - Processing file /home/airflow/.local/lib/python3.6/site-packages/airflow/example_dags/example_external_task_marker_dag.py for tasks to queue
[2021-06-21 19:03:51,359] {logging_mixin.py:104} INFO - [2021-06-21 19:03:51,359] {dagbag.py:487} INFO - Filling up the DagBag from /home/airflow/.local/lib/python3.6/site-packages/airflow/example_dags/example_external_task_marker_dag.py
[2021-06-21 19:03:51,368] {scheduler_job.py:643} INFO - DAG(s) dict_keys(['example_external_task_marker_parent', 'example_external_task_marker_child']) retrieved from /home/airflow/.local/lib/python3.6/site-packages/airflow/example_dags/example_external_task_marker_dag.py
[2021-06-21 19:03:51,384] {logging_mixin.py:104} INFO - [2021-06-21 19:03:51,384] {dag.py:1832} INFO - Sync 2 DAGs
[2021-06-21 19:03:51,396] {logging_mixin.py:104} INFO - [2021-06-21 19:03:51,396] {dag.py:2305} INFO - Setting next_dagrun for example_external_task_marker_child to None
[2021-06-21 19:03:51,397] {logging_mixin.py:104} INFO - [2021-06-21 19:03:51,397] {dag.py:2305} INFO - Setting next_dagrun for example_external_task_marker_parent to None
[2021-06-21 19:03:51,423] {scheduler_job.py:190} INFO - Processing /home/airflow/.local/lib/python3.6/site-packages/airflow/example_dags/example_external_task_marker_dag.py took 0.067 seconds
[2021-06-21 19:04:21,633] {scheduler_job.py:182} INFO - Started process (PID=687) to work on /home/airflow/.local/lib/python3.6/site-packages/airflow/example_dags/example_external_task_marker_dag.py
[2021-06-21 19:04:21,634] {scheduler_job.py:633} INFO - Processing file /home/airflow/.local/lib/python3.6/site-packages/airflow/example_dags/example_external_task_marker_dag.py for tasks to queue
[2021-06-21 19:04:21,634] {logging_mixin.py:104} INFO - [2021-06-21 19:04:21,634] {dagbag.py:487} INFO - Filling up the DagBag from /home/airflow/.local/lib/python3.6/site-packages/airflow/example_dags/example_external_task_marker_dag.py
[2021-06-21 19:04:21,645] {scheduler_job.py:643} INFO - DAG(s) dict_keys(['example_external_task_marker_parent', 'example_external_task_marker_child']) retrieved from /home/airflow/.local/lib/python3.6/site-packages/airflow/example_dags/example_external_task_marker_dag.py
[2021-06-21 19:04:21,812] {logging_mixin.py:104} INFO - [2021-06-21 19:04:21,812] {dag.py:1832} INFO - Sync 2 DAGs
[2021-06-21 19:04:21,822] {logging_mixin.py:104} INFO - [2021-06-21 19:04:21,822] {dag.py:2305} INFO - Setting next_dagrun for example_external_task_marker_child to None
[2021-06-21 19:04:21,822] {logging_mixin.py:104} INFO - [2021-06-21 19:04:21,822] {dag.py:2305} INFO - Setting next_dagrun for example_external_task_marker_parent to None
[2021-06-21 19:04:21,830] {scheduler_job.py:190} INFO - Processing /home/airflow/.local/lib/python3.6/site-packages/airflow/example_dags/example_external_task_marker_dag.py took 0.200 seconds
[2021-06-21 19:04:52,757] {scheduler_job.py:182} INFO - Started process (PID=767) to work on /home/airflow/.local/lib/python3.6/site-packages/airflow/example_dags/example_external_task_marker_dag.py
[2021-06-21 19:04:52,769] {scheduler_job.py:633} INFO - Processing file /home/airflow/.local/lib/python3.6/site-packages/airflow/example_dags/example_external_task_marker_dag.py for tasks to queue
[2021-06-21 19:04:52,770] {logging_mixin.py:104} INFO - [2021-06-21 19:04:52,770] {dagbag.py:487} INFO - Filling up the DagBag from /home/airflow/.local/lib/python3.6/site-packages/airflow/example_dags/example_external_task_marker_dag.py
[2021-06-21 19:04:52,804] {scheduler_job.py:643} INFO - DAG(s) dict_keys(['example_external_task_marker_parent', 'example_external_task_marker_child']) retrieved from /home/airflow/.local/lib/python3.6/site-packages/airflow/example_dags/example_external_task_marker_dag.py
[2021-06-21 19:04:52,830] {logging_mixin.py:104} INFO - [2021-06-21 19:04:52,830] {dag.py:1832} INFO - Sync 2 DAGs
[2021-06-21 19:04:52,849] {logging_mixin.py:104} INFO - [2021-06-21 19:04:52,849] {dag.py:2305} INFO - Setting next_dagrun for example_external_task_marker_child to None
[2021-06-21 19:04:52,850] {logging_mixin.py:104} INFO - [2021-06-21 19:04:52,850] {dag.py:2305} INFO - Setting next_dagrun for example_external_task_marker_parent to None
[2021-06-21 19:04:52,861] {scheduler_job.py:190} INFO - Processing /home/airflow/.local/lib/python3.6/site-packages/airflow/example_dags/example_external_task_marker_dag.py took 0.109 seconds
[2021-06-21 19:05:23,657] {scheduler_job.py:182} INFO - Started process (PID=832) to work on /home/airflow/.local/lib/python3.6/site-packages/airflow/example_dags/example_external_task_marker_dag.py
[2021-06-21 19:05:23,658] {scheduler_job.py:633} INFO - Processing file /home/airflow/.local/lib/python3.6/site-packages/airflow/example_dags/example_external_task_marker_dag.py for tasks to queue
[2021-06-21 19:05:23,659] {logging_mixin.py:104} INFO - [2021-06-21 19:05:23,659] {dagbag.py:487} INFO - Filling up the DagBag from /home/airflow/.local/lib/python3.6/site-packages/airflow/example_dags/example_external_task_marker_dag.py
[2021-06-21 19:05:23,674] {scheduler_job.py:643} INFO - DAG(s) dict_keys(['example_external_task_marker_parent', 'example_external_task_marker_child']) retrieved from /home/airflow/.local/lib/python3.6/site-packages/airflow/example_dags/example_external_task_marker_dag.py
[2021-06-21 19:05:23,699] {logging_mixin.py:104} INFO - [2021-06-21 19:05:23,699] {dag.py:1832} INFO - Sync 2 DAGs
[2021-06-21 19:05:23,714] {logging_mixin.py:104} INFO - [2021-06-21 19:05:23,714] {dag.py:2305} INFO - Setting next_dagrun for example_external_task_marker_child to None
[2021-06-21 19:05:23,715] {logging_mixin.py:104} INFO - [2021-06-21 19:05:23,715] {dag.py:2305} INFO - Setting next_dagrun for example_external_task_marker_parent to None
[2021-06-21 19:05:23,723] {scheduler_job.py:190} INFO - Processing /home/airflow/.local/lib/python3.6/site-packages/airflow/example_dags/example_external_task_marker_dag.py took 0.073 seconds
[2021-06-21 19:05:54,005] {scheduler_job.py:182} INFO - Started process (PID=913) to work on /home/airflow/.local/lib/python3.6/site-packages/airflow/example_dags/example_external_task_marker_dag.py
[2021-06-21 19:05:54,006] {scheduler_job.py:633} INFO - Processing file /home/airflow/.local/lib/python3.6/site-packages/airflow/example_dags/example_external_task_marker_dag.py for tasks to queue
[2021-06-21 19:05:54,006] {logging_mixin.py:104} INFO - [2021-06-21 19:05:54,006] {dagbag.py:487} INFO - Filling up the DagBag from /home/airflow/.local/lib/python3.6/site-packages/airflow/example_dags/example_external_task_marker_dag.py
[2021-06-21 19:05:54,015] {scheduler_job.py:643} INFO - DAG(s) dict_keys(['example_external_task_marker_parent', 'example_external_task_marker_child']) retrieved from /home/airflow/.local/lib/python3.6/site-packages/airflow/example_dags/example_external_task_marker_dag.py
[2021-06-21 19:05:54,202] {logging_mixin.py:104} INFO - [2021-06-21 19:05:54,202] {dag.py:1832} INFO - Sync 2 DAGs
[2021-06-21 19:05:54,214] {logging_mixin.py:104} INFO - [2021-06-21 19:05:54,214] {dag.py:2305} INFO - Setting next_dagrun for example_external_task_marker_child to None
[2021-06-21 19:05:54,215] {logging_mixin.py:104} INFO - [2021-06-21 19:05:54,215] {dag.py:2305} INFO - Setting next_dagrun for example_external_task_marker_parent to None
[2021-06-21 19:05:54,223] {scheduler_job.py:190} INFO - Processing /home/airflow/.local/lib/python3.6/site-packages/airflow/example_dags/example_external_task_marker_dag.py took 0.221 seconds
[2021-06-21 19:06:24,245] {scheduler_job.py:182} INFO - Started process (PID=978) to work on /home/airflow/.local/lib/python3.6/site-packages/airflow/example_dags/example_external_task_marker_dag.py
[2021-06-21 19:06:24,246] {scheduler_job.py:633} INFO - Processing file /home/airflow/.local/lib/python3.6/site-packages/airflow/example_dags/example_external_task_marker_dag.py for tasks to queue
[2021-06-21 19:06:24,247] {logging_mixin.py:104} INFO - [2021-06-21 19:06:24,247] {dagbag.py:487} INFO - Filling up the DagBag from /home/airflow/.local/lib/python3.6/site-packages/airflow/example_dags/example_external_task_marker_dag.py
[2021-06-21 19:06:24,256] {scheduler_job.py:643} INFO - DAG(s) dict_keys(['example_external_task_marker_parent', 'example_external_task_marker_child']) retrieved from /home/airflow/.local/lib/python3.6/site-packages/airflow/example_dags/example_external_task_marker_dag.py
[2021-06-21 19:06:24,421] {logging_mixin.py:104} INFO - [2021-06-21 19:06:24,421] {dag.py:1832} INFO - Sync 2 DAGs
[2021-06-21 19:06:24,430] {logging_mixin.py:104} INFO - [2021-06-21 19:06:24,430] {dag.py:2305} INFO - Setting next_dagrun for example_external_task_marker_child to None
[2021-06-21 19:06:24,431] {logging_mixin.py:104} INFO - [2021-06-21 19:06:24,431] {dag.py:2305} INFO - Setting next_dagrun for example_external_task_marker_parent to None
[2021-06-21 19:06:24,438] {scheduler_job.py:190} INFO - Processing /home/airflow/.local/lib/python3.6/site-packages/airflow/example_dags/example_external_task_marker_dag.py took 0.196 seconds
[2021-06-21 19:06:54,469] {scheduler_job.py:182} INFO - Started process (PID=1057) to work on /home/airflow/.local/lib/python3.6/site-packages/airflow/example_dags/example_external_task_marker_dag.py
[2021-06-21 19:06:54,470] {scheduler_job.py:633} INFO - Processing file /home/airflow/.local/lib/python3.6/site-packages/airflow/example_dags/example_external_task_marker_dag.py for tasks to queue
[2021-06-21 19:06:54,470] {logging_mixin.py:104} INFO - [2021-06-21 19:06:54,470] {dagbag.py:487} INFO - Filling up the DagBag from /home/airflow/.local/lib/python3.6/site-packages/airflow/example_dags/example_external_task_marker_dag.py
[2021-06-21 19:06:54,482] {scheduler_job.py:643} INFO - DAG(s) dict_keys(['example_external_task_marker_parent', 'example_external_task_marker_child']) retrieved from /home/airflow/.local/lib/python3.6/site-packages/airflow/example_dags/example_external_task_marker_dag.py
[2021-06-21 19:06:54,505] {logging_mixin.py:104} INFO - [2021-06-21 19:06:54,505] {dag.py:1832} INFO - Sync 2 DAGs
[2021-06-21 19:06:54,518] {logging_mixin.py:104} INFO - [2021-06-21 19:06:54,518] {dag.py:2305} INFO - Setting next_dagrun for example_external_task_marker_child to None
[2021-06-21 19:06:54,519] {logging_mixin.py:104} INFO - [2021-06-21 19:06:54,519] {dag.py:2305} INFO - Setting next_dagrun for example_external_task_marker_parent to None
[2021-06-21 19:06:54,527] {scheduler_job.py:190} INFO - Processing /home/airflow/.local/lib/python3.6/site-packages/airflow/example_dags/example_external_task_marker_dag.py took 0.062 seconds
[2021-06-21 19:07:24,810] {scheduler_job.py:182} INFO - Started process (PID=1121) to work on /home/airflow/.local/lib/python3.6/site-packages/airflow/example_dags/example_external_task_marker_dag.py
[2021-06-21 19:07:24,811] {scheduler_job.py:633} INFO - Processing file /home/airflow/.local/lib/python3.6/site-packages/airflow/example_dags/example_external_task_marker_dag.py for tasks to queue
[2021-06-21 19:07:24,812] {logging_mixin.py:104} INFO - [2021-06-21 19:07:24,812] {dagbag.py:487} INFO - Filling up the DagBag from /home/airflow/.local/lib/python3.6/site-packages/airflow/example_dags/example_external_task_marker_dag.py
[2021-06-21 19:07:24,824] {scheduler_job.py:643} INFO - DAG(s) dict_keys(['example_external_task_marker_parent', 'example_external_task_marker_child']) retrieved from /home/airflow/.local/lib/python3.6/site-packages/airflow/example_dags/example_external_task_marker_dag.py
[2021-06-21 19:07:24,848] {logging_mixin.py:104} INFO - [2021-06-21 19:07:24,848] {dag.py:1832} INFO - Sync 2 DAGs
[2021-06-21 19:07:24,862] {logging_mixin.py:104} INFO - [2021-06-21 19:07:24,862] {dag.py:2305} INFO - Setting next_dagrun for example_external_task_marker_child to None
[2021-06-21 19:07:24,863] {logging_mixin.py:104} INFO - [2021-06-21 19:07:24,863] {dag.py:2305} INFO - Setting next_dagrun for example_external_task_marker_parent to None
[2021-06-21 19:07:24,872] {scheduler_job.py:190} INFO - Processing /home/airflow/.local/lib/python3.6/site-packages/airflow/example_dags/example_external_task_marker_dag.py took 0.065 seconds
[2021-06-21 19:07:54,973] {scheduler_job.py:182} INFO - Started process (PID=1202) to work on /home/airflow/.local/lib/python3.6/site-packages/airflow/example_dags/example_external_task_marker_dag.py
[2021-06-21 19:07:54,976] {scheduler_job.py:633} INFO - Processing file /home/airflow/.local/lib/python3.6/site-packages/airflow/example_dags/example_external_task_marker_dag.py for tasks to queue
[2021-06-21 19:07:54,978] {logging_mixin.py:104} INFO - [2021-06-21 19:07:54,978] {dagbag.py:487} INFO - Filling up the DagBag from /home/airflow/.local/lib/python3.6/site-packages/airflow/example_dags/example_external_task_marker_dag.py
[2021-06-21 19:07:55,013] {scheduler_job.py:643} INFO - DAG(s) dict_keys(['example_external_task_marker_parent', 'example_external_task_marker_child']) retrieved from /home/airflow/.local/lib/python3.6/site-packages/airflow/example_dags/example_external_task_marker_dag.py
[2021-06-21 19:07:55,303] {logging_mixin.py:104} INFO - [2021-06-21 19:07:55,303] {dag.py:1832} INFO - Sync 2 DAGs
[2021-06-21 19:07:55,313] {logging_mixin.py:104} INFO - [2021-06-21 19:07:55,313] {dag.py:2305} INFO - Setting next_dagrun for example_external_task_marker_child to None
[2021-06-21 19:07:55,314] {logging_mixin.py:104} INFO - [2021-06-21 19:07:55,314] {dag.py:2305} INFO - Setting next_dagrun for example_external_task_marker_parent to None
[2021-06-21 19:07:55,322] {scheduler_job.py:190} INFO - Processing /home/airflow/.local/lib/python3.6/site-packages/airflow/example_dags/example_external_task_marker_dag.py took 0.358 seconds
[2021-06-21 19:08:25,554] {scheduler_job.py:182} INFO - Started process (PID=1276) to work on /home/airflow/.local/lib/python3.6/site-packages/airflow/example_dags/example_external_task_marker_dag.py
[2021-06-21 19:08:25,555] {scheduler_job.py:633} INFO - Processing file /home/airflow/.local/lib/python3.6/site-packages/airflow/example_dags/example_external_task_marker_dag.py for tasks to queue
[2021-06-21 19:08:25,555] {logging_mixin.py:104} INFO - [2021-06-21 19:08:25,555] {dagbag.py:487} INFO - Filling up the DagBag from /home/airflow/.local/lib/python3.6/site-packages/airflow/example_dags/example_external_task_marker_dag.py
[2021-06-21 19:08:25,568] {scheduler_job.py:643} INFO - DAG(s) dict_keys(['example_external_task_marker_parent', 'example_external_task_marker_child']) retrieved from /home/airflow/.local/lib/python3.6/site-packages/airflow/example_dags/example_external_task_marker_dag.py
[2021-06-21 19:08:25,892] {logging_mixin.py:104} INFO - [2021-06-21 19:08:25,892] {dag.py:1832} INFO - Sync 2 DAGs
[2021-06-21 19:08:25,906] {logging_mixin.py:104} INFO - [2021-06-21 19:08:25,906] {dag.py:2305} INFO - Setting next_dagrun for example_external_task_marker_child to None
[2021-06-21 19:08:25,906] {logging_mixin.py:104} INFO - [2021-06-21 19:08:25,906] {dag.py:2305} INFO - Setting next_dagrun for example_external_task_marker_parent to None
[2021-06-21 19:08:25,917] {scheduler_job.py:190} INFO - Processing /home/airflow/.local/lib/python3.6/site-packages/airflow/example_dags/example_external_task_marker_dag.py took 0.365 seconds
[2021-06-21 19:08:56,229] {scheduler_job.py:182} INFO - Started process (PID=1350) to work on /home/airflow/.local/lib/python3.6/site-packages/airflow/example_dags/example_external_task_marker_dag.py
[2021-06-21 19:08:56,232] {scheduler_job.py:633} INFO - Processing file /home/airflow/.local/lib/python3.6/site-packages/airflow/example_dags/example_external_task_marker_dag.py for tasks to queue
[2021-06-21 19:08:56,233] {logging_mixin.py:104} INFO - [2021-06-21 19:08:56,233] {dagbag.py:487} INFO - Filling up the DagBag from /home/airflow/.local/lib/python3.6/site-packages/airflow/example_dags/example_external_task_marker_dag.py
[2021-06-21 19:08:56,249] {scheduler_job.py:643} INFO - DAG(s) dict_keys(['example_external_task_marker_parent', 'example_external_task_marker_child']) retrieved from /home/airflow/.local/lib/python3.6/site-packages/airflow/example_dags/example_external_task_marker_dag.py
[2021-06-21 19:08:56,270] {logging_mixin.py:104} INFO - [2021-06-21 19:08:56,270] {dag.py:1832} INFO - Sync 2 DAGs
[2021-06-21 19:08:56,285] {logging_mixin.py:104} INFO - [2021-06-21 19:08:56,285] {dag.py:2305} INFO - Setting next_dagrun for example_external_task_marker_child to None
[2021-06-21 19:08:56,286] {logging_mixin.py:104} INFO - [2021-06-21 19:08:56,286] {dag.py:2305} INFO - Setting next_dagrun for example_external_task_marker_parent to None
[2021-06-21 19:08:56,294] {scheduler_job.py:190} INFO - Processing /home/airflow/.local/lib/python3.6/site-packages/airflow/example_dags/example_external_task_marker_dag.py took 0.074 seconds
[2021-06-21 19:09:26,602] {scheduler_job.py:182} INFO - Started process (PID=1423) to work on /home/airflow/.local/lib/python3.6/site-packages/airflow/example_dags/example_external_task_marker_dag.py
[2021-06-21 19:09:26,603] {scheduler_job.py:633} INFO - Processing file /home/airflow/.local/lib/python3.6/site-packages/airflow/example_dags/example_external_task_marker_dag.py for tasks to queue
[2021-06-21 19:09:26,604] {logging_mixin.py:104} INFO - [2021-06-21 19:09:26,604] {dagbag.py:487} INFO - Filling up the DagBag from /home/airflow/.local/lib/python3.6/site-packages/airflow/example_dags/example_external_task_marker_dag.py
[2021-06-21 19:09:26,620] {scheduler_job.py:643} INFO - DAG(s) dict_keys(['example_external_task_marker_parent', 'example_external_task_marker_child']) retrieved from /home/airflow/.local/lib/python3.6/site-packages/airflow/example_dags/example_external_task_marker_dag.py
[2021-06-21 19:09:26,644] {logging_mixin.py:104} INFO - [2021-06-21 19:09:26,644] {dag.py:1832} INFO - Sync 2 DAGs
[2021-06-21 19:09:26,659] {logging_mixin.py:104} INFO - [2021-06-21 19:09:26,659] {dag.py:2305} INFO - Setting next_dagrun for example_external_task_marker_child to None
[2021-06-21 19:09:26,660] {logging_mixin.py:104} INFO - [2021-06-21 19:09:26,660] {dag.py:2305} INFO - Setting next_dagrun for example_external_task_marker_parent to None
[2021-06-21 19:09:26,669] {scheduler_job.py:190} INFO - Processing /home/airflow/.local/lib/python3.6/site-packages/airflow/example_dags/example_external_task_marker_dag.py took 0.071 seconds
[2021-06-21 19:09:57,338] {scheduler_job.py:182} INFO - Started process (PID=1496) to work on /home/airflow/.local/lib/python3.6/site-packages/airflow/example_dags/example_external_task_marker_dag.py
[2021-06-21 19:09:57,341] {scheduler_job.py:633} INFO - Processing file /home/airflow/.local/lib/python3.6/site-packages/airflow/example_dags/example_external_task_marker_dag.py for tasks to queue
[2021-06-21 19:09:57,342] {logging_mixin.py:104} INFO - [2021-06-21 19:09:57,342] {dagbag.py:487} INFO - Filling up the DagBag from /home/airflow/.local/lib/python3.6/site-packages/airflow/example_dags/example_external_task_marker_dag.py
[2021-06-21 19:09:57,358] {scheduler_job.py:643} INFO - DAG(s) dict_keys(['example_external_task_marker_parent', 'example_external_task_marker_child']) retrieved from /home/airflow/.local/lib/python3.6/site-packages/airflow/example_dags/example_external_task_marker_dag.py
[2021-06-21 19:09:57,378] {logging_mixin.py:104} INFO - [2021-06-21 19:09:57,378] {dag.py:1832} INFO - Sync 2 DAGs
[2021-06-21 19:09:57,392] {logging_mixin.py:104} INFO - [2021-06-21 19:09:57,392] {dag.py:2305} INFO - Setting next_dagrun for example_external_task_marker_child to None
[2021-06-21 19:09:57,393] {logging_mixin.py:104} INFO - [2021-06-21 19:09:57,393] {dag.py:2305} INFO - Setting next_dagrun for example_external_task_marker_parent to None
[2021-06-21 19:09:57,426] {scheduler_job.py:190} INFO - Processing /home/airflow/.local/lib/python3.6/site-packages/airflow/example_dags/example_external_task_marker_dag.py took 0.097 seconds
[2021-06-21 19:10:27,716] {scheduler_job.py:182} INFO - Started process (PID=1560) to work on /home/airflow/.local/lib/python3.6/site-packages/airflow/example_dags/example_external_task_marker_dag.py
[2021-06-21 19:10:27,717] {scheduler_job.py:633} INFO - Processing file /home/airflow/.local/lib/python3.6/site-packages/airflow/example_dags/example_external_task_marker_dag.py for tasks to queue
[2021-06-21 19:10:27,718] {logging_mixin.py:104} INFO - [2021-06-21 19:10:27,718] {dagbag.py:487} INFO - Filling up the DagBag from /home/airflow/.local/lib/python3.6/site-packages/airflow/example_dags/example_external_task_marker_dag.py
[2021-06-21 19:10:27,737] {scheduler_job.py:643} INFO - DAG(s) dict_keys(['example_external_task_marker_parent', 'example_external_task_marker_child']) retrieved from /home/airflow/.local/lib/python3.6/site-packages/airflow/example_dags/example_external_task_marker_dag.py
[2021-06-21 19:10:27,782] {logging_mixin.py:104} INFO - [2021-06-21 19:10:27,782] {dag.py:1832} INFO - Sync 2 DAGs
[2021-06-21 19:10:27,808] {logging_mixin.py:104} INFO - [2021-06-21 19:10:27,808] {dag.py:2305} INFO - Setting next_dagrun for example_external_task_marker_child to None
[2021-06-21 19:10:27,810] {logging_mixin.py:104} INFO - [2021-06-21 19:10:27,809] {dag.py:2305} INFO - Setting next_dagrun for example_external_task_marker_parent to None
[2021-06-21 19:10:27,847] {scheduler_job.py:190} INFO - Processing /home/airflow/.local/lib/python3.6/site-packages/airflow/example_dags/example_external_task_marker_dag.py took 0.134 seconds
[2021-06-21 19:10:58,267] {scheduler_job.py:182} INFO - Started process (PID=1642) to work on /home/airflow/.local/lib/python3.6/site-packages/airflow/example_dags/example_external_task_marker_dag.py
[2021-06-21 19:10:58,268] {scheduler_job.py:633} INFO - Processing file /home/airflow/.local/lib/python3.6/site-packages/airflow/example_dags/example_external_task_marker_dag.py for tasks to queue
[2021-06-21 19:10:58,268] {logging_mixin.py:104} INFO - [2021-06-21 19:10:58,268] {dagbag.py:487} INFO - Filling up the DagBag from /home/airflow/.local/lib/python3.6/site-packages/airflow/example_dags/example_external_task_marker_dag.py
[2021-06-21 19:10:58,279] {scheduler_job.py:643} INFO - DAG(s) dict_keys(['example_external_task_marker_parent', 'example_external_task_marker_child']) retrieved from /home/airflow/.local/lib/python3.6/site-packages/airflow/example_dags/example_external_task_marker_dag.py
[2021-06-21 19:10:58,301] {logging_mixin.py:104} INFO - [2021-06-21 19:10:58,300] {dag.py:1832} INFO - Sync 2 DAGs
[2021-06-21 19:10:58,316] {logging_mixin.py:104} INFO - [2021-06-21 19:10:58,316] {dag.py:2305} INFO - Setting next_dagrun for example_external_task_marker_child to None
[2021-06-21 19:10:58,317] {logging_mixin.py:104} INFO - [2021-06-21 19:10:58,317] {dag.py:2305} INFO - Setting next_dagrun for example_external_task_marker_parent to None
[2021-06-21 19:10:58,345] {scheduler_job.py:190} INFO - Processing /home/airflow/.local/lib/python3.6/site-packages/airflow/example_dags/example_external_task_marker_dag.py took 0.080 seconds
[2021-06-21 19:11:28,533] {scheduler_job.py:182} INFO - Started process (PID=1706) to work on /home/airflow/.local/lib/python3.6/site-packages/airflow/example_dags/example_external_task_marker_dag.py
[2021-06-21 19:11:28,535] {scheduler_job.py:633} INFO - Processing file /home/airflow/.local/lib/python3.6/site-packages/airflow/example_dags/example_external_task_marker_dag.py for tasks to queue
[2021-06-21 19:11:28,536] {logging_mixin.py:104} INFO - [2021-06-21 19:11:28,536] {dagbag.py:487} INFO - Filling up the DagBag from /home/airflow/.local/lib/python3.6/site-packages/airflow/example_dags/example_external_task_marker_dag.py
[2021-06-21 19:11:28,554] {scheduler_job.py:643} INFO - DAG(s) dict_keys(['example_external_task_marker_parent', 'example_external_task_marker_child']) retrieved from /home/airflow/.local/lib/python3.6/site-packages/airflow/example_dags/example_external_task_marker_dag.py
[2021-06-21 19:11:28,577] {logging_mixin.py:104} INFO - [2021-06-21 19:11:28,577] {dag.py:1832} INFO - Sync 2 DAGs
[2021-06-21 19:11:28,592] {logging_mixin.py:104} INFO - [2021-06-21 19:11:28,592] {dag.py:2305} INFO - Setting next_dagrun for example_external_task_marker_child to None
[2021-06-21 19:11:28,593] {logging_mixin.py:104} INFO - [2021-06-21 19:11:28,593] {dag.py:2305} INFO - Setting next_dagrun for example_external_task_marker_parent to None
[2021-06-21 19:11:28,628] {scheduler_job.py:190} INFO - Processing /home/airflow/.local/lib/python3.6/site-packages/airflow/example_dags/example_external_task_marker_dag.py took 0.104 seconds
[2021-06-21 19:11:58,743] {scheduler_job.py:182} INFO - Started process (PID=1788) to work on /home/airflow/.local/lib/python3.6/site-packages/airflow/example_dags/example_external_task_marker_dag.py
[2021-06-21 19:11:58,745] {scheduler_job.py:633} INFO - Processing file /home/airflow/.local/lib/python3.6/site-packages/airflow/example_dags/example_external_task_marker_dag.py for tasks to queue
[2021-06-21 19:11:58,745] {logging_mixin.py:104} INFO - [2021-06-21 19:11:58,745] {dagbag.py:487} INFO - Filling up the DagBag from /home/airflow/.local/lib/python3.6/site-packages/airflow/example_dags/example_external_task_marker_dag.py
[2021-06-21 19:11:58,754] {scheduler_job.py:643} INFO - DAG(s) dict_keys(['example_external_task_marker_parent', 'example_external_task_marker_child']) retrieved from /home/airflow/.local/lib/python3.6/site-packages/airflow/example_dags/example_external_task_marker_dag.py
[2021-06-21 19:11:58,779] {logging_mixin.py:104} INFO - [2021-06-21 19:11:58,779] {dag.py:1832} INFO - Sync 2 DAGs
[2021-06-21 19:11:58,796] {logging_mixin.py:104} INFO - [2021-06-21 19:11:58,796] {dag.py:2305} INFO - Setting next_dagrun for example_external_task_marker_child to None
[2021-06-21 19:11:58,797] {logging_mixin.py:104} INFO - [2021-06-21 19:11:58,796] {dag.py:2305} INFO - Setting next_dagrun for example_external_task_marker_parent to None
[2021-06-21 19:11:58,805] {scheduler_job.py:190} INFO - Processing /home/airflow/.local/lib/python3.6/site-packages/airflow/example_dags/example_external_task_marker_dag.py took 0.063 seconds
[2021-06-21 19:12:28,942] {scheduler_job.py:182} INFO - Started process (PID=1852) to work on /home/airflow/.local/lib/python3.6/site-packages/airflow/example_dags/example_external_task_marker_dag.py
[2021-06-21 19:12:28,943] {scheduler_job.py:633} INFO - Processing file /home/airflow/.local/lib/python3.6/site-packages/airflow/example_dags/example_external_task_marker_dag.py for tasks to queue
[2021-06-21 19:12:28,943] {logging_mixin.py:104} INFO - [2021-06-21 19:12:28,943] {dagbag.py:487} INFO - Filling up the DagBag from /home/airflow/.local/lib/python3.6/site-packages/airflow/example_dags/example_external_task_marker_dag.py
[2021-06-21 19:12:28,954] {scheduler_job.py:643} INFO - DAG(s) dict_keys(['example_external_task_marker_parent', 'example_external_task_marker_child']) retrieved from /home/airflow/.local/lib/python3.6/site-packages/airflow/example_dags/example_external_task_marker_dag.py
[2021-06-21 19:12:28,978] {logging_mixin.py:104} INFO - [2021-06-21 19:12:28,978] {dag.py:1832} INFO - Sync 2 DAGs
[2021-06-21 19:12:28,994] {logging_mixin.py:104} INFO - [2021-06-21 19:12:28,994] {dag.py:2305} INFO - Setting next_dagrun for example_external_task_marker_child to None
[2021-06-21 19:12:28,995] {logging_mixin.py:104} INFO - [2021-06-21 19:12:28,995] {dag.py:2305} INFO - Setting next_dagrun for example_external_task_marker_parent to None
[2021-06-21 19:12:29,005] {scheduler_job.py:190} INFO - Processing /home/airflow/.local/lib/python3.6/site-packages/airflow/example_dags/example_external_task_marker_dag.py took 0.066 seconds
[2021-06-21 19:12:59,742] {scheduler_job.py:182} INFO - Started process (PID=1933) to work on /home/airflow/.local/lib/python3.6/site-packages/airflow/example_dags/example_external_task_marker_dag.py
[2021-06-21 19:12:59,743] {scheduler_job.py:633} INFO - Processing file /home/airflow/.local/lib/python3.6/site-packages/airflow/example_dags/example_external_task_marker_dag.py for tasks to queue
[2021-06-21 19:12:59,743] {logging_mixin.py:104} INFO - [2021-06-21 19:12:59,743] {dagbag.py:487} INFO - Filling up the DagBag from /home/airflow/.local/lib/python3.6/site-packages/airflow/example_dags/example_external_task_marker_dag.py
[2021-06-21 19:12:59,755] {scheduler_job.py:643} INFO - DAG(s) dict_keys(['example_external_task_marker_parent', 'example_external_task_marker_child']) retrieved from /home/airflow/.local/lib/python3.6/site-packages/airflow/example_dags/example_external_task_marker_dag.py
[2021-06-21 19:12:59,781] {logging_mixin.py:104} INFO - [2021-06-21 19:12:59,781] {dag.py:1832} INFO - Sync 2 DAGs
[2021-06-21 19:12:59,799] {logging_mixin.py:104} INFO - [2021-06-21 19:12:59,799] {dag.py:2305} INFO - Setting next_dagrun for example_external_task_marker_child to None
[2021-06-21 19:12:59,800] {logging_mixin.py:104} INFO - [2021-06-21 19:12:59,800] {dag.py:2305} INFO - Setting next_dagrun for example_external_task_marker_parent to None
[2021-06-21 19:12:59,814] {scheduler_job.py:190} INFO - Processing /home/airflow/.local/lib/python3.6/site-packages/airflow/example_dags/example_external_task_marker_dag.py took 0.075 seconds
[2021-06-21 19:13:30,702] {scheduler_job.py:182} INFO - Started process (PID=2000) to work on /home/airflow/.local/lib/python3.6/site-packages/airflow/example_dags/example_external_task_marker_dag.py
[2021-06-21 19:13:30,703] {scheduler_job.py:633} INFO - Processing file /home/airflow/.local/lib/python3.6/site-packages/airflow/example_dags/example_external_task_marker_dag.py for tasks to queue
[2021-06-21 19:13:30,704] {logging_mixin.py:104} INFO - [2021-06-21 19:13:30,703] {dagbag.py:487} INFO - Filling up the DagBag from /home/airflow/.local/lib/python3.6/site-packages/airflow/example_dags/example_external_task_marker_dag.py
[2021-06-21 19:13:30,716] {scheduler_job.py:643} INFO - DAG(s) dict_keys(['example_external_task_marker_parent', 'example_external_task_marker_child']) retrieved from /home/airflow/.local/lib/python3.6/site-packages/airflow/example_dags/example_external_task_marker_dag.py
[2021-06-21 19:13:30,985] {logging_mixin.py:104} INFO - [2021-06-21 19:13:30,984] {dag.py:1832} INFO - Sync 2 DAGs
[2021-06-21 19:13:31,008] {logging_mixin.py:104} INFO - [2021-06-21 19:13:31,008] {dag.py:2305} INFO - Setting next_dagrun for example_external_task_marker_child to None
[2021-06-21 19:13:31,009] {logging_mixin.py:104} INFO - [2021-06-21 19:13:31,009] {dag.py:2305} INFO - Setting next_dagrun for example_external_task_marker_parent to None
[2021-06-21 19:13:31,028] {scheduler_job.py:190} INFO - Processing /home/airflow/.local/lib/python3.6/site-packages/airflow/example_dags/example_external_task_marker_dag.py took 0.330 seconds
[2021-06-21 19:14:01,720] {scheduler_job.py:182} INFO - Started process (PID=2083) to work on /home/airflow/.local/lib/python3.6/site-packages/airflow/example_dags/example_external_task_marker_dag.py
[2021-06-21 19:14:01,722] {scheduler_job.py:633} INFO - Processing file /home/airflow/.local/lib/python3.6/site-packages/airflow/example_dags/example_external_task_marker_dag.py for tasks to queue
[2021-06-21 19:14:01,723] {logging_mixin.py:104} INFO - [2021-06-21 19:14:01,722] {dagbag.py:487} INFO - Filling up the DagBag from /home/airflow/.local/lib/python3.6/site-packages/airflow/example_dags/example_external_task_marker_dag.py
[2021-06-21 19:14:01,742] {scheduler_job.py:643} INFO - DAG(s) dict_keys(['example_external_task_marker_parent', 'example_external_task_marker_child']) retrieved from /home/airflow/.local/lib/python3.6/site-packages/airflow/example_dags/example_external_task_marker_dag.py
[2021-06-21 19:14:01,928] {logging_mixin.py:104} INFO - [2021-06-21 19:14:01,928] {dag.py:1832} INFO - Sync 2 DAGs
[2021-06-21 19:14:01,940] {logging_mixin.py:104} INFO - [2021-06-21 19:14:01,940] {dag.py:2305} INFO - Setting next_dagrun for example_external_task_marker_child to None
[2021-06-21 19:14:01,940] {logging_mixin.py:104} INFO - [2021-06-21 19:14:01,940] {dag.py:2305} INFO - Setting next_dagrun for example_external_task_marker_parent to None
[2021-06-21 19:14:01,949] {scheduler_job.py:190} INFO - Processing /home/airflow/.local/lib/python3.6/site-packages/airflow/example_dags/example_external_task_marker_dag.py took 0.235 seconds
[2021-06-21 19:14:32,559] {scheduler_job.py:182} INFO - Started process (PID=2147) to work on /home/airflow/.local/lib/python3.6/site-packages/airflow/example_dags/example_external_task_marker_dag.py
[2021-06-21 19:14:32,561] {scheduler_job.py:633} INFO - Processing file /home/airflow/.local/lib/python3.6/site-packages/airflow/example_dags/example_external_task_marker_dag.py for tasks to queue
[2021-06-21 19:14:32,563] {logging_mixin.py:104} INFO - [2021-06-21 19:14:32,563] {dagbag.py:487} INFO - Filling up the DagBag from /home/airflow/.local/lib/python3.6/site-packages/airflow/example_dags/example_external_task_marker_dag.py
[2021-06-21 19:14:32,585] {scheduler_job.py:643} INFO - DAG(s) dict_keys(['example_external_task_marker_parent', 'example_external_task_marker_child']) retrieved from /home/airflow/.local/lib/python3.6/site-packages/airflow/example_dags/example_external_task_marker_dag.py
[2021-06-21 19:14:32,609] {logging_mixin.py:104} INFO - [2021-06-21 19:14:32,609] {dag.py:1832} INFO - Sync 2 DAGs
[2021-06-21 19:14:32,625] {logging_mixin.py:104} INFO - [2021-06-21 19:14:32,625] {dag.py:2305} INFO - Setting next_dagrun for example_external_task_marker_child to None
[2021-06-21 19:14:32,626] {logging_mixin.py:104} INFO - [2021-06-21 19:14:32,626] {dag.py:2305} INFO - Setting next_dagrun for example_external_task_marker_parent to None
[2021-06-21 19:14:32,634] {scheduler_job.py:190} INFO - Processing /home/airflow/.local/lib/python3.6/site-packages/airflow/example_dags/example_external_task_marker_dag.py took 0.084 seconds
[2021-06-21 19:15:03,163] {scheduler_job.py:182} INFO - Started process (PID=2227) to work on /home/airflow/.local/lib/python3.6/site-packages/airflow/example_dags/example_external_task_marker_dag.py
[2021-06-21 19:15:03,164] {scheduler_job.py:633} INFO - Processing file /home/airflow/.local/lib/python3.6/site-packages/airflow/example_dags/example_external_task_marker_dag.py for tasks to queue
[2021-06-21 19:15:03,165] {logging_mixin.py:104} INFO - [2021-06-21 19:15:03,165] {dagbag.py:487} INFO - Filling up the DagBag from /home/airflow/.local/lib/python3.6/site-packages/airflow/example_dags/example_external_task_marker_dag.py
[2021-06-21 19:15:03,174] {scheduler_job.py:643} INFO - DAG(s) dict_keys(['example_external_task_marker_parent', 'example_external_task_marker_child']) retrieved from /home/airflow/.local/lib/python3.6/site-packages/airflow/example_dags/example_external_task_marker_dag.py
[2021-06-21 19:15:03,195] {logging_mixin.py:104} INFO - [2021-06-21 19:15:03,195] {dag.py:1832} INFO - Sync 2 DAGs
[2021-06-21 19:15:03,210] {logging_mixin.py:104} INFO - [2021-06-21 19:15:03,210] {dag.py:2305} INFO - Setting next_dagrun for example_external_task_marker_child to None
[2021-06-21 19:15:03,211] {logging_mixin.py:104} INFO - [2021-06-21 19:15:03,211] {dag.py:2305} INFO - Setting next_dagrun for example_external_task_marker_parent to None
[2021-06-21 19:15:03,220] {scheduler_job.py:190} INFO - Processing /home/airflow/.local/lib/python3.6/site-packages/airflow/example_dags/example_external_task_marker_dag.py took 0.059 seconds
[2021-06-21 19:15:34,022] {scheduler_job.py:182} INFO - Started process (PID=2301) to work on /home/airflow/.local/lib/python3.6/site-packages/airflow/example_dags/example_external_task_marker_dag.py
[2021-06-21 19:15:34,026] {scheduler_job.py:633} INFO - Processing file /home/airflow/.local/lib/python3.6/site-packages/airflow/example_dags/example_external_task_marker_dag.py for tasks to queue
[2021-06-21 19:15:34,028] {logging_mixin.py:104} INFO - [2021-06-21 19:15:34,027] {dagbag.py:487} INFO - Filling up the DagBag from /home/airflow/.local/lib/python3.6/site-packages/airflow/example_dags/example_external_task_marker_dag.py
[2021-06-21 19:15:34,051] {scheduler_job.py:643} INFO - DAG(s) dict_keys(['example_external_task_marker_parent', 'example_external_task_marker_child']) retrieved from /home/airflow/.local/lib/python3.6/site-packages/airflow/example_dags/example_external_task_marker_dag.py
[2021-06-21 19:15:34,234] {logging_mixin.py:104} INFO - [2021-06-21 19:15:34,234] {dag.py:1832} INFO - Sync 2 DAGs
[2021-06-21 19:15:34,245] {logging_mixin.py:104} INFO - [2021-06-21 19:15:34,245] {dag.py:2305} INFO - Setting next_dagrun for example_external_task_marker_child to None
[2021-06-21 19:15:34,246] {logging_mixin.py:104} INFO - [2021-06-21 19:15:34,246] {dag.py:2305} INFO - Setting next_dagrun for example_external_task_marker_parent to None
[2021-06-21 19:15:34,254] {scheduler_job.py:190} INFO - Processing /home/airflow/.local/lib/python3.6/site-packages/airflow/example_dags/example_external_task_marker_dag.py took 0.241 seconds
[2021-06-21 19:16:04,822] {scheduler_job.py:182} INFO - Started process (PID=2382) to work on /home/airflow/.local/lib/python3.6/site-packages/airflow/example_dags/example_external_task_marker_dag.py
[2021-06-21 19:16:04,824] {scheduler_job.py:633} INFO - Processing file /home/airflow/.local/lib/python3.6/site-packages/airflow/example_dags/example_external_task_marker_dag.py for tasks to queue
[2021-06-21 19:16:04,826] {logging_mixin.py:104} INFO - [2021-06-21 19:16:04,826] {dagbag.py:487} INFO - Filling up the DagBag from /home/airflow/.local/lib/python3.6/site-packages/airflow/example_dags/example_external_task_marker_dag.py
[2021-06-21 19:16:04,849] {scheduler_job.py:643} INFO - DAG(s) dict_keys(['example_external_task_marker_parent', 'example_external_task_marker_child']) retrieved from /home/airflow/.local/lib/python3.6/site-packages/airflow/example_dags/example_external_task_marker_dag.py
[2021-06-21 19:16:05,073] {logging_mixin.py:104} INFO - [2021-06-21 19:16:05,072] {dag.py:1832} INFO - Sync 2 DAGs
[2021-06-21 19:16:05,086] {logging_mixin.py:104} INFO - [2021-06-21 19:16:05,085] {dag.py:2305} INFO - Setting next_dagrun for example_external_task_marker_child to None
[2021-06-21 19:16:05,086] {logging_mixin.py:104} INFO - [2021-06-21 19:16:05,086] {dag.py:2305} INFO - Setting next_dagrun for example_external_task_marker_parent to None
[2021-06-21 19:16:05,096] {scheduler_job.py:190} INFO - Processing /home/airflow/.local/lib/python3.6/site-packages/airflow/example_dags/example_external_task_marker_dag.py took 0.286 seconds
[2021-06-21 19:16:35,803] {scheduler_job.py:182} INFO - Started process (PID=2455) to work on /home/airflow/.local/lib/python3.6/site-packages/airflow/example_dags/example_external_task_marker_dag.py
[2021-06-21 19:16:35,803] {scheduler_job.py:633} INFO - Processing file /home/airflow/.local/lib/python3.6/site-packages/airflow/example_dags/example_external_task_marker_dag.py for tasks to queue
[2021-06-21 19:16:35,804] {logging_mixin.py:104} INFO - [2021-06-21 19:16:35,804] {dagbag.py:487} INFO - Filling up the DagBag from /home/airflow/.local/lib/python3.6/site-packages/airflow/example_dags/example_external_task_marker_dag.py
[2021-06-21 19:16:35,813] {scheduler_job.py:643} INFO - DAG(s) dict_keys(['example_external_task_marker_parent', 'example_external_task_marker_child']) retrieved from /home/airflow/.local/lib/python3.6/site-packages/airflow/example_dags/example_external_task_marker_dag.py
[2021-06-21 19:16:35,834] {logging_mixin.py:104} INFO - [2021-06-21 19:16:35,834] {dag.py:1832} INFO - Sync 2 DAGs
[2021-06-21 19:16:35,847] {logging_mixin.py:104} INFO - [2021-06-21 19:16:35,847] {dag.py:2305} INFO - Setting next_dagrun for example_external_task_marker_child to None
[2021-06-21 19:16:35,848] {logging_mixin.py:104} INFO - [2021-06-21 19:16:35,848] {dag.py:2305} INFO - Setting next_dagrun for example_external_task_marker_parent to None
[2021-06-21 19:16:35,881] {scheduler_job.py:190} INFO - Processing /home/airflow/.local/lib/python3.6/site-packages/airflow/example_dags/example_external_task_marker_dag.py took 0.081 seconds
[2021-06-21 19:17:06,033] {scheduler_job.py:182} INFO - Started process (PID=2528) to work on /home/airflow/.local/lib/python3.6/site-packages/airflow/example_dags/example_external_task_marker_dag.py
[2021-06-21 19:17:06,038] {scheduler_job.py:633} INFO - Processing file /home/airflow/.local/lib/python3.6/site-packages/airflow/example_dags/example_external_task_marker_dag.py for tasks to queue
[2021-06-21 19:17:06,040] {logging_mixin.py:104} INFO - [2021-06-21 19:17:06,039] {dagbag.py:487} INFO - Filling up the DagBag from /home/airflow/.local/lib/python3.6/site-packages/airflow/example_dags/example_external_task_marker_dag.py
[2021-06-21 19:17:06,061] {scheduler_job.py:643} INFO - DAG(s) dict_keys(['example_external_task_marker_parent', 'example_external_task_marker_child']) retrieved from /home/airflow/.local/lib/python3.6/site-packages/airflow/example_dags/example_external_task_marker_dag.py
[2021-06-21 19:17:06,085] {logging_mixin.py:104} INFO - [2021-06-21 19:17:06,084] {dag.py:1832} INFO - Sync 2 DAGs
[2021-06-21 19:17:06,110] {logging_mixin.py:104} INFO - [2021-06-21 19:17:06,110] {dag.py:2305} INFO - Setting next_dagrun for example_external_task_marker_child to None
[2021-06-21 19:17:06,111] {logging_mixin.py:104} INFO - [2021-06-21 19:17:06,111] {dag.py:2305} INFO - Setting next_dagrun for example_external_task_marker_parent to None
[2021-06-21 19:17:06,189] {scheduler_job.py:190} INFO - Processing /home/airflow/.local/lib/python3.6/site-packages/airflow/example_dags/example_external_task_marker_dag.py took 0.166 seconds
[2021-06-21 19:17:36,383] {scheduler_job.py:182} INFO - Started process (PID=2601) to work on /home/airflow/.local/lib/python3.6/site-packages/airflow/example_dags/example_external_task_marker_dag.py
[2021-06-21 19:17:36,384] {scheduler_job.py:633} INFO - Processing file /home/airflow/.local/lib/python3.6/site-packages/airflow/example_dags/example_external_task_marker_dag.py for tasks to queue
[2021-06-21 19:17:36,384] {logging_mixin.py:104} INFO - [2021-06-21 19:17:36,384] {dagbag.py:487} INFO - Filling up the DagBag from /home/airflow/.local/lib/python3.6/site-packages/airflow/example_dags/example_external_task_marker_dag.py
[2021-06-21 19:17:36,396] {scheduler_job.py:643} INFO - DAG(s) dict_keys(['example_external_task_marker_parent', 'example_external_task_marker_child']) retrieved from /home/airflow/.local/lib/python3.6/site-packages/airflow/example_dags/example_external_task_marker_dag.py
[2021-06-21 19:17:36,640] {logging_mixin.py:104} INFO - [2021-06-21 19:17:36,640] {dag.py:1832} INFO - Sync 2 DAGs
[2021-06-21 19:17:36,654] {logging_mixin.py:104} INFO - [2021-06-21 19:17:36,654] {dag.py:2305} INFO - Setting next_dagrun for example_external_task_marker_child to None
[2021-06-21 19:17:36,655] {logging_mixin.py:104} INFO - [2021-06-21 19:17:36,655] {dag.py:2305} INFO - Setting next_dagrun for example_external_task_marker_parent to None
[2021-06-21 19:17:36,682] {scheduler_job.py:190} INFO - Processing /home/airflow/.local/lib/python3.6/site-packages/airflow/example_dags/example_external_task_marker_dag.py took 0.303 seconds
[2021-06-21 19:18:06,794] {scheduler_job.py:182} INFO - Started process (PID=2677) to work on /home/airflow/.local/lib/python3.6/site-packages/airflow/example_dags/example_external_task_marker_dag.py
[2021-06-21 19:18:06,797] {scheduler_job.py:633} INFO - Processing file /home/airflow/.local/lib/python3.6/site-packages/airflow/example_dags/example_external_task_marker_dag.py for tasks to queue
[2021-06-21 19:18:06,799] {logging_mixin.py:104} INFO - [2021-06-21 19:18:06,799] {dagbag.py:487} INFO - Filling up the DagBag from /home/airflow/.local/lib/python3.6/site-packages/airflow/example_dags/example_external_task_marker_dag.py
[2021-06-21 19:18:06,823] {scheduler_job.py:643} INFO - DAG(s) dict_keys(['example_external_task_marker_parent', 'example_external_task_marker_child']) retrieved from /home/airflow/.local/lib/python3.6/site-packages/airflow/example_dags/example_external_task_marker_dag.py
[2021-06-21 19:18:07,001] {logging_mixin.py:104} INFO - [2021-06-21 19:18:07,001] {dag.py:1832} INFO - Sync 2 DAGs
[2021-06-21 19:18:07,012] {logging_mixin.py:104} INFO - [2021-06-21 19:18:07,012] {dag.py:2305} INFO - Setting next_dagrun for example_external_task_marker_child to None
[2021-06-21 19:18:07,013] {logging_mixin.py:104} INFO - [2021-06-21 19:18:07,013] {dag.py:2305} INFO - Setting next_dagrun for example_external_task_marker_parent to None
[2021-06-21 19:18:07,038] {scheduler_job.py:190} INFO - Processing /home/airflow/.local/lib/python3.6/site-packages/airflow/example_dags/example_external_task_marker_dag.py took 0.253 seconds
[2021-06-21 19:18:37,187] {scheduler_job.py:182} INFO - Started process (PID=2749) to work on /home/airflow/.local/lib/python3.6/site-packages/airflow/example_dags/example_external_task_marker_dag.py
[2021-06-21 19:18:37,188] {scheduler_job.py:633} INFO - Processing file /home/airflow/.local/lib/python3.6/site-packages/airflow/example_dags/example_external_task_marker_dag.py for tasks to queue
[2021-06-21 19:18:37,189] {logging_mixin.py:104} INFO - [2021-06-21 19:18:37,189] {dagbag.py:487} INFO - Filling up the DagBag from /home/airflow/.local/lib/python3.6/site-packages/airflow/example_dags/example_external_task_marker_dag.py
[2021-06-21 19:18:37,203] {scheduler_job.py:643} INFO - DAG(s) dict_keys(['example_external_task_marker_parent', 'example_external_task_marker_child']) retrieved from /home/airflow/.local/lib/python3.6/site-packages/airflow/example_dags/example_external_task_marker_dag.py
[2021-06-21 19:18:37,491] {logging_mixin.py:104} INFO - [2021-06-21 19:18:37,491] {dag.py:1832} INFO - Sync 2 DAGs
[2021-06-21 19:18:37,508] {logging_mixin.py:104} INFO - [2021-06-21 19:18:37,508] {dag.py:2305} INFO - Setting next_dagrun for example_external_task_marker_child to None
[2021-06-21 19:18:37,509] {logging_mixin.py:104} INFO - [2021-06-21 19:18:37,509] {dag.py:2305} INFO - Setting next_dagrun for example_external_task_marker_parent to None
[2021-06-21 19:18:37,520] {scheduler_job.py:190} INFO - Processing /home/airflow/.local/lib/python3.6/site-packages/airflow/example_dags/example_external_task_marker_dag.py took 0.336 seconds
[2021-06-21 19:19:08,152] {scheduler_job.py:182} INFO - Started process (PID=2823) to work on /home/airflow/.local/lib/python3.6/site-packages/airflow/example_dags/example_external_task_marker_dag.py
[2021-06-21 19:19:08,155] {scheduler_job.py:633} INFO - Processing file /home/airflow/.local/lib/python3.6/site-packages/airflow/example_dags/example_external_task_marker_dag.py for tasks to queue
[2021-06-21 19:19:08,156] {logging_mixin.py:104} INFO - [2021-06-21 19:19:08,156] {dagbag.py:487} INFO - Filling up the DagBag from /home/airflow/.local/lib/python3.6/site-packages/airflow/example_dags/example_external_task_marker_dag.py
[2021-06-21 19:19:08,172] {scheduler_job.py:643} INFO - DAG(s) dict_keys(['example_external_task_marker_parent', 'example_external_task_marker_child']) retrieved from /home/airflow/.local/lib/python3.6/site-packages/airflow/example_dags/example_external_task_marker_dag.py
[2021-06-21 19:19:08,378] {logging_mixin.py:104} INFO - [2021-06-21 19:19:08,378] {dag.py:1832} INFO - Sync 2 DAGs
[2021-06-21 19:19:08,389] {logging_mixin.py:104} INFO - [2021-06-21 19:19:08,389] {dag.py:2305} INFO - Setting next_dagrun for example_external_task_marker_child to None
[2021-06-21 19:19:08,390] {logging_mixin.py:104} INFO - [2021-06-21 19:19:08,390] {dag.py:2305} INFO - Setting next_dagrun for example_external_task_marker_parent to None
[2021-06-21 19:19:08,399] {scheduler_job.py:190} INFO - Processing /home/airflow/.local/lib/python3.6/site-packages/airflow/example_dags/example_external_task_marker_dag.py took 0.257 seconds
[2021-06-21 19:19:38,792] {scheduler_job.py:182} INFO - Started process (PID=2905) to work on /home/airflow/.local/lib/python3.6/site-packages/airflow/example_dags/example_external_task_marker_dag.py
[2021-06-21 19:19:38,793] {scheduler_job.py:633} INFO - Processing file /home/airflow/.local/lib/python3.6/site-packages/airflow/example_dags/example_external_task_marker_dag.py for tasks to queue
[2021-06-21 19:19:38,794] {logging_mixin.py:104} INFO - [2021-06-21 19:19:38,793] {dagbag.py:487} INFO - Filling up the DagBag from /home/airflow/.local/lib/python3.6/site-packages/airflow/example_dags/example_external_task_marker_dag.py
[2021-06-21 19:19:38,828] {scheduler_job.py:643} INFO - DAG(s) dict_keys(['example_external_task_marker_parent', 'example_external_task_marker_child']) retrieved from /home/airflow/.local/lib/python3.6/site-packages/airflow/example_dags/example_external_task_marker_dag.py
[2021-06-21 19:19:38,892] {logging_mixin.py:104} INFO - [2021-06-21 19:19:38,892] {dag.py:1832} INFO - Sync 2 DAGs
[2021-06-21 19:19:38,934] {logging_mixin.py:104} INFO - [2021-06-21 19:19:38,934] {dag.py:2305} INFO - Setting next_dagrun for example_external_task_marker_child to None
[2021-06-21 19:19:38,935] {logging_mixin.py:104} INFO - [2021-06-21 19:19:38,935] {dag.py:2305} INFO - Setting next_dagrun for example_external_task_marker_parent to None
[2021-06-21 19:19:38,951] {scheduler_job.py:190} INFO - Processing /home/airflow/.local/lib/python3.6/site-packages/airflow/example_dags/example_external_task_marker_dag.py took 0.176 seconds
[2021-06-21 19:20:09,596] {scheduler_job.py:182} INFO - Started process (PID=2969) to work on /home/airflow/.local/lib/python3.6/site-packages/airflow/example_dags/example_external_task_marker_dag.py
[2021-06-21 19:20:09,597] {scheduler_job.py:633} INFO - Processing file /home/airflow/.local/lib/python3.6/site-packages/airflow/example_dags/example_external_task_marker_dag.py for tasks to queue
[2021-06-21 19:20:09,597] {logging_mixin.py:104} INFO - [2021-06-21 19:20:09,597] {dagbag.py:487} INFO - Filling up the DagBag from /home/airflow/.local/lib/python3.6/site-packages/airflow/example_dags/example_external_task_marker_dag.py
[2021-06-21 19:20:09,608] {scheduler_job.py:643} INFO - DAG(s) dict_keys(['example_external_task_marker_parent', 'example_external_task_marker_child']) retrieved from /home/airflow/.local/lib/python3.6/site-packages/airflow/example_dags/example_external_task_marker_dag.py
[2021-06-21 19:20:09,626] {logging_mixin.py:104} INFO - [2021-06-21 19:20:09,626] {dag.py:1832} INFO - Sync 2 DAGs
[2021-06-21 19:20:09,639] {logging_mixin.py:104} INFO - [2021-06-21 19:20:09,639] {dag.py:2305} INFO - Setting next_dagrun for example_external_task_marker_child to None
[2021-06-21 19:20:09,639] {logging_mixin.py:104} INFO - [2021-06-21 19:20:09,639] {dag.py:2305} INFO - Setting next_dagrun for example_external_task_marker_parent to None
[2021-06-21 19:20:09,647] {scheduler_job.py:190} INFO - Processing /home/airflow/.local/lib/python3.6/site-packages/airflow/example_dags/example_external_task_marker_dag.py took 0.055 seconds
[2021-06-21 19:20:40,249] {scheduler_job.py:182} INFO - Started process (PID=3051) to work on /home/airflow/.local/lib/python3.6/site-packages/airflow/example_dags/example_external_task_marker_dag.py
[2021-06-21 19:20:40,251] {scheduler_job.py:633} INFO - Processing file /home/airflow/.local/lib/python3.6/site-packages/airflow/example_dags/example_external_task_marker_dag.py for tasks to queue
[2021-06-21 19:20:40,253] {logging_mixin.py:104} INFO - [2021-06-21 19:20:40,253] {dagbag.py:487} INFO - Filling up the DagBag from /home/airflow/.local/lib/python3.6/site-packages/airflow/example_dags/example_external_task_marker_dag.py
[2021-06-21 19:20:40,277] {scheduler_job.py:643} INFO - DAG(s) dict_keys(['example_external_task_marker_parent', 'example_external_task_marker_child']) retrieved from /home/airflow/.local/lib/python3.6/site-packages/airflow/example_dags/example_external_task_marker_dag.py
[2021-06-21 19:20:40,299] {logging_mixin.py:104} INFO - [2021-06-21 19:20:40,299] {dag.py:1832} INFO - Sync 2 DAGs
[2021-06-21 19:20:40,312] {logging_mixin.py:104} INFO - [2021-06-21 19:20:40,312] {dag.py:2305} INFO - Setting next_dagrun for example_external_task_marker_child to None
[2021-06-21 19:20:40,312] {logging_mixin.py:104} INFO - [2021-06-21 19:20:40,312] {dag.py:2305} INFO - Setting next_dagrun for example_external_task_marker_parent to None
[2021-06-21 19:20:40,321] {scheduler_job.py:190} INFO - Processing /home/airflow/.local/lib/python3.6/site-packages/airflow/example_dags/example_external_task_marker_dag.py took 0.080 seconds
[2021-06-21 19:21:10,897] {scheduler_job.py:182} INFO - Started process (PID=3115) to work on /home/airflow/.local/lib/python3.6/site-packages/airflow/example_dags/example_external_task_marker_dag.py
[2021-06-21 19:21:10,898] {scheduler_job.py:633} INFO - Processing file /home/airflow/.local/lib/python3.6/site-packages/airflow/example_dags/example_external_task_marker_dag.py for tasks to queue
[2021-06-21 19:21:10,899] {logging_mixin.py:104} INFO - [2021-06-21 19:21:10,899] {dagbag.py:487} INFO - Filling up the DagBag from /home/airflow/.local/lib/python3.6/site-packages/airflow/example_dags/example_external_task_marker_dag.py
[2021-06-21 19:21:10,910] {scheduler_job.py:643} INFO - DAG(s) dict_keys(['example_external_task_marker_parent', 'example_external_task_marker_child']) retrieved from /home/airflow/.local/lib/python3.6/site-packages/airflow/example_dags/example_external_task_marker_dag.py
[2021-06-21 19:21:10,936] {logging_mixin.py:104} INFO - [2021-06-21 19:21:10,936] {dag.py:1832} INFO - Sync 2 DAGs
[2021-06-21 19:21:10,952] {logging_mixin.py:104} INFO - [2021-06-21 19:21:10,952] {dag.py:2305} INFO - Setting next_dagrun for example_external_task_marker_child to None
[2021-06-21 19:21:10,953] {logging_mixin.py:104} INFO - [2021-06-21 19:21:10,953] {dag.py:2305} INFO - Setting next_dagrun for example_external_task_marker_parent to None
[2021-06-21 19:21:10,964] {scheduler_job.py:190} INFO - Processing /home/airflow/.local/lib/python3.6/site-packages/airflow/example_dags/example_external_task_marker_dag.py took 0.070 seconds
[2021-06-21 19:21:41,492] {scheduler_job.py:182} INFO - Started process (PID=3198) to work on /home/airflow/.local/lib/python3.6/site-packages/airflow/example_dags/example_external_task_marker_dag.py
[2021-06-21 19:21:41,495] {scheduler_job.py:633} INFO - Processing file /home/airflow/.local/lib/python3.6/site-packages/airflow/example_dags/example_external_task_marker_dag.py for tasks to queue
[2021-06-21 19:21:41,497] {logging_mixin.py:104} INFO - [2021-06-21 19:21:41,496] {dagbag.py:487} INFO - Filling up the DagBag from /home/airflow/.local/lib/python3.6/site-packages/airflow/example_dags/example_external_task_marker_dag.py
[2021-06-21 19:21:41,519] {scheduler_job.py:643} INFO - DAG(s) dict_keys(['example_external_task_marker_parent', 'example_external_task_marker_child']) retrieved from /home/airflow/.local/lib/python3.6/site-packages/airflow/example_dags/example_external_task_marker_dag.py
[2021-06-21 19:21:41,543] {logging_mixin.py:104} INFO - [2021-06-21 19:21:41,543] {dag.py:1832} INFO - Sync 2 DAGs
[2021-06-21 19:21:41,558] {logging_mixin.py:104} INFO - [2021-06-21 19:21:41,558] {dag.py:2305} INFO - Setting next_dagrun for example_external_task_marker_child to None
[2021-06-21 19:21:41,559] {logging_mixin.py:104} INFO - [2021-06-21 19:21:41,559] {dag.py:2305} INFO - Setting next_dagrun for example_external_task_marker_parent to None
[2021-06-21 19:21:41,566] {scheduler_job.py:190} INFO - Processing /home/airflow/.local/lib/python3.6/site-packages/airflow/example_dags/example_external_task_marker_dag.py took 0.082 seconds
[2021-06-21 19:22:12,090] {scheduler_job.py:182} INFO - Started process (PID=3262) to work on /home/airflow/.local/lib/python3.6/site-packages/airflow/example_dags/example_external_task_marker_dag.py
[2021-06-21 19:22:12,095] {scheduler_job.py:633} INFO - Processing file /home/airflow/.local/lib/python3.6/site-packages/airflow/example_dags/example_external_task_marker_dag.py for tasks to queue
[2021-06-21 19:22:12,097] {logging_mixin.py:104} INFO - [2021-06-21 19:22:12,097] {dagbag.py:487} INFO - Filling up the DagBag from /home/airflow/.local/lib/python3.6/site-packages/airflow/example_dags/example_external_task_marker_dag.py
[2021-06-21 19:22:12,116] {scheduler_job.py:643} INFO - DAG(s) dict_keys(['example_external_task_marker_parent', 'example_external_task_marker_child']) retrieved from /home/airflow/.local/lib/python3.6/site-packages/airflow/example_dags/example_external_task_marker_dag.py
[2021-06-21 19:22:12,137] {logging_mixin.py:104} INFO - [2021-06-21 19:22:12,137] {dag.py:1832} INFO - Sync 2 DAGs
[2021-06-21 19:22:12,150] {logging_mixin.py:104} INFO - [2021-06-21 19:22:12,150] {dag.py:2305} INFO - Setting next_dagrun for example_external_task_marker_child to None
[2021-06-21 19:22:12,150] {logging_mixin.py:104} INFO - [2021-06-21 19:22:12,150] {dag.py:2305} INFO - Setting next_dagrun for example_external_task_marker_parent to None
[2021-06-21 19:22:12,158] {scheduler_job.py:190} INFO - Processing /home/airflow/.local/lib/python3.6/site-packages/airflow/example_dags/example_external_task_marker_dag.py took 0.077 seconds
[2021-06-21 19:22:42,999] {scheduler_job.py:182} INFO - Started process (PID=3345) to work on /home/airflow/.local/lib/python3.6/site-packages/airflow/example_dags/example_external_task_marker_dag.py
[2021-06-21 19:22:43,001] {scheduler_job.py:633} INFO - Processing file /home/airflow/.local/lib/python3.6/site-packages/airflow/example_dags/example_external_task_marker_dag.py for tasks to queue
[2021-06-21 19:22:43,001] {logging_mixin.py:104} INFO - [2021-06-21 19:22:43,001] {dagbag.py:487} INFO - Filling up the DagBag from /home/airflow/.local/lib/python3.6/site-packages/airflow/example_dags/example_external_task_marker_dag.py
[2021-06-21 19:22:43,018] {scheduler_job.py:643} INFO - DAG(s) dict_keys(['example_external_task_marker_parent', 'example_external_task_marker_child']) retrieved from /home/airflow/.local/lib/python3.6/site-packages/airflow/example_dags/example_external_task_marker_dag.py
[2021-06-21 19:22:43,039] {logging_mixin.py:104} INFO - [2021-06-21 19:22:43,038] {dag.py:1832} INFO - Sync 2 DAGs
[2021-06-21 19:22:43,051] {logging_mixin.py:104} INFO - [2021-06-21 19:22:43,051] {dag.py:2305} INFO - Setting next_dagrun for example_external_task_marker_child to None
[2021-06-21 19:22:43,052] {logging_mixin.py:104} INFO - [2021-06-21 19:22:43,051] {dag.py:2305} INFO - Setting next_dagrun for example_external_task_marker_parent to None
[2021-06-21 19:22:43,081] {scheduler_job.py:190} INFO - Processing /home/airflow/.local/lib/python3.6/site-packages/airflow/example_dags/example_external_task_marker_dag.py took 0.089 seconds
[2021-06-21 19:23:13,303] {scheduler_job.py:182} INFO - Started process (PID=3409) to work on /home/airflow/.local/lib/python3.6/site-packages/airflow/example_dags/example_external_task_marker_dag.py
[2021-06-21 19:23:13,304] {scheduler_job.py:633} INFO - Processing file /home/airflow/.local/lib/python3.6/site-packages/airflow/example_dags/example_external_task_marker_dag.py for tasks to queue
[2021-06-21 19:23:13,304] {logging_mixin.py:104} INFO - [2021-06-21 19:23:13,304] {dagbag.py:487} INFO - Filling up the DagBag from /home/airflow/.local/lib/python3.6/site-packages/airflow/example_dags/example_external_task_marker_dag.py
[2021-06-21 19:23:13,317] {scheduler_job.py:643} INFO - DAG(s) dict_keys(['example_external_task_marker_parent', 'example_external_task_marker_child']) retrieved from /home/airflow/.local/lib/python3.6/site-packages/airflow/example_dags/example_external_task_marker_dag.py
[2021-06-21 19:23:13,350] {logging_mixin.py:104} INFO - [2021-06-21 19:23:13,350] {dag.py:1832} INFO - Sync 2 DAGs
[2021-06-21 19:23:13,367] {logging_mixin.py:104} INFO - [2021-06-21 19:23:13,367] {dag.py:2305} INFO - Setting next_dagrun for example_external_task_marker_child to None
[2021-06-21 19:23:13,368] {logging_mixin.py:104} INFO - [2021-06-21 19:23:13,368] {dag.py:2305} INFO - Setting next_dagrun for example_external_task_marker_parent to None
[2021-06-21 19:23:13,396] {scheduler_job.py:190} INFO - Processing /home/airflow/.local/lib/python3.6/site-packages/airflow/example_dags/example_external_task_marker_dag.py took 0.096 seconds
