[2021-06-21 19:00:23,956] {scheduler_job.py:182} INFO - Started process (PID=102) to work on /home/airflow/.local/lib/python3.6/site-packages/airflow/example_dags/example_branch_operator.py
[2021-06-21 19:00:23,958] {scheduler_job.py:633} INFO - Processing file /home/airflow/.local/lib/python3.6/site-packages/airflow/example_dags/example_branch_operator.py for tasks to queue
[2021-06-21 19:00:23,959] {logging_mixin.py:104} INFO - [2021-06-21 19:00:23,958] {dagbag.py:487} INFO - Filling up the DagBag from /home/airflow/.local/lib/python3.6/site-packages/airflow/example_dags/example_branch_operator.py
[2021-06-21 19:00:23,980] {scheduler_job.py:643} INFO - DAG(s) dict_keys(['example_branch_operator']) retrieved from /home/airflow/.local/lib/python3.6/site-packages/airflow/example_dags/example_branch_operator.py
[2021-06-21 19:00:27,097] {logging_mixin.py:104} INFO - [2021-06-21 19:00:27,095] {dag.py:1832} INFO - Sync 1 DAGs
[2021-06-21 19:00:27,108] {logging_mixin.py:104} INFO - [2021-06-21 19:00:27,106] {dag.py:1851} INFO - Creating ORM DAG for example_branch_operator
[2021-06-21 19:00:27,116] {logging_mixin.py:104} INFO - [2021-06-21 19:00:27,116] {dag.py:2305} INFO - Setting next_dagrun for example_branch_operator to 2021-06-19 00:00:00+00:00
[2021-06-21 19:00:27,127] {scheduler_job.py:190} INFO - Processing /home/airflow/.local/lib/python3.6/site-packages/airflow/example_dags/example_branch_operator.py took 3.175 seconds
[2021-06-21 19:00:57,522] {scheduler_job.py:182} INFO - Started process (PID=195) to work on /home/airflow/.local/lib/python3.6/site-packages/airflow/example_dags/example_branch_operator.py
[2021-06-21 19:00:57,524] {scheduler_job.py:633} INFO - Processing file /home/airflow/.local/lib/python3.6/site-packages/airflow/example_dags/example_branch_operator.py for tasks to queue
[2021-06-21 19:00:57,526] {logging_mixin.py:104} INFO - [2021-06-21 19:00:57,526] {dagbag.py:487} INFO - Filling up the DagBag from /home/airflow/.local/lib/python3.6/site-packages/airflow/example_dags/example_branch_operator.py
[2021-06-21 19:00:57,552] {scheduler_job.py:643} INFO - DAG(s) dict_keys(['example_branch_operator']) retrieved from /home/airflow/.local/lib/python3.6/site-packages/airflow/example_dags/example_branch_operator.py
[2021-06-21 19:00:57,571] {logging_mixin.py:104} INFO - [2021-06-21 19:00:57,570] {dag.py:1832} INFO - Sync 1 DAGs
[2021-06-21 19:00:57,586] {logging_mixin.py:104} INFO - [2021-06-21 19:00:57,585] {dag.py:2305} INFO - Setting next_dagrun for example_branch_operator to 2021-06-19 00:00:00+00:00
[2021-06-21 19:00:57,593] {scheduler_job.py:190} INFO - Processing /home/airflow/.local/lib/python3.6/site-packages/airflow/example_dags/example_branch_operator.py took 0.080 seconds
[2021-06-21 19:01:27,664] {scheduler_job.py:182} INFO - Started process (PID=265) to work on /home/airflow/.local/lib/python3.6/site-packages/airflow/example_dags/example_branch_operator.py
[2021-06-21 19:01:27,665] {scheduler_job.py:633} INFO - Processing file /home/airflow/.local/lib/python3.6/site-packages/airflow/example_dags/example_branch_operator.py for tasks to queue
[2021-06-21 19:01:27,665] {logging_mixin.py:104} INFO - [2021-06-21 19:01:27,665] {dagbag.py:487} INFO - Filling up the DagBag from /home/airflow/.local/lib/python3.6/site-packages/airflow/example_dags/example_branch_operator.py
[2021-06-21 19:01:27,679] {scheduler_job.py:643} INFO - DAG(s) dict_keys(['example_branch_operator']) retrieved from /home/airflow/.local/lib/python3.6/site-packages/airflow/example_dags/example_branch_operator.py
[2021-06-21 19:01:27,700] {logging_mixin.py:104} INFO - [2021-06-21 19:01:27,700] {dag.py:1832} INFO - Sync 1 DAGs
[2021-06-21 19:01:27,720] {logging_mixin.py:104} INFO - [2021-06-21 19:01:27,720] {dag.py:2305} INFO - Setting next_dagrun for example_branch_operator to 2021-06-19 00:00:00+00:00
[2021-06-21 19:01:27,733] {scheduler_job.py:190} INFO - Processing /home/airflow/.local/lib/python3.6/site-packages/airflow/example_dags/example_branch_operator.py took 0.071 seconds
[2021-06-21 19:01:57,766] {scheduler_job.py:182} INFO - Started process (PID=339) to work on /home/airflow/.local/lib/python3.6/site-packages/airflow/example_dags/example_branch_operator.py
[2021-06-21 19:01:57,768] {scheduler_job.py:633} INFO - Processing file /home/airflow/.local/lib/python3.6/site-packages/airflow/example_dags/example_branch_operator.py for tasks to queue
[2021-06-21 19:01:57,768] {logging_mixin.py:104} INFO - [2021-06-21 19:01:57,768] {dagbag.py:487} INFO - Filling up the DagBag from /home/airflow/.local/lib/python3.6/site-packages/airflow/example_dags/example_branch_operator.py
[2021-06-21 19:01:57,781] {scheduler_job.py:643} INFO - DAG(s) dict_keys(['example_branch_operator']) retrieved from /home/airflow/.local/lib/python3.6/site-packages/airflow/example_dags/example_branch_operator.py
[2021-06-21 19:01:57,803] {logging_mixin.py:104} INFO - [2021-06-21 19:01:57,803] {dag.py:1832} INFO - Sync 1 DAGs
[2021-06-21 19:01:57,819] {logging_mixin.py:104} INFO - [2021-06-21 19:01:57,819] {dag.py:2305} INFO - Setting next_dagrun for example_branch_operator to 2021-06-19 00:00:00+00:00
[2021-06-21 19:01:57,844] {scheduler_job.py:190} INFO - Processing /home/airflow/.local/lib/python3.6/site-packages/airflow/example_dags/example_branch_operator.py took 0.080 seconds
[2021-06-21 19:02:27,927] {scheduler_job.py:182} INFO - Started process (PID=411) to work on /home/airflow/.local/lib/python3.6/site-packages/airflow/example_dags/example_branch_operator.py
[2021-06-21 19:02:27,928] {scheduler_job.py:633} INFO - Processing file /home/airflow/.local/lib/python3.6/site-packages/airflow/example_dags/example_branch_operator.py for tasks to queue
[2021-06-21 19:02:27,928] {logging_mixin.py:104} INFO - [2021-06-21 19:02:27,928] {dagbag.py:487} INFO - Filling up the DagBag from /home/airflow/.local/lib/python3.6/site-packages/airflow/example_dags/example_branch_operator.py
[2021-06-21 19:02:27,940] {scheduler_job.py:643} INFO - DAG(s) dict_keys(['example_branch_operator']) retrieved from /home/airflow/.local/lib/python3.6/site-packages/airflow/example_dags/example_branch_operator.py
[2021-06-21 19:02:27,957] {logging_mixin.py:104} INFO - [2021-06-21 19:02:27,957] {dag.py:1832} INFO - Sync 1 DAGs
[2021-06-21 19:02:27,972] {logging_mixin.py:104} INFO - [2021-06-21 19:02:27,972] {dag.py:2305} INFO - Setting next_dagrun for example_branch_operator to 2021-06-19 00:00:00+00:00
[2021-06-21 19:02:28,003] {scheduler_job.py:190} INFO - Processing /home/airflow/.local/lib/python3.6/site-packages/airflow/example_dags/example_branch_operator.py took 0.078 seconds
[2021-06-21 19:02:58,559] {scheduler_job.py:182} INFO - Started process (PID=486) to work on /home/airflow/.local/lib/python3.6/site-packages/airflow/example_dags/example_branch_operator.py
[2021-06-21 19:02:58,562] {scheduler_job.py:633} INFO - Processing file /home/airflow/.local/lib/python3.6/site-packages/airflow/example_dags/example_branch_operator.py for tasks to queue
[2021-06-21 19:02:58,564] {logging_mixin.py:104} INFO - [2021-06-21 19:02:58,563] {dagbag.py:487} INFO - Filling up the DagBag from /home/airflow/.local/lib/python3.6/site-packages/airflow/example_dags/example_branch_operator.py
[2021-06-21 19:02:58,588] {scheduler_job.py:643} INFO - DAG(s) dict_keys(['example_branch_operator']) retrieved from /home/airflow/.local/lib/python3.6/site-packages/airflow/example_dags/example_branch_operator.py
[2021-06-21 19:02:58,606] {logging_mixin.py:104} INFO - [2021-06-21 19:02:58,606] {dag.py:1832} INFO - Sync 1 DAGs
[2021-06-21 19:02:58,620] {logging_mixin.py:104} INFO - [2021-06-21 19:02:58,620] {dag.py:2305} INFO - Setting next_dagrun for example_branch_operator to 2021-06-19 00:00:00+00:00
[2021-06-21 19:02:58,657] {scheduler_job.py:190} INFO - Processing /home/airflow/.local/lib/python3.6/site-packages/airflow/example_dags/example_branch_operator.py took 0.107 seconds
[2021-06-21 19:03:28,741] {scheduler_job.py:182} INFO - Started process (PID=566) to work on /home/airflow/.local/lib/python3.6/site-packages/airflow/example_dags/example_branch_operator.py
[2021-06-21 19:03:28,742] {scheduler_job.py:633} INFO - Processing file /home/airflow/.local/lib/python3.6/site-packages/airflow/example_dags/example_branch_operator.py for tasks to queue
[2021-06-21 19:03:28,743] {logging_mixin.py:104} INFO - [2021-06-21 19:03:28,743] {dagbag.py:487} INFO - Filling up the DagBag from /home/airflow/.local/lib/python3.6/site-packages/airflow/example_dags/example_branch_operator.py
[2021-06-21 19:03:28,765] {scheduler_job.py:643} INFO - DAG(s) dict_keys(['example_branch_operator']) retrieved from /home/airflow/.local/lib/python3.6/site-packages/airflow/example_dags/example_branch_operator.py
[2021-06-21 19:03:28,796] {logging_mixin.py:104} INFO - [2021-06-21 19:03:28,796] {dag.py:1832} INFO - Sync 1 DAGs
[2021-06-21 19:03:28,825] {logging_mixin.py:104} INFO - [2021-06-21 19:03:28,824] {dag.py:2305} INFO - Setting next_dagrun for example_branch_operator to 2021-06-19 00:00:00+00:00
[2021-06-21 19:03:28,862] {scheduler_job.py:190} INFO - Processing /home/airflow/.local/lib/python3.6/site-packages/airflow/example_dags/example_branch_operator.py took 0.125 seconds
[2021-06-21 19:03:58,935] {scheduler_job.py:182} INFO - Started process (PID=630) to work on /home/airflow/.local/lib/python3.6/site-packages/airflow/example_dags/example_branch_operator.py
[2021-06-21 19:03:58,938] {scheduler_job.py:633} INFO - Processing file /home/airflow/.local/lib/python3.6/site-packages/airflow/example_dags/example_branch_operator.py for tasks to queue
[2021-06-21 19:03:58,941] {logging_mixin.py:104} INFO - [2021-06-21 19:03:58,940] {dagbag.py:487} INFO - Filling up the DagBag from /home/airflow/.local/lib/python3.6/site-packages/airflow/example_dags/example_branch_operator.py
[2021-06-21 19:03:58,990] {scheduler_job.py:643} INFO - DAG(s) dict_keys(['example_branch_operator']) retrieved from /home/airflow/.local/lib/python3.6/site-packages/airflow/example_dags/example_branch_operator.py
[2021-06-21 19:03:59,052] {logging_mixin.py:104} INFO - [2021-06-21 19:03:59,052] {dag.py:1832} INFO - Sync 1 DAGs
[2021-06-21 19:03:59,078] {logging_mixin.py:104} INFO - [2021-06-21 19:03:59,078] {dag.py:2305} INFO - Setting next_dagrun for example_branch_operator to 2021-06-19 00:00:00+00:00
[2021-06-21 19:03:59,107] {scheduler_job.py:190} INFO - Processing /home/airflow/.local/lib/python3.6/site-packages/airflow/example_dags/example_branch_operator.py took 0.183 seconds
[2021-06-21 19:04:30,025] {scheduler_job.py:182} INFO - Started process (PID=710) to work on /home/airflow/.local/lib/python3.6/site-packages/airflow/example_dags/example_branch_operator.py
[2021-06-21 19:04:30,028] {scheduler_job.py:633} INFO - Processing file /home/airflow/.local/lib/python3.6/site-packages/airflow/example_dags/example_branch_operator.py for tasks to queue
[2021-06-21 19:04:30,030] {logging_mixin.py:104} INFO - [2021-06-21 19:04:30,029] {dagbag.py:487} INFO - Filling up the DagBag from /home/airflow/.local/lib/python3.6/site-packages/airflow/example_dags/example_branch_operator.py
[2021-06-21 19:04:30,074] {scheduler_job.py:643} INFO - DAG(s) dict_keys(['example_branch_operator']) retrieved from /home/airflow/.local/lib/python3.6/site-packages/airflow/example_dags/example_branch_operator.py
[2021-06-21 19:04:30,133] {logging_mixin.py:104} INFO - [2021-06-21 19:04:30,132] {dag.py:1832} INFO - Sync 1 DAGs
[2021-06-21 19:04:30,157] {logging_mixin.py:104} INFO - [2021-06-21 19:04:30,157] {dag.py:2305} INFO - Setting next_dagrun for example_branch_operator to 2021-06-19 00:00:00+00:00
[2021-06-21 19:04:30,166] {scheduler_job.py:190} INFO - Processing /home/airflow/.local/lib/python3.6/site-packages/airflow/example_dags/example_branch_operator.py took 0.149 seconds
[2021-06-21 19:05:00,288] {scheduler_job.py:182} INFO - Started process (PID=774) to work on /home/airflow/.local/lib/python3.6/site-packages/airflow/example_dags/example_branch_operator.py
[2021-06-21 19:05:00,291] {scheduler_job.py:633} INFO - Processing file /home/airflow/.local/lib/python3.6/site-packages/airflow/example_dags/example_branch_operator.py for tasks to queue
[2021-06-21 19:05:00,293] {logging_mixin.py:104} INFO - [2021-06-21 19:05:00,292] {dagbag.py:487} INFO - Filling up the DagBag from /home/airflow/.local/lib/python3.6/site-packages/airflow/example_dags/example_branch_operator.py
[2021-06-21 19:05:00,320] {scheduler_job.py:643} INFO - DAG(s) dict_keys(['example_branch_operator']) retrieved from /home/airflow/.local/lib/python3.6/site-packages/airflow/example_dags/example_branch_operator.py
[2021-06-21 19:05:00,340] {logging_mixin.py:104} INFO - [2021-06-21 19:05:00,340] {dag.py:1832} INFO - Sync 1 DAGs
[2021-06-21 19:05:00,356] {logging_mixin.py:104} INFO - [2021-06-21 19:05:00,356] {dag.py:2305} INFO - Setting next_dagrun for example_branch_operator to 2021-06-19 00:00:00+00:00
[2021-06-21 19:05:00,363] {scheduler_job.py:190} INFO - Processing /home/airflow/.local/lib/python3.6/site-packages/airflow/example_dags/example_branch_operator.py took 0.084 seconds
[2021-06-21 19:05:30,895] {scheduler_job.py:182} INFO - Started process (PID=855) to work on /home/airflow/.local/lib/python3.6/site-packages/airflow/example_dags/example_branch_operator.py
[2021-06-21 19:05:30,896] {scheduler_job.py:633} INFO - Processing file /home/airflow/.local/lib/python3.6/site-packages/airflow/example_dags/example_branch_operator.py for tasks to queue
[2021-06-21 19:05:30,897] {logging_mixin.py:104} INFO - [2021-06-21 19:05:30,897] {dagbag.py:487} INFO - Filling up the DagBag from /home/airflow/.local/lib/python3.6/site-packages/airflow/example_dags/example_branch_operator.py
[2021-06-21 19:05:30,914] {scheduler_job.py:643} INFO - DAG(s) dict_keys(['example_branch_operator']) retrieved from /home/airflow/.local/lib/python3.6/site-packages/airflow/example_dags/example_branch_operator.py
[2021-06-21 19:05:30,938] {logging_mixin.py:104} INFO - [2021-06-21 19:05:30,938] {dag.py:1832} INFO - Sync 1 DAGs
[2021-06-21 19:05:30,961] {logging_mixin.py:104} INFO - [2021-06-21 19:05:30,961] {dag.py:2305} INFO - Setting next_dagrun for example_branch_operator to 2021-06-19 00:00:00+00:00
[2021-06-21 19:05:30,971] {scheduler_job.py:190} INFO - Processing /home/airflow/.local/lib/python3.6/site-packages/airflow/example_dags/example_branch_operator.py took 0.080 seconds
[2021-06-21 19:06:01,246] {scheduler_job.py:182} INFO - Started process (PID=920) to work on /home/airflow/.local/lib/python3.6/site-packages/airflow/example_dags/example_branch_operator.py
[2021-06-21 19:06:01,247] {scheduler_job.py:633} INFO - Processing file /home/airflow/.local/lib/python3.6/site-packages/airflow/example_dags/example_branch_operator.py for tasks to queue
[2021-06-21 19:06:01,247] {logging_mixin.py:104} INFO - [2021-06-21 19:06:01,247] {dagbag.py:487} INFO - Filling up the DagBag from /home/airflow/.local/lib/python3.6/site-packages/airflow/example_dags/example_branch_operator.py
[2021-06-21 19:06:01,260] {scheduler_job.py:643} INFO - DAG(s) dict_keys(['example_branch_operator']) retrieved from /home/airflow/.local/lib/python3.6/site-packages/airflow/example_dags/example_branch_operator.py
[2021-06-21 19:06:01,277] {logging_mixin.py:104} INFO - [2021-06-21 19:06:01,277] {dag.py:1832} INFO - Sync 1 DAGs
[2021-06-21 19:06:01,291] {logging_mixin.py:104} INFO - [2021-06-21 19:06:01,291] {dag.py:2305} INFO - Setting next_dagrun for example_branch_operator to 2021-06-19 00:00:00+00:00
[2021-06-21 19:06:01,299] {scheduler_job.py:190} INFO - Processing /home/airflow/.local/lib/python3.6/site-packages/airflow/example_dags/example_branch_operator.py took 0.055 seconds
[2021-06-21 19:06:31,590] {scheduler_job.py:182} INFO - Started process (PID=1000) to work on /home/airflow/.local/lib/python3.6/site-packages/airflow/example_dags/example_branch_operator.py
[2021-06-21 19:06:31,591] {scheduler_job.py:633} INFO - Processing file /home/airflow/.local/lib/python3.6/site-packages/airflow/example_dags/example_branch_operator.py for tasks to queue
[2021-06-21 19:06:31,592] {logging_mixin.py:104} INFO - [2021-06-21 19:06:31,592] {dagbag.py:487} INFO - Filling up the DagBag from /home/airflow/.local/lib/python3.6/site-packages/airflow/example_dags/example_branch_operator.py
[2021-06-21 19:06:31,603] {scheduler_job.py:643} INFO - DAG(s) dict_keys(['example_branch_operator']) retrieved from /home/airflow/.local/lib/python3.6/site-packages/airflow/example_dags/example_branch_operator.py
[2021-06-21 19:06:31,621] {logging_mixin.py:104} INFO - [2021-06-21 19:06:31,621] {dag.py:1832} INFO - Sync 1 DAGs
[2021-06-21 19:06:31,636] {logging_mixin.py:104} INFO - [2021-06-21 19:06:31,636] {dag.py:2305} INFO - Setting next_dagrun for example_branch_operator to 2021-06-19 00:00:00+00:00
[2021-06-21 19:06:31,645] {scheduler_job.py:190} INFO - Processing /home/airflow/.local/lib/python3.6/site-packages/airflow/example_dags/example_branch_operator.py took 0.057 seconds
[2021-06-21 19:07:01,698] {scheduler_job.py:182} INFO - Started process (PID=1064) to work on /home/airflow/.local/lib/python3.6/site-packages/airflow/example_dags/example_branch_operator.py
[2021-06-21 19:07:01,699] {scheduler_job.py:633} INFO - Processing file /home/airflow/.local/lib/python3.6/site-packages/airflow/example_dags/example_branch_operator.py for tasks to queue
[2021-06-21 19:07:01,699] {logging_mixin.py:104} INFO - [2021-06-21 19:07:01,699] {dagbag.py:487} INFO - Filling up the DagBag from /home/airflow/.local/lib/python3.6/site-packages/airflow/example_dags/example_branch_operator.py
[2021-06-21 19:07:01,710] {scheduler_job.py:643} INFO - DAG(s) dict_keys(['example_branch_operator']) retrieved from /home/airflow/.local/lib/python3.6/site-packages/airflow/example_dags/example_branch_operator.py
[2021-06-21 19:07:01,729] {logging_mixin.py:104} INFO - [2021-06-21 19:07:01,729] {dag.py:1832} INFO - Sync 1 DAGs
[2021-06-21 19:07:01,755] {logging_mixin.py:104} INFO - [2021-06-21 19:07:01,755] {dag.py:2305} INFO - Setting next_dagrun for example_branch_operator to 2021-06-19 00:00:00+00:00
[2021-06-21 19:07:01,767] {scheduler_job.py:190} INFO - Processing /home/airflow/.local/lib/python3.6/site-packages/airflow/example_dags/example_branch_operator.py took 0.071 seconds
[2021-06-21 19:07:32,104] {scheduler_job.py:182} INFO - Started process (PID=1144) to work on /home/airflow/.local/lib/python3.6/site-packages/airflow/example_dags/example_branch_operator.py
[2021-06-21 19:07:32,106] {scheduler_job.py:633} INFO - Processing file /home/airflow/.local/lib/python3.6/site-packages/airflow/example_dags/example_branch_operator.py for tasks to queue
[2021-06-21 19:07:32,107] {logging_mixin.py:104} INFO - [2021-06-21 19:07:32,107] {dagbag.py:487} INFO - Filling up the DagBag from /home/airflow/.local/lib/python3.6/site-packages/airflow/example_dags/example_branch_operator.py
[2021-06-21 19:07:32,132] {scheduler_job.py:643} INFO - DAG(s) dict_keys(['example_branch_operator']) retrieved from /home/airflow/.local/lib/python3.6/site-packages/airflow/example_dags/example_branch_operator.py
[2021-06-21 19:07:32,150] {logging_mixin.py:104} INFO - [2021-06-21 19:07:32,150] {dag.py:1832} INFO - Sync 1 DAGs
[2021-06-21 19:07:32,164] {logging_mixin.py:104} INFO - [2021-06-21 19:07:32,164] {dag.py:2305} INFO - Setting next_dagrun for example_branch_operator to 2021-06-19 00:00:00+00:00
[2021-06-21 19:07:32,172] {scheduler_job.py:190} INFO - Processing /home/airflow/.local/lib/python3.6/site-packages/airflow/example_dags/example_branch_operator.py took 0.075 seconds
[2021-06-21 19:08:02,406] {scheduler_job.py:182} INFO - Started process (PID=1218) to work on /home/airflow/.local/lib/python3.6/site-packages/airflow/example_dags/example_branch_operator.py
[2021-06-21 19:08:02,408] {scheduler_job.py:633} INFO - Processing file /home/airflow/.local/lib/python3.6/site-packages/airflow/example_dags/example_branch_operator.py for tasks to queue
[2021-06-21 19:08:02,409] {logging_mixin.py:104} INFO - [2021-06-21 19:08:02,409] {dagbag.py:487} INFO - Filling up the DagBag from /home/airflow/.local/lib/python3.6/site-packages/airflow/example_dags/example_branch_operator.py
[2021-06-21 19:08:02,446] {scheduler_job.py:643} INFO - DAG(s) dict_keys(['example_branch_operator']) retrieved from /home/airflow/.local/lib/python3.6/site-packages/airflow/example_dags/example_branch_operator.py
[2021-06-21 19:08:02,493] {logging_mixin.py:104} INFO - [2021-06-21 19:08:02,493] {dag.py:1832} INFO - Sync 1 DAGs
[2021-06-21 19:08:02,508] {logging_mixin.py:104} INFO - [2021-06-21 19:08:02,508] {dag.py:2305} INFO - Setting next_dagrun for example_branch_operator to 2021-06-19 00:00:00+00:00
[2021-06-21 19:08:02,516] {scheduler_job.py:190} INFO - Processing /home/airflow/.local/lib/python3.6/site-packages/airflow/example_dags/example_branch_operator.py took 0.117 seconds
[2021-06-21 19:08:32,881] {scheduler_job.py:182} INFO - Started process (PID=1290) to work on /home/airflow/.local/lib/python3.6/site-packages/airflow/example_dags/example_branch_operator.py
[2021-06-21 19:08:32,882] {scheduler_job.py:633} INFO - Processing file /home/airflow/.local/lib/python3.6/site-packages/airflow/example_dags/example_branch_operator.py for tasks to queue
[2021-06-21 19:08:32,884] {logging_mixin.py:104} INFO - [2021-06-21 19:08:32,883] {dagbag.py:487} INFO - Filling up the DagBag from /home/airflow/.local/lib/python3.6/site-packages/airflow/example_dags/example_branch_operator.py
[2021-06-21 19:08:32,912] {scheduler_job.py:643} INFO - DAG(s) dict_keys(['example_branch_operator']) retrieved from /home/airflow/.local/lib/python3.6/site-packages/airflow/example_dags/example_branch_operator.py
[2021-06-21 19:08:32,956] {logging_mixin.py:104} INFO - [2021-06-21 19:08:32,956] {dag.py:1832} INFO - Sync 1 DAGs
[2021-06-21 19:08:32,982] {logging_mixin.py:104} INFO - [2021-06-21 19:08:32,982] {dag.py:2305} INFO - Setting next_dagrun for example_branch_operator to 2021-06-19 00:00:00+00:00
[2021-06-21 19:08:32,996] {scheduler_job.py:190} INFO - Processing /home/airflow/.local/lib/python3.6/site-packages/airflow/example_dags/example_branch_operator.py took 0.120 seconds
[2021-06-21 19:09:03,500] {scheduler_job.py:182} INFO - Started process (PID=1374) to work on /home/airflow/.local/lib/python3.6/site-packages/airflow/example_dags/example_branch_operator.py
[2021-06-21 19:09:03,501] {scheduler_job.py:633} INFO - Processing file /home/airflow/.local/lib/python3.6/site-packages/airflow/example_dags/example_branch_operator.py for tasks to queue
[2021-06-21 19:09:03,502] {logging_mixin.py:104} INFO - [2021-06-21 19:09:03,501] {dagbag.py:487} INFO - Filling up the DagBag from /home/airflow/.local/lib/python3.6/site-packages/airflow/example_dags/example_branch_operator.py
[2021-06-21 19:09:03,517] {scheduler_job.py:643} INFO - DAG(s) dict_keys(['example_branch_operator']) retrieved from /home/airflow/.local/lib/python3.6/site-packages/airflow/example_dags/example_branch_operator.py
[2021-06-21 19:09:03,537] {logging_mixin.py:104} INFO - [2021-06-21 19:09:03,537] {dag.py:1832} INFO - Sync 1 DAGs
[2021-06-21 19:09:03,556] {logging_mixin.py:104} INFO - [2021-06-21 19:09:03,556] {dag.py:2305} INFO - Setting next_dagrun for example_branch_operator to 2021-06-19 00:00:00+00:00
[2021-06-21 19:09:03,566] {scheduler_job.py:190} INFO - Processing /home/airflow/.local/lib/python3.6/site-packages/airflow/example_dags/example_branch_operator.py took 0.069 seconds
[2021-06-21 19:09:33,914] {scheduler_job.py:182} INFO - Started process (PID=1438) to work on /home/airflow/.local/lib/python3.6/site-packages/airflow/example_dags/example_branch_operator.py
[2021-06-21 19:09:33,915] {scheduler_job.py:633} INFO - Processing file /home/airflow/.local/lib/python3.6/site-packages/airflow/example_dags/example_branch_operator.py for tasks to queue
[2021-06-21 19:09:33,917] {logging_mixin.py:104} INFO - [2021-06-21 19:09:33,917] {dagbag.py:487} INFO - Filling up the DagBag from /home/airflow/.local/lib/python3.6/site-packages/airflow/example_dags/example_branch_operator.py
[2021-06-21 19:09:33,932] {scheduler_job.py:643} INFO - DAG(s) dict_keys(['example_branch_operator']) retrieved from /home/airflow/.local/lib/python3.6/site-packages/airflow/example_dags/example_branch_operator.py
[2021-06-21 19:09:33,951] {logging_mixin.py:104} INFO - [2021-06-21 19:09:33,951] {dag.py:1832} INFO - Sync 1 DAGs
[2021-06-21 19:09:33,966] {logging_mixin.py:104} INFO - [2021-06-21 19:09:33,966] {dag.py:2305} INFO - Setting next_dagrun for example_branch_operator to 2021-06-19 00:00:00+00:00
[2021-06-21 19:09:33,974] {scheduler_job.py:190} INFO - Processing /home/airflow/.local/lib/python3.6/site-packages/airflow/example_dags/example_branch_operator.py took 0.065 seconds
[2021-06-21 19:10:04,125] {scheduler_job.py:182} INFO - Started process (PID=1512) to work on /home/airflow/.local/lib/python3.6/site-packages/airflow/example_dags/example_branch_operator.py
[2021-06-21 19:10:04,126] {scheduler_job.py:633} INFO - Processing file /home/airflow/.local/lib/python3.6/site-packages/airflow/example_dags/example_branch_operator.py for tasks to queue
[2021-06-21 19:10:04,127] {logging_mixin.py:104} INFO - [2021-06-21 19:10:04,127] {dagbag.py:487} INFO - Filling up the DagBag from /home/airflow/.local/lib/python3.6/site-packages/airflow/example_dags/example_branch_operator.py
[2021-06-21 19:10:04,144] {scheduler_job.py:643} INFO - DAG(s) dict_keys(['example_branch_operator']) retrieved from /home/airflow/.local/lib/python3.6/site-packages/airflow/example_dags/example_branch_operator.py
[2021-06-21 19:10:04,166] {logging_mixin.py:104} INFO - [2021-06-21 19:10:04,166] {dag.py:1832} INFO - Sync 1 DAGs
[2021-06-21 19:10:04,188] {logging_mixin.py:104} INFO - [2021-06-21 19:10:04,188] {dag.py:2305} INFO - Setting next_dagrun for example_branch_operator to 2021-06-19 00:00:00+00:00
[2021-06-21 19:10:04,222] {scheduler_job.py:190} INFO - Processing /home/airflow/.local/lib/python3.6/site-packages/airflow/example_dags/example_branch_operator.py took 0.099 seconds
[2021-06-21 19:10:34,403] {scheduler_job.py:182} INFO - Started process (PID=1585) to work on /home/airflow/.local/lib/python3.6/site-packages/airflow/example_dags/example_branch_operator.py
[2021-06-21 19:10:34,404] {scheduler_job.py:633} INFO - Processing file /home/airflow/.local/lib/python3.6/site-packages/airflow/example_dags/example_branch_operator.py for tasks to queue
[2021-06-21 19:10:34,404] {logging_mixin.py:104} INFO - [2021-06-21 19:10:34,404] {dagbag.py:487} INFO - Filling up the DagBag from /home/airflow/.local/lib/python3.6/site-packages/airflow/example_dags/example_branch_operator.py
[2021-06-21 19:10:34,418] {scheduler_job.py:643} INFO - DAG(s) dict_keys(['example_branch_operator']) retrieved from /home/airflow/.local/lib/python3.6/site-packages/airflow/example_dags/example_branch_operator.py
[2021-06-21 19:10:34,440] {logging_mixin.py:104} INFO - [2021-06-21 19:10:34,440] {dag.py:1832} INFO - Sync 1 DAGs
[2021-06-21 19:10:34,459] {logging_mixin.py:104} INFO - [2021-06-21 19:10:34,459] {dag.py:2305} INFO - Setting next_dagrun for example_branch_operator to 2021-06-19 00:00:00+00:00
[2021-06-21 19:10:34,511] {scheduler_job.py:190} INFO - Processing /home/airflow/.local/lib/python3.6/site-packages/airflow/example_dags/example_branch_operator.py took 0.110 seconds
[2021-06-21 19:11:04,667] {scheduler_job.py:182} INFO - Started process (PID=1649) to work on /home/airflow/.local/lib/python3.6/site-packages/airflow/example_dags/example_branch_operator.py
[2021-06-21 19:11:04,668] {scheduler_job.py:633} INFO - Processing file /home/airflow/.local/lib/python3.6/site-packages/airflow/example_dags/example_branch_operator.py for tasks to queue
[2021-06-21 19:11:04,669] {logging_mixin.py:104} INFO - [2021-06-21 19:11:04,669] {dagbag.py:487} INFO - Filling up the DagBag from /home/airflow/.local/lib/python3.6/site-packages/airflow/example_dags/example_branch_operator.py
[2021-06-21 19:11:04,701] {scheduler_job.py:643} INFO - DAG(s) dict_keys(['example_branch_operator']) retrieved from /home/airflow/.local/lib/python3.6/site-packages/airflow/example_dags/example_branch_operator.py
[2021-06-21 19:11:04,751] {logging_mixin.py:104} INFO - [2021-06-21 19:11:04,751] {dag.py:1832} INFO - Sync 1 DAGs
[2021-06-21 19:11:04,780] {logging_mixin.py:104} INFO - [2021-06-21 19:11:04,780] {dag.py:2305} INFO - Setting next_dagrun for example_branch_operator to 2021-06-19 00:00:00+00:00
[2021-06-21 19:11:04,831] {scheduler_job.py:190} INFO - Processing /home/airflow/.local/lib/python3.6/site-packages/airflow/example_dags/example_branch_operator.py took 0.177 seconds
[2021-06-21 19:11:34,988] {scheduler_job.py:182} INFO - Started process (PID=1730) to work on /home/airflow/.local/lib/python3.6/site-packages/airflow/example_dags/example_branch_operator.py
[2021-06-21 19:11:34,990] {scheduler_job.py:633} INFO - Processing file /home/airflow/.local/lib/python3.6/site-packages/airflow/example_dags/example_branch_operator.py for tasks to queue
[2021-06-21 19:11:34,991] {logging_mixin.py:104} INFO - [2021-06-21 19:11:34,991] {dagbag.py:487} INFO - Filling up the DagBag from /home/airflow/.local/lib/python3.6/site-packages/airflow/example_dags/example_branch_operator.py
[2021-06-21 19:11:35,009] {scheduler_job.py:643} INFO - DAG(s) dict_keys(['example_branch_operator']) retrieved from /home/airflow/.local/lib/python3.6/site-packages/airflow/example_dags/example_branch_operator.py
[2021-06-21 19:11:35,029] {logging_mixin.py:104} INFO - [2021-06-21 19:11:35,029] {dag.py:1832} INFO - Sync 1 DAGs
[2021-06-21 19:11:35,046] {logging_mixin.py:104} INFO - [2021-06-21 19:11:35,045] {dag.py:2305} INFO - Setting next_dagrun for example_branch_operator to 2021-06-19 00:00:00+00:00
[2021-06-21 19:11:35,055] {scheduler_job.py:190} INFO - Processing /home/airflow/.local/lib/python3.6/site-packages/airflow/example_dags/example_branch_operator.py took 0.073 seconds
[2021-06-21 19:12:05,195] {scheduler_job.py:182} INFO - Started process (PID=1795) to work on /home/airflow/.local/lib/python3.6/site-packages/airflow/example_dags/example_branch_operator.py
[2021-06-21 19:12:05,197] {scheduler_job.py:633} INFO - Processing file /home/airflow/.local/lib/python3.6/site-packages/airflow/example_dags/example_branch_operator.py for tasks to queue
[2021-06-21 19:12:05,197] {logging_mixin.py:104} INFO - [2021-06-21 19:12:05,197] {dagbag.py:487} INFO - Filling up the DagBag from /home/airflow/.local/lib/python3.6/site-packages/airflow/example_dags/example_branch_operator.py
[2021-06-21 19:12:05,215] {scheduler_job.py:643} INFO - DAG(s) dict_keys(['example_branch_operator']) retrieved from /home/airflow/.local/lib/python3.6/site-packages/airflow/example_dags/example_branch_operator.py
[2021-06-21 19:12:05,262] {logging_mixin.py:104} INFO - [2021-06-21 19:12:05,262] {dag.py:1832} INFO - Sync 1 DAGs
[2021-06-21 19:12:05,280] {logging_mixin.py:104} INFO - [2021-06-21 19:12:05,280] {dag.py:2305} INFO - Setting next_dagrun for example_branch_operator to 2021-06-19 00:00:00+00:00
[2021-06-21 19:12:05,288] {scheduler_job.py:190} INFO - Processing /home/airflow/.local/lib/python3.6/site-packages/airflow/example_dags/example_branch_operator.py took 0.097 seconds
[2021-06-21 19:12:35,413] {scheduler_job.py:182} INFO - Started process (PID=1874) to work on /home/airflow/.local/lib/python3.6/site-packages/airflow/example_dags/example_branch_operator.py
[2021-06-21 19:12:35,415] {scheduler_job.py:633} INFO - Processing file /home/airflow/.local/lib/python3.6/site-packages/airflow/example_dags/example_branch_operator.py for tasks to queue
[2021-06-21 19:12:35,416] {logging_mixin.py:104} INFO - [2021-06-21 19:12:35,416] {dagbag.py:487} INFO - Filling up the DagBag from /home/airflow/.local/lib/python3.6/site-packages/airflow/example_dags/example_branch_operator.py
[2021-06-21 19:12:35,436] {scheduler_job.py:643} INFO - DAG(s) dict_keys(['example_branch_operator']) retrieved from /home/airflow/.local/lib/python3.6/site-packages/airflow/example_dags/example_branch_operator.py
[2021-06-21 19:12:35,457] {logging_mixin.py:104} INFO - [2021-06-21 19:12:35,456] {dag.py:1832} INFO - Sync 1 DAGs
[2021-06-21 19:12:35,475] {logging_mixin.py:104} INFO - [2021-06-21 19:12:35,474] {dag.py:2305} INFO - Setting next_dagrun for example_branch_operator to 2021-06-19 00:00:00+00:00
[2021-06-21 19:12:35,483] {scheduler_job.py:190} INFO - Processing /home/airflow/.local/lib/python3.6/site-packages/airflow/example_dags/example_branch_operator.py took 0.081 seconds
[2021-06-21 19:13:06,281] {scheduler_job.py:182} INFO - Started process (PID=1941) to work on /home/airflow/.local/lib/python3.6/site-packages/airflow/example_dags/example_branch_operator.py
[2021-06-21 19:13:06,284] {scheduler_job.py:633} INFO - Processing file /home/airflow/.local/lib/python3.6/site-packages/airflow/example_dags/example_branch_operator.py for tasks to queue
[2021-06-21 19:13:06,286] {logging_mixin.py:104} INFO - [2021-06-21 19:13:06,286] {dagbag.py:487} INFO - Filling up the DagBag from /home/airflow/.local/lib/python3.6/site-packages/airflow/example_dags/example_branch_operator.py
[2021-06-21 19:13:06,335] {scheduler_job.py:643} INFO - DAG(s) dict_keys(['example_branch_operator']) retrieved from /home/airflow/.local/lib/python3.6/site-packages/airflow/example_dags/example_branch_operator.py
[2021-06-21 19:13:06,402] {logging_mixin.py:104} INFO - [2021-06-21 19:13:06,401] {dag.py:1832} INFO - Sync 1 DAGs
[2021-06-21 19:13:06,438] {logging_mixin.py:104} INFO - [2021-06-21 19:13:06,438] {dag.py:2305} INFO - Setting next_dagrun for example_branch_operator to 2021-06-19 00:00:00+00:00
[2021-06-21 19:13:06,448] {scheduler_job.py:190} INFO - Processing /home/airflow/.local/lib/python3.6/site-packages/airflow/example_dags/example_branch_operator.py took 0.176 seconds
[2021-06-21 19:13:37,173] {scheduler_job.py:182} INFO - Started process (PID=2024) to work on /home/airflow/.local/lib/python3.6/site-packages/airflow/example_dags/example_branch_operator.py
[2021-06-21 19:13:37,175] {scheduler_job.py:633} INFO - Processing file /home/airflow/.local/lib/python3.6/site-packages/airflow/example_dags/example_branch_operator.py for tasks to queue
[2021-06-21 19:13:37,176] {logging_mixin.py:104} INFO - [2021-06-21 19:13:37,176] {dagbag.py:487} INFO - Filling up the DagBag from /home/airflow/.local/lib/python3.6/site-packages/airflow/example_dags/example_branch_operator.py
[2021-06-21 19:13:37,195] {scheduler_job.py:643} INFO - DAG(s) dict_keys(['example_branch_operator']) retrieved from /home/airflow/.local/lib/python3.6/site-packages/airflow/example_dags/example_branch_operator.py
[2021-06-21 19:13:37,213] {logging_mixin.py:104} INFO - [2021-06-21 19:13:37,213] {dag.py:1832} INFO - Sync 1 DAGs
[2021-06-21 19:13:37,230] {logging_mixin.py:104} INFO - [2021-06-21 19:13:37,229] {dag.py:2305} INFO - Setting next_dagrun for example_branch_operator to 2021-06-19 00:00:00+00:00
[2021-06-21 19:13:37,237] {scheduler_job.py:190} INFO - Processing /home/airflow/.local/lib/python3.6/site-packages/airflow/example_dags/example_branch_operator.py took 0.073 seconds
[2021-06-21 19:14:08,121] {scheduler_job.py:182} INFO - Started process (PID=2091) to work on /home/airflow/.local/lib/python3.6/site-packages/airflow/example_dags/example_branch_operator.py
[2021-06-21 19:14:08,124] {scheduler_job.py:633} INFO - Processing file /home/airflow/.local/lib/python3.6/site-packages/airflow/example_dags/example_branch_operator.py for tasks to queue
[2021-06-21 19:14:08,125] {logging_mixin.py:104} INFO - [2021-06-21 19:14:08,125] {dagbag.py:487} INFO - Filling up the DagBag from /home/airflow/.local/lib/python3.6/site-packages/airflow/example_dags/example_branch_operator.py
[2021-06-21 19:14:08,168] {scheduler_job.py:643} INFO - DAG(s) dict_keys(['example_branch_operator']) retrieved from /home/airflow/.local/lib/python3.6/site-packages/airflow/example_dags/example_branch_operator.py
[2021-06-21 19:14:08,201] {logging_mixin.py:104} INFO - [2021-06-21 19:14:08,201] {dag.py:1832} INFO - Sync 1 DAGs
[2021-06-21 19:14:08,231] {logging_mixin.py:104} INFO - [2021-06-21 19:14:08,231] {dag.py:2305} INFO - Setting next_dagrun for example_branch_operator to 2021-06-19 00:00:00+00:00
[2021-06-21 19:14:08,245] {scheduler_job.py:190} INFO - Processing /home/airflow/.local/lib/python3.6/site-packages/airflow/example_dags/example_branch_operator.py took 0.133 seconds
[2021-06-21 19:14:38,831] {scheduler_job.py:182} INFO - Started process (PID=2171) to work on /home/airflow/.local/lib/python3.6/site-packages/airflow/example_dags/example_branch_operator.py
[2021-06-21 19:14:38,832] {scheduler_job.py:633} INFO - Processing file /home/airflow/.local/lib/python3.6/site-packages/airflow/example_dags/example_branch_operator.py for tasks to queue
[2021-06-21 19:14:38,832] {logging_mixin.py:104} INFO - [2021-06-21 19:14:38,832] {dagbag.py:487} INFO - Filling up the DagBag from /home/airflow/.local/lib/python3.6/site-packages/airflow/example_dags/example_branch_operator.py
[2021-06-21 19:14:38,847] {scheduler_job.py:643} INFO - DAG(s) dict_keys(['example_branch_operator']) retrieved from /home/airflow/.local/lib/python3.6/site-packages/airflow/example_dags/example_branch_operator.py
[2021-06-21 19:14:38,867] {logging_mixin.py:104} INFO - [2021-06-21 19:14:38,867] {dag.py:1832} INFO - Sync 1 DAGs
[2021-06-21 19:14:38,886] {logging_mixin.py:104} INFO - [2021-06-21 19:14:38,886] {dag.py:2305} INFO - Setting next_dagrun for example_branch_operator to 2021-06-19 00:00:00+00:00
[2021-06-21 19:14:38,895] {scheduler_job.py:190} INFO - Processing /home/airflow/.local/lib/python3.6/site-packages/airflow/example_dags/example_branch_operator.py took 0.066 seconds
[2021-06-21 19:15:09,478] {scheduler_job.py:182} INFO - Started process (PID=2243) to work on /home/airflow/.local/lib/python3.6/site-packages/airflow/example_dags/example_branch_operator.py
[2021-06-21 19:15:09,481] {scheduler_job.py:633} INFO - Processing file /home/airflow/.local/lib/python3.6/site-packages/airflow/example_dags/example_branch_operator.py for tasks to queue
[2021-06-21 19:15:09,483] {logging_mixin.py:104} INFO - [2021-06-21 19:15:09,482] {dagbag.py:487} INFO - Filling up the DagBag from /home/airflow/.local/lib/python3.6/site-packages/airflow/example_dags/example_branch_operator.py
[2021-06-21 19:15:09,504] {scheduler_job.py:643} INFO - DAG(s) dict_keys(['example_branch_operator']) retrieved from /home/airflow/.local/lib/python3.6/site-packages/airflow/example_dags/example_branch_operator.py
[2021-06-21 19:15:09,524] {logging_mixin.py:104} INFO - [2021-06-21 19:15:09,524] {dag.py:1832} INFO - Sync 1 DAGs
[2021-06-21 19:15:09,544] {logging_mixin.py:104} INFO - [2021-06-21 19:15:09,544] {dag.py:2305} INFO - Setting next_dagrun for example_branch_operator to 2021-06-19 00:00:00+00:00
[2021-06-21 19:15:09,551] {scheduler_job.py:190} INFO - Processing /home/airflow/.local/lib/python3.6/site-packages/airflow/example_dags/example_branch_operator.py took 0.081 seconds
[2021-06-21 19:15:40,452] {scheduler_job.py:182} INFO - Started process (PID=2325) to work on /home/airflow/.local/lib/python3.6/site-packages/airflow/example_dags/example_branch_operator.py
[2021-06-21 19:15:40,455] {scheduler_job.py:633} INFO - Processing file /home/airflow/.local/lib/python3.6/site-packages/airflow/example_dags/example_branch_operator.py for tasks to queue
[2021-06-21 19:15:40,456] {logging_mixin.py:104} INFO - [2021-06-21 19:15:40,456] {dagbag.py:487} INFO - Filling up the DagBag from /home/airflow/.local/lib/python3.6/site-packages/airflow/example_dags/example_branch_operator.py
[2021-06-21 19:15:40,477] {scheduler_job.py:643} INFO - DAG(s) dict_keys(['example_branch_operator']) retrieved from /home/airflow/.local/lib/python3.6/site-packages/airflow/example_dags/example_branch_operator.py
[2021-06-21 19:15:40,520] {logging_mixin.py:104} INFO - [2021-06-21 19:15:40,520] {dag.py:1832} INFO - Sync 1 DAGs
[2021-06-21 19:15:40,536] {logging_mixin.py:104} INFO - [2021-06-21 19:15:40,536] {dag.py:2305} INFO - Setting next_dagrun for example_branch_operator to 2021-06-19 00:00:00+00:00
[2021-06-21 19:15:40,544] {scheduler_job.py:190} INFO - Processing /home/airflow/.local/lib/python3.6/site-packages/airflow/example_dags/example_branch_operator.py took 0.102 seconds
[2021-06-21 19:16:11,273] {scheduler_job.py:182} INFO - Started process (PID=2395) to work on /home/airflow/.local/lib/python3.6/site-packages/airflow/example_dags/example_branch_operator.py
[2021-06-21 19:16:11,274] {scheduler_job.py:633} INFO - Processing file /home/airflow/.local/lib/python3.6/site-packages/airflow/example_dags/example_branch_operator.py for tasks to queue
[2021-06-21 19:16:11,275] {logging_mixin.py:104} INFO - [2021-06-21 19:16:11,275] {dagbag.py:487} INFO - Filling up the DagBag from /home/airflow/.local/lib/python3.6/site-packages/airflow/example_dags/example_branch_operator.py
[2021-06-21 19:16:11,299] {scheduler_job.py:643} INFO - DAG(s) dict_keys(['example_branch_operator']) retrieved from /home/airflow/.local/lib/python3.6/site-packages/airflow/example_dags/example_branch_operator.py
[2021-06-21 19:16:11,331] {logging_mixin.py:104} INFO - [2021-06-21 19:16:11,331] {dag.py:1832} INFO - Sync 1 DAGs
[2021-06-21 19:16:11,352] {logging_mixin.py:104} INFO - [2021-06-21 19:16:11,352] {dag.py:2305} INFO - Setting next_dagrun for example_branch_operator to 2021-06-19 00:00:00+00:00
[2021-06-21 19:16:11,379] {scheduler_job.py:190} INFO - Processing /home/airflow/.local/lib/python3.6/site-packages/airflow/example_dags/example_branch_operator.py took 0.111 seconds
[2021-06-21 19:16:41,473] {scheduler_job.py:182} INFO - Started process (PID=2470) to work on /home/airflow/.local/lib/python3.6/site-packages/airflow/example_dags/example_branch_operator.py
[2021-06-21 19:16:41,474] {scheduler_job.py:633} INFO - Processing file /home/airflow/.local/lib/python3.6/site-packages/airflow/example_dags/example_branch_operator.py for tasks to queue
[2021-06-21 19:16:41,474] {logging_mixin.py:104} INFO - [2021-06-21 19:16:41,474] {dagbag.py:487} INFO - Filling up the DagBag from /home/airflow/.local/lib/python3.6/site-packages/airflow/example_dags/example_branch_operator.py
[2021-06-21 19:16:41,491] {scheduler_job.py:643} INFO - DAG(s) dict_keys(['example_branch_operator']) retrieved from /home/airflow/.local/lib/python3.6/site-packages/airflow/example_dags/example_branch_operator.py
[2021-06-21 19:16:41,515] {logging_mixin.py:104} INFO - [2021-06-21 19:16:41,515] {dag.py:1832} INFO - Sync 1 DAGs
[2021-06-21 19:16:41,539] {logging_mixin.py:104} INFO - [2021-06-21 19:16:41,539] {dag.py:2305} INFO - Setting next_dagrun for example_branch_operator to 2021-06-19 00:00:00+00:00
[2021-06-21 19:16:41,573] {scheduler_job.py:190} INFO - Processing /home/airflow/.local/lib/python3.6/site-packages/airflow/example_dags/example_branch_operator.py took 0.104 seconds
[2021-06-21 19:17:11,814] {scheduler_job.py:182} INFO - Started process (PID=2543) to work on /home/airflow/.local/lib/python3.6/site-packages/airflow/example_dags/example_branch_operator.py
[2021-06-21 19:17:11,815] {scheduler_job.py:633} INFO - Processing file /home/airflow/.local/lib/python3.6/site-packages/airflow/example_dags/example_branch_operator.py for tasks to queue
[2021-06-21 19:17:11,816] {logging_mixin.py:104} INFO - [2021-06-21 19:17:11,816] {dagbag.py:487} INFO - Filling up the DagBag from /home/airflow/.local/lib/python3.6/site-packages/airflow/example_dags/example_branch_operator.py
[2021-06-21 19:17:11,828] {scheduler_job.py:643} INFO - DAG(s) dict_keys(['example_branch_operator']) retrieved from /home/airflow/.local/lib/python3.6/site-packages/airflow/example_dags/example_branch_operator.py
[2021-06-21 19:17:11,848] {logging_mixin.py:104} INFO - [2021-06-21 19:17:11,848] {dag.py:1832} INFO - Sync 1 DAGs
[2021-06-21 19:17:11,866] {logging_mixin.py:104} INFO - [2021-06-21 19:17:11,866] {dag.py:2305} INFO - Setting next_dagrun for example_branch_operator to 2021-06-19 00:00:00+00:00
[2021-06-21 19:17:11,905] {scheduler_job.py:190} INFO - Processing /home/airflow/.local/lib/python3.6/site-packages/airflow/example_dags/example_branch_operator.py took 0.094 seconds
[2021-06-21 19:17:42,158] {scheduler_job.py:182} INFO - Started process (PID=2616) to work on /home/airflow/.local/lib/python3.6/site-packages/airflow/example_dags/example_branch_operator.py
[2021-06-21 19:17:42,159] {scheduler_job.py:633} INFO - Processing file /home/airflow/.local/lib/python3.6/site-packages/airflow/example_dags/example_branch_operator.py for tasks to queue
[2021-06-21 19:17:42,160] {logging_mixin.py:104} INFO - [2021-06-21 19:17:42,159] {dagbag.py:487} INFO - Filling up the DagBag from /home/airflow/.local/lib/python3.6/site-packages/airflow/example_dags/example_branch_operator.py
[2021-06-21 19:17:42,177] {scheduler_job.py:643} INFO - DAG(s) dict_keys(['example_branch_operator']) retrieved from /home/airflow/.local/lib/python3.6/site-packages/airflow/example_dags/example_branch_operator.py
[2021-06-21 19:17:42,196] {logging_mixin.py:104} INFO - [2021-06-21 19:17:42,196] {dag.py:1832} INFO - Sync 1 DAGs
[2021-06-21 19:17:42,213] {logging_mixin.py:104} INFO - [2021-06-21 19:17:42,213] {dag.py:2305} INFO - Setting next_dagrun for example_branch_operator to 2021-06-19 00:00:00+00:00
[2021-06-21 19:17:42,238] {scheduler_job.py:190} INFO - Processing /home/airflow/.local/lib/python3.6/site-packages/airflow/example_dags/example_branch_operator.py took 0.085 seconds
[2021-06-21 19:18:12,406] {scheduler_job.py:182} INFO - Started process (PID=2686) to work on /home/airflow/.local/lib/python3.6/site-packages/airflow/example_dags/example_branch_operator.py
[2021-06-21 19:18:12,407] {scheduler_job.py:633} INFO - Processing file /home/airflow/.local/lib/python3.6/site-packages/airflow/example_dags/example_branch_operator.py for tasks to queue
[2021-06-21 19:18:12,407] {logging_mixin.py:104} INFO - [2021-06-21 19:18:12,407] {dagbag.py:487} INFO - Filling up the DagBag from /home/airflow/.local/lib/python3.6/site-packages/airflow/example_dags/example_branch_operator.py
[2021-06-21 19:18:12,421] {scheduler_job.py:643} INFO - DAG(s) dict_keys(['example_branch_operator']) retrieved from /home/airflow/.local/lib/python3.6/site-packages/airflow/example_dags/example_branch_operator.py
[2021-06-21 19:18:12,443] {logging_mixin.py:104} INFO - [2021-06-21 19:18:12,443] {dag.py:1832} INFO - Sync 1 DAGs
[2021-06-21 19:18:12,463] {logging_mixin.py:104} INFO - [2021-06-21 19:18:12,463] {dag.py:2305} INFO - Setting next_dagrun for example_branch_operator to 2021-06-19 00:00:00+00:00
[2021-06-21 19:18:12,495] {scheduler_job.py:190} INFO - Processing /home/airflow/.local/lib/python3.6/site-packages/airflow/example_dags/example_branch_operator.py took 0.092 seconds
[2021-06-21 19:18:42,647] {scheduler_job.py:182} INFO - Started process (PID=2764) to work on /home/airflow/.local/lib/python3.6/site-packages/airflow/example_dags/example_branch_operator.py
[2021-06-21 19:18:42,649] {scheduler_job.py:633} INFO - Processing file /home/airflow/.local/lib/python3.6/site-packages/airflow/example_dags/example_branch_operator.py for tasks to queue
[2021-06-21 19:18:42,649] {logging_mixin.py:104} INFO - [2021-06-21 19:18:42,649] {dagbag.py:487} INFO - Filling up the DagBag from /home/airflow/.local/lib/python3.6/site-packages/airflow/example_dags/example_branch_operator.py
[2021-06-21 19:18:42,667] {scheduler_job.py:643} INFO - DAG(s) dict_keys(['example_branch_operator']) retrieved from /home/airflow/.local/lib/python3.6/site-packages/airflow/example_dags/example_branch_operator.py
[2021-06-21 19:18:42,688] {logging_mixin.py:104} INFO - [2021-06-21 19:18:42,688] {dag.py:1832} INFO - Sync 1 DAGs
[2021-06-21 19:18:42,707] {logging_mixin.py:104} INFO - [2021-06-21 19:18:42,707] {dag.py:2305} INFO - Setting next_dagrun for example_branch_operator to 2021-06-19 00:00:00+00:00
[2021-06-21 19:18:42,717] {scheduler_job.py:190} INFO - Processing /home/airflow/.local/lib/python3.6/site-packages/airflow/example_dags/example_branch_operator.py took 0.073 seconds
[2021-06-21 19:19:13,541] {scheduler_job.py:182} INFO - Started process (PID=2842) to work on /home/airflow/.local/lib/python3.6/site-packages/airflow/example_dags/example_branch_operator.py
[2021-06-21 19:19:13,542] {scheduler_job.py:633} INFO - Processing file /home/airflow/.local/lib/python3.6/site-packages/airflow/example_dags/example_branch_operator.py for tasks to queue
[2021-06-21 19:19:13,542] {logging_mixin.py:104} INFO - [2021-06-21 19:19:13,542] {dagbag.py:487} INFO - Filling up the DagBag from /home/airflow/.local/lib/python3.6/site-packages/airflow/example_dags/example_branch_operator.py
[2021-06-21 19:19:13,556] {scheduler_job.py:643} INFO - DAG(s) dict_keys(['example_branch_operator']) retrieved from /home/airflow/.local/lib/python3.6/site-packages/airflow/example_dags/example_branch_operator.py
[2021-06-21 19:19:13,574] {logging_mixin.py:104} INFO - [2021-06-21 19:19:13,574] {dag.py:1832} INFO - Sync 1 DAGs
[2021-06-21 19:19:13,590] {logging_mixin.py:104} INFO - [2021-06-21 19:19:13,590] {dag.py:2305} INFO - Setting next_dagrun for example_branch_operator to 2021-06-19 00:00:00+00:00
[2021-06-21 19:19:13,598] {scheduler_job.py:190} INFO - Processing /home/airflow/.local/lib/python3.6/site-packages/airflow/example_dags/example_branch_operator.py took 0.060 seconds
[2021-06-21 19:19:44,164] {scheduler_job.py:182} INFO - Started process (PID=2913) to work on /home/airflow/.local/lib/python3.6/site-packages/airflow/example_dags/example_branch_operator.py
[2021-06-21 19:19:44,165] {scheduler_job.py:633} INFO - Processing file /home/airflow/.local/lib/python3.6/site-packages/airflow/example_dags/example_branch_operator.py for tasks to queue
[2021-06-21 19:19:44,166] {logging_mixin.py:104} INFO - [2021-06-21 19:19:44,166] {dagbag.py:487} INFO - Filling up the DagBag from /home/airflow/.local/lib/python3.6/site-packages/airflow/example_dags/example_branch_operator.py
[2021-06-21 19:19:44,184] {scheduler_job.py:643} INFO - DAG(s) dict_keys(['example_branch_operator']) retrieved from /home/airflow/.local/lib/python3.6/site-packages/airflow/example_dags/example_branch_operator.py
[2021-06-21 19:19:44,228] {logging_mixin.py:104} INFO - [2021-06-21 19:19:44,228] {dag.py:1832} INFO - Sync 1 DAGs
[2021-06-21 19:19:44,260] {logging_mixin.py:104} INFO - [2021-06-21 19:19:44,260] {dag.py:2305} INFO - Setting next_dagrun for example_branch_operator to 2021-06-19 00:00:00+00:00
[2021-06-21 19:19:44,279] {scheduler_job.py:190} INFO - Processing /home/airflow/.local/lib/python3.6/site-packages/airflow/example_dags/example_branch_operator.py took 0.117 seconds
[2021-06-21 19:20:14,832] {scheduler_job.py:182} INFO - Started process (PID=2993) to work on /home/airflow/.local/lib/python3.6/site-packages/airflow/example_dags/example_branch_operator.py
[2021-06-21 19:20:14,833] {scheduler_job.py:633} INFO - Processing file /home/airflow/.local/lib/python3.6/site-packages/airflow/example_dags/example_branch_operator.py for tasks to queue
[2021-06-21 19:20:14,834] {logging_mixin.py:104} INFO - [2021-06-21 19:20:14,834] {dagbag.py:487} INFO - Filling up the DagBag from /home/airflow/.local/lib/python3.6/site-packages/airflow/example_dags/example_branch_operator.py
[2021-06-21 19:20:14,847] {scheduler_job.py:643} INFO - DAG(s) dict_keys(['example_branch_operator']) retrieved from /home/airflow/.local/lib/python3.6/site-packages/airflow/example_dags/example_branch_operator.py
[2021-06-21 19:20:14,865] {logging_mixin.py:104} INFO - [2021-06-21 19:20:14,865] {dag.py:1832} INFO - Sync 1 DAGs
[2021-06-21 19:20:14,883] {logging_mixin.py:104} INFO - [2021-06-21 19:20:14,883] {dag.py:2305} INFO - Setting next_dagrun for example_branch_operator to 2021-06-19 00:00:00+00:00
[2021-06-21 19:20:14,892] {scheduler_job.py:190} INFO - Processing /home/airflow/.local/lib/python3.6/site-packages/airflow/example_dags/example_branch_operator.py took 0.063 seconds
[2021-06-21 19:20:45,608] {scheduler_job.py:182} INFO - Started process (PID=3059) to work on /home/airflow/.local/lib/python3.6/site-packages/airflow/example_dags/example_branch_operator.py
[2021-06-21 19:20:45,609] {scheduler_job.py:633} INFO - Processing file /home/airflow/.local/lib/python3.6/site-packages/airflow/example_dags/example_branch_operator.py for tasks to queue
[2021-06-21 19:20:45,609] {logging_mixin.py:104} INFO - [2021-06-21 19:20:45,609] {dagbag.py:487} INFO - Filling up the DagBag from /home/airflow/.local/lib/python3.6/site-packages/airflow/example_dags/example_branch_operator.py
[2021-06-21 19:20:45,628] {scheduler_job.py:643} INFO - DAG(s) dict_keys(['example_branch_operator']) retrieved from /home/airflow/.local/lib/python3.6/site-packages/airflow/example_dags/example_branch_operator.py
[2021-06-21 19:20:45,680] {logging_mixin.py:104} INFO - [2021-06-21 19:20:45,680] {dag.py:1832} INFO - Sync 1 DAGs
[2021-06-21 19:20:45,704] {logging_mixin.py:104} INFO - [2021-06-21 19:20:45,704] {dag.py:2305} INFO - Setting next_dagrun for example_branch_operator to 2021-06-19 00:00:00+00:00
[2021-06-21 19:20:45,714] {scheduler_job.py:190} INFO - Processing /home/airflow/.local/lib/python3.6/site-packages/airflow/example_dags/example_branch_operator.py took 0.110 seconds
[2021-06-21 19:21:16,154] {scheduler_job.py:182} INFO - Started process (PID=3141) to work on /home/airflow/.local/lib/python3.6/site-packages/airflow/example_dags/example_branch_operator.py
[2021-06-21 19:21:16,155] {scheduler_job.py:633} INFO - Processing file /home/airflow/.local/lib/python3.6/site-packages/airflow/example_dags/example_branch_operator.py for tasks to queue
[2021-06-21 19:21:16,156] {logging_mixin.py:104} INFO - [2021-06-21 19:21:16,155] {dagbag.py:487} INFO - Filling up the DagBag from /home/airflow/.local/lib/python3.6/site-packages/airflow/example_dags/example_branch_operator.py
[2021-06-21 19:21:16,169] {scheduler_job.py:643} INFO - DAG(s) dict_keys(['example_branch_operator']) retrieved from /home/airflow/.local/lib/python3.6/site-packages/airflow/example_dags/example_branch_operator.py
[2021-06-21 19:21:16,189] {logging_mixin.py:104} INFO - [2021-06-21 19:21:16,189] {dag.py:1832} INFO - Sync 1 DAGs
[2021-06-21 19:21:16,210] {logging_mixin.py:104} INFO - [2021-06-21 19:21:16,210] {dag.py:2305} INFO - Setting next_dagrun for example_branch_operator to 2021-06-19 00:00:00+00:00
[2021-06-21 19:21:16,217] {scheduler_job.py:190} INFO - Processing /home/airflow/.local/lib/python3.6/site-packages/airflow/example_dags/example_branch_operator.py took 0.065 seconds
[2021-06-21 19:21:46,791] {scheduler_job.py:182} INFO - Started process (PID=3206) to work on /home/airflow/.local/lib/python3.6/site-packages/airflow/example_dags/example_branch_operator.py
[2021-06-21 19:21:46,793] {scheduler_job.py:633} INFO - Processing file /home/airflow/.local/lib/python3.6/site-packages/airflow/example_dags/example_branch_operator.py for tasks to queue
[2021-06-21 19:21:46,795] {logging_mixin.py:104} INFO - [2021-06-21 19:21:46,794] {dagbag.py:487} INFO - Filling up the DagBag from /home/airflow/.local/lib/python3.6/site-packages/airflow/example_dags/example_branch_operator.py
[2021-06-21 19:21:46,814] {scheduler_job.py:643} INFO - DAG(s) dict_keys(['example_branch_operator']) retrieved from /home/airflow/.local/lib/python3.6/site-packages/airflow/example_dags/example_branch_operator.py
[2021-06-21 19:21:46,832] {logging_mixin.py:104} INFO - [2021-06-21 19:21:46,832] {dag.py:1832} INFO - Sync 1 DAGs
[2021-06-21 19:21:46,848] {logging_mixin.py:104} INFO - [2021-06-21 19:21:46,848] {dag.py:2305} INFO - Setting next_dagrun for example_branch_operator to 2021-06-19 00:00:00+00:00
[2021-06-21 19:21:46,856] {scheduler_job.py:190} INFO - Processing /home/airflow/.local/lib/python3.6/site-packages/airflow/example_dags/example_branch_operator.py took 0.073 seconds
[2021-06-21 19:22:17,363] {scheduler_job.py:182} INFO - Started process (PID=3287) to work on /home/airflow/.local/lib/python3.6/site-packages/airflow/example_dags/example_branch_operator.py
[2021-06-21 19:22:17,371] {scheduler_job.py:633} INFO - Processing file /home/airflow/.local/lib/python3.6/site-packages/airflow/example_dags/example_branch_operator.py for tasks to queue
[2021-06-21 19:22:17,374] {logging_mixin.py:104} INFO - [2021-06-21 19:22:17,373] {dagbag.py:487} INFO - Filling up the DagBag from /home/airflow/.local/lib/python3.6/site-packages/airflow/example_dags/example_branch_operator.py
[2021-06-21 19:22:17,398] {scheduler_job.py:643} INFO - DAG(s) dict_keys(['example_branch_operator']) retrieved from /home/airflow/.local/lib/python3.6/site-packages/airflow/example_dags/example_branch_operator.py
[2021-06-21 19:22:17,421] {logging_mixin.py:104} INFO - [2021-06-21 19:22:17,420] {dag.py:1832} INFO - Sync 1 DAGs
[2021-06-21 19:22:17,438] {logging_mixin.py:104} INFO - [2021-06-21 19:22:17,438] {dag.py:2305} INFO - Setting next_dagrun for example_branch_operator to 2021-06-19 00:00:00+00:00
[2021-06-21 19:22:17,445] {scheduler_job.py:190} INFO - Processing /home/airflow/.local/lib/python3.6/site-packages/airflow/example_dags/example_branch_operator.py took 0.093 seconds
[2021-06-21 19:22:47,659] {scheduler_job.py:182} INFO - Started process (PID=3353) to work on /home/airflow/.local/lib/python3.6/site-packages/airflow/example_dags/example_branch_operator.py
[2021-06-21 19:22:47,659] {scheduler_job.py:633} INFO - Processing file /home/airflow/.local/lib/python3.6/site-packages/airflow/example_dags/example_branch_operator.py for tasks to queue
[2021-06-21 19:22:47,660] {logging_mixin.py:104} INFO - [2021-06-21 19:22:47,660] {dagbag.py:487} INFO - Filling up the DagBag from /home/airflow/.local/lib/python3.6/site-packages/airflow/example_dags/example_branch_operator.py
[2021-06-21 19:22:47,673] {scheduler_job.py:643} INFO - DAG(s) dict_keys(['example_branch_operator']) retrieved from /home/airflow/.local/lib/python3.6/site-packages/airflow/example_dags/example_branch_operator.py
[2021-06-21 19:22:47,688] {logging_mixin.py:104} INFO - [2021-06-21 19:22:47,688] {dag.py:1832} INFO - Sync 1 DAGs
[2021-06-21 19:22:47,705] {logging_mixin.py:104} INFO - [2021-06-21 19:22:47,705] {dag.py:2305} INFO - Setting next_dagrun for example_branch_operator to 2021-06-19 00:00:00+00:00
[2021-06-21 19:22:47,737] {scheduler_job.py:190} INFO - Processing /home/airflow/.local/lib/python3.6/site-packages/airflow/example_dags/example_branch_operator.py took 0.081 seconds
[2021-06-21 19:23:18,055] {scheduler_job.py:182} INFO - Started process (PID=3434) to work on /home/airflow/.local/lib/python3.6/site-packages/airflow/example_dags/example_branch_operator.py
[2021-06-21 19:23:18,056] {scheduler_job.py:633} INFO - Processing file /home/airflow/.local/lib/python3.6/site-packages/airflow/example_dags/example_branch_operator.py for tasks to queue
[2021-06-21 19:23:18,056] {logging_mixin.py:104} INFO - [2021-06-21 19:23:18,056] {dagbag.py:487} INFO - Filling up the DagBag from /home/airflow/.local/lib/python3.6/site-packages/airflow/example_dags/example_branch_operator.py
[2021-06-21 19:23:18,074] {scheduler_job.py:643} INFO - DAG(s) dict_keys(['example_branch_operator']) retrieved from /home/airflow/.local/lib/python3.6/site-packages/airflow/example_dags/example_branch_operator.py
[2021-06-21 19:23:18,101] {logging_mixin.py:104} INFO - [2021-06-21 19:23:18,100] {dag.py:1832} INFO - Sync 1 DAGs
[2021-06-21 19:23:18,122] {logging_mixin.py:104} INFO - [2021-06-21 19:23:18,122] {dag.py:2305} INFO - Setting next_dagrun for example_branch_operator to 2021-06-19 00:00:00+00:00
[2021-06-21 19:23:18,155] {scheduler_job.py:190} INFO - Processing /home/airflow/.local/lib/python3.6/site-packages/airflow/example_dags/example_branch_operator.py took 0.104 seconds
