[2021-06-21 19:00:00,234] {scheduler_job.py:182} INFO - Started process (PID=56) to work on /home/airflow/.local/lib/python3.6/site-packages/airflow/example_dags/example_nested_branch_dag.py
[2021-06-21 19:00:00,236] {scheduler_job.py:633} INFO - Processing file /home/airflow/.local/lib/python3.6/site-packages/airflow/example_dags/example_nested_branch_dag.py for tasks to queue
[2021-06-21 19:00:00,237] {logging_mixin.py:104} INFO - [2021-06-21 19:00:00,237] {dagbag.py:487} INFO - Filling up the DagBag from /home/airflow/.local/lib/python3.6/site-packages/airflow/example_dags/example_nested_branch_dag.py
[2021-06-21 19:00:00,272] {scheduler_job.py:643} INFO - DAG(s) dict_keys(['example_nested_branch_dag']) retrieved from /home/airflow/.local/lib/python3.6/site-packages/airflow/example_dags/example_nested_branch_dag.py
[2021-06-21 19:00:04,654] {logging_mixin.py:104} INFO - [2021-06-21 19:00:04,651] {dag.py:1832} INFO - Sync 1 DAGs
[2021-06-21 19:00:04,669] {logging_mixin.py:104} INFO - [2021-06-21 19:00:04,667] {dag.py:1851} INFO - Creating ORM DAG for example_nested_branch_dag
[2021-06-21 19:00:04,680] {logging_mixin.py:104} INFO - [2021-06-21 19:00:04,680] {dag.py:2305} INFO - Setting next_dagrun for example_nested_branch_dag to 2021-06-19 00:00:00+00:00
[2021-06-21 19:00:04,691] {scheduler_job.py:190} INFO - Processing /home/airflow/.local/lib/python3.6/site-packages/airflow/example_dags/example_nested_branch_dag.py took 4.462 seconds
[2021-06-21 19:00:42,835] {scheduler_job.py:182} INFO - Started process (PID=164) to work on /home/airflow/.local/lib/python3.6/site-packages/airflow/example_dags/example_nested_branch_dag.py
[2021-06-21 19:00:42,836] {scheduler_job.py:633} INFO - Processing file /home/airflow/.local/lib/python3.6/site-packages/airflow/example_dags/example_nested_branch_dag.py for tasks to queue
[2021-06-21 19:00:42,836] {logging_mixin.py:104} INFO - [2021-06-21 19:00:42,836] {dagbag.py:487} INFO - Filling up the DagBag from /home/airflow/.local/lib/python3.6/site-packages/airflow/example_dags/example_nested_branch_dag.py
[2021-06-21 19:00:42,850] {scheduler_job.py:643} INFO - DAG(s) dict_keys(['example_nested_branch_dag']) retrieved from /home/airflow/.local/lib/python3.6/site-packages/airflow/example_dags/example_nested_branch_dag.py
[2021-06-21 19:00:42,869] {logging_mixin.py:104} INFO - [2021-06-21 19:00:42,869] {dag.py:1832} INFO - Sync 1 DAGs
[2021-06-21 19:00:42,887] {logging_mixin.py:104} INFO - [2021-06-21 19:00:42,887] {dag.py:2305} INFO - Setting next_dagrun for example_nested_branch_dag to 2021-06-19 00:00:00+00:00
[2021-06-21 19:00:42,896] {scheduler_job.py:190} INFO - Processing /home/airflow/.local/lib/python3.6/site-packages/airflow/example_dags/example_nested_branch_dag.py took 0.064 seconds
[2021-06-21 19:01:13,608] {scheduler_job.py:182} INFO - Started process (PID=227) to work on /home/airflow/.local/lib/python3.6/site-packages/airflow/example_dags/example_nested_branch_dag.py
[2021-06-21 19:01:13,611] {scheduler_job.py:633} INFO - Processing file /home/airflow/.local/lib/python3.6/site-packages/airflow/example_dags/example_nested_branch_dag.py for tasks to queue
[2021-06-21 19:01:13,612] {logging_mixin.py:104} INFO - [2021-06-21 19:01:13,612] {dagbag.py:487} INFO - Filling up the DagBag from /home/airflow/.local/lib/python3.6/site-packages/airflow/example_dags/example_nested_branch_dag.py
[2021-06-21 19:01:13,631] {scheduler_job.py:643} INFO - DAG(s) dict_keys(['example_nested_branch_dag']) retrieved from /home/airflow/.local/lib/python3.6/site-packages/airflow/example_dags/example_nested_branch_dag.py
[2021-06-21 19:01:13,648] {logging_mixin.py:104} INFO - [2021-06-21 19:01:13,648] {dag.py:1832} INFO - Sync 1 DAGs
[2021-06-21 19:01:13,663] {logging_mixin.py:104} INFO - [2021-06-21 19:01:13,663] {dag.py:2305} INFO - Setting next_dagrun for example_nested_branch_dag to 2021-06-19 00:00:00+00:00
[2021-06-21 19:01:13,671] {scheduler_job.py:190} INFO - Processing /home/airflow/.local/lib/python3.6/site-packages/airflow/example_dags/example_nested_branch_dag.py took 0.072 seconds
[2021-06-21 19:01:44,652] {scheduler_job.py:182} INFO - Started process (PID=307) to work on /home/airflow/.local/lib/python3.6/site-packages/airflow/example_dags/example_nested_branch_dag.py
[2021-06-21 19:01:44,652] {scheduler_job.py:633} INFO - Processing file /home/airflow/.local/lib/python3.6/site-packages/airflow/example_dags/example_nested_branch_dag.py for tasks to queue
[2021-06-21 19:01:44,653] {logging_mixin.py:104} INFO - [2021-06-21 19:01:44,653] {dagbag.py:487} INFO - Filling up the DagBag from /home/airflow/.local/lib/python3.6/site-packages/airflow/example_dags/example_nested_branch_dag.py
[2021-06-21 19:01:44,666] {scheduler_job.py:643} INFO - DAG(s) dict_keys(['example_nested_branch_dag']) retrieved from /home/airflow/.local/lib/python3.6/site-packages/airflow/example_dags/example_nested_branch_dag.py
[2021-06-21 19:01:44,686] {logging_mixin.py:104} INFO - [2021-06-21 19:01:44,686] {dag.py:1832} INFO - Sync 1 DAGs
[2021-06-21 19:01:44,704] {logging_mixin.py:104} INFO - [2021-06-21 19:01:44,704] {dag.py:2305} INFO - Setting next_dagrun for example_nested_branch_dag to 2021-06-19 00:00:00+00:00
[2021-06-21 19:01:44,713] {scheduler_job.py:190} INFO - Processing /home/airflow/.local/lib/python3.6/site-packages/airflow/example_dags/example_nested_branch_dag.py took 0.063 seconds
[2021-06-21 19:02:14,934] {scheduler_job.py:182} INFO - Started process (PID=370) to work on /home/airflow/.local/lib/python3.6/site-packages/airflow/example_dags/example_nested_branch_dag.py
[2021-06-21 19:02:14,935] {scheduler_job.py:633} INFO - Processing file /home/airflow/.local/lib/python3.6/site-packages/airflow/example_dags/example_nested_branch_dag.py for tasks to queue
[2021-06-21 19:02:14,936] {logging_mixin.py:104} INFO - [2021-06-21 19:02:14,936] {dagbag.py:487} INFO - Filling up the DagBag from /home/airflow/.local/lib/python3.6/site-packages/airflow/example_dags/example_nested_branch_dag.py
[2021-06-21 19:02:14,948] {scheduler_job.py:643} INFO - DAG(s) dict_keys(['example_nested_branch_dag']) retrieved from /home/airflow/.local/lib/python3.6/site-packages/airflow/example_dags/example_nested_branch_dag.py
[2021-06-21 19:02:14,966] {logging_mixin.py:104} INFO - [2021-06-21 19:02:14,966] {dag.py:1832} INFO - Sync 1 DAGs
[2021-06-21 19:02:14,987] {logging_mixin.py:104} INFO - [2021-06-21 19:02:14,987] {dag.py:2305} INFO - Setting next_dagrun for example_nested_branch_dag to 2021-06-19 00:00:00+00:00
[2021-06-21 19:02:15,038] {scheduler_job.py:190} INFO - Processing /home/airflow/.local/lib/python3.6/site-packages/airflow/example_dags/example_nested_branch_dag.py took 0.107 seconds
[2021-06-21 19:02:45,259] {scheduler_job.py:182} INFO - Started process (PID=451) to work on /home/airflow/.local/lib/python3.6/site-packages/airflow/example_dags/example_nested_branch_dag.py
[2021-06-21 19:02:45,261] {scheduler_job.py:633} INFO - Processing file /home/airflow/.local/lib/python3.6/site-packages/airflow/example_dags/example_nested_branch_dag.py for tasks to queue
[2021-06-21 19:02:45,262] {logging_mixin.py:104} INFO - [2021-06-21 19:02:45,262] {dagbag.py:487} INFO - Filling up the DagBag from /home/airflow/.local/lib/python3.6/site-packages/airflow/example_dags/example_nested_branch_dag.py
[2021-06-21 19:02:45,286] {scheduler_job.py:643} INFO - DAG(s) dict_keys(['example_nested_branch_dag']) retrieved from /home/airflow/.local/lib/python3.6/site-packages/airflow/example_dags/example_nested_branch_dag.py
[2021-06-21 19:02:45,335] {logging_mixin.py:104} INFO - [2021-06-21 19:02:45,335] {dag.py:1832} INFO - Sync 1 DAGs
[2021-06-21 19:02:45,362] {logging_mixin.py:104} INFO - [2021-06-21 19:02:45,362] {dag.py:2305} INFO - Setting next_dagrun for example_nested_branch_dag to 2021-06-19 00:00:00+00:00
[2021-06-21 19:02:45,398] {scheduler_job.py:190} INFO - Processing /home/airflow/.local/lib/python3.6/site-packages/airflow/example_dags/example_nested_branch_dag.py took 0.147 seconds
[2021-06-21 19:03:15,518] {scheduler_job.py:182} INFO - Started process (PID=523) to work on /home/airflow/.local/lib/python3.6/site-packages/airflow/example_dags/example_nested_branch_dag.py
[2021-06-21 19:03:15,519] {scheduler_job.py:633} INFO - Processing file /home/airflow/.local/lib/python3.6/site-packages/airflow/example_dags/example_nested_branch_dag.py for tasks to queue
[2021-06-21 19:03:15,519] {logging_mixin.py:104} INFO - [2021-06-21 19:03:15,519] {dagbag.py:487} INFO - Filling up the DagBag from /home/airflow/.local/lib/python3.6/site-packages/airflow/example_dags/example_nested_branch_dag.py
[2021-06-21 19:03:15,538] {scheduler_job.py:643} INFO - DAG(s) dict_keys(['example_nested_branch_dag']) retrieved from /home/airflow/.local/lib/python3.6/site-packages/airflow/example_dags/example_nested_branch_dag.py
[2021-06-21 19:03:15,568] {logging_mixin.py:104} INFO - [2021-06-21 19:03:15,568] {dag.py:1832} INFO - Sync 1 DAGs
[2021-06-21 19:03:15,587] {logging_mixin.py:104} INFO - [2021-06-21 19:03:15,587] {dag.py:2305} INFO - Setting next_dagrun for example_nested_branch_dag to 2021-06-19 00:00:00+00:00
[2021-06-21 19:03:15,634] {scheduler_job.py:190} INFO - Processing /home/airflow/.local/lib/python3.6/site-packages/airflow/example_dags/example_nested_branch_dag.py took 0.120 seconds
[2021-06-21 19:03:45,666] {scheduler_job.py:182} INFO - Started process (PID=597) to work on /home/airflow/.local/lib/python3.6/site-packages/airflow/example_dags/example_nested_branch_dag.py
[2021-06-21 19:03:45,668] {scheduler_job.py:633} INFO - Processing file /home/airflow/.local/lib/python3.6/site-packages/airflow/example_dags/example_nested_branch_dag.py for tasks to queue
[2021-06-21 19:03:45,668] {logging_mixin.py:104} INFO - [2021-06-21 19:03:45,668] {dagbag.py:487} INFO - Filling up the DagBag from /home/airflow/.local/lib/python3.6/site-packages/airflow/example_dags/example_nested_branch_dag.py
[2021-06-21 19:03:45,684] {scheduler_job.py:643} INFO - DAG(s) dict_keys(['example_nested_branch_dag']) retrieved from /home/airflow/.local/lib/python3.6/site-packages/airflow/example_dags/example_nested_branch_dag.py
[2021-06-21 19:03:45,703] {logging_mixin.py:104} INFO - [2021-06-21 19:03:45,703] {dag.py:1832} INFO - Sync 1 DAGs
[2021-06-21 19:03:45,718] {logging_mixin.py:104} INFO - [2021-06-21 19:03:45,718] {dag.py:2305} INFO - Setting next_dagrun for example_nested_branch_dag to 2021-06-19 00:00:00+00:00
[2021-06-21 19:03:45,769] {scheduler_job.py:190} INFO - Processing /home/airflow/.local/lib/python3.6/site-packages/airflow/example_dags/example_nested_branch_dag.py took 0.105 seconds
[2021-06-21 19:04:15,954] {scheduler_job.py:182} INFO - Started process (PID=669) to work on /home/airflow/.local/lib/python3.6/site-packages/airflow/example_dags/example_nested_branch_dag.py
[2021-06-21 19:04:15,955] {scheduler_job.py:633} INFO - Processing file /home/airflow/.local/lib/python3.6/site-packages/airflow/example_dags/example_nested_branch_dag.py for tasks to queue
[2021-06-21 19:04:15,955] {logging_mixin.py:104} INFO - [2021-06-21 19:04:15,955] {dagbag.py:487} INFO - Filling up the DagBag from /home/airflow/.local/lib/python3.6/site-packages/airflow/example_dags/example_nested_branch_dag.py
[2021-06-21 19:04:15,968] {scheduler_job.py:643} INFO - DAG(s) dict_keys(['example_nested_branch_dag']) retrieved from /home/airflow/.local/lib/python3.6/site-packages/airflow/example_dags/example_nested_branch_dag.py
[2021-06-21 19:04:15,984] {logging_mixin.py:104} INFO - [2021-06-21 19:04:15,984] {dag.py:1832} INFO - Sync 1 DAGs
[2021-06-21 19:04:16,000] {logging_mixin.py:104} INFO - [2021-06-21 19:04:16,000] {dag.py:2305} INFO - Setting next_dagrun for example_nested_branch_dag to 2021-06-19 00:00:00+00:00
[2021-06-21 19:04:16,008] {scheduler_job.py:190} INFO - Processing /home/airflow/.local/lib/python3.6/site-packages/airflow/example_dags/example_nested_branch_dag.py took 0.056 seconds
[2021-06-21 19:04:46,940] {scheduler_job.py:182} INFO - Started process (PID=741) to work on /home/airflow/.local/lib/python3.6/site-packages/airflow/example_dags/example_nested_branch_dag.py
[2021-06-21 19:04:46,944] {scheduler_job.py:633} INFO - Processing file /home/airflow/.local/lib/python3.6/site-packages/airflow/example_dags/example_nested_branch_dag.py for tasks to queue
[2021-06-21 19:04:46,947] {logging_mixin.py:104} INFO - [2021-06-21 19:04:46,947] {dagbag.py:487} INFO - Filling up the DagBag from /home/airflow/.local/lib/python3.6/site-packages/airflow/example_dags/example_nested_branch_dag.py
[2021-06-21 19:04:46,994] {scheduler_job.py:643} INFO - DAG(s) dict_keys(['example_nested_branch_dag']) retrieved from /home/airflow/.local/lib/python3.6/site-packages/airflow/example_dags/example_nested_branch_dag.py
[2021-06-21 19:04:47,016] {logging_mixin.py:104} INFO - [2021-06-21 19:04:47,016] {dag.py:1832} INFO - Sync 1 DAGs
[2021-06-21 19:04:47,031] {logging_mixin.py:104} INFO - [2021-06-21 19:04:47,031] {dag.py:2305} INFO - Setting next_dagrun for example_nested_branch_dag to 2021-06-19 00:00:00+00:00
[2021-06-21 19:04:47,038] {scheduler_job.py:190} INFO - Processing /home/airflow/.local/lib/python3.6/site-packages/airflow/example_dags/example_nested_branch_dag.py took 0.114 seconds
[2021-06-21 19:05:17,819] {scheduler_job.py:182} INFO - Started process (PID=822) to work on /home/airflow/.local/lib/python3.6/site-packages/airflow/example_dags/example_nested_branch_dag.py
[2021-06-21 19:05:17,821] {scheduler_job.py:633} INFO - Processing file /home/airflow/.local/lib/python3.6/site-packages/airflow/example_dags/example_nested_branch_dag.py for tasks to queue
[2021-06-21 19:05:17,821] {logging_mixin.py:104} INFO - [2021-06-21 19:05:17,821] {dagbag.py:487} INFO - Filling up the DagBag from /home/airflow/.local/lib/python3.6/site-packages/airflow/example_dags/example_nested_branch_dag.py
[2021-06-21 19:05:17,865] {scheduler_job.py:643} INFO - DAG(s) dict_keys(['example_nested_branch_dag']) retrieved from /home/airflow/.local/lib/python3.6/site-packages/airflow/example_dags/example_nested_branch_dag.py
[2021-06-21 19:05:17,904] {logging_mixin.py:104} INFO - [2021-06-21 19:05:17,903] {dag.py:1832} INFO - Sync 1 DAGs
[2021-06-21 19:05:17,940] {logging_mixin.py:104} INFO - [2021-06-21 19:05:17,940] {dag.py:2305} INFO - Setting next_dagrun for example_nested_branch_dag to 2021-06-19 00:00:00+00:00
[2021-06-21 19:05:17,964] {scheduler_job.py:190} INFO - Processing /home/airflow/.local/lib/python3.6/site-packages/airflow/example_dags/example_nested_branch_dag.py took 0.148 seconds
[2021-06-21 19:05:48,446] {scheduler_job.py:182} INFO - Started process (PID=886) to work on /home/airflow/.local/lib/python3.6/site-packages/airflow/example_dags/example_nested_branch_dag.py
[2021-06-21 19:05:48,449] {scheduler_job.py:633} INFO - Processing file /home/airflow/.local/lib/python3.6/site-packages/airflow/example_dags/example_nested_branch_dag.py for tasks to queue
[2021-06-21 19:05:48,450] {logging_mixin.py:104} INFO - [2021-06-21 19:05:48,450] {dagbag.py:487} INFO - Filling up the DagBag from /home/airflow/.local/lib/python3.6/site-packages/airflow/example_dags/example_nested_branch_dag.py
[2021-06-21 19:05:48,499] {scheduler_job.py:643} INFO - DAG(s) dict_keys(['example_nested_branch_dag']) retrieved from /home/airflow/.local/lib/python3.6/site-packages/airflow/example_dags/example_nested_branch_dag.py
[2021-06-21 19:05:48,557] {logging_mixin.py:104} INFO - [2021-06-21 19:05:48,557] {dag.py:1832} INFO - Sync 1 DAGs
[2021-06-21 19:05:48,614] {logging_mixin.py:104} INFO - [2021-06-21 19:05:48,614] {dag.py:2305} INFO - Setting next_dagrun for example_nested_branch_dag to 2021-06-19 00:00:00+00:00
[2021-06-21 19:05:48,628] {scheduler_job.py:190} INFO - Processing /home/airflow/.local/lib/python3.6/site-packages/airflow/example_dags/example_nested_branch_dag.py took 0.191 seconds
[2021-06-21 19:06:18,708] {scheduler_job.py:182} INFO - Started process (PID=966) to work on /home/airflow/.local/lib/python3.6/site-packages/airflow/example_dags/example_nested_branch_dag.py
[2021-06-21 19:06:18,708] {scheduler_job.py:633} INFO - Processing file /home/airflow/.local/lib/python3.6/site-packages/airflow/example_dags/example_nested_branch_dag.py for tasks to queue
[2021-06-21 19:06:18,709] {logging_mixin.py:104} INFO - [2021-06-21 19:06:18,709] {dagbag.py:487} INFO - Filling up the DagBag from /home/airflow/.local/lib/python3.6/site-packages/airflow/example_dags/example_nested_branch_dag.py
[2021-06-21 19:06:18,721] {scheduler_job.py:643} INFO - DAG(s) dict_keys(['example_nested_branch_dag']) retrieved from /home/airflow/.local/lib/python3.6/site-packages/airflow/example_dags/example_nested_branch_dag.py
[2021-06-21 19:06:18,737] {logging_mixin.py:104} INFO - [2021-06-21 19:06:18,737] {dag.py:1832} INFO - Sync 1 DAGs
[2021-06-21 19:06:18,753] {logging_mixin.py:104} INFO - [2021-06-21 19:06:18,753] {dag.py:2305} INFO - Setting next_dagrun for example_nested_branch_dag to 2021-06-19 00:00:00+00:00
[2021-06-21 19:06:18,761] {scheduler_job.py:190} INFO - Processing /home/airflow/.local/lib/python3.6/site-packages/airflow/example_dags/example_nested_branch_dag.py took 0.056 seconds
[2021-06-21 19:06:49,077] {scheduler_job.py:182} INFO - Started process (PID=1030) to work on /home/airflow/.local/lib/python3.6/site-packages/airflow/example_dags/example_nested_branch_dag.py
[2021-06-21 19:06:49,080] {scheduler_job.py:633} INFO - Processing file /home/airflow/.local/lib/python3.6/site-packages/airflow/example_dags/example_nested_branch_dag.py for tasks to queue
[2021-06-21 19:06:49,081] {logging_mixin.py:104} INFO - [2021-06-21 19:06:49,081] {dagbag.py:487} INFO - Filling up the DagBag from /home/airflow/.local/lib/python3.6/site-packages/airflow/example_dags/example_nested_branch_dag.py
[2021-06-21 19:06:49,099] {scheduler_job.py:643} INFO - DAG(s) dict_keys(['example_nested_branch_dag']) retrieved from /home/airflow/.local/lib/python3.6/site-packages/airflow/example_dags/example_nested_branch_dag.py
[2021-06-21 19:06:49,116] {logging_mixin.py:104} INFO - [2021-06-21 19:06:49,116] {dag.py:1832} INFO - Sync 1 DAGs
[2021-06-21 19:06:49,131] {logging_mixin.py:104} INFO - [2021-06-21 19:06:49,131] {dag.py:2305} INFO - Setting next_dagrun for example_nested_branch_dag to 2021-06-19 00:00:00+00:00
[2021-06-21 19:06:49,138] {scheduler_job.py:190} INFO - Processing /home/airflow/.local/lib/python3.6/site-packages/airflow/example_dags/example_nested_branch_dag.py took 0.069 seconds
[2021-06-21 19:07:19,310] {scheduler_job.py:182} INFO - Started process (PID=1110) to work on /home/airflow/.local/lib/python3.6/site-packages/airflow/example_dags/example_nested_branch_dag.py
[2021-06-21 19:07:19,313] {scheduler_job.py:633} INFO - Processing file /home/airflow/.local/lib/python3.6/site-packages/airflow/example_dags/example_nested_branch_dag.py for tasks to queue
[2021-06-21 19:07:19,314] {logging_mixin.py:104} INFO - [2021-06-21 19:07:19,314] {dagbag.py:487} INFO - Filling up the DagBag from /home/airflow/.local/lib/python3.6/site-packages/airflow/example_dags/example_nested_branch_dag.py
[2021-06-21 19:07:19,341] {scheduler_job.py:643} INFO - DAG(s) dict_keys(['example_nested_branch_dag']) retrieved from /home/airflow/.local/lib/python3.6/site-packages/airflow/example_dags/example_nested_branch_dag.py
[2021-06-21 19:07:19,359] {logging_mixin.py:104} INFO - [2021-06-21 19:07:19,359] {dag.py:1832} INFO - Sync 1 DAGs
[2021-06-21 19:07:19,373] {logging_mixin.py:104} INFO - [2021-06-21 19:07:19,373] {dag.py:2305} INFO - Setting next_dagrun for example_nested_branch_dag to 2021-06-19 00:00:00+00:00
[2021-06-21 19:07:19,381] {scheduler_job.py:190} INFO - Processing /home/airflow/.local/lib/python3.6/site-packages/airflow/example_dags/example_nested_branch_dag.py took 0.080 seconds
[2021-06-21 19:07:49,616] {scheduler_job.py:182} INFO - Started process (PID=1181) to work on /home/airflow/.local/lib/python3.6/site-packages/airflow/example_dags/example_nested_branch_dag.py
[2021-06-21 19:07:49,617] {scheduler_job.py:633} INFO - Processing file /home/airflow/.local/lib/python3.6/site-packages/airflow/example_dags/example_nested_branch_dag.py for tasks to queue
[2021-06-21 19:07:49,618] {logging_mixin.py:104} INFO - [2021-06-21 19:07:49,618] {dagbag.py:487} INFO - Filling up the DagBag from /home/airflow/.local/lib/python3.6/site-packages/airflow/example_dags/example_nested_branch_dag.py
[2021-06-21 19:07:49,629] {scheduler_job.py:643} INFO - DAG(s) dict_keys(['example_nested_branch_dag']) retrieved from /home/airflow/.local/lib/python3.6/site-packages/airflow/example_dags/example_nested_branch_dag.py
[2021-06-21 19:07:49,645] {logging_mixin.py:104} INFO - [2021-06-21 19:07:49,645] {dag.py:1832} INFO - Sync 1 DAGs
[2021-06-21 19:07:49,660] {logging_mixin.py:104} INFO - [2021-06-21 19:07:49,660] {dag.py:2305} INFO - Setting next_dagrun for example_nested_branch_dag to 2021-06-19 00:00:00+00:00
[2021-06-21 19:07:49,668] {scheduler_job.py:190} INFO - Processing /home/airflow/.local/lib/python3.6/site-packages/airflow/example_dags/example_nested_branch_dag.py took 0.054 seconds
[2021-06-21 19:08:20,062] {scheduler_job.py:182} INFO - Started process (PID=1255) to work on /home/airflow/.local/lib/python3.6/site-packages/airflow/example_dags/example_nested_branch_dag.py
[2021-06-21 19:08:20,063] {scheduler_job.py:633} INFO - Processing file /home/airflow/.local/lib/python3.6/site-packages/airflow/example_dags/example_nested_branch_dag.py for tasks to queue
[2021-06-21 19:08:20,064] {logging_mixin.py:104} INFO - [2021-06-21 19:08:20,064] {dagbag.py:487} INFO - Filling up the DagBag from /home/airflow/.local/lib/python3.6/site-packages/airflow/example_dags/example_nested_branch_dag.py
[2021-06-21 19:08:20,087] {scheduler_job.py:643} INFO - DAG(s) dict_keys(['example_nested_branch_dag']) retrieved from /home/airflow/.local/lib/python3.6/site-packages/airflow/example_dags/example_nested_branch_dag.py
[2021-06-21 19:08:20,103] {logging_mixin.py:104} INFO - [2021-06-21 19:08:20,103] {dag.py:1832} INFO - Sync 1 DAGs
[2021-06-21 19:08:20,118] {logging_mixin.py:104} INFO - [2021-06-21 19:08:20,118] {dag.py:2305} INFO - Setting next_dagrun for example_nested_branch_dag to 2021-06-19 00:00:00+00:00
[2021-06-21 19:08:20,125] {scheduler_job.py:190} INFO - Processing /home/airflow/.local/lib/python3.6/site-packages/airflow/example_dags/example_nested_branch_dag.py took 0.071 seconds
[2021-06-21 19:08:50,646] {scheduler_job.py:182} INFO - Started process (PID=1339) to work on /home/airflow/.local/lib/python3.6/site-packages/airflow/example_dags/example_nested_branch_dag.py
[2021-06-21 19:08:50,647] {scheduler_job.py:633} INFO - Processing file /home/airflow/.local/lib/python3.6/site-packages/airflow/example_dags/example_nested_branch_dag.py for tasks to queue
[2021-06-21 19:08:50,648] {logging_mixin.py:104} INFO - [2021-06-21 19:08:50,648] {dagbag.py:487} INFO - Filling up the DagBag from /home/airflow/.local/lib/python3.6/site-packages/airflow/example_dags/example_nested_branch_dag.py
[2021-06-21 19:08:50,663] {scheduler_job.py:643} INFO - DAG(s) dict_keys(['example_nested_branch_dag']) retrieved from /home/airflow/.local/lib/python3.6/site-packages/airflow/example_dags/example_nested_branch_dag.py
[2021-06-21 19:08:50,681] {logging_mixin.py:104} INFO - [2021-06-21 19:08:50,681] {dag.py:1832} INFO - Sync 1 DAGs
[2021-06-21 19:08:50,697] {logging_mixin.py:104} INFO - [2021-06-21 19:08:50,697] {dag.py:2305} INFO - Setting next_dagrun for example_nested_branch_dag to 2021-06-19 00:00:00+00:00
[2021-06-21 19:08:50,706] {scheduler_job.py:190} INFO - Processing /home/airflow/.local/lib/python3.6/site-packages/airflow/example_dags/example_nested_branch_dag.py took 0.062 seconds
[2021-06-21 19:09:21,008] {scheduler_job.py:182} INFO - Started process (PID=1404) to work on /home/airflow/.local/lib/python3.6/site-packages/airflow/example_dags/example_nested_branch_dag.py
[2021-06-21 19:09:21,009] {scheduler_job.py:633} INFO - Processing file /home/airflow/.local/lib/python3.6/site-packages/airflow/example_dags/example_nested_branch_dag.py for tasks to queue
[2021-06-21 19:09:21,010] {logging_mixin.py:104} INFO - [2021-06-21 19:09:21,009] {dagbag.py:487} INFO - Filling up the DagBag from /home/airflow/.local/lib/python3.6/site-packages/airflow/example_dags/example_nested_branch_dag.py
[2021-06-21 19:09:21,024] {scheduler_job.py:643} INFO - DAG(s) dict_keys(['example_nested_branch_dag']) retrieved from /home/airflow/.local/lib/python3.6/site-packages/airflow/example_dags/example_nested_branch_dag.py
[2021-06-21 19:09:21,045] {logging_mixin.py:104} INFO - [2021-06-21 19:09:21,045] {dag.py:1832} INFO - Sync 1 DAGs
[2021-06-21 19:09:21,064] {logging_mixin.py:104} INFO - [2021-06-21 19:09:21,064] {dag.py:2305} INFO - Setting next_dagrun for example_nested_branch_dag to 2021-06-19 00:00:00+00:00
[2021-06-21 19:09:21,073] {scheduler_job.py:190} INFO - Processing /home/airflow/.local/lib/python3.6/site-packages/airflow/example_dags/example_nested_branch_dag.py took 0.069 seconds
[2021-06-21 19:09:51,536] {scheduler_job.py:182} INFO - Started process (PID=1478) to work on /home/airflow/.local/lib/python3.6/site-packages/airflow/example_dags/example_nested_branch_dag.py
[2021-06-21 19:09:51,537] {scheduler_job.py:633} INFO - Processing file /home/airflow/.local/lib/python3.6/site-packages/airflow/example_dags/example_nested_branch_dag.py for tasks to queue
[2021-06-21 19:09:51,538] {logging_mixin.py:104} INFO - [2021-06-21 19:09:51,538] {dagbag.py:487} INFO - Filling up the DagBag from /home/airflow/.local/lib/python3.6/site-packages/airflow/example_dags/example_nested_branch_dag.py
[2021-06-21 19:09:51,550] {scheduler_job.py:643} INFO - DAG(s) dict_keys(['example_nested_branch_dag']) retrieved from /home/airflow/.local/lib/python3.6/site-packages/airflow/example_dags/example_nested_branch_dag.py
[2021-06-21 19:09:51,573] {logging_mixin.py:104} INFO - [2021-06-21 19:09:51,573] {dag.py:1832} INFO - Sync 1 DAGs
[2021-06-21 19:09:51,597] {logging_mixin.py:104} INFO - [2021-06-21 19:09:51,597] {dag.py:2305} INFO - Setting next_dagrun for example_nested_branch_dag to 2021-06-19 00:00:00+00:00
[2021-06-21 19:09:51,700] {scheduler_job.py:190} INFO - Processing /home/airflow/.local/lib/python3.6/site-packages/airflow/example_dags/example_nested_branch_dag.py took 0.167 seconds
[2021-06-21 19:10:21,836] {scheduler_job.py:182} INFO - Started process (PID=1549) to work on /home/airflow/.local/lib/python3.6/site-packages/airflow/example_dags/example_nested_branch_dag.py
[2021-06-21 19:10:21,837] {scheduler_job.py:633} INFO - Processing file /home/airflow/.local/lib/python3.6/site-packages/airflow/example_dags/example_nested_branch_dag.py for tasks to queue
[2021-06-21 19:10:21,839] {logging_mixin.py:104} INFO - [2021-06-21 19:10:21,838] {dagbag.py:487} INFO - Filling up the DagBag from /home/airflow/.local/lib/python3.6/site-packages/airflow/example_dags/example_nested_branch_dag.py
[2021-06-21 19:10:21,860] {scheduler_job.py:643} INFO - DAG(s) dict_keys(['example_nested_branch_dag']) retrieved from /home/airflow/.local/lib/python3.6/site-packages/airflow/example_dags/example_nested_branch_dag.py
[2021-06-21 19:10:21,896] {logging_mixin.py:104} INFO - [2021-06-21 19:10:21,896] {dag.py:1832} INFO - Sync 1 DAGs
[2021-06-21 19:10:21,922] {logging_mixin.py:104} INFO - [2021-06-21 19:10:21,922] {dag.py:2305} INFO - Setting next_dagrun for example_nested_branch_dag to 2021-06-19 00:00:00+00:00
[2021-06-21 19:10:21,992] {scheduler_job.py:190} INFO - Processing /home/airflow/.local/lib/python3.6/site-packages/airflow/example_dags/example_nested_branch_dag.py took 0.160 seconds
[2021-06-21 19:10:52,187] {scheduler_job.py:182} INFO - Started process (PID=1615) to work on /home/airflow/.local/lib/python3.6/site-packages/airflow/example_dags/example_nested_branch_dag.py
[2021-06-21 19:10:52,189] {scheduler_job.py:633} INFO - Processing file /home/airflow/.local/lib/python3.6/site-packages/airflow/example_dags/example_nested_branch_dag.py for tasks to queue
[2021-06-21 19:10:52,190] {logging_mixin.py:104} INFO - [2021-06-21 19:10:52,190] {dagbag.py:487} INFO - Filling up the DagBag from /home/airflow/.local/lib/python3.6/site-packages/airflow/example_dags/example_nested_branch_dag.py
[2021-06-21 19:10:52,209] {scheduler_job.py:643} INFO - DAG(s) dict_keys(['example_nested_branch_dag']) retrieved from /home/airflow/.local/lib/python3.6/site-packages/airflow/example_dags/example_nested_branch_dag.py
[2021-06-21 19:10:52,229] {logging_mixin.py:104} INFO - [2021-06-21 19:10:52,229] {dag.py:1832} INFO - Sync 1 DAGs
[2021-06-21 19:10:52,249] {logging_mixin.py:104} INFO - [2021-06-21 19:10:52,249] {dag.py:2305} INFO - Setting next_dagrun for example_nested_branch_dag to 2021-06-19 00:00:00+00:00
[2021-06-21 19:10:52,290] {scheduler_job.py:190} INFO - Processing /home/airflow/.local/lib/python3.6/site-packages/airflow/example_dags/example_nested_branch_dag.py took 0.111 seconds
[2021-06-21 19:11:22,502] {scheduler_job.py:182} INFO - Started process (PID=1695) to work on /home/airflow/.local/lib/python3.6/site-packages/airflow/example_dags/example_nested_branch_dag.py
[2021-06-21 19:11:22,506] {scheduler_job.py:633} INFO - Processing file /home/airflow/.local/lib/python3.6/site-packages/airflow/example_dags/example_nested_branch_dag.py for tasks to queue
[2021-06-21 19:11:22,507] {logging_mixin.py:104} INFO - [2021-06-21 19:11:22,507] {dagbag.py:487} INFO - Filling up the DagBag from /home/airflow/.local/lib/python3.6/site-packages/airflow/example_dags/example_nested_branch_dag.py
[2021-06-21 19:11:22,528] {scheduler_job.py:643} INFO - DAG(s) dict_keys(['example_nested_branch_dag']) retrieved from /home/airflow/.local/lib/python3.6/site-packages/airflow/example_dags/example_nested_branch_dag.py
[2021-06-21 19:11:22,547] {logging_mixin.py:104} INFO - [2021-06-21 19:11:22,547] {dag.py:1832} INFO - Sync 1 DAGs
[2021-06-21 19:11:22,564] {logging_mixin.py:104} INFO - [2021-06-21 19:11:22,563] {dag.py:2305} INFO - Setting next_dagrun for example_nested_branch_dag to 2021-06-19 00:00:00+00:00
[2021-06-21 19:11:22,610] {scheduler_job.py:190} INFO - Processing /home/airflow/.local/lib/python3.6/site-packages/airflow/example_dags/example_nested_branch_dag.py took 0.116 seconds
[2021-06-21 19:11:52,708] {scheduler_job.py:182} INFO - Started process (PID=1761) to work on /home/airflow/.local/lib/python3.6/site-packages/airflow/example_dags/example_nested_branch_dag.py
[2021-06-21 19:11:52,709] {scheduler_job.py:633} INFO - Processing file /home/airflow/.local/lib/python3.6/site-packages/airflow/example_dags/example_nested_branch_dag.py for tasks to queue
[2021-06-21 19:11:52,710] {logging_mixin.py:104} INFO - [2021-06-21 19:11:52,709] {dagbag.py:487} INFO - Filling up the DagBag from /home/airflow/.local/lib/python3.6/site-packages/airflow/example_dags/example_nested_branch_dag.py
[2021-06-21 19:11:52,722] {scheduler_job.py:643} INFO - DAG(s) dict_keys(['example_nested_branch_dag']) retrieved from /home/airflow/.local/lib/python3.6/site-packages/airflow/example_dags/example_nested_branch_dag.py
[2021-06-21 19:11:52,740] {logging_mixin.py:104} INFO - [2021-06-21 19:11:52,740] {dag.py:1832} INFO - Sync 1 DAGs
[2021-06-21 19:11:52,757] {logging_mixin.py:104} INFO - [2021-06-21 19:11:52,757] {dag.py:2305} INFO - Setting next_dagrun for example_nested_branch_dag to 2021-06-19 00:00:00+00:00
[2021-06-21 19:11:52,766] {scheduler_job.py:190} INFO - Processing /home/airflow/.local/lib/python3.6/site-packages/airflow/example_dags/example_nested_branch_dag.py took 0.061 seconds
[2021-06-21 19:12:22,920] {scheduler_job.py:182} INFO - Started process (PID=1841) to work on /home/airflow/.local/lib/python3.6/site-packages/airflow/example_dags/example_nested_branch_dag.py
[2021-06-21 19:12:22,922] {scheduler_job.py:633} INFO - Processing file /home/airflow/.local/lib/python3.6/site-packages/airflow/example_dags/example_nested_branch_dag.py for tasks to queue
[2021-06-21 19:12:22,924] {logging_mixin.py:104} INFO - [2021-06-21 19:12:22,923] {dagbag.py:487} INFO - Filling up the DagBag from /home/airflow/.local/lib/python3.6/site-packages/airflow/example_dags/example_nested_branch_dag.py
[2021-06-21 19:12:22,962] {scheduler_job.py:643} INFO - DAG(s) dict_keys(['example_nested_branch_dag']) retrieved from /home/airflow/.local/lib/python3.6/site-packages/airflow/example_dags/example_nested_branch_dag.py
[2021-06-21 19:12:23,010] {logging_mixin.py:104} INFO - [2021-06-21 19:12:23,010] {dag.py:1832} INFO - Sync 1 DAGs
[2021-06-21 19:12:23,038] {logging_mixin.py:104} INFO - [2021-06-21 19:12:23,038] {dag.py:2305} INFO - Setting next_dagrun for example_nested_branch_dag to 2021-06-19 00:00:00+00:00
[2021-06-21 19:12:23,048] {scheduler_job.py:190} INFO - Processing /home/airflow/.local/lib/python3.6/site-packages/airflow/example_dags/example_nested_branch_dag.py took 0.134 seconds
[2021-06-21 19:12:53,086] {scheduler_job.py:182} INFO - Started process (PID=1906) to work on /home/airflow/.local/lib/python3.6/site-packages/airflow/example_dags/example_nested_branch_dag.py
[2021-06-21 19:12:53,088] {scheduler_job.py:633} INFO - Processing file /home/airflow/.local/lib/python3.6/site-packages/airflow/example_dags/example_nested_branch_dag.py for tasks to queue
[2021-06-21 19:12:53,089] {logging_mixin.py:104} INFO - [2021-06-21 19:12:53,088] {dagbag.py:487} INFO - Filling up the DagBag from /home/airflow/.local/lib/python3.6/site-packages/airflow/example_dags/example_nested_branch_dag.py
[2021-06-21 19:12:53,111] {scheduler_job.py:643} INFO - DAG(s) dict_keys(['example_nested_branch_dag']) retrieved from /home/airflow/.local/lib/python3.6/site-packages/airflow/example_dags/example_nested_branch_dag.py
[2021-06-21 19:12:53,144] {logging_mixin.py:104} INFO - [2021-06-21 19:12:53,144] {dag.py:1832} INFO - Sync 1 DAGs
[2021-06-21 19:12:53,173] {logging_mixin.py:104} INFO - [2021-06-21 19:12:53,173] {dag.py:2305} INFO - Setting next_dagrun for example_nested_branch_dag to 2021-06-19 00:00:00+00:00
[2021-06-21 19:12:53,184] {scheduler_job.py:190} INFO - Processing /home/airflow/.local/lib/python3.6/site-packages/airflow/example_dags/example_nested_branch_dag.py took 0.102 seconds
[2021-06-21 19:13:23,201] {scheduler_job.py:182} INFO - Started process (PID=1990) to work on /home/airflow/.local/lib/python3.6/site-packages/airflow/example_dags/example_nested_branch_dag.py
[2021-06-21 19:13:23,202] {scheduler_job.py:633} INFO - Processing file /home/airflow/.local/lib/python3.6/site-packages/airflow/example_dags/example_nested_branch_dag.py for tasks to queue
[2021-06-21 19:13:23,202] {logging_mixin.py:104} INFO - [2021-06-21 19:13:23,202] {dagbag.py:487} INFO - Filling up the DagBag from /home/airflow/.local/lib/python3.6/site-packages/airflow/example_dags/example_nested_branch_dag.py
[2021-06-21 19:13:23,220] {scheduler_job.py:643} INFO - DAG(s) dict_keys(['example_nested_branch_dag']) retrieved from /home/airflow/.local/lib/python3.6/site-packages/airflow/example_dags/example_nested_branch_dag.py
[2021-06-21 19:13:23,248] {logging_mixin.py:104} INFO - [2021-06-21 19:13:23,248] {dag.py:1832} INFO - Sync 1 DAGs
[2021-06-21 19:13:23,276] {logging_mixin.py:104} INFO - [2021-06-21 19:13:23,275] {dag.py:2305} INFO - Setting next_dagrun for example_nested_branch_dag to 2021-06-19 00:00:00+00:00
[2021-06-21 19:13:23,288] {scheduler_job.py:190} INFO - Processing /home/airflow/.local/lib/python3.6/site-packages/airflow/example_dags/example_nested_branch_dag.py took 0.091 seconds
[2021-06-21 19:13:53,757] {scheduler_job.py:182} INFO - Started process (PID=2055) to work on /home/airflow/.local/lib/python3.6/site-packages/airflow/example_dags/example_nested_branch_dag.py
[2021-06-21 19:13:53,758] {scheduler_job.py:633} INFO - Processing file /home/airflow/.local/lib/python3.6/site-packages/airflow/example_dags/example_nested_branch_dag.py for tasks to queue
[2021-06-21 19:13:53,758] {logging_mixin.py:104} INFO - [2021-06-21 19:13:53,758] {dagbag.py:487} INFO - Filling up the DagBag from /home/airflow/.local/lib/python3.6/site-packages/airflow/example_dags/example_nested_branch_dag.py
[2021-06-21 19:13:53,775] {scheduler_job.py:643} INFO - DAG(s) dict_keys(['example_nested_branch_dag']) retrieved from /home/airflow/.local/lib/python3.6/site-packages/airflow/example_dags/example_nested_branch_dag.py
[2021-06-21 19:13:53,796] {logging_mixin.py:104} INFO - [2021-06-21 19:13:53,796] {dag.py:1832} INFO - Sync 1 DAGs
[2021-06-21 19:13:53,816] {logging_mixin.py:104} INFO - [2021-06-21 19:13:53,816] {dag.py:2305} INFO - Setting next_dagrun for example_nested_branch_dag to 2021-06-19 00:00:00+00:00
[2021-06-21 19:13:53,829] {scheduler_job.py:190} INFO - Processing /home/airflow/.local/lib/python3.6/site-packages/airflow/example_dags/example_nested_branch_dag.py took 0.074 seconds
[2021-06-21 19:14:23,950] {scheduler_job.py:182} INFO - Started process (PID=2130) to work on /home/airflow/.local/lib/python3.6/site-packages/airflow/example_dags/example_nested_branch_dag.py
[2021-06-21 19:14:23,952] {scheduler_job.py:633} INFO - Processing file /home/airflow/.local/lib/python3.6/site-packages/airflow/example_dags/example_nested_branch_dag.py for tasks to queue
[2021-06-21 19:14:23,952] {logging_mixin.py:104} INFO - [2021-06-21 19:14:23,952] {dagbag.py:487} INFO - Filling up the DagBag from /home/airflow/.local/lib/python3.6/site-packages/airflow/example_dags/example_nested_branch_dag.py
[2021-06-21 19:14:23,968] {scheduler_job.py:643} INFO - DAG(s) dict_keys(['example_nested_branch_dag']) retrieved from /home/airflow/.local/lib/python3.6/site-packages/airflow/example_dags/example_nested_branch_dag.py
[2021-06-21 19:14:23,996] {logging_mixin.py:104} INFO - [2021-06-21 19:14:23,996] {dag.py:1832} INFO - Sync 1 DAGs
[2021-06-21 19:14:24,025] {logging_mixin.py:104} INFO - [2021-06-21 19:14:24,025] {dag.py:2305} INFO - Setting next_dagrun for example_nested_branch_dag to 2021-06-19 00:00:00+00:00
[2021-06-21 19:14:24,036] {scheduler_job.py:190} INFO - Processing /home/airflow/.local/lib/python3.6/site-packages/airflow/example_dags/example_nested_branch_dag.py took 0.090 seconds
[2021-06-21 19:14:54,532] {scheduler_job.py:182} INFO - Started process (PID=2201) to work on /home/airflow/.local/lib/python3.6/site-packages/airflow/example_dags/example_nested_branch_dag.py
[2021-06-21 19:14:54,534] {scheduler_job.py:633} INFO - Processing file /home/airflow/.local/lib/python3.6/site-packages/airflow/example_dags/example_nested_branch_dag.py for tasks to queue
[2021-06-21 19:14:54,535] {logging_mixin.py:104} INFO - [2021-06-21 19:14:54,534] {dagbag.py:487} INFO - Filling up the DagBag from /home/airflow/.local/lib/python3.6/site-packages/airflow/example_dags/example_nested_branch_dag.py
[2021-06-21 19:14:54,555] {scheduler_job.py:643} INFO - DAG(s) dict_keys(['example_nested_branch_dag']) retrieved from /home/airflow/.local/lib/python3.6/site-packages/airflow/example_dags/example_nested_branch_dag.py
[2021-06-21 19:14:54,582] {logging_mixin.py:104} INFO - [2021-06-21 19:14:54,582] {dag.py:1832} INFO - Sync 1 DAGs
[2021-06-21 19:14:54,607] {logging_mixin.py:104} INFO - [2021-06-21 19:14:54,606] {dag.py:2305} INFO - Setting next_dagrun for example_nested_branch_dag to 2021-06-19 00:00:00+00:00
[2021-06-21 19:14:54,615] {scheduler_job.py:190} INFO - Processing /home/airflow/.local/lib/python3.6/site-packages/airflow/example_dags/example_nested_branch_dag.py took 0.091 seconds
[2021-06-21 19:15:25,366] {scheduler_job.py:182} INFO - Started process (PID=2291) to work on /home/airflow/.local/lib/python3.6/site-packages/airflow/example_dags/example_nested_branch_dag.py
[2021-06-21 19:15:25,367] {scheduler_job.py:633} INFO - Processing file /home/airflow/.local/lib/python3.6/site-packages/airflow/example_dags/example_nested_branch_dag.py for tasks to queue
[2021-06-21 19:15:25,367] {logging_mixin.py:104} INFO - [2021-06-21 19:15:25,367] {dagbag.py:487} INFO - Filling up the DagBag from /home/airflow/.local/lib/python3.6/site-packages/airflow/example_dags/example_nested_branch_dag.py
[2021-06-21 19:15:25,383] {scheduler_job.py:643} INFO - DAG(s) dict_keys(['example_nested_branch_dag']) retrieved from /home/airflow/.local/lib/python3.6/site-packages/airflow/example_dags/example_nested_branch_dag.py
[2021-06-21 19:15:25,407] {logging_mixin.py:104} INFO - [2021-06-21 19:15:25,407] {dag.py:1832} INFO - Sync 1 DAGs
[2021-06-21 19:15:25,428] {logging_mixin.py:104} INFO - [2021-06-21 19:15:25,428] {dag.py:2305} INFO - Setting next_dagrun for example_nested_branch_dag to 2021-06-19 00:00:00+00:00
[2021-06-21 19:15:25,438] {scheduler_job.py:190} INFO - Processing /home/airflow/.local/lib/python3.6/site-packages/airflow/example_dags/example_nested_branch_dag.py took 0.076 seconds
[2021-06-21 19:15:56,256] {scheduler_job.py:182} INFO - Started process (PID=2356) to work on /home/airflow/.local/lib/python3.6/site-packages/airflow/example_dags/example_nested_branch_dag.py
[2021-06-21 19:15:56,257] {scheduler_job.py:633} INFO - Processing file /home/airflow/.local/lib/python3.6/site-packages/airflow/example_dags/example_nested_branch_dag.py for tasks to queue
[2021-06-21 19:15:56,258] {logging_mixin.py:104} INFO - [2021-06-21 19:15:56,258] {dagbag.py:487} INFO - Filling up the DagBag from /home/airflow/.local/lib/python3.6/site-packages/airflow/example_dags/example_nested_branch_dag.py
[2021-06-21 19:15:56,273] {scheduler_job.py:643} INFO - DAG(s) dict_keys(['example_nested_branch_dag']) retrieved from /home/airflow/.local/lib/python3.6/site-packages/airflow/example_dags/example_nested_branch_dag.py
[2021-06-21 19:15:56,295] {logging_mixin.py:104} INFO - [2021-06-21 19:15:56,295] {dag.py:1832} INFO - Sync 1 DAGs
[2021-06-21 19:15:56,316] {logging_mixin.py:104} INFO - [2021-06-21 19:15:56,316] {dag.py:2305} INFO - Setting next_dagrun for example_nested_branch_dag to 2021-06-19 00:00:00+00:00
[2021-06-21 19:15:56,323] {scheduler_job.py:190} INFO - Processing /home/airflow/.local/lib/python3.6/site-packages/airflow/example_dags/example_nested_branch_dag.py took 0.071 seconds
[2021-06-21 19:16:27,075] {scheduler_job.py:182} INFO - Started process (PID=2437) to work on /home/airflow/.local/lib/python3.6/site-packages/airflow/example_dags/example_nested_branch_dag.py
[2021-06-21 19:16:27,077] {scheduler_job.py:633} INFO - Processing file /home/airflow/.local/lib/python3.6/site-packages/airflow/example_dags/example_nested_branch_dag.py for tasks to queue
[2021-06-21 19:16:27,078] {logging_mixin.py:104} INFO - [2021-06-21 19:16:27,078] {dagbag.py:487} INFO - Filling up the DagBag from /home/airflow/.local/lib/python3.6/site-packages/airflow/example_dags/example_nested_branch_dag.py
[2021-06-21 19:16:27,096] {scheduler_job.py:643} INFO - DAG(s) dict_keys(['example_nested_branch_dag']) retrieved from /home/airflow/.local/lib/python3.6/site-packages/airflow/example_dags/example_nested_branch_dag.py
[2021-06-21 19:16:27,116] {logging_mixin.py:104} INFO - [2021-06-21 19:16:27,116] {dag.py:1832} INFO - Sync 1 DAGs
[2021-06-21 19:16:27,134] {logging_mixin.py:104} INFO - [2021-06-21 19:16:27,133] {dag.py:2305} INFO - Setting next_dagrun for example_nested_branch_dag to 2021-06-19 00:00:00+00:00
[2021-06-21 19:16:27,177] {scheduler_job.py:190} INFO - Processing /home/airflow/.local/lib/python3.6/site-packages/airflow/example_dags/example_nested_branch_dag.py took 0.107 seconds
[2021-06-21 19:16:57,262] {scheduler_job.py:182} INFO - Started process (PID=2502) to work on /home/airflow/.local/lib/python3.6/site-packages/airflow/example_dags/example_nested_branch_dag.py
[2021-06-21 19:16:57,264] {scheduler_job.py:633} INFO - Processing file /home/airflow/.local/lib/python3.6/site-packages/airflow/example_dags/example_nested_branch_dag.py for tasks to queue
[2021-06-21 19:16:57,265] {logging_mixin.py:104} INFO - [2021-06-21 19:16:57,265] {dagbag.py:487} INFO - Filling up the DagBag from /home/airflow/.local/lib/python3.6/site-packages/airflow/example_dags/example_nested_branch_dag.py
[2021-06-21 19:16:57,282] {scheduler_job.py:643} INFO - DAG(s) dict_keys(['example_nested_branch_dag']) retrieved from /home/airflow/.local/lib/python3.6/site-packages/airflow/example_dags/example_nested_branch_dag.py
[2021-06-21 19:16:57,318] {logging_mixin.py:104} INFO - [2021-06-21 19:16:57,318] {dag.py:1832} INFO - Sync 1 DAGs
[2021-06-21 19:16:57,348] {logging_mixin.py:104} INFO - [2021-06-21 19:16:57,348] {dag.py:2305} INFO - Setting next_dagrun for example_nested_branch_dag to 2021-06-19 00:00:00+00:00
[2021-06-21 19:16:57,404] {scheduler_job.py:190} INFO - Processing /home/airflow/.local/lib/python3.6/site-packages/airflow/example_dags/example_nested_branch_dag.py took 0.145 seconds
[2021-06-21 19:17:27,492] {scheduler_job.py:182} INFO - Started process (PID=2582) to work on /home/airflow/.local/lib/python3.6/site-packages/airflow/example_dags/example_nested_branch_dag.py
[2021-06-21 19:17:27,495] {scheduler_job.py:633} INFO - Processing file /home/airflow/.local/lib/python3.6/site-packages/airflow/example_dags/example_nested_branch_dag.py for tasks to queue
[2021-06-21 19:17:27,496] {logging_mixin.py:104} INFO - [2021-06-21 19:17:27,496] {dagbag.py:487} INFO - Filling up the DagBag from /home/airflow/.local/lib/python3.6/site-packages/airflow/example_dags/example_nested_branch_dag.py
[2021-06-21 19:17:27,537] {scheduler_job.py:643} INFO - DAG(s) dict_keys(['example_nested_branch_dag']) retrieved from /home/airflow/.local/lib/python3.6/site-packages/airflow/example_dags/example_nested_branch_dag.py
[2021-06-21 19:17:27,598] {logging_mixin.py:104} INFO - [2021-06-21 19:17:27,598] {dag.py:1832} INFO - Sync 1 DAGs
[2021-06-21 19:17:27,654] {logging_mixin.py:104} INFO - [2021-06-21 19:17:27,654] {dag.py:2305} INFO - Setting next_dagrun for example_nested_branch_dag to 2021-06-19 00:00:00+00:00
[2021-06-21 19:17:27,701] {scheduler_job.py:190} INFO - Processing /home/airflow/.local/lib/python3.6/site-packages/airflow/example_dags/example_nested_branch_dag.py took 0.217 seconds
[2021-06-21 19:17:57,904] {scheduler_job.py:182} INFO - Started process (PID=2647) to work on /home/airflow/.local/lib/python3.6/site-packages/airflow/example_dags/example_nested_branch_dag.py
[2021-06-21 19:17:57,906] {scheduler_job.py:633} INFO - Processing file /home/airflow/.local/lib/python3.6/site-packages/airflow/example_dags/example_nested_branch_dag.py for tasks to queue
[2021-06-21 19:17:57,907] {logging_mixin.py:104} INFO - [2021-06-21 19:17:57,907] {dagbag.py:487} INFO - Filling up the DagBag from /home/airflow/.local/lib/python3.6/site-packages/airflow/example_dags/example_nested_branch_dag.py
[2021-06-21 19:17:57,926] {scheduler_job.py:643} INFO - DAG(s) dict_keys(['example_nested_branch_dag']) retrieved from /home/airflow/.local/lib/python3.6/site-packages/airflow/example_dags/example_nested_branch_dag.py
[2021-06-21 19:17:57,944] {logging_mixin.py:104} INFO - [2021-06-21 19:17:57,944] {dag.py:1832} INFO - Sync 1 DAGs
[2021-06-21 19:17:57,961] {logging_mixin.py:104} INFO - [2021-06-21 19:17:57,960] {dag.py:2305} INFO - Setting next_dagrun for example_nested_branch_dag to 2021-06-19 00:00:00+00:00
[2021-06-21 19:17:58,000] {scheduler_job.py:190} INFO - Processing /home/airflow/.local/lib/python3.6/site-packages/airflow/example_dags/example_nested_branch_dag.py took 0.104 seconds
[2021-06-21 19:18:28,628] {scheduler_job.py:182} INFO - Started process (PID=2731) to work on /home/airflow/.local/lib/python3.6/site-packages/airflow/example_dags/example_nested_branch_dag.py
[2021-06-21 19:18:28,632] {scheduler_job.py:633} INFO - Processing file /home/airflow/.local/lib/python3.6/site-packages/airflow/example_dags/example_nested_branch_dag.py for tasks to queue
[2021-06-21 19:18:28,634] {logging_mixin.py:104} INFO - [2021-06-21 19:18:28,634] {dagbag.py:487} INFO - Filling up the DagBag from /home/airflow/.local/lib/python3.6/site-packages/airflow/example_dags/example_nested_branch_dag.py
[2021-06-21 19:18:28,659] {scheduler_job.py:643} INFO - DAG(s) dict_keys(['example_nested_branch_dag']) retrieved from /home/airflow/.local/lib/python3.6/site-packages/airflow/example_dags/example_nested_branch_dag.py
[2021-06-21 19:18:28,677] {logging_mixin.py:104} INFO - [2021-06-21 19:18:28,677] {dag.py:1832} INFO - Sync 1 DAGs
[2021-06-21 19:18:28,692] {logging_mixin.py:104} INFO - [2021-06-21 19:18:28,692] {dag.py:2305} INFO - Setting next_dagrun for example_nested_branch_dag to 2021-06-19 00:00:00+00:00
[2021-06-21 19:18:28,699] {scheduler_job.py:190} INFO - Processing /home/airflow/.local/lib/python3.6/site-packages/airflow/example_dags/example_nested_branch_dag.py took 0.080 seconds
[2021-06-21 19:18:59,451] {scheduler_job.py:182} INFO - Started process (PID=2795) to work on /home/airflow/.local/lib/python3.6/site-packages/airflow/example_dags/example_nested_branch_dag.py
[2021-06-21 19:18:59,453] {scheduler_job.py:633} INFO - Processing file /home/airflow/.local/lib/python3.6/site-packages/airflow/example_dags/example_nested_branch_dag.py for tasks to queue
[2021-06-21 19:18:59,454] {logging_mixin.py:104} INFO - [2021-06-21 19:18:59,454] {dagbag.py:487} INFO - Filling up the DagBag from /home/airflow/.local/lib/python3.6/site-packages/airflow/example_dags/example_nested_branch_dag.py
[2021-06-21 19:18:59,472] {scheduler_job.py:643} INFO - DAG(s) dict_keys(['example_nested_branch_dag']) retrieved from /home/airflow/.local/lib/python3.6/site-packages/airflow/example_dags/example_nested_branch_dag.py
[2021-06-21 19:18:59,491] {logging_mixin.py:104} INFO - [2021-06-21 19:18:59,491] {dag.py:1832} INFO - Sync 1 DAGs
[2021-06-21 19:18:59,507] {logging_mixin.py:104} INFO - [2021-06-21 19:18:59,507] {dag.py:2305} INFO - Setting next_dagrun for example_nested_branch_dag to 2021-06-19 00:00:00+00:00
[2021-06-21 19:18:59,516] {scheduler_job.py:190} INFO - Processing /home/airflow/.local/lib/python3.6/site-packages/airflow/example_dags/example_nested_branch_dag.py took 0.070 seconds
[2021-06-21 19:19:30,199] {scheduler_job.py:182} INFO - Started process (PID=2879) to work on /home/airflow/.local/lib/python3.6/site-packages/airflow/example_dags/example_nested_branch_dag.py
[2021-06-21 19:19:30,199] {scheduler_job.py:633} INFO - Processing file /home/airflow/.local/lib/python3.6/site-packages/airflow/example_dags/example_nested_branch_dag.py for tasks to queue
[2021-06-21 19:19:30,200] {logging_mixin.py:104} INFO - [2021-06-21 19:19:30,200] {dagbag.py:487} INFO - Filling up the DagBag from /home/airflow/.local/lib/python3.6/site-packages/airflow/example_dags/example_nested_branch_dag.py
[2021-06-21 19:19:30,212] {scheduler_job.py:643} INFO - DAG(s) dict_keys(['example_nested_branch_dag']) retrieved from /home/airflow/.local/lib/python3.6/site-packages/airflow/example_dags/example_nested_branch_dag.py
[2021-06-21 19:19:30,230] {logging_mixin.py:104} INFO - [2021-06-21 19:19:30,230] {dag.py:1832} INFO - Sync 1 DAGs
[2021-06-21 19:19:30,247] {logging_mixin.py:104} INFO - [2021-06-21 19:19:30,247] {dag.py:2305} INFO - Setting next_dagrun for example_nested_branch_dag to 2021-06-19 00:00:00+00:00
[2021-06-21 19:19:30,255] {scheduler_job.py:190} INFO - Processing /home/airflow/.local/lib/python3.6/site-packages/airflow/example_dags/example_nested_branch_dag.py took 0.059 seconds
[2021-06-21 19:20:00,920] {scheduler_job.py:182} INFO - Started process (PID=2943) to work on /home/airflow/.local/lib/python3.6/site-packages/airflow/example_dags/example_nested_branch_dag.py
[2021-06-21 19:20:00,921] {scheduler_job.py:633} INFO - Processing file /home/airflow/.local/lib/python3.6/site-packages/airflow/example_dags/example_nested_branch_dag.py for tasks to queue
[2021-06-21 19:20:00,921] {logging_mixin.py:104} INFO - [2021-06-21 19:20:00,921] {dagbag.py:487} INFO - Filling up the DagBag from /home/airflow/.local/lib/python3.6/site-packages/airflow/example_dags/example_nested_branch_dag.py
[2021-06-21 19:20:00,937] {scheduler_job.py:643} INFO - DAG(s) dict_keys(['example_nested_branch_dag']) retrieved from /home/airflow/.local/lib/python3.6/site-packages/airflow/example_dags/example_nested_branch_dag.py
[2021-06-21 19:20:00,959] {logging_mixin.py:104} INFO - [2021-06-21 19:20:00,959] {dag.py:1832} INFO - Sync 1 DAGs
[2021-06-21 19:20:00,989] {logging_mixin.py:104} INFO - [2021-06-21 19:20:00,989] {dag.py:2305} INFO - Setting next_dagrun for example_nested_branch_dag to 2021-06-19 00:00:00+00:00
[2021-06-21 19:20:01,001] {scheduler_job.py:190} INFO - Processing /home/airflow/.local/lib/python3.6/site-packages/airflow/example_dags/example_nested_branch_dag.py took 0.084 seconds
[2021-06-21 19:20:31,595] {scheduler_job.py:182} INFO - Started process (PID=3025) to work on /home/airflow/.local/lib/python3.6/site-packages/airflow/example_dags/example_nested_branch_dag.py
[2021-06-21 19:20:31,597] {scheduler_job.py:633} INFO - Processing file /home/airflow/.local/lib/python3.6/site-packages/airflow/example_dags/example_nested_branch_dag.py for tasks to queue
[2021-06-21 19:20:31,597] {logging_mixin.py:104} INFO - [2021-06-21 19:20:31,597] {dagbag.py:487} INFO - Filling up the DagBag from /home/airflow/.local/lib/python3.6/site-packages/airflow/example_dags/example_nested_branch_dag.py
[2021-06-21 19:20:31,610] {scheduler_job.py:643} INFO - DAG(s) dict_keys(['example_nested_branch_dag']) retrieved from /home/airflow/.local/lib/python3.6/site-packages/airflow/example_dags/example_nested_branch_dag.py
[2021-06-21 19:20:31,626] {logging_mixin.py:104} INFO - [2021-06-21 19:20:31,626] {dag.py:1832} INFO - Sync 1 DAGs
[2021-06-21 19:20:31,640] {logging_mixin.py:104} INFO - [2021-06-21 19:20:31,640] {dag.py:2305} INFO - Setting next_dagrun for example_nested_branch_dag to 2021-06-19 00:00:00+00:00
[2021-06-21 19:20:31,648] {scheduler_job.py:190} INFO - Processing /home/airflow/.local/lib/python3.6/site-packages/airflow/example_dags/example_nested_branch_dag.py took 0.056 seconds
[2021-06-21 19:21:02,283] {scheduler_job.py:182} INFO - Started process (PID=3098) to work on /home/airflow/.local/lib/python3.6/site-packages/airflow/example_dags/example_nested_branch_dag.py
[2021-06-21 19:21:02,284] {scheduler_job.py:633} INFO - Processing file /home/airflow/.local/lib/python3.6/site-packages/airflow/example_dags/example_nested_branch_dag.py for tasks to queue
[2021-06-21 19:21:02,285] {logging_mixin.py:104} INFO - [2021-06-21 19:21:02,285] {dagbag.py:487} INFO - Filling up the DagBag from /home/airflow/.local/lib/python3.6/site-packages/airflow/example_dags/example_nested_branch_dag.py
[2021-06-21 19:21:02,298] {scheduler_job.py:643} INFO - DAG(s) dict_keys(['example_nested_branch_dag']) retrieved from /home/airflow/.local/lib/python3.6/site-packages/airflow/example_dags/example_nested_branch_dag.py
[2021-06-21 19:21:02,316] {logging_mixin.py:104} INFO - [2021-06-21 19:21:02,316] {dag.py:1832} INFO - Sync 1 DAGs
[2021-06-21 19:21:02,332] {logging_mixin.py:104} INFO - [2021-06-21 19:21:02,332] {dag.py:2305} INFO - Setting next_dagrun for example_nested_branch_dag to 2021-06-19 00:00:00+00:00
[2021-06-21 19:21:02,340] {scheduler_job.py:190} INFO - Processing /home/airflow/.local/lib/python3.6/site-packages/airflow/example_dags/example_nested_branch_dag.py took 0.060 seconds
[2021-06-21 19:21:32,860] {scheduler_job.py:182} INFO - Started process (PID=3172) to work on /home/airflow/.local/lib/python3.6/site-packages/airflow/example_dags/example_nested_branch_dag.py
[2021-06-21 19:21:32,861] {scheduler_job.py:633} INFO - Processing file /home/airflow/.local/lib/python3.6/site-packages/airflow/example_dags/example_nested_branch_dag.py for tasks to queue
[2021-06-21 19:21:32,862] {logging_mixin.py:104} INFO - [2021-06-21 19:21:32,862] {dagbag.py:487} INFO - Filling up the DagBag from /home/airflow/.local/lib/python3.6/site-packages/airflow/example_dags/example_nested_branch_dag.py
[2021-06-21 19:21:32,874] {scheduler_job.py:643} INFO - DAG(s) dict_keys(['example_nested_branch_dag']) retrieved from /home/airflow/.local/lib/python3.6/site-packages/airflow/example_dags/example_nested_branch_dag.py
[2021-06-21 19:21:32,892] {logging_mixin.py:104} INFO - [2021-06-21 19:21:32,892] {dag.py:1832} INFO - Sync 1 DAGs
[2021-06-21 19:21:32,909] {logging_mixin.py:104} INFO - [2021-06-21 19:21:32,909] {dag.py:2305} INFO - Setting next_dagrun for example_nested_branch_dag to 2021-06-19 00:00:00+00:00
[2021-06-21 19:21:32,919] {scheduler_job.py:190} INFO - Processing /home/airflow/.local/lib/python3.6/site-packages/airflow/example_dags/example_nested_branch_dag.py took 0.061 seconds
[2021-06-21 19:22:03,522] {scheduler_job.py:182} INFO - Started process (PID=3245) to work on /home/airflow/.local/lib/python3.6/site-packages/airflow/example_dags/example_nested_branch_dag.py
[2021-06-21 19:22:03,524] {scheduler_job.py:633} INFO - Processing file /home/airflow/.local/lib/python3.6/site-packages/airflow/example_dags/example_nested_branch_dag.py for tasks to queue
[2021-06-21 19:22:03,524] {logging_mixin.py:104} INFO - [2021-06-21 19:22:03,524] {dagbag.py:487} INFO - Filling up the DagBag from /home/airflow/.local/lib/python3.6/site-packages/airflow/example_dags/example_nested_branch_dag.py
[2021-06-21 19:22:03,538] {scheduler_job.py:643} INFO - DAG(s) dict_keys(['example_nested_branch_dag']) retrieved from /home/airflow/.local/lib/python3.6/site-packages/airflow/example_dags/example_nested_branch_dag.py
[2021-06-21 19:22:03,561] {logging_mixin.py:104} INFO - [2021-06-21 19:22:03,561] {dag.py:1832} INFO - Sync 1 DAGs
[2021-06-21 19:22:03,587] {logging_mixin.py:104} INFO - [2021-06-21 19:22:03,586] {dag.py:2305} INFO - Setting next_dagrun for example_nested_branch_dag to 2021-06-19 00:00:00+00:00
[2021-06-21 19:22:03,597] {scheduler_job.py:190} INFO - Processing /home/airflow/.local/lib/python3.6/site-packages/airflow/example_dags/example_nested_branch_dag.py took 0.077 seconds
[2021-06-21 19:22:34,123] {scheduler_job.py:182} INFO - Started process (PID=3319) to work on /home/airflow/.local/lib/python3.6/site-packages/airflow/example_dags/example_nested_branch_dag.py
[2021-06-21 19:22:34,125] {scheduler_job.py:633} INFO - Processing file /home/airflow/.local/lib/python3.6/site-packages/airflow/example_dags/example_nested_branch_dag.py for tasks to queue
[2021-06-21 19:22:34,126] {logging_mixin.py:104} INFO - [2021-06-21 19:22:34,126] {dagbag.py:487} INFO - Filling up the DagBag from /home/airflow/.local/lib/python3.6/site-packages/airflow/example_dags/example_nested_branch_dag.py
[2021-06-21 19:22:34,152] {scheduler_job.py:643} INFO - DAG(s) dict_keys(['example_nested_branch_dag']) retrieved from /home/airflow/.local/lib/python3.6/site-packages/airflow/example_dags/example_nested_branch_dag.py
[2021-06-21 19:22:34,175] {logging_mixin.py:104} INFO - [2021-06-21 19:22:34,175] {dag.py:1832} INFO - Sync 1 DAGs
[2021-06-21 19:22:34,196] {logging_mixin.py:104} INFO - [2021-06-21 19:22:34,196] {dag.py:2305} INFO - Setting next_dagrun for example_nested_branch_dag to 2021-06-19 00:00:00+00:00
[2021-06-21 19:22:34,267] {scheduler_job.py:190} INFO - Processing /home/airflow/.local/lib/python3.6/site-packages/airflow/example_dags/example_nested_branch_dag.py took 0.150 seconds
[2021-06-21 19:23:04,308] {scheduler_job.py:182} INFO - Started process (PID=3392) to work on /home/airflow/.local/lib/python3.6/site-packages/airflow/example_dags/example_nested_branch_dag.py
[2021-06-21 19:23:04,310] {scheduler_job.py:633} INFO - Processing file /home/airflow/.local/lib/python3.6/site-packages/airflow/example_dags/example_nested_branch_dag.py for tasks to queue
[2021-06-21 19:23:04,311] {logging_mixin.py:104} INFO - [2021-06-21 19:23:04,310] {dagbag.py:487} INFO - Filling up the DagBag from /home/airflow/.local/lib/python3.6/site-packages/airflow/example_dags/example_nested_branch_dag.py
[2021-06-21 19:23:04,332] {scheduler_job.py:643} INFO - DAG(s) dict_keys(['example_nested_branch_dag']) retrieved from /home/airflow/.local/lib/python3.6/site-packages/airflow/example_dags/example_nested_branch_dag.py
[2021-06-21 19:23:04,372] {logging_mixin.py:104} INFO - [2021-06-21 19:23:04,372] {dag.py:1832} INFO - Sync 1 DAGs
[2021-06-21 19:23:04,405] {logging_mixin.py:104} INFO - [2021-06-21 19:23:04,405] {dag.py:2305} INFO - Setting next_dagrun for example_nested_branch_dag to 2021-06-19 00:00:00+00:00
[2021-06-21 19:23:04,452] {scheduler_job.py:190} INFO - Processing /home/airflow/.local/lib/python3.6/site-packages/airflow/example_dags/example_nested_branch_dag.py took 0.147 seconds
[2021-06-21 19:23:34,856] {scheduler_job.py:182} INFO - Started process (PID=3464) to work on /home/airflow/.local/lib/python3.6/site-packages/airflow/example_dags/example_nested_branch_dag.py
[2021-06-21 19:23:34,859] {scheduler_job.py:633} INFO - Processing file /home/airflow/.local/lib/python3.6/site-packages/airflow/example_dags/example_nested_branch_dag.py for tasks to queue
[2021-06-21 19:23:34,860] {logging_mixin.py:104} INFO - [2021-06-21 19:23:34,860] {dagbag.py:487} INFO - Filling up the DagBag from /home/airflow/.local/lib/python3.6/site-packages/airflow/example_dags/example_nested_branch_dag.py
[2021-06-21 19:23:34,888] {scheduler_job.py:643} INFO - DAG(s) dict_keys(['example_nested_branch_dag']) retrieved from /home/airflow/.local/lib/python3.6/site-packages/airflow/example_dags/example_nested_branch_dag.py
[2021-06-21 19:23:34,907] {logging_mixin.py:104} INFO - [2021-06-21 19:23:34,907] {dag.py:1832} INFO - Sync 1 DAGs
[2021-06-21 19:23:34,922] {logging_mixin.py:104} INFO - [2021-06-21 19:23:34,922] {dag.py:2305} INFO - Setting next_dagrun for example_nested_branch_dag to 2021-06-19 00:00:00+00:00
[2021-06-21 19:23:34,969] {scheduler_job.py:190} INFO - Processing /home/airflow/.local/lib/python3.6/site-packages/airflow/example_dags/example_nested_branch_dag.py took 0.121 seconds
