[2021-06-21 19:00:00,198] {scheduler_job.py:182} INFO - Started process (PID=55) to work on /home/airflow/.local/lib/python3.6/site-packages/airflow/example_dags/example_task_group_decorator.py
[2021-06-21 19:00:00,200] {scheduler_job.py:633} INFO - Processing file /home/airflow/.local/lib/python3.6/site-packages/airflow/example_dags/example_task_group_decorator.py for tasks to queue
[2021-06-21 19:00:00,201] {logging_mixin.py:104} INFO - [2021-06-21 19:00:00,201] {dagbag.py:487} INFO - Filling up the DagBag from /home/airflow/.local/lib/python3.6/site-packages/airflow/example_dags/example_task_group_decorator.py
[2021-06-21 19:00:00,299] {scheduler_job.py:643} INFO - DAG(s) dict_keys(['example_task_group_decorator']) retrieved from /home/airflow/.local/lib/python3.6/site-packages/airflow/example_dags/example_task_group_decorator.py
[2021-06-21 19:00:04,653] {logging_mixin.py:104} INFO - [2021-06-21 19:00:04,651] {dag.py:1832} INFO - Sync 1 DAGs
[2021-06-21 19:00:04,669] {logging_mixin.py:104} INFO - [2021-06-21 19:00:04,667] {dag.py:1851} INFO - Creating ORM DAG for example_task_group_decorator
[2021-06-21 19:00:04,675] {logging_mixin.py:104} INFO - [2021-06-21 19:00:04,675] {dag.py:2305} INFO - Setting next_dagrun for example_task_group_decorator to 2021-06-19 00:00:00+00:00
[2021-06-21 19:00:04,687] {scheduler_job.py:190} INFO - Processing /home/airflow/.local/lib/python3.6/site-packages/airflow/example_dags/example_task_group_decorator.py took 4.494 seconds
[2021-06-21 19:00:42,512] {scheduler_job.py:182} INFO - Started process (PID=162) to work on /home/airflow/.local/lib/python3.6/site-packages/airflow/example_dags/example_task_group_decorator.py
[2021-06-21 19:00:42,513] {scheduler_job.py:633} INFO - Processing file /home/airflow/.local/lib/python3.6/site-packages/airflow/example_dags/example_task_group_decorator.py for tasks to queue
[2021-06-21 19:00:42,514] {logging_mixin.py:104} INFO - [2021-06-21 19:00:42,514] {dagbag.py:487} INFO - Filling up the DagBag from /home/airflow/.local/lib/python3.6/site-packages/airflow/example_dags/example_task_group_decorator.py
[2021-06-21 19:00:42,541] {scheduler_job.py:643} INFO - DAG(s) dict_keys(['example_task_group_decorator']) retrieved from /home/airflow/.local/lib/python3.6/site-packages/airflow/example_dags/example_task_group_decorator.py
[2021-06-21 19:00:42,792] {logging_mixin.py:104} INFO - [2021-06-21 19:00:42,792] {dag.py:1832} INFO - Sync 1 DAGs
[2021-06-21 19:00:42,807] {logging_mixin.py:104} INFO - [2021-06-21 19:00:42,806] {dag.py:2305} INFO - Setting next_dagrun for example_task_group_decorator to 2021-06-19 00:00:00+00:00
[2021-06-21 19:00:42,818] {scheduler_job.py:190} INFO - Processing /home/airflow/.local/lib/python3.6/site-packages/airflow/example_dags/example_task_group_decorator.py took 0.309 seconds
[2021-06-21 19:01:13,598] {scheduler_job.py:182} INFO - Started process (PID=226) to work on /home/airflow/.local/lib/python3.6/site-packages/airflow/example_dags/example_task_group_decorator.py
[2021-06-21 19:01:13,601] {scheduler_job.py:633} INFO - Processing file /home/airflow/.local/lib/python3.6/site-packages/airflow/example_dags/example_task_group_decorator.py for tasks to queue
[2021-06-21 19:01:13,603] {logging_mixin.py:104} INFO - [2021-06-21 19:01:13,602] {dagbag.py:487} INFO - Filling up the DagBag from /home/airflow/.local/lib/python3.6/site-packages/airflow/example_dags/example_task_group_decorator.py
[2021-06-21 19:01:13,639] {scheduler_job.py:643} INFO - DAG(s) dict_keys(['example_task_group_decorator']) retrieved from /home/airflow/.local/lib/python3.6/site-packages/airflow/example_dags/example_task_group_decorator.py
[2021-06-21 19:01:13,823] {logging_mixin.py:104} INFO - [2021-06-21 19:01:13,823] {dag.py:1832} INFO - Sync 1 DAGs
[2021-06-21 19:01:13,834] {logging_mixin.py:104} INFO - [2021-06-21 19:01:13,834] {dag.py:2305} INFO - Setting next_dagrun for example_task_group_decorator to 2021-06-19 00:00:00+00:00
[2021-06-21 19:01:13,843] {scheduler_job.py:190} INFO - Processing /home/airflow/.local/lib/python3.6/site-packages/airflow/example_dags/example_task_group_decorator.py took 0.254 seconds
[2021-06-21 19:01:44,652] {scheduler_job.py:182} INFO - Started process (PID=306) to work on /home/airflow/.local/lib/python3.6/site-packages/airflow/example_dags/example_task_group_decorator.py
[2021-06-21 19:01:44,652] {scheduler_job.py:633} INFO - Processing file /home/airflow/.local/lib/python3.6/site-packages/airflow/example_dags/example_task_group_decorator.py for tasks to queue
[2021-06-21 19:01:44,653] {logging_mixin.py:104} INFO - [2021-06-21 19:01:44,653] {dagbag.py:487} INFO - Filling up the DagBag from /home/airflow/.local/lib/python3.6/site-packages/airflow/example_dags/example_task_group_decorator.py
[2021-06-21 19:01:44,677] {scheduler_job.py:643} INFO - DAG(s) dict_keys(['example_task_group_decorator']) retrieved from /home/airflow/.local/lib/python3.6/site-packages/airflow/example_dags/example_task_group_decorator.py
[2021-06-21 19:01:44,906] {logging_mixin.py:104} INFO - [2021-06-21 19:01:44,906] {dag.py:1832} INFO - Sync 1 DAGs
[2021-06-21 19:01:44,919] {logging_mixin.py:104} INFO - [2021-06-21 19:01:44,919] {dag.py:2305} INFO - Setting next_dagrun for example_task_group_decorator to 2021-06-19 00:00:00+00:00
[2021-06-21 19:01:44,930] {scheduler_job.py:190} INFO - Processing /home/airflow/.local/lib/python3.6/site-packages/airflow/example_dags/example_task_group_decorator.py took 0.281 seconds
[2021-06-21 19:02:15,144] {scheduler_job.py:182} INFO - Started process (PID=374) to work on /home/airflow/.local/lib/python3.6/site-packages/airflow/example_dags/example_task_group_decorator.py
[2021-06-21 19:02:15,145] {scheduler_job.py:633} INFO - Processing file /home/airflow/.local/lib/python3.6/site-packages/airflow/example_dags/example_task_group_decorator.py for tasks to queue
[2021-06-21 19:02:15,146] {logging_mixin.py:104} INFO - [2021-06-21 19:02:15,146] {dagbag.py:487} INFO - Filling up the DagBag from /home/airflow/.local/lib/python3.6/site-packages/airflow/example_dags/example_task_group_decorator.py
[2021-06-21 19:02:15,170] {scheduler_job.py:643} INFO - DAG(s) dict_keys(['example_task_group_decorator']) retrieved from /home/airflow/.local/lib/python3.6/site-packages/airflow/example_dags/example_task_group_decorator.py
[2021-06-21 19:02:15,371] {logging_mixin.py:104} INFO - [2021-06-21 19:02:15,370] {dag.py:1832} INFO - Sync 1 DAGs
[2021-06-21 19:02:15,381] {logging_mixin.py:104} INFO - [2021-06-21 19:02:15,381] {dag.py:2305} INFO - Setting next_dagrun for example_task_group_decorator to 2021-06-19 00:00:00+00:00
[2021-06-21 19:02:15,406] {scheduler_job.py:190} INFO - Processing /home/airflow/.local/lib/python3.6/site-packages/airflow/example_dags/example_task_group_decorator.py took 0.264 seconds
[2021-06-21 19:02:45,513] {scheduler_job.py:182} INFO - Started process (PID=455) to work on /home/airflow/.local/lib/python3.6/site-packages/airflow/example_dags/example_task_group_decorator.py
[2021-06-21 19:02:45,514] {scheduler_job.py:633} INFO - Processing file /home/airflow/.local/lib/python3.6/site-packages/airflow/example_dags/example_task_group_decorator.py for tasks to queue
[2021-06-21 19:02:45,514] {logging_mixin.py:104} INFO - [2021-06-21 19:02:45,514] {dagbag.py:487} INFO - Filling up the DagBag from /home/airflow/.local/lib/python3.6/site-packages/airflow/example_dags/example_task_group_decorator.py
[2021-06-21 19:02:45,534] {scheduler_job.py:643} INFO - DAG(s) dict_keys(['example_task_group_decorator']) retrieved from /home/airflow/.local/lib/python3.6/site-packages/airflow/example_dags/example_task_group_decorator.py
[2021-06-21 19:02:45,553] {logging_mixin.py:104} INFO - [2021-06-21 19:02:45,553] {dag.py:1832} INFO - Sync 1 DAGs
[2021-06-21 19:02:45,566] {logging_mixin.py:104} INFO - [2021-06-21 19:02:45,566] {dag.py:2305} INFO - Setting next_dagrun for example_task_group_decorator to 2021-06-19 00:00:00+00:00
[2021-06-21 19:02:45,599] {scheduler_job.py:190} INFO - Processing /home/airflow/.local/lib/python3.6/site-packages/airflow/example_dags/example_task_group_decorator.py took 0.088 seconds
[2021-06-21 19:03:15,647] {scheduler_job.py:182} INFO - Started process (PID=526) to work on /home/airflow/.local/lib/python3.6/site-packages/airflow/example_dags/example_task_group_decorator.py
[2021-06-21 19:03:15,648] {scheduler_job.py:633} INFO - Processing file /home/airflow/.local/lib/python3.6/site-packages/airflow/example_dags/example_task_group_decorator.py for tasks to queue
[2021-06-21 19:03:15,648] {logging_mixin.py:104} INFO - [2021-06-21 19:03:15,648] {dagbag.py:487} INFO - Filling up the DagBag from /home/airflow/.local/lib/python3.6/site-packages/airflow/example_dags/example_task_group_decorator.py
[2021-06-21 19:03:15,667] {scheduler_job.py:643} INFO - DAG(s) dict_keys(['example_task_group_decorator']) retrieved from /home/airflow/.local/lib/python3.6/site-packages/airflow/example_dags/example_task_group_decorator.py
[2021-06-21 19:03:15,856] {logging_mixin.py:104} INFO - [2021-06-21 19:03:15,856] {dag.py:1832} INFO - Sync 1 DAGs
[2021-06-21 19:03:15,869] {logging_mixin.py:104} INFO - [2021-06-21 19:03:15,869] {dag.py:2305} INFO - Setting next_dagrun for example_task_group_decorator to 2021-06-19 00:00:00+00:00
[2021-06-21 19:03:15,903] {scheduler_job.py:190} INFO - Processing /home/airflow/.local/lib/python3.6/site-packages/airflow/example_dags/example_task_group_decorator.py took 0.258 seconds
[2021-06-21 19:03:45,919] {scheduler_job.py:182} INFO - Started process (PID=601) to work on /home/airflow/.local/lib/python3.6/site-packages/airflow/example_dags/example_task_group_decorator.py
[2021-06-21 19:03:45,919] {scheduler_job.py:633} INFO - Processing file /home/airflow/.local/lib/python3.6/site-packages/airflow/example_dags/example_task_group_decorator.py for tasks to queue
[2021-06-21 19:03:45,920] {logging_mixin.py:104} INFO - [2021-06-21 19:03:45,920] {dagbag.py:487} INFO - Filling up the DagBag from /home/airflow/.local/lib/python3.6/site-packages/airflow/example_dags/example_task_group_decorator.py
[2021-06-21 19:03:45,941] {scheduler_job.py:643} INFO - DAG(s) dict_keys(['example_task_group_decorator']) retrieved from /home/airflow/.local/lib/python3.6/site-packages/airflow/example_dags/example_task_group_decorator.py
[2021-06-21 19:03:46,105] {logging_mixin.py:104} INFO - [2021-06-21 19:03:46,105] {dag.py:1832} INFO - Sync 1 DAGs
[2021-06-21 19:03:46,115] {logging_mixin.py:104} INFO - [2021-06-21 19:03:46,114] {dag.py:2305} INFO - Setting next_dagrun for example_task_group_decorator to 2021-06-19 00:00:00+00:00
[2021-06-21 19:03:46,142] {scheduler_job.py:190} INFO - Processing /home/airflow/.local/lib/python3.6/site-packages/airflow/example_dags/example_task_group_decorator.py took 0.226 seconds
[2021-06-21 19:04:16,204] {scheduler_job.py:182} INFO - Started process (PID=675) to work on /home/airflow/.local/lib/python3.6/site-packages/airflow/example_dags/example_task_group_decorator.py
[2021-06-21 19:04:16,205] {scheduler_job.py:633} INFO - Processing file /home/airflow/.local/lib/python3.6/site-packages/airflow/example_dags/example_task_group_decorator.py for tasks to queue
[2021-06-21 19:04:16,205] {logging_mixin.py:104} INFO - [2021-06-21 19:04:16,205] {dagbag.py:487} INFO - Filling up the DagBag from /home/airflow/.local/lib/python3.6/site-packages/airflow/example_dags/example_task_group_decorator.py
[2021-06-21 19:04:16,227] {scheduler_job.py:643} INFO - DAG(s) dict_keys(['example_task_group_decorator']) retrieved from /home/airflow/.local/lib/python3.6/site-packages/airflow/example_dags/example_task_group_decorator.py
[2021-06-21 19:04:16,420] {logging_mixin.py:104} INFO - [2021-06-21 19:04:16,420] {dag.py:1832} INFO - Sync 1 DAGs
[2021-06-21 19:04:16,432] {logging_mixin.py:104} INFO - [2021-06-21 19:04:16,432] {dag.py:2305} INFO - Setting next_dagrun for example_task_group_decorator to 2021-06-19 00:00:00+00:00
[2021-06-21 19:04:16,441] {scheduler_job.py:190} INFO - Processing /home/airflow/.local/lib/python3.6/site-packages/airflow/example_dags/example_task_group_decorator.py took 0.239 seconds
[2021-06-21 19:04:46,916] {scheduler_job.py:182} INFO - Started process (PID=740) to work on /home/airflow/.local/lib/python3.6/site-packages/airflow/example_dags/example_task_group_decorator.py
[2021-06-21 19:04:46,924] {scheduler_job.py:633} INFO - Processing file /home/airflow/.local/lib/python3.6/site-packages/airflow/example_dags/example_task_group_decorator.py for tasks to queue
[2021-06-21 19:04:46,927] {logging_mixin.py:104} INFO - [2021-06-21 19:04:46,926] {dagbag.py:487} INFO - Filling up the DagBag from /home/airflow/.local/lib/python3.6/site-packages/airflow/example_dags/example_task_group_decorator.py
[2021-06-21 19:04:47,004] {scheduler_job.py:643} INFO - DAG(s) dict_keys(['example_task_group_decorator']) retrieved from /home/airflow/.local/lib/python3.6/site-packages/airflow/example_dags/example_task_group_decorator.py
[2021-06-21 19:04:47,182] {logging_mixin.py:104} INFO - [2021-06-21 19:04:47,182] {dag.py:1832} INFO - Sync 1 DAGs
[2021-06-21 19:04:47,193] {logging_mixin.py:104} INFO - [2021-06-21 19:04:47,193] {dag.py:2305} INFO - Setting next_dagrun for example_task_group_decorator to 2021-06-19 00:00:00+00:00
[2021-06-21 19:04:47,202] {scheduler_job.py:190} INFO - Processing /home/airflow/.local/lib/python3.6/site-packages/airflow/example_dags/example_task_group_decorator.py took 0.297 seconds
[2021-06-21 19:05:17,813] {scheduler_job.py:182} INFO - Started process (PID=821) to work on /home/airflow/.local/lib/python3.6/site-packages/airflow/example_dags/example_task_group_decorator.py
[2021-06-21 19:05:17,814] {scheduler_job.py:633} INFO - Processing file /home/airflow/.local/lib/python3.6/site-packages/airflow/example_dags/example_task_group_decorator.py for tasks to queue
[2021-06-21 19:05:17,815] {logging_mixin.py:104} INFO - [2021-06-21 19:05:17,815] {dagbag.py:487} INFO - Filling up the DagBag from /home/airflow/.local/lib/python3.6/site-packages/airflow/example_dags/example_task_group_decorator.py
[2021-06-21 19:05:17,858] {scheduler_job.py:643} INFO - DAG(s) dict_keys(['example_task_group_decorator']) retrieved from /home/airflow/.local/lib/python3.6/site-packages/airflow/example_dags/example_task_group_decorator.py
[2021-06-21 19:05:18,172] {logging_mixin.py:104} INFO - [2021-06-21 19:05:18,172] {dag.py:1832} INFO - Sync 1 DAGs
[2021-06-21 19:05:18,184] {logging_mixin.py:104} INFO - [2021-06-21 19:05:18,184] {dag.py:2305} INFO - Setting next_dagrun for example_task_group_decorator to 2021-06-19 00:00:00+00:00
[2021-06-21 19:05:18,194] {scheduler_job.py:190} INFO - Processing /home/airflow/.local/lib/python3.6/site-packages/airflow/example_dags/example_task_group_decorator.py took 0.384 seconds
[2021-06-21 19:05:48,436] {scheduler_job.py:182} INFO - Started process (PID=885) to work on /home/airflow/.local/lib/python3.6/site-packages/airflow/example_dags/example_task_group_decorator.py
[2021-06-21 19:05:48,439] {scheduler_job.py:633} INFO - Processing file /home/airflow/.local/lib/python3.6/site-packages/airflow/example_dags/example_task_group_decorator.py for tasks to queue
[2021-06-21 19:05:48,441] {logging_mixin.py:104} INFO - [2021-06-21 19:05:48,441] {dagbag.py:487} INFO - Filling up the DagBag from /home/airflow/.local/lib/python3.6/site-packages/airflow/example_dags/example_task_group_decorator.py
[2021-06-21 19:05:48,522] {scheduler_job.py:643} INFO - DAG(s) dict_keys(['example_task_group_decorator']) retrieved from /home/airflow/.local/lib/python3.6/site-packages/airflow/example_dags/example_task_group_decorator.py
[2021-06-21 19:05:48,787] {logging_mixin.py:104} INFO - [2021-06-21 19:05:48,787] {dag.py:1832} INFO - Sync 1 DAGs
[2021-06-21 19:05:48,800] {logging_mixin.py:104} INFO - [2021-06-21 19:05:48,800] {dag.py:2305} INFO - Setting next_dagrun for example_task_group_decorator to 2021-06-19 00:00:00+00:00
[2021-06-21 19:05:48,810] {scheduler_job.py:190} INFO - Processing /home/airflow/.local/lib/python3.6/site-packages/airflow/example_dags/example_task_group_decorator.py took 0.383 seconds
[2021-06-21 19:06:18,826] {scheduler_job.py:182} INFO - Started process (PID=969) to work on /home/airflow/.local/lib/python3.6/site-packages/airflow/example_dags/example_task_group_decorator.py
[2021-06-21 19:06:18,826] {scheduler_job.py:633} INFO - Processing file /home/airflow/.local/lib/python3.6/site-packages/airflow/example_dags/example_task_group_decorator.py for tasks to queue
[2021-06-21 19:06:18,827] {logging_mixin.py:104} INFO - [2021-06-21 19:06:18,827] {dagbag.py:487} INFO - Filling up the DagBag from /home/airflow/.local/lib/python3.6/site-packages/airflow/example_dags/example_task_group_decorator.py
[2021-06-21 19:06:18,847] {scheduler_job.py:643} INFO - DAG(s) dict_keys(['example_task_group_decorator']) retrieved from /home/airflow/.local/lib/python3.6/site-packages/airflow/example_dags/example_task_group_decorator.py
[2021-06-21 19:06:19,046] {logging_mixin.py:104} INFO - [2021-06-21 19:06:19,046] {dag.py:1832} INFO - Sync 1 DAGs
[2021-06-21 19:06:19,058] {logging_mixin.py:104} INFO - [2021-06-21 19:06:19,058] {dag.py:2305} INFO - Setting next_dagrun for example_task_group_decorator to 2021-06-19 00:00:00+00:00
[2021-06-21 19:06:19,067] {scheduler_job.py:190} INFO - Processing /home/airflow/.local/lib/python3.6/site-packages/airflow/example_dags/example_task_group_decorator.py took 0.244 seconds
[2021-06-21 19:06:49,315] {scheduler_job.py:182} INFO - Started process (PID=1036) to work on /home/airflow/.local/lib/python3.6/site-packages/airflow/example_dags/example_task_group_decorator.py
[2021-06-21 19:06:49,316] {scheduler_job.py:633} INFO - Processing file /home/airflow/.local/lib/python3.6/site-packages/airflow/example_dags/example_task_group_decorator.py for tasks to queue
[2021-06-21 19:06:49,316] {logging_mixin.py:104} INFO - [2021-06-21 19:06:49,316] {dagbag.py:487} INFO - Filling up the DagBag from /home/airflow/.local/lib/python3.6/site-packages/airflow/example_dags/example_task_group_decorator.py
[2021-06-21 19:06:49,339] {scheduler_job.py:643} INFO - DAG(s) dict_keys(['example_task_group_decorator']) retrieved from /home/airflow/.local/lib/python3.6/site-packages/airflow/example_dags/example_task_group_decorator.py
[2021-06-21 19:06:49,513] {logging_mixin.py:104} INFO - [2021-06-21 19:06:49,513] {dag.py:1832} INFO - Sync 1 DAGs
[2021-06-21 19:06:49,526] {logging_mixin.py:104} INFO - [2021-06-21 19:06:49,526] {dag.py:2305} INFO - Setting next_dagrun for example_task_group_decorator to 2021-06-19 00:00:00+00:00
[2021-06-21 19:06:49,536] {scheduler_job.py:190} INFO - Processing /home/airflow/.local/lib/python3.6/site-packages/airflow/example_dags/example_task_group_decorator.py took 0.224 seconds
[2021-06-21 19:07:19,714] {scheduler_job.py:182} INFO - Started process (PID=1117) to work on /home/airflow/.local/lib/python3.6/site-packages/airflow/example_dags/example_task_group_decorator.py
[2021-06-21 19:07:19,715] {scheduler_job.py:633} INFO - Processing file /home/airflow/.local/lib/python3.6/site-packages/airflow/example_dags/example_task_group_decorator.py for tasks to queue
[2021-06-21 19:07:19,715] {logging_mixin.py:104} INFO - [2021-06-21 19:07:19,715] {dagbag.py:487} INFO - Filling up the DagBag from /home/airflow/.local/lib/python3.6/site-packages/airflow/example_dags/example_task_group_decorator.py
[2021-06-21 19:07:19,733] {scheduler_job.py:643} INFO - DAG(s) dict_keys(['example_task_group_decorator']) retrieved from /home/airflow/.local/lib/python3.6/site-packages/airflow/example_dags/example_task_group_decorator.py
[2021-06-21 19:07:19,905] {logging_mixin.py:104} INFO - [2021-06-21 19:07:19,905] {dag.py:1832} INFO - Sync 1 DAGs
[2021-06-21 19:07:19,915] {logging_mixin.py:104} INFO - [2021-06-21 19:07:19,915] {dag.py:2305} INFO - Setting next_dagrun for example_task_group_decorator to 2021-06-19 00:00:00+00:00
[2021-06-21 19:07:19,926] {scheduler_job.py:190} INFO - Processing /home/airflow/.local/lib/python3.6/site-packages/airflow/example_dags/example_task_group_decorator.py took 0.214 seconds
[2021-06-21 19:07:50,804] {scheduler_job.py:182} INFO - Started process (PID=1198) to work on /home/airflow/.local/lib/python3.6/site-packages/airflow/example_dags/example_task_group_decorator.py
[2021-06-21 19:07:50,805] {scheduler_job.py:633} INFO - Processing file /home/airflow/.local/lib/python3.6/site-packages/airflow/example_dags/example_task_group_decorator.py for tasks to queue
[2021-06-21 19:07:50,805] {logging_mixin.py:104} INFO - [2021-06-21 19:07:50,805] {dagbag.py:487} INFO - Filling up the DagBag from /home/airflow/.local/lib/python3.6/site-packages/airflow/example_dags/example_task_group_decorator.py
[2021-06-21 19:07:50,829] {scheduler_job.py:643} INFO - DAG(s) dict_keys(['example_task_group_decorator']) retrieved from /home/airflow/.local/lib/python3.6/site-packages/airflow/example_dags/example_task_group_decorator.py
[2021-06-21 19:07:50,849] {logging_mixin.py:104} INFO - [2021-06-21 19:07:50,849] {dag.py:1832} INFO - Sync 1 DAGs
[2021-06-21 19:07:50,862] {logging_mixin.py:104} INFO - [2021-06-21 19:07:50,862] {dag.py:2305} INFO - Setting next_dagrun for example_task_group_decorator to 2021-06-19 00:00:00+00:00
[2021-06-21 19:07:50,869] {scheduler_job.py:190} INFO - Processing /home/airflow/.local/lib/python3.6/site-packages/airflow/example_dags/example_task_group_decorator.py took 0.068 seconds
[2021-06-21 19:08:21,331] {scheduler_job.py:182} INFO - Started process (PID=1262) to work on /home/airflow/.local/lib/python3.6/site-packages/airflow/example_dags/example_task_group_decorator.py
[2021-06-21 19:08:21,334] {scheduler_job.py:633} INFO - Processing file /home/airflow/.local/lib/python3.6/site-packages/airflow/example_dags/example_task_group_decorator.py for tasks to queue
[2021-06-21 19:08:21,335] {logging_mixin.py:104} INFO - [2021-06-21 19:08:21,335] {dagbag.py:487} INFO - Filling up the DagBag from /home/airflow/.local/lib/python3.6/site-packages/airflow/example_dags/example_task_group_decorator.py
[2021-06-21 19:08:21,413] {scheduler_job.py:643} INFO - DAG(s) dict_keys(['example_task_group_decorator']) retrieved from /home/airflow/.local/lib/python3.6/site-packages/airflow/example_dags/example_task_group_decorator.py
[2021-06-21 19:08:21,612] {logging_mixin.py:104} INFO - [2021-06-21 19:08:21,612] {dag.py:1832} INFO - Sync 1 DAGs
[2021-06-21 19:08:21,622] {logging_mixin.py:104} INFO - [2021-06-21 19:08:21,622] {dag.py:2305} INFO - Setting next_dagrun for example_task_group_decorator to 2021-06-19 00:00:00+00:00
[2021-06-21 19:08:21,630] {scheduler_job.py:190} INFO - Processing /home/airflow/.local/lib/python3.6/site-packages/airflow/example_dags/example_task_group_decorator.py took 0.310 seconds
[2021-06-21 19:08:51,951] {scheduler_job.py:182} INFO - Started process (PID=1346) to work on /home/airflow/.local/lib/python3.6/site-packages/airflow/example_dags/example_task_group_decorator.py
[2021-06-21 19:08:51,952] {scheduler_job.py:633} INFO - Processing file /home/airflow/.local/lib/python3.6/site-packages/airflow/example_dags/example_task_group_decorator.py for tasks to queue
[2021-06-21 19:08:51,953] {logging_mixin.py:104} INFO - [2021-06-21 19:08:51,952] {dagbag.py:487} INFO - Filling up the DagBag from /home/airflow/.local/lib/python3.6/site-packages/airflow/example_dags/example_task_group_decorator.py
[2021-06-21 19:08:51,990] {scheduler_job.py:643} INFO - DAG(s) dict_keys(['example_task_group_decorator']) retrieved from /home/airflow/.local/lib/python3.6/site-packages/airflow/example_dags/example_task_group_decorator.py
[2021-06-21 19:08:52,214] {logging_mixin.py:104} INFO - [2021-06-21 19:08:52,214] {dag.py:1832} INFO - Sync 1 DAGs
[2021-06-21 19:08:52,225] {logging_mixin.py:104} INFO - [2021-06-21 19:08:52,225] {dag.py:2305} INFO - Setting next_dagrun for example_task_group_decorator to 2021-06-19 00:00:00+00:00
[2021-06-21 19:08:52,234] {scheduler_job.py:190} INFO - Processing /home/airflow/.local/lib/python3.6/site-packages/airflow/example_dags/example_task_group_decorator.py took 0.287 seconds
[2021-06-21 19:09:22,308] {scheduler_job.py:182} INFO - Started process (PID=1412) to work on /home/airflow/.local/lib/python3.6/site-packages/airflow/example_dags/example_task_group_decorator.py
[2021-06-21 19:09:22,309] {scheduler_job.py:633} INFO - Processing file /home/airflow/.local/lib/python3.6/site-packages/airflow/example_dags/example_task_group_decorator.py for tasks to queue
[2021-06-21 19:09:22,310] {logging_mixin.py:104} INFO - [2021-06-21 19:09:22,310] {dagbag.py:487} INFO - Filling up the DagBag from /home/airflow/.local/lib/python3.6/site-packages/airflow/example_dags/example_task_group_decorator.py
[2021-06-21 19:09:22,329] {scheduler_job.py:643} INFO - DAG(s) dict_keys(['example_task_group_decorator']) retrieved from /home/airflow/.local/lib/python3.6/site-packages/airflow/example_dags/example_task_group_decorator.py
[2021-06-21 19:09:22,536] {logging_mixin.py:104} INFO - [2021-06-21 19:09:22,536] {dag.py:1832} INFO - Sync 1 DAGs
[2021-06-21 19:09:22,548] {logging_mixin.py:104} INFO - [2021-06-21 19:09:22,548] {dag.py:2305} INFO - Setting next_dagrun for example_task_group_decorator to 2021-06-19 00:00:00+00:00
[2021-06-21 19:09:22,557] {scheduler_job.py:190} INFO - Processing /home/airflow/.local/lib/python3.6/site-packages/airflow/example_dags/example_task_group_decorator.py took 0.251 seconds
[2021-06-21 19:09:52,877] {scheduler_job.py:182} INFO - Started process (PID=1491) to work on /home/airflow/.local/lib/python3.6/site-packages/airflow/example_dags/example_task_group_decorator.py
[2021-06-21 19:09:52,878] {scheduler_job.py:633} INFO - Processing file /home/airflow/.local/lib/python3.6/site-packages/airflow/example_dags/example_task_group_decorator.py for tasks to queue
[2021-06-21 19:09:52,878] {logging_mixin.py:104} INFO - [2021-06-21 19:09:52,878] {dagbag.py:487} INFO - Filling up the DagBag from /home/airflow/.local/lib/python3.6/site-packages/airflow/example_dags/example_task_group_decorator.py
[2021-06-21 19:09:52,901] {scheduler_job.py:643} INFO - DAG(s) dict_keys(['example_task_group_decorator']) retrieved from /home/airflow/.local/lib/python3.6/site-packages/airflow/example_dags/example_task_group_decorator.py
[2021-06-21 19:09:53,125] {logging_mixin.py:104} INFO - [2021-06-21 19:09:53,125] {dag.py:1832} INFO - Sync 1 DAGs
[2021-06-21 19:09:53,139] {logging_mixin.py:104} INFO - [2021-06-21 19:09:53,139] {dag.py:2305} INFO - Setting next_dagrun for example_task_group_decorator to 2021-06-19 00:00:00+00:00
[2021-06-21 19:09:53,173] {scheduler_job.py:190} INFO - Processing /home/airflow/.local/lib/python3.6/site-packages/airflow/example_dags/example_task_group_decorator.py took 0.298 seconds
[2021-06-21 19:10:23,456] {scheduler_job.py:182} INFO - Started process (PID=1555) to work on /home/airflow/.local/lib/python3.6/site-packages/airflow/example_dags/example_task_group_decorator.py
[2021-06-21 19:10:23,458] {scheduler_job.py:633} INFO - Processing file /home/airflow/.local/lib/python3.6/site-packages/airflow/example_dags/example_task_group_decorator.py for tasks to queue
[2021-06-21 19:10:23,459] {logging_mixin.py:104} INFO - [2021-06-21 19:10:23,459] {dagbag.py:487} INFO - Filling up the DagBag from /home/airflow/.local/lib/python3.6/site-packages/airflow/example_dags/example_task_group_decorator.py
[2021-06-21 19:10:23,489] {scheduler_job.py:643} INFO - DAG(s) dict_keys(['example_task_group_decorator']) retrieved from /home/airflow/.local/lib/python3.6/site-packages/airflow/example_dags/example_task_group_decorator.py
[2021-06-21 19:10:23,510] {logging_mixin.py:104} INFO - [2021-06-21 19:10:23,510] {dag.py:1832} INFO - Sync 1 DAGs
[2021-06-21 19:10:23,525] {logging_mixin.py:104} INFO - [2021-06-21 19:10:23,525] {dag.py:2305} INFO - Setting next_dagrun for example_task_group_decorator to 2021-06-19 00:00:00+00:00
[2021-06-21 19:10:23,559] {scheduler_job.py:190} INFO - Processing /home/airflow/.local/lib/python3.6/site-packages/airflow/example_dags/example_task_group_decorator.py took 0.109 seconds
[2021-06-21 19:10:53,658] {scheduler_job.py:182} INFO - Started process (PID=1631) to work on /home/airflow/.local/lib/python3.6/site-packages/airflow/example_dags/example_task_group_decorator.py
[2021-06-21 19:10:53,659] {scheduler_job.py:633} INFO - Processing file /home/airflow/.local/lib/python3.6/site-packages/airflow/example_dags/example_task_group_decorator.py for tasks to queue
[2021-06-21 19:10:53,660] {logging_mixin.py:104} INFO - [2021-06-21 19:10:53,660] {dagbag.py:487} INFO - Filling up the DagBag from /home/airflow/.local/lib/python3.6/site-packages/airflow/example_dags/example_task_group_decorator.py
[2021-06-21 19:10:53,684] {scheduler_job.py:643} INFO - DAG(s) dict_keys(['example_task_group_decorator']) retrieved from /home/airflow/.local/lib/python3.6/site-packages/airflow/example_dags/example_task_group_decorator.py
[2021-06-21 19:10:54,029] {logging_mixin.py:104} INFO - [2021-06-21 19:10:54,029] {dag.py:1832} INFO - Sync 1 DAGs
[2021-06-21 19:10:54,054] {logging_mixin.py:104} INFO - [2021-06-21 19:10:54,054] {dag.py:2305} INFO - Setting next_dagrun for example_task_group_decorator to 2021-06-19 00:00:00+00:00
[2021-06-21 19:10:54,090] {scheduler_job.py:190} INFO - Processing /home/airflow/.local/lib/python3.6/site-packages/airflow/example_dags/example_task_group_decorator.py took 0.435 seconds
[2021-06-21 19:11:24,840] {scheduler_job.py:182} INFO - Started process (PID=1702) to work on /home/airflow/.local/lib/python3.6/site-packages/airflow/example_dags/example_task_group_decorator.py
[2021-06-21 19:11:24,841] {scheduler_job.py:633} INFO - Processing file /home/airflow/.local/lib/python3.6/site-packages/airflow/example_dags/example_task_group_decorator.py for tasks to queue
[2021-06-21 19:11:24,842] {logging_mixin.py:104} INFO - [2021-06-21 19:11:24,842] {dagbag.py:487} INFO - Filling up the DagBag from /home/airflow/.local/lib/python3.6/site-packages/airflow/example_dags/example_task_group_decorator.py
[2021-06-21 19:11:24,882] {scheduler_job.py:643} INFO - DAG(s) dict_keys(['example_task_group_decorator']) retrieved from /home/airflow/.local/lib/python3.6/site-packages/airflow/example_dags/example_task_group_decorator.py
[2021-06-21 19:11:25,302] {logging_mixin.py:104} INFO - [2021-06-21 19:11:25,302] {dag.py:1832} INFO - Sync 1 DAGs
[2021-06-21 19:11:25,320] {logging_mixin.py:104} INFO - [2021-06-21 19:11:25,319] {dag.py:2305} INFO - Setting next_dagrun for example_task_group_decorator to 2021-06-19 00:00:00+00:00
[2021-06-21 19:11:25,373] {scheduler_job.py:190} INFO - Processing /home/airflow/.local/lib/python3.6/site-packages/airflow/example_dags/example_task_group_decorator.py took 0.537 seconds
[2021-06-21 19:11:55,954] {scheduler_job.py:182} INFO - Started process (PID=1784) to work on /home/airflow/.local/lib/python3.6/site-packages/airflow/example_dags/example_task_group_decorator.py
[2021-06-21 19:11:55,958] {scheduler_job.py:633} INFO - Processing file /home/airflow/.local/lib/python3.6/site-packages/airflow/example_dags/example_task_group_decorator.py for tasks to queue
[2021-06-21 19:11:55,959] {logging_mixin.py:104} INFO - [2021-06-21 19:11:55,958] {dagbag.py:487} INFO - Filling up the DagBag from /home/airflow/.local/lib/python3.6/site-packages/airflow/example_dags/example_task_group_decorator.py
[2021-06-21 19:11:56,006] {scheduler_job.py:643} INFO - DAG(s) dict_keys(['example_task_group_decorator']) retrieved from /home/airflow/.local/lib/python3.6/site-packages/airflow/example_dags/example_task_group_decorator.py
[2021-06-21 19:11:56,267] {logging_mixin.py:104} INFO - [2021-06-21 19:11:56,266] {dag.py:1832} INFO - Sync 1 DAGs
[2021-06-21 19:11:56,293] {logging_mixin.py:104} INFO - [2021-06-21 19:11:56,293] {dag.py:2305} INFO - Setting next_dagrun for example_task_group_decorator to 2021-06-19 00:00:00+00:00
[2021-06-21 19:11:56,345] {scheduler_job.py:190} INFO - Processing /home/airflow/.local/lib/python3.6/site-packages/airflow/example_dags/example_task_group_decorator.py took 0.400 seconds
[2021-06-21 19:12:26,604] {scheduler_job.py:182} INFO - Started process (PID=1849) to work on /home/airflow/.local/lib/python3.6/site-packages/airflow/example_dags/example_task_group_decorator.py
[2021-06-21 19:12:26,605] {scheduler_job.py:633} INFO - Processing file /home/airflow/.local/lib/python3.6/site-packages/airflow/example_dags/example_task_group_decorator.py for tasks to queue
[2021-06-21 19:12:26,606] {logging_mixin.py:104} INFO - [2021-06-21 19:12:26,606] {dagbag.py:487} INFO - Filling up the DagBag from /home/airflow/.local/lib/python3.6/site-packages/airflow/example_dags/example_task_group_decorator.py
[2021-06-21 19:12:26,634] {scheduler_job.py:643} INFO - DAG(s) dict_keys(['example_task_group_decorator']) retrieved from /home/airflow/.local/lib/python3.6/site-packages/airflow/example_dags/example_task_group_decorator.py
[2021-06-21 19:12:26,879] {logging_mixin.py:104} INFO - [2021-06-21 19:12:26,879] {dag.py:1832} INFO - Sync 1 DAGs
[2021-06-21 19:12:26,894] {logging_mixin.py:104} INFO - [2021-06-21 19:12:26,894] {dag.py:2305} INFO - Setting next_dagrun for example_task_group_decorator to 2021-06-19 00:00:00+00:00
[2021-06-21 19:12:26,907] {scheduler_job.py:190} INFO - Processing /home/airflow/.local/lib/python3.6/site-packages/airflow/example_dags/example_task_group_decorator.py took 0.306 seconds
[2021-06-21 19:12:57,407] {scheduler_job.py:182} INFO - Started process (PID=1923) to work on /home/airflow/.local/lib/python3.6/site-packages/airflow/example_dags/example_task_group_decorator.py
[2021-06-21 19:12:57,408] {scheduler_job.py:633} INFO - Processing file /home/airflow/.local/lib/python3.6/site-packages/airflow/example_dags/example_task_group_decorator.py for tasks to queue
[2021-06-21 19:12:57,408] {logging_mixin.py:104} INFO - [2021-06-21 19:12:57,408] {dagbag.py:487} INFO - Filling up the DagBag from /home/airflow/.local/lib/python3.6/site-packages/airflow/example_dags/example_task_group_decorator.py
[2021-06-21 19:12:57,432] {scheduler_job.py:643} INFO - DAG(s) dict_keys(['example_task_group_decorator']) retrieved from /home/airflow/.local/lib/python3.6/site-packages/airflow/example_dags/example_task_group_decorator.py
[2021-06-21 19:12:57,685] {logging_mixin.py:104} INFO - [2021-06-21 19:12:57,685] {dag.py:1832} INFO - Sync 1 DAGs
[2021-06-21 19:12:57,706] {logging_mixin.py:104} INFO - [2021-06-21 19:12:57,705] {dag.py:2305} INFO - Setting next_dagrun for example_task_group_decorator to 2021-06-19 00:00:00+00:00
[2021-06-21 19:12:57,720] {scheduler_job.py:190} INFO - Processing /home/airflow/.local/lib/python3.6/site-packages/airflow/example_dags/example_task_group_decorator.py took 0.316 seconds
[2021-06-21 19:13:28,524] {scheduler_job.py:182} INFO - Started process (PID=1997) to work on /home/airflow/.local/lib/python3.6/site-packages/airflow/example_dags/example_task_group_decorator.py
[2021-06-21 19:13:28,527] {scheduler_job.py:633} INFO - Processing file /home/airflow/.local/lib/python3.6/site-packages/airflow/example_dags/example_task_group_decorator.py for tasks to queue
[2021-06-21 19:13:28,529] {logging_mixin.py:104} INFO - [2021-06-21 19:13:28,529] {dagbag.py:487} INFO - Filling up the DagBag from /home/airflow/.local/lib/python3.6/site-packages/airflow/example_dags/example_task_group_decorator.py
[2021-06-21 19:13:28,566] {scheduler_job.py:643} INFO - DAG(s) dict_keys(['example_task_group_decorator']) retrieved from /home/airflow/.local/lib/python3.6/site-packages/airflow/example_dags/example_task_group_decorator.py
[2021-06-21 19:13:28,748] {logging_mixin.py:104} INFO - [2021-06-21 19:13:28,748] {dag.py:1832} INFO - Sync 1 DAGs
[2021-06-21 19:13:28,760] {logging_mixin.py:104} INFO - [2021-06-21 19:13:28,760] {dag.py:2305} INFO - Setting next_dagrun for example_task_group_decorator to 2021-06-19 00:00:00+00:00
[2021-06-21 19:13:28,769] {scheduler_job.py:190} INFO - Processing /home/airflow/.local/lib/python3.6/site-packages/airflow/example_dags/example_task_group_decorator.py took 0.254 seconds
[2021-06-21 19:13:59,056] {scheduler_job.py:182} INFO - Started process (PID=2073) to work on /home/airflow/.local/lib/python3.6/site-packages/airflow/example_dags/example_task_group_decorator.py
[2021-06-21 19:13:59,066] {scheduler_job.py:633} INFO - Processing file /home/airflow/.local/lib/python3.6/site-packages/airflow/example_dags/example_task_group_decorator.py for tasks to queue
[2021-06-21 19:13:59,067] {logging_mixin.py:104} INFO - [2021-06-21 19:13:59,066] {dagbag.py:487} INFO - Filling up the DagBag from /home/airflow/.local/lib/python3.6/site-packages/airflow/example_dags/example_task_group_decorator.py
[2021-06-21 19:13:59,123] {scheduler_job.py:643} INFO - DAG(s) dict_keys(['example_task_group_decorator']) retrieved from /home/airflow/.local/lib/python3.6/site-packages/airflow/example_dags/example_task_group_decorator.py
[2021-06-21 19:13:59,589] {logging_mixin.py:104} INFO - [2021-06-21 19:13:59,589] {dag.py:1832} INFO - Sync 1 DAGs
[2021-06-21 19:13:59,646] {logging_mixin.py:104} INFO - [2021-06-21 19:13:59,645] {dag.py:2305} INFO - Setting next_dagrun for example_task_group_decorator to 2021-06-19 00:00:00+00:00
[2021-06-21 19:13:59,661] {scheduler_job.py:190} INFO - Processing /home/airflow/.local/lib/python3.6/site-packages/airflow/example_dags/example_task_group_decorator.py took 0.612 seconds
[2021-06-21 19:14:30,414] {scheduler_job.py:182} INFO - Started process (PID=2145) to work on /home/airflow/.local/lib/python3.6/site-packages/airflow/example_dags/example_task_group_decorator.py
[2021-06-21 19:14:30,415] {scheduler_job.py:633} INFO - Processing file /home/airflow/.local/lib/python3.6/site-packages/airflow/example_dags/example_task_group_decorator.py for tasks to queue
[2021-06-21 19:14:30,417] {logging_mixin.py:104} INFO - [2021-06-21 19:14:30,416] {dagbag.py:487} INFO - Filling up the DagBag from /home/airflow/.local/lib/python3.6/site-packages/airflow/example_dags/example_task_group_decorator.py
[2021-06-21 19:14:30,448] {scheduler_job.py:643} INFO - DAG(s) dict_keys(['example_task_group_decorator']) retrieved from /home/airflow/.local/lib/python3.6/site-packages/airflow/example_dags/example_task_group_decorator.py
[2021-06-21 19:14:30,690] {logging_mixin.py:104} INFO - [2021-06-21 19:14:30,690] {dag.py:1832} INFO - Sync 1 DAGs
[2021-06-21 19:14:30,702] {logging_mixin.py:104} INFO - [2021-06-21 19:14:30,702] {dag.py:2305} INFO - Setting next_dagrun for example_task_group_decorator to 2021-06-19 00:00:00+00:00
[2021-06-21 19:14:30,711] {scheduler_job.py:190} INFO - Processing /home/airflow/.local/lib/python3.6/site-packages/airflow/example_dags/example_task_group_decorator.py took 0.303 seconds
[2021-06-21 19:15:00,850] {scheduler_job.py:182} INFO - Started process (PID=2225) to work on /home/airflow/.local/lib/python3.6/site-packages/airflow/example_dags/example_task_group_decorator.py
[2021-06-21 19:15:00,851] {scheduler_job.py:633} INFO - Processing file /home/airflow/.local/lib/python3.6/site-packages/airflow/example_dags/example_task_group_decorator.py for tasks to queue
[2021-06-21 19:15:00,851] {logging_mixin.py:104} INFO - [2021-06-21 19:15:00,851] {dagbag.py:487} INFO - Filling up the DagBag from /home/airflow/.local/lib/python3.6/site-packages/airflow/example_dags/example_task_group_decorator.py
[2021-06-21 19:15:00,877] {scheduler_job.py:643} INFO - DAG(s) dict_keys(['example_task_group_decorator']) retrieved from /home/airflow/.local/lib/python3.6/site-packages/airflow/example_dags/example_task_group_decorator.py
[2021-06-21 19:15:01,130] {logging_mixin.py:104} INFO - [2021-06-21 19:15:01,130] {dag.py:1832} INFO - Sync 1 DAGs
[2021-06-21 19:15:01,149] {logging_mixin.py:104} INFO - [2021-06-21 19:15:01,149] {dag.py:2305} INFO - Setting next_dagrun for example_task_group_decorator to 2021-06-19 00:00:00+00:00
[2021-06-21 19:15:01,163] {scheduler_job.py:190} INFO - Processing /home/airflow/.local/lib/python3.6/site-packages/airflow/example_dags/example_task_group_decorator.py took 0.316 seconds
[2021-06-21 19:15:31,704] {scheduler_job.py:182} INFO - Started process (PID=2299) to work on /home/airflow/.local/lib/python3.6/site-packages/airflow/example_dags/example_task_group_decorator.py
[2021-06-21 19:15:31,705] {scheduler_job.py:633} INFO - Processing file /home/airflow/.local/lib/python3.6/site-packages/airflow/example_dags/example_task_group_decorator.py for tasks to queue
[2021-06-21 19:15:31,706] {logging_mixin.py:104} INFO - [2021-06-21 19:15:31,706] {dagbag.py:487} INFO - Filling up the DagBag from /home/airflow/.local/lib/python3.6/site-packages/airflow/example_dags/example_task_group_decorator.py
[2021-06-21 19:15:31,737] {scheduler_job.py:643} INFO - DAG(s) dict_keys(['example_task_group_decorator']) retrieved from /home/airflow/.local/lib/python3.6/site-packages/airflow/example_dags/example_task_group_decorator.py
[2021-06-21 19:15:31,978] {logging_mixin.py:104} INFO - [2021-06-21 19:15:31,978] {dag.py:1832} INFO - Sync 1 DAGs
[2021-06-21 19:15:31,996] {logging_mixin.py:104} INFO - [2021-06-21 19:15:31,996] {dag.py:2305} INFO - Setting next_dagrun for example_task_group_decorator to 2021-06-19 00:00:00+00:00
[2021-06-21 19:15:32,005] {scheduler_job.py:190} INFO - Processing /home/airflow/.local/lib/python3.6/site-packages/airflow/example_dags/example_task_group_decorator.py took 0.305 seconds
[2021-06-21 19:16:02,553] {scheduler_job.py:182} INFO - Started process (PID=2380) to work on /home/airflow/.local/lib/python3.6/site-packages/airflow/example_dags/example_task_group_decorator.py
[2021-06-21 19:16:02,556] {scheduler_job.py:633} INFO - Processing file /home/airflow/.local/lib/python3.6/site-packages/airflow/example_dags/example_task_group_decorator.py for tasks to queue
[2021-06-21 19:16:02,558] {logging_mixin.py:104} INFO - [2021-06-21 19:16:02,558] {dagbag.py:487} INFO - Filling up the DagBag from /home/airflow/.local/lib/python3.6/site-packages/airflow/example_dags/example_task_group_decorator.py
[2021-06-21 19:16:02,588] {scheduler_job.py:643} INFO - DAG(s) dict_keys(['example_task_group_decorator']) retrieved from /home/airflow/.local/lib/python3.6/site-packages/airflow/example_dags/example_task_group_decorator.py
[2021-06-21 19:16:02,768] {logging_mixin.py:104} INFO - [2021-06-21 19:16:02,768] {dag.py:1832} INFO - Sync 1 DAGs
[2021-06-21 19:16:02,779] {logging_mixin.py:104} INFO - [2021-06-21 19:16:02,779] {dag.py:2305} INFO - Setting next_dagrun for example_task_group_decorator to 2021-06-19 00:00:00+00:00
[2021-06-21 19:16:02,787] {scheduler_job.py:190} INFO - Processing /home/airflow/.local/lib/python3.6/site-packages/airflow/example_dags/example_task_group_decorator.py took 0.243 seconds
[2021-06-21 19:16:33,465] {scheduler_job.py:182} INFO - Started process (PID=2445) to work on /home/airflow/.local/lib/python3.6/site-packages/airflow/example_dags/example_task_group_decorator.py
[2021-06-21 19:16:33,466] {scheduler_job.py:633} INFO - Processing file /home/airflow/.local/lib/python3.6/site-packages/airflow/example_dags/example_task_group_decorator.py for tasks to queue
[2021-06-21 19:16:33,467] {logging_mixin.py:104} INFO - [2021-06-21 19:16:33,467] {dagbag.py:487} INFO - Filling up the DagBag from /home/airflow/.local/lib/python3.6/site-packages/airflow/example_dags/example_task_group_decorator.py
[2021-06-21 19:16:33,489] {scheduler_job.py:643} INFO - DAG(s) dict_keys(['example_task_group_decorator']) retrieved from /home/airflow/.local/lib/python3.6/site-packages/airflow/example_dags/example_task_group_decorator.py
[2021-06-21 19:16:33,731] {logging_mixin.py:104} INFO - [2021-06-21 19:16:33,731] {dag.py:1832} INFO - Sync 1 DAGs
[2021-06-21 19:16:33,748] {logging_mixin.py:104} INFO - [2021-06-21 19:16:33,748] {dag.py:2305} INFO - Setting next_dagrun for example_task_group_decorator to 2021-06-19 00:00:00+00:00
[2021-06-21 19:16:33,802] {scheduler_job.py:190} INFO - Processing /home/airflow/.local/lib/python3.6/site-packages/airflow/example_dags/example_task_group_decorator.py took 0.339 seconds
[2021-06-21 19:17:04,729] {scheduler_job.py:182} INFO - Started process (PID=2526) to work on /home/airflow/.local/lib/python3.6/site-packages/airflow/example_dags/example_task_group_decorator.py
[2021-06-21 19:17:04,731] {scheduler_job.py:633} INFO - Processing file /home/airflow/.local/lib/python3.6/site-packages/airflow/example_dags/example_task_group_decorator.py for tasks to queue
[2021-06-21 19:17:04,731] {logging_mixin.py:104} INFO - [2021-06-21 19:17:04,731] {dagbag.py:487} INFO - Filling up the DagBag from /home/airflow/.local/lib/python3.6/site-packages/airflow/example_dags/example_task_group_decorator.py
[2021-06-21 19:17:04,758] {scheduler_job.py:643} INFO - DAG(s) dict_keys(['example_task_group_decorator']) retrieved from /home/airflow/.local/lib/python3.6/site-packages/airflow/example_dags/example_task_group_decorator.py
[2021-06-21 19:17:04,958] {logging_mixin.py:104} INFO - [2021-06-21 19:17:04,958] {dag.py:1832} INFO - Sync 1 DAGs
[2021-06-21 19:17:04,972] {logging_mixin.py:104} INFO - [2021-06-21 19:17:04,972] {dag.py:2305} INFO - Setting next_dagrun for example_task_group_decorator to 2021-06-19 00:00:00+00:00
[2021-06-21 19:17:05,016] {scheduler_job.py:190} INFO - Processing /home/airflow/.local/lib/python3.6/site-packages/airflow/example_dags/example_task_group_decorator.py took 0.290 seconds
[2021-06-21 19:17:35,034] {scheduler_job.py:182} INFO - Started process (PID=2590) to work on /home/airflow/.local/lib/python3.6/site-packages/airflow/example_dags/example_task_group_decorator.py
[2021-06-21 19:17:35,035] {scheduler_job.py:633} INFO - Processing file /home/airflow/.local/lib/python3.6/site-packages/airflow/example_dags/example_task_group_decorator.py for tasks to queue
[2021-06-21 19:17:35,036] {logging_mixin.py:104} INFO - [2021-06-21 19:17:35,036] {dagbag.py:487} INFO - Filling up the DagBag from /home/airflow/.local/lib/python3.6/site-packages/airflow/example_dags/example_task_group_decorator.py
[2021-06-21 19:17:35,064] {scheduler_job.py:643} INFO - DAG(s) dict_keys(['example_task_group_decorator']) retrieved from /home/airflow/.local/lib/python3.6/site-packages/airflow/example_dags/example_task_group_decorator.py
[2021-06-21 19:17:35,303] {logging_mixin.py:104} INFO - [2021-06-21 19:17:35,303] {dag.py:1832} INFO - Sync 1 DAGs
[2021-06-21 19:17:35,317] {logging_mixin.py:104} INFO - [2021-06-21 19:17:35,317] {dag.py:2305} INFO - Setting next_dagrun for example_task_group_decorator to 2021-06-19 00:00:00+00:00
[2021-06-21 19:17:35,374] {scheduler_job.py:190} INFO - Processing /home/airflow/.local/lib/python3.6/site-packages/airflow/example_dags/example_task_group_decorator.py took 0.343 seconds
[2021-06-21 19:18:05,429] {scheduler_job.py:182} INFO - Started process (PID=2675) to work on /home/airflow/.local/lib/python3.6/site-packages/airflow/example_dags/example_task_group_decorator.py
[2021-06-21 19:18:05,430] {scheduler_job.py:633} INFO - Processing file /home/airflow/.local/lib/python3.6/site-packages/airflow/example_dags/example_task_group_decorator.py for tasks to queue
[2021-06-21 19:18:05,431] {logging_mixin.py:104} INFO - [2021-06-21 19:18:05,431] {dagbag.py:487} INFO - Filling up the DagBag from /home/airflow/.local/lib/python3.6/site-packages/airflow/example_dags/example_task_group_decorator.py
[2021-06-21 19:18:05,460] {scheduler_job.py:643} INFO - DAG(s) dict_keys(['example_task_group_decorator']) retrieved from /home/airflow/.local/lib/python3.6/site-packages/airflow/example_dags/example_task_group_decorator.py
[2021-06-21 19:18:05,723] {logging_mixin.py:104} INFO - [2021-06-21 19:18:05,722] {dag.py:1832} INFO - Sync 1 DAGs
[2021-06-21 19:18:05,734] {logging_mixin.py:104} INFO - [2021-06-21 19:18:05,734] {dag.py:2305} INFO - Setting next_dagrun for example_task_group_decorator to 2021-06-19 00:00:00+00:00
[2021-06-21 19:18:05,782] {scheduler_job.py:190} INFO - Processing /home/airflow/.local/lib/python3.6/site-packages/airflow/example_dags/example_task_group_decorator.py took 0.355 seconds
[2021-06-21 19:18:35,935] {scheduler_job.py:182} INFO - Started process (PID=2739) to work on /home/airflow/.local/lib/python3.6/site-packages/airflow/example_dags/example_task_group_decorator.py
[2021-06-21 19:18:35,936] {scheduler_job.py:633} INFO - Processing file /home/airflow/.local/lib/python3.6/site-packages/airflow/example_dags/example_task_group_decorator.py for tasks to queue
[2021-06-21 19:18:35,937] {logging_mixin.py:104} INFO - [2021-06-21 19:18:35,937] {dagbag.py:487} INFO - Filling up the DagBag from /home/airflow/.local/lib/python3.6/site-packages/airflow/example_dags/example_task_group_decorator.py
[2021-06-21 19:18:35,957] {scheduler_job.py:643} INFO - DAG(s) dict_keys(['example_task_group_decorator']) retrieved from /home/airflow/.local/lib/python3.6/site-packages/airflow/example_dags/example_task_group_decorator.py
[2021-06-21 19:18:36,146] {logging_mixin.py:104} INFO - [2021-06-21 19:18:36,146] {dag.py:1832} INFO - Sync 1 DAGs
[2021-06-21 19:18:36,158] {logging_mixin.py:104} INFO - [2021-06-21 19:18:36,158] {dag.py:2305} INFO - Setting next_dagrun for example_task_group_decorator to 2021-06-19 00:00:00+00:00
[2021-06-21 19:18:36,167] {scheduler_job.py:190} INFO - Processing /home/airflow/.local/lib/python3.6/site-packages/airflow/example_dags/example_task_group_decorator.py took 0.234 seconds
[2021-06-21 19:19:06,822] {scheduler_job.py:182} INFO - Started process (PID=2821) to work on /home/airflow/.local/lib/python3.6/site-packages/airflow/example_dags/example_task_group_decorator.py
[2021-06-21 19:19:06,823] {scheduler_job.py:633} INFO - Processing file /home/airflow/.local/lib/python3.6/site-packages/airflow/example_dags/example_task_group_decorator.py for tasks to queue
[2021-06-21 19:19:06,824] {logging_mixin.py:104} INFO - [2021-06-21 19:19:06,824] {dagbag.py:487} INFO - Filling up the DagBag from /home/airflow/.local/lib/python3.6/site-packages/airflow/example_dags/example_task_group_decorator.py
[2021-06-21 19:19:06,855] {scheduler_job.py:643} INFO - DAG(s) dict_keys(['example_task_group_decorator']) retrieved from /home/airflow/.local/lib/python3.6/site-packages/airflow/example_dags/example_task_group_decorator.py
[2021-06-21 19:19:07,110] {logging_mixin.py:104} INFO - [2021-06-21 19:19:07,110] {dag.py:1832} INFO - Sync 1 DAGs
[2021-06-21 19:19:07,130] {logging_mixin.py:104} INFO - [2021-06-21 19:19:07,130] {dag.py:2305} INFO - Setting next_dagrun for example_task_group_decorator to 2021-06-19 00:00:00+00:00
[2021-06-21 19:19:07,145] {scheduler_job.py:190} INFO - Processing /home/airflow/.local/lib/python3.6/site-packages/airflow/example_dags/example_task_group_decorator.py took 0.331 seconds
[2021-06-21 19:19:37,456] {scheduler_job.py:182} INFO - Started process (PID=2895) to work on /home/airflow/.local/lib/python3.6/site-packages/airflow/example_dags/example_task_group_decorator.py
[2021-06-21 19:19:37,457] {scheduler_job.py:633} INFO - Processing file /home/airflow/.local/lib/python3.6/site-packages/airflow/example_dags/example_task_group_decorator.py for tasks to queue
[2021-06-21 19:19:37,457] {logging_mixin.py:104} INFO - [2021-06-21 19:19:37,457] {dagbag.py:487} INFO - Filling up the DagBag from /home/airflow/.local/lib/python3.6/site-packages/airflow/example_dags/example_task_group_decorator.py
[2021-06-21 19:19:37,483] {scheduler_job.py:643} INFO - DAG(s) dict_keys(['example_task_group_decorator']) retrieved from /home/airflow/.local/lib/python3.6/site-packages/airflow/example_dags/example_task_group_decorator.py
[2021-06-21 19:19:37,727] {logging_mixin.py:104} INFO - [2021-06-21 19:19:37,727] {dag.py:1832} INFO - Sync 1 DAGs
[2021-06-21 19:19:37,746] {logging_mixin.py:104} INFO - [2021-06-21 19:19:37,746] {dag.py:2305} INFO - Setting next_dagrun for example_task_group_decorator to 2021-06-19 00:00:00+00:00
[2021-06-21 19:19:37,758] {scheduler_job.py:190} INFO - Processing /home/airflow/.local/lib/python3.6/site-packages/airflow/example_dags/example_task_group_decorator.py took 0.304 seconds
[2021-06-21 19:20:08,263] {scheduler_job.py:182} INFO - Started process (PID=2967) to work on /home/airflow/.local/lib/python3.6/site-packages/airflow/example_dags/example_task_group_decorator.py
[2021-06-21 19:20:08,264] {scheduler_job.py:633} INFO - Processing file /home/airflow/.local/lib/python3.6/site-packages/airflow/example_dags/example_task_group_decorator.py for tasks to queue
[2021-06-21 19:20:08,264] {logging_mixin.py:104} INFO - [2021-06-21 19:20:08,264] {dagbag.py:487} INFO - Filling up the DagBag from /home/airflow/.local/lib/python3.6/site-packages/airflow/example_dags/example_task_group_decorator.py
[2021-06-21 19:20:08,286] {scheduler_job.py:643} INFO - DAG(s) dict_keys(['example_task_group_decorator']) retrieved from /home/airflow/.local/lib/python3.6/site-packages/airflow/example_dags/example_task_group_decorator.py
[2021-06-21 19:20:08,559] {logging_mixin.py:104} INFO - [2021-06-21 19:20:08,559] {dag.py:1832} INFO - Sync 1 DAGs
[2021-06-21 19:20:08,572] {logging_mixin.py:104} INFO - [2021-06-21 19:20:08,572] {dag.py:2305} INFO - Setting next_dagrun for example_task_group_decorator to 2021-06-19 00:00:00+00:00
[2021-06-21 19:20:08,583] {scheduler_job.py:190} INFO - Processing /home/airflow/.local/lib/python3.6/site-packages/airflow/example_dags/example_task_group_decorator.py took 0.323 seconds
[2021-06-21 19:20:38,881] {scheduler_job.py:182} INFO - Started process (PID=3049) to work on /home/airflow/.local/lib/python3.6/site-packages/airflow/example_dags/example_task_group_decorator.py
[2021-06-21 19:20:38,891] {scheduler_job.py:633} INFO - Processing file /home/airflow/.local/lib/python3.6/site-packages/airflow/example_dags/example_task_group_decorator.py for tasks to queue
[2021-06-21 19:20:38,892] {logging_mixin.py:104} INFO - [2021-06-21 19:20:38,892] {dagbag.py:487} INFO - Filling up the DagBag from /home/airflow/.local/lib/python3.6/site-packages/airflow/example_dags/example_task_group_decorator.py
[2021-06-21 19:20:38,976] {scheduler_job.py:643} INFO - DAG(s) dict_keys(['example_task_group_decorator']) retrieved from /home/airflow/.local/lib/python3.6/site-packages/airflow/example_dags/example_task_group_decorator.py
[2021-06-21 19:20:39,206] {logging_mixin.py:104} INFO - [2021-06-21 19:20:39,206] {dag.py:1832} INFO - Sync 1 DAGs
[2021-06-21 19:20:39,220] {logging_mixin.py:104} INFO - [2021-06-21 19:20:39,220] {dag.py:2305} INFO - Setting next_dagrun for example_task_group_decorator to 2021-06-19 00:00:00+00:00
[2021-06-21 19:20:39,230] {scheduler_job.py:190} INFO - Processing /home/airflow/.local/lib/python3.6/site-packages/airflow/example_dags/example_task_group_decorator.py took 0.353 seconds
[2021-06-21 19:21:09,604] {scheduler_job.py:182} INFO - Started process (PID=3113) to work on /home/airflow/.local/lib/python3.6/site-packages/airflow/example_dags/example_task_group_decorator.py
[2021-06-21 19:21:09,605] {scheduler_job.py:633} INFO - Processing file /home/airflow/.local/lib/python3.6/site-packages/airflow/example_dags/example_task_group_decorator.py for tasks to queue
[2021-06-21 19:21:09,606] {logging_mixin.py:104} INFO - [2021-06-21 19:21:09,606] {dagbag.py:487} INFO - Filling up the DagBag from /home/airflow/.local/lib/python3.6/site-packages/airflow/example_dags/example_task_group_decorator.py
[2021-06-21 19:21:09,630] {scheduler_job.py:643} INFO - DAG(s) dict_keys(['example_task_group_decorator']) retrieved from /home/airflow/.local/lib/python3.6/site-packages/airflow/example_dags/example_task_group_decorator.py
[2021-06-21 19:21:09,856] {logging_mixin.py:104} INFO - [2021-06-21 19:21:09,856] {dag.py:1832} INFO - Sync 1 DAGs
[2021-06-21 19:21:09,871] {logging_mixin.py:104} INFO - [2021-06-21 19:21:09,871] {dag.py:2305} INFO - Setting next_dagrun for example_task_group_decorator to 2021-06-19 00:00:00+00:00
[2021-06-21 19:21:09,882] {scheduler_job.py:190} INFO - Processing /home/airflow/.local/lib/python3.6/site-packages/airflow/example_dags/example_task_group_decorator.py took 0.281 seconds
[2021-06-21 19:21:40,187] {scheduler_job.py:182} INFO - Started process (PID=3196) to work on /home/airflow/.local/lib/python3.6/site-packages/airflow/example_dags/example_task_group_decorator.py
[2021-06-21 19:21:40,188] {scheduler_job.py:633} INFO - Processing file /home/airflow/.local/lib/python3.6/site-packages/airflow/example_dags/example_task_group_decorator.py for tasks to queue
[2021-06-21 19:21:40,188] {logging_mixin.py:104} INFO - [2021-06-21 19:21:40,188] {dagbag.py:487} INFO - Filling up the DagBag from /home/airflow/.local/lib/python3.6/site-packages/airflow/example_dags/example_task_group_decorator.py
[2021-06-21 19:21:40,215] {scheduler_job.py:643} INFO - DAG(s) dict_keys(['example_task_group_decorator']) retrieved from /home/airflow/.local/lib/python3.6/site-packages/airflow/example_dags/example_task_group_decorator.py
[2021-06-21 19:21:40,440] {logging_mixin.py:104} INFO - [2021-06-21 19:21:40,440] {dag.py:1832} INFO - Sync 1 DAGs
[2021-06-21 19:21:40,456] {logging_mixin.py:104} INFO - [2021-06-21 19:21:40,455] {dag.py:2305} INFO - Setting next_dagrun for example_task_group_decorator to 2021-06-19 00:00:00+00:00
[2021-06-21 19:21:40,467] {scheduler_job.py:190} INFO - Processing /home/airflow/.local/lib/python3.6/site-packages/airflow/example_dags/example_task_group_decorator.py took 0.284 seconds
[2021-06-21 19:22:10,837] {scheduler_job.py:182} INFO - Started process (PID=3260) to work on /home/airflow/.local/lib/python3.6/site-packages/airflow/example_dags/example_task_group_decorator.py
[2021-06-21 19:22:10,839] {scheduler_job.py:633} INFO - Processing file /home/airflow/.local/lib/python3.6/site-packages/airflow/example_dags/example_task_group_decorator.py for tasks to queue
[2021-06-21 19:22:10,840] {logging_mixin.py:104} INFO - [2021-06-21 19:22:10,840] {dagbag.py:487} INFO - Filling up the DagBag from /home/airflow/.local/lib/python3.6/site-packages/airflow/example_dags/example_task_group_decorator.py
[2021-06-21 19:22:10,865] {scheduler_job.py:643} INFO - DAG(s) dict_keys(['example_task_group_decorator']) retrieved from /home/airflow/.local/lib/python3.6/site-packages/airflow/example_dags/example_task_group_decorator.py
[2021-06-21 19:22:11,043] {logging_mixin.py:104} INFO - [2021-06-21 19:22:11,043] {dag.py:1832} INFO - Sync 1 DAGs
[2021-06-21 19:22:11,054] {logging_mixin.py:104} INFO - [2021-06-21 19:22:11,054] {dag.py:2305} INFO - Setting next_dagrun for example_task_group_decorator to 2021-06-19 00:00:00+00:00
[2021-06-21 19:22:11,063] {scheduler_job.py:190} INFO - Processing /home/airflow/.local/lib/python3.6/site-packages/airflow/example_dags/example_task_group_decorator.py took 0.231 seconds
[2021-06-21 19:22:41,665] {scheduler_job.py:182} INFO - Started process (PID=3343) to work on /home/airflow/.local/lib/python3.6/site-packages/airflow/example_dags/example_task_group_decorator.py
[2021-06-21 19:22:41,666] {scheduler_job.py:633} INFO - Processing file /home/airflow/.local/lib/python3.6/site-packages/airflow/example_dags/example_task_group_decorator.py for tasks to queue
[2021-06-21 19:22:41,667] {logging_mixin.py:104} INFO - [2021-06-21 19:22:41,666] {dagbag.py:487} INFO - Filling up the DagBag from /home/airflow/.local/lib/python3.6/site-packages/airflow/example_dags/example_task_group_decorator.py
[2021-06-21 19:22:41,702] {scheduler_job.py:643} INFO - DAG(s) dict_keys(['example_task_group_decorator']) retrieved from /home/airflow/.local/lib/python3.6/site-packages/airflow/example_dags/example_task_group_decorator.py
[2021-06-21 19:22:41,931] {logging_mixin.py:104} INFO - [2021-06-21 19:22:41,931] {dag.py:1832} INFO - Sync 1 DAGs
[2021-06-21 19:22:41,945] {logging_mixin.py:104} INFO - [2021-06-21 19:22:41,945] {dag.py:2305} INFO - Setting next_dagrun for example_task_group_decorator to 2021-06-19 00:00:00+00:00
[2021-06-21 19:22:41,974] {scheduler_job.py:190} INFO - Processing /home/airflow/.local/lib/python3.6/site-packages/airflow/example_dags/example_task_group_decorator.py took 0.316 seconds
[2021-06-21 19:23:12,865] {scheduler_job.py:182} INFO - Started process (PID=3407) to work on /home/airflow/.local/lib/python3.6/site-packages/airflow/example_dags/example_task_group_decorator.py
[2021-06-21 19:23:12,866] {scheduler_job.py:633} INFO - Processing file /home/airflow/.local/lib/python3.6/site-packages/airflow/example_dags/example_task_group_decorator.py for tasks to queue
[2021-06-21 19:23:12,866] {logging_mixin.py:104} INFO - [2021-06-21 19:23:12,866] {dagbag.py:487} INFO - Filling up the DagBag from /home/airflow/.local/lib/python3.6/site-packages/airflow/example_dags/example_task_group_decorator.py
[2021-06-21 19:23:12,897] {scheduler_job.py:643} INFO - DAG(s) dict_keys(['example_task_group_decorator']) retrieved from /home/airflow/.local/lib/python3.6/site-packages/airflow/example_dags/example_task_group_decorator.py
[2021-06-21 19:23:13,233] {logging_mixin.py:104} INFO - [2021-06-21 19:23:13,233] {dag.py:1832} INFO - Sync 1 DAGs
[2021-06-21 19:23:13,249] {logging_mixin.py:104} INFO - [2021-06-21 19:23:13,249] {dag.py:2305} INFO - Setting next_dagrun for example_task_group_decorator to 2021-06-19 00:00:00+00:00
[2021-06-21 19:23:13,280] {scheduler_job.py:190} INFO - Processing /home/airflow/.local/lib/python3.6/site-packages/airflow/example_dags/example_task_group_decorator.py took 0.419 seconds
