[2021-06-21 19:00:21,802] {scheduler_job.py:182} INFO - Started process (PID=100) to work on /home/airflow/.local/lib/python3.6/site-packages/airflow/example_dags/example_task_group.py
[2021-06-21 19:00:21,803] {scheduler_job.py:633} INFO - Processing file /home/airflow/.local/lib/python3.6/site-packages/airflow/example_dags/example_task_group.py for tasks to queue
[2021-06-21 19:00:21,803] {logging_mixin.py:104} INFO - [2021-06-21 19:00:21,803] {dagbag.py:487} INFO - Filling up the DagBag from /home/airflow/.local/lib/python3.6/site-packages/airflow/example_dags/example_task_group.py
[2021-06-21 19:00:21,817] {scheduler_job.py:643} INFO - DAG(s) dict_keys(['example_task_group']) retrieved from /home/airflow/.local/lib/python3.6/site-packages/airflow/example_dags/example_task_group.py
[2021-06-21 19:00:24,504] {logging_mixin.py:104} INFO - [2021-06-21 19:00:24,502] {dag.py:1832} INFO - Sync 1 DAGs
[2021-06-21 19:00:24,517] {logging_mixin.py:104} INFO - [2021-06-21 19:00:24,515] {dag.py:1851} INFO - Creating ORM DAG for example_task_group
[2021-06-21 19:00:24,522] {logging_mixin.py:104} INFO - [2021-06-21 19:00:24,522] {dag.py:2305} INFO - Setting next_dagrun for example_task_group to 2021-06-19 00:00:00+00:00
[2021-06-21 19:00:24,533] {scheduler_job.py:190} INFO - Processing /home/airflow/.local/lib/python3.6/site-packages/airflow/example_dags/example_task_group.py took 2.733 seconds
[2021-06-21 19:00:55,415] {scheduler_job.py:182} INFO - Started process (PID=194) to work on /home/airflow/.local/lib/python3.6/site-packages/airflow/example_dags/example_task_group.py
[2021-06-21 19:00:55,419] {scheduler_job.py:633} INFO - Processing file /home/airflow/.local/lib/python3.6/site-packages/airflow/example_dags/example_task_group.py for tasks to queue
[2021-06-21 19:00:55,421] {logging_mixin.py:104} INFO - [2021-06-21 19:00:55,421] {dagbag.py:487} INFO - Filling up the DagBag from /home/airflow/.local/lib/python3.6/site-packages/airflow/example_dags/example_task_group.py
[2021-06-21 19:00:55,477] {scheduler_job.py:643} INFO - DAG(s) dict_keys(['example_task_group']) retrieved from /home/airflow/.local/lib/python3.6/site-packages/airflow/example_dags/example_task_group.py
[2021-06-21 19:00:55,540] {logging_mixin.py:104} INFO - [2021-06-21 19:00:55,540] {dag.py:1832} INFO - Sync 1 DAGs
[2021-06-21 19:00:55,576] {logging_mixin.py:104} INFO - [2021-06-21 19:00:55,576] {dag.py:2305} INFO - Setting next_dagrun for example_task_group to 2021-06-19 00:00:00+00:00
[2021-06-21 19:00:55,588] {scheduler_job.py:190} INFO - Processing /home/airflow/.local/lib/python3.6/site-packages/airflow/example_dags/example_task_group.py took 0.181 seconds
[2021-06-21 19:01:25,656] {scheduler_job.py:182} INFO - Started process (PID=258) to work on /home/airflow/.local/lib/python3.6/site-packages/airflow/example_dags/example_task_group.py
[2021-06-21 19:01:25,656] {scheduler_job.py:633} INFO - Processing file /home/airflow/.local/lib/python3.6/site-packages/airflow/example_dags/example_task_group.py for tasks to queue
[2021-06-21 19:01:25,657] {logging_mixin.py:104} INFO - [2021-06-21 19:01:25,657] {dagbag.py:487} INFO - Filling up the DagBag from /home/airflow/.local/lib/python3.6/site-packages/airflow/example_dags/example_task_group.py
[2021-06-21 19:01:25,668] {scheduler_job.py:643} INFO - DAG(s) dict_keys(['example_task_group']) retrieved from /home/airflow/.local/lib/python3.6/site-packages/airflow/example_dags/example_task_group.py
[2021-06-21 19:01:25,684] {logging_mixin.py:104} INFO - [2021-06-21 19:01:25,684] {dag.py:1832} INFO - Sync 1 DAGs
[2021-06-21 19:01:25,695] {logging_mixin.py:104} INFO - [2021-06-21 19:01:25,695] {dag.py:2305} INFO - Setting next_dagrun for example_task_group to 2021-06-19 00:00:00+00:00
[2021-06-21 19:01:25,701] {scheduler_job.py:190} INFO - Processing /home/airflow/.local/lib/python3.6/site-packages/airflow/example_dags/example_task_group.py took 0.048 seconds
[2021-06-21 19:01:55,767] {scheduler_job.py:182} INFO - Started process (PID=338) to work on /home/airflow/.local/lib/python3.6/site-packages/airflow/example_dags/example_task_group.py
[2021-06-21 19:01:55,771] {scheduler_job.py:633} INFO - Processing file /home/airflow/.local/lib/python3.6/site-packages/airflow/example_dags/example_task_group.py for tasks to queue
[2021-06-21 19:01:55,773] {logging_mixin.py:104} INFO - [2021-06-21 19:01:55,773] {dagbag.py:487} INFO - Filling up the DagBag from /home/airflow/.local/lib/python3.6/site-packages/airflow/example_dags/example_task_group.py
[2021-06-21 19:01:55,796] {scheduler_job.py:643} INFO - DAG(s) dict_keys(['example_task_group']) retrieved from /home/airflow/.local/lib/python3.6/site-packages/airflow/example_dags/example_task_group.py
[2021-06-21 19:01:55,814] {logging_mixin.py:104} INFO - [2021-06-21 19:01:55,814] {dag.py:1832} INFO - Sync 1 DAGs
[2021-06-21 19:01:55,826] {logging_mixin.py:104} INFO - [2021-06-21 19:01:55,826] {dag.py:2305} INFO - Setting next_dagrun for example_task_group to 2021-06-19 00:00:00+00:00
[2021-06-21 19:01:55,850] {scheduler_job.py:190} INFO - Processing /home/airflow/.local/lib/python3.6/site-packages/airflow/example_dags/example_task_group.py took 0.091 seconds
[2021-06-21 19:02:25,928] {scheduler_job.py:182} INFO - Started process (PID=402) to work on /home/airflow/.local/lib/python3.6/site-packages/airflow/example_dags/example_task_group.py
[2021-06-21 19:02:25,931] {scheduler_job.py:633} INFO - Processing file /home/airflow/.local/lib/python3.6/site-packages/airflow/example_dags/example_task_group.py for tasks to queue
[2021-06-21 19:02:25,933] {logging_mixin.py:104} INFO - [2021-06-21 19:02:25,932] {dagbag.py:487} INFO - Filling up the DagBag from /home/airflow/.local/lib/python3.6/site-packages/airflow/example_dags/example_task_group.py
[2021-06-21 19:02:25,956] {scheduler_job.py:643} INFO - DAG(s) dict_keys(['example_task_group']) retrieved from /home/airflow/.local/lib/python3.6/site-packages/airflow/example_dags/example_task_group.py
[2021-06-21 19:02:25,974] {logging_mixin.py:104} INFO - [2021-06-21 19:02:25,974] {dag.py:1832} INFO - Sync 1 DAGs
[2021-06-21 19:02:25,985] {logging_mixin.py:104} INFO - [2021-06-21 19:02:25,985] {dag.py:2305} INFO - Setting next_dagrun for example_task_group to 2021-06-19 00:00:00+00:00
[2021-06-21 19:02:26,024] {scheduler_job.py:190} INFO - Processing /home/airflow/.local/lib/python3.6/site-packages/airflow/example_dags/example_task_group.py took 0.103 seconds
[2021-06-21 19:02:56,524] {scheduler_job.py:182} INFO - Started process (PID=485) to work on /home/airflow/.local/lib/python3.6/site-packages/airflow/example_dags/example_task_group.py
[2021-06-21 19:02:56,526] {scheduler_job.py:633} INFO - Processing file /home/airflow/.local/lib/python3.6/site-packages/airflow/example_dags/example_task_group.py for tasks to queue
[2021-06-21 19:02:56,528] {logging_mixin.py:104} INFO - [2021-06-21 19:02:56,528] {dagbag.py:487} INFO - Filling up the DagBag from /home/airflow/.local/lib/python3.6/site-packages/airflow/example_dags/example_task_group.py
[2021-06-21 19:02:56,556] {scheduler_job.py:643} INFO - DAG(s) dict_keys(['example_task_group']) retrieved from /home/airflow/.local/lib/python3.6/site-packages/airflow/example_dags/example_task_group.py
[2021-06-21 19:02:56,574] {logging_mixin.py:104} INFO - [2021-06-21 19:02:56,573] {dag.py:1832} INFO - Sync 1 DAGs
[2021-06-21 19:02:56,585] {logging_mixin.py:104} INFO - [2021-06-21 19:02:56,585] {dag.py:2305} INFO - Setting next_dagrun for example_task_group to 2021-06-19 00:00:00+00:00
[2021-06-21 19:02:56,618] {scheduler_job.py:190} INFO - Processing /home/airflow/.local/lib/python3.6/site-packages/airflow/example_dags/example_task_group.py took 0.103 seconds
[2021-06-21 19:03:26,650] {scheduler_job.py:182} INFO - Started process (PID=549) to work on /home/airflow/.local/lib/python3.6/site-packages/airflow/example_dags/example_task_group.py
[2021-06-21 19:03:26,651] {scheduler_job.py:633} INFO - Processing file /home/airflow/.local/lib/python3.6/site-packages/airflow/example_dags/example_task_group.py for tasks to queue
[2021-06-21 19:03:26,652] {logging_mixin.py:104} INFO - [2021-06-21 19:03:26,651] {dagbag.py:487} INFO - Filling up the DagBag from /home/airflow/.local/lib/python3.6/site-packages/airflow/example_dags/example_task_group.py
[2021-06-21 19:03:26,663] {scheduler_job.py:643} INFO - DAG(s) dict_keys(['example_task_group']) retrieved from /home/airflow/.local/lib/python3.6/site-packages/airflow/example_dags/example_task_group.py
[2021-06-21 19:03:26,678] {logging_mixin.py:104} INFO - [2021-06-21 19:03:26,678] {dag.py:1832} INFO - Sync 1 DAGs
[2021-06-21 19:03:26,689] {logging_mixin.py:104} INFO - [2021-06-21 19:03:26,689] {dag.py:2305} INFO - Setting next_dagrun for example_task_group to 2021-06-19 00:00:00+00:00
[2021-06-21 19:03:26,717] {scheduler_job.py:190} INFO - Processing /home/airflow/.local/lib/python3.6/site-packages/airflow/example_dags/example_task_group.py took 0.070 seconds
[2021-06-21 19:03:56,802] {scheduler_job.py:182} INFO - Started process (PID=629) to work on /home/airflow/.local/lib/python3.6/site-packages/airflow/example_dags/example_task_group.py
[2021-06-21 19:03:56,803] {scheduler_job.py:633} INFO - Processing file /home/airflow/.local/lib/python3.6/site-packages/airflow/example_dags/example_task_group.py for tasks to queue
[2021-06-21 19:03:56,803] {logging_mixin.py:104} INFO - [2021-06-21 19:03:56,803] {dagbag.py:487} INFO - Filling up the DagBag from /home/airflow/.local/lib/python3.6/site-packages/airflow/example_dags/example_task_group.py
[2021-06-21 19:03:56,814] {scheduler_job.py:643} INFO - DAG(s) dict_keys(['example_task_group']) retrieved from /home/airflow/.local/lib/python3.6/site-packages/airflow/example_dags/example_task_group.py
[2021-06-21 19:03:56,835] {logging_mixin.py:104} INFO - [2021-06-21 19:03:56,834] {dag.py:1832} INFO - Sync 1 DAGs
[2021-06-21 19:03:56,853] {logging_mixin.py:104} INFO - [2021-06-21 19:03:56,853] {dag.py:2305} INFO - Setting next_dagrun for example_task_group to 2021-06-19 00:00:00+00:00
[2021-06-21 19:03:56,892] {scheduler_job.py:190} INFO - Processing /home/airflow/.local/lib/python3.6/site-packages/airflow/example_dags/example_task_group.py took 0.093 seconds
[2021-06-21 19:04:26,935] {scheduler_job.py:182} INFO - Started process (PID=693) to work on /home/airflow/.local/lib/python3.6/site-packages/airflow/example_dags/example_task_group.py
[2021-06-21 19:04:26,935] {scheduler_job.py:633} INFO - Processing file /home/airflow/.local/lib/python3.6/site-packages/airflow/example_dags/example_task_group.py for tasks to queue
[2021-06-21 19:04:26,936] {logging_mixin.py:104} INFO - [2021-06-21 19:04:26,936] {dagbag.py:487} INFO - Filling up the DagBag from /home/airflow/.local/lib/python3.6/site-packages/airflow/example_dags/example_task_group.py
[2021-06-21 19:04:26,947] {scheduler_job.py:643} INFO - DAG(s) dict_keys(['example_task_group']) retrieved from /home/airflow/.local/lib/python3.6/site-packages/airflow/example_dags/example_task_group.py
[2021-06-21 19:04:26,964] {logging_mixin.py:104} INFO - [2021-06-21 19:04:26,964] {dag.py:1832} INFO - Sync 1 DAGs
[2021-06-21 19:04:26,977] {logging_mixin.py:104} INFO - [2021-06-21 19:04:26,977] {dag.py:2305} INFO - Setting next_dagrun for example_task_group to 2021-06-19 00:00:00+00:00
[2021-06-21 19:04:26,985] {scheduler_job.py:190} INFO - Processing /home/airflow/.local/lib/python3.6/site-packages/airflow/example_dags/example_task_group.py took 0.052 seconds
[2021-06-21 19:04:57,003] {scheduler_job.py:182} INFO - Started process (PID=772) to work on /home/airflow/.local/lib/python3.6/site-packages/airflow/example_dags/example_task_group.py
[2021-06-21 19:04:57,003] {scheduler_job.py:633} INFO - Processing file /home/airflow/.local/lib/python3.6/site-packages/airflow/example_dags/example_task_group.py for tasks to queue
[2021-06-21 19:04:57,004] {logging_mixin.py:104} INFO - [2021-06-21 19:04:57,004] {dagbag.py:487} INFO - Filling up the DagBag from /home/airflow/.local/lib/python3.6/site-packages/airflow/example_dags/example_task_group.py
[2021-06-21 19:04:57,016] {scheduler_job.py:643} INFO - DAG(s) dict_keys(['example_task_group']) retrieved from /home/airflow/.local/lib/python3.6/site-packages/airflow/example_dags/example_task_group.py
[2021-06-21 19:04:57,033] {logging_mixin.py:104} INFO - [2021-06-21 19:04:57,033] {dag.py:1832} INFO - Sync 1 DAGs
[2021-06-21 19:04:57,045] {logging_mixin.py:104} INFO - [2021-06-21 19:04:57,045] {dag.py:2305} INFO - Setting next_dagrun for example_task_group to 2021-06-19 00:00:00+00:00
[2021-06-21 19:04:57,053] {scheduler_job.py:190} INFO - Processing /home/airflow/.local/lib/python3.6/site-packages/airflow/example_dags/example_task_group.py took 0.053 seconds
[2021-06-21 19:05:27,818] {scheduler_job.py:182} INFO - Started process (PID=845) to work on /home/airflow/.local/lib/python3.6/site-packages/airflow/example_dags/example_task_group.py
[2021-06-21 19:05:27,819] {scheduler_job.py:633} INFO - Processing file /home/airflow/.local/lib/python3.6/site-packages/airflow/example_dags/example_task_group.py for tasks to queue
[2021-06-21 19:05:27,819] {logging_mixin.py:104} INFO - [2021-06-21 19:05:27,819] {dagbag.py:487} INFO - Filling up the DagBag from /home/airflow/.local/lib/python3.6/site-packages/airflow/example_dags/example_task_group.py
[2021-06-21 19:05:27,831] {scheduler_job.py:643} INFO - DAG(s) dict_keys(['example_task_group']) retrieved from /home/airflow/.local/lib/python3.6/site-packages/airflow/example_dags/example_task_group.py
[2021-06-21 19:05:27,848] {logging_mixin.py:104} INFO - [2021-06-21 19:05:27,847] {dag.py:1832} INFO - Sync 1 DAGs
[2021-06-21 19:05:27,860] {logging_mixin.py:104} INFO - [2021-06-21 19:05:27,860] {dag.py:2305} INFO - Setting next_dagrun for example_task_group to 2021-06-19 00:00:00+00:00
[2021-06-21 19:05:27,867] {scheduler_job.py:190} INFO - Processing /home/airflow/.local/lib/python3.6/site-packages/airflow/example_dags/example_task_group.py took 0.052 seconds
[2021-06-21 19:05:58,159] {scheduler_job.py:182} INFO - Started process (PID=918) to work on /home/airflow/.local/lib/python3.6/site-packages/airflow/example_dags/example_task_group.py
[2021-06-21 19:05:58,160] {scheduler_job.py:633} INFO - Processing file /home/airflow/.local/lib/python3.6/site-packages/airflow/example_dags/example_task_group.py for tasks to queue
[2021-06-21 19:05:58,160] {logging_mixin.py:104} INFO - [2021-06-21 19:05:58,160] {dagbag.py:487} INFO - Filling up the DagBag from /home/airflow/.local/lib/python3.6/site-packages/airflow/example_dags/example_task_group.py
[2021-06-21 19:05:58,175] {scheduler_job.py:643} INFO - DAG(s) dict_keys(['example_task_group']) retrieved from /home/airflow/.local/lib/python3.6/site-packages/airflow/example_dags/example_task_group.py
[2021-06-21 19:05:58,194] {logging_mixin.py:104} INFO - [2021-06-21 19:05:58,193] {dag.py:1832} INFO - Sync 1 DAGs
[2021-06-21 19:05:58,208] {logging_mixin.py:104} INFO - [2021-06-21 19:05:58,208] {dag.py:2305} INFO - Setting next_dagrun for example_task_group to 2021-06-19 00:00:00+00:00
[2021-06-21 19:05:58,215] {scheduler_job.py:190} INFO - Processing /home/airflow/.local/lib/python3.6/site-packages/airflow/example_dags/example_task_group.py took 0.059 seconds
[2021-06-21 19:06:28,493] {scheduler_job.py:182} INFO - Started process (PID=998) to work on /home/airflow/.local/lib/python3.6/site-packages/airflow/example_dags/example_task_group.py
[2021-06-21 19:06:28,498] {scheduler_job.py:633} INFO - Processing file /home/airflow/.local/lib/python3.6/site-packages/airflow/example_dags/example_task_group.py for tasks to queue
[2021-06-21 19:06:28,499] {logging_mixin.py:104} INFO - [2021-06-21 19:06:28,499] {dagbag.py:487} INFO - Filling up the DagBag from /home/airflow/.local/lib/python3.6/site-packages/airflow/example_dags/example_task_group.py
[2021-06-21 19:06:28,520] {scheduler_job.py:643} INFO - DAG(s) dict_keys(['example_task_group']) retrieved from /home/airflow/.local/lib/python3.6/site-packages/airflow/example_dags/example_task_group.py
[2021-06-21 19:06:28,538] {logging_mixin.py:104} INFO - [2021-06-21 19:06:28,537] {dag.py:1832} INFO - Sync 1 DAGs
[2021-06-21 19:06:28,550] {logging_mixin.py:104} INFO - [2021-06-21 19:06:28,550] {dag.py:2305} INFO - Setting next_dagrun for example_task_group to 2021-06-19 00:00:00+00:00
[2021-06-21 19:06:28,557] {scheduler_job.py:190} INFO - Processing /home/airflow/.local/lib/python3.6/site-packages/airflow/example_dags/example_task_group.py took 0.072 seconds
[2021-06-21 19:06:58,612] {scheduler_job.py:182} INFO - Started process (PID=1062) to work on /home/airflow/.local/lib/python3.6/site-packages/airflow/example_dags/example_task_group.py
[2021-06-21 19:06:58,613] {scheduler_job.py:633} INFO - Processing file /home/airflow/.local/lib/python3.6/site-packages/airflow/example_dags/example_task_group.py for tasks to queue
[2021-06-21 19:06:58,613] {logging_mixin.py:104} INFO - [2021-06-21 19:06:58,613] {dagbag.py:487} INFO - Filling up the DagBag from /home/airflow/.local/lib/python3.6/site-packages/airflow/example_dags/example_task_group.py
[2021-06-21 19:06:58,626] {scheduler_job.py:643} INFO - DAG(s) dict_keys(['example_task_group']) retrieved from /home/airflow/.local/lib/python3.6/site-packages/airflow/example_dags/example_task_group.py
[2021-06-21 19:06:58,644] {logging_mixin.py:104} INFO - [2021-06-21 19:06:58,644] {dag.py:1832} INFO - Sync 1 DAGs
[2021-06-21 19:06:58,657] {logging_mixin.py:104} INFO - [2021-06-21 19:06:58,657] {dag.py:2305} INFO - Setting next_dagrun for example_task_group to 2021-06-19 00:00:00+00:00
[2021-06-21 19:06:58,665] {scheduler_job.py:190} INFO - Processing /home/airflow/.local/lib/python3.6/site-packages/airflow/example_dags/example_task_group.py took 0.056 seconds
[2021-06-21 19:07:28,999] {scheduler_job.py:182} INFO - Started process (PID=1142) to work on /home/airflow/.local/lib/python3.6/site-packages/airflow/example_dags/example_task_group.py
[2021-06-21 19:07:29,002] {scheduler_job.py:633} INFO - Processing file /home/airflow/.local/lib/python3.6/site-packages/airflow/example_dags/example_task_group.py for tasks to queue
[2021-06-21 19:07:29,004] {logging_mixin.py:104} INFO - [2021-06-21 19:07:29,003] {dagbag.py:487} INFO - Filling up the DagBag from /home/airflow/.local/lib/python3.6/site-packages/airflow/example_dags/example_task_group.py
[2021-06-21 19:07:29,023] {scheduler_job.py:643} INFO - DAG(s) dict_keys(['example_task_group']) retrieved from /home/airflow/.local/lib/python3.6/site-packages/airflow/example_dags/example_task_group.py
[2021-06-21 19:07:29,041] {logging_mixin.py:104} INFO - [2021-06-21 19:07:29,041] {dag.py:1832} INFO - Sync 1 DAGs
[2021-06-21 19:07:29,053] {logging_mixin.py:104} INFO - [2021-06-21 19:07:29,053] {dag.py:2305} INFO - Setting next_dagrun for example_task_group to 2021-06-19 00:00:00+00:00
[2021-06-21 19:07:29,062] {scheduler_job.py:190} INFO - Processing /home/airflow/.local/lib/python3.6/site-packages/airflow/example_dags/example_task_group.py took 0.071 seconds
[2021-06-21 19:07:59,276] {scheduler_job.py:182} INFO - Started process (PID=1207) to work on /home/airflow/.local/lib/python3.6/site-packages/airflow/example_dags/example_task_group.py
[2021-06-21 19:07:59,277] {scheduler_job.py:633} INFO - Processing file /home/airflow/.local/lib/python3.6/site-packages/airflow/example_dags/example_task_group.py for tasks to queue
[2021-06-21 19:07:59,277] {logging_mixin.py:104} INFO - [2021-06-21 19:07:59,277] {dagbag.py:487} INFO - Filling up the DagBag from /home/airflow/.local/lib/python3.6/site-packages/airflow/example_dags/example_task_group.py
[2021-06-21 19:07:59,288] {scheduler_job.py:643} INFO - DAG(s) dict_keys(['example_task_group']) retrieved from /home/airflow/.local/lib/python3.6/site-packages/airflow/example_dags/example_task_group.py
[2021-06-21 19:07:59,307] {logging_mixin.py:104} INFO - [2021-06-21 19:07:59,306] {dag.py:1832} INFO - Sync 1 DAGs
[2021-06-21 19:07:59,333] {logging_mixin.py:104} INFO - [2021-06-21 19:07:59,331] {dag.py:2305} INFO - Setting next_dagrun for example_task_group to 2021-06-19 00:00:00+00:00
[2021-06-21 19:07:59,366] {scheduler_job.py:190} INFO - Processing /home/airflow/.local/lib/python3.6/site-packages/airflow/example_dags/example_task_group.py took 0.092 seconds
[2021-06-21 19:08:29,783] {scheduler_job.py:182} INFO - Started process (PID=1288) to work on /home/airflow/.local/lib/python3.6/site-packages/airflow/example_dags/example_task_group.py
[2021-06-21 19:08:29,785] {scheduler_job.py:633} INFO - Processing file /home/airflow/.local/lib/python3.6/site-packages/airflow/example_dags/example_task_group.py for tasks to queue
[2021-06-21 19:08:29,787] {logging_mixin.py:104} INFO - [2021-06-21 19:08:29,787] {dagbag.py:487} INFO - Filling up the DagBag from /home/airflow/.local/lib/python3.6/site-packages/airflow/example_dags/example_task_group.py
[2021-06-21 19:08:29,809] {scheduler_job.py:643} INFO - DAG(s) dict_keys(['example_task_group']) retrieved from /home/airflow/.local/lib/python3.6/site-packages/airflow/example_dags/example_task_group.py
[2021-06-21 19:08:29,826] {logging_mixin.py:104} INFO - [2021-06-21 19:08:29,826] {dag.py:1832} INFO - Sync 1 DAGs
[2021-06-21 19:08:29,839] {logging_mixin.py:104} INFO - [2021-06-21 19:08:29,839] {dag.py:2305} INFO - Setting next_dagrun for example_task_group to 2021-06-19 00:00:00+00:00
[2021-06-21 19:08:29,847] {scheduler_job.py:190} INFO - Processing /home/airflow/.local/lib/python3.6/site-packages/airflow/example_dags/example_task_group.py took 0.072 seconds
[2021-06-21 19:09:00,406] {scheduler_job.py:182} INFO - Started process (PID=1355) to work on /home/airflow/.local/lib/python3.6/site-packages/airflow/example_dags/example_task_group.py
[2021-06-21 19:09:00,407] {scheduler_job.py:633} INFO - Processing file /home/airflow/.local/lib/python3.6/site-packages/airflow/example_dags/example_task_group.py for tasks to queue
[2021-06-21 19:09:00,407] {logging_mixin.py:104} INFO - [2021-06-21 19:09:00,407] {dagbag.py:487} INFO - Filling up the DagBag from /home/airflow/.local/lib/python3.6/site-packages/airflow/example_dags/example_task_group.py
[2021-06-21 19:09:00,420] {scheduler_job.py:643} INFO - DAG(s) dict_keys(['example_task_group']) retrieved from /home/airflow/.local/lib/python3.6/site-packages/airflow/example_dags/example_task_group.py
[2021-06-21 19:09:00,450] {logging_mixin.py:104} INFO - [2021-06-21 19:09:00,450] {dag.py:1832} INFO - Sync 1 DAGs
[2021-06-21 19:09:00,471] {logging_mixin.py:104} INFO - [2021-06-21 19:09:00,471] {dag.py:2305} INFO - Setting next_dagrun for example_task_group to 2021-06-19 00:00:00+00:00
[2021-06-21 19:09:00,479] {scheduler_job.py:190} INFO - Processing /home/airflow/.local/lib/python3.6/site-packages/airflow/example_dags/example_task_group.py took 0.076 seconds
[2021-06-21 19:09:30,788] {scheduler_job.py:182} INFO - Started process (PID=1436) to work on /home/airflow/.local/lib/python3.6/site-packages/airflow/example_dags/example_task_group.py
[2021-06-21 19:09:30,789] {scheduler_job.py:633} INFO - Processing file /home/airflow/.local/lib/python3.6/site-packages/airflow/example_dags/example_task_group.py for tasks to queue
[2021-06-21 19:09:30,790] {logging_mixin.py:104} INFO - [2021-06-21 19:09:30,790] {dagbag.py:487} INFO - Filling up the DagBag from /home/airflow/.local/lib/python3.6/site-packages/airflow/example_dags/example_task_group.py
[2021-06-21 19:09:30,806] {scheduler_job.py:643} INFO - DAG(s) dict_keys(['example_task_group']) retrieved from /home/airflow/.local/lib/python3.6/site-packages/airflow/example_dags/example_task_group.py
[2021-06-21 19:09:30,827] {logging_mixin.py:104} INFO - [2021-06-21 19:09:30,827] {dag.py:1832} INFO - Sync 1 DAGs
[2021-06-21 19:09:30,842] {logging_mixin.py:104} INFO - [2021-06-21 19:09:30,842] {dag.py:2305} INFO - Setting next_dagrun for example_task_group to 2021-06-19 00:00:00+00:00
[2021-06-21 19:09:30,850] {scheduler_job.py:190} INFO - Processing /home/airflow/.local/lib/python3.6/site-packages/airflow/example_dags/example_task_group.py took 0.067 seconds
[2021-06-21 19:10:01,562] {scheduler_job.py:182} INFO - Started process (PID=1501) to work on /home/airflow/.local/lib/python3.6/site-packages/airflow/example_dags/example_task_group.py
[2021-06-21 19:10:01,564] {scheduler_job.py:633} INFO - Processing file /home/airflow/.local/lib/python3.6/site-packages/airflow/example_dags/example_task_group.py for tasks to queue
[2021-06-21 19:10:01,564] {logging_mixin.py:104} INFO - [2021-06-21 19:10:01,564] {dagbag.py:487} INFO - Filling up the DagBag from /home/airflow/.local/lib/python3.6/site-packages/airflow/example_dags/example_task_group.py
[2021-06-21 19:10:01,585] {scheduler_job.py:643} INFO - DAG(s) dict_keys(['example_task_group']) retrieved from /home/airflow/.local/lib/python3.6/site-packages/airflow/example_dags/example_task_group.py
[2021-06-21 19:10:01,612] {logging_mixin.py:104} INFO - [2021-06-21 19:10:01,611] {dag.py:1832} INFO - Sync 1 DAGs
[2021-06-21 19:10:01,628] {logging_mixin.py:104} INFO - [2021-06-21 19:10:01,628] {dag.py:2305} INFO - Setting next_dagrun for example_task_group to 2021-06-19 00:00:00+00:00
[2021-06-21 19:10:01,705] {scheduler_job.py:190} INFO - Processing /home/airflow/.local/lib/python3.6/site-packages/airflow/example_dags/example_task_group.py took 0.146 seconds
[2021-06-21 19:10:31,985] {scheduler_job.py:182} INFO - Started process (PID=1583) to work on /home/airflow/.local/lib/python3.6/site-packages/airflow/example_dags/example_task_group.py
[2021-06-21 19:10:31,986] {scheduler_job.py:633} INFO - Processing file /home/airflow/.local/lib/python3.6/site-packages/airflow/example_dags/example_task_group.py for tasks to queue
[2021-06-21 19:10:31,987] {logging_mixin.py:104} INFO - [2021-06-21 19:10:31,986] {dagbag.py:487} INFO - Filling up the DagBag from /home/airflow/.local/lib/python3.6/site-packages/airflow/example_dags/example_task_group.py
[2021-06-21 19:10:32,000] {scheduler_job.py:643} INFO - DAG(s) dict_keys(['example_task_group']) retrieved from /home/airflow/.local/lib/python3.6/site-packages/airflow/example_dags/example_task_group.py
[2021-06-21 19:10:32,021] {logging_mixin.py:104} INFO - [2021-06-21 19:10:32,021] {dag.py:1832} INFO - Sync 1 DAGs
[2021-06-21 19:10:32,037] {logging_mixin.py:104} INFO - [2021-06-21 19:10:32,037] {dag.py:2305} INFO - Setting next_dagrun for example_task_group to 2021-06-19 00:00:00+00:00
[2021-06-21 19:10:32,080] {scheduler_job.py:190} INFO - Processing /home/airflow/.local/lib/python3.6/site-packages/airflow/example_dags/example_task_group.py took 0.097 seconds
[2021-06-21 19:11:02,538] {scheduler_job.py:182} INFO - Started process (PID=1647) to work on /home/airflow/.local/lib/python3.6/site-packages/airflow/example_dags/example_task_group.py
[2021-06-21 19:11:02,539] {scheduler_job.py:633} INFO - Processing file /home/airflow/.local/lib/python3.6/site-packages/airflow/example_dags/example_task_group.py for tasks to queue
[2021-06-21 19:11:02,540] {logging_mixin.py:104} INFO - [2021-06-21 19:11:02,540] {dagbag.py:487} INFO - Filling up the DagBag from /home/airflow/.local/lib/python3.6/site-packages/airflow/example_dags/example_task_group.py
[2021-06-21 19:11:02,557] {scheduler_job.py:643} INFO - DAG(s) dict_keys(['example_task_group']) retrieved from /home/airflow/.local/lib/python3.6/site-packages/airflow/example_dags/example_task_group.py
[2021-06-21 19:11:02,577] {logging_mixin.py:104} INFO - [2021-06-21 19:11:02,577] {dag.py:1832} INFO - Sync 1 DAGs
[2021-06-21 19:11:02,591] {logging_mixin.py:104} INFO - [2021-06-21 19:11:02,591] {dag.py:2305} INFO - Setting next_dagrun for example_task_group to 2021-06-19 00:00:00+00:00
[2021-06-21 19:11:02,638] {scheduler_job.py:190} INFO - Processing /home/airflow/.local/lib/python3.6/site-packages/airflow/example_dags/example_task_group.py took 0.105 seconds
[2021-06-21 19:11:32,807] {scheduler_job.py:182} INFO - Started process (PID=1728) to work on /home/airflow/.local/lib/python3.6/site-packages/airflow/example_dags/example_task_group.py
[2021-06-21 19:11:32,809] {scheduler_job.py:633} INFO - Processing file /home/airflow/.local/lib/python3.6/site-packages/airflow/example_dags/example_task_group.py for tasks to queue
[2021-06-21 19:11:32,809] {logging_mixin.py:104} INFO - [2021-06-21 19:11:32,809] {dagbag.py:487} INFO - Filling up the DagBag from /home/airflow/.local/lib/python3.6/site-packages/airflow/example_dags/example_task_group.py
[2021-06-21 19:11:32,826] {scheduler_job.py:643} INFO - DAG(s) dict_keys(['example_task_group']) retrieved from /home/airflow/.local/lib/python3.6/site-packages/airflow/example_dags/example_task_group.py
[2021-06-21 19:11:32,846] {logging_mixin.py:104} INFO - [2021-06-21 19:11:32,846] {dag.py:1832} INFO - Sync 1 DAGs
[2021-06-21 19:11:32,862] {logging_mixin.py:104} INFO - [2021-06-21 19:11:32,861] {dag.py:2305} INFO - Setting next_dagrun for example_task_group to 2021-06-19 00:00:00+00:00
[2021-06-21 19:11:33,107] {scheduler_job.py:190} INFO - Processing /home/airflow/.local/lib/python3.6/site-packages/airflow/example_dags/example_task_group.py took 0.304 seconds
[2021-06-21 19:12:03,181] {scheduler_job.py:182} INFO - Started process (PID=1793) to work on /home/airflow/.local/lib/python3.6/site-packages/airflow/example_dags/example_task_group.py
[2021-06-21 19:12:03,182] {scheduler_job.py:633} INFO - Processing file /home/airflow/.local/lib/python3.6/site-packages/airflow/example_dags/example_task_group.py for tasks to queue
[2021-06-21 19:12:03,183] {logging_mixin.py:104} INFO - [2021-06-21 19:12:03,183] {dagbag.py:487} INFO - Filling up the DagBag from /home/airflow/.local/lib/python3.6/site-packages/airflow/example_dags/example_task_group.py
[2021-06-21 19:12:03,195] {scheduler_job.py:643} INFO - DAG(s) dict_keys(['example_task_group']) retrieved from /home/airflow/.local/lib/python3.6/site-packages/airflow/example_dags/example_task_group.py
[2021-06-21 19:12:03,214] {logging_mixin.py:104} INFO - [2021-06-21 19:12:03,214] {dag.py:1832} INFO - Sync 1 DAGs
[2021-06-21 19:12:03,228] {logging_mixin.py:104} INFO - [2021-06-21 19:12:03,228] {dag.py:2305} INFO - Setting next_dagrun for example_task_group to 2021-06-19 00:00:00+00:00
[2021-06-21 19:12:03,237] {scheduler_job.py:190} INFO - Processing /home/airflow/.local/lib/python3.6/site-packages/airflow/example_dags/example_task_group.py took 0.058 seconds
[2021-06-21 19:12:33,387] {scheduler_job.py:182} INFO - Started process (PID=1873) to work on /home/airflow/.local/lib/python3.6/site-packages/airflow/example_dags/example_task_group.py
[2021-06-21 19:12:33,389] {scheduler_job.py:633} INFO - Processing file /home/airflow/.local/lib/python3.6/site-packages/airflow/example_dags/example_task_group.py for tasks to queue
[2021-06-21 19:12:33,390] {logging_mixin.py:104} INFO - [2021-06-21 19:12:33,390] {dagbag.py:487} INFO - Filling up the DagBag from /home/airflow/.local/lib/python3.6/site-packages/airflow/example_dags/example_task_group.py
[2021-06-21 19:12:33,413] {scheduler_job.py:643} INFO - DAG(s) dict_keys(['example_task_group']) retrieved from /home/airflow/.local/lib/python3.6/site-packages/airflow/example_dags/example_task_group.py
[2021-06-21 19:12:33,452] {logging_mixin.py:104} INFO - [2021-06-21 19:12:33,452] {dag.py:1832} INFO - Sync 1 DAGs
[2021-06-21 19:12:33,473] {logging_mixin.py:104} INFO - [2021-06-21 19:12:33,473] {dag.py:2305} INFO - Setting next_dagrun for example_task_group to 2021-06-19 00:00:00+00:00
[2021-06-21 19:12:33,486] {scheduler_job.py:190} INFO - Processing /home/airflow/.local/lib/python3.6/site-packages/airflow/example_dags/example_task_group.py took 0.104 seconds
[2021-06-21 19:13:04,235] {scheduler_job.py:182} INFO - Started process (PID=1939) to work on /home/airflow/.local/lib/python3.6/site-packages/airflow/example_dags/example_task_group.py
[2021-06-21 19:13:04,236] {scheduler_job.py:633} INFO - Processing file /home/airflow/.local/lib/python3.6/site-packages/airflow/example_dags/example_task_group.py for tasks to queue
[2021-06-21 19:13:04,237] {logging_mixin.py:104} INFO - [2021-06-21 19:13:04,237] {dagbag.py:487} INFO - Filling up the DagBag from /home/airflow/.local/lib/python3.6/site-packages/airflow/example_dags/example_task_group.py
[2021-06-21 19:13:04,248] {scheduler_job.py:643} INFO - DAG(s) dict_keys(['example_task_group']) retrieved from /home/airflow/.local/lib/python3.6/site-packages/airflow/example_dags/example_task_group.py
[2021-06-21 19:13:04,266] {logging_mixin.py:104} INFO - [2021-06-21 19:13:04,266] {dag.py:1832} INFO - Sync 1 DAGs
[2021-06-21 19:13:04,281] {logging_mixin.py:104} INFO - [2021-06-21 19:13:04,281] {dag.py:2305} INFO - Setting next_dagrun for example_task_group to 2021-06-19 00:00:00+00:00
[2021-06-21 19:13:04,292] {scheduler_job.py:190} INFO - Processing /home/airflow/.local/lib/python3.6/site-packages/airflow/example_dags/example_task_group.py took 0.059 seconds
[2021-06-21 19:13:35,139] {scheduler_job.py:182} INFO - Started process (PID=2022) to work on /home/airflow/.local/lib/python3.6/site-packages/airflow/example_dags/example_task_group.py
[2021-06-21 19:13:35,139] {scheduler_job.py:633} INFO - Processing file /home/airflow/.local/lib/python3.6/site-packages/airflow/example_dags/example_task_group.py for tasks to queue
[2021-06-21 19:13:35,140] {logging_mixin.py:104} INFO - [2021-06-21 19:13:35,140] {dagbag.py:487} INFO - Filling up the DagBag from /home/airflow/.local/lib/python3.6/site-packages/airflow/example_dags/example_task_group.py
[2021-06-21 19:13:35,153] {scheduler_job.py:643} INFO - DAG(s) dict_keys(['example_task_group']) retrieved from /home/airflow/.local/lib/python3.6/site-packages/airflow/example_dags/example_task_group.py
[2021-06-21 19:13:35,171] {logging_mixin.py:104} INFO - [2021-06-21 19:13:35,171] {dag.py:1832} INFO - Sync 1 DAGs
[2021-06-21 19:13:35,186] {logging_mixin.py:104} INFO - [2021-06-21 19:13:35,186] {dag.py:2305} INFO - Setting next_dagrun for example_task_group to 2021-06-19 00:00:00+00:00
[2021-06-21 19:13:35,195] {scheduler_job.py:190} INFO - Processing /home/airflow/.local/lib/python3.6/site-packages/airflow/example_dags/example_task_group.py took 0.059 seconds
[2021-06-21 19:14:06,071] {scheduler_job.py:182} INFO - Started process (PID=2089) to work on /home/airflow/.local/lib/python3.6/site-packages/airflow/example_dags/example_task_group.py
[2021-06-21 19:14:06,072] {scheduler_job.py:633} INFO - Processing file /home/airflow/.local/lib/python3.6/site-packages/airflow/example_dags/example_task_group.py for tasks to queue
[2021-06-21 19:14:06,072] {logging_mixin.py:104} INFO - [2021-06-21 19:14:06,072] {dagbag.py:487} INFO - Filling up the DagBag from /home/airflow/.local/lib/python3.6/site-packages/airflow/example_dags/example_task_group.py
[2021-06-21 19:14:06,084] {scheduler_job.py:643} INFO - DAG(s) dict_keys(['example_task_group']) retrieved from /home/airflow/.local/lib/python3.6/site-packages/airflow/example_dags/example_task_group.py
[2021-06-21 19:14:06,101] {logging_mixin.py:104} INFO - [2021-06-21 19:14:06,101] {dag.py:1832} INFO - Sync 1 DAGs
[2021-06-21 19:14:06,113] {logging_mixin.py:104} INFO - [2021-06-21 19:14:06,113] {dag.py:2305} INFO - Setting next_dagrun for example_task_group to 2021-06-19 00:00:00+00:00
[2021-06-21 19:14:06,120] {scheduler_job.py:190} INFO - Processing /home/airflow/.local/lib/python3.6/site-packages/airflow/example_dags/example_task_group.py took 0.051 seconds
[2021-06-21 19:14:36,819] {scheduler_job.py:182} INFO - Started process (PID=2169) to work on /home/airflow/.local/lib/python3.6/site-packages/airflow/example_dags/example_task_group.py
[2021-06-21 19:14:36,820] {scheduler_job.py:633} INFO - Processing file /home/airflow/.local/lib/python3.6/site-packages/airflow/example_dags/example_task_group.py for tasks to queue
[2021-06-21 19:14:36,821] {logging_mixin.py:104} INFO - [2021-06-21 19:14:36,821] {dagbag.py:487} INFO - Filling up the DagBag from /home/airflow/.local/lib/python3.6/site-packages/airflow/example_dags/example_task_group.py
[2021-06-21 19:14:36,840] {scheduler_job.py:643} INFO - DAG(s) dict_keys(['example_task_group']) retrieved from /home/airflow/.local/lib/python3.6/site-packages/airflow/example_dags/example_task_group.py
[2021-06-21 19:14:36,868] {logging_mixin.py:104} INFO - [2021-06-21 19:14:36,868] {dag.py:1832} INFO - Sync 1 DAGs
[2021-06-21 19:14:36,883] {logging_mixin.py:104} INFO - [2021-06-21 19:14:36,883] {dag.py:2305} INFO - Setting next_dagrun for example_task_group to 2021-06-19 00:00:00+00:00
[2021-06-21 19:14:36,892] {scheduler_job.py:190} INFO - Processing /home/airflow/.local/lib/python3.6/site-packages/airflow/example_dags/example_task_group.py took 0.076 seconds
[2021-06-21 19:15:07,432] {scheduler_job.py:182} INFO - Started process (PID=2240) to work on /home/airflow/.local/lib/python3.6/site-packages/airflow/example_dags/example_task_group.py
[2021-06-21 19:15:07,433] {scheduler_job.py:633} INFO - Processing file /home/airflow/.local/lib/python3.6/site-packages/airflow/example_dags/example_task_group.py for tasks to queue
[2021-06-21 19:15:07,434] {logging_mixin.py:104} INFO - [2021-06-21 19:15:07,434] {dagbag.py:487} INFO - Filling up the DagBag from /home/airflow/.local/lib/python3.6/site-packages/airflow/example_dags/example_task_group.py
[2021-06-21 19:15:07,445] {scheduler_job.py:643} INFO - DAG(s) dict_keys(['example_task_group']) retrieved from /home/airflow/.local/lib/python3.6/site-packages/airflow/example_dags/example_task_group.py
[2021-06-21 19:15:07,460] {logging_mixin.py:104} INFO - [2021-06-21 19:15:07,459] {dag.py:1832} INFO - Sync 1 DAGs
[2021-06-21 19:15:07,471] {logging_mixin.py:104} INFO - [2021-06-21 19:15:07,471] {dag.py:2305} INFO - Setting next_dagrun for example_task_group to 2021-06-19 00:00:00+00:00
[2021-06-21 19:15:07,477] {scheduler_job.py:190} INFO - Processing /home/airflow/.local/lib/python3.6/site-packages/airflow/example_dags/example_task_group.py took 0.047 seconds
[2021-06-21 19:15:38,399] {scheduler_job.py:182} INFO - Started process (PID=2323) to work on /home/airflow/.local/lib/python3.6/site-packages/airflow/example_dags/example_task_group.py
[2021-06-21 19:15:38,400] {scheduler_job.py:633} INFO - Processing file /home/airflow/.local/lib/python3.6/site-packages/airflow/example_dags/example_task_group.py for tasks to queue
[2021-06-21 19:15:38,401] {logging_mixin.py:104} INFO - [2021-06-21 19:15:38,401] {dagbag.py:487} INFO - Filling up the DagBag from /home/airflow/.local/lib/python3.6/site-packages/airflow/example_dags/example_task_group.py
[2021-06-21 19:15:38,416] {scheduler_job.py:643} INFO - DAG(s) dict_keys(['example_task_group']) retrieved from /home/airflow/.local/lib/python3.6/site-packages/airflow/example_dags/example_task_group.py
[2021-06-21 19:15:38,449] {logging_mixin.py:104} INFO - [2021-06-21 19:15:38,449] {dag.py:1832} INFO - Sync 1 DAGs
[2021-06-21 19:15:38,476] {logging_mixin.py:104} INFO - [2021-06-21 19:15:38,476] {dag.py:2305} INFO - Setting next_dagrun for example_task_group to 2021-06-19 00:00:00+00:00
[2021-06-21 19:15:38,486] {scheduler_job.py:190} INFO - Processing /home/airflow/.local/lib/python3.6/site-packages/airflow/example_dags/example_task_group.py took 0.090 seconds
[2021-06-21 19:16:09,210] {scheduler_job.py:182} INFO - Started process (PID=2388) to work on /home/airflow/.local/lib/python3.6/site-packages/airflow/example_dags/example_task_group.py
[2021-06-21 19:16:09,211] {scheduler_job.py:633} INFO - Processing file /home/airflow/.local/lib/python3.6/site-packages/airflow/example_dags/example_task_group.py for tasks to queue
[2021-06-21 19:16:09,212] {logging_mixin.py:104} INFO - [2021-06-21 19:16:09,211] {dagbag.py:487} INFO - Filling up the DagBag from /home/airflow/.local/lib/python3.6/site-packages/airflow/example_dags/example_task_group.py
[2021-06-21 19:16:09,225] {scheduler_job.py:643} INFO - DAG(s) dict_keys(['example_task_group']) retrieved from /home/airflow/.local/lib/python3.6/site-packages/airflow/example_dags/example_task_group.py
[2021-06-21 19:16:09,245] {logging_mixin.py:104} INFO - [2021-06-21 19:16:09,244] {dag.py:1832} INFO - Sync 1 DAGs
[2021-06-21 19:16:09,258] {logging_mixin.py:104} INFO - [2021-06-21 19:16:09,258] {dag.py:2305} INFO - Setting next_dagrun for example_task_group to 2021-06-19 00:00:00+00:00
[2021-06-21 19:16:09,286] {scheduler_job.py:190} INFO - Processing /home/airflow/.local/lib/python3.6/site-packages/airflow/example_dags/example_task_group.py took 0.079 seconds
[2021-06-21 19:16:39,437] {scheduler_job.py:182} INFO - Started process (PID=2469) to work on /home/airflow/.local/lib/python3.6/site-packages/airflow/example_dags/example_task_group.py
[2021-06-21 19:16:39,438] {scheduler_job.py:633} INFO - Processing file /home/airflow/.local/lib/python3.6/site-packages/airflow/example_dags/example_task_group.py for tasks to queue
[2021-06-21 19:16:39,438] {logging_mixin.py:104} INFO - [2021-06-21 19:16:39,438] {dagbag.py:487} INFO - Filling up the DagBag from /home/airflow/.local/lib/python3.6/site-packages/airflow/example_dags/example_task_group.py
[2021-06-21 19:16:39,450] {scheduler_job.py:643} INFO - DAG(s) dict_keys(['example_task_group']) retrieved from /home/airflow/.local/lib/python3.6/site-packages/airflow/example_dags/example_task_group.py
[2021-06-21 19:16:39,468] {logging_mixin.py:104} INFO - [2021-06-21 19:16:39,468] {dag.py:1832} INFO - Sync 1 DAGs
[2021-06-21 19:16:39,480] {logging_mixin.py:104} INFO - [2021-06-21 19:16:39,480] {dag.py:2305} INFO - Setting next_dagrun for example_task_group to 2021-06-19 00:00:00+00:00
[2021-06-21 19:16:39,517] {scheduler_job.py:190} INFO - Processing /home/airflow/.local/lib/python3.6/site-packages/airflow/example_dags/example_task_group.py took 0.082 seconds
[2021-06-21 19:17:09,789] {scheduler_job.py:182} INFO - Started process (PID=2534) to work on /home/airflow/.local/lib/python3.6/site-packages/airflow/example_dags/example_task_group.py
[2021-06-21 19:17:09,790] {scheduler_job.py:633} INFO - Processing file /home/airflow/.local/lib/python3.6/site-packages/airflow/example_dags/example_task_group.py for tasks to queue
[2021-06-21 19:17:09,790] {logging_mixin.py:104} INFO - [2021-06-21 19:17:09,790] {dagbag.py:487} INFO - Filling up the DagBag from /home/airflow/.local/lib/python3.6/site-packages/airflow/example_dags/example_task_group.py
[2021-06-21 19:17:09,802] {scheduler_job.py:643} INFO - DAG(s) dict_keys(['example_task_group']) retrieved from /home/airflow/.local/lib/python3.6/site-packages/airflow/example_dags/example_task_group.py
[2021-06-21 19:17:09,820] {logging_mixin.py:104} INFO - [2021-06-21 19:17:09,819] {dag.py:1832} INFO - Sync 1 DAGs
[2021-06-21 19:17:09,832] {logging_mixin.py:104} INFO - [2021-06-21 19:17:09,832] {dag.py:2305} INFO - Setting next_dagrun for example_task_group to 2021-06-19 00:00:00+00:00
[2021-06-21 19:17:09,857] {scheduler_job.py:190} INFO - Processing /home/airflow/.local/lib/python3.6/site-packages/airflow/example_dags/example_task_group.py took 0.071 seconds
[2021-06-21 19:17:40,120] {scheduler_job.py:182} INFO - Started process (PID=2614) to work on /home/airflow/.local/lib/python3.6/site-packages/airflow/example_dags/example_task_group.py
[2021-06-21 19:17:40,121] {scheduler_job.py:633} INFO - Processing file /home/airflow/.local/lib/python3.6/site-packages/airflow/example_dags/example_task_group.py for tasks to queue
[2021-06-21 19:17:40,122] {logging_mixin.py:104} INFO - [2021-06-21 19:17:40,122] {dagbag.py:487} INFO - Filling up the DagBag from /home/airflow/.local/lib/python3.6/site-packages/airflow/example_dags/example_task_group.py
[2021-06-21 19:17:40,138] {scheduler_job.py:643} INFO - DAG(s) dict_keys(['example_task_group']) retrieved from /home/airflow/.local/lib/python3.6/site-packages/airflow/example_dags/example_task_group.py
[2021-06-21 19:17:40,155] {logging_mixin.py:104} INFO - [2021-06-21 19:17:40,155] {dag.py:1832} INFO - Sync 1 DAGs
[2021-06-21 19:17:40,166] {logging_mixin.py:104} INFO - [2021-06-21 19:17:40,166] {dag.py:2305} INFO - Setting next_dagrun for example_task_group to 2021-06-19 00:00:00+00:00
[2021-06-21 19:17:40,196] {scheduler_job.py:190} INFO - Processing /home/airflow/.local/lib/python3.6/site-packages/airflow/example_dags/example_task_group.py took 0.080 seconds
[2021-06-21 19:18:10,368] {scheduler_job.py:182} INFO - Started process (PID=2683) to work on /home/airflow/.local/lib/python3.6/site-packages/airflow/example_dags/example_task_group.py
[2021-06-21 19:18:10,369] {scheduler_job.py:633} INFO - Processing file /home/airflow/.local/lib/python3.6/site-packages/airflow/example_dags/example_task_group.py for tasks to queue
[2021-06-21 19:18:10,370] {logging_mixin.py:104} INFO - [2021-06-21 19:18:10,370] {dagbag.py:487} INFO - Filling up the DagBag from /home/airflow/.local/lib/python3.6/site-packages/airflow/example_dags/example_task_group.py
[2021-06-21 19:18:10,382] {scheduler_job.py:643} INFO - DAG(s) dict_keys(['example_task_group']) retrieved from /home/airflow/.local/lib/python3.6/site-packages/airflow/example_dags/example_task_group.py
[2021-06-21 19:18:10,399] {logging_mixin.py:104} INFO - [2021-06-21 19:18:10,398] {dag.py:1832} INFO - Sync 1 DAGs
[2021-06-21 19:18:10,410] {logging_mixin.py:104} INFO - [2021-06-21 19:18:10,410] {dag.py:2305} INFO - Setting next_dagrun for example_task_group to 2021-06-19 00:00:00+00:00
[2021-06-21 19:18:10,439] {scheduler_job.py:190} INFO - Processing /home/airflow/.local/lib/python3.6/site-packages/airflow/example_dags/example_task_group.py took 0.073 seconds
[2021-06-21 19:18:40,622] {scheduler_job.py:182} INFO - Started process (PID=2763) to work on /home/airflow/.local/lib/python3.6/site-packages/airflow/example_dags/example_task_group.py
[2021-06-21 19:18:40,623] {scheduler_job.py:633} INFO - Processing file /home/airflow/.local/lib/python3.6/site-packages/airflow/example_dags/example_task_group.py for tasks to queue
[2021-06-21 19:18:40,624] {logging_mixin.py:104} INFO - [2021-06-21 19:18:40,624] {dagbag.py:487} INFO - Filling up the DagBag from /home/airflow/.local/lib/python3.6/site-packages/airflow/example_dags/example_task_group.py
[2021-06-21 19:18:40,644] {scheduler_job.py:643} INFO - DAG(s) dict_keys(['example_task_group']) retrieved from /home/airflow/.local/lib/python3.6/site-packages/airflow/example_dags/example_task_group.py
[2021-06-21 19:18:40,671] {logging_mixin.py:104} INFO - [2021-06-21 19:18:40,671] {dag.py:1832} INFO - Sync 1 DAGs
[2021-06-21 19:18:40,694] {logging_mixin.py:104} INFO - [2021-06-21 19:18:40,694] {dag.py:2305} INFO - Setting next_dagrun for example_task_group to 2021-06-19 00:00:00+00:00
[2021-06-21 19:18:40,708] {scheduler_job.py:190} INFO - Processing /home/airflow/.local/lib/python3.6/site-packages/airflow/example_dags/example_task_group.py took 0.089 seconds
[2021-06-21 19:19:11,527] {scheduler_job.py:182} INFO - Started process (PID=2829) to work on /home/airflow/.local/lib/python3.6/site-packages/airflow/example_dags/example_task_group.py
[2021-06-21 19:19:11,528] {scheduler_job.py:633} INFO - Processing file /home/airflow/.local/lib/python3.6/site-packages/airflow/example_dags/example_task_group.py for tasks to queue
[2021-06-21 19:19:11,528] {logging_mixin.py:104} INFO - [2021-06-21 19:19:11,528] {dagbag.py:487} INFO - Filling up the DagBag from /home/airflow/.local/lib/python3.6/site-packages/airflow/example_dags/example_task_group.py
[2021-06-21 19:19:11,540] {scheduler_job.py:643} INFO - DAG(s) dict_keys(['example_task_group']) retrieved from /home/airflow/.local/lib/python3.6/site-packages/airflow/example_dags/example_task_group.py
[2021-06-21 19:19:11,558] {logging_mixin.py:104} INFO - [2021-06-21 19:19:11,558] {dag.py:1832} INFO - Sync 1 DAGs
[2021-06-21 19:19:11,571] {logging_mixin.py:104} INFO - [2021-06-21 19:19:11,571] {dag.py:2305} INFO - Setting next_dagrun for example_task_group to 2021-06-19 00:00:00+00:00
[2021-06-21 19:19:11,578] {scheduler_job.py:190} INFO - Processing /home/airflow/.local/lib/python3.6/site-packages/airflow/example_dags/example_task_group.py took 0.054 seconds
[2021-06-21 19:19:42,141] {scheduler_job.py:182} INFO - Started process (PID=2911) to work on /home/airflow/.local/lib/python3.6/site-packages/airflow/example_dags/example_task_group.py
[2021-06-21 19:19:42,142] {scheduler_job.py:633} INFO - Processing file /home/airflow/.local/lib/python3.6/site-packages/airflow/example_dags/example_task_group.py for tasks to queue
[2021-06-21 19:19:42,142] {logging_mixin.py:104} INFO - [2021-06-21 19:19:42,142] {dagbag.py:487} INFO - Filling up the DagBag from /home/airflow/.local/lib/python3.6/site-packages/airflow/example_dags/example_task_group.py
[2021-06-21 19:19:42,156] {scheduler_job.py:643} INFO - DAG(s) dict_keys(['example_task_group']) retrieved from /home/airflow/.local/lib/python3.6/site-packages/airflow/example_dags/example_task_group.py
[2021-06-21 19:19:42,173] {logging_mixin.py:104} INFO - [2021-06-21 19:19:42,173] {dag.py:1832} INFO - Sync 1 DAGs
[2021-06-21 19:19:42,188] {logging_mixin.py:104} INFO - [2021-06-21 19:19:42,188] {dag.py:2305} INFO - Setting next_dagrun for example_task_group to 2021-06-19 00:00:00+00:00
[2021-06-21 19:19:42,195] {scheduler_job.py:190} INFO - Processing /home/airflow/.local/lib/python3.6/site-packages/airflow/example_dags/example_task_group.py took 0.057 seconds
[2021-06-21 19:20:12,812] {scheduler_job.py:182} INFO - Started process (PID=2975) to work on /home/airflow/.local/lib/python3.6/site-packages/airflow/example_dags/example_task_group.py
[2021-06-21 19:20:12,813] {scheduler_job.py:633} INFO - Processing file /home/airflow/.local/lib/python3.6/site-packages/airflow/example_dags/example_task_group.py for tasks to queue
[2021-06-21 19:20:12,813] {logging_mixin.py:104} INFO - [2021-06-21 19:20:12,813] {dagbag.py:487} INFO - Filling up the DagBag from /home/airflow/.local/lib/python3.6/site-packages/airflow/example_dags/example_task_group.py
[2021-06-21 19:20:12,827] {scheduler_job.py:643} INFO - DAG(s) dict_keys(['example_task_group']) retrieved from /home/airflow/.local/lib/python3.6/site-packages/airflow/example_dags/example_task_group.py
[2021-06-21 19:20:12,844] {logging_mixin.py:104} INFO - [2021-06-21 19:20:12,844] {dag.py:1832} INFO - Sync 1 DAGs
[2021-06-21 19:20:12,858] {logging_mixin.py:104} INFO - [2021-06-21 19:20:12,858] {dag.py:2305} INFO - Setting next_dagrun for example_task_group to 2021-06-19 00:00:00+00:00
[2021-06-21 19:20:12,866] {scheduler_job.py:190} INFO - Processing /home/airflow/.local/lib/python3.6/site-packages/airflow/example_dags/example_task_group.py took 0.056 seconds
[2021-06-21 19:20:43,589] {scheduler_job.py:182} INFO - Started process (PID=3057) to work on /home/airflow/.local/lib/python3.6/site-packages/airflow/example_dags/example_task_group.py
[2021-06-21 19:20:43,590] {scheduler_job.py:633} INFO - Processing file /home/airflow/.local/lib/python3.6/site-packages/airflow/example_dags/example_task_group.py for tasks to queue
[2021-06-21 19:20:43,591] {logging_mixin.py:104} INFO - [2021-06-21 19:20:43,591] {dagbag.py:487} INFO - Filling up the DagBag from /home/airflow/.local/lib/python3.6/site-packages/airflow/example_dags/example_task_group.py
[2021-06-21 19:20:43,603] {scheduler_job.py:643} INFO - DAG(s) dict_keys(['example_task_group']) retrieved from /home/airflow/.local/lib/python3.6/site-packages/airflow/example_dags/example_task_group.py
[2021-06-21 19:20:43,619] {logging_mixin.py:104} INFO - [2021-06-21 19:20:43,619] {dag.py:1832} INFO - Sync 1 DAGs
[2021-06-21 19:20:43,631] {logging_mixin.py:104} INFO - [2021-06-21 19:20:43,631] {dag.py:2305} INFO - Setting next_dagrun for example_task_group to 2021-06-19 00:00:00+00:00
[2021-06-21 19:20:43,637] {scheduler_job.py:190} INFO - Processing /home/airflow/.local/lib/python3.6/site-packages/airflow/example_dags/example_task_group.py took 0.051 seconds
[2021-06-21 19:21:14,137] {scheduler_job.py:182} INFO - Started process (PID=3132) to work on /home/airflow/.local/lib/python3.6/site-packages/airflow/example_dags/example_task_group.py
[2021-06-21 19:21:14,138] {scheduler_job.py:633} INFO - Processing file /home/airflow/.local/lib/python3.6/site-packages/airflow/example_dags/example_task_group.py for tasks to queue
[2021-06-21 19:21:14,138] {logging_mixin.py:104} INFO - [2021-06-21 19:21:14,138] {dagbag.py:487} INFO - Filling up the DagBag from /home/airflow/.local/lib/python3.6/site-packages/airflow/example_dags/example_task_group.py
[2021-06-21 19:21:14,152] {scheduler_job.py:643} INFO - DAG(s) dict_keys(['example_task_group']) retrieved from /home/airflow/.local/lib/python3.6/site-packages/airflow/example_dags/example_task_group.py
[2021-06-21 19:21:14,171] {logging_mixin.py:104} INFO - [2021-06-21 19:21:14,171] {dag.py:1832} INFO - Sync 1 DAGs
[2021-06-21 19:21:14,184] {logging_mixin.py:104} INFO - [2021-06-21 19:21:14,184] {dag.py:2305} INFO - Setting next_dagrun for example_task_group to 2021-06-19 00:00:00+00:00
[2021-06-21 19:21:14,192] {scheduler_job.py:190} INFO - Processing /home/airflow/.local/lib/python3.6/site-packages/airflow/example_dags/example_task_group.py took 0.058 seconds
[2021-06-21 19:21:44,748] {scheduler_job.py:182} INFO - Started process (PID=3204) to work on /home/airflow/.local/lib/python3.6/site-packages/airflow/example_dags/example_task_group.py
[2021-06-21 19:21:44,749] {scheduler_job.py:633} INFO - Processing file /home/airflow/.local/lib/python3.6/site-packages/airflow/example_dags/example_task_group.py for tasks to queue
[2021-06-21 19:21:44,750] {logging_mixin.py:104} INFO - [2021-06-21 19:21:44,750] {dagbag.py:487} INFO - Filling up the DagBag from /home/airflow/.local/lib/python3.6/site-packages/airflow/example_dags/example_task_group.py
[2021-06-21 19:21:44,763] {scheduler_job.py:643} INFO - DAG(s) dict_keys(['example_task_group']) retrieved from /home/airflow/.local/lib/python3.6/site-packages/airflow/example_dags/example_task_group.py
[2021-06-21 19:21:44,781] {logging_mixin.py:104} INFO - [2021-06-21 19:21:44,781] {dag.py:1832} INFO - Sync 1 DAGs
[2021-06-21 19:21:44,795] {logging_mixin.py:104} INFO - [2021-06-21 19:21:44,795] {dag.py:2305} INFO - Setting next_dagrun for example_task_group to 2021-06-19 00:00:00+00:00
[2021-06-21 19:21:44,802] {scheduler_job.py:190} INFO - Processing /home/airflow/.local/lib/python3.6/site-packages/airflow/example_dags/example_task_group.py took 0.056 seconds
[2021-06-21 19:22:15,323] {scheduler_job.py:182} INFO - Started process (PID=3278) to work on /home/airflow/.local/lib/python3.6/site-packages/airflow/example_dags/example_task_group.py
[2021-06-21 19:22:15,324] {scheduler_job.py:633} INFO - Processing file /home/airflow/.local/lib/python3.6/site-packages/airflow/example_dags/example_task_group.py for tasks to queue
[2021-06-21 19:22:15,325] {logging_mixin.py:104} INFO - [2021-06-21 19:22:15,325] {dagbag.py:487} INFO - Filling up the DagBag from /home/airflow/.local/lib/python3.6/site-packages/airflow/example_dags/example_task_group.py
[2021-06-21 19:22:15,337] {scheduler_job.py:643} INFO - DAG(s) dict_keys(['example_task_group']) retrieved from /home/airflow/.local/lib/python3.6/site-packages/airflow/example_dags/example_task_group.py
[2021-06-21 19:22:15,356] {logging_mixin.py:104} INFO - [2021-06-21 19:22:15,356] {dag.py:1832} INFO - Sync 1 DAGs
[2021-06-21 19:22:15,370] {logging_mixin.py:104} INFO - [2021-06-21 19:22:15,370] {dag.py:2305} INFO - Setting next_dagrun for example_task_group to 2021-06-19 00:00:00+00:00
[2021-06-21 19:22:15,378] {scheduler_job.py:190} INFO - Processing /home/airflow/.local/lib/python3.6/site-packages/airflow/example_dags/example_task_group.py took 0.057 seconds
[2021-06-21 19:22:45,627] {scheduler_job.py:182} INFO - Started process (PID=3351) to work on /home/airflow/.local/lib/python3.6/site-packages/airflow/example_dags/example_task_group.py
[2021-06-21 19:22:45,628] {scheduler_job.py:633} INFO - Processing file /home/airflow/.local/lib/python3.6/site-packages/airflow/example_dags/example_task_group.py for tasks to queue
[2021-06-21 19:22:45,629] {logging_mixin.py:104} INFO - [2021-06-21 19:22:45,628] {dagbag.py:487} INFO - Filling up the DagBag from /home/airflow/.local/lib/python3.6/site-packages/airflow/example_dags/example_task_group.py
[2021-06-21 19:22:45,641] {scheduler_job.py:643} INFO - DAG(s) dict_keys(['example_task_group']) retrieved from /home/airflow/.local/lib/python3.6/site-packages/airflow/example_dags/example_task_group.py
[2021-06-21 19:22:45,658] {logging_mixin.py:104} INFO - [2021-06-21 19:22:45,658] {dag.py:1832} INFO - Sync 1 DAGs
[2021-06-21 19:22:45,670] {logging_mixin.py:104} INFO - [2021-06-21 19:22:45,670] {dag.py:2305} INFO - Setting next_dagrun for example_task_group to 2021-06-19 00:00:00+00:00
[2021-06-21 19:22:45,696] {scheduler_job.py:190} INFO - Processing /home/airflow/.local/lib/python3.6/site-packages/airflow/example_dags/example_task_group.py took 0.071 seconds
[2021-06-21 19:23:15,991] {scheduler_job.py:182} INFO - Started process (PID=3424) to work on /home/airflow/.local/lib/python3.6/site-packages/airflow/example_dags/example_task_group.py
[2021-06-21 19:23:15,992] {scheduler_job.py:633} INFO - Processing file /home/airflow/.local/lib/python3.6/site-packages/airflow/example_dags/example_task_group.py for tasks to queue
[2021-06-21 19:23:15,992] {logging_mixin.py:104} INFO - [2021-06-21 19:23:15,992] {dagbag.py:487} INFO - Filling up the DagBag from /home/airflow/.local/lib/python3.6/site-packages/airflow/example_dags/example_task_group.py
[2021-06-21 19:23:16,010] {scheduler_job.py:643} INFO - DAG(s) dict_keys(['example_task_group']) retrieved from /home/airflow/.local/lib/python3.6/site-packages/airflow/example_dags/example_task_group.py
[2021-06-21 19:23:16,032] {logging_mixin.py:104} INFO - [2021-06-21 19:23:16,032] {dag.py:1832} INFO - Sync 1 DAGs
[2021-06-21 19:23:16,048] {logging_mixin.py:104} INFO - [2021-06-21 19:23:16,048] {dag.py:2305} INFO - Setting next_dagrun for example_task_group to 2021-06-19 00:00:00+00:00
[2021-06-21 19:23:16,074] {scheduler_job.py:190} INFO - Processing /home/airflow/.local/lib/python3.6/site-packages/airflow/example_dags/example_task_group.py took 0.086 seconds
