[2021-06-21 19:00:10,514] {scheduler_job.py:182} INFO - Started process (PID=66) to work on /home/airflow/.local/lib/python3.6/site-packages/airflow/example_dags/example_latest_only_with_trigger.py
[2021-06-21 19:00:10,515] {scheduler_job.py:633} INFO - Processing file /home/airflow/.local/lib/python3.6/site-packages/airflow/example_dags/example_latest_only_with_trigger.py for tasks to queue
[2021-06-21 19:00:10,516] {logging_mixin.py:104} INFO - [2021-06-21 19:00:10,516] {dagbag.py:487} INFO - Filling up the DagBag from /home/airflow/.local/lib/python3.6/site-packages/airflow/example_dags/example_latest_only_with_trigger.py
[2021-06-21 19:00:10,530] {scheduler_job.py:643} INFO - DAG(s) dict_keys(['latest_only_with_trigger']) retrieved from /home/airflow/.local/lib/python3.6/site-packages/airflow/example_dags/example_latest_only_with_trigger.py
[2021-06-21 19:00:13,581] {logging_mixin.py:104} INFO - [2021-06-21 19:00:13,580] {dag.py:1832} INFO - Sync 1 DAGs
[2021-06-21 19:00:13,593] {logging_mixin.py:104} INFO - [2021-06-21 19:00:13,591] {dag.py:1851} INFO - Creating ORM DAG for latest_only_with_trigger
[2021-06-21 19:00:13,598] {logging_mixin.py:104} INFO - [2021-06-21 19:00:13,598] {dag.py:2305} INFO - Setting next_dagrun for latest_only_with_trigger to 2021-06-19 00:00:00+00:00
[2021-06-21 19:00:13,608] {scheduler_job.py:190} INFO - Processing /home/airflow/.local/lib/python3.6/site-packages/airflow/example_dags/example_latest_only_with_trigger.py took 3.097 seconds
[2021-06-21 19:00:44,055] {scheduler_job.py:182} INFO - Started process (PID=169) to work on /home/airflow/.local/lib/python3.6/site-packages/airflow/example_dags/example_latest_only_with_trigger.py
[2021-06-21 19:00:44,056] {scheduler_job.py:633} INFO - Processing file /home/airflow/.local/lib/python3.6/site-packages/airflow/example_dags/example_latest_only_with_trigger.py for tasks to queue
[2021-06-21 19:00:44,057] {logging_mixin.py:104} INFO - [2021-06-21 19:00:44,057] {dagbag.py:487} INFO - Filling up the DagBag from /home/airflow/.local/lib/python3.6/site-packages/airflow/example_dags/example_latest_only_with_trigger.py
[2021-06-21 19:00:44,077] {scheduler_job.py:643} INFO - DAG(s) dict_keys(['latest_only_with_trigger']) retrieved from /home/airflow/.local/lib/python3.6/site-packages/airflow/example_dags/example_latest_only_with_trigger.py
[2021-06-21 19:00:44,105] {logging_mixin.py:104} INFO - [2021-06-21 19:00:44,105] {dag.py:1832} INFO - Sync 1 DAGs
[2021-06-21 19:00:44,131] {logging_mixin.py:104} INFO - [2021-06-21 19:00:44,131] {dag.py:2305} INFO - Setting next_dagrun for latest_only_with_trigger to 2021-06-19 00:00:00+00:00
[2021-06-21 19:00:44,146] {scheduler_job.py:190} INFO - Processing /home/airflow/.local/lib/python3.6/site-packages/airflow/example_dags/example_latest_only_with_trigger.py took 0.095 seconds
[2021-06-21 19:01:14,910] {scheduler_job.py:182} INFO - Started process (PID=233) to work on /home/airflow/.local/lib/python3.6/site-packages/airflow/example_dags/example_latest_only_with_trigger.py
[2021-06-21 19:01:14,911] {scheduler_job.py:633} INFO - Processing file /home/airflow/.local/lib/python3.6/site-packages/airflow/example_dags/example_latest_only_with_trigger.py for tasks to queue
[2021-06-21 19:01:14,911] {logging_mixin.py:104} INFO - [2021-06-21 19:01:14,911] {dagbag.py:487} INFO - Filling up the DagBag from /home/airflow/.local/lib/python3.6/site-packages/airflow/example_dags/example_latest_only_with_trigger.py
[2021-06-21 19:01:14,923] {scheduler_job.py:643} INFO - DAG(s) dict_keys(['latest_only_with_trigger']) retrieved from /home/airflow/.local/lib/python3.6/site-packages/airflow/example_dags/example_latest_only_with_trigger.py
[2021-06-21 19:01:14,944] {logging_mixin.py:104} INFO - [2021-06-21 19:01:14,943] {dag.py:1832} INFO - Sync 1 DAGs
[2021-06-21 19:01:14,959] {logging_mixin.py:104} INFO - [2021-06-21 19:01:14,959] {dag.py:2305} INFO - Setting next_dagrun for latest_only_with_trigger to 2021-06-19 00:00:00+00:00
[2021-06-21 19:01:14,968] {scheduler_job.py:190} INFO - Processing /home/airflow/.local/lib/python3.6/site-packages/airflow/example_dags/example_latest_only_with_trigger.py took 0.061 seconds
[2021-06-21 19:01:45,004] {scheduler_job.py:182} INFO - Started process (PID=313) to work on /home/airflow/.local/lib/python3.6/site-packages/airflow/example_dags/example_latest_only_with_trigger.py
[2021-06-21 19:01:45,005] {scheduler_job.py:633} INFO - Processing file /home/airflow/.local/lib/python3.6/site-packages/airflow/example_dags/example_latest_only_with_trigger.py for tasks to queue
[2021-06-21 19:01:45,006] {logging_mixin.py:104} INFO - [2021-06-21 19:01:45,005] {dagbag.py:487} INFO - Filling up the DagBag from /home/airflow/.local/lib/python3.6/site-packages/airflow/example_dags/example_latest_only_with_trigger.py
[2021-06-21 19:01:45,016] {scheduler_job.py:643} INFO - DAG(s) dict_keys(['latest_only_with_trigger']) retrieved from /home/airflow/.local/lib/python3.6/site-packages/airflow/example_dags/example_latest_only_with_trigger.py
[2021-06-21 19:01:45,040] {logging_mixin.py:104} INFO - [2021-06-21 19:01:45,040] {dag.py:1832} INFO - Sync 1 DAGs
[2021-06-21 19:01:45,058] {logging_mixin.py:104} INFO - [2021-06-21 19:01:45,058] {dag.py:2305} INFO - Setting next_dagrun for latest_only_with_trigger to 2021-06-19 00:00:00+00:00
[2021-06-21 19:01:45,067] {scheduler_job.py:190} INFO - Processing /home/airflow/.local/lib/python3.6/site-packages/airflow/example_dags/example_latest_only_with_trigger.py took 0.065 seconds
[2021-06-21 19:02:15,254] {scheduler_job.py:182} INFO - Started process (PID=376) to work on /home/airflow/.local/lib/python3.6/site-packages/airflow/example_dags/example_latest_only_with_trigger.py
[2021-06-21 19:02:15,254] {scheduler_job.py:633} INFO - Processing file /home/airflow/.local/lib/python3.6/site-packages/airflow/example_dags/example_latest_only_with_trigger.py for tasks to queue
[2021-06-21 19:02:15,255] {logging_mixin.py:104} INFO - [2021-06-21 19:02:15,255] {dagbag.py:487} INFO - Filling up the DagBag from /home/airflow/.local/lib/python3.6/site-packages/airflow/example_dags/example_latest_only_with_trigger.py
[2021-06-21 19:02:15,264] {scheduler_job.py:643} INFO - DAG(s) dict_keys(['latest_only_with_trigger']) retrieved from /home/airflow/.local/lib/python3.6/site-packages/airflow/example_dags/example_latest_only_with_trigger.py
[2021-06-21 19:02:15,281] {logging_mixin.py:104} INFO - [2021-06-21 19:02:15,281] {dag.py:1832} INFO - Sync 1 DAGs
[2021-06-21 19:02:15,294] {logging_mixin.py:104} INFO - [2021-06-21 19:02:15,294] {dag.py:2305} INFO - Setting next_dagrun for latest_only_with_trigger to 2021-06-19 00:00:00+00:00
[2021-06-21 19:02:15,318] {scheduler_job.py:190} INFO - Processing /home/airflow/.local/lib/python3.6/site-packages/airflow/example_dags/example_latest_only_with_trigger.py took 0.067 seconds
[2021-06-21 19:02:45,612] {scheduler_job.py:182} INFO - Started process (PID=457) to work on /home/airflow/.local/lib/python3.6/site-packages/airflow/example_dags/example_latest_only_with_trigger.py
[2021-06-21 19:02:45,612] {scheduler_job.py:633} INFO - Processing file /home/airflow/.local/lib/python3.6/site-packages/airflow/example_dags/example_latest_only_with_trigger.py for tasks to queue
[2021-06-21 19:02:45,613] {logging_mixin.py:104} INFO - [2021-06-21 19:02:45,613] {dagbag.py:487} INFO - Filling up the DagBag from /home/airflow/.local/lib/python3.6/site-packages/airflow/example_dags/example_latest_only_with_trigger.py
[2021-06-21 19:02:45,622] {scheduler_job.py:643} INFO - DAG(s) dict_keys(['latest_only_with_trigger']) retrieved from /home/airflow/.local/lib/python3.6/site-packages/airflow/example_dags/example_latest_only_with_trigger.py
[2021-06-21 19:02:45,638] {logging_mixin.py:104} INFO - [2021-06-21 19:02:45,638] {dag.py:1832} INFO - Sync 1 DAGs
[2021-06-21 19:02:45,649] {logging_mixin.py:104} INFO - [2021-06-21 19:02:45,649] {dag.py:2305} INFO - Setting next_dagrun for latest_only_with_trigger to 2021-06-19 00:00:00+00:00
[2021-06-21 19:02:45,888] {scheduler_job.py:190} INFO - Processing /home/airflow/.local/lib/python3.6/site-packages/airflow/example_dags/example_latest_only_with_trigger.py took 0.279 seconds
[2021-06-21 19:03:15,922] {scheduler_job.py:182} INFO - Started process (PID=531) to work on /home/airflow/.local/lib/python3.6/site-packages/airflow/example_dags/example_latest_only_with_trigger.py
[2021-06-21 19:03:15,923] {scheduler_job.py:633} INFO - Processing file /home/airflow/.local/lib/python3.6/site-packages/airflow/example_dags/example_latest_only_with_trigger.py for tasks to queue
[2021-06-21 19:03:15,923] {logging_mixin.py:104} INFO - [2021-06-21 19:03:15,923] {dagbag.py:487} INFO - Filling up the DagBag from /home/airflow/.local/lib/python3.6/site-packages/airflow/example_dags/example_latest_only_with_trigger.py
[2021-06-21 19:03:15,933] {scheduler_job.py:643} INFO - DAG(s) dict_keys(['latest_only_with_trigger']) retrieved from /home/airflow/.local/lib/python3.6/site-packages/airflow/example_dags/example_latest_only_with_trigger.py
[2021-06-21 19:03:15,951] {logging_mixin.py:104} INFO - [2021-06-21 19:03:15,951] {dag.py:1832} INFO - Sync 1 DAGs
[2021-06-21 19:03:15,965] {logging_mixin.py:104} INFO - [2021-06-21 19:03:15,965] {dag.py:2305} INFO - Setting next_dagrun for latest_only_with_trigger to 2021-06-19 00:00:00+00:00
[2021-06-21 19:03:15,998] {scheduler_job.py:190} INFO - Processing /home/airflow/.local/lib/python3.6/site-packages/airflow/example_dags/example_latest_only_with_trigger.py took 0.078 seconds
[2021-06-21 19:03:46,154] {scheduler_job.py:182} INFO - Started process (PID=603) to work on /home/airflow/.local/lib/python3.6/site-packages/airflow/example_dags/example_latest_only_with_trigger.py
[2021-06-21 19:03:46,155] {scheduler_job.py:633} INFO - Processing file /home/airflow/.local/lib/python3.6/site-packages/airflow/example_dags/example_latest_only_with_trigger.py for tasks to queue
[2021-06-21 19:03:46,155] {logging_mixin.py:104} INFO - [2021-06-21 19:03:46,155] {dagbag.py:487} INFO - Filling up the DagBag from /home/airflow/.local/lib/python3.6/site-packages/airflow/example_dags/example_latest_only_with_trigger.py
[2021-06-21 19:03:46,165] {scheduler_job.py:643} INFO - DAG(s) dict_keys(['latest_only_with_trigger']) retrieved from /home/airflow/.local/lib/python3.6/site-packages/airflow/example_dags/example_latest_only_with_trigger.py
[2021-06-21 19:03:46,182] {logging_mixin.py:104} INFO - [2021-06-21 19:03:46,182] {dag.py:1832} INFO - Sync 1 DAGs
[2021-06-21 19:03:46,195] {logging_mixin.py:104} INFO - [2021-06-21 19:03:46,195] {dag.py:2305} INFO - Setting next_dagrun for latest_only_with_trigger to 2021-06-19 00:00:00+00:00
[2021-06-21 19:03:46,221] {scheduler_job.py:190} INFO - Processing /home/airflow/.local/lib/python3.6/site-packages/airflow/example_dags/example_latest_only_with_trigger.py took 0.070 seconds
[2021-06-21 19:04:16,452] {scheduler_job.py:182} INFO - Started process (PID=676) to work on /home/airflow/.local/lib/python3.6/site-packages/airflow/example_dags/example_latest_only_with_trigger.py
[2021-06-21 19:04:16,453] {scheduler_job.py:633} INFO - Processing file /home/airflow/.local/lib/python3.6/site-packages/airflow/example_dags/example_latest_only_with_trigger.py for tasks to queue
[2021-06-21 19:04:16,453] {logging_mixin.py:104} INFO - [2021-06-21 19:04:16,453] {dagbag.py:487} INFO - Filling up the DagBag from /home/airflow/.local/lib/python3.6/site-packages/airflow/example_dags/example_latest_only_with_trigger.py
[2021-06-21 19:04:16,462] {scheduler_job.py:643} INFO - DAG(s) dict_keys(['latest_only_with_trigger']) retrieved from /home/airflow/.local/lib/python3.6/site-packages/airflow/example_dags/example_latest_only_with_trigger.py
[2021-06-21 19:04:16,480] {logging_mixin.py:104} INFO - [2021-06-21 19:04:16,480] {dag.py:1832} INFO - Sync 1 DAGs
[2021-06-21 19:04:16,494] {logging_mixin.py:104} INFO - [2021-06-21 19:04:16,493] {dag.py:2305} INFO - Setting next_dagrun for latest_only_with_trigger to 2021-06-19 00:00:00+00:00
[2021-06-21 19:04:16,503] {scheduler_job.py:190} INFO - Processing /home/airflow/.local/lib/python3.6/site-packages/airflow/example_dags/example_latest_only_with_trigger.py took 0.053 seconds
[2021-06-21 19:04:47,265] {scheduler_job.py:182} INFO - Started process (PID=746) to work on /home/airflow/.local/lib/python3.6/site-packages/airflow/example_dags/example_latest_only_with_trigger.py
[2021-06-21 19:04:47,266] {scheduler_job.py:633} INFO - Processing file /home/airflow/.local/lib/python3.6/site-packages/airflow/example_dags/example_latest_only_with_trigger.py for tasks to queue
[2021-06-21 19:04:47,267] {logging_mixin.py:104} INFO - [2021-06-21 19:04:47,267] {dagbag.py:487} INFO - Filling up the DagBag from /home/airflow/.local/lib/python3.6/site-packages/airflow/example_dags/example_latest_only_with_trigger.py
[2021-06-21 19:04:47,276] {scheduler_job.py:643} INFO - DAG(s) dict_keys(['latest_only_with_trigger']) retrieved from /home/airflow/.local/lib/python3.6/site-packages/airflow/example_dags/example_latest_only_with_trigger.py
[2021-06-21 19:04:47,293] {logging_mixin.py:104} INFO - [2021-06-21 19:04:47,293] {dag.py:1832} INFO - Sync 1 DAGs
[2021-06-21 19:04:47,305] {logging_mixin.py:104} INFO - [2021-06-21 19:04:47,305] {dag.py:2305} INFO - Setting next_dagrun for latest_only_with_trigger to 2021-06-19 00:00:00+00:00
[2021-06-21 19:04:47,312] {scheduler_job.py:190} INFO - Processing /home/airflow/.local/lib/python3.6/site-packages/airflow/example_dags/example_latest_only_with_trigger.py took 0.049 seconds
[2021-06-21 19:05:18,220] {scheduler_job.py:182} INFO - Started process (PID=827) to work on /home/airflow/.local/lib/python3.6/site-packages/airflow/example_dags/example_latest_only_with_trigger.py
[2021-06-21 19:05:18,221] {scheduler_job.py:633} INFO - Processing file /home/airflow/.local/lib/python3.6/site-packages/airflow/example_dags/example_latest_only_with_trigger.py for tasks to queue
[2021-06-21 19:05:18,221] {logging_mixin.py:104} INFO - [2021-06-21 19:05:18,221] {dagbag.py:487} INFO - Filling up the DagBag from /home/airflow/.local/lib/python3.6/site-packages/airflow/example_dags/example_latest_only_with_trigger.py
[2021-06-21 19:05:18,233] {scheduler_job.py:643} INFO - DAG(s) dict_keys(['latest_only_with_trigger']) retrieved from /home/airflow/.local/lib/python3.6/site-packages/airflow/example_dags/example_latest_only_with_trigger.py
[2021-06-21 19:05:18,252] {logging_mixin.py:104} INFO - [2021-06-21 19:05:18,252] {dag.py:1832} INFO - Sync 1 DAGs
[2021-06-21 19:05:18,266] {logging_mixin.py:104} INFO - [2021-06-21 19:05:18,266] {dag.py:2305} INFO - Setting next_dagrun for latest_only_with_trigger to 2021-06-19 00:00:00+00:00
[2021-06-21 19:05:18,274] {scheduler_job.py:190} INFO - Processing /home/airflow/.local/lib/python3.6/site-packages/airflow/example_dags/example_latest_only_with_trigger.py took 0.057 seconds
[2021-06-21 19:05:48,822] {scheduler_job.py:182} INFO - Started process (PID=891) to work on /home/airflow/.local/lib/python3.6/site-packages/airflow/example_dags/example_latest_only_with_trigger.py
[2021-06-21 19:05:48,823] {scheduler_job.py:633} INFO - Processing file /home/airflow/.local/lib/python3.6/site-packages/airflow/example_dags/example_latest_only_with_trigger.py for tasks to queue
[2021-06-21 19:05:48,823] {logging_mixin.py:104} INFO - [2021-06-21 19:05:48,823] {dagbag.py:487} INFO - Filling up the DagBag from /home/airflow/.local/lib/python3.6/site-packages/airflow/example_dags/example_latest_only_with_trigger.py
[2021-06-21 19:05:48,833] {scheduler_job.py:643} INFO - DAG(s) dict_keys(['latest_only_with_trigger']) retrieved from /home/airflow/.local/lib/python3.6/site-packages/airflow/example_dags/example_latest_only_with_trigger.py
[2021-06-21 19:05:48,850] {logging_mixin.py:104} INFO - [2021-06-21 19:05:48,850] {dag.py:1832} INFO - Sync 1 DAGs
[2021-06-21 19:05:48,862] {logging_mixin.py:104} INFO - [2021-06-21 19:05:48,862] {dag.py:2305} INFO - Setting next_dagrun for latest_only_with_trigger to 2021-06-19 00:00:00+00:00
[2021-06-21 19:05:48,869] {scheduler_job.py:190} INFO - Processing /home/airflow/.local/lib/python3.6/site-packages/airflow/example_dags/example_latest_only_with_trigger.py took 0.049 seconds
[2021-06-21 19:06:18,959] {scheduler_job.py:182} INFO - Started process (PID=972) to work on /home/airflow/.local/lib/python3.6/site-packages/airflow/example_dags/example_latest_only_with_trigger.py
[2021-06-21 19:06:18,960] {scheduler_job.py:633} INFO - Processing file /home/airflow/.local/lib/python3.6/site-packages/airflow/example_dags/example_latest_only_with_trigger.py for tasks to queue
[2021-06-21 19:06:18,960] {logging_mixin.py:104} INFO - [2021-06-21 19:06:18,960] {dagbag.py:487} INFO - Filling up the DagBag from /home/airflow/.local/lib/python3.6/site-packages/airflow/example_dags/example_latest_only_with_trigger.py
[2021-06-21 19:06:18,970] {scheduler_job.py:643} INFO - DAG(s) dict_keys(['latest_only_with_trigger']) retrieved from /home/airflow/.local/lib/python3.6/site-packages/airflow/example_dags/example_latest_only_with_trigger.py
[2021-06-21 19:06:18,987] {logging_mixin.py:104} INFO - [2021-06-21 19:06:18,987] {dag.py:1832} INFO - Sync 1 DAGs
[2021-06-21 19:06:19,001] {logging_mixin.py:104} INFO - [2021-06-21 19:06:19,000] {dag.py:2305} INFO - Setting next_dagrun for latest_only_with_trigger to 2021-06-19 00:00:00+00:00
[2021-06-21 19:06:19,008] {scheduler_job.py:190} INFO - Processing /home/airflow/.local/lib/python3.6/site-packages/airflow/example_dags/example_latest_only_with_trigger.py took 0.052 seconds
[2021-06-21 19:06:49,259] {scheduler_job.py:182} INFO - Started process (PID=1035) to work on /home/airflow/.local/lib/python3.6/site-packages/airflow/example_dags/example_latest_only_with_trigger.py
[2021-06-21 19:06:49,260] {scheduler_job.py:633} INFO - Processing file /home/airflow/.local/lib/python3.6/site-packages/airflow/example_dags/example_latest_only_with_trigger.py for tasks to queue
[2021-06-21 19:06:49,260] {logging_mixin.py:104} INFO - [2021-06-21 19:06:49,260] {dagbag.py:487} INFO - Filling up the DagBag from /home/airflow/.local/lib/python3.6/site-packages/airflow/example_dags/example_latest_only_with_trigger.py
[2021-06-21 19:06:49,269] {scheduler_job.py:643} INFO - DAG(s) dict_keys(['latest_only_with_trigger']) retrieved from /home/airflow/.local/lib/python3.6/site-packages/airflow/example_dags/example_latest_only_with_trigger.py
[2021-06-21 19:06:49,285] {logging_mixin.py:104} INFO - [2021-06-21 19:06:49,285] {dag.py:1832} INFO - Sync 1 DAGs
[2021-06-21 19:06:49,297] {logging_mixin.py:104} INFO - [2021-06-21 19:06:49,297] {dag.py:2305} INFO - Setting next_dagrun for latest_only_with_trigger to 2021-06-19 00:00:00+00:00
[2021-06-21 19:06:49,303] {scheduler_job.py:190} INFO - Processing /home/airflow/.local/lib/python3.6/site-packages/airflow/example_dags/example_latest_only_with_trigger.py took 0.047 seconds
[2021-06-21 19:07:19,505] {scheduler_job.py:182} INFO - Started process (PID=1115) to work on /home/airflow/.local/lib/python3.6/site-packages/airflow/example_dags/example_latest_only_with_trigger.py
[2021-06-21 19:07:19,506] {scheduler_job.py:633} INFO - Processing file /home/airflow/.local/lib/python3.6/site-packages/airflow/example_dags/example_latest_only_with_trigger.py for tasks to queue
[2021-06-21 19:07:19,506] {logging_mixin.py:104} INFO - [2021-06-21 19:07:19,506] {dagbag.py:487} INFO - Filling up the DagBag from /home/airflow/.local/lib/python3.6/site-packages/airflow/example_dags/example_latest_only_with_trigger.py
[2021-06-21 19:07:19,515] {scheduler_job.py:643} INFO - DAG(s) dict_keys(['latest_only_with_trigger']) retrieved from /home/airflow/.local/lib/python3.6/site-packages/airflow/example_dags/example_latest_only_with_trigger.py
[2021-06-21 19:07:19,532] {logging_mixin.py:104} INFO - [2021-06-21 19:07:19,532] {dag.py:1832} INFO - Sync 1 DAGs
[2021-06-21 19:07:19,544] {logging_mixin.py:104} INFO - [2021-06-21 19:07:19,544] {dag.py:2305} INFO - Setting next_dagrun for latest_only_with_trigger to 2021-06-19 00:00:00+00:00
[2021-06-21 19:07:19,551] {scheduler_job.py:190} INFO - Processing /home/airflow/.local/lib/python3.6/site-packages/airflow/example_dags/example_latest_only_with_trigger.py took 0.048 seconds
[2021-06-21 19:07:49,741] {scheduler_job.py:182} INFO - Started process (PID=1188) to work on /home/airflow/.local/lib/python3.6/site-packages/airflow/example_dags/example_latest_only_with_trigger.py
[2021-06-21 19:07:49,742] {scheduler_job.py:633} INFO - Processing file /home/airflow/.local/lib/python3.6/site-packages/airflow/example_dags/example_latest_only_with_trigger.py for tasks to queue
[2021-06-21 19:07:49,743] {logging_mixin.py:104} INFO - [2021-06-21 19:07:49,743] {dagbag.py:487} INFO - Filling up the DagBag from /home/airflow/.local/lib/python3.6/site-packages/airflow/example_dags/example_latest_only_with_trigger.py
[2021-06-21 19:07:49,751] {scheduler_job.py:643} INFO - DAG(s) dict_keys(['latest_only_with_trigger']) retrieved from /home/airflow/.local/lib/python3.6/site-packages/airflow/example_dags/example_latest_only_with_trigger.py
[2021-06-21 19:07:49,768] {logging_mixin.py:104} INFO - [2021-06-21 19:07:49,768] {dag.py:1832} INFO - Sync 1 DAGs
[2021-06-21 19:07:49,781] {logging_mixin.py:104} INFO - [2021-06-21 19:07:49,781] {dag.py:2305} INFO - Setting next_dagrun for latest_only_with_trigger to 2021-06-19 00:00:00+00:00
[2021-06-21 19:07:49,788] {scheduler_job.py:190} INFO - Processing /home/airflow/.local/lib/python3.6/site-packages/airflow/example_dags/example_latest_only_with_trigger.py took 0.049 seconds
[2021-06-21 19:08:20,250] {scheduler_job.py:182} INFO - Started process (PID=1260) to work on /home/airflow/.local/lib/python3.6/site-packages/airflow/example_dags/example_latest_only_with_trigger.py
[2021-06-21 19:08:20,251] {scheduler_job.py:633} INFO - Processing file /home/airflow/.local/lib/python3.6/site-packages/airflow/example_dags/example_latest_only_with_trigger.py for tasks to queue
[2021-06-21 19:08:20,251] {logging_mixin.py:104} INFO - [2021-06-21 19:08:20,251] {dagbag.py:487} INFO - Filling up the DagBag from /home/airflow/.local/lib/python3.6/site-packages/airflow/example_dags/example_latest_only_with_trigger.py
[2021-06-21 19:08:20,260] {scheduler_job.py:643} INFO - DAG(s) dict_keys(['latest_only_with_trigger']) retrieved from /home/airflow/.local/lib/python3.6/site-packages/airflow/example_dags/example_latest_only_with_trigger.py
[2021-06-21 19:08:20,276] {logging_mixin.py:104} INFO - [2021-06-21 19:08:20,276] {dag.py:1832} INFO - Sync 1 DAGs
[2021-06-21 19:08:20,288] {logging_mixin.py:104} INFO - [2021-06-21 19:08:20,288] {dag.py:2305} INFO - Setting next_dagrun for latest_only_with_trigger to 2021-06-19 00:00:00+00:00
[2021-06-21 19:08:20,295] {scheduler_job.py:190} INFO - Processing /home/airflow/.local/lib/python3.6/site-packages/airflow/example_dags/example_latest_only_with_trigger.py took 0.048 seconds
[2021-06-21 19:08:50,857] {scheduler_job.py:182} INFO - Started process (PID=1344) to work on /home/airflow/.local/lib/python3.6/site-packages/airflow/example_dags/example_latest_only_with_trigger.py
[2021-06-21 19:08:50,857] {scheduler_job.py:633} INFO - Processing file /home/airflow/.local/lib/python3.6/site-packages/airflow/example_dags/example_latest_only_with_trigger.py for tasks to queue
[2021-06-21 19:08:50,858] {logging_mixin.py:104} INFO - [2021-06-21 19:08:50,858] {dagbag.py:487} INFO - Filling up the DagBag from /home/airflow/.local/lib/python3.6/site-packages/airflow/example_dags/example_latest_only_with_trigger.py
[2021-06-21 19:08:50,868] {scheduler_job.py:643} INFO - DAG(s) dict_keys(['latest_only_with_trigger']) retrieved from /home/airflow/.local/lib/python3.6/site-packages/airflow/example_dags/example_latest_only_with_trigger.py
[2021-06-21 19:08:50,888] {logging_mixin.py:104} INFO - [2021-06-21 19:08:50,888] {dag.py:1832} INFO - Sync 1 DAGs
[2021-06-21 19:08:50,912] {logging_mixin.py:104} INFO - [2021-06-21 19:08:50,911] {dag.py:2305} INFO - Setting next_dagrun for latest_only_with_trigger to 2021-06-19 00:00:00+00:00
[2021-06-21 19:08:50,924] {scheduler_job.py:190} INFO - Processing /home/airflow/.local/lib/python3.6/site-packages/airflow/example_dags/example_latest_only_with_trigger.py took 0.070 seconds
[2021-06-21 19:09:21,158] {scheduler_job.py:182} INFO - Started process (PID=1409) to work on /home/airflow/.local/lib/python3.6/site-packages/airflow/example_dags/example_latest_only_with_trigger.py
[2021-06-21 19:09:21,159] {scheduler_job.py:633} INFO - Processing file /home/airflow/.local/lib/python3.6/site-packages/airflow/example_dags/example_latest_only_with_trigger.py for tasks to queue
[2021-06-21 19:09:21,159] {logging_mixin.py:104} INFO - [2021-06-21 19:09:21,159] {dagbag.py:487} INFO - Filling up the DagBag from /home/airflow/.local/lib/python3.6/site-packages/airflow/example_dags/example_latest_only_with_trigger.py
[2021-06-21 19:09:21,170] {scheduler_job.py:643} INFO - DAG(s) dict_keys(['latest_only_with_trigger']) retrieved from /home/airflow/.local/lib/python3.6/site-packages/airflow/example_dags/example_latest_only_with_trigger.py
[2021-06-21 19:09:21,190] {logging_mixin.py:104} INFO - [2021-06-21 19:09:21,190] {dag.py:1832} INFO - Sync 1 DAGs
[2021-06-21 19:09:21,205] {logging_mixin.py:104} INFO - [2021-06-21 19:09:21,205] {dag.py:2305} INFO - Setting next_dagrun for latest_only_with_trigger to 2021-06-19 00:00:00+00:00
[2021-06-21 19:09:21,214] {scheduler_job.py:190} INFO - Processing /home/airflow/.local/lib/python3.6/site-packages/airflow/example_dags/example_latest_only_with_trigger.py took 0.059 seconds
[2021-06-21 19:09:51,822] {scheduler_job.py:182} INFO - Started process (PID=1483) to work on /home/airflow/.local/lib/python3.6/site-packages/airflow/example_dags/example_latest_only_with_trigger.py
[2021-06-21 19:09:51,823] {scheduler_job.py:633} INFO - Processing file /home/airflow/.local/lib/python3.6/site-packages/airflow/example_dags/example_latest_only_with_trigger.py for tasks to queue
[2021-06-21 19:09:51,824] {logging_mixin.py:104} INFO - [2021-06-21 19:09:51,824] {dagbag.py:487} INFO - Filling up the DagBag from /home/airflow/.local/lib/python3.6/site-packages/airflow/example_dags/example_latest_only_with_trigger.py
[2021-06-21 19:09:51,835] {scheduler_job.py:643} INFO - DAG(s) dict_keys(['latest_only_with_trigger']) retrieved from /home/airflow/.local/lib/python3.6/site-packages/airflow/example_dags/example_latest_only_with_trigger.py
[2021-06-21 19:09:51,858] {logging_mixin.py:104} INFO - [2021-06-21 19:09:51,858] {dag.py:1832} INFO - Sync 1 DAGs
[2021-06-21 19:09:51,879] {logging_mixin.py:104} INFO - [2021-06-21 19:09:51,878] {dag.py:2305} INFO - Setting next_dagrun for latest_only_with_trigger to 2021-06-19 00:00:00+00:00
[2021-06-21 19:09:51,912] {scheduler_job.py:190} INFO - Processing /home/airflow/.local/lib/python3.6/site-packages/airflow/example_dags/example_latest_only_with_trigger.py took 0.094 seconds
[2021-06-21 19:10:22,190] {scheduler_job.py:182} INFO - Started process (PID=1554) to work on /home/airflow/.local/lib/python3.6/site-packages/airflow/example_dags/example_latest_only_with_trigger.py
[2021-06-21 19:10:22,191] {scheduler_job.py:633} INFO - Processing file /home/airflow/.local/lib/python3.6/site-packages/airflow/example_dags/example_latest_only_with_trigger.py for tasks to queue
[2021-06-21 19:10:22,192] {logging_mixin.py:104} INFO - [2021-06-21 19:10:22,192] {dagbag.py:487} INFO - Filling up the DagBag from /home/airflow/.local/lib/python3.6/site-packages/airflow/example_dags/example_latest_only_with_trigger.py
[2021-06-21 19:10:22,210] {scheduler_job.py:643} INFO - DAG(s) dict_keys(['latest_only_with_trigger']) retrieved from /home/airflow/.local/lib/python3.6/site-packages/airflow/example_dags/example_latest_only_with_trigger.py
[2021-06-21 19:10:22,236] {logging_mixin.py:104} INFO - [2021-06-21 19:10:22,236] {dag.py:1832} INFO - Sync 1 DAGs
[2021-06-21 19:10:22,256] {logging_mixin.py:104} INFO - [2021-06-21 19:10:22,256] {dag.py:2305} INFO - Setting next_dagrun for latest_only_with_trigger to 2021-06-19 00:00:00+00:00
[2021-06-21 19:10:22,443] {scheduler_job.py:190} INFO - Processing /home/airflow/.local/lib/python3.6/site-packages/airflow/example_dags/example_latest_only_with_trigger.py took 0.257 seconds
[2021-06-21 19:10:53,392] {scheduler_job.py:182} INFO - Started process (PID=1629) to work on /home/airflow/.local/lib/python3.6/site-packages/airflow/example_dags/example_latest_only_with_trigger.py
[2021-06-21 19:10:53,394] {scheduler_job.py:633} INFO - Processing file /home/airflow/.local/lib/python3.6/site-packages/airflow/example_dags/example_latest_only_with_trigger.py for tasks to queue
[2021-06-21 19:10:53,395] {logging_mixin.py:104} INFO - [2021-06-21 19:10:53,395] {dagbag.py:487} INFO - Filling up the DagBag from /home/airflow/.local/lib/python3.6/site-packages/airflow/example_dags/example_latest_only_with_trigger.py
[2021-06-21 19:10:53,411] {scheduler_job.py:643} INFO - DAG(s) dict_keys(['latest_only_with_trigger']) retrieved from /home/airflow/.local/lib/python3.6/site-packages/airflow/example_dags/example_latest_only_with_trigger.py
[2021-06-21 19:10:53,464] {logging_mixin.py:104} INFO - [2021-06-21 19:10:53,464] {dag.py:1832} INFO - Sync 1 DAGs
[2021-06-21 19:10:53,509] {logging_mixin.py:104} INFO - [2021-06-21 19:10:53,509] {dag.py:2305} INFO - Setting next_dagrun for latest_only_with_trigger to 2021-06-19 00:00:00+00:00
[2021-06-21 19:10:53,540] {scheduler_job.py:190} INFO - Processing /home/airflow/.local/lib/python3.6/site-packages/airflow/example_dags/example_latest_only_with_trigger.py took 0.153 seconds
[2021-06-21 19:11:23,720] {scheduler_job.py:182} INFO - Started process (PID=1700) to work on /home/airflow/.local/lib/python3.6/site-packages/airflow/example_dags/example_latest_only_with_trigger.py
[2021-06-21 19:11:23,721] {scheduler_job.py:633} INFO - Processing file /home/airflow/.local/lib/python3.6/site-packages/airflow/example_dags/example_latest_only_with_trigger.py for tasks to queue
[2021-06-21 19:11:23,722] {logging_mixin.py:104} INFO - [2021-06-21 19:11:23,721] {dagbag.py:487} INFO - Filling up the DagBag from /home/airflow/.local/lib/python3.6/site-packages/airflow/example_dags/example_latest_only_with_trigger.py
[2021-06-21 19:11:23,734] {scheduler_job.py:643} INFO - DAG(s) dict_keys(['latest_only_with_trigger']) retrieved from /home/airflow/.local/lib/python3.6/site-packages/airflow/example_dags/example_latest_only_with_trigger.py
[2021-06-21 19:11:23,759] {logging_mixin.py:104} INFO - [2021-06-21 19:11:23,759] {dag.py:1832} INFO - Sync 1 DAGs
[2021-06-21 19:11:23,779] {logging_mixin.py:104} INFO - [2021-06-21 19:11:23,779] {dag.py:2305} INFO - Setting next_dagrun for latest_only_with_trigger to 2021-06-19 00:00:00+00:00
[2021-06-21 19:11:23,819] {scheduler_job.py:190} INFO - Processing /home/airflow/.local/lib/python3.6/site-packages/airflow/example_dags/example_latest_only_with_trigger.py took 0.102 seconds
[2021-06-21 19:11:53,861] {scheduler_job.py:182} INFO - Started process (PID=1765) to work on /home/airflow/.local/lib/python3.6/site-packages/airflow/example_dags/example_latest_only_with_trigger.py
[2021-06-21 19:11:53,863] {scheduler_job.py:633} INFO - Processing file /home/airflow/.local/lib/python3.6/site-packages/airflow/example_dags/example_latest_only_with_trigger.py for tasks to queue
[2021-06-21 19:11:53,864] {logging_mixin.py:104} INFO - [2021-06-21 19:11:53,864] {dagbag.py:487} INFO - Filling up the DagBag from /home/airflow/.local/lib/python3.6/site-packages/airflow/example_dags/example_latest_only_with_trigger.py
[2021-06-21 19:11:53,876] {scheduler_job.py:643} INFO - DAG(s) dict_keys(['latest_only_with_trigger']) retrieved from /home/airflow/.local/lib/python3.6/site-packages/airflow/example_dags/example_latest_only_with_trigger.py
[2021-06-21 19:11:53,897] {logging_mixin.py:104} INFO - [2021-06-21 19:11:53,897] {dag.py:1832} INFO - Sync 1 DAGs
[2021-06-21 19:11:53,912] {logging_mixin.py:104} INFO - [2021-06-21 19:11:53,912] {dag.py:2305} INFO - Setting next_dagrun for latest_only_with_trigger to 2021-06-19 00:00:00+00:00
[2021-06-21 19:11:53,920] {scheduler_job.py:190} INFO - Processing /home/airflow/.local/lib/python3.6/site-packages/airflow/example_dags/example_latest_only_with_trigger.py took 0.064 seconds
[2021-06-21 19:12:24,149] {scheduler_job.py:182} INFO - Started process (PID=1846) to work on /home/airflow/.local/lib/python3.6/site-packages/airflow/example_dags/example_latest_only_with_trigger.py
[2021-06-21 19:12:24,151] {scheduler_job.py:633} INFO - Processing file /home/airflow/.local/lib/python3.6/site-packages/airflow/example_dags/example_latest_only_with_trigger.py for tasks to queue
[2021-06-21 19:12:24,152] {logging_mixin.py:104} INFO - [2021-06-21 19:12:24,151] {dagbag.py:487} INFO - Filling up the DagBag from /home/airflow/.local/lib/python3.6/site-packages/airflow/example_dags/example_latest_only_with_trigger.py
[2021-06-21 19:12:24,170] {scheduler_job.py:643} INFO - DAG(s) dict_keys(['latest_only_with_trigger']) retrieved from /home/airflow/.local/lib/python3.6/site-packages/airflow/example_dags/example_latest_only_with_trigger.py
[2021-06-21 19:12:24,206] {logging_mixin.py:104} INFO - [2021-06-21 19:12:24,206] {dag.py:1832} INFO - Sync 1 DAGs
[2021-06-21 19:12:24,231] {logging_mixin.py:104} INFO - [2021-06-21 19:12:24,231] {dag.py:2305} INFO - Setting next_dagrun for latest_only_with_trigger to 2021-06-19 00:00:00+00:00
[2021-06-21 19:12:24,242] {scheduler_job.py:190} INFO - Processing /home/airflow/.local/lib/python3.6/site-packages/airflow/example_dags/example_latest_only_with_trigger.py took 0.098 seconds
[2021-06-21 19:12:54,281] {scheduler_job.py:182} INFO - Started process (PID=1911) to work on /home/airflow/.local/lib/python3.6/site-packages/airflow/example_dags/example_latest_only_with_trigger.py
[2021-06-21 19:12:54,282] {scheduler_job.py:633} INFO - Processing file /home/airflow/.local/lib/python3.6/site-packages/airflow/example_dags/example_latest_only_with_trigger.py for tasks to queue
[2021-06-21 19:12:54,283] {logging_mixin.py:104} INFO - [2021-06-21 19:12:54,283] {dagbag.py:487} INFO - Filling up the DagBag from /home/airflow/.local/lib/python3.6/site-packages/airflow/example_dags/example_latest_only_with_trigger.py
[2021-06-21 19:12:54,299] {scheduler_job.py:643} INFO - DAG(s) dict_keys(['latest_only_with_trigger']) retrieved from /home/airflow/.local/lib/python3.6/site-packages/airflow/example_dags/example_latest_only_with_trigger.py
[2021-06-21 19:12:54,343] {logging_mixin.py:104} INFO - [2021-06-21 19:12:54,343] {dag.py:1832} INFO - Sync 1 DAGs
[2021-06-21 19:12:54,364] {logging_mixin.py:104} INFO - [2021-06-21 19:12:54,363] {dag.py:2305} INFO - Setting next_dagrun for latest_only_with_trigger to 2021-06-19 00:00:00+00:00
[2021-06-21 19:12:54,380] {scheduler_job.py:190} INFO - Processing /home/airflow/.local/lib/python3.6/site-packages/airflow/example_dags/example_latest_only_with_trigger.py took 0.106 seconds
[2021-06-21 19:13:24,483] {scheduler_job.py:182} INFO - Started process (PID=1995) to work on /home/airflow/.local/lib/python3.6/site-packages/airflow/example_dags/example_latest_only_with_trigger.py
[2021-06-21 19:13:24,484] {scheduler_job.py:633} INFO - Processing file /home/airflow/.local/lib/python3.6/site-packages/airflow/example_dags/example_latest_only_with_trigger.py for tasks to queue
[2021-06-21 19:13:24,485] {logging_mixin.py:104} INFO - [2021-06-21 19:13:24,485] {dagbag.py:487} INFO - Filling up the DagBag from /home/airflow/.local/lib/python3.6/site-packages/airflow/example_dags/example_latest_only_with_trigger.py
[2021-06-21 19:13:24,496] {scheduler_job.py:643} INFO - DAG(s) dict_keys(['latest_only_with_trigger']) retrieved from /home/airflow/.local/lib/python3.6/site-packages/airflow/example_dags/example_latest_only_with_trigger.py
[2021-06-21 19:13:24,514] {logging_mixin.py:104} INFO - [2021-06-21 19:13:24,514] {dag.py:1832} INFO - Sync 1 DAGs
[2021-06-21 19:13:24,527] {logging_mixin.py:104} INFO - [2021-06-21 19:13:24,527] {dag.py:2305} INFO - Setting next_dagrun for latest_only_with_trigger to 2021-06-19 00:00:00+00:00
[2021-06-21 19:13:24,535] {scheduler_job.py:190} INFO - Processing /home/airflow/.local/lib/python3.6/site-packages/airflow/example_dags/example_latest_only_with_trigger.py took 0.054 seconds
[2021-06-21 19:13:54,959] {scheduler_job.py:182} INFO - Started process (PID=2060) to work on /home/airflow/.local/lib/python3.6/site-packages/airflow/example_dags/example_latest_only_with_trigger.py
[2021-06-21 19:13:54,961] {scheduler_job.py:633} INFO - Processing file /home/airflow/.local/lib/python3.6/site-packages/airflow/example_dags/example_latest_only_with_trigger.py for tasks to queue
[2021-06-21 19:13:54,962] {logging_mixin.py:104} INFO - [2021-06-21 19:13:54,962] {dagbag.py:487} INFO - Filling up the DagBag from /home/airflow/.local/lib/python3.6/site-packages/airflow/example_dags/example_latest_only_with_trigger.py
[2021-06-21 19:13:54,976] {scheduler_job.py:643} INFO - DAG(s) dict_keys(['latest_only_with_trigger']) retrieved from /home/airflow/.local/lib/python3.6/site-packages/airflow/example_dags/example_latest_only_with_trigger.py
[2021-06-21 19:13:54,994] {logging_mixin.py:104} INFO - [2021-06-21 19:13:54,994] {dag.py:1832} INFO - Sync 1 DAGs
[2021-06-21 19:13:55,006] {logging_mixin.py:104} INFO - [2021-06-21 19:13:55,006] {dag.py:2305} INFO - Setting next_dagrun for latest_only_with_trigger to 2021-06-19 00:00:00+00:00
[2021-06-21 19:13:55,014] {scheduler_job.py:190} INFO - Processing /home/airflow/.local/lib/python3.6/site-packages/airflow/example_dags/example_latest_only_with_trigger.py took 0.063 seconds
[2021-06-21 19:14:25,145] {scheduler_job.py:182} INFO - Started process (PID=2142) to work on /home/airflow/.local/lib/python3.6/site-packages/airflow/example_dags/example_latest_only_with_trigger.py
[2021-06-21 19:14:25,146] {scheduler_job.py:633} INFO - Processing file /home/airflow/.local/lib/python3.6/site-packages/airflow/example_dags/example_latest_only_with_trigger.py for tasks to queue
[2021-06-21 19:14:25,146] {logging_mixin.py:104} INFO - [2021-06-21 19:14:25,146] {dagbag.py:487} INFO - Filling up the DagBag from /home/airflow/.local/lib/python3.6/site-packages/airflow/example_dags/example_latest_only_with_trigger.py
[2021-06-21 19:14:25,159] {scheduler_job.py:643} INFO - DAG(s) dict_keys(['latest_only_with_trigger']) retrieved from /home/airflow/.local/lib/python3.6/site-packages/airflow/example_dags/example_latest_only_with_trigger.py
[2021-06-21 19:14:25,181] {logging_mixin.py:104} INFO - [2021-06-21 19:14:25,181] {dag.py:1832} INFO - Sync 1 DAGs
[2021-06-21 19:14:25,203] {logging_mixin.py:104} INFO - [2021-06-21 19:14:25,203] {dag.py:2305} INFO - Setting next_dagrun for latest_only_with_trigger to 2021-06-19 00:00:00+00:00
[2021-06-21 19:14:25,226] {scheduler_job.py:190} INFO - Processing /home/airflow/.local/lib/python3.6/site-packages/airflow/example_dags/example_latest_only_with_trigger.py took 0.085 seconds
[2021-06-21 19:14:55,710] {scheduler_job.py:182} INFO - Started process (PID=2206) to work on /home/airflow/.local/lib/python3.6/site-packages/airflow/example_dags/example_latest_only_with_trigger.py
[2021-06-21 19:14:55,712] {scheduler_job.py:633} INFO - Processing file /home/airflow/.local/lib/python3.6/site-packages/airflow/example_dags/example_latest_only_with_trigger.py for tasks to queue
[2021-06-21 19:14:55,713] {logging_mixin.py:104} INFO - [2021-06-21 19:14:55,712] {dagbag.py:487} INFO - Filling up the DagBag from /home/airflow/.local/lib/python3.6/site-packages/airflow/example_dags/example_latest_only_with_trigger.py
[2021-06-21 19:14:55,731] {scheduler_job.py:643} INFO - DAG(s) dict_keys(['latest_only_with_trigger']) retrieved from /home/airflow/.local/lib/python3.6/site-packages/airflow/example_dags/example_latest_only_with_trigger.py
[2021-06-21 19:14:55,749] {logging_mixin.py:104} INFO - [2021-06-21 19:14:55,749] {dag.py:1832} INFO - Sync 1 DAGs
[2021-06-21 19:14:55,762] {logging_mixin.py:104} INFO - [2021-06-21 19:14:55,762] {dag.py:2305} INFO - Setting next_dagrun for latest_only_with_trigger to 2021-06-19 00:00:00+00:00
[2021-06-21 19:14:55,771] {scheduler_job.py:190} INFO - Processing /home/airflow/.local/lib/python3.6/site-packages/airflow/example_dags/example_latest_only_with_trigger.py took 0.067 seconds
[2021-06-21 19:15:26,539] {scheduler_job.py:182} INFO - Started process (PID=2296) to work on /home/airflow/.local/lib/python3.6/site-packages/airflow/example_dags/example_latest_only_with_trigger.py
[2021-06-21 19:15:26,541] {scheduler_job.py:633} INFO - Processing file /home/airflow/.local/lib/python3.6/site-packages/airflow/example_dags/example_latest_only_with_trigger.py for tasks to queue
[2021-06-21 19:15:26,542] {logging_mixin.py:104} INFO - [2021-06-21 19:15:26,542] {dagbag.py:487} INFO - Filling up the DagBag from /home/airflow/.local/lib/python3.6/site-packages/airflow/example_dags/example_latest_only_with_trigger.py
[2021-06-21 19:15:26,559] {scheduler_job.py:643} INFO - DAG(s) dict_keys(['latest_only_with_trigger']) retrieved from /home/airflow/.local/lib/python3.6/site-packages/airflow/example_dags/example_latest_only_with_trigger.py
[2021-06-21 19:15:26,594] {logging_mixin.py:104} INFO - [2021-06-21 19:15:26,594] {dag.py:1832} INFO - Sync 1 DAGs
[2021-06-21 19:15:26,609] {logging_mixin.py:104} INFO - [2021-06-21 19:15:26,609] {dag.py:2305} INFO - Setting next_dagrun for latest_only_with_trigger to 2021-06-19 00:00:00+00:00
[2021-06-21 19:15:26,619] {scheduler_job.py:190} INFO - Processing /home/airflow/.local/lib/python3.6/site-packages/airflow/example_dags/example_latest_only_with_trigger.py took 0.085 seconds
[2021-06-21 19:15:57,406] {scheduler_job.py:182} INFO - Started process (PID=2361) to work on /home/airflow/.local/lib/python3.6/site-packages/airflow/example_dags/example_latest_only_with_trigger.py
[2021-06-21 19:15:57,407] {scheduler_job.py:633} INFO - Processing file /home/airflow/.local/lib/python3.6/site-packages/airflow/example_dags/example_latest_only_with_trigger.py for tasks to queue
[2021-06-21 19:15:57,407] {logging_mixin.py:104} INFO - [2021-06-21 19:15:57,407] {dagbag.py:487} INFO - Filling up the DagBag from /home/airflow/.local/lib/python3.6/site-packages/airflow/example_dags/example_latest_only_with_trigger.py
[2021-06-21 19:15:57,416] {scheduler_job.py:643} INFO - DAG(s) dict_keys(['latest_only_with_trigger']) retrieved from /home/airflow/.local/lib/python3.6/site-packages/airflow/example_dags/example_latest_only_with_trigger.py
[2021-06-21 19:15:57,433] {logging_mixin.py:104} INFO - [2021-06-21 19:15:57,433] {dag.py:1832} INFO - Sync 1 DAGs
[2021-06-21 19:15:57,448] {logging_mixin.py:104} INFO - [2021-06-21 19:15:57,448] {dag.py:2305} INFO - Setting next_dagrun for latest_only_with_trigger to 2021-06-19 00:00:00+00:00
[2021-06-21 19:15:57,456] {scheduler_job.py:190} INFO - Processing /home/airflow/.local/lib/python3.6/site-packages/airflow/example_dags/example_latest_only_with_trigger.py took 0.053 seconds
[2021-06-21 19:16:28,254] {scheduler_job.py:182} INFO - Started process (PID=2442) to work on /home/airflow/.local/lib/python3.6/site-packages/airflow/example_dags/example_latest_only_with_trigger.py
[2021-06-21 19:16:28,255] {scheduler_job.py:633} INFO - Processing file /home/airflow/.local/lib/python3.6/site-packages/airflow/example_dags/example_latest_only_with_trigger.py for tasks to queue
[2021-06-21 19:16:28,255] {logging_mixin.py:104} INFO - [2021-06-21 19:16:28,255] {dagbag.py:487} INFO - Filling up the DagBag from /home/airflow/.local/lib/python3.6/site-packages/airflow/example_dags/example_latest_only_with_trigger.py
[2021-06-21 19:16:28,266] {scheduler_job.py:643} INFO - DAG(s) dict_keys(['latest_only_with_trigger']) retrieved from /home/airflow/.local/lib/python3.6/site-packages/airflow/example_dags/example_latest_only_with_trigger.py
[2021-06-21 19:16:28,284] {logging_mixin.py:104} INFO - [2021-06-21 19:16:28,284] {dag.py:1832} INFO - Sync 1 DAGs
[2021-06-21 19:16:28,297] {logging_mixin.py:104} INFO - [2021-06-21 19:16:28,297] {dag.py:2305} INFO - Setting next_dagrun for latest_only_with_trigger to 2021-06-19 00:00:00+00:00
[2021-06-21 19:16:28,347] {scheduler_job.py:190} INFO - Processing /home/airflow/.local/lib/python3.6/site-packages/airflow/example_dags/example_latest_only_with_trigger.py took 0.095 seconds
[2021-06-21 19:16:58,496] {scheduler_job.py:182} INFO - Started process (PID=2507) to work on /home/airflow/.local/lib/python3.6/site-packages/airflow/example_dags/example_latest_only_with_trigger.py
[2021-06-21 19:16:58,497] {scheduler_job.py:633} INFO - Processing file /home/airflow/.local/lib/python3.6/site-packages/airflow/example_dags/example_latest_only_with_trigger.py for tasks to queue
[2021-06-21 19:16:58,497] {logging_mixin.py:104} INFO - [2021-06-21 19:16:58,497] {dagbag.py:487} INFO - Filling up the DagBag from /home/airflow/.local/lib/python3.6/site-packages/airflow/example_dags/example_latest_only_with_trigger.py
[2021-06-21 19:16:58,507] {scheduler_job.py:643} INFO - DAG(s) dict_keys(['latest_only_with_trigger']) retrieved from /home/airflow/.local/lib/python3.6/site-packages/airflow/example_dags/example_latest_only_with_trigger.py
[2021-06-21 19:16:58,523] {logging_mixin.py:104} INFO - [2021-06-21 19:16:58,523] {dag.py:1832} INFO - Sync 1 DAGs
[2021-06-21 19:16:58,535] {logging_mixin.py:104} INFO - [2021-06-21 19:16:58,535] {dag.py:2305} INFO - Setting next_dagrun for latest_only_with_trigger to 2021-06-19 00:00:00+00:00
[2021-06-21 19:16:58,592] {scheduler_job.py:190} INFO - Processing /home/airflow/.local/lib/python3.6/site-packages/airflow/example_dags/example_latest_only_with_trigger.py took 0.099 seconds
[2021-06-21 19:17:28,853] {scheduler_job.py:182} INFO - Started process (PID=2587) to work on /home/airflow/.local/lib/python3.6/site-packages/airflow/example_dags/example_latest_only_with_trigger.py
[2021-06-21 19:17:28,854] {scheduler_job.py:633} INFO - Processing file /home/airflow/.local/lib/python3.6/site-packages/airflow/example_dags/example_latest_only_with_trigger.py for tasks to queue
[2021-06-21 19:17:28,854] {logging_mixin.py:104} INFO - [2021-06-21 19:17:28,854] {dagbag.py:487} INFO - Filling up the DagBag from /home/airflow/.local/lib/python3.6/site-packages/airflow/example_dags/example_latest_only_with_trigger.py
[2021-06-21 19:17:28,863] {scheduler_job.py:643} INFO - DAG(s) dict_keys(['latest_only_with_trigger']) retrieved from /home/airflow/.local/lib/python3.6/site-packages/airflow/example_dags/example_latest_only_with_trigger.py
[2021-06-21 19:17:28,878] {logging_mixin.py:104} INFO - [2021-06-21 19:17:28,878] {dag.py:1832} INFO - Sync 1 DAGs
[2021-06-21 19:17:28,890] {logging_mixin.py:104} INFO - [2021-06-21 19:17:28,890] {dag.py:2305} INFO - Setting next_dagrun for latest_only_with_trigger to 2021-06-19 00:00:00+00:00
[2021-06-21 19:17:28,915] {scheduler_job.py:190} INFO - Processing /home/airflow/.local/lib/python3.6/site-packages/airflow/example_dags/example_latest_only_with_trigger.py took 0.065 seconds
[2021-06-21 19:17:59,112] {scheduler_job.py:182} INFO - Started process (PID=2652) to work on /home/airflow/.local/lib/python3.6/site-packages/airflow/example_dags/example_latest_only_with_trigger.py
[2021-06-21 19:17:59,115] {scheduler_job.py:633} INFO - Processing file /home/airflow/.local/lib/python3.6/site-packages/airflow/example_dags/example_latest_only_with_trigger.py for tasks to queue
[2021-06-21 19:17:59,117] {logging_mixin.py:104} INFO - [2021-06-21 19:17:59,117] {dagbag.py:487} INFO - Filling up the DagBag from /home/airflow/.local/lib/python3.6/site-packages/airflow/example_dags/example_latest_only_with_trigger.py
[2021-06-21 19:17:59,157] {scheduler_job.py:643} INFO - DAG(s) dict_keys(['latest_only_with_trigger']) retrieved from /home/airflow/.local/lib/python3.6/site-packages/airflow/example_dags/example_latest_only_with_trigger.py
[2021-06-21 19:17:59,227] {logging_mixin.py:104} INFO - [2021-06-21 19:17:59,227] {dag.py:1832} INFO - Sync 1 DAGs
[2021-06-21 19:17:59,285] {logging_mixin.py:104} INFO - [2021-06-21 19:17:59,284] {dag.py:2305} INFO - Setting next_dagrun for latest_only_with_trigger to 2021-06-19 00:00:00+00:00
[2021-06-21 19:17:59,350] {scheduler_job.py:190} INFO - Processing /home/airflow/.local/lib/python3.6/site-packages/airflow/example_dags/example_latest_only_with_trigger.py took 0.249 seconds
[2021-06-21 19:18:29,778] {scheduler_job.py:182} INFO - Started process (PID=2736) to work on /home/airflow/.local/lib/python3.6/site-packages/airflow/example_dags/example_latest_only_with_trigger.py
[2021-06-21 19:18:29,779] {scheduler_job.py:633} INFO - Processing file /home/airflow/.local/lib/python3.6/site-packages/airflow/example_dags/example_latest_only_with_trigger.py for tasks to queue
[2021-06-21 19:18:29,780] {logging_mixin.py:104} INFO - [2021-06-21 19:18:29,780] {dagbag.py:487} INFO - Filling up the DagBag from /home/airflow/.local/lib/python3.6/site-packages/airflow/example_dags/example_latest_only_with_trigger.py
[2021-06-21 19:18:29,792] {scheduler_job.py:643} INFO - DAG(s) dict_keys(['latest_only_with_trigger']) retrieved from /home/airflow/.local/lib/python3.6/site-packages/airflow/example_dags/example_latest_only_with_trigger.py
[2021-06-21 19:18:29,815] {logging_mixin.py:104} INFO - [2021-06-21 19:18:29,814] {dag.py:1832} INFO - Sync 1 DAGs
[2021-06-21 19:18:29,829] {logging_mixin.py:104} INFO - [2021-06-21 19:18:29,829] {dag.py:2305} INFO - Setting next_dagrun for latest_only_with_trigger to 2021-06-19 00:00:00+00:00
[2021-06-21 19:18:29,836] {scheduler_job.py:190} INFO - Processing /home/airflow/.local/lib/python3.6/site-packages/airflow/example_dags/example_latest_only_with_trigger.py took 0.061 seconds
[2021-06-21 19:19:00,623] {scheduler_job.py:182} INFO - Started process (PID=2800) to work on /home/airflow/.local/lib/python3.6/site-packages/airflow/example_dags/example_latest_only_with_trigger.py
[2021-06-21 19:19:00,625] {scheduler_job.py:633} INFO - Processing file /home/airflow/.local/lib/python3.6/site-packages/airflow/example_dags/example_latest_only_with_trigger.py for tasks to queue
[2021-06-21 19:19:00,626] {logging_mixin.py:104} INFO - [2021-06-21 19:19:00,625] {dagbag.py:487} INFO - Filling up the DagBag from /home/airflow/.local/lib/python3.6/site-packages/airflow/example_dags/example_latest_only_with_trigger.py
[2021-06-21 19:19:00,641] {scheduler_job.py:643} INFO - DAG(s) dict_keys(['latest_only_with_trigger']) retrieved from /home/airflow/.local/lib/python3.6/site-packages/airflow/example_dags/example_latest_only_with_trigger.py
[2021-06-21 19:19:00,660] {logging_mixin.py:104} INFO - [2021-06-21 19:19:00,660] {dag.py:1832} INFO - Sync 1 DAGs
[2021-06-21 19:19:00,685] {logging_mixin.py:104} INFO - [2021-06-21 19:19:00,684] {dag.py:2305} INFO - Setting next_dagrun for latest_only_with_trigger to 2021-06-19 00:00:00+00:00
[2021-06-21 19:19:00,694] {scheduler_job.py:190} INFO - Processing /home/airflow/.local/lib/python3.6/site-packages/airflow/example_dags/example_latest_only_with_trigger.py took 0.080 seconds
[2021-06-21 19:19:31,283] {scheduler_job.py:182} INFO - Started process (PID=2884) to work on /home/airflow/.local/lib/python3.6/site-packages/airflow/example_dags/example_latest_only_with_trigger.py
[2021-06-21 19:19:31,285] {scheduler_job.py:633} INFO - Processing file /home/airflow/.local/lib/python3.6/site-packages/airflow/example_dags/example_latest_only_with_trigger.py for tasks to queue
[2021-06-21 19:19:31,285] {logging_mixin.py:104} INFO - [2021-06-21 19:19:31,285] {dagbag.py:487} INFO - Filling up the DagBag from /home/airflow/.local/lib/python3.6/site-packages/airflow/example_dags/example_latest_only_with_trigger.py
[2021-06-21 19:19:31,299] {scheduler_job.py:643} INFO - DAG(s) dict_keys(['latest_only_with_trigger']) retrieved from /home/airflow/.local/lib/python3.6/site-packages/airflow/example_dags/example_latest_only_with_trigger.py
[2021-06-21 19:19:31,322] {logging_mixin.py:104} INFO - [2021-06-21 19:19:31,322] {dag.py:1832} INFO - Sync 1 DAGs
[2021-06-21 19:19:31,339] {logging_mixin.py:104} INFO - [2021-06-21 19:19:31,339] {dag.py:2305} INFO - Setting next_dagrun for latest_only_with_trigger to 2021-06-19 00:00:00+00:00
[2021-06-21 19:19:31,349] {scheduler_job.py:190} INFO - Processing /home/airflow/.local/lib/python3.6/site-packages/airflow/example_dags/example_latest_only_with_trigger.py took 0.070 seconds
[2021-06-21 19:20:02,125] {scheduler_job.py:182} INFO - Started process (PID=2957) to work on /home/airflow/.local/lib/python3.6/site-packages/airflow/example_dags/example_latest_only_with_trigger.py
[2021-06-21 19:20:02,125] {scheduler_job.py:633} INFO - Processing file /home/airflow/.local/lib/python3.6/site-packages/airflow/example_dags/example_latest_only_with_trigger.py for tasks to queue
[2021-06-21 19:20:02,126] {logging_mixin.py:104} INFO - [2021-06-21 19:20:02,126] {dagbag.py:487} INFO - Filling up the DagBag from /home/airflow/.local/lib/python3.6/site-packages/airflow/example_dags/example_latest_only_with_trigger.py
[2021-06-21 19:20:02,137] {scheduler_job.py:643} INFO - DAG(s) dict_keys(['latest_only_with_trigger']) retrieved from /home/airflow/.local/lib/python3.6/site-packages/airflow/example_dags/example_latest_only_with_trigger.py
[2021-06-21 19:20:02,155] {logging_mixin.py:104} INFO - [2021-06-21 19:20:02,155] {dag.py:1832} INFO - Sync 1 DAGs
[2021-06-21 19:20:02,173] {logging_mixin.py:104} INFO - [2021-06-21 19:20:02,172] {dag.py:2305} INFO - Setting next_dagrun for latest_only_with_trigger to 2021-06-19 00:00:00+00:00
[2021-06-21 19:20:02,183] {scheduler_job.py:190} INFO - Processing /home/airflow/.local/lib/python3.6/site-packages/airflow/example_dags/example_latest_only_with_trigger.py took 0.060 seconds
[2021-06-21 19:20:32,725] {scheduler_job.py:182} INFO - Started process (PID=3030) to work on /home/airflow/.local/lib/python3.6/site-packages/airflow/example_dags/example_latest_only_with_trigger.py
[2021-06-21 19:20:32,726] {scheduler_job.py:633} INFO - Processing file /home/airflow/.local/lib/python3.6/site-packages/airflow/example_dags/example_latest_only_with_trigger.py for tasks to queue
[2021-06-21 19:20:32,726] {logging_mixin.py:104} INFO - [2021-06-21 19:20:32,726] {dagbag.py:487} INFO - Filling up the DagBag from /home/airflow/.local/lib/python3.6/site-packages/airflow/example_dags/example_latest_only_with_trigger.py
[2021-06-21 19:20:32,737] {scheduler_job.py:643} INFO - DAG(s) dict_keys(['latest_only_with_trigger']) retrieved from /home/airflow/.local/lib/python3.6/site-packages/airflow/example_dags/example_latest_only_with_trigger.py
[2021-06-21 19:20:32,756] {logging_mixin.py:104} INFO - [2021-06-21 19:20:32,756] {dag.py:1832} INFO - Sync 1 DAGs
[2021-06-21 19:20:32,770] {logging_mixin.py:104} INFO - [2021-06-21 19:20:32,770] {dag.py:2305} INFO - Setting next_dagrun for latest_only_with_trigger to 2021-06-19 00:00:00+00:00
[2021-06-21 19:20:32,779] {scheduler_job.py:190} INFO - Processing /home/airflow/.local/lib/python3.6/site-packages/airflow/example_dags/example_latest_only_with_trigger.py took 0.056 seconds
[2021-06-21 19:21:03,447] {scheduler_job.py:182} INFO - Started process (PID=3110) to work on /home/airflow/.local/lib/python3.6/site-packages/airflow/example_dags/example_latest_only_with_trigger.py
[2021-06-21 19:21:03,449] {scheduler_job.py:633} INFO - Processing file /home/airflow/.local/lib/python3.6/site-packages/airflow/example_dags/example_latest_only_with_trigger.py for tasks to queue
[2021-06-21 19:21:03,450] {logging_mixin.py:104} INFO - [2021-06-21 19:21:03,450] {dagbag.py:487} INFO - Filling up the DagBag from /home/airflow/.local/lib/python3.6/site-packages/airflow/example_dags/example_latest_only_with_trigger.py
[2021-06-21 19:21:03,464] {scheduler_job.py:643} INFO - DAG(s) dict_keys(['latest_only_with_trigger']) retrieved from /home/airflow/.local/lib/python3.6/site-packages/airflow/example_dags/example_latest_only_with_trigger.py
[2021-06-21 19:21:03,484] {logging_mixin.py:104} INFO - [2021-06-21 19:21:03,484] {dag.py:1832} INFO - Sync 1 DAGs
[2021-06-21 19:21:03,495] {logging_mixin.py:104} INFO - [2021-06-21 19:21:03,495] {dag.py:2305} INFO - Setting next_dagrun for latest_only_with_trigger to 2021-06-19 00:00:00+00:00
[2021-06-21 19:21:03,502] {scheduler_job.py:190} INFO - Processing /home/airflow/.local/lib/python3.6/site-packages/airflow/example_dags/example_latest_only_with_trigger.py took 0.060 seconds
[2021-06-21 19:21:34,004] {scheduler_job.py:182} INFO - Started process (PID=3177) to work on /home/airflow/.local/lib/python3.6/site-packages/airflow/example_dags/example_latest_only_with_trigger.py
[2021-06-21 19:21:34,005] {scheduler_job.py:633} INFO - Processing file /home/airflow/.local/lib/python3.6/site-packages/airflow/example_dags/example_latest_only_with_trigger.py for tasks to queue
[2021-06-21 19:21:34,006] {logging_mixin.py:104} INFO - [2021-06-21 19:21:34,006] {dagbag.py:487} INFO - Filling up the DagBag from /home/airflow/.local/lib/python3.6/site-packages/airflow/example_dags/example_latest_only_with_trigger.py
[2021-06-21 19:21:34,019] {scheduler_job.py:643} INFO - DAG(s) dict_keys(['latest_only_with_trigger']) retrieved from /home/airflow/.local/lib/python3.6/site-packages/airflow/example_dags/example_latest_only_with_trigger.py
[2021-06-21 19:21:34,050] {logging_mixin.py:104} INFO - [2021-06-21 19:21:34,050] {dag.py:1832} INFO - Sync 1 DAGs
[2021-06-21 19:21:34,069] {logging_mixin.py:104} INFO - [2021-06-21 19:21:34,069] {dag.py:2305} INFO - Setting next_dagrun for latest_only_with_trigger to 2021-06-19 00:00:00+00:00
[2021-06-21 19:21:34,085] {scheduler_job.py:190} INFO - Processing /home/airflow/.local/lib/python3.6/site-packages/airflow/example_dags/example_latest_only_with_trigger.py took 0.084 seconds
[2021-06-21 19:22:04,627] {scheduler_job.py:182} INFO - Started process (PID=3257) to work on /home/airflow/.local/lib/python3.6/site-packages/airflow/example_dags/example_latest_only_with_trigger.py
[2021-06-21 19:22:04,629] {scheduler_job.py:633} INFO - Processing file /home/airflow/.local/lib/python3.6/site-packages/airflow/example_dags/example_latest_only_with_trigger.py for tasks to queue
[2021-06-21 19:22:04,630] {logging_mixin.py:104} INFO - [2021-06-21 19:22:04,630] {dagbag.py:487} INFO - Filling up the DagBag from /home/airflow/.local/lib/python3.6/site-packages/airflow/example_dags/example_latest_only_with_trigger.py
[2021-06-21 19:22:04,644] {scheduler_job.py:643} INFO - DAG(s) dict_keys(['latest_only_with_trigger']) retrieved from /home/airflow/.local/lib/python3.6/site-packages/airflow/example_dags/example_latest_only_with_trigger.py
[2021-06-21 19:22:04,671] {logging_mixin.py:104} INFO - [2021-06-21 19:22:04,671] {dag.py:1832} INFO - Sync 1 DAGs
[2021-06-21 19:22:04,689] {logging_mixin.py:104} INFO - [2021-06-21 19:22:04,689] {dag.py:2305} INFO - Setting next_dagrun for latest_only_with_trigger to 2021-06-19 00:00:00+00:00
[2021-06-21 19:22:04,699] {scheduler_job.py:190} INFO - Processing /home/airflow/.local/lib/python3.6/site-packages/airflow/example_dags/example_latest_only_with_trigger.py took 0.075 seconds
[2021-06-21 19:22:35,482] {scheduler_job.py:182} INFO - Started process (PID=3324) to work on /home/airflow/.local/lib/python3.6/site-packages/airflow/example_dags/example_latest_only_with_trigger.py
[2021-06-21 19:22:35,484] {scheduler_job.py:633} INFO - Processing file /home/airflow/.local/lib/python3.6/site-packages/airflow/example_dags/example_latest_only_with_trigger.py for tasks to queue
[2021-06-21 19:22:35,486] {logging_mixin.py:104} INFO - [2021-06-21 19:22:35,486] {dagbag.py:487} INFO - Filling up the DagBag from /home/airflow/.local/lib/python3.6/site-packages/airflow/example_dags/example_latest_only_with_trigger.py
[2021-06-21 19:22:35,502] {scheduler_job.py:643} INFO - DAG(s) dict_keys(['latest_only_with_trigger']) retrieved from /home/airflow/.local/lib/python3.6/site-packages/airflow/example_dags/example_latest_only_with_trigger.py
[2021-06-21 19:22:35,520] {logging_mixin.py:104} INFO - [2021-06-21 19:22:35,520] {dag.py:1832} INFO - Sync 1 DAGs
[2021-06-21 19:22:35,533] {logging_mixin.py:104} INFO - [2021-06-21 19:22:35,533] {dag.py:2305} INFO - Setting next_dagrun for latest_only_with_trigger to 2021-06-19 00:00:00+00:00
[2021-06-21 19:22:35,575] {scheduler_job.py:190} INFO - Processing /home/airflow/.local/lib/python3.6/site-packages/airflow/example_dags/example_latest_only_with_trigger.py took 0.102 seconds
[2021-06-21 19:23:05,638] {scheduler_job.py:182} INFO - Started process (PID=3404) to work on /home/airflow/.local/lib/python3.6/site-packages/airflow/example_dags/example_latest_only_with_trigger.py
[2021-06-21 19:23:05,639] {scheduler_job.py:633} INFO - Processing file /home/airflow/.local/lib/python3.6/site-packages/airflow/example_dags/example_latest_only_with_trigger.py for tasks to queue
[2021-06-21 19:23:05,640] {logging_mixin.py:104} INFO - [2021-06-21 19:23:05,640] {dagbag.py:487} INFO - Filling up the DagBag from /home/airflow/.local/lib/python3.6/site-packages/airflow/example_dags/example_latest_only_with_trigger.py
[2021-06-21 19:23:05,654] {scheduler_job.py:643} INFO - DAG(s) dict_keys(['latest_only_with_trigger']) retrieved from /home/airflow/.local/lib/python3.6/site-packages/airflow/example_dags/example_latest_only_with_trigger.py
[2021-06-21 19:23:05,679] {logging_mixin.py:104} INFO - [2021-06-21 19:23:05,679] {dag.py:1832} INFO - Sync 1 DAGs
[2021-06-21 19:23:05,700] {logging_mixin.py:104} INFO - [2021-06-21 19:23:05,700] {dag.py:2305} INFO - Setting next_dagrun for latest_only_with_trigger to 2021-06-19 00:00:00+00:00
[2021-06-21 19:23:05,760] {scheduler_job.py:190} INFO - Processing /home/airflow/.local/lib/python3.6/site-packages/airflow/example_dags/example_latest_only_with_trigger.py took 0.125 seconds
[2021-06-21 19:23:36,067] {scheduler_job.py:182} INFO - Started process (PID=3469) to work on /home/airflow/.local/lib/python3.6/site-packages/airflow/example_dags/example_latest_only_with_trigger.py
[2021-06-21 19:23:36,070] {scheduler_job.py:633} INFO - Processing file /home/airflow/.local/lib/python3.6/site-packages/airflow/example_dags/example_latest_only_with_trigger.py for tasks to queue
[2021-06-21 19:23:36,071] {logging_mixin.py:104} INFO - [2021-06-21 19:23:36,071] {dagbag.py:487} INFO - Filling up the DagBag from /home/airflow/.local/lib/python3.6/site-packages/airflow/example_dags/example_latest_only_with_trigger.py
[2021-06-21 19:23:36,109] {scheduler_job.py:643} INFO - DAG(s) dict_keys(['latest_only_with_trigger']) retrieved from /home/airflow/.local/lib/python3.6/site-packages/airflow/example_dags/example_latest_only_with_trigger.py
[2021-06-21 19:23:36,178] {logging_mixin.py:104} INFO - [2021-06-21 19:23:36,178] {dag.py:1832} INFO - Sync 1 DAGs
[2021-06-21 19:23:36,230] {logging_mixin.py:104} INFO - [2021-06-21 19:23:36,230] {dag.py:2305} INFO - Setting next_dagrun for latest_only_with_trigger to 2021-06-19 00:00:00+00:00
[2021-06-21 19:23:36,283] {scheduler_job.py:190} INFO - Processing /home/airflow/.local/lib/python3.6/site-packages/airflow/example_dags/example_latest_only_with_trigger.py took 0.224 seconds
