[2021-06-21 19:00:04,710] {scheduler_job.py:182} INFO - Started process (PID=59) to work on /home/airflow/.local/lib/python3.6/site-packages/airflow/example_dags/example_xcom.py
[2021-06-21 19:00:04,711] {scheduler_job.py:633} INFO - Processing file /home/airflow/.local/lib/python3.6/site-packages/airflow/example_dags/example_xcom.py for tasks to queue
[2021-06-21 19:00:04,712] {logging_mixin.py:104} INFO - [2021-06-21 19:00:04,711] {dagbag.py:487} INFO - Filling up the DagBag from /home/airflow/.local/lib/python3.6/site-packages/airflow/example_dags/example_xcom.py
[2021-06-21 19:00:04,724] {scheduler_job.py:643} INFO - DAG(s) dict_keys(['example_xcom']) retrieved from /home/airflow/.local/lib/python3.6/site-packages/airflow/example_dags/example_xcom.py
[2021-06-21 19:00:07,449] {logging_mixin.py:104} INFO - [2021-06-21 19:00:07,447] {dag.py:1832} INFO - Sync 1 DAGs
[2021-06-21 19:00:07,463] {logging_mixin.py:104} INFO - [2021-06-21 19:00:07,461] {dag.py:1851} INFO - Creating ORM DAG for example_xcom
[2021-06-21 19:00:07,470] {logging_mixin.py:104} INFO - [2021-06-21 19:00:07,470] {dag.py:2305} INFO - Setting next_dagrun for example_xcom to 2021-06-19 00:00:00+00:00
[2021-06-21 19:00:07,483] {scheduler_job.py:190} INFO - Processing /home/airflow/.local/lib/python3.6/site-packages/airflow/example_dags/example_xcom.py took 2.775 seconds
[2021-06-21 19:00:42,842] {scheduler_job.py:182} INFO - Started process (PID=165) to work on /home/airflow/.local/lib/python3.6/site-packages/airflow/example_dags/example_xcom.py
[2021-06-21 19:00:42,843] {scheduler_job.py:633} INFO - Processing file /home/airflow/.local/lib/python3.6/site-packages/airflow/example_dags/example_xcom.py for tasks to queue
[2021-06-21 19:00:42,844] {logging_mixin.py:104} INFO - [2021-06-21 19:00:42,844] {dagbag.py:487} INFO - Filling up the DagBag from /home/airflow/.local/lib/python3.6/site-packages/airflow/example_dags/example_xcom.py
[2021-06-21 19:00:42,855] {scheduler_job.py:643} INFO - DAG(s) dict_keys(['example_xcom']) retrieved from /home/airflow/.local/lib/python3.6/site-packages/airflow/example_dags/example_xcom.py
[2021-06-21 19:00:42,872] {logging_mixin.py:104} INFO - [2021-06-21 19:00:42,872] {dag.py:1832} INFO - Sync 1 DAGs
[2021-06-21 19:00:42,887] {logging_mixin.py:104} INFO - [2021-06-21 19:00:42,887] {dag.py:2305} INFO - Setting next_dagrun for example_xcom to 2021-06-19 00:00:00+00:00
[2021-06-21 19:00:42,895] {scheduler_job.py:190} INFO - Processing /home/airflow/.local/lib/python3.6/site-packages/airflow/example_dags/example_xcom.py took 0.055 seconds
[2021-06-21 19:01:13,680] {scheduler_job.py:182} INFO - Started process (PID=228) to work on /home/airflow/.local/lib/python3.6/site-packages/airflow/example_dags/example_xcom.py
[2021-06-21 19:01:13,681] {scheduler_job.py:633} INFO - Processing file /home/airflow/.local/lib/python3.6/site-packages/airflow/example_dags/example_xcom.py for tasks to queue
[2021-06-21 19:01:13,682] {logging_mixin.py:104} INFO - [2021-06-21 19:01:13,681] {dagbag.py:487} INFO - Filling up the DagBag from /home/airflow/.local/lib/python3.6/site-packages/airflow/example_dags/example_xcom.py
[2021-06-21 19:01:13,690] {scheduler_job.py:643} INFO - DAG(s) dict_keys(['example_xcom']) retrieved from /home/airflow/.local/lib/python3.6/site-packages/airflow/example_dags/example_xcom.py
[2021-06-21 19:01:13,704] {logging_mixin.py:104} INFO - [2021-06-21 19:01:13,704] {dag.py:1832} INFO - Sync 1 DAGs
[2021-06-21 19:01:13,715] {logging_mixin.py:104} INFO - [2021-06-21 19:01:13,715] {dag.py:2305} INFO - Setting next_dagrun for example_xcom to 2021-06-19 00:00:00+00:00
[2021-06-21 19:01:13,722] {scheduler_job.py:190} INFO - Processing /home/airflow/.local/lib/python3.6/site-packages/airflow/example_dags/example_xcom.py took 0.044 seconds
[2021-06-21 19:01:44,725] {scheduler_job.py:182} INFO - Started process (PID=308) to work on /home/airflow/.local/lib/python3.6/site-packages/airflow/example_dags/example_xcom.py
[2021-06-21 19:01:44,726] {scheduler_job.py:633} INFO - Processing file /home/airflow/.local/lib/python3.6/site-packages/airflow/example_dags/example_xcom.py for tasks to queue
[2021-06-21 19:01:44,726] {logging_mixin.py:104} INFO - [2021-06-21 19:01:44,726] {dagbag.py:487} INFO - Filling up the DagBag from /home/airflow/.local/lib/python3.6/site-packages/airflow/example_dags/example_xcom.py
[2021-06-21 19:01:44,737] {scheduler_job.py:643} INFO - DAG(s) dict_keys(['example_xcom']) retrieved from /home/airflow/.local/lib/python3.6/site-packages/airflow/example_dags/example_xcom.py
[2021-06-21 19:01:44,755] {logging_mixin.py:104} INFO - [2021-06-21 19:01:44,755] {dag.py:1832} INFO - Sync 1 DAGs
[2021-06-21 19:01:44,770] {logging_mixin.py:104} INFO - [2021-06-21 19:01:44,770] {dag.py:2305} INFO - Setting next_dagrun for example_xcom to 2021-06-19 00:00:00+00:00
[2021-06-21 19:01:44,778] {scheduler_job.py:190} INFO - Processing /home/airflow/.local/lib/python3.6/site-packages/airflow/example_dags/example_xcom.py took 0.056 seconds
[2021-06-21 19:02:14,938] {scheduler_job.py:182} INFO - Started process (PID=371) to work on /home/airflow/.local/lib/python3.6/site-packages/airflow/example_dags/example_xcom.py
[2021-06-21 19:02:14,938] {scheduler_job.py:633} INFO - Processing file /home/airflow/.local/lib/python3.6/site-packages/airflow/example_dags/example_xcom.py for tasks to queue
[2021-06-21 19:02:14,939] {logging_mixin.py:104} INFO - [2021-06-21 19:02:14,939] {dagbag.py:487} INFO - Filling up the DagBag from /home/airflow/.local/lib/python3.6/site-packages/airflow/example_dags/example_xcom.py
[2021-06-21 19:02:14,948] {scheduler_job.py:643} INFO - DAG(s) dict_keys(['example_xcom']) retrieved from /home/airflow/.local/lib/python3.6/site-packages/airflow/example_dags/example_xcom.py
[2021-06-21 19:02:14,967] {logging_mixin.py:104} INFO - [2021-06-21 19:02:14,967] {dag.py:1832} INFO - Sync 1 DAGs
[2021-06-21 19:02:14,983] {logging_mixin.py:104} INFO - [2021-06-21 19:02:14,982] {dag.py:2305} INFO - Setting next_dagrun for example_xcom to 2021-06-19 00:00:00+00:00
[2021-06-21 19:02:15,006] {scheduler_job.py:190} INFO - Processing /home/airflow/.local/lib/python3.6/site-packages/airflow/example_dags/example_xcom.py took 0.071 seconds
[2021-06-21 19:02:45,265] {scheduler_job.py:182} INFO - Started process (PID=452) to work on /home/airflow/.local/lib/python3.6/site-packages/airflow/example_dags/example_xcom.py
[2021-06-21 19:02:45,266] {scheduler_job.py:633} INFO - Processing file /home/airflow/.local/lib/python3.6/site-packages/airflow/example_dags/example_xcom.py for tasks to queue
[2021-06-21 19:02:45,267] {logging_mixin.py:104} INFO - [2021-06-21 19:02:45,267] {dagbag.py:487} INFO - Filling up the DagBag from /home/airflow/.local/lib/python3.6/site-packages/airflow/example_dags/example_xcom.py
[2021-06-21 19:02:45,283] {scheduler_job.py:643} INFO - DAG(s) dict_keys(['example_xcom']) retrieved from /home/airflow/.local/lib/python3.6/site-packages/airflow/example_dags/example_xcom.py
[2021-06-21 19:02:45,341] {logging_mixin.py:104} INFO - [2021-06-21 19:02:45,341] {dag.py:1832} INFO - Sync 1 DAGs
[2021-06-21 19:02:45,362] {logging_mixin.py:104} INFO - [2021-06-21 19:02:45,362] {dag.py:2305} INFO - Setting next_dagrun for example_xcom to 2021-06-19 00:00:00+00:00
[2021-06-21 19:02:45,450] {scheduler_job.py:190} INFO - Processing /home/airflow/.local/lib/python3.6/site-packages/airflow/example_dags/example_xcom.py took 0.190 seconds
[2021-06-21 19:03:15,523] {scheduler_job.py:182} INFO - Started process (PID=524) to work on /home/airflow/.local/lib/python3.6/site-packages/airflow/example_dags/example_xcom.py
[2021-06-21 19:03:15,524] {scheduler_job.py:633} INFO - Processing file /home/airflow/.local/lib/python3.6/site-packages/airflow/example_dags/example_xcom.py for tasks to queue
[2021-06-21 19:03:15,525] {logging_mixin.py:104} INFO - [2021-06-21 19:03:15,525] {dagbag.py:487} INFO - Filling up the DagBag from /home/airflow/.local/lib/python3.6/site-packages/airflow/example_dags/example_xcom.py
[2021-06-21 19:03:15,538] {scheduler_job.py:643} INFO - DAG(s) dict_keys(['example_xcom']) retrieved from /home/airflow/.local/lib/python3.6/site-packages/airflow/example_dags/example_xcom.py
[2021-06-21 19:03:15,563] {logging_mixin.py:104} INFO - [2021-06-21 19:03:15,562] {dag.py:1832} INFO - Sync 1 DAGs
[2021-06-21 19:03:15,579] {logging_mixin.py:104} INFO - [2021-06-21 19:03:15,579] {dag.py:2305} INFO - Setting next_dagrun for example_xcom to 2021-06-19 00:00:00+00:00
[2021-06-21 19:03:15,612] {scheduler_job.py:190} INFO - Processing /home/airflow/.local/lib/python3.6/site-packages/airflow/example_dags/example_xcom.py took 0.093 seconds
[2021-06-21 19:03:45,670] {scheduler_job.py:182} INFO - Started process (PID=598) to work on /home/airflow/.local/lib/python3.6/site-packages/airflow/example_dags/example_xcom.py
[2021-06-21 19:03:45,671] {scheduler_job.py:633} INFO - Processing file /home/airflow/.local/lib/python3.6/site-packages/airflow/example_dags/example_xcom.py for tasks to queue
[2021-06-21 19:03:45,672] {logging_mixin.py:104} INFO - [2021-06-21 19:03:45,672] {dagbag.py:487} INFO - Filling up the DagBag from /home/airflow/.local/lib/python3.6/site-packages/airflow/example_dags/example_xcom.py
[2021-06-21 19:03:45,683] {scheduler_job.py:643} INFO - DAG(s) dict_keys(['example_xcom']) retrieved from /home/airflow/.local/lib/python3.6/site-packages/airflow/example_dags/example_xcom.py
[2021-06-21 19:03:45,701] {logging_mixin.py:104} INFO - [2021-06-21 19:03:45,701] {dag.py:1832} INFO - Sync 1 DAGs
[2021-06-21 19:03:45,714] {logging_mixin.py:104} INFO - [2021-06-21 19:03:45,714] {dag.py:2305} INFO - Setting next_dagrun for example_xcom to 2021-06-19 00:00:00+00:00
[2021-06-21 19:03:45,745] {scheduler_job.py:190} INFO - Processing /home/airflow/.local/lib/python3.6/site-packages/airflow/example_dags/example_xcom.py took 0.078 seconds
[2021-06-21 19:04:15,959] {scheduler_job.py:182} INFO - Started process (PID=670) to work on /home/airflow/.local/lib/python3.6/site-packages/airflow/example_dags/example_xcom.py
[2021-06-21 19:04:15,960] {scheduler_job.py:633} INFO - Processing file /home/airflow/.local/lib/python3.6/site-packages/airflow/example_dags/example_xcom.py for tasks to queue
[2021-06-21 19:04:15,961] {logging_mixin.py:104} INFO - [2021-06-21 19:04:15,960] {dagbag.py:487} INFO - Filling up the DagBag from /home/airflow/.local/lib/python3.6/site-packages/airflow/example_dags/example_xcom.py
[2021-06-21 19:04:15,970] {scheduler_job.py:643} INFO - DAG(s) dict_keys(['example_xcom']) retrieved from /home/airflow/.local/lib/python3.6/site-packages/airflow/example_dags/example_xcom.py
[2021-06-21 19:04:15,985] {logging_mixin.py:104} INFO - [2021-06-21 19:04:15,985] {dag.py:1832} INFO - Sync 1 DAGs
[2021-06-21 19:04:15,998] {logging_mixin.py:104} INFO - [2021-06-21 19:04:15,998] {dag.py:2305} INFO - Setting next_dagrun for example_xcom to 2021-06-19 00:00:00+00:00
[2021-06-21 19:04:16,006] {scheduler_job.py:190} INFO - Processing /home/airflow/.local/lib/python3.6/site-packages/airflow/example_dags/example_xcom.py took 0.050 seconds
[2021-06-21 19:04:47,048] {scheduler_job.py:182} INFO - Started process (PID=742) to work on /home/airflow/.local/lib/python3.6/site-packages/airflow/example_dags/example_xcom.py
[2021-06-21 19:04:47,049] {scheduler_job.py:633} INFO - Processing file /home/airflow/.local/lib/python3.6/site-packages/airflow/example_dags/example_xcom.py for tasks to queue
[2021-06-21 19:04:47,050] {logging_mixin.py:104} INFO - [2021-06-21 19:04:47,049] {dagbag.py:487} INFO - Filling up the DagBag from /home/airflow/.local/lib/python3.6/site-packages/airflow/example_dags/example_xcom.py
[2021-06-21 19:04:47,058] {scheduler_job.py:643} INFO - DAG(s) dict_keys(['example_xcom']) retrieved from /home/airflow/.local/lib/python3.6/site-packages/airflow/example_dags/example_xcom.py
[2021-06-21 19:04:47,072] {logging_mixin.py:104} INFO - [2021-06-21 19:04:47,072] {dag.py:1832} INFO - Sync 1 DAGs
[2021-06-21 19:04:47,083] {logging_mixin.py:104} INFO - [2021-06-21 19:04:47,083] {dag.py:2305} INFO - Setting next_dagrun for example_xcom to 2021-06-19 00:00:00+00:00
[2021-06-21 19:04:47,089] {scheduler_job.py:190} INFO - Processing /home/airflow/.local/lib/python3.6/site-packages/airflow/example_dags/example_xcom.py took 0.043 seconds
[2021-06-21 19:05:17,989] {scheduler_job.py:182} INFO - Started process (PID=823) to work on /home/airflow/.local/lib/python3.6/site-packages/airflow/example_dags/example_xcom.py
[2021-06-21 19:05:17,990] {scheduler_job.py:633} INFO - Processing file /home/airflow/.local/lib/python3.6/site-packages/airflow/example_dags/example_xcom.py for tasks to queue
[2021-06-21 19:05:17,991] {logging_mixin.py:104} INFO - [2021-06-21 19:05:17,991] {dagbag.py:487} INFO - Filling up the DagBag from /home/airflow/.local/lib/python3.6/site-packages/airflow/example_dags/example_xcom.py
[2021-06-21 19:05:18,006] {scheduler_job.py:643} INFO - DAG(s) dict_keys(['example_xcom']) retrieved from /home/airflow/.local/lib/python3.6/site-packages/airflow/example_dags/example_xcom.py
[2021-06-21 19:05:18,028] {logging_mixin.py:104} INFO - [2021-06-21 19:05:18,028] {dag.py:1832} INFO - Sync 1 DAGs
[2021-06-21 19:05:18,043] {logging_mixin.py:104} INFO - [2021-06-21 19:05:18,043] {dag.py:2305} INFO - Setting next_dagrun for example_xcom to 2021-06-19 00:00:00+00:00
[2021-06-21 19:05:18,051] {scheduler_job.py:190} INFO - Processing /home/airflow/.local/lib/python3.6/site-packages/airflow/example_dags/example_xcom.py took 0.065 seconds
[2021-06-21 19:05:48,642] {scheduler_job.py:182} INFO - Started process (PID=887) to work on /home/airflow/.local/lib/python3.6/site-packages/airflow/example_dags/example_xcom.py
[2021-06-21 19:05:48,642] {scheduler_job.py:633} INFO - Processing file /home/airflow/.local/lib/python3.6/site-packages/airflow/example_dags/example_xcom.py for tasks to queue
[2021-06-21 19:05:48,643] {logging_mixin.py:104} INFO - [2021-06-21 19:05:48,643] {dagbag.py:487} INFO - Filling up the DagBag from /home/airflow/.local/lib/python3.6/site-packages/airflow/example_dags/example_xcom.py
[2021-06-21 19:05:48,653] {scheduler_job.py:643} INFO - DAG(s) dict_keys(['example_xcom']) retrieved from /home/airflow/.local/lib/python3.6/site-packages/airflow/example_dags/example_xcom.py
[2021-06-21 19:05:48,670] {logging_mixin.py:104} INFO - [2021-06-21 19:05:48,670] {dag.py:1832} INFO - Sync 1 DAGs
[2021-06-21 19:05:48,684] {logging_mixin.py:104} INFO - [2021-06-21 19:05:48,684] {dag.py:2305} INFO - Setting next_dagrun for example_xcom to 2021-06-19 00:00:00+00:00
[2021-06-21 19:05:48,692] {scheduler_job.py:190} INFO - Processing /home/airflow/.local/lib/python3.6/site-packages/airflow/example_dags/example_xcom.py took 0.053 seconds
[2021-06-21 19:06:18,710] {scheduler_job.py:182} INFO - Started process (PID=967) to work on /home/airflow/.local/lib/python3.6/site-packages/airflow/example_dags/example_xcom.py
[2021-06-21 19:06:18,710] {scheduler_job.py:633} INFO - Processing file /home/airflow/.local/lib/python3.6/site-packages/airflow/example_dags/example_xcom.py for tasks to queue
[2021-06-21 19:06:18,711] {logging_mixin.py:104} INFO - [2021-06-21 19:06:18,711] {dagbag.py:487} INFO - Filling up the DagBag from /home/airflow/.local/lib/python3.6/site-packages/airflow/example_dags/example_xcom.py
[2021-06-21 19:06:18,720] {scheduler_job.py:643} INFO - DAG(s) dict_keys(['example_xcom']) retrieved from /home/airflow/.local/lib/python3.6/site-packages/airflow/example_dags/example_xcom.py
[2021-06-21 19:06:18,736] {logging_mixin.py:104} INFO - [2021-06-21 19:06:18,736] {dag.py:1832} INFO - Sync 1 DAGs
[2021-06-21 19:06:18,749] {logging_mixin.py:104} INFO - [2021-06-21 19:06:18,749] {dag.py:2305} INFO - Setting next_dagrun for example_xcom to 2021-06-19 00:00:00+00:00
[2021-06-21 19:06:18,756] {scheduler_job.py:190} INFO - Processing /home/airflow/.local/lib/python3.6/site-packages/airflow/example_dags/example_xcom.py took 0.049 seconds
[2021-06-21 19:06:49,081] {scheduler_job.py:182} INFO - Started process (PID=1031) to work on /home/airflow/.local/lib/python3.6/site-packages/airflow/example_dags/example_xcom.py
[2021-06-21 19:06:49,083] {scheduler_job.py:633} INFO - Processing file /home/airflow/.local/lib/python3.6/site-packages/airflow/example_dags/example_xcom.py for tasks to queue
[2021-06-21 19:06:49,084] {logging_mixin.py:104} INFO - [2021-06-21 19:06:49,084] {dagbag.py:487} INFO - Filling up the DagBag from /home/airflow/.local/lib/python3.6/site-packages/airflow/example_dags/example_xcom.py
[2021-06-21 19:06:49,096] {scheduler_job.py:643} INFO - DAG(s) dict_keys(['example_xcom']) retrieved from /home/airflow/.local/lib/python3.6/site-packages/airflow/example_dags/example_xcom.py
[2021-06-21 19:06:49,113] {logging_mixin.py:104} INFO - [2021-06-21 19:06:49,113] {dag.py:1832} INFO - Sync 1 DAGs
[2021-06-21 19:06:49,126] {logging_mixin.py:104} INFO - [2021-06-21 19:06:49,126] {dag.py:2305} INFO - Setting next_dagrun for example_xcom to 2021-06-19 00:00:00+00:00
[2021-06-21 19:06:49,134] {scheduler_job.py:190} INFO - Processing /home/airflow/.local/lib/python3.6/site-packages/airflow/example_dags/example_xcom.py took 0.058 seconds
[2021-06-21 19:07:19,318] {scheduler_job.py:182} INFO - Started process (PID=1111) to work on /home/airflow/.local/lib/python3.6/site-packages/airflow/example_dags/example_xcom.py
[2021-06-21 19:07:19,320] {scheduler_job.py:633} INFO - Processing file /home/airflow/.local/lib/python3.6/site-packages/airflow/example_dags/example_xcom.py for tasks to queue
[2021-06-21 19:07:19,322] {logging_mixin.py:104} INFO - [2021-06-21 19:07:19,322] {dagbag.py:487} INFO - Filling up the DagBag from /home/airflow/.local/lib/python3.6/site-packages/airflow/example_dags/example_xcom.py
[2021-06-21 19:07:19,339] {scheduler_job.py:643} INFO - DAG(s) dict_keys(['example_xcom']) retrieved from /home/airflow/.local/lib/python3.6/site-packages/airflow/example_dags/example_xcom.py
[2021-06-21 19:07:19,358] {logging_mixin.py:104} INFO - [2021-06-21 19:07:19,358] {dag.py:1832} INFO - Sync 1 DAGs
[2021-06-21 19:07:19,370] {logging_mixin.py:104} INFO - [2021-06-21 19:07:19,370] {dag.py:2305} INFO - Setting next_dagrun for example_xcom to 2021-06-19 00:00:00+00:00
[2021-06-21 19:07:19,377] {scheduler_job.py:190} INFO - Processing /home/airflow/.local/lib/python3.6/site-packages/airflow/example_dags/example_xcom.py took 0.068 seconds
[2021-06-21 19:07:49,619] {scheduler_job.py:182} INFO - Started process (PID=1182) to work on /home/airflow/.local/lib/python3.6/site-packages/airflow/example_dags/example_xcom.py
[2021-06-21 19:07:49,620] {scheduler_job.py:633} INFO - Processing file /home/airflow/.local/lib/python3.6/site-packages/airflow/example_dags/example_xcom.py for tasks to queue
[2021-06-21 19:07:49,621] {logging_mixin.py:104} INFO - [2021-06-21 19:07:49,620] {dagbag.py:487} INFO - Filling up the DagBag from /home/airflow/.local/lib/python3.6/site-packages/airflow/example_dags/example_xcom.py
[2021-06-21 19:07:49,629] {scheduler_job.py:643} INFO - DAG(s) dict_keys(['example_xcom']) retrieved from /home/airflow/.local/lib/python3.6/site-packages/airflow/example_dags/example_xcom.py
[2021-06-21 19:07:49,644] {logging_mixin.py:104} INFO - [2021-06-21 19:07:49,643] {dag.py:1832} INFO - Sync 1 DAGs
[2021-06-21 19:07:49,655] {logging_mixin.py:104} INFO - [2021-06-21 19:07:49,655] {dag.py:2305} INFO - Setting next_dagrun for example_xcom to 2021-06-19 00:00:00+00:00
[2021-06-21 19:07:49,663] {scheduler_job.py:190} INFO - Processing /home/airflow/.local/lib/python3.6/site-packages/airflow/example_dags/example_xcom.py took 0.046 seconds
[2021-06-21 19:08:20,067] {scheduler_job.py:182} INFO - Started process (PID=1256) to work on /home/airflow/.local/lib/python3.6/site-packages/airflow/example_dags/example_xcom.py
[2021-06-21 19:08:20,069] {scheduler_job.py:633} INFO - Processing file /home/airflow/.local/lib/python3.6/site-packages/airflow/example_dags/example_xcom.py for tasks to queue
[2021-06-21 19:08:20,070] {logging_mixin.py:104} INFO - [2021-06-21 19:08:20,070] {dagbag.py:487} INFO - Filling up the DagBag from /home/airflow/.local/lib/python3.6/site-packages/airflow/example_dags/example_xcom.py
[2021-06-21 19:08:20,085] {scheduler_job.py:643} INFO - DAG(s) dict_keys(['example_xcom']) retrieved from /home/airflow/.local/lib/python3.6/site-packages/airflow/example_dags/example_xcom.py
[2021-06-21 19:08:20,103] {logging_mixin.py:104} INFO - [2021-06-21 19:08:20,103] {dag.py:1832} INFO - Sync 1 DAGs
[2021-06-21 19:08:20,116] {logging_mixin.py:104} INFO - [2021-06-21 19:08:20,116] {dag.py:2305} INFO - Setting next_dagrun for example_xcom to 2021-06-19 00:00:00+00:00
[2021-06-21 19:08:20,123] {scheduler_job.py:190} INFO - Processing /home/airflow/.local/lib/python3.6/site-packages/airflow/example_dags/example_xcom.py took 0.061 seconds
[2021-06-21 19:08:50,651] {scheduler_job.py:182} INFO - Started process (PID=1340) to work on /home/airflow/.local/lib/python3.6/site-packages/airflow/example_dags/example_xcom.py
[2021-06-21 19:08:50,652] {scheduler_job.py:633} INFO - Processing file /home/airflow/.local/lib/python3.6/site-packages/airflow/example_dags/example_xcom.py for tasks to queue
[2021-06-21 19:08:50,653] {logging_mixin.py:104} INFO - [2021-06-21 19:08:50,652] {dagbag.py:487} INFO - Filling up the DagBag from /home/airflow/.local/lib/python3.6/site-packages/airflow/example_dags/example_xcom.py
[2021-06-21 19:08:50,663] {scheduler_job.py:643} INFO - DAG(s) dict_keys(['example_xcom']) retrieved from /home/airflow/.local/lib/python3.6/site-packages/airflow/example_dags/example_xcom.py
[2021-06-21 19:08:50,682] {logging_mixin.py:104} INFO - [2021-06-21 19:08:50,682] {dag.py:1832} INFO - Sync 1 DAGs
[2021-06-21 19:08:50,699] {logging_mixin.py:104} INFO - [2021-06-21 19:08:50,699] {dag.py:2305} INFO - Setting next_dagrun for example_xcom to 2021-06-19 00:00:00+00:00
[2021-06-21 19:08:50,708] {scheduler_job.py:190} INFO - Processing /home/airflow/.local/lib/python3.6/site-packages/airflow/example_dags/example_xcom.py took 0.061 seconds
[2021-06-21 19:09:21,013] {scheduler_job.py:182} INFO - Started process (PID=1405) to work on /home/airflow/.local/lib/python3.6/site-packages/airflow/example_dags/example_xcom.py
[2021-06-21 19:09:21,014] {scheduler_job.py:633} INFO - Processing file /home/airflow/.local/lib/python3.6/site-packages/airflow/example_dags/example_xcom.py for tasks to queue
[2021-06-21 19:09:21,014] {logging_mixin.py:104} INFO - [2021-06-21 19:09:21,014] {dagbag.py:487} INFO - Filling up the DagBag from /home/airflow/.local/lib/python3.6/site-packages/airflow/example_dags/example_xcom.py
[2021-06-21 19:09:21,025] {scheduler_job.py:643} INFO - DAG(s) dict_keys(['example_xcom']) retrieved from /home/airflow/.local/lib/python3.6/site-packages/airflow/example_dags/example_xcom.py
[2021-06-21 19:09:21,045] {logging_mixin.py:104} INFO - [2021-06-21 19:09:21,044] {dag.py:1832} INFO - Sync 1 DAGs
[2021-06-21 19:09:21,058] {logging_mixin.py:104} INFO - [2021-06-21 19:09:21,058] {dag.py:2305} INFO - Setting next_dagrun for example_xcom to 2021-06-19 00:00:00+00:00
[2021-06-21 19:09:21,068] {scheduler_job.py:190} INFO - Processing /home/airflow/.local/lib/python3.6/site-packages/airflow/example_dags/example_xcom.py took 0.058 seconds
[2021-06-21 19:09:51,539] {scheduler_job.py:182} INFO - Started process (PID=1479) to work on /home/airflow/.local/lib/python3.6/site-packages/airflow/example_dags/example_xcom.py
[2021-06-21 19:09:51,540] {scheduler_job.py:633} INFO - Processing file /home/airflow/.local/lib/python3.6/site-packages/airflow/example_dags/example_xcom.py for tasks to queue
[2021-06-21 19:09:51,541] {logging_mixin.py:104} INFO - [2021-06-21 19:09:51,540] {dagbag.py:487} INFO - Filling up the DagBag from /home/airflow/.local/lib/python3.6/site-packages/airflow/example_dags/example_xcom.py
[2021-06-21 19:09:51,550] {scheduler_job.py:643} INFO - DAG(s) dict_keys(['example_xcom']) retrieved from /home/airflow/.local/lib/python3.6/site-packages/airflow/example_dags/example_xcom.py
[2021-06-21 19:09:51,572] {logging_mixin.py:104} INFO - [2021-06-21 19:09:51,572] {dag.py:1832} INFO - Sync 1 DAGs
[2021-06-21 19:09:51,592] {logging_mixin.py:104} INFO - [2021-06-21 19:09:51,592] {dag.py:2305} INFO - Setting next_dagrun for example_xcom to 2021-06-19 00:00:00+00:00
[2021-06-21 19:09:51,651] {scheduler_job.py:190} INFO - Processing /home/airflow/.local/lib/python3.6/site-packages/airflow/example_dags/example_xcom.py took 0.115 seconds
[2021-06-21 19:10:21,849] {scheduler_job.py:182} INFO - Started process (PID=1550) to work on /home/airflow/.local/lib/python3.6/site-packages/airflow/example_dags/example_xcom.py
[2021-06-21 19:10:21,850] {scheduler_job.py:633} INFO - Processing file /home/airflow/.local/lib/python3.6/site-packages/airflow/example_dags/example_xcom.py for tasks to queue
[2021-06-21 19:10:21,851] {logging_mixin.py:104} INFO - [2021-06-21 19:10:21,851] {dagbag.py:487} INFO - Filling up the DagBag from /home/airflow/.local/lib/python3.6/site-packages/airflow/example_dags/example_xcom.py
[2021-06-21 19:10:21,866] {scheduler_job.py:643} INFO - DAG(s) dict_keys(['example_xcom']) retrieved from /home/airflow/.local/lib/python3.6/site-packages/airflow/example_dags/example_xcom.py
[2021-06-21 19:10:21,895] {logging_mixin.py:104} INFO - [2021-06-21 19:10:21,894] {dag.py:1832} INFO - Sync 1 DAGs
[2021-06-21 19:10:21,915] {logging_mixin.py:104} INFO - [2021-06-21 19:10:21,915] {dag.py:2305} INFO - Setting next_dagrun for example_xcom to 2021-06-19 00:00:00+00:00
[2021-06-21 19:10:21,950] {scheduler_job.py:190} INFO - Processing /home/airflow/.local/lib/python3.6/site-packages/airflow/example_dags/example_xcom.py took 0.105 seconds
[2021-06-21 19:10:52,191] {scheduler_job.py:182} INFO - Started process (PID=1616) to work on /home/airflow/.local/lib/python3.6/site-packages/airflow/example_dags/example_xcom.py
[2021-06-21 19:10:52,193] {scheduler_job.py:633} INFO - Processing file /home/airflow/.local/lib/python3.6/site-packages/airflow/example_dags/example_xcom.py for tasks to queue
[2021-06-21 19:10:52,194] {logging_mixin.py:104} INFO - [2021-06-21 19:10:52,193] {dagbag.py:487} INFO - Filling up the DagBag from /home/airflow/.local/lib/python3.6/site-packages/airflow/example_dags/example_xcom.py
[2021-06-21 19:10:52,206] {scheduler_job.py:643} INFO - DAG(s) dict_keys(['example_xcom']) retrieved from /home/airflow/.local/lib/python3.6/site-packages/airflow/example_dags/example_xcom.py
[2021-06-21 19:10:52,225] {logging_mixin.py:104} INFO - [2021-06-21 19:10:52,225] {dag.py:1832} INFO - Sync 1 DAGs
[2021-06-21 19:10:52,239] {logging_mixin.py:104} INFO - [2021-06-21 19:10:52,239] {dag.py:2305} INFO - Setting next_dagrun for example_xcom to 2021-06-19 00:00:00+00:00
[2021-06-21 19:10:52,269] {scheduler_job.py:190} INFO - Processing /home/airflow/.local/lib/python3.6/site-packages/airflow/example_dags/example_xcom.py took 0.083 seconds
[2021-06-21 19:11:22,510] {scheduler_job.py:182} INFO - Started process (PID=1696) to work on /home/airflow/.local/lib/python3.6/site-packages/airflow/example_dags/example_xcom.py
[2021-06-21 19:11:22,512] {scheduler_job.py:633} INFO - Processing file /home/airflow/.local/lib/python3.6/site-packages/airflow/example_dags/example_xcom.py for tasks to queue
[2021-06-21 19:11:22,513] {logging_mixin.py:104} INFO - [2021-06-21 19:11:22,513] {dagbag.py:487} INFO - Filling up the DagBag from /home/airflow/.local/lib/python3.6/site-packages/airflow/example_dags/example_xcom.py
[2021-06-21 19:11:22,527] {scheduler_job.py:643} INFO - DAG(s) dict_keys(['example_xcom']) retrieved from /home/airflow/.local/lib/python3.6/site-packages/airflow/example_dags/example_xcom.py
[2021-06-21 19:11:22,545] {logging_mixin.py:104} INFO - [2021-06-21 19:11:22,545] {dag.py:1832} INFO - Sync 1 DAGs
[2021-06-21 19:11:22,560] {logging_mixin.py:104} INFO - [2021-06-21 19:11:22,560] {dag.py:2305} INFO - Setting next_dagrun for example_xcom to 2021-06-19 00:00:00+00:00
[2021-06-21 19:11:22,590] {scheduler_job.py:190} INFO - Processing /home/airflow/.local/lib/python3.6/site-packages/airflow/example_dags/example_xcom.py took 0.087 seconds
[2021-06-21 19:11:52,634] {scheduler_job.py:182} INFO - Started process (PID=1760) to work on /home/airflow/.local/lib/python3.6/site-packages/airflow/example_dags/example_xcom.py
[2021-06-21 19:11:52,638] {scheduler_job.py:633} INFO - Processing file /home/airflow/.local/lib/python3.6/site-packages/airflow/example_dags/example_xcom.py for tasks to queue
[2021-06-21 19:11:52,640] {logging_mixin.py:104} INFO - [2021-06-21 19:11:52,639] {dagbag.py:487} INFO - Filling up the DagBag from /home/airflow/.local/lib/python3.6/site-packages/airflow/example_dags/example_xcom.py
[2021-06-21 19:11:52,656] {scheduler_job.py:643} INFO - DAG(s) dict_keys(['example_xcom']) retrieved from /home/airflow/.local/lib/python3.6/site-packages/airflow/example_dags/example_xcom.py
[2021-06-21 19:11:52,674] {logging_mixin.py:104} INFO - [2021-06-21 19:11:52,674] {dag.py:1832} INFO - Sync 1 DAGs
[2021-06-21 19:11:52,687] {logging_mixin.py:104} INFO - [2021-06-21 19:11:52,687] {dag.py:2305} INFO - Setting next_dagrun for example_xcom to 2021-06-19 00:00:00+00:00
[2021-06-21 19:11:52,695] {scheduler_job.py:190} INFO - Processing /home/airflow/.local/lib/python3.6/site-packages/airflow/example_dags/example_xcom.py took 0.072 seconds
[2021-06-21 19:12:22,928] {scheduler_job.py:182} INFO - Started process (PID=1842) to work on /home/airflow/.local/lib/python3.6/site-packages/airflow/example_dags/example_xcom.py
[2021-06-21 19:12:22,930] {scheduler_job.py:633} INFO - Processing file /home/airflow/.local/lib/python3.6/site-packages/airflow/example_dags/example_xcom.py for tasks to queue
[2021-06-21 19:12:22,931] {logging_mixin.py:104} INFO - [2021-06-21 19:12:22,931] {dagbag.py:487} INFO - Filling up the DagBag from /home/airflow/.local/lib/python3.6/site-packages/airflow/example_dags/example_xcom.py
[2021-06-21 19:12:22,956] {scheduler_job.py:643} INFO - DAG(s) dict_keys(['example_xcom']) retrieved from /home/airflow/.local/lib/python3.6/site-packages/airflow/example_dags/example_xcom.py
[2021-06-21 19:12:23,002] {logging_mixin.py:104} INFO - [2021-06-21 19:12:23,001] {dag.py:1832} INFO - Sync 1 DAGs
[2021-06-21 19:12:23,032] {logging_mixin.py:104} INFO - [2021-06-21 19:12:23,032] {dag.py:2305} INFO - Setting next_dagrun for example_xcom to 2021-06-19 00:00:00+00:00
[2021-06-21 19:12:23,045] {scheduler_job.py:190} INFO - Processing /home/airflow/.local/lib/python3.6/site-packages/airflow/example_dags/example_xcom.py took 0.124 seconds
[2021-06-21 19:12:53,092] {scheduler_job.py:182} INFO - Started process (PID=1907) to work on /home/airflow/.local/lib/python3.6/site-packages/airflow/example_dags/example_xcom.py
[2021-06-21 19:12:53,093] {scheduler_job.py:633} INFO - Processing file /home/airflow/.local/lib/python3.6/site-packages/airflow/example_dags/example_xcom.py for tasks to queue
[2021-06-21 19:12:53,094] {logging_mixin.py:104} INFO - [2021-06-21 19:12:53,094] {dagbag.py:487} INFO - Filling up the DagBag from /home/airflow/.local/lib/python3.6/site-packages/airflow/example_dags/example_xcom.py
[2021-06-21 19:12:53,111] {scheduler_job.py:643} INFO - DAG(s) dict_keys(['example_xcom']) retrieved from /home/airflow/.local/lib/python3.6/site-packages/airflow/example_dags/example_xcom.py
[2021-06-21 19:12:53,141] {logging_mixin.py:104} INFO - [2021-06-21 19:12:53,141] {dag.py:1832} INFO - Sync 1 DAGs
[2021-06-21 19:12:53,166] {logging_mixin.py:104} INFO - [2021-06-21 19:12:53,166] {dag.py:2305} INFO - Setting next_dagrun for example_xcom to 2021-06-19 00:00:00+00:00
[2021-06-21 19:12:53,178] {scheduler_job.py:190} INFO - Processing /home/airflow/.local/lib/python3.6/site-packages/airflow/example_dags/example_xcom.py took 0.091 seconds
[2021-06-21 19:13:23,204] {scheduler_job.py:182} INFO - Started process (PID=1991) to work on /home/airflow/.local/lib/python3.6/site-packages/airflow/example_dags/example_xcom.py
[2021-06-21 19:13:23,206] {scheduler_job.py:633} INFO - Processing file /home/airflow/.local/lib/python3.6/site-packages/airflow/example_dags/example_xcom.py for tasks to queue
[2021-06-21 19:13:23,207] {logging_mixin.py:104} INFO - [2021-06-21 19:13:23,206] {dagbag.py:487} INFO - Filling up the DagBag from /home/airflow/.local/lib/python3.6/site-packages/airflow/example_dags/example_xcom.py
[2021-06-21 19:13:23,220] {scheduler_job.py:643} INFO - DAG(s) dict_keys(['example_xcom']) retrieved from /home/airflow/.local/lib/python3.6/site-packages/airflow/example_dags/example_xcom.py
[2021-06-21 19:13:23,243] {logging_mixin.py:104} INFO - [2021-06-21 19:13:23,242] {dag.py:1832} INFO - Sync 1 DAGs
[2021-06-21 19:13:23,259] {logging_mixin.py:104} INFO - [2021-06-21 19:13:23,259] {dag.py:2305} INFO - Setting next_dagrun for example_xcom to 2021-06-19 00:00:00+00:00
[2021-06-21 19:13:23,270] {scheduler_job.py:190} INFO - Processing /home/airflow/.local/lib/python3.6/site-packages/airflow/example_dags/example_xcom.py took 0.069 seconds
[2021-06-21 19:13:53,761] {scheduler_job.py:182} INFO - Started process (PID=2056) to work on /home/airflow/.local/lib/python3.6/site-packages/airflow/example_dags/example_xcom.py
[2021-06-21 19:13:53,762] {scheduler_job.py:633} INFO - Processing file /home/airflow/.local/lib/python3.6/site-packages/airflow/example_dags/example_xcom.py for tasks to queue
[2021-06-21 19:13:53,762] {logging_mixin.py:104} INFO - [2021-06-21 19:13:53,762] {dagbag.py:487} INFO - Filling up the DagBag from /home/airflow/.local/lib/python3.6/site-packages/airflow/example_dags/example_xcom.py
[2021-06-21 19:13:53,775] {scheduler_job.py:643} INFO - DAG(s) dict_keys(['example_xcom']) retrieved from /home/airflow/.local/lib/python3.6/site-packages/airflow/example_dags/example_xcom.py
[2021-06-21 19:13:53,793] {logging_mixin.py:104} INFO - [2021-06-21 19:13:53,793] {dag.py:1832} INFO - Sync 1 DAGs
[2021-06-21 19:13:53,807] {logging_mixin.py:104} INFO - [2021-06-21 19:13:53,807] {dag.py:2305} INFO - Setting next_dagrun for example_xcom to 2021-06-19 00:00:00+00:00
[2021-06-21 19:13:53,825] {scheduler_job.py:190} INFO - Processing /home/airflow/.local/lib/python3.6/site-packages/airflow/example_dags/example_xcom.py took 0.067 seconds
[2021-06-21 19:14:23,957] {scheduler_job.py:182} INFO - Started process (PID=2131) to work on /home/airflow/.local/lib/python3.6/site-packages/airflow/example_dags/example_xcom.py
[2021-06-21 19:14:23,958] {scheduler_job.py:633} INFO - Processing file /home/airflow/.local/lib/python3.6/site-packages/airflow/example_dags/example_xcom.py for tasks to queue
[2021-06-21 19:14:23,959] {logging_mixin.py:104} INFO - [2021-06-21 19:14:23,959] {dagbag.py:487} INFO - Filling up the DagBag from /home/airflow/.local/lib/python3.6/site-packages/airflow/example_dags/example_xcom.py
[2021-06-21 19:14:23,975] {scheduler_job.py:643} INFO - DAG(s) dict_keys(['example_xcom']) retrieved from /home/airflow/.local/lib/python3.6/site-packages/airflow/example_dags/example_xcom.py
[2021-06-21 19:14:23,997] {logging_mixin.py:104} INFO - [2021-06-21 19:14:23,997] {dag.py:1832} INFO - Sync 1 DAGs
[2021-06-21 19:14:24,016] {logging_mixin.py:104} INFO - [2021-06-21 19:14:24,016] {dag.py:2305} INFO - Setting next_dagrun for example_xcom to 2021-06-19 00:00:00+00:00
[2021-06-21 19:14:24,027] {scheduler_job.py:190} INFO - Processing /home/airflow/.local/lib/python3.6/site-packages/airflow/example_dags/example_xcom.py took 0.074 seconds
[2021-06-21 19:14:54,537] {scheduler_job.py:182} INFO - Started process (PID=2202) to work on /home/airflow/.local/lib/python3.6/site-packages/airflow/example_dags/example_xcom.py
[2021-06-21 19:14:54,539] {scheduler_job.py:633} INFO - Processing file /home/airflow/.local/lib/python3.6/site-packages/airflow/example_dags/example_xcom.py for tasks to queue
[2021-06-21 19:14:54,540] {logging_mixin.py:104} INFO - [2021-06-21 19:14:54,540] {dagbag.py:487} INFO - Filling up the DagBag from /home/airflow/.local/lib/python3.6/site-packages/airflow/example_dags/example_xcom.py
[2021-06-21 19:14:54,555] {scheduler_job.py:643} INFO - DAG(s) dict_keys(['example_xcom']) retrieved from /home/airflow/.local/lib/python3.6/site-packages/airflow/example_dags/example_xcom.py
[2021-06-21 19:14:54,580] {logging_mixin.py:104} INFO - [2021-06-21 19:14:54,579] {dag.py:1832} INFO - Sync 1 DAGs
[2021-06-21 19:14:54,599] {logging_mixin.py:104} INFO - [2021-06-21 19:14:54,598] {dag.py:2305} INFO - Setting next_dagrun for example_xcom to 2021-06-19 00:00:00+00:00
[2021-06-21 19:14:54,609] {scheduler_job.py:190} INFO - Processing /home/airflow/.local/lib/python3.6/site-packages/airflow/example_dags/example_xcom.py took 0.078 seconds
[2021-06-21 19:15:25,369] {scheduler_job.py:182} INFO - Started process (PID=2292) to work on /home/airflow/.local/lib/python3.6/site-packages/airflow/example_dags/example_xcom.py
[2021-06-21 19:15:25,370] {scheduler_job.py:633} INFO - Processing file /home/airflow/.local/lib/python3.6/site-packages/airflow/example_dags/example_xcom.py for tasks to queue
[2021-06-21 19:15:25,370] {logging_mixin.py:104} INFO - [2021-06-21 19:15:25,370] {dagbag.py:487} INFO - Filling up the DagBag from /home/airflow/.local/lib/python3.6/site-packages/airflow/example_dags/example_xcom.py
[2021-06-21 19:15:25,382] {scheduler_job.py:643} INFO - DAG(s) dict_keys(['example_xcom']) retrieved from /home/airflow/.local/lib/python3.6/site-packages/airflow/example_dags/example_xcom.py
[2021-06-21 19:15:25,405] {logging_mixin.py:104} INFO - [2021-06-21 19:15:25,405] {dag.py:1832} INFO - Sync 1 DAGs
[2021-06-21 19:15:25,421] {logging_mixin.py:104} INFO - [2021-06-21 19:15:25,421] {dag.py:2305} INFO - Setting next_dagrun for example_xcom to 2021-06-19 00:00:00+00:00
[2021-06-21 19:15:25,431] {scheduler_job.py:190} INFO - Processing /home/airflow/.local/lib/python3.6/site-packages/airflow/example_dags/example_xcom.py took 0.065 seconds
[2021-06-21 19:15:56,260] {scheduler_job.py:182} INFO - Started process (PID=2357) to work on /home/airflow/.local/lib/python3.6/site-packages/airflow/example_dags/example_xcom.py
[2021-06-21 19:15:56,261] {scheduler_job.py:633} INFO - Processing file /home/airflow/.local/lib/python3.6/site-packages/airflow/example_dags/example_xcom.py for tasks to queue
[2021-06-21 19:15:56,261] {logging_mixin.py:104} INFO - [2021-06-21 19:15:56,261] {dagbag.py:487} INFO - Filling up the DagBag from /home/airflow/.local/lib/python3.6/site-packages/airflow/example_dags/example_xcom.py
[2021-06-21 19:15:56,273] {scheduler_job.py:643} INFO - DAG(s) dict_keys(['example_xcom']) retrieved from /home/airflow/.local/lib/python3.6/site-packages/airflow/example_dags/example_xcom.py
[2021-06-21 19:15:56,293] {logging_mixin.py:104} INFO - [2021-06-21 19:15:56,293] {dag.py:1832} INFO - Sync 1 DAGs
[2021-06-21 19:15:56,310] {logging_mixin.py:104} INFO - [2021-06-21 19:15:56,310] {dag.py:2305} INFO - Setting next_dagrun for example_xcom to 2021-06-19 00:00:00+00:00
[2021-06-21 19:15:56,320] {scheduler_job.py:190} INFO - Processing /home/airflow/.local/lib/python3.6/site-packages/airflow/example_dags/example_xcom.py took 0.063 seconds
[2021-06-21 19:16:27,081] {scheduler_job.py:182} INFO - Started process (PID=2438) to work on /home/airflow/.local/lib/python3.6/site-packages/airflow/example_dags/example_xcom.py
[2021-06-21 19:16:27,083] {scheduler_job.py:633} INFO - Processing file /home/airflow/.local/lib/python3.6/site-packages/airflow/example_dags/example_xcom.py for tasks to queue
[2021-06-21 19:16:27,084] {logging_mixin.py:104} INFO - [2021-06-21 19:16:27,084] {dagbag.py:487} INFO - Filling up the DagBag from /home/airflow/.local/lib/python3.6/site-packages/airflow/example_dags/example_xcom.py
[2021-06-21 19:16:27,096] {scheduler_job.py:643} INFO - DAG(s) dict_keys(['example_xcom']) retrieved from /home/airflow/.local/lib/python3.6/site-packages/airflow/example_dags/example_xcom.py
[2021-06-21 19:16:27,115] {logging_mixin.py:104} INFO - [2021-06-21 19:16:27,114] {dag.py:1832} INFO - Sync 1 DAGs
[2021-06-21 19:16:27,129] {logging_mixin.py:104} INFO - [2021-06-21 19:16:27,129] {dag.py:2305} INFO - Setting next_dagrun for example_xcom to 2021-06-19 00:00:00+00:00
[2021-06-21 19:16:27,158] {scheduler_job.py:190} INFO - Processing /home/airflow/.local/lib/python3.6/site-packages/airflow/example_dags/example_xcom.py took 0.081 seconds
[2021-06-21 19:16:57,270] {scheduler_job.py:182} INFO - Started process (PID=2503) to work on /home/airflow/.local/lib/python3.6/site-packages/airflow/example_dags/example_xcom.py
[2021-06-21 19:16:57,272] {scheduler_job.py:633} INFO - Processing file /home/airflow/.local/lib/python3.6/site-packages/airflow/example_dags/example_xcom.py for tasks to queue
[2021-06-21 19:16:57,273] {logging_mixin.py:104} INFO - [2021-06-21 19:16:57,272] {dagbag.py:487} INFO - Filling up the DagBag from /home/airflow/.local/lib/python3.6/site-packages/airflow/example_dags/example_xcom.py
[2021-06-21 19:16:57,287] {scheduler_job.py:643} INFO - DAG(s) dict_keys(['example_xcom']) retrieved from /home/airflow/.local/lib/python3.6/site-packages/airflow/example_dags/example_xcom.py
[2021-06-21 19:16:57,321] {logging_mixin.py:104} INFO - [2021-06-21 19:16:57,321] {dag.py:1832} INFO - Sync 1 DAGs
[2021-06-21 19:16:57,345] {logging_mixin.py:104} INFO - [2021-06-21 19:16:57,344] {dag.py:2305} INFO - Setting next_dagrun for example_xcom to 2021-06-19 00:00:00+00:00
[2021-06-21 19:16:57,379] {scheduler_job.py:190} INFO - Processing /home/airflow/.local/lib/python3.6/site-packages/airflow/example_dags/example_xcom.py took 0.112 seconds
[2021-06-21 19:17:27,500] {scheduler_job.py:182} INFO - Started process (PID=2583) to work on /home/airflow/.local/lib/python3.6/site-packages/airflow/example_dags/example_xcom.py
[2021-06-21 19:17:27,503] {scheduler_job.py:633} INFO - Processing file /home/airflow/.local/lib/python3.6/site-packages/airflow/example_dags/example_xcom.py for tasks to queue
[2021-06-21 19:17:27,505] {logging_mixin.py:104} INFO - [2021-06-21 19:17:27,504] {dagbag.py:487} INFO - Filling up the DagBag from /home/airflow/.local/lib/python3.6/site-packages/airflow/example_dags/example_xcom.py
[2021-06-21 19:17:27,536] {scheduler_job.py:643} INFO - DAG(s) dict_keys(['example_xcom']) retrieved from /home/airflow/.local/lib/python3.6/site-packages/airflow/example_dags/example_xcom.py
[2021-06-21 19:17:27,594] {logging_mixin.py:104} INFO - [2021-06-21 19:17:27,594] {dag.py:1832} INFO - Sync 1 DAGs
[2021-06-21 19:17:27,638] {logging_mixin.py:104} INFO - [2021-06-21 19:17:27,638] {dag.py:2305} INFO - Setting next_dagrun for example_xcom to 2021-06-19 00:00:00+00:00
[2021-06-21 19:17:27,680] {scheduler_job.py:190} INFO - Processing /home/airflow/.local/lib/python3.6/site-packages/airflow/example_dags/example_xcom.py took 0.188 seconds
[2021-06-21 19:17:57,910] {scheduler_job.py:182} INFO - Started process (PID=2648) to work on /home/airflow/.local/lib/python3.6/site-packages/airflow/example_dags/example_xcom.py
[2021-06-21 19:17:57,911] {scheduler_job.py:633} INFO - Processing file /home/airflow/.local/lib/python3.6/site-packages/airflow/example_dags/example_xcom.py for tasks to queue
[2021-06-21 19:17:57,912] {logging_mixin.py:104} INFO - [2021-06-21 19:17:57,912] {dagbag.py:487} INFO - Filling up the DagBag from /home/airflow/.local/lib/python3.6/site-packages/airflow/example_dags/example_xcom.py
[2021-06-21 19:17:57,924] {scheduler_job.py:643} INFO - DAG(s) dict_keys(['example_xcom']) retrieved from /home/airflow/.local/lib/python3.6/site-packages/airflow/example_dags/example_xcom.py
[2021-06-21 19:17:57,943] {logging_mixin.py:104} INFO - [2021-06-21 19:17:57,943] {dag.py:1832} INFO - Sync 1 DAGs
[2021-06-21 19:17:57,957] {logging_mixin.py:104} INFO - [2021-06-21 19:17:57,957] {dag.py:2305} INFO - Setting next_dagrun for example_xcom to 2021-06-19 00:00:00+00:00
[2021-06-21 19:17:57,984] {scheduler_job.py:190} INFO - Processing /home/airflow/.local/lib/python3.6/site-packages/airflow/example_dags/example_xcom.py took 0.079 seconds
[2021-06-21 19:18:28,639] {scheduler_job.py:182} INFO - Started process (PID=2732) to work on /home/airflow/.local/lib/python3.6/site-packages/airflow/example_dags/example_xcom.py
[2021-06-21 19:18:28,642] {scheduler_job.py:633} INFO - Processing file /home/airflow/.local/lib/python3.6/site-packages/airflow/example_dags/example_xcom.py for tasks to queue
[2021-06-21 19:18:28,643] {logging_mixin.py:104} INFO - [2021-06-21 19:18:28,643] {dagbag.py:487} INFO - Filling up the DagBag from /home/airflow/.local/lib/python3.6/site-packages/airflow/example_dags/example_xcom.py
[2021-06-21 19:18:28,658] {scheduler_job.py:643} INFO - DAG(s) dict_keys(['example_xcom']) retrieved from /home/airflow/.local/lib/python3.6/site-packages/airflow/example_dags/example_xcom.py
[2021-06-21 19:18:28,676] {logging_mixin.py:104} INFO - [2021-06-21 19:18:28,676] {dag.py:1832} INFO - Sync 1 DAGs
[2021-06-21 19:18:28,689] {logging_mixin.py:104} INFO - [2021-06-21 19:18:28,689] {dag.py:2305} INFO - Setting next_dagrun for example_xcom to 2021-06-19 00:00:00+00:00
[2021-06-21 19:18:28,697] {scheduler_job.py:190} INFO - Processing /home/airflow/.local/lib/python3.6/site-packages/airflow/example_dags/example_xcom.py took 0.067 seconds
[2021-06-21 19:18:59,457] {scheduler_job.py:182} INFO - Started process (PID=2796) to work on /home/airflow/.local/lib/python3.6/site-packages/airflow/example_dags/example_xcom.py
[2021-06-21 19:18:59,458] {scheduler_job.py:633} INFO - Processing file /home/airflow/.local/lib/python3.6/site-packages/airflow/example_dags/example_xcom.py for tasks to queue
[2021-06-21 19:18:59,459] {logging_mixin.py:104} INFO - [2021-06-21 19:18:59,459] {dagbag.py:487} INFO - Filling up the DagBag from /home/airflow/.local/lib/python3.6/site-packages/airflow/example_dags/example_xcom.py
[2021-06-21 19:18:59,471] {scheduler_job.py:643} INFO - DAG(s) dict_keys(['example_xcom']) retrieved from /home/airflow/.local/lib/python3.6/site-packages/airflow/example_dags/example_xcom.py
[2021-06-21 19:18:59,490] {logging_mixin.py:104} INFO - [2021-06-21 19:18:59,490] {dag.py:1832} INFO - Sync 1 DAGs
[2021-06-21 19:18:59,504] {logging_mixin.py:104} INFO - [2021-06-21 19:18:59,503] {dag.py:2305} INFO - Setting next_dagrun for example_xcom to 2021-06-19 00:00:00+00:00
[2021-06-21 19:18:59,511] {scheduler_job.py:190} INFO - Processing /home/airflow/.local/lib/python3.6/site-packages/airflow/example_dags/example_xcom.py took 0.058 seconds
[2021-06-21 19:19:30,202] {scheduler_job.py:182} INFO - Started process (PID=2880) to work on /home/airflow/.local/lib/python3.6/site-packages/airflow/example_dags/example_xcom.py
[2021-06-21 19:19:30,203] {scheduler_job.py:633} INFO - Processing file /home/airflow/.local/lib/python3.6/site-packages/airflow/example_dags/example_xcom.py for tasks to queue
[2021-06-21 19:19:30,203] {logging_mixin.py:104} INFO - [2021-06-21 19:19:30,203] {dagbag.py:487} INFO - Filling up the DagBag from /home/airflow/.local/lib/python3.6/site-packages/airflow/example_dags/example_xcom.py
[2021-06-21 19:19:30,213] {scheduler_job.py:643} INFO - DAG(s) dict_keys(['example_xcom']) retrieved from /home/airflow/.local/lib/python3.6/site-packages/airflow/example_dags/example_xcom.py
[2021-06-21 19:19:30,228] {logging_mixin.py:104} INFO - [2021-06-21 19:19:30,228] {dag.py:1832} INFO - Sync 1 DAGs
[2021-06-21 19:19:30,243] {logging_mixin.py:104} INFO - [2021-06-21 19:19:30,242] {dag.py:2305} INFO - Setting next_dagrun for example_xcom to 2021-06-19 00:00:00+00:00
[2021-06-21 19:19:30,251] {scheduler_job.py:190} INFO - Processing /home/airflow/.local/lib/python3.6/site-packages/airflow/example_dags/example_xcom.py took 0.051 seconds
[2021-06-21 19:20:00,926] {scheduler_job.py:182} INFO - Started process (PID=2944) to work on /home/airflow/.local/lib/python3.6/site-packages/airflow/example_dags/example_xcom.py
[2021-06-21 19:20:00,927] {scheduler_job.py:633} INFO - Processing file /home/airflow/.local/lib/python3.6/site-packages/airflow/example_dags/example_xcom.py for tasks to queue
[2021-06-21 19:20:00,927] {logging_mixin.py:104} INFO - [2021-06-21 19:20:00,927] {dagbag.py:487} INFO - Filling up the DagBag from /home/airflow/.local/lib/python3.6/site-packages/airflow/example_dags/example_xcom.py
[2021-06-21 19:20:00,940] {scheduler_job.py:643} INFO - DAG(s) dict_keys(['example_xcom']) retrieved from /home/airflow/.local/lib/python3.6/site-packages/airflow/example_dags/example_xcom.py
[2021-06-21 19:20:00,969] {logging_mixin.py:104} INFO - [2021-06-21 19:20:00,969] {dag.py:1832} INFO - Sync 1 DAGs
[2021-06-21 19:20:00,990] {logging_mixin.py:104} INFO - [2021-06-21 19:20:00,990] {dag.py:2305} INFO - Setting next_dagrun for example_xcom to 2021-06-19 00:00:00+00:00
[2021-06-21 19:20:01,010] {scheduler_job.py:190} INFO - Processing /home/airflow/.local/lib/python3.6/site-packages/airflow/example_dags/example_xcom.py took 0.087 seconds
[2021-06-21 19:20:31,599] {scheduler_job.py:182} INFO - Started process (PID=3026) to work on /home/airflow/.local/lib/python3.6/site-packages/airflow/example_dags/example_xcom.py
[2021-06-21 19:20:31,600] {scheduler_job.py:633} INFO - Processing file /home/airflow/.local/lib/python3.6/site-packages/airflow/example_dags/example_xcom.py for tasks to queue
[2021-06-21 19:20:31,600] {logging_mixin.py:104} INFO - [2021-06-21 19:20:31,600] {dagbag.py:487} INFO - Filling up the DagBag from /home/airflow/.local/lib/python3.6/site-packages/airflow/example_dags/example_xcom.py
[2021-06-21 19:20:31,610] {scheduler_job.py:643} INFO - DAG(s) dict_keys(['example_xcom']) retrieved from /home/airflow/.local/lib/python3.6/site-packages/airflow/example_dags/example_xcom.py
[2021-06-21 19:20:31,625] {logging_mixin.py:104} INFO - [2021-06-21 19:20:31,625] {dag.py:1832} INFO - Sync 1 DAGs
[2021-06-21 19:20:31,637] {logging_mixin.py:104} INFO - [2021-06-21 19:20:31,637] {dag.py:2305} INFO - Setting next_dagrun for example_xcom to 2021-06-19 00:00:00+00:00
[2021-06-21 19:20:31,644] {scheduler_job.py:190} INFO - Processing /home/airflow/.local/lib/python3.6/site-packages/airflow/example_dags/example_xcom.py took 0.048 seconds
[2021-06-21 19:21:02,287] {scheduler_job.py:182} INFO - Started process (PID=3099) to work on /home/airflow/.local/lib/python3.6/site-packages/airflow/example_dags/example_xcom.py
[2021-06-21 19:21:02,287] {scheduler_job.py:633} INFO - Processing file /home/airflow/.local/lib/python3.6/site-packages/airflow/example_dags/example_xcom.py for tasks to queue
[2021-06-21 19:21:02,288] {logging_mixin.py:104} INFO - [2021-06-21 19:21:02,288] {dagbag.py:487} INFO - Filling up the DagBag from /home/airflow/.local/lib/python3.6/site-packages/airflow/example_dags/example_xcom.py
[2021-06-21 19:21:02,298] {scheduler_job.py:643} INFO - DAG(s) dict_keys(['example_xcom']) retrieved from /home/airflow/.local/lib/python3.6/site-packages/airflow/example_dags/example_xcom.py
[2021-06-21 19:21:02,317] {logging_mixin.py:104} INFO - [2021-06-21 19:21:02,317] {dag.py:1832} INFO - Sync 1 DAGs
[2021-06-21 19:21:02,335] {logging_mixin.py:104} INFO - [2021-06-21 19:21:02,335] {dag.py:2305} INFO - Setting next_dagrun for example_xcom to 2021-06-19 00:00:00+00:00
[2021-06-21 19:21:02,343] {scheduler_job.py:190} INFO - Processing /home/airflow/.local/lib/python3.6/site-packages/airflow/example_dags/example_xcom.py took 0.059 seconds
[2021-06-21 19:21:32,865] {scheduler_job.py:182} INFO - Started process (PID=3173) to work on /home/airflow/.local/lib/python3.6/site-packages/airflow/example_dags/example_xcom.py
[2021-06-21 19:21:32,866] {scheduler_job.py:633} INFO - Processing file /home/airflow/.local/lib/python3.6/site-packages/airflow/example_dags/example_xcom.py for tasks to queue
[2021-06-21 19:21:32,867] {logging_mixin.py:104} INFO - [2021-06-21 19:21:32,867] {dagbag.py:487} INFO - Filling up the DagBag from /home/airflow/.local/lib/python3.6/site-packages/airflow/example_dags/example_xcom.py
[2021-06-21 19:21:32,880] {scheduler_job.py:643} INFO - DAG(s) dict_keys(['example_xcom']) retrieved from /home/airflow/.local/lib/python3.6/site-packages/airflow/example_dags/example_xcom.py
[2021-06-21 19:21:32,897] {logging_mixin.py:104} INFO - [2021-06-21 19:21:32,897] {dag.py:1832} INFO - Sync 1 DAGs
[2021-06-21 19:21:32,910] {logging_mixin.py:104} INFO - [2021-06-21 19:21:32,910] {dag.py:2305} INFO - Setting next_dagrun for example_xcom to 2021-06-19 00:00:00+00:00
[2021-06-21 19:21:32,917] {scheduler_job.py:190} INFO - Processing /home/airflow/.local/lib/python3.6/site-packages/airflow/example_dags/example_xcom.py took 0.055 seconds
[2021-06-21 19:22:03,523] {scheduler_job.py:182} INFO - Started process (PID=3246) to work on /home/airflow/.local/lib/python3.6/site-packages/airflow/example_dags/example_xcom.py
[2021-06-21 19:22:03,525] {scheduler_job.py:633} INFO - Processing file /home/airflow/.local/lib/python3.6/site-packages/airflow/example_dags/example_xcom.py for tasks to queue
[2021-06-21 19:22:03,526] {logging_mixin.py:104} INFO - [2021-06-21 19:22:03,526] {dagbag.py:487} INFO - Filling up the DagBag from /home/airflow/.local/lib/python3.6/site-packages/airflow/example_dags/example_xcom.py
[2021-06-21 19:22:03,539] {scheduler_job.py:643} INFO - DAG(s) dict_keys(['example_xcom']) retrieved from /home/airflow/.local/lib/python3.6/site-packages/airflow/example_dags/example_xcom.py
[2021-06-21 19:22:03,561] {logging_mixin.py:104} INFO - [2021-06-21 19:22:03,561] {dag.py:1832} INFO - Sync 1 DAGs
[2021-06-21 19:22:03,581] {logging_mixin.py:104} INFO - [2021-06-21 19:22:03,581] {dag.py:2305} INFO - Setting next_dagrun for example_xcom to 2021-06-19 00:00:00+00:00
[2021-06-21 19:22:03,592] {scheduler_job.py:190} INFO - Processing /home/airflow/.local/lib/python3.6/site-packages/airflow/example_dags/example_xcom.py took 0.072 seconds
[2021-06-21 19:22:34,126] {scheduler_job.py:182} INFO - Started process (PID=3320) to work on /home/airflow/.local/lib/python3.6/site-packages/airflow/example_dags/example_xcom.py
[2021-06-21 19:22:34,128] {scheduler_job.py:633} INFO - Processing file /home/airflow/.local/lib/python3.6/site-packages/airflow/example_dags/example_xcom.py for tasks to queue
[2021-06-21 19:22:34,128] {logging_mixin.py:104} INFO - [2021-06-21 19:22:34,128] {dagbag.py:487} INFO - Filling up the DagBag from /home/airflow/.local/lib/python3.6/site-packages/airflow/example_dags/example_xcom.py
[2021-06-21 19:22:34,143] {scheduler_job.py:643} INFO - DAG(s) dict_keys(['example_xcom']) retrieved from /home/airflow/.local/lib/python3.6/site-packages/airflow/example_dags/example_xcom.py
[2021-06-21 19:22:34,165] {logging_mixin.py:104} INFO - [2021-06-21 19:22:34,165] {dag.py:1832} INFO - Sync 1 DAGs
[2021-06-21 19:22:34,184] {logging_mixin.py:104} INFO - [2021-06-21 19:22:34,184] {dag.py:2305} INFO - Setting next_dagrun for example_xcom to 2021-06-19 00:00:00+00:00
[2021-06-21 19:22:34,229] {scheduler_job.py:190} INFO - Processing /home/airflow/.local/lib/python3.6/site-packages/airflow/example_dags/example_xcom.py took 0.108 seconds
[2021-06-21 19:23:04,316] {scheduler_job.py:182} INFO - Started process (PID=3393) to work on /home/airflow/.local/lib/python3.6/site-packages/airflow/example_dags/example_xcom.py
[2021-06-21 19:23:04,318] {scheduler_job.py:633} INFO - Processing file /home/airflow/.local/lib/python3.6/site-packages/airflow/example_dags/example_xcom.py for tasks to queue
[2021-06-21 19:23:04,319] {logging_mixin.py:104} INFO - [2021-06-21 19:23:04,318] {dagbag.py:487} INFO - Filling up the DagBag from /home/airflow/.local/lib/python3.6/site-packages/airflow/example_dags/example_xcom.py
[2021-06-21 19:23:04,334] {scheduler_job.py:643} INFO - DAG(s) dict_keys(['example_xcom']) retrieved from /home/airflow/.local/lib/python3.6/site-packages/airflow/example_dags/example_xcom.py
[2021-06-21 19:23:04,379] {logging_mixin.py:104} INFO - [2021-06-21 19:23:04,379] {dag.py:1832} INFO - Sync 1 DAGs
[2021-06-21 19:23:04,401] {logging_mixin.py:104} INFO - [2021-06-21 19:23:04,401] {dag.py:2305} INFO - Setting next_dagrun for example_xcom to 2021-06-19 00:00:00+00:00
[2021-06-21 19:23:04,435] {scheduler_job.py:190} INFO - Processing /home/airflow/.local/lib/python3.6/site-packages/airflow/example_dags/example_xcom.py took 0.123 seconds
[2021-06-21 19:23:34,865] {scheduler_job.py:182} INFO - Started process (PID=3465) to work on /home/airflow/.local/lib/python3.6/site-packages/airflow/example_dags/example_xcom.py
[2021-06-21 19:23:34,868] {scheduler_job.py:633} INFO - Processing file /home/airflow/.local/lib/python3.6/site-packages/airflow/example_dags/example_xcom.py for tasks to queue
[2021-06-21 19:23:34,870] {logging_mixin.py:104} INFO - [2021-06-21 19:23:34,870] {dagbag.py:487} INFO - Filling up the DagBag from /home/airflow/.local/lib/python3.6/site-packages/airflow/example_dags/example_xcom.py
[2021-06-21 19:23:34,888] {scheduler_job.py:643} INFO - DAG(s) dict_keys(['example_xcom']) retrieved from /home/airflow/.local/lib/python3.6/site-packages/airflow/example_dags/example_xcom.py
[2021-06-21 19:23:34,906] {logging_mixin.py:104} INFO - [2021-06-21 19:23:34,906] {dag.py:1832} INFO - Sync 1 DAGs
[2021-06-21 19:23:34,918] {logging_mixin.py:104} INFO - [2021-06-21 19:23:34,918] {dag.py:2305} INFO - Setting next_dagrun for example_xcom to 2021-06-19 00:00:00+00:00
[2021-06-21 19:23:34,947] {scheduler_job.py:190} INFO - Processing /home/airflow/.local/lib/python3.6/site-packages/airflow/example_dags/example_xcom.py took 0.090 seconds
