[2021-06-21 19:00:11,089] {scheduler_job.py:182} INFO - Started process (PID=76) to work on /home/airflow/.local/lib/python3.6/site-packages/airflow/example_dags/example_trigger_controller_dag.py
[2021-06-21 19:00:11,090] {scheduler_job.py:633} INFO - Processing file /home/airflow/.local/lib/python3.6/site-packages/airflow/example_dags/example_trigger_controller_dag.py for tasks to queue
[2021-06-21 19:00:11,090] {logging_mixin.py:104} INFO - [2021-06-21 19:00:11,090] {dagbag.py:487} INFO - Filling up the DagBag from /home/airflow/.local/lib/python3.6/site-packages/airflow/example_dags/example_trigger_controller_dag.py
[2021-06-21 19:00:11,104] {scheduler_job.py:643} INFO - DAG(s) dict_keys(['example_trigger_controller_dag']) retrieved from /home/airflow/.local/lib/python3.6/site-packages/airflow/example_dags/example_trigger_controller_dag.py
[2021-06-21 19:00:14,258] {logging_mixin.py:104} INFO - [2021-06-21 19:00:14,255] {dag.py:1832} INFO - Sync 1 DAGs
[2021-06-21 19:00:14,277] {logging_mixin.py:104} INFO - [2021-06-21 19:00:14,275] {dag.py:1851} INFO - Creating ORM DAG for example_trigger_controller_dag
[2021-06-21 19:00:14,285] {logging_mixin.py:104} INFO - [2021-06-21 19:00:14,285] {dag.py:2305} INFO - Setting next_dagrun for example_trigger_controller_dag to 2021-06-19 00:00:00+00:00
[2021-06-21 19:00:14,310] {scheduler_job.py:190} INFO - Processing /home/airflow/.local/lib/python3.6/site-packages/airflow/example_dags/example_trigger_controller_dag.py took 3.224 seconds
[2021-06-21 19:00:45,077] {scheduler_job.py:182} INFO - Started process (PID=170) to work on /home/airflow/.local/lib/python3.6/site-packages/airflow/example_dags/example_trigger_controller_dag.py
[2021-06-21 19:00:45,080] {scheduler_job.py:633} INFO - Processing file /home/airflow/.local/lib/python3.6/site-packages/airflow/example_dags/example_trigger_controller_dag.py for tasks to queue
[2021-06-21 19:00:45,082] {logging_mixin.py:104} INFO - [2021-06-21 19:00:45,082] {dagbag.py:487} INFO - Filling up the DagBag from /home/airflow/.local/lib/python3.6/site-packages/airflow/example_dags/example_trigger_controller_dag.py
[2021-06-21 19:00:45,101] {scheduler_job.py:643} INFO - DAG(s) dict_keys(['example_trigger_controller_dag']) retrieved from /home/airflow/.local/lib/python3.6/site-packages/airflow/example_dags/example_trigger_controller_dag.py
[2021-06-21 19:00:45,119] {logging_mixin.py:104} INFO - [2021-06-21 19:00:45,119] {dag.py:1832} INFO - Sync 1 DAGs
[2021-06-21 19:00:45,132] {logging_mixin.py:104} INFO - [2021-06-21 19:00:45,132] {dag.py:2305} INFO - Setting next_dagrun for example_trigger_controller_dag to 2021-06-19 00:00:00+00:00
[2021-06-21 19:00:45,144] {scheduler_job.py:190} INFO - Processing /home/airflow/.local/lib/python3.6/site-packages/airflow/example_dags/example_trigger_controller_dag.py took 0.075 seconds
[2021-06-21 19:01:15,917] {scheduler_job.py:182} INFO - Started process (PID=243) to work on /home/airflow/.local/lib/python3.6/site-packages/airflow/example_dags/example_trigger_controller_dag.py
[2021-06-21 19:01:15,918] {scheduler_job.py:633} INFO - Processing file /home/airflow/.local/lib/python3.6/site-packages/airflow/example_dags/example_trigger_controller_dag.py for tasks to queue
[2021-06-21 19:01:15,919] {logging_mixin.py:104} INFO - [2021-06-21 19:01:15,919] {dagbag.py:487} INFO - Filling up the DagBag from /home/airflow/.local/lib/python3.6/site-packages/airflow/example_dags/example_trigger_controller_dag.py
[2021-06-21 19:01:15,930] {scheduler_job.py:643} INFO - DAG(s) dict_keys(['example_trigger_controller_dag']) retrieved from /home/airflow/.local/lib/python3.6/site-packages/airflow/example_dags/example_trigger_controller_dag.py
[2021-06-21 19:01:15,955] {logging_mixin.py:104} INFO - [2021-06-21 19:01:15,955] {dag.py:1832} INFO - Sync 1 DAGs
[2021-06-21 19:01:15,976] {logging_mixin.py:104} INFO - [2021-06-21 19:01:15,976] {dag.py:2305} INFO - Setting next_dagrun for example_trigger_controller_dag to 2021-06-19 00:00:00+00:00
[2021-06-21 19:01:15,986] {scheduler_job.py:190} INFO - Processing /home/airflow/.local/lib/python3.6/site-packages/airflow/example_dags/example_trigger_controller_dag.py took 0.073 seconds
[2021-06-21 19:01:46,084] {scheduler_job.py:182} INFO - Started process (PID=314) to work on /home/airflow/.local/lib/python3.6/site-packages/airflow/example_dags/example_trigger_controller_dag.py
[2021-06-21 19:01:46,085] {scheduler_job.py:633} INFO - Processing file /home/airflow/.local/lib/python3.6/site-packages/airflow/example_dags/example_trigger_controller_dag.py for tasks to queue
[2021-06-21 19:01:46,086] {logging_mixin.py:104} INFO - [2021-06-21 19:01:46,086] {dagbag.py:487} INFO - Filling up the DagBag from /home/airflow/.local/lib/python3.6/site-packages/airflow/example_dags/example_trigger_controller_dag.py
[2021-06-21 19:01:46,097] {scheduler_job.py:643} INFO - DAG(s) dict_keys(['example_trigger_controller_dag']) retrieved from /home/airflow/.local/lib/python3.6/site-packages/airflow/example_dags/example_trigger_controller_dag.py
[2021-06-21 19:01:46,119] {logging_mixin.py:104} INFO - [2021-06-21 19:01:46,118] {dag.py:1832} INFO - Sync 1 DAGs
[2021-06-21 19:01:46,136] {logging_mixin.py:104} INFO - [2021-06-21 19:01:46,136] {dag.py:2305} INFO - Setting next_dagrun for example_trigger_controller_dag to 2021-06-19 00:00:00+00:00
[2021-06-21 19:01:46,146] {scheduler_job.py:190} INFO - Processing /home/airflow/.local/lib/python3.6/site-packages/airflow/example_dags/example_trigger_controller_dag.py took 0.065 seconds
[2021-06-21 19:02:16,420] {scheduler_job.py:182} INFO - Started process (PID=387) to work on /home/airflow/.local/lib/python3.6/site-packages/airflow/example_dags/example_trigger_controller_dag.py
[2021-06-21 19:02:16,420] {scheduler_job.py:633} INFO - Processing file /home/airflow/.local/lib/python3.6/site-packages/airflow/example_dags/example_trigger_controller_dag.py for tasks to queue
[2021-06-21 19:02:16,421] {logging_mixin.py:104} INFO - [2021-06-21 19:02:16,421] {dagbag.py:487} INFO - Filling up the DagBag from /home/airflow/.local/lib/python3.6/site-packages/airflow/example_dags/example_trigger_controller_dag.py
[2021-06-21 19:02:16,429] {scheduler_job.py:643} INFO - DAG(s) dict_keys(['example_trigger_controller_dag']) retrieved from /home/airflow/.local/lib/python3.6/site-packages/airflow/example_dags/example_trigger_controller_dag.py
[2021-06-21 19:02:16,444] {logging_mixin.py:104} INFO - [2021-06-21 19:02:16,444] {dag.py:1832} INFO - Sync 1 DAGs
[2021-06-21 19:02:16,457] {logging_mixin.py:104} INFO - [2021-06-21 19:02:16,457] {dag.py:2305} INFO - Setting next_dagrun for example_trigger_controller_dag to 2021-06-19 00:00:00+00:00
[2021-06-21 19:02:16,489] {scheduler_job.py:190} INFO - Processing /home/airflow/.local/lib/python3.6/site-packages/airflow/example_dags/example_trigger_controller_dag.py took 0.071 seconds
[2021-06-21 19:02:46,912] {scheduler_job.py:182} INFO - Started process (PID=459) to work on /home/airflow/.local/lib/python3.6/site-packages/airflow/example_dags/example_trigger_controller_dag.py
[2021-06-21 19:02:46,912] {scheduler_job.py:633} INFO - Processing file /home/airflow/.local/lib/python3.6/site-packages/airflow/example_dags/example_trigger_controller_dag.py for tasks to queue
[2021-06-21 19:02:46,913] {logging_mixin.py:104} INFO - [2021-06-21 19:02:46,913] {dagbag.py:487} INFO - Filling up the DagBag from /home/airflow/.local/lib/python3.6/site-packages/airflow/example_dags/example_trigger_controller_dag.py
[2021-06-21 19:02:46,921] {scheduler_job.py:643} INFO - DAG(s) dict_keys(['example_trigger_controller_dag']) retrieved from /home/airflow/.local/lib/python3.6/site-packages/airflow/example_dags/example_trigger_controller_dag.py
[2021-06-21 19:02:46,937] {logging_mixin.py:104} INFO - [2021-06-21 19:02:46,937] {dag.py:1832} INFO - Sync 1 DAGs
[2021-06-21 19:02:46,949] {logging_mixin.py:104} INFO - [2021-06-21 19:02:46,949] {dag.py:2305} INFO - Setting next_dagrun for example_trigger_controller_dag to 2021-06-19 00:00:00+00:00
[2021-06-21 19:02:46,981] {scheduler_job.py:190} INFO - Processing /home/airflow/.local/lib/python3.6/site-packages/airflow/example_dags/example_trigger_controller_dag.py took 0.072 seconds
[2021-06-21 19:03:17,013] {scheduler_job.py:182} INFO - Started process (PID=541) to work on /home/airflow/.local/lib/python3.6/site-packages/airflow/example_dags/example_trigger_controller_dag.py
[2021-06-21 19:03:17,014] {scheduler_job.py:633} INFO - Processing file /home/airflow/.local/lib/python3.6/site-packages/airflow/example_dags/example_trigger_controller_dag.py for tasks to queue
[2021-06-21 19:03:17,014] {logging_mixin.py:104} INFO - [2021-06-21 19:03:17,014] {dagbag.py:487} INFO - Filling up the DagBag from /home/airflow/.local/lib/python3.6/site-packages/airflow/example_dags/example_trigger_controller_dag.py
[2021-06-21 19:03:17,023] {scheduler_job.py:643} INFO - DAG(s) dict_keys(['example_trigger_controller_dag']) retrieved from /home/airflow/.local/lib/python3.6/site-packages/airflow/example_dags/example_trigger_controller_dag.py
[2021-06-21 19:03:17,040] {logging_mixin.py:104} INFO - [2021-06-21 19:03:17,040] {dag.py:1832} INFO - Sync 1 DAGs
[2021-06-21 19:03:17,053] {logging_mixin.py:104} INFO - [2021-06-21 19:03:17,053] {dag.py:2305} INFO - Setting next_dagrun for example_trigger_controller_dag to 2021-06-19 00:00:00+00:00
[2021-06-21 19:03:17,082] {scheduler_job.py:190} INFO - Processing /home/airflow/.local/lib/python3.6/site-packages/airflow/example_dags/example_trigger_controller_dag.py took 0.071 seconds
[2021-06-21 19:03:47,256] {scheduler_job.py:182} INFO - Started process (PID=605) to work on /home/airflow/.local/lib/python3.6/site-packages/airflow/example_dags/example_trigger_controller_dag.py
[2021-06-21 19:03:47,258] {scheduler_job.py:633} INFO - Processing file /home/airflow/.local/lib/python3.6/site-packages/airflow/example_dags/example_trigger_controller_dag.py for tasks to queue
[2021-06-21 19:03:47,259] {logging_mixin.py:104} INFO - [2021-06-21 19:03:47,259] {dagbag.py:487} INFO - Filling up the DagBag from /home/airflow/.local/lib/python3.6/site-packages/airflow/example_dags/example_trigger_controller_dag.py
[2021-06-21 19:03:47,276] {scheduler_job.py:643} INFO - DAG(s) dict_keys(['example_trigger_controller_dag']) retrieved from /home/airflow/.local/lib/python3.6/site-packages/airflow/example_dags/example_trigger_controller_dag.py
[2021-06-21 19:03:47,295] {logging_mixin.py:104} INFO - [2021-06-21 19:03:47,295] {dag.py:1832} INFO - Sync 1 DAGs
[2021-06-21 19:03:47,309] {logging_mixin.py:104} INFO - [2021-06-21 19:03:47,309] {dag.py:2305} INFO - Setting next_dagrun for example_trigger_controller_dag to 2021-06-19 00:00:00+00:00
[2021-06-21 19:03:47,337] {scheduler_job.py:190} INFO - Processing /home/airflow/.local/lib/python3.6/site-packages/airflow/example_dags/example_trigger_controller_dag.py took 0.087 seconds
[2021-06-21 19:04:17,535] {scheduler_job.py:182} INFO - Started process (PID=685) to work on /home/airflow/.local/lib/python3.6/site-packages/airflow/example_dags/example_trigger_controller_dag.py
[2021-06-21 19:04:17,538] {scheduler_job.py:633} INFO - Processing file /home/airflow/.local/lib/python3.6/site-packages/airflow/example_dags/example_trigger_controller_dag.py for tasks to queue
[2021-06-21 19:04:17,540] {logging_mixin.py:104} INFO - [2021-06-21 19:04:17,539] {dagbag.py:487} INFO - Filling up the DagBag from /home/airflow/.local/lib/python3.6/site-packages/airflow/example_dags/example_trigger_controller_dag.py
[2021-06-21 19:04:17,560] {scheduler_job.py:643} INFO - DAG(s) dict_keys(['example_trigger_controller_dag']) retrieved from /home/airflow/.local/lib/python3.6/site-packages/airflow/example_dags/example_trigger_controller_dag.py
[2021-06-21 19:04:17,579] {logging_mixin.py:104} INFO - [2021-06-21 19:04:17,579] {dag.py:1832} INFO - Sync 1 DAGs
[2021-06-21 19:04:17,592] {logging_mixin.py:104} INFO - [2021-06-21 19:04:17,592] {dag.py:2305} INFO - Setting next_dagrun for example_trigger_controller_dag to 2021-06-19 00:00:00+00:00
[2021-06-21 19:04:17,600] {scheduler_job.py:190} INFO - Processing /home/airflow/.local/lib/python3.6/site-packages/airflow/example_dags/example_trigger_controller_dag.py took 0.072 seconds
[2021-06-21 19:04:48,511] {scheduler_job.py:182} INFO - Started process (PID=749) to work on /home/airflow/.local/lib/python3.6/site-packages/airflow/example_dags/example_trigger_controller_dag.py
[2021-06-21 19:04:48,514] {scheduler_job.py:633} INFO - Processing file /home/airflow/.local/lib/python3.6/site-packages/airflow/example_dags/example_trigger_controller_dag.py for tasks to queue
[2021-06-21 19:04:48,515] {logging_mixin.py:104} INFO - [2021-06-21 19:04:48,515] {dagbag.py:487} INFO - Filling up the DagBag from /home/airflow/.local/lib/python3.6/site-packages/airflow/example_dags/example_trigger_controller_dag.py
[2021-06-21 19:04:48,531] {scheduler_job.py:643} INFO - DAG(s) dict_keys(['example_trigger_controller_dag']) retrieved from /home/airflow/.local/lib/python3.6/site-packages/airflow/example_dags/example_trigger_controller_dag.py
[2021-06-21 19:04:48,548] {logging_mixin.py:104} INFO - [2021-06-21 19:04:48,548] {dag.py:1832} INFO - Sync 1 DAGs
[2021-06-21 19:04:48,561] {logging_mixin.py:104} INFO - [2021-06-21 19:04:48,560] {dag.py:2305} INFO - Setting next_dagrun for example_trigger_controller_dag to 2021-06-19 00:00:00+00:00
[2021-06-21 19:04:48,568] {scheduler_job.py:190} INFO - Processing /home/airflow/.local/lib/python3.6/site-packages/airflow/example_dags/example_trigger_controller_dag.py took 0.066 seconds
[2021-06-21 19:05:19,566] {scheduler_job.py:182} INFO - Started process (PID=830) to work on /home/airflow/.local/lib/python3.6/site-packages/airflow/example_dags/example_trigger_controller_dag.py
[2021-06-21 19:05:19,567] {scheduler_job.py:633} INFO - Processing file /home/airflow/.local/lib/python3.6/site-packages/airflow/example_dags/example_trigger_controller_dag.py for tasks to queue
[2021-06-21 19:05:19,568] {logging_mixin.py:104} INFO - [2021-06-21 19:05:19,567] {dagbag.py:487} INFO - Filling up the DagBag from /home/airflow/.local/lib/python3.6/site-packages/airflow/example_dags/example_trigger_controller_dag.py
[2021-06-21 19:05:19,575] {scheduler_job.py:643} INFO - DAG(s) dict_keys(['example_trigger_controller_dag']) retrieved from /home/airflow/.local/lib/python3.6/site-packages/airflow/example_dags/example_trigger_controller_dag.py
[2021-06-21 19:05:19,589] {logging_mixin.py:104} INFO - [2021-06-21 19:05:19,589] {dag.py:1832} INFO - Sync 1 DAGs
[2021-06-21 19:05:19,600] {logging_mixin.py:104} INFO - [2021-06-21 19:05:19,600] {dag.py:2305} INFO - Setting next_dagrun for example_trigger_controller_dag to 2021-06-19 00:00:00+00:00
[2021-06-21 19:05:19,610] {scheduler_job.py:190} INFO - Processing /home/airflow/.local/lib/python3.6/site-packages/airflow/example_dags/example_trigger_controller_dag.py took 0.046 seconds
[2021-06-21 19:05:49,938] {scheduler_job.py:182} INFO - Started process (PID=894) to work on /home/airflow/.local/lib/python3.6/site-packages/airflow/example_dags/example_trigger_controller_dag.py
[2021-06-21 19:05:49,938] {scheduler_job.py:633} INFO - Processing file /home/airflow/.local/lib/python3.6/site-packages/airflow/example_dags/example_trigger_controller_dag.py for tasks to queue
[2021-06-21 19:05:49,939] {logging_mixin.py:104} INFO - [2021-06-21 19:05:49,939] {dagbag.py:487} INFO - Filling up the DagBag from /home/airflow/.local/lib/python3.6/site-packages/airflow/example_dags/example_trigger_controller_dag.py
[2021-06-21 19:05:49,947] {scheduler_job.py:643} INFO - DAG(s) dict_keys(['example_trigger_controller_dag']) retrieved from /home/airflow/.local/lib/python3.6/site-packages/airflow/example_dags/example_trigger_controller_dag.py
[2021-06-21 19:05:49,963] {logging_mixin.py:104} INFO - [2021-06-21 19:05:49,963] {dag.py:1832} INFO - Sync 1 DAGs
[2021-06-21 19:05:49,973] {logging_mixin.py:104} INFO - [2021-06-21 19:05:49,973] {dag.py:2305} INFO - Setting next_dagrun for example_trigger_controller_dag to 2021-06-19 00:00:00+00:00
[2021-06-21 19:05:49,980] {scheduler_job.py:190} INFO - Processing /home/airflow/.local/lib/python3.6/site-packages/airflow/example_dags/example_trigger_controller_dag.py took 0.045 seconds
[2021-06-21 19:06:20,083] {scheduler_job.py:182} INFO - Started process (PID=974) to work on /home/airflow/.local/lib/python3.6/site-packages/airflow/example_dags/example_trigger_controller_dag.py
[2021-06-21 19:06:20,083] {scheduler_job.py:633} INFO - Processing file /home/airflow/.local/lib/python3.6/site-packages/airflow/example_dags/example_trigger_controller_dag.py for tasks to queue
[2021-06-21 19:06:20,084] {logging_mixin.py:104} INFO - [2021-06-21 19:06:20,084] {dagbag.py:487} INFO - Filling up the DagBag from /home/airflow/.local/lib/python3.6/site-packages/airflow/example_dags/example_trigger_controller_dag.py
[2021-06-21 19:06:20,092] {scheduler_job.py:643} INFO - DAG(s) dict_keys(['example_trigger_controller_dag']) retrieved from /home/airflow/.local/lib/python3.6/site-packages/airflow/example_dags/example_trigger_controller_dag.py
[2021-06-21 19:06:20,111] {logging_mixin.py:104} INFO - [2021-06-21 19:06:20,111] {dag.py:1832} INFO - Sync 1 DAGs
[2021-06-21 19:06:20,127] {logging_mixin.py:104} INFO - [2021-06-21 19:06:20,127] {dag.py:2305} INFO - Setting next_dagrun for example_trigger_controller_dag to 2021-06-19 00:00:00+00:00
[2021-06-21 19:06:20,137] {scheduler_job.py:190} INFO - Processing /home/airflow/.local/lib/python3.6/site-packages/airflow/example_dags/example_trigger_controller_dag.py took 0.056 seconds
[2021-06-21 19:06:50,381] {scheduler_job.py:182} INFO - Started process (PID=1044) to work on /home/airflow/.local/lib/python3.6/site-packages/airflow/example_dags/example_trigger_controller_dag.py
[2021-06-21 19:06:50,382] {scheduler_job.py:633} INFO - Processing file /home/airflow/.local/lib/python3.6/site-packages/airflow/example_dags/example_trigger_controller_dag.py for tasks to queue
[2021-06-21 19:06:50,383] {logging_mixin.py:104} INFO - [2021-06-21 19:06:50,383] {dagbag.py:487} INFO - Filling up the DagBag from /home/airflow/.local/lib/python3.6/site-packages/airflow/example_dags/example_trigger_controller_dag.py
[2021-06-21 19:06:50,389] {scheduler_job.py:643} INFO - DAG(s) dict_keys(['example_trigger_controller_dag']) retrieved from /home/airflow/.local/lib/python3.6/site-packages/airflow/example_dags/example_trigger_controller_dag.py
[2021-06-21 19:06:50,404] {logging_mixin.py:104} INFO - [2021-06-21 19:06:50,403] {dag.py:1832} INFO - Sync 1 DAGs
[2021-06-21 19:06:50,415] {logging_mixin.py:104} INFO - [2021-06-21 19:06:50,415] {dag.py:2305} INFO - Setting next_dagrun for example_trigger_controller_dag to 2021-06-19 00:00:00+00:00
[2021-06-21 19:06:50,422] {scheduler_job.py:190} INFO - Processing /home/airflow/.local/lib/python3.6/site-packages/airflow/example_dags/example_trigger_controller_dag.py took 0.043 seconds
[2021-06-21 19:07:20,723] {scheduler_job.py:182} INFO - Started process (PID=1118) to work on /home/airflow/.local/lib/python3.6/site-packages/airflow/example_dags/example_trigger_controller_dag.py
[2021-06-21 19:07:20,724] {scheduler_job.py:633} INFO - Processing file /home/airflow/.local/lib/python3.6/site-packages/airflow/example_dags/example_trigger_controller_dag.py for tasks to queue
[2021-06-21 19:07:20,725] {logging_mixin.py:104} INFO - [2021-06-21 19:07:20,724] {dagbag.py:487} INFO - Filling up the DagBag from /home/airflow/.local/lib/python3.6/site-packages/airflow/example_dags/example_trigger_controller_dag.py
[2021-06-21 19:07:20,733] {scheduler_job.py:643} INFO - DAG(s) dict_keys(['example_trigger_controller_dag']) retrieved from /home/airflow/.local/lib/python3.6/site-packages/airflow/example_dags/example_trigger_controller_dag.py
[2021-06-21 19:07:20,751] {logging_mixin.py:104} INFO - [2021-06-21 19:07:20,751] {dag.py:1832} INFO - Sync 1 DAGs
[2021-06-21 19:07:20,766] {logging_mixin.py:104} INFO - [2021-06-21 19:07:20,765] {dag.py:2305} INFO - Setting next_dagrun for example_trigger_controller_dag to 2021-06-19 00:00:00+00:00
[2021-06-21 19:07:20,773] {scheduler_job.py:190} INFO - Processing /home/airflow/.local/lib/python3.6/site-packages/airflow/example_dags/example_trigger_controller_dag.py took 0.054 seconds
[2021-06-21 19:07:50,808] {scheduler_job.py:182} INFO - Started process (PID=1199) to work on /home/airflow/.local/lib/python3.6/site-packages/airflow/example_dags/example_trigger_controller_dag.py
[2021-06-21 19:07:50,809] {scheduler_job.py:633} INFO - Processing file /home/airflow/.local/lib/python3.6/site-packages/airflow/example_dags/example_trigger_controller_dag.py for tasks to queue
[2021-06-21 19:07:50,809] {logging_mixin.py:104} INFO - [2021-06-21 19:07:50,809] {dagbag.py:487} INFO - Filling up the DagBag from /home/airflow/.local/lib/python3.6/site-packages/airflow/example_dags/example_trigger_controller_dag.py
[2021-06-21 19:07:50,818] {scheduler_job.py:643} INFO - DAG(s) dict_keys(['example_trigger_controller_dag']) retrieved from /home/airflow/.local/lib/python3.6/site-packages/airflow/example_dags/example_trigger_controller_dag.py
[2021-06-21 19:07:50,836] {logging_mixin.py:104} INFO - [2021-06-21 19:07:50,836] {dag.py:1832} INFO - Sync 1 DAGs
[2021-06-21 19:07:50,848] {logging_mixin.py:104} INFO - [2021-06-21 19:07:50,848] {dag.py:2305} INFO - Setting next_dagrun for example_trigger_controller_dag to 2021-06-19 00:00:00+00:00
[2021-06-21 19:07:50,856] {scheduler_job.py:190} INFO - Processing /home/airflow/.local/lib/python3.6/site-packages/airflow/example_dags/example_trigger_controller_dag.py took 0.051 seconds
[2021-06-21 19:08:21,339] {scheduler_job.py:182} INFO - Started process (PID=1263) to work on /home/airflow/.local/lib/python3.6/site-packages/airflow/example_dags/example_trigger_controller_dag.py
[2021-06-21 19:08:21,342] {scheduler_job.py:633} INFO - Processing file /home/airflow/.local/lib/python3.6/site-packages/airflow/example_dags/example_trigger_controller_dag.py for tasks to queue
[2021-06-21 19:08:21,344] {logging_mixin.py:104} INFO - [2021-06-21 19:08:21,344] {dagbag.py:487} INFO - Filling up the DagBag from /home/airflow/.local/lib/python3.6/site-packages/airflow/example_dags/example_trigger_controller_dag.py
[2021-06-21 19:08:21,374] {scheduler_job.py:643} INFO - DAG(s) dict_keys(['example_trigger_controller_dag']) retrieved from /home/airflow/.local/lib/python3.6/site-packages/airflow/example_dags/example_trigger_controller_dag.py
[2021-06-21 19:08:21,423] {logging_mixin.py:104} INFO - [2021-06-21 19:08:21,423] {dag.py:1832} INFO - Sync 1 DAGs
[2021-06-21 19:08:21,442] {logging_mixin.py:104} INFO - [2021-06-21 19:08:21,442] {dag.py:2305} INFO - Setting next_dagrun for example_trigger_controller_dag to 2021-06-19 00:00:00+00:00
[2021-06-21 19:08:21,453] {scheduler_job.py:190} INFO - Processing /home/airflow/.local/lib/python3.6/site-packages/airflow/example_dags/example_trigger_controller_dag.py took 0.121 seconds
[2021-06-21 19:08:51,955] {scheduler_job.py:182} INFO - Started process (PID=1347) to work on /home/airflow/.local/lib/python3.6/site-packages/airflow/example_dags/example_trigger_controller_dag.py
[2021-06-21 19:08:51,956] {scheduler_job.py:633} INFO - Processing file /home/airflow/.local/lib/python3.6/site-packages/airflow/example_dags/example_trigger_controller_dag.py for tasks to queue
[2021-06-21 19:08:51,957] {logging_mixin.py:104} INFO - [2021-06-21 19:08:51,957] {dagbag.py:487} INFO - Filling up the DagBag from /home/airflow/.local/lib/python3.6/site-packages/airflow/example_dags/example_trigger_controller_dag.py
[2021-06-21 19:08:51,970] {scheduler_job.py:643} INFO - DAG(s) dict_keys(['example_trigger_controller_dag']) retrieved from /home/airflow/.local/lib/python3.6/site-packages/airflow/example_dags/example_trigger_controller_dag.py
[2021-06-21 19:08:51,997] {logging_mixin.py:104} INFO - [2021-06-21 19:08:51,997] {dag.py:1832} INFO - Sync 1 DAGs
[2021-06-21 19:08:52,013] {logging_mixin.py:104} INFO - [2021-06-21 19:08:52,013] {dag.py:2305} INFO - Setting next_dagrun for example_trigger_controller_dag to 2021-06-19 00:00:00+00:00
[2021-06-21 19:08:52,023] {scheduler_job.py:190} INFO - Processing /home/airflow/.local/lib/python3.6/site-packages/airflow/example_dags/example_trigger_controller_dag.py took 0.071 seconds
[2021-06-21 19:09:22,234] {scheduler_job.py:182} INFO - Started process (PID=1410) to work on /home/airflow/.local/lib/python3.6/site-packages/airflow/example_dags/example_trigger_controller_dag.py
[2021-06-21 19:09:22,236] {scheduler_job.py:633} INFO - Processing file /home/airflow/.local/lib/python3.6/site-packages/airflow/example_dags/example_trigger_controller_dag.py for tasks to queue
[2021-06-21 19:09:22,238] {logging_mixin.py:104} INFO - [2021-06-21 19:09:22,238] {dagbag.py:487} INFO - Filling up the DagBag from /home/airflow/.local/lib/python3.6/site-packages/airflow/example_dags/example_trigger_controller_dag.py
[2021-06-21 19:09:22,252] {scheduler_job.py:643} INFO - DAG(s) dict_keys(['example_trigger_controller_dag']) retrieved from /home/airflow/.local/lib/python3.6/site-packages/airflow/example_dags/example_trigger_controller_dag.py
[2021-06-21 19:09:22,270] {logging_mixin.py:104} INFO - [2021-06-21 19:09:22,269] {dag.py:1832} INFO - Sync 1 DAGs
[2021-06-21 19:09:22,286] {logging_mixin.py:104} INFO - [2021-06-21 19:09:22,286] {dag.py:2305} INFO - Setting next_dagrun for example_trigger_controller_dag to 2021-06-19 00:00:00+00:00
[2021-06-21 19:09:22,296] {scheduler_job.py:190} INFO - Processing /home/airflow/.local/lib/python3.6/site-packages/airflow/example_dags/example_trigger_controller_dag.py took 0.069 seconds
[2021-06-21 19:09:52,880] {scheduler_job.py:182} INFO - Started process (PID=1492) to work on /home/airflow/.local/lib/python3.6/site-packages/airflow/example_dags/example_trigger_controller_dag.py
[2021-06-21 19:09:52,881] {scheduler_job.py:633} INFO - Processing file /home/airflow/.local/lib/python3.6/site-packages/airflow/example_dags/example_trigger_controller_dag.py for tasks to queue
[2021-06-21 19:09:52,882] {logging_mixin.py:104} INFO - [2021-06-21 19:09:52,882] {dagbag.py:487} INFO - Filling up the DagBag from /home/airflow/.local/lib/python3.6/site-packages/airflow/example_dags/example_trigger_controller_dag.py
[2021-06-21 19:09:52,891] {scheduler_job.py:643} INFO - DAG(s) dict_keys(['example_trigger_controller_dag']) retrieved from /home/airflow/.local/lib/python3.6/site-packages/airflow/example_dags/example_trigger_controller_dag.py
[2021-06-21 19:09:52,908] {logging_mixin.py:104} INFO - [2021-06-21 19:09:52,908] {dag.py:1832} INFO - Sync 1 DAGs
[2021-06-21 19:09:52,922] {logging_mixin.py:104} INFO - [2021-06-21 19:09:52,922] {dag.py:2305} INFO - Setting next_dagrun for example_trigger_controller_dag to 2021-06-19 00:00:00+00:00
[2021-06-21 19:09:52,953] {scheduler_job.py:190} INFO - Processing /home/airflow/.local/lib/python3.6/site-packages/airflow/example_dags/example_trigger_controller_dag.py took 0.075 seconds
[2021-06-21 19:10:23,462] {scheduler_job.py:182} INFO - Started process (PID=1556) to work on /home/airflow/.local/lib/python3.6/site-packages/airflow/example_dags/example_trigger_controller_dag.py
[2021-06-21 19:10:23,464] {scheduler_job.py:633} INFO - Processing file /home/airflow/.local/lib/python3.6/site-packages/airflow/example_dags/example_trigger_controller_dag.py for tasks to queue
[2021-06-21 19:10:23,464] {logging_mixin.py:104} INFO - [2021-06-21 19:10:23,464] {dagbag.py:487} INFO - Filling up the DagBag from /home/airflow/.local/lib/python3.6/site-packages/airflow/example_dags/example_trigger_controller_dag.py
[2021-06-21 19:10:23,477] {scheduler_job.py:643} INFO - DAG(s) dict_keys(['example_trigger_controller_dag']) retrieved from /home/airflow/.local/lib/python3.6/site-packages/airflow/example_dags/example_trigger_controller_dag.py
[2021-06-21 19:10:23,494] {logging_mixin.py:104} INFO - [2021-06-21 19:10:23,494] {dag.py:1832} INFO - Sync 1 DAGs
[2021-06-21 19:10:23,509] {logging_mixin.py:104} INFO - [2021-06-21 19:10:23,508] {dag.py:2305} INFO - Setting next_dagrun for example_trigger_controller_dag to 2021-06-19 00:00:00+00:00
[2021-06-21 19:10:23,538] {scheduler_job.py:190} INFO - Processing /home/airflow/.local/lib/python3.6/site-packages/airflow/example_dags/example_trigger_controller_dag.py took 0.081 seconds
[2021-06-21 19:10:53,562] {scheduler_job.py:182} INFO - Started process (PID=1630) to work on /home/airflow/.local/lib/python3.6/site-packages/airflow/example_dags/example_trigger_controller_dag.py
[2021-06-21 19:10:53,563] {scheduler_job.py:633} INFO - Processing file /home/airflow/.local/lib/python3.6/site-packages/airflow/example_dags/example_trigger_controller_dag.py for tasks to queue
[2021-06-21 19:10:53,564] {logging_mixin.py:104} INFO - [2021-06-21 19:10:53,564] {dagbag.py:487} INFO - Filling up the DagBag from /home/airflow/.local/lib/python3.6/site-packages/airflow/example_dags/example_trigger_controller_dag.py
[2021-06-21 19:10:53,579] {scheduler_job.py:643} INFO - DAG(s) dict_keys(['example_trigger_controller_dag']) retrieved from /home/airflow/.local/lib/python3.6/site-packages/airflow/example_dags/example_trigger_controller_dag.py
[2021-06-21 19:10:53,602] {logging_mixin.py:104} INFO - [2021-06-21 19:10:53,602] {dag.py:1832} INFO - Sync 1 DAGs
[2021-06-21 19:10:53,617] {logging_mixin.py:104} INFO - [2021-06-21 19:10:53,617] {dag.py:2305} INFO - Setting next_dagrun for example_trigger_controller_dag to 2021-06-19 00:00:00+00:00
[2021-06-21 19:10:53,645] {scheduler_job.py:190} INFO - Processing /home/airflow/.local/lib/python3.6/site-packages/airflow/example_dags/example_trigger_controller_dag.py took 0.087 seconds
[2021-06-21 19:11:23,812] {scheduler_job.py:182} INFO - Started process (PID=1701) to work on /home/airflow/.local/lib/python3.6/site-packages/airflow/example_dags/example_trigger_controller_dag.py
[2021-06-21 19:11:23,813] {scheduler_job.py:633} INFO - Processing file /home/airflow/.local/lib/python3.6/site-packages/airflow/example_dags/example_trigger_controller_dag.py for tasks to queue
[2021-06-21 19:11:23,814] {logging_mixin.py:104} INFO - [2021-06-21 19:11:23,813] {dagbag.py:487} INFO - Filling up the DagBag from /home/airflow/.local/lib/python3.6/site-packages/airflow/example_dags/example_trigger_controller_dag.py
[2021-06-21 19:11:23,825] {scheduler_job.py:643} INFO - DAG(s) dict_keys(['example_trigger_controller_dag']) retrieved from /home/airflow/.local/lib/python3.6/site-packages/airflow/example_dags/example_trigger_controller_dag.py
[2021-06-21 19:11:23,844] {logging_mixin.py:104} INFO - [2021-06-21 19:11:23,844] {dag.py:1832} INFO - Sync 1 DAGs
[2021-06-21 19:11:23,860] {logging_mixin.py:104} INFO - [2021-06-21 19:11:23,860] {dag.py:2305} INFO - Setting next_dagrun for example_trigger_controller_dag to 2021-06-19 00:00:00+00:00
[2021-06-21 19:11:23,889] {scheduler_job.py:190} INFO - Processing /home/airflow/.local/lib/python3.6/site-packages/airflow/example_dags/example_trigger_controller_dag.py took 0.079 seconds
[2021-06-21 19:11:53,930] {scheduler_job.py:182} INFO - Started process (PID=1766) to work on /home/airflow/.local/lib/python3.6/site-packages/airflow/example_dags/example_trigger_controller_dag.py
[2021-06-21 19:11:53,931] {scheduler_job.py:633} INFO - Processing file /home/airflow/.local/lib/python3.6/site-packages/airflow/example_dags/example_trigger_controller_dag.py for tasks to queue
[2021-06-21 19:11:53,932] {logging_mixin.py:104} INFO - [2021-06-21 19:11:53,932] {dagbag.py:487} INFO - Filling up the DagBag from /home/airflow/.local/lib/python3.6/site-packages/airflow/example_dags/example_trigger_controller_dag.py
[2021-06-21 19:11:53,941] {scheduler_job.py:643} INFO - DAG(s) dict_keys(['example_trigger_controller_dag']) retrieved from /home/airflow/.local/lib/python3.6/site-packages/airflow/example_dags/example_trigger_controller_dag.py
[2021-06-21 19:11:53,958] {logging_mixin.py:104} INFO - [2021-06-21 19:11:53,958] {dag.py:1832} INFO - Sync 1 DAGs
[2021-06-21 19:11:53,971] {logging_mixin.py:104} INFO - [2021-06-21 19:11:53,971] {dag.py:2305} INFO - Setting next_dagrun for example_trigger_controller_dag to 2021-06-19 00:00:00+00:00
[2021-06-21 19:11:53,980] {scheduler_job.py:190} INFO - Processing /home/airflow/.local/lib/python3.6/site-packages/airflow/example_dags/example_trigger_controller_dag.py took 0.052 seconds
[2021-06-21 19:12:24,254] {scheduler_job.py:182} INFO - Started process (PID=1847) to work on /home/airflow/.local/lib/python3.6/site-packages/airflow/example_dags/example_trigger_controller_dag.py
[2021-06-21 19:12:24,255] {scheduler_job.py:633} INFO - Processing file /home/airflow/.local/lib/python3.6/site-packages/airflow/example_dags/example_trigger_controller_dag.py for tasks to queue
[2021-06-21 19:12:24,255] {logging_mixin.py:104} INFO - [2021-06-21 19:12:24,255] {dagbag.py:487} INFO - Filling up the DagBag from /home/airflow/.local/lib/python3.6/site-packages/airflow/example_dags/example_trigger_controller_dag.py
[2021-06-21 19:12:24,265] {scheduler_job.py:643} INFO - DAG(s) dict_keys(['example_trigger_controller_dag']) retrieved from /home/airflow/.local/lib/python3.6/site-packages/airflow/example_dags/example_trigger_controller_dag.py
[2021-06-21 19:12:24,285] {logging_mixin.py:104} INFO - [2021-06-21 19:12:24,285] {dag.py:1832} INFO - Sync 1 DAGs
[2021-06-21 19:12:24,301] {logging_mixin.py:104} INFO - [2021-06-21 19:12:24,301] {dag.py:2305} INFO - Setting next_dagrun for example_trigger_controller_dag to 2021-06-19 00:00:00+00:00
[2021-06-21 19:12:24,311] {scheduler_job.py:190} INFO - Processing /home/airflow/.local/lib/python3.6/site-packages/airflow/example_dags/example_trigger_controller_dag.py took 0.060 seconds
[2021-06-21 19:12:54,386] {scheduler_job.py:182} INFO - Started process (PID=1912) to work on /home/airflow/.local/lib/python3.6/site-packages/airflow/example_dags/example_trigger_controller_dag.py
[2021-06-21 19:12:54,388] {scheduler_job.py:633} INFO - Processing file /home/airflow/.local/lib/python3.6/site-packages/airflow/example_dags/example_trigger_controller_dag.py for tasks to queue
[2021-06-21 19:12:54,388] {logging_mixin.py:104} INFO - [2021-06-21 19:12:54,388] {dagbag.py:487} INFO - Filling up the DagBag from /home/airflow/.local/lib/python3.6/site-packages/airflow/example_dags/example_trigger_controller_dag.py
[2021-06-21 19:12:54,404] {scheduler_job.py:643} INFO - DAG(s) dict_keys(['example_trigger_controller_dag']) retrieved from /home/airflow/.local/lib/python3.6/site-packages/airflow/example_dags/example_trigger_controller_dag.py
[2021-06-21 19:12:54,433] {logging_mixin.py:104} INFO - [2021-06-21 19:12:54,433] {dag.py:1832} INFO - Sync 1 DAGs
[2021-06-21 19:12:54,451] {logging_mixin.py:104} INFO - [2021-06-21 19:12:54,450] {dag.py:2305} INFO - Setting next_dagrun for example_trigger_controller_dag to 2021-06-19 00:00:00+00:00
[2021-06-21 19:12:54,459] {scheduler_job.py:190} INFO - Processing /home/airflow/.local/lib/python3.6/site-packages/airflow/example_dags/example_trigger_controller_dag.py took 0.079 seconds
[2021-06-21 19:13:24,486] {scheduler_job.py:182} INFO - Started process (PID=1996) to work on /home/airflow/.local/lib/python3.6/site-packages/airflow/example_dags/example_trigger_controller_dag.py
[2021-06-21 19:13:24,487] {scheduler_job.py:633} INFO - Processing file /home/airflow/.local/lib/python3.6/site-packages/airflow/example_dags/example_trigger_controller_dag.py for tasks to queue
[2021-06-21 19:13:24,488] {logging_mixin.py:104} INFO - [2021-06-21 19:13:24,487] {dagbag.py:487} INFO - Filling up the DagBag from /home/airflow/.local/lib/python3.6/site-packages/airflow/example_dags/example_trigger_controller_dag.py
[2021-06-21 19:13:24,497] {scheduler_job.py:643} INFO - DAG(s) dict_keys(['example_trigger_controller_dag']) retrieved from /home/airflow/.local/lib/python3.6/site-packages/airflow/example_dags/example_trigger_controller_dag.py
[2021-06-21 19:13:24,514] {logging_mixin.py:104} INFO - [2021-06-21 19:13:24,514] {dag.py:1832} INFO - Sync 1 DAGs
[2021-06-21 19:13:24,527] {logging_mixin.py:104} INFO - [2021-06-21 19:13:24,527] {dag.py:2305} INFO - Setting next_dagrun for example_trigger_controller_dag to 2021-06-19 00:00:00+00:00
[2021-06-21 19:13:24,535] {scheduler_job.py:190} INFO - Processing /home/airflow/.local/lib/python3.6/site-packages/airflow/example_dags/example_trigger_controller_dag.py took 0.051 seconds
[2021-06-21 19:13:55,023] {scheduler_job.py:182} INFO - Started process (PID=2061) to work on /home/airflow/.local/lib/python3.6/site-packages/airflow/example_dags/example_trigger_controller_dag.py
[2021-06-21 19:13:55,024] {scheduler_job.py:633} INFO - Processing file /home/airflow/.local/lib/python3.6/site-packages/airflow/example_dags/example_trigger_controller_dag.py for tasks to queue
[2021-06-21 19:13:55,025] {logging_mixin.py:104} INFO - [2021-06-21 19:13:55,025] {dagbag.py:487} INFO - Filling up the DagBag from /home/airflow/.local/lib/python3.6/site-packages/airflow/example_dags/example_trigger_controller_dag.py
[2021-06-21 19:13:55,033] {scheduler_job.py:643} INFO - DAG(s) dict_keys(['example_trigger_controller_dag']) retrieved from /home/airflow/.local/lib/python3.6/site-packages/airflow/example_dags/example_trigger_controller_dag.py
[2021-06-21 19:13:55,049] {logging_mixin.py:104} INFO - [2021-06-21 19:13:55,048] {dag.py:1832} INFO - Sync 1 DAGs
[2021-06-21 19:13:55,060] {logging_mixin.py:104} INFO - [2021-06-21 19:13:55,060] {dag.py:2305} INFO - Setting next_dagrun for example_trigger_controller_dag to 2021-06-19 00:00:00+00:00
[2021-06-21 19:13:55,067] {scheduler_job.py:190} INFO - Processing /home/airflow/.local/lib/python3.6/site-packages/airflow/example_dags/example_trigger_controller_dag.py took 0.046 seconds
[2021-06-21 19:14:25,284] {scheduler_job.py:182} INFO - Started process (PID=2143) to work on /home/airflow/.local/lib/python3.6/site-packages/airflow/example_dags/example_trigger_controller_dag.py
[2021-06-21 19:14:25,285] {scheduler_job.py:633} INFO - Processing file /home/airflow/.local/lib/python3.6/site-packages/airflow/example_dags/example_trigger_controller_dag.py for tasks to queue
[2021-06-21 19:14:25,286] {logging_mixin.py:104} INFO - [2021-06-21 19:14:25,285] {dagbag.py:487} INFO - Filling up the DagBag from /home/airflow/.local/lib/python3.6/site-packages/airflow/example_dags/example_trigger_controller_dag.py
[2021-06-21 19:14:25,296] {scheduler_job.py:643} INFO - DAG(s) dict_keys(['example_trigger_controller_dag']) retrieved from /home/airflow/.local/lib/python3.6/site-packages/airflow/example_dags/example_trigger_controller_dag.py
[2021-06-21 19:14:25,321] {logging_mixin.py:104} INFO - [2021-06-21 19:14:25,321] {dag.py:1832} INFO - Sync 1 DAGs
[2021-06-21 19:14:25,345] {logging_mixin.py:104} INFO - [2021-06-21 19:14:25,344] {dag.py:2305} INFO - Setting next_dagrun for example_trigger_controller_dag to 2021-06-19 00:00:00+00:00
[2021-06-21 19:14:25,364] {scheduler_job.py:190} INFO - Processing /home/airflow/.local/lib/python3.6/site-packages/airflow/example_dags/example_trigger_controller_dag.py took 0.083 seconds
[2021-06-21 19:14:55,781] {scheduler_job.py:182} INFO - Started process (PID=2207) to work on /home/airflow/.local/lib/python3.6/site-packages/airflow/example_dags/example_trigger_controller_dag.py
[2021-06-21 19:14:55,782] {scheduler_job.py:633} INFO - Processing file /home/airflow/.local/lib/python3.6/site-packages/airflow/example_dags/example_trigger_controller_dag.py for tasks to queue
[2021-06-21 19:14:55,782] {logging_mixin.py:104} INFO - [2021-06-21 19:14:55,782] {dagbag.py:487} INFO - Filling up the DagBag from /home/airflow/.local/lib/python3.6/site-packages/airflow/example_dags/example_trigger_controller_dag.py
[2021-06-21 19:14:55,790] {scheduler_job.py:643} INFO - DAG(s) dict_keys(['example_trigger_controller_dag']) retrieved from /home/airflow/.local/lib/python3.6/site-packages/airflow/example_dags/example_trigger_controller_dag.py
[2021-06-21 19:14:55,806] {logging_mixin.py:104} INFO - [2021-06-21 19:14:55,805] {dag.py:1832} INFO - Sync 1 DAGs
[2021-06-21 19:14:55,817] {logging_mixin.py:104} INFO - [2021-06-21 19:14:55,817] {dag.py:2305} INFO - Setting next_dagrun for example_trigger_controller_dag to 2021-06-19 00:00:00+00:00
[2021-06-21 19:14:55,824] {scheduler_job.py:190} INFO - Processing /home/airflow/.local/lib/python3.6/site-packages/airflow/example_dags/example_trigger_controller_dag.py took 0.045 seconds
[2021-06-21 19:15:26,625] {scheduler_job.py:182} INFO - Started process (PID=2297) to work on /home/airflow/.local/lib/python3.6/site-packages/airflow/example_dags/example_trigger_controller_dag.py
[2021-06-21 19:15:26,626] {scheduler_job.py:633} INFO - Processing file /home/airflow/.local/lib/python3.6/site-packages/airflow/example_dags/example_trigger_controller_dag.py for tasks to queue
[2021-06-21 19:15:26,627] {logging_mixin.py:104} INFO - [2021-06-21 19:15:26,627] {dagbag.py:487} INFO - Filling up the DagBag from /home/airflow/.local/lib/python3.6/site-packages/airflow/example_dags/example_trigger_controller_dag.py
[2021-06-21 19:15:26,637] {scheduler_job.py:643} INFO - DAG(s) dict_keys(['example_trigger_controller_dag']) retrieved from /home/airflow/.local/lib/python3.6/site-packages/airflow/example_dags/example_trigger_controller_dag.py
[2021-06-21 19:15:26,655] {logging_mixin.py:104} INFO - [2021-06-21 19:15:26,655] {dag.py:1832} INFO - Sync 1 DAGs
[2021-06-21 19:15:26,670] {logging_mixin.py:104} INFO - [2021-06-21 19:15:26,670] {dag.py:2305} INFO - Setting next_dagrun for example_trigger_controller_dag to 2021-06-19 00:00:00+00:00
[2021-06-21 19:15:26,677] {scheduler_job.py:190} INFO - Processing /home/airflow/.local/lib/python3.6/site-packages/airflow/example_dags/example_trigger_controller_dag.py took 0.054 seconds
[2021-06-21 19:15:57,465] {scheduler_job.py:182} INFO - Started process (PID=2362) to work on /home/airflow/.local/lib/python3.6/site-packages/airflow/example_dags/example_trigger_controller_dag.py
[2021-06-21 19:15:57,466] {scheduler_job.py:633} INFO - Processing file /home/airflow/.local/lib/python3.6/site-packages/airflow/example_dags/example_trigger_controller_dag.py for tasks to queue
[2021-06-21 19:15:57,466] {logging_mixin.py:104} INFO - [2021-06-21 19:15:57,466] {dagbag.py:487} INFO - Filling up the DagBag from /home/airflow/.local/lib/python3.6/site-packages/airflow/example_dags/example_trigger_controller_dag.py
[2021-06-21 19:15:57,475] {scheduler_job.py:643} INFO - DAG(s) dict_keys(['example_trigger_controller_dag']) retrieved from /home/airflow/.local/lib/python3.6/site-packages/airflow/example_dags/example_trigger_controller_dag.py
[2021-06-21 19:15:57,492] {logging_mixin.py:104} INFO - [2021-06-21 19:15:57,492] {dag.py:1832} INFO - Sync 1 DAGs
[2021-06-21 19:15:57,506] {logging_mixin.py:104} INFO - [2021-06-21 19:15:57,506] {dag.py:2305} INFO - Setting next_dagrun for example_trigger_controller_dag to 2021-06-19 00:00:00+00:00
[2021-06-21 19:15:57,515] {scheduler_job.py:190} INFO - Processing /home/airflow/.local/lib/python3.6/site-packages/airflow/example_dags/example_trigger_controller_dag.py took 0.052 seconds
[2021-06-21 19:16:28,361] {scheduler_job.py:182} INFO - Started process (PID=2443) to work on /home/airflow/.local/lib/python3.6/site-packages/airflow/example_dags/example_trigger_controller_dag.py
[2021-06-21 19:16:28,363] {scheduler_job.py:633} INFO - Processing file /home/airflow/.local/lib/python3.6/site-packages/airflow/example_dags/example_trigger_controller_dag.py for tasks to queue
[2021-06-21 19:16:28,365] {logging_mixin.py:104} INFO - [2021-06-21 19:16:28,364] {dagbag.py:487} INFO - Filling up the DagBag from /home/airflow/.local/lib/python3.6/site-packages/airflow/example_dags/example_trigger_controller_dag.py
[2021-06-21 19:16:28,385] {scheduler_job.py:643} INFO - DAG(s) dict_keys(['example_trigger_controller_dag']) retrieved from /home/airflow/.local/lib/python3.6/site-packages/airflow/example_dags/example_trigger_controller_dag.py
[2021-06-21 19:16:28,404] {logging_mixin.py:104} INFO - [2021-06-21 19:16:28,404] {dag.py:1832} INFO - Sync 1 DAGs
[2021-06-21 19:16:28,416] {logging_mixin.py:104} INFO - [2021-06-21 19:16:28,416] {dag.py:2305} INFO - Setting next_dagrun for example_trigger_controller_dag to 2021-06-19 00:00:00+00:00
[2021-06-21 19:16:28,444] {scheduler_job.py:190} INFO - Processing /home/airflow/.local/lib/python3.6/site-packages/airflow/example_dags/example_trigger_controller_dag.py took 0.091 seconds
[2021-06-21 19:16:58,577] {scheduler_job.py:182} INFO - Started process (PID=2508) to work on /home/airflow/.local/lib/python3.6/site-packages/airflow/example_dags/example_trigger_controller_dag.py
[2021-06-21 19:16:58,579] {scheduler_job.py:633} INFO - Processing file /home/airflow/.local/lib/python3.6/site-packages/airflow/example_dags/example_trigger_controller_dag.py for tasks to queue
[2021-06-21 19:16:58,579] {logging_mixin.py:104} INFO - [2021-06-21 19:16:58,579] {dagbag.py:487} INFO - Filling up the DagBag from /home/airflow/.local/lib/python3.6/site-packages/airflow/example_dags/example_trigger_controller_dag.py
[2021-06-21 19:16:58,587] {scheduler_job.py:643} INFO - DAG(s) dict_keys(['example_trigger_controller_dag']) retrieved from /home/airflow/.local/lib/python3.6/site-packages/airflow/example_dags/example_trigger_controller_dag.py
[2021-06-21 19:16:58,604] {logging_mixin.py:104} INFO - [2021-06-21 19:16:58,604] {dag.py:1832} INFO - Sync 1 DAGs
[2021-06-21 19:16:58,617] {logging_mixin.py:104} INFO - [2021-06-21 19:16:58,617] {dag.py:2305} INFO - Setting next_dagrun for example_trigger_controller_dag to 2021-06-19 00:00:00+00:00
[2021-06-21 19:16:58,675] {scheduler_job.py:190} INFO - Processing /home/airflow/.local/lib/python3.6/site-packages/airflow/example_dags/example_trigger_controller_dag.py took 0.100 seconds
[2021-06-21 19:17:28,927] {scheduler_job.py:182} INFO - Started process (PID=2588) to work on /home/airflow/.local/lib/python3.6/site-packages/airflow/example_dags/example_trigger_controller_dag.py
[2021-06-21 19:17:28,928] {scheduler_job.py:633} INFO - Processing file /home/airflow/.local/lib/python3.6/site-packages/airflow/example_dags/example_trigger_controller_dag.py for tasks to queue
[2021-06-21 19:17:28,929] {logging_mixin.py:104} INFO - [2021-06-21 19:17:28,929] {dagbag.py:487} INFO - Filling up the DagBag from /home/airflow/.local/lib/python3.6/site-packages/airflow/example_dags/example_trigger_controller_dag.py
[2021-06-21 19:17:28,938] {scheduler_job.py:643} INFO - DAG(s) dict_keys(['example_trigger_controller_dag']) retrieved from /home/airflow/.local/lib/python3.6/site-packages/airflow/example_dags/example_trigger_controller_dag.py
[2021-06-21 19:17:28,957] {logging_mixin.py:104} INFO - [2021-06-21 19:17:28,957] {dag.py:1832} INFO - Sync 1 DAGs
[2021-06-21 19:17:28,972] {logging_mixin.py:104} INFO - [2021-06-21 19:17:28,972] {dag.py:2305} INFO - Setting next_dagrun for example_trigger_controller_dag to 2021-06-19 00:00:00+00:00
[2021-06-21 19:17:28,998] {scheduler_job.py:190} INFO - Processing /home/airflow/.local/lib/python3.6/site-packages/airflow/example_dags/example_trigger_controller_dag.py took 0.074 seconds
[2021-06-21 19:17:59,384] {scheduler_job.py:182} INFO - Started process (PID=2653) to work on /home/airflow/.local/lib/python3.6/site-packages/airflow/example_dags/example_trigger_controller_dag.py
[2021-06-21 19:17:59,386] {scheduler_job.py:633} INFO - Processing file /home/airflow/.local/lib/python3.6/site-packages/airflow/example_dags/example_trigger_controller_dag.py for tasks to queue
[2021-06-21 19:17:59,387] {logging_mixin.py:104} INFO - [2021-06-21 19:17:59,387] {dagbag.py:487} INFO - Filling up the DagBag from /home/airflow/.local/lib/python3.6/site-packages/airflow/example_dags/example_trigger_controller_dag.py
[2021-06-21 19:17:59,401] {scheduler_job.py:643} INFO - DAG(s) dict_keys(['example_trigger_controller_dag']) retrieved from /home/airflow/.local/lib/python3.6/site-packages/airflow/example_dags/example_trigger_controller_dag.py
[2021-06-21 19:17:59,455] {logging_mixin.py:104} INFO - [2021-06-21 19:17:59,454] {dag.py:1832} INFO - Sync 1 DAGs
[2021-06-21 19:17:59,479] {logging_mixin.py:104} INFO - [2021-06-21 19:17:59,479] {dag.py:2305} INFO - Setting next_dagrun for example_trigger_controller_dag to 2021-06-19 00:00:00+00:00
[2021-06-21 19:17:59,504] {scheduler_job.py:190} INFO - Processing /home/airflow/.local/lib/python3.6/site-packages/airflow/example_dags/example_trigger_controller_dag.py took 0.126 seconds
[2021-06-21 19:18:29,846] {scheduler_job.py:182} INFO - Started process (PID=2737) to work on /home/airflow/.local/lib/python3.6/site-packages/airflow/example_dags/example_trigger_controller_dag.py
[2021-06-21 19:18:29,847] {scheduler_job.py:633} INFO - Processing file /home/airflow/.local/lib/python3.6/site-packages/airflow/example_dags/example_trigger_controller_dag.py for tasks to queue
[2021-06-21 19:18:29,847] {logging_mixin.py:104} INFO - [2021-06-21 19:18:29,847] {dagbag.py:487} INFO - Filling up the DagBag from /home/airflow/.local/lib/python3.6/site-packages/airflow/example_dags/example_trigger_controller_dag.py
[2021-06-21 19:18:29,855] {scheduler_job.py:643} INFO - DAG(s) dict_keys(['example_trigger_controller_dag']) retrieved from /home/airflow/.local/lib/python3.6/site-packages/airflow/example_dags/example_trigger_controller_dag.py
[2021-06-21 19:18:29,871] {logging_mixin.py:104} INFO - [2021-06-21 19:18:29,871] {dag.py:1832} INFO - Sync 1 DAGs
[2021-06-21 19:18:29,884] {logging_mixin.py:104} INFO - [2021-06-21 19:18:29,884] {dag.py:2305} INFO - Setting next_dagrun for example_trigger_controller_dag to 2021-06-19 00:00:00+00:00
[2021-06-21 19:18:29,890] {scheduler_job.py:190} INFO - Processing /home/airflow/.local/lib/python3.6/site-packages/airflow/example_dags/example_trigger_controller_dag.py took 0.047 seconds
[2021-06-21 19:19:00,728] {scheduler_job.py:182} INFO - Started process (PID=2808) to work on /home/airflow/.local/lib/python3.6/site-packages/airflow/example_dags/example_trigger_controller_dag.py
[2021-06-21 19:19:00,729] {scheduler_job.py:633} INFO - Processing file /home/airflow/.local/lib/python3.6/site-packages/airflow/example_dags/example_trigger_controller_dag.py for tasks to queue
[2021-06-21 19:19:00,729] {logging_mixin.py:104} INFO - [2021-06-21 19:19:00,729] {dagbag.py:487} INFO - Filling up the DagBag from /home/airflow/.local/lib/python3.6/site-packages/airflow/example_dags/example_trigger_controller_dag.py
[2021-06-21 19:19:00,739] {scheduler_job.py:643} INFO - DAG(s) dict_keys(['example_trigger_controller_dag']) retrieved from /home/airflow/.local/lib/python3.6/site-packages/airflow/example_dags/example_trigger_controller_dag.py
[2021-06-21 19:19:00,756] {logging_mixin.py:104} INFO - [2021-06-21 19:19:00,756] {dag.py:1832} INFO - Sync 1 DAGs
[2021-06-21 19:19:00,770] {logging_mixin.py:104} INFO - [2021-06-21 19:19:00,770] {dag.py:2305} INFO - Setting next_dagrun for example_trigger_controller_dag to 2021-06-19 00:00:00+00:00
[2021-06-21 19:19:00,776] {scheduler_job.py:190} INFO - Processing /home/airflow/.local/lib/python3.6/site-packages/airflow/example_dags/example_trigger_controller_dag.py took 0.051 seconds
[2021-06-21 19:19:31,363] {scheduler_job.py:182} INFO - Started process (PID=2885) to work on /home/airflow/.local/lib/python3.6/site-packages/airflow/example_dags/example_trigger_controller_dag.py
[2021-06-21 19:19:31,364] {scheduler_job.py:633} INFO - Processing file /home/airflow/.local/lib/python3.6/site-packages/airflow/example_dags/example_trigger_controller_dag.py for tasks to queue
[2021-06-21 19:19:31,365] {logging_mixin.py:104} INFO - [2021-06-21 19:19:31,365] {dagbag.py:487} INFO - Filling up the DagBag from /home/airflow/.local/lib/python3.6/site-packages/airflow/example_dags/example_trigger_controller_dag.py
[2021-06-21 19:19:31,376] {scheduler_job.py:643} INFO - DAG(s) dict_keys(['example_trigger_controller_dag']) retrieved from /home/airflow/.local/lib/python3.6/site-packages/airflow/example_dags/example_trigger_controller_dag.py
[2021-06-21 19:19:31,394] {logging_mixin.py:104} INFO - [2021-06-21 19:19:31,394] {dag.py:1832} INFO - Sync 1 DAGs
[2021-06-21 19:19:31,408] {logging_mixin.py:104} INFO - [2021-06-21 19:19:31,408] {dag.py:2305} INFO - Setting next_dagrun for example_trigger_controller_dag to 2021-06-19 00:00:00+00:00
[2021-06-21 19:19:31,415] {scheduler_job.py:190} INFO - Processing /home/airflow/.local/lib/python3.6/site-packages/airflow/example_dags/example_trigger_controller_dag.py took 0.055 seconds
[2021-06-21 19:20:02,187] {scheduler_job.py:182} INFO - Started process (PID=2958) to work on /home/airflow/.local/lib/python3.6/site-packages/airflow/example_dags/example_trigger_controller_dag.py
[2021-06-21 19:20:02,188] {scheduler_job.py:633} INFO - Processing file /home/airflow/.local/lib/python3.6/site-packages/airflow/example_dags/example_trigger_controller_dag.py for tasks to queue
[2021-06-21 19:20:02,188] {logging_mixin.py:104} INFO - [2021-06-21 19:20:02,188] {dagbag.py:487} INFO - Filling up the DagBag from /home/airflow/.local/lib/python3.6/site-packages/airflow/example_dags/example_trigger_controller_dag.py
[2021-06-21 19:20:02,197] {scheduler_job.py:643} INFO - DAG(s) dict_keys(['example_trigger_controller_dag']) retrieved from /home/airflow/.local/lib/python3.6/site-packages/airflow/example_dags/example_trigger_controller_dag.py
[2021-06-21 19:20:02,214] {logging_mixin.py:104} INFO - [2021-06-21 19:20:02,214] {dag.py:1832} INFO - Sync 1 DAGs
[2021-06-21 19:20:02,227] {logging_mixin.py:104} INFO - [2021-06-21 19:20:02,227] {dag.py:2305} INFO - Setting next_dagrun for example_trigger_controller_dag to 2021-06-19 00:00:00+00:00
[2021-06-21 19:20:02,235] {scheduler_job.py:190} INFO - Processing /home/airflow/.local/lib/python3.6/site-packages/airflow/example_dags/example_trigger_controller_dag.py took 0.051 seconds
[2021-06-21 19:20:32,791] {scheduler_job.py:182} INFO - Started process (PID=3031) to work on /home/airflow/.local/lib/python3.6/site-packages/airflow/example_dags/example_trigger_controller_dag.py
[2021-06-21 19:20:32,792] {scheduler_job.py:633} INFO - Processing file /home/airflow/.local/lib/python3.6/site-packages/airflow/example_dags/example_trigger_controller_dag.py for tasks to queue
[2021-06-21 19:20:32,793] {logging_mixin.py:104} INFO - [2021-06-21 19:20:32,793] {dagbag.py:487} INFO - Filling up the DagBag from /home/airflow/.local/lib/python3.6/site-packages/airflow/example_dags/example_trigger_controller_dag.py
[2021-06-21 19:20:32,802] {scheduler_job.py:643} INFO - DAG(s) dict_keys(['example_trigger_controller_dag']) retrieved from /home/airflow/.local/lib/python3.6/site-packages/airflow/example_dags/example_trigger_controller_dag.py
[2021-06-21 19:20:32,819] {logging_mixin.py:104} INFO - [2021-06-21 19:20:32,819] {dag.py:1832} INFO - Sync 1 DAGs
[2021-06-21 19:20:32,833] {logging_mixin.py:104} INFO - [2021-06-21 19:20:32,833] {dag.py:2305} INFO - Setting next_dagrun for example_trigger_controller_dag to 2021-06-19 00:00:00+00:00
[2021-06-21 19:20:32,841] {scheduler_job.py:190} INFO - Processing /home/airflow/.local/lib/python3.6/site-packages/airflow/example_dags/example_trigger_controller_dag.py took 0.052 seconds
[2021-06-21 19:21:03,519] {scheduler_job.py:182} INFO - Started process (PID=3111) to work on /home/airflow/.local/lib/python3.6/site-packages/airflow/example_dags/example_trigger_controller_dag.py
[2021-06-21 19:21:03,520] {scheduler_job.py:633} INFO - Processing file /home/airflow/.local/lib/python3.6/site-packages/airflow/example_dags/example_trigger_controller_dag.py for tasks to queue
[2021-06-21 19:21:03,520] {logging_mixin.py:104} INFO - [2021-06-21 19:21:03,520] {dagbag.py:487} INFO - Filling up the DagBag from /home/airflow/.local/lib/python3.6/site-packages/airflow/example_dags/example_trigger_controller_dag.py
[2021-06-21 19:21:03,528] {scheduler_job.py:643} INFO - DAG(s) dict_keys(['example_trigger_controller_dag']) retrieved from /home/airflow/.local/lib/python3.6/site-packages/airflow/example_dags/example_trigger_controller_dag.py
[2021-06-21 19:21:03,543] {logging_mixin.py:104} INFO - [2021-06-21 19:21:03,543] {dag.py:1832} INFO - Sync 1 DAGs
[2021-06-21 19:21:03,555] {logging_mixin.py:104} INFO - [2021-06-21 19:21:03,555] {dag.py:2305} INFO - Setting next_dagrun for example_trigger_controller_dag to 2021-06-19 00:00:00+00:00
[2021-06-21 19:21:03,562] {scheduler_job.py:190} INFO - Processing /home/airflow/.local/lib/python3.6/site-packages/airflow/example_dags/example_trigger_controller_dag.py took 0.045 seconds
[2021-06-21 19:21:34,088] {scheduler_job.py:182} INFO - Started process (PID=3178) to work on /home/airflow/.local/lib/python3.6/site-packages/airflow/example_dags/example_trigger_controller_dag.py
[2021-06-21 19:21:34,090] {scheduler_job.py:633} INFO - Processing file /home/airflow/.local/lib/python3.6/site-packages/airflow/example_dags/example_trigger_controller_dag.py for tasks to queue
[2021-06-21 19:21:34,090] {logging_mixin.py:104} INFO - [2021-06-21 19:21:34,090] {dagbag.py:487} INFO - Filling up the DagBag from /home/airflow/.local/lib/python3.6/site-packages/airflow/example_dags/example_trigger_controller_dag.py
[2021-06-21 19:21:34,103] {scheduler_job.py:643} INFO - DAG(s) dict_keys(['example_trigger_controller_dag']) retrieved from /home/airflow/.local/lib/python3.6/site-packages/airflow/example_dags/example_trigger_controller_dag.py
[2021-06-21 19:21:34,124] {logging_mixin.py:104} INFO - [2021-06-21 19:21:34,123] {dag.py:1832} INFO - Sync 1 DAGs
[2021-06-21 19:21:34,139] {logging_mixin.py:104} INFO - [2021-06-21 19:21:34,139] {dag.py:2305} INFO - Setting next_dagrun for example_trigger_controller_dag to 2021-06-19 00:00:00+00:00
[2021-06-21 19:21:34,148] {scheduler_job.py:190} INFO - Processing /home/airflow/.local/lib/python3.6/site-packages/airflow/example_dags/example_trigger_controller_dag.py took 0.063 seconds
[2021-06-21 19:22:04,713] {scheduler_job.py:182} INFO - Started process (PID=3258) to work on /home/airflow/.local/lib/python3.6/site-packages/airflow/example_dags/example_trigger_controller_dag.py
[2021-06-21 19:22:04,715] {scheduler_job.py:633} INFO - Processing file /home/airflow/.local/lib/python3.6/site-packages/airflow/example_dags/example_trigger_controller_dag.py for tasks to queue
[2021-06-21 19:22:04,715] {logging_mixin.py:104} INFO - [2021-06-21 19:22:04,715] {dagbag.py:487} INFO - Filling up the DagBag from /home/airflow/.local/lib/python3.6/site-packages/airflow/example_dags/example_trigger_controller_dag.py
[2021-06-21 19:22:04,726] {scheduler_job.py:643} INFO - DAG(s) dict_keys(['example_trigger_controller_dag']) retrieved from /home/airflow/.local/lib/python3.6/site-packages/airflow/example_dags/example_trigger_controller_dag.py
[2021-06-21 19:22:04,744] {logging_mixin.py:104} INFO - [2021-06-21 19:22:04,744] {dag.py:1832} INFO - Sync 1 DAGs
[2021-06-21 19:22:04,757] {logging_mixin.py:104} INFO - [2021-06-21 19:22:04,757] {dag.py:2305} INFO - Setting next_dagrun for example_trigger_controller_dag to 2021-06-19 00:00:00+00:00
[2021-06-21 19:22:04,764] {scheduler_job.py:190} INFO - Processing /home/airflow/.local/lib/python3.6/site-packages/airflow/example_dags/example_trigger_controller_dag.py took 0.055 seconds
[2021-06-21 19:22:35,568] {scheduler_job.py:182} INFO - Started process (PID=3325) to work on /home/airflow/.local/lib/python3.6/site-packages/airflow/example_dags/example_trigger_controller_dag.py
[2021-06-21 19:22:35,569] {scheduler_job.py:633} INFO - Processing file /home/airflow/.local/lib/python3.6/site-packages/airflow/example_dags/example_trigger_controller_dag.py for tasks to queue
[2021-06-21 19:22:35,569] {logging_mixin.py:104} INFO - [2021-06-21 19:22:35,569] {dagbag.py:487} INFO - Filling up the DagBag from /home/airflow/.local/lib/python3.6/site-packages/airflow/example_dags/example_trigger_controller_dag.py
[2021-06-21 19:22:35,578] {scheduler_job.py:643} INFO - DAG(s) dict_keys(['example_trigger_controller_dag']) retrieved from /home/airflow/.local/lib/python3.6/site-packages/airflow/example_dags/example_trigger_controller_dag.py
[2021-06-21 19:22:35,594] {logging_mixin.py:104} INFO - [2021-06-21 19:22:35,594] {dag.py:1832} INFO - Sync 1 DAGs
[2021-06-21 19:22:35,606] {logging_mixin.py:104} INFO - [2021-06-21 19:22:35,606] {dag.py:2305} INFO - Setting next_dagrun for example_trigger_controller_dag to 2021-06-19 00:00:00+00:00
[2021-06-21 19:22:35,630] {scheduler_job.py:190} INFO - Processing /home/airflow/.local/lib/python3.6/site-packages/airflow/example_dags/example_trigger_controller_dag.py took 0.065 seconds
[2021-06-21 19:23:05,743] {scheduler_job.py:182} INFO - Started process (PID=3405) to work on /home/airflow/.local/lib/python3.6/site-packages/airflow/example_dags/example_trigger_controller_dag.py
[2021-06-21 19:23:05,744] {scheduler_job.py:633} INFO - Processing file /home/airflow/.local/lib/python3.6/site-packages/airflow/example_dags/example_trigger_controller_dag.py for tasks to queue
[2021-06-21 19:23:05,744] {logging_mixin.py:104} INFO - [2021-06-21 19:23:05,744] {dagbag.py:487} INFO - Filling up the DagBag from /home/airflow/.local/lib/python3.6/site-packages/airflow/example_dags/example_trigger_controller_dag.py
[2021-06-21 19:23:05,754] {scheduler_job.py:643} INFO - DAG(s) dict_keys(['example_trigger_controller_dag']) retrieved from /home/airflow/.local/lib/python3.6/site-packages/airflow/example_dags/example_trigger_controller_dag.py
[2021-06-21 19:23:05,773] {logging_mixin.py:104} INFO - [2021-06-21 19:23:05,773] {dag.py:1832} INFO - Sync 1 DAGs
[2021-06-21 19:23:05,788] {logging_mixin.py:104} INFO - [2021-06-21 19:23:05,788] {dag.py:2305} INFO - Setting next_dagrun for example_trigger_controller_dag to 2021-06-19 00:00:00+00:00
[2021-06-21 19:23:05,815] {scheduler_job.py:190} INFO - Processing /home/airflow/.local/lib/python3.6/site-packages/airflow/example_dags/example_trigger_controller_dag.py took 0.075 seconds
[2021-06-21 19:23:36,279] {scheduler_job.py:182} INFO - Started process (PID=3470) to work on /home/airflow/.local/lib/python3.6/site-packages/airflow/example_dags/example_trigger_controller_dag.py
[2021-06-21 19:23:36,281] {scheduler_job.py:633} INFO - Processing file /home/airflow/.local/lib/python3.6/site-packages/airflow/example_dags/example_trigger_controller_dag.py for tasks to queue
[2021-06-21 19:23:36,282] {logging_mixin.py:104} INFO - [2021-06-21 19:23:36,281] {dagbag.py:487} INFO - Filling up the DagBag from /home/airflow/.local/lib/python3.6/site-packages/airflow/example_dags/example_trigger_controller_dag.py
[2021-06-21 19:23:36,299] {scheduler_job.py:643} INFO - DAG(s) dict_keys(['example_trigger_controller_dag']) retrieved from /home/airflow/.local/lib/python3.6/site-packages/airflow/example_dags/example_trigger_controller_dag.py
[2021-06-21 19:23:36,323] {logging_mixin.py:104} INFO - [2021-06-21 19:23:36,323] {dag.py:1832} INFO - Sync 1 DAGs
[2021-06-21 19:23:36,347] {logging_mixin.py:104} INFO - [2021-06-21 19:23:36,347] {dag.py:2305} INFO - Setting next_dagrun for example_trigger_controller_dag to 2021-06-19 00:00:00+00:00
[2021-06-21 19:23:36,379] {scheduler_job.py:190} INFO - Processing /home/airflow/.local/lib/python3.6/site-packages/airflow/example_dags/example_trigger_controller_dag.py took 0.104 seconds
