[2021-06-21 19:00:08,168] {scheduler_job.py:182} INFO - Started process (PID=64) to work on /home/airflow/.local/lib/python3.6/site-packages/airflow/example_dags/tutorial.py
[2021-06-21 19:00:08,169] {scheduler_job.py:633} INFO - Processing file /home/airflow/.local/lib/python3.6/site-packages/airflow/example_dags/tutorial.py for tasks to queue
[2021-06-21 19:00:08,170] {logging_mixin.py:104} INFO - [2021-06-21 19:00:08,170] {dagbag.py:487} INFO - Filling up the DagBag from /home/airflow/.local/lib/python3.6/site-packages/airflow/example_dags/tutorial.py
[2021-06-21 19:00:08,183] {scheduler_job.py:643} INFO - DAG(s) dict_keys(['tutorial']) retrieved from /home/airflow/.local/lib/python3.6/site-packages/airflow/example_dags/tutorial.py
[2021-06-21 19:00:11,034] {logging_mixin.py:104} INFO - [2021-06-21 19:00:11,033] {dag.py:1832} INFO - Sync 1 DAGs
[2021-06-21 19:00:11,046] {logging_mixin.py:104} INFO - [2021-06-21 19:00:11,045] {dag.py:1851} INFO - Creating ORM DAG for tutorial
[2021-06-21 19:00:11,052] {logging_mixin.py:104} INFO - [2021-06-21 19:00:11,052] {dag.py:2305} INFO - Setting next_dagrun for tutorial to 2021-06-19 00:00:00+00:00
[2021-06-21 19:00:11,065] {scheduler_job.py:190} INFO - Processing /home/airflow/.local/lib/python3.6/site-packages/airflow/example_dags/tutorial.py took 2.899 seconds
[2021-06-21 19:00:42,977] {scheduler_job.py:182} INFO - Started process (PID=168) to work on /home/airflow/.local/lib/python3.6/site-packages/airflow/example_dags/tutorial.py
[2021-06-21 19:00:42,978] {scheduler_job.py:633} INFO - Processing file /home/airflow/.local/lib/python3.6/site-packages/airflow/example_dags/tutorial.py for tasks to queue
[2021-06-21 19:00:42,979] {logging_mixin.py:104} INFO - [2021-06-21 19:00:42,979] {dagbag.py:487} INFO - Filling up the DagBag from /home/airflow/.local/lib/python3.6/site-packages/airflow/example_dags/tutorial.py
[2021-06-21 19:00:42,989] {scheduler_job.py:643} INFO - DAG(s) dict_keys(['tutorial']) retrieved from /home/airflow/.local/lib/python3.6/site-packages/airflow/example_dags/tutorial.py
[2021-06-21 19:00:43,009] {logging_mixin.py:104} INFO - [2021-06-21 19:00:43,009] {dag.py:1832} INFO - Sync 1 DAGs
[2021-06-21 19:00:43,027] {logging_mixin.py:104} INFO - [2021-06-21 19:00:43,027] {dag.py:2305} INFO - Setting next_dagrun for tutorial to 2021-06-19 00:00:00+00:00
[2021-06-21 19:00:43,036] {scheduler_job.py:190} INFO - Processing /home/airflow/.local/lib/python3.6/site-packages/airflow/example_dags/tutorial.py took 0.061 seconds
[2021-06-21 19:01:13,850] {scheduler_job.py:182} INFO - Started process (PID=231) to work on /home/airflow/.local/lib/python3.6/site-packages/airflow/example_dags/tutorial.py
[2021-06-21 19:01:13,851] {scheduler_job.py:633} INFO - Processing file /home/airflow/.local/lib/python3.6/site-packages/airflow/example_dags/tutorial.py for tasks to queue
[2021-06-21 19:01:13,851] {logging_mixin.py:104} INFO - [2021-06-21 19:01:13,851] {dagbag.py:487} INFO - Filling up the DagBag from /home/airflow/.local/lib/python3.6/site-packages/airflow/example_dags/tutorial.py
[2021-06-21 19:01:13,860] {scheduler_job.py:643} INFO - DAG(s) dict_keys(['tutorial']) retrieved from /home/airflow/.local/lib/python3.6/site-packages/airflow/example_dags/tutorial.py
[2021-06-21 19:01:13,876] {logging_mixin.py:104} INFO - [2021-06-21 19:01:13,876] {dag.py:1832} INFO - Sync 1 DAGs
[2021-06-21 19:01:13,888] {logging_mixin.py:104} INFO - [2021-06-21 19:01:13,888] {dag.py:2305} INFO - Setting next_dagrun for tutorial to 2021-06-19 00:00:00+00:00
[2021-06-21 19:01:13,894] {scheduler_job.py:190} INFO - Processing /home/airflow/.local/lib/python3.6/site-packages/airflow/example_dags/tutorial.py took 0.046 seconds
[2021-06-21 19:01:44,928] {scheduler_job.py:182} INFO - Started process (PID=311) to work on /home/airflow/.local/lib/python3.6/site-packages/airflow/example_dags/tutorial.py
[2021-06-21 19:01:44,928] {scheduler_job.py:633} INFO - Processing file /home/airflow/.local/lib/python3.6/site-packages/airflow/example_dags/tutorial.py for tasks to queue
[2021-06-21 19:01:44,929] {logging_mixin.py:104} INFO - [2021-06-21 19:01:44,929] {dagbag.py:487} INFO - Filling up the DagBag from /home/airflow/.local/lib/python3.6/site-packages/airflow/example_dags/tutorial.py
[2021-06-21 19:01:44,942] {scheduler_job.py:643} INFO - DAG(s) dict_keys(['tutorial']) retrieved from /home/airflow/.local/lib/python3.6/site-packages/airflow/example_dags/tutorial.py
[2021-06-21 19:01:44,965] {logging_mixin.py:104} INFO - [2021-06-21 19:01:44,964] {dag.py:1832} INFO - Sync 1 DAGs
[2021-06-21 19:01:44,982] {logging_mixin.py:104} INFO - [2021-06-21 19:01:44,981] {dag.py:2305} INFO - Setting next_dagrun for tutorial to 2021-06-19 00:00:00+00:00
[2021-06-21 19:01:44,990] {scheduler_job.py:190} INFO - Processing /home/airflow/.local/lib/python3.6/site-packages/airflow/example_dags/tutorial.py took 0.066 seconds
[2021-06-21 19:02:15,177] {scheduler_job.py:182} INFO - Started process (PID=375) to work on /home/airflow/.local/lib/python3.6/site-packages/airflow/example_dags/tutorial.py
[2021-06-21 19:02:15,179] {scheduler_job.py:633} INFO - Processing file /home/airflow/.local/lib/python3.6/site-packages/airflow/example_dags/tutorial.py for tasks to queue
[2021-06-21 19:02:15,179] {logging_mixin.py:104} INFO - [2021-06-21 19:02:15,179] {dagbag.py:487} INFO - Filling up the DagBag from /home/airflow/.local/lib/python3.6/site-packages/airflow/example_dags/tutorial.py
[2021-06-21 19:02:15,194] {scheduler_job.py:643} INFO - DAG(s) dict_keys(['tutorial']) retrieved from /home/airflow/.local/lib/python3.6/site-packages/airflow/example_dags/tutorial.py
[2021-06-21 19:02:15,209] {logging_mixin.py:104} INFO - [2021-06-21 19:02:15,209] {dag.py:1832} INFO - Sync 1 DAGs
[2021-06-21 19:02:15,220] {logging_mixin.py:104} INFO - [2021-06-21 19:02:15,220] {dag.py:2305} INFO - Setting next_dagrun for tutorial to 2021-06-19 00:00:00+00:00
[2021-06-21 19:02:15,242] {scheduler_job.py:190} INFO - Processing /home/airflow/.local/lib/python3.6/site-packages/airflow/example_dags/tutorial.py took 0.067 seconds
[2021-06-21 19:02:45,554] {scheduler_job.py:182} INFO - Started process (PID=456) to work on /home/airflow/.local/lib/python3.6/site-packages/airflow/example_dags/tutorial.py
[2021-06-21 19:02:45,555] {scheduler_job.py:633} INFO - Processing file /home/airflow/.local/lib/python3.6/site-packages/airflow/example_dags/tutorial.py for tasks to queue
[2021-06-21 19:02:45,556] {logging_mixin.py:104} INFO - [2021-06-21 19:02:45,556] {dagbag.py:487} INFO - Filling up the DagBag from /home/airflow/.local/lib/python3.6/site-packages/airflow/example_dags/tutorial.py
[2021-06-21 19:02:45,565] {scheduler_job.py:643} INFO - DAG(s) dict_keys(['tutorial']) retrieved from /home/airflow/.local/lib/python3.6/site-packages/airflow/example_dags/tutorial.py
[2021-06-21 19:02:45,580] {logging_mixin.py:104} INFO - [2021-06-21 19:02:45,580] {dag.py:1832} INFO - Sync 1 DAGs
[2021-06-21 19:02:45,592] {logging_mixin.py:104} INFO - [2021-06-21 19:02:45,592] {dag.py:2305} INFO - Setting next_dagrun for tutorial to 2021-06-19 00:00:00+00:00
[2021-06-21 19:02:45,670] {scheduler_job.py:190} INFO - Processing /home/airflow/.local/lib/python3.6/site-packages/airflow/example_dags/tutorial.py took 0.118 seconds
[2021-06-21 19:03:15,787] {scheduler_job.py:182} INFO - Started process (PID=530) to work on /home/airflow/.local/lib/python3.6/site-packages/airflow/example_dags/tutorial.py
[2021-06-21 19:03:15,788] {scheduler_job.py:633} INFO - Processing file /home/airflow/.local/lib/python3.6/site-packages/airflow/example_dags/tutorial.py for tasks to queue
[2021-06-21 19:03:15,788] {logging_mixin.py:104} INFO - [2021-06-21 19:03:15,788] {dagbag.py:487} INFO - Filling up the DagBag from /home/airflow/.local/lib/python3.6/site-packages/airflow/example_dags/tutorial.py
[2021-06-21 19:03:15,798] {scheduler_job.py:643} INFO - DAG(s) dict_keys(['tutorial']) retrieved from /home/airflow/.local/lib/python3.6/site-packages/airflow/example_dags/tutorial.py
[2021-06-21 19:03:15,815] {logging_mixin.py:104} INFO - [2021-06-21 19:03:15,815] {dag.py:1832} INFO - Sync 1 DAGs
[2021-06-21 19:03:15,828] {logging_mixin.py:104} INFO - [2021-06-21 19:03:15,828] {dag.py:2305} INFO - Setting next_dagrun for tutorial to 2021-06-19 00:00:00+00:00
[2021-06-21 19:03:15,859] {scheduler_job.py:190} INFO - Processing /home/airflow/.local/lib/python3.6/site-packages/airflow/example_dags/tutorial.py took 0.074 seconds
[2021-06-21 19:03:45,922] {scheduler_job.py:182} INFO - Started process (PID=602) to work on /home/airflow/.local/lib/python3.6/site-packages/airflow/example_dags/tutorial.py
[2021-06-21 19:03:45,922] {scheduler_job.py:633} INFO - Processing file /home/airflow/.local/lib/python3.6/site-packages/airflow/example_dags/tutorial.py for tasks to queue
[2021-06-21 19:03:45,923] {logging_mixin.py:104} INFO - [2021-06-21 19:03:45,923] {dagbag.py:487} INFO - Filling up the DagBag from /home/airflow/.local/lib/python3.6/site-packages/airflow/example_dags/tutorial.py
[2021-06-21 19:03:45,932] {scheduler_job.py:643} INFO - DAG(s) dict_keys(['tutorial']) retrieved from /home/airflow/.local/lib/python3.6/site-packages/airflow/example_dags/tutorial.py
[2021-06-21 19:03:45,949] {logging_mixin.py:104} INFO - [2021-06-21 19:03:45,949] {dag.py:1832} INFO - Sync 1 DAGs
[2021-06-21 19:03:45,961] {logging_mixin.py:104} INFO - [2021-06-21 19:03:45,961] {dag.py:2305} INFO - Setting next_dagrun for tutorial to 2021-06-19 00:00:00+00:00
[2021-06-21 19:03:45,988] {scheduler_job.py:190} INFO - Processing /home/airflow/.local/lib/python3.6/site-packages/airflow/example_dags/tutorial.py took 0.069 seconds
[2021-06-21 19:04:16,144] {scheduler_job.py:182} INFO - Started process (PID=674) to work on /home/airflow/.local/lib/python3.6/site-packages/airflow/example_dags/tutorial.py
[2021-06-21 19:04:16,145] {scheduler_job.py:633} INFO - Processing file /home/airflow/.local/lib/python3.6/site-packages/airflow/example_dags/tutorial.py for tasks to queue
[2021-06-21 19:04:16,145] {logging_mixin.py:104} INFO - [2021-06-21 19:04:16,145] {dagbag.py:487} INFO - Filling up the DagBag from /home/airflow/.local/lib/python3.6/site-packages/airflow/example_dags/tutorial.py
[2021-06-21 19:04:16,155] {scheduler_job.py:643} INFO - DAG(s) dict_keys(['tutorial']) retrieved from /home/airflow/.local/lib/python3.6/site-packages/airflow/example_dags/tutorial.py
[2021-06-21 19:04:16,172] {logging_mixin.py:104} INFO - [2021-06-21 19:04:16,172] {dag.py:1832} INFO - Sync 1 DAGs
[2021-06-21 19:04:16,185] {logging_mixin.py:104} INFO - [2021-06-21 19:04:16,184] {dag.py:2305} INFO - Setting next_dagrun for tutorial to 2021-06-19 00:00:00+00:00
[2021-06-21 19:04:16,192] {scheduler_job.py:190} INFO - Processing /home/airflow/.local/lib/python3.6/site-packages/airflow/example_dags/tutorial.py took 0.051 seconds
[2021-06-21 19:04:47,211] {scheduler_job.py:182} INFO - Started process (PID=745) to work on /home/airflow/.local/lib/python3.6/site-packages/airflow/example_dags/tutorial.py
[2021-06-21 19:04:47,211] {scheduler_job.py:633} INFO - Processing file /home/airflow/.local/lib/python3.6/site-packages/airflow/example_dags/tutorial.py for tasks to queue
[2021-06-21 19:04:47,212] {logging_mixin.py:104} INFO - [2021-06-21 19:04:47,212] {dagbag.py:487} INFO - Filling up the DagBag from /home/airflow/.local/lib/python3.6/site-packages/airflow/example_dags/tutorial.py
[2021-06-21 19:04:47,221] {scheduler_job.py:643} INFO - DAG(s) dict_keys(['tutorial']) retrieved from /home/airflow/.local/lib/python3.6/site-packages/airflow/example_dags/tutorial.py
[2021-06-21 19:04:47,235] {logging_mixin.py:104} INFO - [2021-06-21 19:04:47,235] {dag.py:1832} INFO - Sync 1 DAGs
[2021-06-21 19:04:47,247] {logging_mixin.py:104} INFO - [2021-06-21 19:04:47,247] {dag.py:2305} INFO - Setting next_dagrun for tutorial to 2021-06-19 00:00:00+00:00
[2021-06-21 19:04:47,254] {scheduler_job.py:190} INFO - Processing /home/airflow/.local/lib/python3.6/site-packages/airflow/example_dags/tutorial.py took 0.046 seconds
[2021-06-21 19:05:18,207] {scheduler_job.py:182} INFO - Started process (PID=826) to work on /home/airflow/.local/lib/python3.6/site-packages/airflow/example_dags/tutorial.py
[2021-06-21 19:05:18,208] {scheduler_job.py:633} INFO - Processing file /home/airflow/.local/lib/python3.6/site-packages/airflow/example_dags/tutorial.py for tasks to queue
[2021-06-21 19:05:18,209] {logging_mixin.py:104} INFO - [2021-06-21 19:05:18,209] {dagbag.py:487} INFO - Filling up the DagBag from /home/airflow/.local/lib/python3.6/site-packages/airflow/example_dags/tutorial.py
[2021-06-21 19:05:18,220] {scheduler_job.py:643} INFO - DAG(s) dict_keys(['tutorial']) retrieved from /home/airflow/.local/lib/python3.6/site-packages/airflow/example_dags/tutorial.py
[2021-06-21 19:05:18,241] {logging_mixin.py:104} INFO - [2021-06-21 19:05:18,241] {dag.py:1832} INFO - Sync 1 DAGs
[2021-06-21 19:05:18,255] {logging_mixin.py:104} INFO - [2021-06-21 19:05:18,255] {dag.py:2305} INFO - Setting next_dagrun for tutorial to 2021-06-19 00:00:00+00:00
[2021-06-21 19:05:18,264] {scheduler_job.py:190} INFO - Processing /home/airflow/.local/lib/python3.6/site-packages/airflow/example_dags/tutorial.py took 0.059 seconds
[2021-06-21 19:05:48,814] {scheduler_job.py:182} INFO - Started process (PID=890) to work on /home/airflow/.local/lib/python3.6/site-packages/airflow/example_dags/tutorial.py
[2021-06-21 19:05:48,815] {scheduler_job.py:633} INFO - Processing file /home/airflow/.local/lib/python3.6/site-packages/airflow/example_dags/tutorial.py for tasks to queue
[2021-06-21 19:05:48,815] {logging_mixin.py:104} INFO - [2021-06-21 19:05:48,815] {dagbag.py:487} INFO - Filling up the DagBag from /home/airflow/.local/lib/python3.6/site-packages/airflow/example_dags/tutorial.py
[2021-06-21 19:05:48,825] {scheduler_job.py:643} INFO - DAG(s) dict_keys(['tutorial']) retrieved from /home/airflow/.local/lib/python3.6/site-packages/airflow/example_dags/tutorial.py
[2021-06-21 19:05:48,842] {logging_mixin.py:104} INFO - [2021-06-21 19:05:48,842] {dag.py:1832} INFO - Sync 1 DAGs
[2021-06-21 19:05:48,854] {logging_mixin.py:104} INFO - [2021-06-21 19:05:48,854] {dag.py:2305} INFO - Setting next_dagrun for tutorial to 2021-06-19 00:00:00+00:00
[2021-06-21 19:05:48,861] {scheduler_job.py:190} INFO - Processing /home/airflow/.local/lib/python3.6/site-packages/airflow/example_dags/tutorial.py took 0.049 seconds
[2021-06-21 19:06:18,899] {scheduler_job.py:182} INFO - Started process (PID=971) to work on /home/airflow/.local/lib/python3.6/site-packages/airflow/example_dags/tutorial.py
[2021-06-21 19:06:18,900] {scheduler_job.py:633} INFO - Processing file /home/airflow/.local/lib/python3.6/site-packages/airflow/example_dags/tutorial.py for tasks to queue
[2021-06-21 19:06:18,900] {logging_mixin.py:104} INFO - [2021-06-21 19:06:18,900] {dagbag.py:487} INFO - Filling up the DagBag from /home/airflow/.local/lib/python3.6/site-packages/airflow/example_dags/tutorial.py
[2021-06-21 19:06:18,910] {scheduler_job.py:643} INFO - DAG(s) dict_keys(['tutorial']) retrieved from /home/airflow/.local/lib/python3.6/site-packages/airflow/example_dags/tutorial.py
[2021-06-21 19:06:18,927] {logging_mixin.py:104} INFO - [2021-06-21 19:06:18,927] {dag.py:1832} INFO - Sync 1 DAGs
[2021-06-21 19:06:18,940] {logging_mixin.py:104} INFO - [2021-06-21 19:06:18,940] {dag.py:2305} INFO - Setting next_dagrun for tutorial to 2021-06-19 00:00:00+00:00
[2021-06-21 19:06:18,947] {scheduler_job.py:190} INFO - Processing /home/airflow/.local/lib/python3.6/site-packages/airflow/example_dags/tutorial.py took 0.051 seconds
[2021-06-21 19:06:49,203] {scheduler_job.py:182} INFO - Started process (PID=1034) to work on /home/airflow/.local/lib/python3.6/site-packages/airflow/example_dags/tutorial.py
[2021-06-21 19:06:49,204] {scheduler_job.py:633} INFO - Processing file /home/airflow/.local/lib/python3.6/site-packages/airflow/example_dags/tutorial.py for tasks to queue
[2021-06-21 19:06:49,204] {logging_mixin.py:104} INFO - [2021-06-21 19:06:49,204] {dagbag.py:487} INFO - Filling up the DagBag from /home/airflow/.local/lib/python3.6/site-packages/airflow/example_dags/tutorial.py
[2021-06-21 19:06:49,213] {scheduler_job.py:643} INFO - DAG(s) dict_keys(['tutorial']) retrieved from /home/airflow/.local/lib/python3.6/site-packages/airflow/example_dags/tutorial.py
[2021-06-21 19:06:49,229] {logging_mixin.py:104} INFO - [2021-06-21 19:06:49,229] {dag.py:1832} INFO - Sync 1 DAGs
[2021-06-21 19:06:49,241] {logging_mixin.py:104} INFO - [2021-06-21 19:06:49,241] {dag.py:2305} INFO - Setting next_dagrun for tutorial to 2021-06-19 00:00:00+00:00
[2021-06-21 19:06:49,248] {scheduler_job.py:190} INFO - Processing /home/airflow/.local/lib/python3.6/site-packages/airflow/example_dags/tutorial.py took 0.047 seconds
[2021-06-21 19:07:19,448] {scheduler_job.py:182} INFO - Started process (PID=1114) to work on /home/airflow/.local/lib/python3.6/site-packages/airflow/example_dags/tutorial.py
[2021-06-21 19:07:19,449] {scheduler_job.py:633} INFO - Processing file /home/airflow/.local/lib/python3.6/site-packages/airflow/example_dags/tutorial.py for tasks to queue
[2021-06-21 19:07:19,449] {logging_mixin.py:104} INFO - [2021-06-21 19:07:19,449] {dagbag.py:487} INFO - Filling up the DagBag from /home/airflow/.local/lib/python3.6/site-packages/airflow/example_dags/tutorial.py
[2021-06-21 19:07:19,458] {scheduler_job.py:643} INFO - DAG(s) dict_keys(['tutorial']) retrieved from /home/airflow/.local/lib/python3.6/site-packages/airflow/example_dags/tutorial.py
[2021-06-21 19:07:19,475] {logging_mixin.py:104} INFO - [2021-06-21 19:07:19,475] {dag.py:1832} INFO - Sync 1 DAGs
[2021-06-21 19:07:19,487] {logging_mixin.py:104} INFO - [2021-06-21 19:07:19,487] {dag.py:2305} INFO - Setting next_dagrun for tutorial to 2021-06-19 00:00:00+00:00
[2021-06-21 19:07:19,494] {scheduler_job.py:190} INFO - Processing /home/airflow/.local/lib/python3.6/site-packages/airflow/example_dags/tutorial.py took 0.048 seconds
[2021-06-21 19:07:49,733] {scheduler_job.py:182} INFO - Started process (PID=1187) to work on /home/airflow/.local/lib/python3.6/site-packages/airflow/example_dags/tutorial.py
[2021-06-21 19:07:49,734] {scheduler_job.py:633} INFO - Processing file /home/airflow/.local/lib/python3.6/site-packages/airflow/example_dags/tutorial.py for tasks to queue
[2021-06-21 19:07:49,735] {logging_mixin.py:104} INFO - [2021-06-21 19:07:49,734] {dagbag.py:487} INFO - Filling up the DagBag from /home/airflow/.local/lib/python3.6/site-packages/airflow/example_dags/tutorial.py
[2021-06-21 19:07:49,744] {scheduler_job.py:643} INFO - DAG(s) dict_keys(['tutorial']) retrieved from /home/airflow/.local/lib/python3.6/site-packages/airflow/example_dags/tutorial.py
[2021-06-21 19:07:49,762] {logging_mixin.py:104} INFO - [2021-06-21 19:07:49,762] {dag.py:1832} INFO - Sync 1 DAGs
[2021-06-21 19:07:49,774] {logging_mixin.py:104} INFO - [2021-06-21 19:07:49,774] {dag.py:2305} INFO - Setting next_dagrun for tutorial to 2021-06-19 00:00:00+00:00
[2021-06-21 19:07:49,782] {scheduler_job.py:190} INFO - Processing /home/airflow/.local/lib/python3.6/site-packages/airflow/example_dags/tutorial.py took 0.051 seconds
[2021-06-21 19:08:20,196] {scheduler_job.py:182} INFO - Started process (PID=1259) to work on /home/airflow/.local/lib/python3.6/site-packages/airflow/example_dags/tutorial.py
[2021-06-21 19:08:20,196] {scheduler_job.py:633} INFO - Processing file /home/airflow/.local/lib/python3.6/site-packages/airflow/example_dags/tutorial.py for tasks to queue
[2021-06-21 19:08:20,197] {logging_mixin.py:104} INFO - [2021-06-21 19:08:20,197] {dagbag.py:487} INFO - Filling up the DagBag from /home/airflow/.local/lib/python3.6/site-packages/airflow/example_dags/tutorial.py
[2021-06-21 19:08:20,206] {scheduler_job.py:643} INFO - DAG(s) dict_keys(['tutorial']) retrieved from /home/airflow/.local/lib/python3.6/site-packages/airflow/example_dags/tutorial.py
[2021-06-21 19:08:20,222] {logging_mixin.py:104} INFO - [2021-06-21 19:08:20,222] {dag.py:1832} INFO - Sync 1 DAGs
[2021-06-21 19:08:20,235] {logging_mixin.py:104} INFO - [2021-06-21 19:08:20,235] {dag.py:2305} INFO - Setting next_dagrun for tutorial to 2021-06-19 00:00:00+00:00
[2021-06-21 19:08:20,242] {scheduler_job.py:190} INFO - Processing /home/airflow/.local/lib/python3.6/site-packages/airflow/example_dags/tutorial.py took 0.049 seconds
[2021-06-21 19:08:50,787] {scheduler_job.py:182} INFO - Started process (PID=1343) to work on /home/airflow/.local/lib/python3.6/site-packages/airflow/example_dags/tutorial.py
[2021-06-21 19:08:50,788] {scheduler_job.py:633} INFO - Processing file /home/airflow/.local/lib/python3.6/site-packages/airflow/example_dags/tutorial.py for tasks to queue
[2021-06-21 19:08:50,788] {logging_mixin.py:104} INFO - [2021-06-21 19:08:50,788] {dagbag.py:487} INFO - Filling up the DagBag from /home/airflow/.local/lib/python3.6/site-packages/airflow/example_dags/tutorial.py
[2021-06-21 19:08:50,798] {scheduler_job.py:643} INFO - DAG(s) dict_keys(['tutorial']) retrieved from /home/airflow/.local/lib/python3.6/site-packages/airflow/example_dags/tutorial.py
[2021-06-21 19:08:50,820] {logging_mixin.py:104} INFO - [2021-06-21 19:08:50,820] {dag.py:1832} INFO - Sync 1 DAGs
[2021-06-21 19:08:50,838] {logging_mixin.py:104} INFO - [2021-06-21 19:08:50,837] {dag.py:2305} INFO - Setting next_dagrun for tutorial to 2021-06-19 00:00:00+00:00
[2021-06-21 19:08:50,847] {scheduler_job.py:190} INFO - Processing /home/airflow/.local/lib/python3.6/site-packages/airflow/example_dags/tutorial.py took 0.063 seconds
[2021-06-21 19:09:21,148] {scheduler_job.py:182} INFO - Started process (PID=1408) to work on /home/airflow/.local/lib/python3.6/site-packages/airflow/example_dags/tutorial.py
[2021-06-21 19:09:21,149] {scheduler_job.py:633} INFO - Processing file /home/airflow/.local/lib/python3.6/site-packages/airflow/example_dags/tutorial.py for tasks to queue
[2021-06-21 19:09:21,149] {logging_mixin.py:104} INFO - [2021-06-21 19:09:21,149] {dagbag.py:487} INFO - Filling up the DagBag from /home/airflow/.local/lib/python3.6/site-packages/airflow/example_dags/tutorial.py
[2021-06-21 19:09:21,160] {scheduler_job.py:643} INFO - DAG(s) dict_keys(['tutorial']) retrieved from /home/airflow/.local/lib/python3.6/site-packages/airflow/example_dags/tutorial.py
[2021-06-21 19:09:21,178] {logging_mixin.py:104} INFO - [2021-06-21 19:09:21,178] {dag.py:1832} INFO - Sync 1 DAGs
[2021-06-21 19:09:21,194] {logging_mixin.py:104} INFO - [2021-06-21 19:09:21,194] {dag.py:2305} INFO - Setting next_dagrun for tutorial to 2021-06-19 00:00:00+00:00
[2021-06-21 19:09:21,203] {scheduler_job.py:190} INFO - Processing /home/airflow/.local/lib/python3.6/site-packages/airflow/example_dags/tutorial.py took 0.057 seconds
[2021-06-21 19:09:51,767] {scheduler_job.py:182} INFO - Started process (PID=1482) to work on /home/airflow/.local/lib/python3.6/site-packages/airflow/example_dags/tutorial.py
[2021-06-21 19:09:51,768] {scheduler_job.py:633} INFO - Processing file /home/airflow/.local/lib/python3.6/site-packages/airflow/example_dags/tutorial.py for tasks to queue
[2021-06-21 19:09:51,769] {logging_mixin.py:104} INFO - [2021-06-21 19:09:51,769] {dagbag.py:487} INFO - Filling up the DagBag from /home/airflow/.local/lib/python3.6/site-packages/airflow/example_dags/tutorial.py
[2021-06-21 19:09:51,781] {scheduler_job.py:643} INFO - DAG(s) dict_keys(['tutorial']) retrieved from /home/airflow/.local/lib/python3.6/site-packages/airflow/example_dags/tutorial.py
[2021-06-21 19:09:51,799] {logging_mixin.py:104} INFO - [2021-06-21 19:09:51,799] {dag.py:1832} INFO - Sync 1 DAGs
[2021-06-21 19:09:51,816] {logging_mixin.py:104} INFO - [2021-06-21 19:09:51,816] {dag.py:2305} INFO - Setting next_dagrun for tutorial to 2021-06-19 00:00:00+00:00
[2021-06-21 19:09:51,855] {scheduler_job.py:190} INFO - Processing /home/airflow/.local/lib/python3.6/site-packages/airflow/example_dags/tutorial.py took 0.091 seconds
[2021-06-21 19:10:22,178] {scheduler_job.py:182} INFO - Started process (PID=1553) to work on /home/airflow/.local/lib/python3.6/site-packages/airflow/example_dags/tutorial.py
[2021-06-21 19:10:22,179] {scheduler_job.py:633} INFO - Processing file /home/airflow/.local/lib/python3.6/site-packages/airflow/example_dags/tutorial.py for tasks to queue
[2021-06-21 19:10:22,180] {logging_mixin.py:104} INFO - [2021-06-21 19:10:22,179] {dagbag.py:487} INFO - Filling up the DagBag from /home/airflow/.local/lib/python3.6/site-packages/airflow/example_dags/tutorial.py
[2021-06-21 19:10:22,195] {scheduler_job.py:643} INFO - DAG(s) dict_keys(['tutorial']) retrieved from /home/airflow/.local/lib/python3.6/site-packages/airflow/example_dags/tutorial.py
[2021-06-21 19:10:22,220] {logging_mixin.py:104} INFO - [2021-06-21 19:10:22,220] {dag.py:1832} INFO - Sync 1 DAGs
[2021-06-21 19:10:22,240] {logging_mixin.py:104} INFO - [2021-06-21 19:10:22,240] {dag.py:2305} INFO - Setting next_dagrun for tutorial to 2021-06-19 00:00:00+00:00
[2021-06-21 19:10:22,420] {scheduler_job.py:190} INFO - Processing /home/airflow/.local/lib/python3.6/site-packages/airflow/example_dags/tutorial.py took 0.246 seconds
[2021-06-21 19:10:53,382] {scheduler_job.py:182} INFO - Started process (PID=1628) to work on /home/airflow/.local/lib/python3.6/site-packages/airflow/example_dags/tutorial.py
[2021-06-21 19:10:53,383] {scheduler_job.py:633} INFO - Processing file /home/airflow/.local/lib/python3.6/site-packages/airflow/example_dags/tutorial.py for tasks to queue
[2021-06-21 19:10:53,385] {logging_mixin.py:104} INFO - [2021-06-21 19:10:53,385] {dagbag.py:487} INFO - Filling up the DagBag from /home/airflow/.local/lib/python3.6/site-packages/airflow/example_dags/tutorial.py
[2021-06-21 19:10:53,405] {scheduler_job.py:643} INFO - DAG(s) dict_keys(['tutorial']) retrieved from /home/airflow/.local/lib/python3.6/site-packages/airflow/example_dags/tutorial.py
[2021-06-21 19:10:53,447] {logging_mixin.py:104} INFO - [2021-06-21 19:10:53,447] {dag.py:1832} INFO - Sync 1 DAGs
[2021-06-21 19:10:53,476] {logging_mixin.py:104} INFO - [2021-06-21 19:10:53,476] {dag.py:2305} INFO - Setting next_dagrun for tutorial to 2021-06-19 00:00:00+00:00
[2021-06-21 19:10:53,518] {scheduler_job.py:190} INFO - Processing /home/airflow/.local/lib/python3.6/site-packages/airflow/example_dags/tutorial.py took 0.141 seconds
[2021-06-21 19:11:23,714] {scheduler_job.py:182} INFO - Started process (PID=1699) to work on /home/airflow/.local/lib/python3.6/site-packages/airflow/example_dags/tutorial.py
[2021-06-21 19:11:23,715] {scheduler_job.py:633} INFO - Processing file /home/airflow/.local/lib/python3.6/site-packages/airflow/example_dags/tutorial.py for tasks to queue
[2021-06-21 19:11:23,716] {logging_mixin.py:104} INFO - [2021-06-21 19:11:23,716] {dagbag.py:487} INFO - Filling up the DagBag from /home/airflow/.local/lib/python3.6/site-packages/airflow/example_dags/tutorial.py
[2021-06-21 19:11:23,727] {scheduler_job.py:643} INFO - DAG(s) dict_keys(['tutorial']) retrieved from /home/airflow/.local/lib/python3.6/site-packages/airflow/example_dags/tutorial.py
[2021-06-21 19:11:23,750] {logging_mixin.py:104} INFO - [2021-06-21 19:11:23,750] {dag.py:1832} INFO - Sync 1 DAGs
[2021-06-21 19:11:23,767] {logging_mixin.py:104} INFO - [2021-06-21 19:11:23,767] {dag.py:2305} INFO - Setting next_dagrun for tutorial to 2021-06-19 00:00:00+00:00
[2021-06-21 19:11:23,798] {scheduler_job.py:190} INFO - Processing /home/airflow/.local/lib/python3.6/site-packages/airflow/example_dags/tutorial.py took 0.086 seconds
[2021-06-21 19:11:53,854] {scheduler_job.py:182} INFO - Started process (PID=1764) to work on /home/airflow/.local/lib/python3.6/site-packages/airflow/example_dags/tutorial.py
[2021-06-21 19:11:53,857] {scheduler_job.py:633} INFO - Processing file /home/airflow/.local/lib/python3.6/site-packages/airflow/example_dags/tutorial.py for tasks to queue
[2021-06-21 19:11:53,858] {logging_mixin.py:104} INFO - [2021-06-21 19:11:53,858] {dagbag.py:487} INFO - Filling up the DagBag from /home/airflow/.local/lib/python3.6/site-packages/airflow/example_dags/tutorial.py
[2021-06-21 19:11:53,872] {scheduler_job.py:643} INFO - DAG(s) dict_keys(['tutorial']) retrieved from /home/airflow/.local/lib/python3.6/site-packages/airflow/example_dags/tutorial.py
[2021-06-21 19:11:53,893] {logging_mixin.py:104} INFO - [2021-06-21 19:11:53,893] {dag.py:1832} INFO - Sync 1 DAGs
[2021-06-21 19:11:53,908] {logging_mixin.py:104} INFO - [2021-06-21 19:11:53,908] {dag.py:2305} INFO - Setting next_dagrun for tutorial to 2021-06-19 00:00:00+00:00
[2021-06-21 19:11:53,916] {scheduler_job.py:190} INFO - Processing /home/airflow/.local/lib/python3.6/site-packages/airflow/example_dags/tutorial.py took 0.069 seconds
[2021-06-21 19:12:24,143] {scheduler_job.py:182} INFO - Started process (PID=1845) to work on /home/airflow/.local/lib/python3.6/site-packages/airflow/example_dags/tutorial.py
[2021-06-21 19:12:24,145] {scheduler_job.py:633} INFO - Processing file /home/airflow/.local/lib/python3.6/site-packages/airflow/example_dags/tutorial.py for tasks to queue
[2021-06-21 19:12:24,146] {logging_mixin.py:104} INFO - [2021-06-21 19:12:24,146] {dagbag.py:487} INFO - Filling up the DagBag from /home/airflow/.local/lib/python3.6/site-packages/airflow/example_dags/tutorial.py
[2021-06-21 19:12:24,163] {scheduler_job.py:643} INFO - DAG(s) dict_keys(['tutorial']) retrieved from /home/airflow/.local/lib/python3.6/site-packages/airflow/example_dags/tutorial.py
[2021-06-21 19:12:24,201] {logging_mixin.py:104} INFO - [2021-06-21 19:12:24,201] {dag.py:1832} INFO - Sync 1 DAGs
[2021-06-21 19:12:24,228] {logging_mixin.py:104} INFO - [2021-06-21 19:12:24,228] {dag.py:2305} INFO - Setting next_dagrun for tutorial to 2021-06-19 00:00:00+00:00
[2021-06-21 19:12:24,239] {scheduler_job.py:190} INFO - Processing /home/airflow/.local/lib/python3.6/site-packages/airflow/example_dags/tutorial.py took 0.100 seconds
[2021-06-21 19:12:54,268] {scheduler_job.py:182} INFO - Started process (PID=1910) to work on /home/airflow/.local/lib/python3.6/site-packages/airflow/example_dags/tutorial.py
[2021-06-21 19:12:54,270] {scheduler_job.py:633} INFO - Processing file /home/airflow/.local/lib/python3.6/site-packages/airflow/example_dags/tutorial.py for tasks to queue
[2021-06-21 19:12:54,271] {logging_mixin.py:104} INFO - [2021-06-21 19:12:54,271] {dagbag.py:487} INFO - Filling up the DagBag from /home/airflow/.local/lib/python3.6/site-packages/airflow/example_dags/tutorial.py
[2021-06-21 19:12:54,289] {scheduler_job.py:643} INFO - DAG(s) dict_keys(['tutorial']) retrieved from /home/airflow/.local/lib/python3.6/site-packages/airflow/example_dags/tutorial.py
[2021-06-21 19:12:54,330] {logging_mixin.py:104} INFO - [2021-06-21 19:12:54,330] {dag.py:1832} INFO - Sync 1 DAGs
[2021-06-21 19:12:54,351] {logging_mixin.py:104} INFO - [2021-06-21 19:12:54,351] {dag.py:2305} INFO - Setting next_dagrun for tutorial to 2021-06-19 00:00:00+00:00
[2021-06-21 19:12:54,363] {scheduler_job.py:190} INFO - Processing /home/airflow/.local/lib/python3.6/site-packages/airflow/example_dags/tutorial.py took 0.101 seconds
[2021-06-21 19:13:24,410] {scheduler_job.py:182} INFO - Started process (PID=1994) to work on /home/airflow/.local/lib/python3.6/site-packages/airflow/example_dags/tutorial.py
[2021-06-21 19:13:24,413] {scheduler_job.py:633} INFO - Processing file /home/airflow/.local/lib/python3.6/site-packages/airflow/example_dags/tutorial.py for tasks to queue
[2021-06-21 19:13:24,415] {logging_mixin.py:104} INFO - [2021-06-21 19:13:24,414] {dagbag.py:487} INFO - Filling up the DagBag from /home/airflow/.local/lib/python3.6/site-packages/airflow/example_dags/tutorial.py
[2021-06-21 19:13:24,436] {scheduler_job.py:643} INFO - DAG(s) dict_keys(['tutorial']) retrieved from /home/airflow/.local/lib/python3.6/site-packages/airflow/example_dags/tutorial.py
[2021-06-21 19:13:24,454] {logging_mixin.py:104} INFO - [2021-06-21 19:13:24,454] {dag.py:1832} INFO - Sync 1 DAGs
[2021-06-21 19:13:24,465] {logging_mixin.py:104} INFO - [2021-06-21 19:13:24,465] {dag.py:2305} INFO - Setting next_dagrun for tutorial to 2021-06-19 00:00:00+00:00
[2021-06-21 19:13:24,473] {scheduler_job.py:190} INFO - Processing /home/airflow/.local/lib/python3.6/site-packages/airflow/example_dags/tutorial.py took 0.071 seconds
[2021-06-21 19:13:54,950] {scheduler_job.py:182} INFO - Started process (PID=2059) to work on /home/airflow/.local/lib/python3.6/site-packages/airflow/example_dags/tutorial.py
[2021-06-21 19:13:54,953] {scheduler_job.py:633} INFO - Processing file /home/airflow/.local/lib/python3.6/site-packages/airflow/example_dags/tutorial.py for tasks to queue
[2021-06-21 19:13:54,955] {logging_mixin.py:104} INFO - [2021-06-21 19:13:54,955] {dagbag.py:487} INFO - Filling up the DagBag from /home/airflow/.local/lib/python3.6/site-packages/airflow/example_dags/tutorial.py
[2021-06-21 19:13:54,973] {scheduler_job.py:643} INFO - DAG(s) dict_keys(['tutorial']) retrieved from /home/airflow/.local/lib/python3.6/site-packages/airflow/example_dags/tutorial.py
[2021-06-21 19:13:54,991] {logging_mixin.py:104} INFO - [2021-06-21 19:13:54,991] {dag.py:1832} INFO - Sync 1 DAGs
[2021-06-21 19:13:55,004] {logging_mixin.py:104} INFO - [2021-06-21 19:13:55,004] {dag.py:2305} INFO - Setting next_dagrun for tutorial to 2021-06-19 00:00:00+00:00
[2021-06-21 19:13:55,012] {scheduler_job.py:190} INFO - Processing /home/airflow/.local/lib/python3.6/site-packages/airflow/example_dags/tutorial.py took 0.072 seconds
[2021-06-21 19:14:25,141] {scheduler_job.py:182} INFO - Started process (PID=2141) to work on /home/airflow/.local/lib/python3.6/site-packages/airflow/example_dags/tutorial.py
[2021-06-21 19:14:25,142] {scheduler_job.py:633} INFO - Processing file /home/airflow/.local/lib/python3.6/site-packages/airflow/example_dags/tutorial.py for tasks to queue
[2021-06-21 19:14:25,142] {logging_mixin.py:104} INFO - [2021-06-21 19:14:25,142] {dagbag.py:487} INFO - Filling up the DagBag from /home/airflow/.local/lib/python3.6/site-packages/airflow/example_dags/tutorial.py
[2021-06-21 19:14:25,155] {scheduler_job.py:643} INFO - DAG(s) dict_keys(['tutorial']) retrieved from /home/airflow/.local/lib/python3.6/site-packages/airflow/example_dags/tutorial.py
[2021-06-21 19:14:25,177] {logging_mixin.py:104} INFO - [2021-06-21 19:14:25,176] {dag.py:1832} INFO - Sync 1 DAGs
[2021-06-21 19:14:25,194] {logging_mixin.py:104} INFO - [2021-06-21 19:14:25,194] {dag.py:2305} INFO - Setting next_dagrun for tutorial to 2021-06-19 00:00:00+00:00
[2021-06-21 19:14:25,208] {scheduler_job.py:190} INFO - Processing /home/airflow/.local/lib/python3.6/site-packages/airflow/example_dags/tutorial.py took 0.070 seconds
[2021-06-21 19:14:55,704] {scheduler_job.py:182} INFO - Started process (PID=2205) to work on /home/airflow/.local/lib/python3.6/site-packages/airflow/example_dags/tutorial.py
[2021-06-21 19:14:55,706] {scheduler_job.py:633} INFO - Processing file /home/airflow/.local/lib/python3.6/site-packages/airflow/example_dags/tutorial.py for tasks to queue
[2021-06-21 19:14:55,708] {logging_mixin.py:104} INFO - [2021-06-21 19:14:55,707] {dagbag.py:487} INFO - Filling up the DagBag from /home/airflow/.local/lib/python3.6/site-packages/airflow/example_dags/tutorial.py
[2021-06-21 19:14:55,731] {scheduler_job.py:643} INFO - DAG(s) dict_keys(['tutorial']) retrieved from /home/airflow/.local/lib/python3.6/site-packages/airflow/example_dags/tutorial.py
[2021-06-21 19:14:55,749] {logging_mixin.py:104} INFO - [2021-06-21 19:14:55,749] {dag.py:1832} INFO - Sync 1 DAGs
[2021-06-21 19:14:55,762] {logging_mixin.py:104} INFO - [2021-06-21 19:14:55,762] {dag.py:2305} INFO - Setting next_dagrun for tutorial to 2021-06-19 00:00:00+00:00
[2021-06-21 19:14:55,770] {scheduler_job.py:190} INFO - Processing /home/airflow/.local/lib/python3.6/site-packages/airflow/example_dags/tutorial.py took 0.073 seconds
[2021-06-21 19:15:26,531] {scheduler_job.py:182} INFO - Started process (PID=2295) to work on /home/airflow/.local/lib/python3.6/site-packages/airflow/example_dags/tutorial.py
[2021-06-21 19:15:26,533] {scheduler_job.py:633} INFO - Processing file /home/airflow/.local/lib/python3.6/site-packages/airflow/example_dags/tutorial.py for tasks to queue
[2021-06-21 19:15:26,534] {logging_mixin.py:104} INFO - [2021-06-21 19:15:26,534] {dagbag.py:487} INFO - Filling up the DagBag from /home/airflow/.local/lib/python3.6/site-packages/airflow/example_dags/tutorial.py
[2021-06-21 19:15:26,555] {scheduler_job.py:643} INFO - DAG(s) dict_keys(['tutorial']) retrieved from /home/airflow/.local/lib/python3.6/site-packages/airflow/example_dags/tutorial.py
[2021-06-21 19:15:26,586] {logging_mixin.py:104} INFO - [2021-06-21 19:15:26,586] {dag.py:1832} INFO - Sync 1 DAGs
[2021-06-21 19:15:26,604] {logging_mixin.py:104} INFO - [2021-06-21 19:15:26,604] {dag.py:2305} INFO - Setting next_dagrun for tutorial to 2021-06-19 00:00:00+00:00
[2021-06-21 19:15:26,612] {scheduler_job.py:190} INFO - Processing /home/airflow/.local/lib/python3.6/site-packages/airflow/example_dags/tutorial.py took 0.089 seconds
[2021-06-21 19:15:57,403] {scheduler_job.py:182} INFO - Started process (PID=2360) to work on /home/airflow/.local/lib/python3.6/site-packages/airflow/example_dags/tutorial.py
[2021-06-21 19:15:57,403] {scheduler_job.py:633} INFO - Processing file /home/airflow/.local/lib/python3.6/site-packages/airflow/example_dags/tutorial.py for tasks to queue
[2021-06-21 19:15:57,404] {logging_mixin.py:104} INFO - [2021-06-21 19:15:57,404] {dagbag.py:487} INFO - Filling up the DagBag from /home/airflow/.local/lib/python3.6/site-packages/airflow/example_dags/tutorial.py
[2021-06-21 19:15:57,413] {scheduler_job.py:643} INFO - DAG(s) dict_keys(['tutorial']) retrieved from /home/airflow/.local/lib/python3.6/site-packages/airflow/example_dags/tutorial.py
[2021-06-21 19:15:57,429] {logging_mixin.py:104} INFO - [2021-06-21 19:15:57,429] {dag.py:1832} INFO - Sync 1 DAGs
[2021-06-21 19:15:57,444] {logging_mixin.py:104} INFO - [2021-06-21 19:15:57,444] {dag.py:2305} INFO - Setting next_dagrun for tutorial to 2021-06-19 00:00:00+00:00
[2021-06-21 19:15:57,452] {scheduler_job.py:190} INFO - Processing /home/airflow/.local/lib/python3.6/site-packages/airflow/example_dags/tutorial.py took 0.052 seconds
[2021-06-21 19:16:28,250] {scheduler_job.py:182} INFO - Started process (PID=2441) to work on /home/airflow/.local/lib/python3.6/site-packages/airflow/example_dags/tutorial.py
[2021-06-21 19:16:28,250] {scheduler_job.py:633} INFO - Processing file /home/airflow/.local/lib/python3.6/site-packages/airflow/example_dags/tutorial.py for tasks to queue
[2021-06-21 19:16:28,251] {logging_mixin.py:104} INFO - [2021-06-21 19:16:28,251] {dagbag.py:487} INFO - Filling up the DagBag from /home/airflow/.local/lib/python3.6/site-packages/airflow/example_dags/tutorial.py
[2021-06-21 19:16:28,261] {scheduler_job.py:643} INFO - DAG(s) dict_keys(['tutorial']) retrieved from /home/airflow/.local/lib/python3.6/site-packages/airflow/example_dags/tutorial.py
[2021-06-21 19:16:28,281] {logging_mixin.py:104} INFO - [2021-06-21 19:16:28,281] {dag.py:1832} INFO - Sync 1 DAGs
[2021-06-21 19:16:28,294] {logging_mixin.py:104} INFO - [2021-06-21 19:16:28,294] {dag.py:2305} INFO - Setting next_dagrun for tutorial to 2021-06-19 00:00:00+00:00
[2021-06-21 19:16:28,326] {scheduler_job.py:190} INFO - Processing /home/airflow/.local/lib/python3.6/site-packages/airflow/example_dags/tutorial.py took 0.079 seconds
[2021-06-21 19:16:58,493] {scheduler_job.py:182} INFO - Started process (PID=2506) to work on /home/airflow/.local/lib/python3.6/site-packages/airflow/example_dags/tutorial.py
[2021-06-21 19:16:58,494] {scheduler_job.py:633} INFO - Processing file /home/airflow/.local/lib/python3.6/site-packages/airflow/example_dags/tutorial.py for tasks to queue
[2021-06-21 19:16:58,494] {logging_mixin.py:104} INFO - [2021-06-21 19:16:58,494] {dagbag.py:487} INFO - Filling up the DagBag from /home/airflow/.local/lib/python3.6/site-packages/airflow/example_dags/tutorial.py
[2021-06-21 19:16:58,503] {scheduler_job.py:643} INFO - DAG(s) dict_keys(['tutorial']) retrieved from /home/airflow/.local/lib/python3.6/site-packages/airflow/example_dags/tutorial.py
[2021-06-21 19:16:58,520] {logging_mixin.py:104} INFO - [2021-06-21 19:16:58,520] {dag.py:1832} INFO - Sync 1 DAGs
[2021-06-21 19:16:58,534] {logging_mixin.py:104} INFO - [2021-06-21 19:16:58,534] {dag.py:2305} INFO - Setting next_dagrun for tutorial to 2021-06-19 00:00:00+00:00
[2021-06-21 19:16:58,566] {scheduler_job.py:190} INFO - Processing /home/airflow/.local/lib/python3.6/site-packages/airflow/example_dags/tutorial.py took 0.076 seconds
[2021-06-21 19:17:28,850] {scheduler_job.py:182} INFO - Started process (PID=2586) to work on /home/airflow/.local/lib/python3.6/site-packages/airflow/example_dags/tutorial.py
[2021-06-21 19:17:28,851] {scheduler_job.py:633} INFO - Processing file /home/airflow/.local/lib/python3.6/site-packages/airflow/example_dags/tutorial.py for tasks to queue
[2021-06-21 19:17:28,851] {logging_mixin.py:104} INFO - [2021-06-21 19:17:28,851] {dagbag.py:487} INFO - Filling up the DagBag from /home/airflow/.local/lib/python3.6/site-packages/airflow/example_dags/tutorial.py
[2021-06-21 19:17:28,860] {scheduler_job.py:643} INFO - DAG(s) dict_keys(['tutorial']) retrieved from /home/airflow/.local/lib/python3.6/site-packages/airflow/example_dags/tutorial.py
[2021-06-21 19:17:28,878] {logging_mixin.py:104} INFO - [2021-06-21 19:17:28,878] {dag.py:1832} INFO - Sync 1 DAGs
[2021-06-21 19:17:28,890] {logging_mixin.py:104} INFO - [2021-06-21 19:17:28,890] {dag.py:2305} INFO - Setting next_dagrun for tutorial to 2021-06-19 00:00:00+00:00
[2021-06-21 19:17:28,932] {scheduler_job.py:190} INFO - Processing /home/airflow/.local/lib/python3.6/site-packages/airflow/example_dags/tutorial.py took 0.085 seconds
[2021-06-21 19:17:59,103] {scheduler_job.py:182} INFO - Started process (PID=2651) to work on /home/airflow/.local/lib/python3.6/site-packages/airflow/example_dags/tutorial.py
[2021-06-21 19:17:59,106] {scheduler_job.py:633} INFO - Processing file /home/airflow/.local/lib/python3.6/site-packages/airflow/example_dags/tutorial.py for tasks to queue
[2021-06-21 19:17:59,108] {logging_mixin.py:104} INFO - [2021-06-21 19:17:59,108] {dagbag.py:487} INFO - Filling up the DagBag from /home/airflow/.local/lib/python3.6/site-packages/airflow/example_dags/tutorial.py
[2021-06-21 19:17:59,148] {scheduler_job.py:643} INFO - DAG(s) dict_keys(['tutorial']) retrieved from /home/airflow/.local/lib/python3.6/site-packages/airflow/example_dags/tutorial.py
[2021-06-21 19:17:59,219] {logging_mixin.py:104} INFO - [2021-06-21 19:17:59,219] {dag.py:1832} INFO - Sync 1 DAGs
[2021-06-21 19:17:59,275] {logging_mixin.py:104} INFO - [2021-06-21 19:17:59,275] {dag.py:2305} INFO - Setting next_dagrun for tutorial to 2021-06-19 00:00:00+00:00
[2021-06-21 19:17:59,331] {scheduler_job.py:190} INFO - Processing /home/airflow/.local/lib/python3.6/site-packages/airflow/example_dags/tutorial.py took 0.242 seconds
[2021-06-21 19:18:29,775] {scheduler_job.py:182} INFO - Started process (PID=2735) to work on /home/airflow/.local/lib/python3.6/site-packages/airflow/example_dags/tutorial.py
[2021-06-21 19:18:29,776] {scheduler_job.py:633} INFO - Processing file /home/airflow/.local/lib/python3.6/site-packages/airflow/example_dags/tutorial.py for tasks to queue
[2021-06-21 19:18:29,776] {logging_mixin.py:104} INFO - [2021-06-21 19:18:29,776] {dagbag.py:487} INFO - Filling up the DagBag from /home/airflow/.local/lib/python3.6/site-packages/airflow/example_dags/tutorial.py
[2021-06-21 19:18:29,789] {scheduler_job.py:643} INFO - DAG(s) dict_keys(['tutorial']) retrieved from /home/airflow/.local/lib/python3.6/site-packages/airflow/example_dags/tutorial.py
[2021-06-21 19:18:29,812] {logging_mixin.py:104} INFO - [2021-06-21 19:18:29,811] {dag.py:1832} INFO - Sync 1 DAGs
[2021-06-21 19:18:29,827] {logging_mixin.py:104} INFO - [2021-06-21 19:18:29,827] {dag.py:2305} INFO - Setting next_dagrun for tutorial to 2021-06-19 00:00:00+00:00
[2021-06-21 19:18:29,835] {scheduler_job.py:190} INFO - Processing /home/airflow/.local/lib/python3.6/site-packages/airflow/example_dags/tutorial.py took 0.063 seconds
[2021-06-21 19:19:00,614] {scheduler_job.py:182} INFO - Started process (PID=2799) to work on /home/airflow/.local/lib/python3.6/site-packages/airflow/example_dags/tutorial.py
[2021-06-21 19:19:00,618] {scheduler_job.py:633} INFO - Processing file /home/airflow/.local/lib/python3.6/site-packages/airflow/example_dags/tutorial.py for tasks to queue
[2021-06-21 19:19:00,620] {logging_mixin.py:104} INFO - [2021-06-21 19:19:00,620] {dagbag.py:487} INFO - Filling up the DagBag from /home/airflow/.local/lib/python3.6/site-packages/airflow/example_dags/tutorial.py
[2021-06-21 19:19:00,638] {scheduler_job.py:643} INFO - DAG(s) dict_keys(['tutorial']) retrieved from /home/airflow/.local/lib/python3.6/site-packages/airflow/example_dags/tutorial.py
[2021-06-21 19:19:00,658] {logging_mixin.py:104} INFO - [2021-06-21 19:19:00,658] {dag.py:1832} INFO - Sync 1 DAGs
[2021-06-21 19:19:00,675] {logging_mixin.py:104} INFO - [2021-06-21 19:19:00,675] {dag.py:2305} INFO - Setting next_dagrun for tutorial to 2021-06-19 00:00:00+00:00
[2021-06-21 19:19:00,686] {scheduler_job.py:190} INFO - Processing /home/airflow/.local/lib/python3.6/site-packages/airflow/example_dags/tutorial.py took 0.082 seconds
[2021-06-21 19:19:31,278] {scheduler_job.py:182} INFO - Started process (PID=2883) to work on /home/airflow/.local/lib/python3.6/site-packages/airflow/example_dags/tutorial.py
[2021-06-21 19:19:31,279] {scheduler_job.py:633} INFO - Processing file /home/airflow/.local/lib/python3.6/site-packages/airflow/example_dags/tutorial.py for tasks to queue
[2021-06-21 19:19:31,280] {logging_mixin.py:104} INFO - [2021-06-21 19:19:31,280] {dagbag.py:487} INFO - Filling up the DagBag from /home/airflow/.local/lib/python3.6/site-packages/airflow/example_dags/tutorial.py
[2021-06-21 19:19:31,294] {scheduler_job.py:643} INFO - DAG(s) dict_keys(['tutorial']) retrieved from /home/airflow/.local/lib/python3.6/site-packages/airflow/example_dags/tutorial.py
[2021-06-21 19:19:31,321] {logging_mixin.py:104} INFO - [2021-06-21 19:19:31,321] {dag.py:1832} INFO - Sync 1 DAGs
[2021-06-21 19:19:31,343] {logging_mixin.py:104} INFO - [2021-06-21 19:19:31,343] {dag.py:2305} INFO - Setting next_dagrun for tutorial to 2021-06-19 00:00:00+00:00
[2021-06-21 19:19:31,354] {scheduler_job.py:190} INFO - Processing /home/airflow/.local/lib/python3.6/site-packages/airflow/example_dags/tutorial.py took 0.080 seconds
[2021-06-21 19:20:02,121] {scheduler_job.py:182} INFO - Started process (PID=2956) to work on /home/airflow/.local/lib/python3.6/site-packages/airflow/example_dags/tutorial.py
[2021-06-21 19:20:02,122] {scheduler_job.py:633} INFO - Processing file /home/airflow/.local/lib/python3.6/site-packages/airflow/example_dags/tutorial.py for tasks to queue
[2021-06-21 19:20:02,123] {logging_mixin.py:104} INFO - [2021-06-21 19:20:02,123] {dagbag.py:487} INFO - Filling up the DagBag from /home/airflow/.local/lib/python3.6/site-packages/airflow/example_dags/tutorial.py
[2021-06-21 19:20:02,134] {scheduler_job.py:643} INFO - DAG(s) dict_keys(['tutorial']) retrieved from /home/airflow/.local/lib/python3.6/site-packages/airflow/example_dags/tutorial.py
[2021-06-21 19:20:02,152] {logging_mixin.py:104} INFO - [2021-06-21 19:20:02,152] {dag.py:1832} INFO - Sync 1 DAGs
[2021-06-21 19:20:02,166] {logging_mixin.py:104} INFO - [2021-06-21 19:20:02,166] {dag.py:2305} INFO - Setting next_dagrun for tutorial to 2021-06-19 00:00:00+00:00
[2021-06-21 19:20:02,174] {scheduler_job.py:190} INFO - Processing /home/airflow/.local/lib/python3.6/site-packages/airflow/example_dags/tutorial.py took 0.056 seconds
[2021-06-21 19:20:32,722] {scheduler_job.py:182} INFO - Started process (PID=3029) to work on /home/airflow/.local/lib/python3.6/site-packages/airflow/example_dags/tutorial.py
[2021-06-21 19:20:32,723] {scheduler_job.py:633} INFO - Processing file /home/airflow/.local/lib/python3.6/site-packages/airflow/example_dags/tutorial.py for tasks to queue
[2021-06-21 19:20:32,723] {logging_mixin.py:104} INFO - [2021-06-21 19:20:32,723] {dagbag.py:487} INFO - Filling up the DagBag from /home/airflow/.local/lib/python3.6/site-packages/airflow/example_dags/tutorial.py
[2021-06-21 19:20:32,734] {scheduler_job.py:643} INFO - DAG(s) dict_keys(['tutorial']) retrieved from /home/airflow/.local/lib/python3.6/site-packages/airflow/example_dags/tutorial.py
[2021-06-21 19:20:32,757] {logging_mixin.py:104} INFO - [2021-06-21 19:20:32,757] {dag.py:1832} INFO - Sync 1 DAGs
[2021-06-21 19:20:32,770] {logging_mixin.py:104} INFO - [2021-06-21 19:20:32,770] {dag.py:2305} INFO - Setting next_dagrun for tutorial to 2021-06-19 00:00:00+00:00
[2021-06-21 19:20:32,779] {scheduler_job.py:190} INFO - Processing /home/airflow/.local/lib/python3.6/site-packages/airflow/example_dags/tutorial.py took 0.060 seconds
[2021-06-21 19:21:03,440] {scheduler_job.py:182} INFO - Started process (PID=3109) to work on /home/airflow/.local/lib/python3.6/site-packages/airflow/example_dags/tutorial.py
[2021-06-21 19:21:03,443] {scheduler_job.py:633} INFO - Processing file /home/airflow/.local/lib/python3.6/site-packages/airflow/example_dags/tutorial.py for tasks to queue
[2021-06-21 19:21:03,444] {logging_mixin.py:104} INFO - [2021-06-21 19:21:03,443] {dagbag.py:487} INFO - Filling up the DagBag from /home/airflow/.local/lib/python3.6/site-packages/airflow/example_dags/tutorial.py
[2021-06-21 19:21:03,460] {scheduler_job.py:643} INFO - DAG(s) dict_keys(['tutorial']) retrieved from /home/airflow/.local/lib/python3.6/site-packages/airflow/example_dags/tutorial.py
[2021-06-21 19:21:03,482] {logging_mixin.py:104} INFO - [2021-06-21 19:21:03,482] {dag.py:1832} INFO - Sync 1 DAGs
[2021-06-21 19:21:03,494] {logging_mixin.py:104} INFO - [2021-06-21 19:21:03,494] {dag.py:2305} INFO - Setting next_dagrun for tutorial to 2021-06-19 00:00:00+00:00
[2021-06-21 19:21:03,501] {scheduler_job.py:190} INFO - Processing /home/airflow/.local/lib/python3.6/site-packages/airflow/example_dags/tutorial.py took 0.069 seconds
[2021-06-21 19:21:34,000] {scheduler_job.py:182} INFO - Started process (PID=3176) to work on /home/airflow/.local/lib/python3.6/site-packages/airflow/example_dags/tutorial.py
[2021-06-21 19:21:34,001] {scheduler_job.py:633} INFO - Processing file /home/airflow/.local/lib/python3.6/site-packages/airflow/example_dags/tutorial.py for tasks to queue
[2021-06-21 19:21:34,002] {logging_mixin.py:104} INFO - [2021-06-21 19:21:34,002] {dagbag.py:487} INFO - Filling up the DagBag from /home/airflow/.local/lib/python3.6/site-packages/airflow/example_dags/tutorial.py
[2021-06-21 19:21:34,015] {scheduler_job.py:643} INFO - DAG(s) dict_keys(['tutorial']) retrieved from /home/airflow/.local/lib/python3.6/site-packages/airflow/example_dags/tutorial.py
[2021-06-21 19:21:34,041] {logging_mixin.py:104} INFO - [2021-06-21 19:21:34,041] {dag.py:1832} INFO - Sync 1 DAGs
[2021-06-21 19:21:34,060] {logging_mixin.py:104} INFO - [2021-06-21 19:21:34,060] {dag.py:2305} INFO - Setting next_dagrun for tutorial to 2021-06-19 00:00:00+00:00
[2021-06-21 19:21:34,073] {scheduler_job.py:190} INFO - Processing /home/airflow/.local/lib/python3.6/site-packages/airflow/example_dags/tutorial.py took 0.076 seconds
[2021-06-21 19:22:04,622] {scheduler_job.py:182} INFO - Started process (PID=3256) to work on /home/airflow/.local/lib/python3.6/site-packages/airflow/example_dags/tutorial.py
[2021-06-21 19:22:04,625] {scheduler_job.py:633} INFO - Processing file /home/airflow/.local/lib/python3.6/site-packages/airflow/example_dags/tutorial.py for tasks to queue
[2021-06-21 19:22:04,625] {logging_mixin.py:104} INFO - [2021-06-21 19:22:04,625] {dagbag.py:487} INFO - Filling up the DagBag from /home/airflow/.local/lib/python3.6/site-packages/airflow/example_dags/tutorial.py
[2021-06-21 19:22:04,639] {scheduler_job.py:643} INFO - DAG(s) dict_keys(['tutorial']) retrieved from /home/airflow/.local/lib/python3.6/site-packages/airflow/example_dags/tutorial.py
[2021-06-21 19:22:04,667] {logging_mixin.py:104} INFO - [2021-06-21 19:22:04,667] {dag.py:1832} INFO - Sync 1 DAGs
[2021-06-21 19:22:04,686] {logging_mixin.py:104} INFO - [2021-06-21 19:22:04,686] {dag.py:2305} INFO - Setting next_dagrun for tutorial to 2021-06-19 00:00:00+00:00
[2021-06-21 19:22:04,696] {scheduler_job.py:190} INFO - Processing /home/airflow/.local/lib/python3.6/site-packages/airflow/example_dags/tutorial.py took 0.077 seconds
[2021-06-21 19:22:35,472] {scheduler_job.py:182} INFO - Started process (PID=3323) to work on /home/airflow/.local/lib/python3.6/site-packages/airflow/example_dags/tutorial.py
[2021-06-21 19:22:35,475] {scheduler_job.py:633} INFO - Processing file /home/airflow/.local/lib/python3.6/site-packages/airflow/example_dags/tutorial.py for tasks to queue
[2021-06-21 19:22:35,477] {logging_mixin.py:104} INFO - [2021-06-21 19:22:35,476] {dagbag.py:487} INFO - Filling up the DagBag from /home/airflow/.local/lib/python3.6/site-packages/airflow/example_dags/tutorial.py
[2021-06-21 19:22:35,499] {scheduler_job.py:643} INFO - DAG(s) dict_keys(['tutorial']) retrieved from /home/airflow/.local/lib/python3.6/site-packages/airflow/example_dags/tutorial.py
[2021-06-21 19:22:35,518] {logging_mixin.py:104} INFO - [2021-06-21 19:22:35,518] {dag.py:1832} INFO - Sync 1 DAGs
[2021-06-21 19:22:35,531] {logging_mixin.py:104} INFO - [2021-06-21 19:22:35,531] {dag.py:2305} INFO - Setting next_dagrun for tutorial to 2021-06-19 00:00:00+00:00
[2021-06-21 19:22:35,557] {scheduler_job.py:190} INFO - Processing /home/airflow/.local/lib/python3.6/site-packages/airflow/example_dags/tutorial.py took 0.095 seconds
[2021-06-21 19:23:05,634] {scheduler_job.py:182} INFO - Started process (PID=3403) to work on /home/airflow/.local/lib/python3.6/site-packages/airflow/example_dags/tutorial.py
[2021-06-21 19:23:05,636] {scheduler_job.py:633} INFO - Processing file /home/airflow/.local/lib/python3.6/site-packages/airflow/example_dags/tutorial.py for tasks to queue
[2021-06-21 19:23:05,636] {logging_mixin.py:104} INFO - [2021-06-21 19:23:05,636] {dagbag.py:487} INFO - Filling up the DagBag from /home/airflow/.local/lib/python3.6/site-packages/airflow/example_dags/tutorial.py
[2021-06-21 19:23:05,651] {scheduler_job.py:643} INFO - DAG(s) dict_keys(['tutorial']) retrieved from /home/airflow/.local/lib/python3.6/site-packages/airflow/example_dags/tutorial.py
[2021-06-21 19:23:05,677] {logging_mixin.py:104} INFO - [2021-06-21 19:23:05,677] {dag.py:1832} INFO - Sync 1 DAGs
[2021-06-21 19:23:05,698] {logging_mixin.py:104} INFO - [2021-06-21 19:23:05,698] {dag.py:2305} INFO - Setting next_dagrun for tutorial to 2021-06-19 00:00:00+00:00
[2021-06-21 19:23:05,727] {scheduler_job.py:190} INFO - Processing /home/airflow/.local/lib/python3.6/site-packages/airflow/example_dags/tutorial.py took 0.097 seconds
[2021-06-21 19:23:36,059] {scheduler_job.py:182} INFO - Started process (PID=3468) to work on /home/airflow/.local/lib/python3.6/site-packages/airflow/example_dags/tutorial.py
[2021-06-21 19:23:36,061] {scheduler_job.py:633} INFO - Processing file /home/airflow/.local/lib/python3.6/site-packages/airflow/example_dags/tutorial.py for tasks to queue
[2021-06-21 19:23:36,063] {logging_mixin.py:104} INFO - [2021-06-21 19:23:36,063] {dagbag.py:487} INFO - Filling up the DagBag from /home/airflow/.local/lib/python3.6/site-packages/airflow/example_dags/tutorial.py
[2021-06-21 19:23:36,099] {scheduler_job.py:643} INFO - DAG(s) dict_keys(['tutorial']) retrieved from /home/airflow/.local/lib/python3.6/site-packages/airflow/example_dags/tutorial.py
[2021-06-21 19:23:36,170] {logging_mixin.py:104} INFO - [2021-06-21 19:23:36,170] {dag.py:1832} INFO - Sync 1 DAGs
[2021-06-21 19:23:36,224] {logging_mixin.py:104} INFO - [2021-06-21 19:23:36,224] {dag.py:2305} INFO - Setting next_dagrun for tutorial to 2021-06-19 00:00:00+00:00
[2021-06-21 19:23:36,260] {scheduler_job.py:190} INFO - Processing /home/airflow/.local/lib/python3.6/site-packages/airflow/example_dags/tutorial.py took 0.210 seconds
